<?xml version="1.0" encoding="UTF-8" ?>
<testsuite tests="2" failures="0" name="LoadABSDotStatStructure" time="1,696.991" errors="1" skipped="0">
  <properties>
    <property name="java.runtime.name" value="OpenJDK Runtime Environment"/>
    <property name="java.vm.version" value="11.0.6+10-post-Ubuntu-1ubuntu118.04.1"/>
    <property name="sun.boot.library.path" value="/usr/lib/jvm/java-11-openjdk-amd64/lib"/>
    <property name="maven.multiModuleProjectDirectory" value="/home/james/Documents/NetBeansProjects/sdmx-gateway"/>
    <property name="java.vm.vendor" value="Ubuntu"/>
    <property name="java.vendor.url" value="https://ubuntu.com/"/>
    <property name="guice.disable.misplaced.annotation.check" value="true"/>
    <property name="path.separator" value=":"/>
    <property name="java.vm.name" value="OpenJDK 64-Bit Server VM"/>
    <property name="sun.os.patch.level" value="unknown"/>
    <property name="user.country" value="AU"/>
    <property name="sun.java.launcher" value="SUN_STANDARD"/>
    <property name="test" value="LoadABSDotStatStructure"/>
    <property name="java.vm.specification.name" value="Java Virtual Machine Specification"/>
    <property name="user.dir" value="/home/james/Documents/NetBeansProjects/sdmx-gateway"/>
    <property name="java.vm.compressedOopsMode" value="32-bit"/>
    <property name="java.runtime.version" value="11.0.6+10-post-Ubuntu-1ubuntu118.04.1"/>
    <property name="java.awt.graphicsenv" value="sun.awt.X11GraphicsEnvironment"/>
    <property name="os.arch" value="amd64"/>
    <property name="java.io.tmpdir" value="/tmp"/>
    <property name="line.separator" value="
"/>
    <property name="java.vm.specification.vendor" value="Oracle Corporation"/>
    <property name="os.name" value="Linux"/>
    <property name="maven.ext.class.path" value="/home/james/netbeans-11.3/netbeans/java/maven-nblib/netbeans-eventspy.jar"/>
    <property name="classworlds.conf" value="/home/james/netbeans-11.3/netbeans/java/maven/bin/m2.conf"/>
    <property name="sun.jnu.encoding" value="UTF-8"/>
    <property name="java.library.path" value="/usr/java/packages/lib:/usr/lib/x86_64-linux-gnu/jni:/lib/x86_64-linux-gnu:/usr/lib/x86_64-linux-gnu:/usr/lib/jni:/lib:/usr/lib"/>
    <property name="jdk.debug" value="release"/>
    <property name="java.class.version" value="55.0"/>
    <property name="java.specification.name" value="Java Platform API Specification"/>
    <property name="sun.management.compiler" value="HotSpot 64-Bit Tiered Compilers"/>
    <property name="os.version" value="4.15.0-88-generic"/>
    <property name="user.home" value="/home/james"/>
    <property name="user.timezone" value="Australia/Perth"/>
    <property name="java.awt.printerjob" value="sun.print.PSPrinterJob"/>
    <property name="file.encoding" value="UTF-8"/>
    <property name="java.specification.version" value="11"/>
    <property name="user.name" value="james"/>
    <property name="java.class.path" value="/home/james/netbeans-11.3/netbeans/java/maven/boot/plexus-classworlds-2.5.2.jar"/>
    <property name="java.vm.specification.version" value="11"/>
    <property name="sun.arch.data.model" value="64"/>
    <property name="sun.java.command" value="org.codehaus.plexus.classworlds.launcher.Launcher -Dtest=LoadABSDotStatStructure -Dmaven.ext.class.path=/home/james/netbeans-11.3/netbeans/java/maven-nblib/netbeans-eventspy.jar test-compile surefire:test"/>
    <property name="java.home" value="/usr/lib/jvm/java-11-openjdk-amd64"/>
    <property name="user.language" value="en"/>
    <property name="java.specification.vendor" value="Oracle Corporation"/>
    <property name="awt.toolkit" value="sun.awt.X11.XToolkit"/>
    <property name="java.vm.info" value="mixed mode, sharing"/>
    <property name="java.version" value="11.0.6"/>
    <property name="securerandom.source" value="file:/dev/./urandom"/>
    <property name="java.vendor" value="Ubuntu"/>
    <property name="maven.home" value="/home/james/netbeans-11.3/netbeans/java/maven"/>
    <property name="file.separator" value="/"/>
    <property name="java.version.date" value="2020-01-14"/>
    <property name="java.vendor.url.bug" value="https://bugs.launchpad.net/ubuntu/+source/openjdk-lts"/>
    <property name="sun.io.unicode.encoding" value="UnicodeLittle"/>
    <property name="sun.cpu.endian" value="little"/>
    <property name="sun.desktop" value="gnome"/>
    <property name="sun.cpu.isalist" value=""/>
  </properties>
  <testcase classname="LoadABSDotStatStructure" name="doTest" time="1,696.991">
    <error message="Null Stream" type="java.lang.IllegalArgumentException">java.lang.IllegalArgumentException: Null Stream
	at sdmx.SdmxIO.parseStructure(SdmxIO.java:200)
	at sdmx.net.service.sdw.Sdmx20SOAPQueryable.find(Sdmx20SOAPQueryable.java:330)
	at LoadABSDotStatStructure.doTest(LoadABSDotStatStructure.java:196)
	at java.base/jdk.internal.reflect.NativeMethodAccessorImpl.invoke0(Native Method)
	at java.base/jdk.internal.reflect.NativeMethodAccessorImpl.invoke(NativeMethodAccessorImpl.java:62)
	at java.base/jdk.internal.reflect.DelegatingMethodAccessorImpl.invoke(DelegatingMethodAccessorImpl.java:43)
	at java.base/java.lang.reflect.Method.invoke(Method.java:566)
	at org.junit.runners.model.FrameworkMethod$1.runReflectiveCall(FrameworkMethod.java:50)
	at org.junit.internal.runners.model.ReflectiveCallable.run(ReflectiveCallable.java:12)
	at org.junit.runners.model.FrameworkMethod.invokeExplosively(FrameworkMethod.java:47)
	at org.junit.internal.runners.statements.InvokeMethod.evaluate(InvokeMethod.java:17)
	at org.junit.runners.ParentRunner.runLeaf(ParentRunner.java:325)
	at org.junit.runners.BlockJUnit4ClassRunner.runChild(BlockJUnit4ClassRunner.java:78)
	at org.junit.runners.BlockJUnit4ClassRunner.runChild(BlockJUnit4ClassRunner.java:57)
	at org.junit.runners.ParentRunner$3.run(ParentRunner.java:290)
	at org.junit.runners.ParentRunner$1.schedule(ParentRunner.java:71)
	at org.junit.runners.ParentRunner.runChildren(ParentRunner.java:288)
	at org.junit.runners.ParentRunner.access$000(ParentRunner.java:58)
	at org.junit.runners.ParentRunner$2.evaluate(ParentRunner.java:268)
	at org.junit.internal.runners.statements.RunBefores.evaluate(RunBefores.java:26)
	at org.junit.internal.runners.statements.RunAfters.evaluate(RunAfters.java:27)
	at org.junit.runners.ParentRunner.run(ParentRunner.java:363)
	at org.apache.maven.surefire.junit4.JUnit4Provider.execute(JUnit4Provider.java:252)
	at org.apache.maven.surefire.junit4.JUnit4Provider.executeTestSet(JUnit4Provider.java:141)
	at org.apache.maven.surefire.junit4.JUnit4Provider.invoke(JUnit4Provider.java:112)
	at java.base/jdk.internal.reflect.NativeMethodAccessorImpl.invoke0(Native Method)
	at java.base/jdk.internal.reflect.NativeMethodAccessorImpl.invoke(NativeMethodAccessorImpl.java:62)
	at java.base/jdk.internal.reflect.DelegatingMethodAccessorImpl.invoke(DelegatingMethodAccessorImpl.java:43)
	at java.base/java.lang.reflect.Method.invoke(Method.java:566)
	at org.apache.maven.surefire.util.ReflectionUtils.invokeMethodWithArray(ReflectionUtils.java:189)
	at org.apache.maven.surefire.booter.ProviderFactory$ProviderProxy.invoke(ProviderFactory.java:165)
	at org.apache.maven.surefire.booter.ProviderFactory.invokeProvider(ProviderFactory.java:85)
	at org.apache.maven.surefire.booter.ForkedBooter.runSuitesInProcess(ForkedBooter.java:115)
	at org.apache.maven.surefire.booter.ForkedBooter.main(ForkedBooter.java:75)
</error>
    <system-out>Header=&lt;message:Structure xmlns=&quot;http://www.SDMX.org/resources/SDMXML/schemas/v2_0/structure&quot; xmlns:common=&quot;http://www.SDMX.org/resources/SDMXML/schemas/v2_0/common&quot; xsi:schemaLocation=&quot;http://www.SDMX.org/resources/SDMXML/schemas/v2_0/structure http://www.sdmx.org/docs/2_0/SDMXStructure.xsd http://www.SDMX.org/resources/SDMXML/schemas/v2_0/message http://www.sdmx.org/docs/2_0/SDMXMessage.xsd&quot; xmlns:xsi=&quot;http://www.w3.org/2001/XMLSchema-instance&quot; xmlns:message=&quot;http://www.SDMX.org/resources/SDMXML/schemas/v2_0/message&quot;&gt;&lt;Header xmlns=&quot;http://www.SDMX.org/resources/SDMXML/schemas/v2_0/message&quot;&gt;&lt;ID&gt;none&lt;!--Statistical usage warning
ABS.Stat beta is continuing to be developed.  Data will be updated as soon as possible following its 11:30 am release on the ABS website.
--&gt;&lt;/ID&gt;&lt;Test&gt;false&lt;/Test&gt;&lt;Truncated&gt;false&lt;/Truncated&gt;&lt;Prepared&gt;2020-03-17T00:59:25&lt;/Prepared&gt;&lt;Sender id=&quot;ABS&quot;&gt;&lt;Name xml:lang=&quot;en&quot;&gt;Australian Bureau of Statistics&lt;/Name&gt;&lt;Name xml:lang=&quot;fr&quot;&gt;Australian Bureau of Statistics&lt;/Name&gt;&lt;/Sender&gt;&lt;/Header&gt;&lt;message:KeyFamilies&gt;&lt;KeyFamily id=&quot;ATSI_BIRTHS_SUMM&quot; agencyID=&quot;ABS&quot;&gt;&lt;Name xml:lang=&quot;en&quot;&gt;Aboriginal and Torres Strait Islander births and confinements, summary, by state&lt;/Name&gt;&lt;Name xml:lang=&quot;fr&quot;&gt;Aboriginal and Torres Strait Islander births and confinements, summary, by state&lt;/Name&gt;&lt;Annotations&gt;&lt;common:Annotation&gt;&lt;common:AnnotationTitle&gt;Statistical usage warning&lt;/common:AnnotationTitle&gt;&lt;common:AnnotationText&gt;ABS.Stat beta is continuing to be developed.  Data will be updated as soon as possible following its 11:30 am release on the ABS website.&lt;/common:AnnotationText&gt;&lt;/common:Annotation&gt;&lt;/Annotations&gt;&lt;/KeyFamily&gt;&lt;KeyFamily id=&quot;ATSI_FERTILITY&quot; agencyID=&quot;ABS&quot;&gt;&lt;Name xml:lang=&quot;en&quot;&gt;Aboriginal and Torres Strait Islander fertility, by age, by state&lt;/Name&gt;&lt;Name xml:lang=&quot;fr&quot;&gt;Aboriginal and Torres Strait Islander fertility, by age, by state&lt;/Name&gt;&lt;Annotations&gt;&lt;common:Annotation&gt;&lt;common:AnnotationTitle&gt;Statistical usage warning&lt;/common:AnnotationTitle&gt;&lt;common:AnnotationText&gt;ABS.Stat beta is continuing to be developed.  Data will be updated as soon as possible following its 11:30 am release on the ABS website.&lt;/common:AnnotationText&gt;&lt;/common:Annotation&gt;&lt;/Annotations&gt;&lt;/KeyFamily&gt;&lt;KeyFamily id=&quot;ALC&quot; agencyID=&quot;ABS&quot;&gt;&lt;Name xml:lang=&quot;en&quot;&gt;Apparent Consumption of Alcohol, Australia&lt;/Name&gt;&lt;Name xml:lang=&quot;fr&quot;&gt;Apparent Consumption of Alcohol, Australia&lt;/Name&gt;&lt;Annotations&gt;&lt;common:Annotation&gt;&lt;common:AnnotationTitle&gt;Statistical usage warning&lt;/common:AnnotationTitle&gt;&lt;common:AnnotationText&gt;ABS.Stat beta is continuing to be developed.  Data will be updated as soon as possible following its 11:30 am release on the ABS website.&lt;/common:AnnotationText&gt;&lt;/common:Annotation&gt;&lt;/Annotations&gt;&lt;/KeyFamily&gt;&lt;KeyFamily id=&quot;ABS_ACLD_LFSTATUS&quot; agencyID=&quot;ABS&quot;&gt;&lt;Name xml:lang=&quot;en&quot;&gt;Australian Census Longitudinal Dataset (ACLD): Labour force status, 2006-2011&lt;/Name&gt;&lt;Name xml:lang=&quot;fr&quot;&gt;Australian Census Longitudinal Dataset (ACLD): Labour force status, 2006-2011&lt;/Name&gt;&lt;Annotations&gt;&lt;common:Annotation&gt;&lt;common:AnnotationTitle&gt;Statistical usage warning&lt;/common:AnnotationTitle&gt;&lt;common:AnnotationText&gt;ABS.Stat beta is continuing to be developed.  Data will be updated as soon as possible following its 11:30 am release on the ABS website.&lt;/common:AnnotationText&gt;&lt;/common:Annotation&gt;&lt;/Annotations&gt;&lt;/KeyFamily&gt;&lt;KeyFamily id=&quot;ABS_ACLD_TENURE&quot; agencyID=&quot;ABS&quot;&gt;&lt;Name xml:lang=&quot;en&quot;&gt;Australian Census Longitudinal Dataset (ACLD): Tenure and landlord type, 2006-2011&lt;/Name&gt;&lt;Name xml:lang=&quot;fr&quot;&gt;Australian Census Longitudinal Dataset (ACLD): Tenure and landlord type, 2006-2011&lt;/Name&gt;&lt;Annotations&gt;&lt;common:Annotation&gt;&lt;common:AnnotationTitle&gt;Statistical usage warning&lt;/common:AnnotationTitle&gt;&lt;common:AnnotationText&gt;ABS.Stat beta is continuing to be developed.  Data will be updated as soon as possible following its 11:30 am release on the ABS website.&lt;/common:AnnotationText&gt;&lt;/common:Annotation&gt;&lt;/Annotations&gt;&lt;/KeyFamily&gt;&lt;KeyFamily id=&quot;ABS_ACLD_UNPAIDASST&quot; agencyID=&quot;ABS&quot;&gt;&lt;Name xml:lang=&quot;en&quot;&gt;Australian Census Longitudinal Dataset (ACLD): Unpaid assistance to a person with disability, 2006-2011&lt;/Name&gt;&lt;Name xml:lang=&quot;fr&quot;&gt;Australian Census Longitudinal Dataset (ACLD): Unpaid assistance to a person with disability, 2006-2011&lt;/Name&gt;&lt;Annotations&gt;&lt;common:Annotation&gt;&lt;common:AnnotationTitle&gt;Statistical usage warning&lt;/common:AnnotationTitle&gt;&lt;common:AnnotationText&gt;ABS.Stat beta is continuing to be developed.  Data will be updated as soon as possible following its 11:30 am release on the ABS website.&lt;/common:AnnotationText&gt;&lt;/common:Annotation&gt;&lt;/Annotations&gt;&lt;/KeyFamily&gt;&lt;KeyFamily id=&quot;ABS_ACLD_VOLWORK&quot; agencyID=&quot;ABS&quot;&gt;&lt;Name xml:lang=&quot;en&quot;&gt;Australian Census Longitudinal Dataset (ACLD): Voluntary work for an organisation or group, 2006-2011&lt;/Name&gt;&lt;Name xml:lang=&quot;fr&quot;&gt;Australian Census Longitudinal Dataset (ACLD): Voluntary work for an organisation or group, 2006-2011&lt;/Name&gt;&lt;Annotations&gt;&lt;common:Annotation&gt;&lt;common:AnnotationTitle&gt;Statistical usage warning&lt;/common:AnnotationTitle&gt;&lt;common:AnnotationText&gt;ABS.Stat beta is continuing to be developed.  Data will be updated as soon as possible following its 11:30 am release on the ABS website.&lt;/common:AnnotationText&gt;&lt;/common:Annotation&gt;&lt;/Annotations&gt;&lt;/KeyFamily&gt;&lt;KeyFamily id=&quot;AMLPS_PART_2017&quot; agencyID=&quot;ABS&quot;&gt;&lt;Name xml:lang=&quot;en&quot;&gt;Australian Marriage Law Postal Survey 2017 - Participation&lt;/Name&gt;&lt;Name xml:lang=&quot;fr&quot;&gt;Australian Marriage Law Postal Survey 2017 - Participation&lt;/Name&gt;&lt;Annotations&gt;&lt;common:Annotation&gt;&lt;common:AnnotationTitle&gt;Statistical usage warning&lt;/common:AnnotationTitle&gt;&lt;common:AnnotationText&gt;ABS.Stat beta is continuing to be developed.  Data will be updated as soon as possible following its 11:30 am release on the ABS website.&lt;/common:AnnotationText&gt;&lt;/common:Annotation&gt;&lt;/Annotations&gt;&lt;/KeyFamily&gt;&lt;KeyFamily id=&quot;AMLPS_RESP_2017&quot; agencyID=&quot;ABS&quot;&gt;&lt;Name xml:lang=&quot;en&quot;&gt;Australian Marriage Law Postal Survey 2017 - Response&lt;/Name&gt;&lt;Name xml:lang=&quot;fr&quot;&gt;Australian Marriage Law Postal Survey 2017 - Response&lt;/Name&gt;&lt;Annotations&gt;&lt;common:Annotation&gt;&lt;common:AnnotationTitle&gt;Statistical usage warning&lt;/common:AnnotationTitle&gt;&lt;common:AnnotationText&gt;ABS.Stat beta is continuing to be developed.  Data will be updated as soon as possible following its 11:30 am release on the ABS website.&lt;/common:AnnotationText&gt;&lt;/common:Annotation&gt;&lt;/Annotations&gt;&lt;/KeyFamily&gt;&lt;KeyFamily id=&quot;ABS_CENSUS2011_B01&quot; agencyID=&quot;ABS&quot;&gt;&lt;Name xml:lang=&quot;en&quot;&gt;B01 Selected Person Characteristics&lt;/Name&gt;&lt;Name xml:lang=&quot;fr&quot;&gt;B01 Selected Person Characteristics&lt;/Name&gt;&lt;Annotations&gt;&lt;common:Annotation&gt;&lt;common:AnnotationTitle&gt;Statistical usage warning&lt;/common:AnnotationTitle&gt;&lt;common:AnnotationText&gt;ABS.Stat beta is continuing to be developed.  Data will be updated as soon as possible following its 11:30 am release on the ABS website.&lt;/common:AnnotationText&gt;&lt;/common:Annotation&gt;&lt;/Annotations&gt;&lt;/KeyFamily&gt;&lt;KeyFamily id=&quot;ABS_CENSUS2011_B01_LGA&quot; agencyID=&quot;ABS&quot;&gt;&lt;Name xml:lang=&quot;en&quot;&gt;B01 Selected Person Characteristics (LGA)&lt;/Name&gt;&lt;Name xml:lang=&quot;fr&quot;&gt;B01 Selected Person Characteristics (LGA)&lt;/Name&gt;&lt;Annotations&gt;&lt;common:Annotation&gt;&lt;common:AnnotationTitle&gt;Statistical usage warning&lt;/common:AnnotationTitle&gt;&lt;common:AnnotationText&gt;ABS.Stat beta is continuing to be developed.  Data will be updated as soon as possible following its 11:30 am release on the ABS website.&lt;/common:AnnotationText&gt;&lt;/common:Annotation&gt;&lt;/Annotations&gt;&lt;/KeyFamily&gt;&lt;KeyFamily id=&quot;ABS_CENSUS2011_B01_SA1_SA&quot; agencyID=&quot;ABS&quot;&gt;&lt;Name xml:lang=&quot;en&quot;&gt;B01 Selected Person Characteristics(SA1 SA)&lt;/Name&gt;&lt;Name xml:lang=&quot;fr&quot;&gt;B01 Selected Person Characteristics(SA1 SA)&lt;/Name&gt;&lt;Annotations&gt;&lt;common:Annotation&gt;&lt;common:AnnotationTitle&gt;Statistical usage warning&lt;/common:AnnotationTitle&gt;&lt;common:AnnotationText&gt;ABS.Stat beta is continuing to be developed.  Data will be updated as soon as possible following its 11:30 am release on the ABS website.&lt;/common:AnnotationText&gt;&lt;/common:Annotation&gt;&lt;/Annotations&gt;&lt;/KeyFamily&gt;&lt;KeyFamily id=&quot;ABS_CENSUS2011_B02&quot; agencyID=&quot;ABS&quot;&gt;&lt;Name xml:lang=&quot;en&quot;&gt;B02 Selected Medians and Averages&lt;/Name&gt;&lt;Name xml:lang=&quot;fr&quot;&gt;B02 Selected Medians and Averages&lt;/Name&gt;&lt;Annotations&gt;&lt;common:Annotation&gt;&lt;common:AnnotationTitle&gt;Statistical usage warning&lt;/common:AnnotationTitle&gt;&lt;common:AnnotationText&gt;ABS.Stat beta is continuing to be develo
[EL Info]: 2020-03-17 08:59:25.783--ServerSession(467401150)--EclipseLink, version: Eclipse Persistence Services - 2.7.6.v20200131-b7c997804f
[EL Info]: connection: 2020-03-17 08:59:26.019--ServerSession(467401150)--/file:/home/james/Documents/NetBeansProjects/sdmx-gateway/target/classes/_sdmxgatewayPU login successful
[sdmx.gateway.entities.Language[ lang=en ], sdmx.gateway.entities.Language[ lang=fr ], sdmx.gateway.entities.Language[ lang=it ]]
Loading Codelists
Loading Concepts
Loading DataStructures
Data Structures Is Null
Loading Dataflows
Loading: Aboriginal and Torres Strait Islander births and confinements, summary, by state
Header=&lt;message:Structure xmlns=&quot;http://www.SDMX.org/resources/SDMXML/schemas/v2_0/structure&quot; xmlns:common=&quot;http://www.SDMX.org/resources/SDMXML/schemas/v2_0/common&quot; xsi:schemaLocation=&quot;http://www.SDMX.org/resources/SDMXML/schemas/v2_0/structure http://www.sdmx.org/docs/2_0/SDMXStructure.xsd http://www.SDMX.org/resources/SDMXML/schemas/v2_0/message http://www.sdmx.org/docs/2_0/SDMXMessage.xsd&quot; xmlns:xsi=&quot;http://www.w3.org/2001/XMLSchema-instance&quot; xmlns:message=&quot;http://www.SDMX.org/resources/SDMXML/schemas/v2_0/message&quot;&gt;&lt;Header xmlns=&quot;http://www.SDMX.org/resources/SDMXML/schemas/v2_0/message&quot;&gt;&lt;ID&gt;none&lt;!--Statistical usage warning
ABS.Stat beta is continuing to be developed.  Data will be updated as soon as possible following its 11:30 am release on the ABS website.
--&gt;&lt;/ID&gt;&lt;Test&gt;false&lt;/Test&gt;&lt;Truncated&gt;false&lt;/Truncated&gt;&lt;Prepared&gt;2020-03-17T00:59:39&lt;/Prepared&gt;&lt;Sender id=&quot;ABS&quot;&gt;&lt;Name xml:lang=&quot;en&quot;&gt;Australian Bureau of Statistics&lt;/Name&gt;&lt;Name xml:lang=&quot;fr&quot;&gt;Australian Bureau of Statistics&lt;/Name&gt;&lt;/Sender&gt;&lt;/Header&gt;&lt;message:CodeLists&gt;&lt;CodeList id=&quot;CL_ATSI_BIRTHS_SUMM_MEASURE&quot; agencyID=&quot;ABS&quot;&gt;&lt;Name xml:lang=&quot;en&quot;&gt;Measure&lt;/Name&gt;&lt;Name xml:lang=&quot;fr&quot;&gt;Measure&lt;/Name&gt;&lt;Code value=&quot;1&quot;&gt;&lt;Description xml:lang=&quot;en&quot;&gt;Births&lt;/Description&gt;&lt;Description xml:lang=&quot;fr&quot;&gt;Births&lt;/Description&gt;&lt;/Code&gt;&lt;Code value=&quot;4&quot;&gt;&lt;Description xml:lang=&quot;en&quot;&gt;Male births&lt;/Description&gt;&lt;Description xml:lang=&quot;fr&quot;&gt;Male births&lt;/Description&gt;&lt;/Code&gt;&lt;Code value=&quot;5&quot;&gt;&lt;Description xml:lang=&quot;en&quot;&gt;Female births&lt;/Description&gt;&lt;Description xml:lang=&quot;fr&quot;&gt;Female births&lt;/Description&gt;&lt;/Code&gt;&lt;Code value=&quot;7&quot;&gt;&lt;Description xml:lang=&quot;en&quot;&gt;Nuptial births&lt;/Description&gt;&lt;Description xml:lang=&quot;fr&quot;&gt;Nuptial births&lt;/Description&gt;&lt;/Code&gt;&lt;Code value=&quot;8&quot;&gt;&lt;Description xml:lang=&quot;en&quot;&gt;Ex-nuptial births&lt;/Description&gt;&lt;Description xml:lang=&quot;fr&quot;&gt;Ex-nuptial births&lt;/Description&gt;&lt;/Code&gt;&lt;Code value=&quot;9&quot;&gt;&lt;Description xml:lang=&quot;en&quot;&gt;Ex-nuptial, paternity acknowledged births&lt;/Description&gt;&lt;Description xml:lang=&quot;fr&quot;&gt;Ex-nuptial, paternity acknowledged births&lt;/Description&gt;&lt;/Code&gt;&lt;Code value=&quot;10&quot;&gt;&lt;Description xml:lang=&quot;en&quot;&gt;Ex-nuptial, paternity not acknowledged births&lt;/Description&gt;&lt;Description xml:lang=&quot;fr&quot;&gt;Ex-nuptial, paternity not acknowledged births&lt;/Description&gt;&lt;/Code&gt;&lt;Code value=&quot;13&quot;&gt;&lt;Description xml:lang=&quot;en&quot;&gt;Confinements&lt;/Description&gt;&lt;Description xml:lang=&quot;fr&quot;&gt;Confinements&lt;/Description&gt;&lt;/Code&gt;&lt;Code value=&quot;14&quot;&gt;&lt;Description xml:lang=&quot;en&quot;&gt;Median age of mother&lt;/Description&gt;&lt;Description xml:lang=&quot;fr&quot;&gt;Median age of mother&lt;/Description&gt;&lt;/Code&gt;&lt;Code value=&quot;15&quot;&gt;&lt;Description xml:lang=&quot;en&quot;&gt;Median age of father&lt;/Description&gt;&lt;Description xml:lang=&quot;fr&quot;&gt;Median age of father&lt;/Description&gt;&lt;/Code&gt;&lt;Code value=&quot;18&quot;&gt;&lt;Description xml:lang=&quot;en&quot;&gt;Births where both parents are Aboriginal or Torres Strait Islander&lt;/Description&gt;&lt;Description xml:lang=&quot;fr&quot;&gt;Births where both are parents Aboriginal or Torres Strait Islander&lt;/Description&gt;&lt;/Code&gt;&lt;Code value=&quot;19&quot;&gt;&lt;Description xml:lang=&quot;en&quot;&gt;Births where only mother is Aboriginal or Torres Strait Islander&lt;/Description&gt;&lt;Description xml:lang=&quot;fr&quot;&gt;Births where only mother is Aboriginal or Torres Strait Islander&lt;/Description&gt;&lt;/Code&gt;&lt;Code value=&quot;20&quot;&gt;&lt;Description xml:lang=&quot;en&quot;&gt;Births where only father is Aboriginal or Torres Strait Islander&lt;/Description&gt;&lt;Description xml:lang=&quot;fr&quot;&gt;Births where only father is Aboriginal or Torres Strait Islander&lt;/Description&gt;&lt;/Code&gt;&lt;/CodeList&gt;&lt;CodeList id=&quot;CL_ATSI_BIRTHS_SUMM_INDIGENOUS_STATUS&quot; agencyID=&quot;ABS&quot;&gt;&lt;Name xml:lang=&quot;en&quot;&gt;Indigenous status&lt;/Name&gt;&lt;Name xml:lang=&quot;fr&quot;&gt;Indigenous status&lt;/Name&gt;&lt;Code value=&quot;IM&quot;&gt;&lt;Description xml:lang=&quot;en&quot;&gt;Births to Aboriginal and Torres Strait Islander mothers&lt;/Description&gt;&lt;Description xml:lang=&quot;fr&quot;&gt;Births to Aboriginal and Torres Strait Islander mothers&lt;/Description&gt;&lt;/Code&gt;&lt;Code value=&quot;IB&quot;&gt;&lt;Description xml:lang=&quot;en&quot;&gt;Aboriginal and Torres Strait Islander births&lt;/Description&gt;&lt;Description xml:lang=&quot;fr&quot;&gt;Aboriginal and Torres Strait Islander births&lt;/Description&gt;&lt;/Code&gt;&lt;/CodeList&gt;&lt;CodeList id=&quot;CL_ATSI_BIRTHS_SUMM_ASGS_2011&quot; agencyID=&quot;ABS&quot;&gt;&lt;Name xml:lang=&quot;en&quot;&gt;Region&lt;/Name&gt;&lt;Name xml:lang=&quot;fr&quot;&gt;Region&lt;/Name&gt;&lt;Code value=&quot;0&quot;&gt;&lt;Description xml:lang=&quot;en&quot;&gt;Australia&lt;/Description&gt;&lt;Description xml:lang=&quot;fr&quot;&gt;Australia&lt;/Description&gt;&lt;/Code&gt;&lt;Code value=&quot;1&quot; parentCode=&quot;0&quot;&gt;&lt;Description xml:lang=&quot;en&quot;&gt;New South Wales&lt;/Description&gt;&lt;Description xml:lang=&quot;fr&quot;&gt;New South Wales&lt;/Description&gt;&lt;/Code&gt;&lt;Code value=&quot;2&quot; parentCode=&quot;0&quot;&gt;&lt;Description xml:lang=&quot;en&quot;&gt;Victoria&lt;/Description&gt;&lt;Description xml:lang=&quot;fr&quot;&gt;Victoria&lt;/Description&gt;&lt;/Code&gt;&lt;Code value=&quot;3&quot; parentCode=&quot;0&quot;&gt;&lt;Description xml:lang=&quot;en&quot;&gt;Queensland&lt;/Description&gt;&lt;Description xml:lang=&quot;fr&quot;&gt;Queensland&lt;/Description&gt;&lt;/Code&gt;&lt;Code value=&quot;4&quot; parentCode=&quot;0&quot;&gt;&lt;Description xml:lang=&quot;en&quot;&gt;South Australia&lt;/Description&gt;&lt;Description xml:lang=&quot;fr&quot;&gt;South Australia&lt;/Description&gt;&lt;/Code&gt;&lt;Code value=&quot;5&quot; parentCode=&quot;0&quot;&gt;&lt;Description xml:lang=&quot;en&quot;&gt;Western Australia&lt;/Description&gt;&lt;Description xml:lang=&quot;fr&quot;&gt;Western Australia&lt;/Description&gt;&lt;/Code&gt;&lt;Code value=&quot;6&quot; parentCode=&quot;0&quot;&gt;&lt;Description xml:lang=&quot;en&quot;&gt;Tasmania&lt;/Description&gt;&lt;Description xml:lang=&quot;fr&quot;&gt;Tasmania&lt;/Description&gt;&lt;/Code&gt;&lt;Code value=&quot;7&quot; parentCode=&quot;0&quot;&gt;&lt;Description xml:lang=&quot;en&quot;&gt;Northern Territory&lt;/Description&gt;&lt;Description xml:lang=&quot;fr&quot;&gt;Northern Territory&lt;/Description&gt;&lt;/Code&gt;&lt;/CodeList&gt;&lt;CodeList id=&quot;CL_ATSI_BIRTHS_SUMM_FREQUENCY&quot; agencyID=&quot;ABS&quot;&gt;&lt;Name xml:lang=&quot;en&quot;&gt;Frequency&lt;/Name&gt;&lt;Name xml:lang=&quot;fr&quot;&gt;Fréquence&lt;/Name&gt;&lt;Code value=&quot;A&quot;&gt;&lt;Description xml:lang=&quot;en&quot;&gt;Annual&lt;/Description&gt;&lt;Description xml:lang=&quot;fr&quot;&gt;Annuelle&lt;/Description&gt;&lt;/Code&gt;&lt;/CodeList&gt;&lt;CodeList id=&quot;CL_ATSI_BIRTHS_SUMM_TIME&quot; agencyID=&quot;ABS&quot;&gt;&lt;Name xml:lang=&quot;en&quot;&gt;Time&lt;/Name&gt;&lt;Name xml:lang=&quot;fr&quot;&gt;Temps&lt;/Name&gt;&lt;Code value=&quot;2001&quot;&gt;&lt;Description xml:lang=&quot;en&quot;&gt;2001&lt;/Description&gt;&lt;Description xml:lang=&quot;fr&quot;&gt;2001&lt;/Description&gt;&lt;/Code&gt;&lt;Code value=&quot;2002&quot;&gt;&lt;Description xml:lang=&quot;en&quot;&gt;2002&lt;/Description&gt;&lt;Description xml:lang=&quot;fr&quot;&gt;2002&lt;/Description&gt;&lt;/Code&gt;&lt;Code value=&quot;2003&quot;&gt;&lt;Description xml:lang=&quot;en&quot;&gt;2003&lt;/Description&gt;&lt;Description xml:lang=&quot;fr&quot;&gt;2003&lt;/Description&gt;&lt;/Code&gt;&lt;Code value=&quot;2004&quot;&gt;&lt;Description xml:lang=&quot;en&quot;&gt;2004&lt;/Description&gt;&lt;Description xml:lang=&quot;fr&quot;&gt;2004&lt;/Description&gt;&lt;/Code&gt;&lt;Code value=&quot;2005&quot;&gt;&lt;Description xml:lang=&quot;en&quot;&gt;2005&lt;/Description&gt;&lt;Description xml:lang=&quot;fr&quot;&gt;2005&lt;/Description&gt;&lt;/Code&gt;&lt;Code value=&quot;2006&quot;&gt;&lt;Description xml:lang=&quot;en&quot;&gt;2006&lt;/Description&gt;&lt;Description xml:lang=&quot;fr&quot;&gt;2006&lt;/Description&gt;&lt;/Code&gt;&lt;Code value=&quot;2007&quot;&gt;&lt;Description xml:lang=&quot;en&quot;&gt;2007&lt;/Description&gt;&lt;Description xml:lang=&quot;fr&quot;&gt;2007&lt;/Description&gt;&lt;/Code&gt;&lt;Code value=&quot;2008&quot;&gt;&lt;Description xml:lang=&quot;en&quot;&gt;2008&lt;/Description&gt;&lt;Description xml:lang=&quot;fr&quot;&gt;2008&lt;/Description&gt;&lt;/Code&gt;&lt;Code value=&quot;2009&quot;&gt;&lt;Description xml:lang=&quot;en&quot;&gt;2009&lt;/Description&gt;&lt;Description xml:lang=&quot;fr&quot;&gt;2009&lt;/Description&gt;&lt;/Code&gt;&lt;Code value=&quot;2010&quot;&gt;&lt;Description xml:lang=&quot;en&quot;&gt;2010&lt;/Description&gt;&lt;Description xml:lang=&quot;fr&quot;&gt;2010&lt;/Description&gt;&lt;/Code&gt;&lt;Code value=&quot;2011&quot;&gt;&lt;Description xml:lang=&quot;en&quot;&gt;2011&lt;/Description&gt;&lt;Description xml:lang=&quot;fr&quot;&gt;2011&lt;/Description&gt;&lt;/Code&gt;&lt;Code value=&quot;2012&quot;&gt;&lt;Description xml:lang=&quot;en&quot;&gt;2012&lt;/Description&gt;&lt;Description xml:lang=&quot;fr&quot;&gt;2012&lt;/Description&gt;&lt;/Code&gt;&lt;Code value=&quot;2013&quot;&gt;&lt;Description xml:lang=&quot;en&quot;&gt;2013&lt;/Description&gt;&lt;Description xml:lang=&quot;fr&quot;&gt;2013&lt;/Description&gt;&lt;/Code&gt;&lt;Code value=&quot;2014&quot;&gt;&lt;Description xml:lang=&quot;en&quot;&gt;2014&lt;/Description&gt;&lt;Description xml:lang=&quot;fr&quot;&gt;2014&lt;/Description&gt;&lt;/Code&gt;&lt;Code value=&quot;2015&quot;&gt;&lt;Description xml:lang=&quot;en&quot;&gt;2015&lt;/Description&gt;&lt;Description xml:lang=&quot;fr&quot;&gt;2015&lt;/Description&gt;&lt;/Code&gt;&lt;Code value=&quot;2016&quot;&gt;&lt;Description xml:lang=&quot;en&quot;&gt;2016&lt;/Description&gt;&lt;Description xml:lang=&quot;fr&quot;&gt;2016&lt;/Description&gt;&lt;/Code&gt;&lt;Code value=&quot;2017&quot;&gt;&lt;Description xml:lang=&quot;en&quot;&gt;2017&lt;/Description&gt;&lt;Description xml:lang=&quot;fr&quot;&gt;2017&lt;/Description&gt;&lt;/Code&gt;&lt;Code value=&quot;2018&quot;&gt;&lt;Description xml:lang=&quot;en&quot;&gt;2018&lt;/Description&gt;&lt;Description xml:lang=&quot;fr&quot;&gt;2018&lt;/Description&gt;&lt;/Code&gt;&lt;/CodeList&gt;&lt;CodeList id=&quot;CL_ATSI_BIRTHS_SUMM_OBS_STATUS&quot; agencyID=&quot;ABS&quot;&gt;&lt;Name xml:lang=&quot;en&quot;&gt;Observation Status&lt;/Name&gt;&lt;/CodeList&gt;&lt;CodeList id=&quot;CL_ATSI_BIRTHS_SUMM_UNIT&quot; agencyID=&quot;ABS&quot;&gt;&lt;Name xml:lang=&quot;en&quot;&gt;ATSI_BIRTHS_SUMM_UNIT codelist&lt;/Name&gt;&lt;Code value=&quot;AED&quot; parentCode=&quot;AED&quot;&gt;&lt;Description xml:lang=&quot;en&quot;&gt;UAE Dirham&lt;/Description&gt;&lt;Description xml:lang=&quot;fr&quot;&gt;Dirham des Émirats arabes unis&lt;/Description&gt;&lt;/Code&gt;&lt;Code value=&quot;AFA&quot; parentCode=&quot;AFA&quot;&gt;&lt;Description xml:lang=&quot;en&quot;&gt;Afghani&lt;/Description&gt;&lt;Description xml:lang=&quot;fr&quot;&gt;Afghani&lt;/Description&gt;&lt;
Input 1 does not match Pattern:[A-z][A-z0-9_\-]* for class:NCNameID
Input 4 does not match Pattern:[A-z][A-z0-9_\-]* for class:NCNameID
Input 5 does not match Pattern:[A-z][A-z0-9_\-]* for class:NCNameID
Input 7 does not match Pattern:[A-z][A-z0-9_\-]* for class:NCNameID
Input 8 does not match Pattern:[A-z][A-z0-9_\-]* for class:NCNameID
Input 9 does not match Pattern:[A-z][A-z0-9_\-]* for class:NCNameID
Input 10 does not match Pattern:[A-z][A-z0-9_\-]* for class:NCNameID
Input 13 does not match Pattern:[A-z][A-z0-9_\-]* for class:NCNameID
Input 14 does not match Pattern:[A-z][A-z0-9_\-]* for class:NCNameID
Input 15 does not match Pattern:[A-z][A-z0-9_\-]* for class:NCNameID
Input 18 does not match Pattern:[A-z][A-z0-9_\-]* for class:NCNameID
Input 19 does not match Pattern:[A-z][A-z0-9_\-]* for class:NCNameID
Input 20 does not match Pattern:[A-z][A-z0-9_\-]* for class:NCNameID
Loading Codelists
Codelist: ABS:CL_ATSI_BIRTHS_SUMM_MEASURE:1.0 already exists
Loading Concepts
Loading DataStructures
DS ABS:ATSI_BIRTHS_SUMM:1.0
Loading Dataflows
Loading: Aboriginal and Torres Strait Islander fertility, by age, by state
Header=&lt;message:Structure xmlns=&quot;http://www.SDMX.org/resources/SDMXML/schemas/v2_0/structure&quot; xmlns:common=&quot;http://www.SDMX.org/resources/SDMXML/schemas/v2_0/common&quot; xsi:schemaLocation=&quot;http://www.SDMX.org/resources/SDMXML/schemas/v2_0/structure http://www.sdmx.org/docs/2_0/SDMXStructure.xsd http://www.SDMX.org/resources/SDMXML/schemas/v2_0/message http://www.sdmx.org/docs/2_0/SDMXMessage.xsd&quot; xmlns:xsi=&quot;http://www.w3.org/2001/XMLSchema-instance&quot; xmlns:message=&quot;http://www.SDMX.org/resources/SDMXML/schemas/v2_0/message&quot;&gt;&lt;Header xmlns=&quot;http://www.SDMX.org/resources/SDMXML/schemas/v2_0/message&quot;&gt;&lt;ID&gt;none&lt;!--Statistical usage warning
ABS.Stat beta is continuing to be developed.  Data will be updated as soon as possible following its 11:30 am release on the ABS website.
--&gt;&lt;/ID&gt;&lt;Test&gt;false&lt;/Test&gt;&lt;Truncated&gt;false&lt;/Truncated&gt;&lt;Prepared&gt;2020-03-17T00:59:40&lt;/Prepared&gt;&lt;Sender id=&quot;ABS&quot;&gt;&lt;Name xml:lang=&quot;en&quot;&gt;Australian Bureau of Statistics&lt;/Name&gt;&lt;Name xml:lang=&quot;fr&quot;&gt;Australian Bureau of Statistics&lt;/Name&gt;&lt;/Sender&gt;&lt;/Header&gt;&lt;message:CodeLists&gt;&lt;CodeList id=&quot;CL_ATSI_FERTILITY_MEASURE&quot; agencyID=&quot;ABS&quot;&gt;&lt;Name xml:lang=&quot;en&quot;&gt;Measure&lt;/Name&gt;&lt;Name xml:lang=&quot;fr&quot;&gt;Measure&lt;/Name&gt;&lt;Code value=&quot;1&quot;&gt;&lt;Description xml:lang=&quot;en&quot;&gt;Births&lt;/Description&gt;&lt;Description xml:lang=&quot;fr&quot;&gt;Births&lt;/Description&gt;&lt;/Code&gt;&lt;Code value=&quot;11&quot;&gt;&lt;Description xml:lang=&quot;en&quot;&gt;Fertility rate&lt;/Description&gt;&lt;Description xml:lang=&quot;fr&quot;&gt;Fertility rate&lt;/Description&gt;&lt;/Code&gt;&lt;/CodeList&gt;&lt;CodeList id=&quot;CL_ATSI_FERTILITY_INDIG_STATUS&quot; agencyID=&quot;ABS&quot;&gt;&lt;Name xml:lang=&quot;en&quot;&gt;Indigenous status&lt;/Name&gt;&lt;Name xml:lang=&quot;fr&quot;&gt;Indigenous status&lt;/Name&gt;&lt;Code value=&quot;IM&quot;&gt;&lt;Description xml:lang=&quot;en&quot;&gt;Births to Aboriginal and Torres Strait Islander mothers&lt;/Description&gt;&lt;Description xml:lang=&quot;fr&quot;&gt;Births to Aboriginal and Torres Strait Islander mothers&lt;/Description&gt;&lt;/Code&gt;&lt;Code value=&quot;IB&quot;&gt;&lt;Description xml:lang=&quot;en&quot;&gt;Aboriginal and Torres Strait Islander births&lt;/Description&gt;&lt;Description xml:lang=&quot;fr&quot;&gt;Aboriginal and Torres Strait Islander births&lt;/Description&gt;&lt;/Code&gt;&lt;/CodeList&gt;&lt;CodeList id=&quot;CL_ATSI_FERTILITY_AGE&quot; agencyID=&quot;ABS&quot;&gt;&lt;Name xml:lang=&quot;en&quot;&gt;Age&lt;/Name&gt;&lt;Name xml:lang=&quot;fr&quot;&gt;Age&lt;/Name&gt;&lt;Code value=&quot;A15&quot;&gt;&lt;Description xml:lang=&quot;en&quot;&gt;15 - 19&lt;/Description&gt;&lt;Description xml:lang=&quot;fr&quot;&gt;15 - 19&lt;/Description&gt;&lt;/Code&gt;&lt;Code value=&quot;A20&quot;&gt;&lt;Description xml:lang=&quot;en&quot;&gt;20 - 24&lt;/Description&gt;&lt;Description xml:lang=&quot;fr&quot;&gt;20 - 24&lt;/Description&gt;&lt;/Code&gt;&lt;Code value=&quot;A25&quot;&gt;&lt;Description xml:lang=&quot;en&quot;&gt;25 - 29&lt;/Description&gt;&lt;Description xml:lang=&quot;fr&quot;&gt;25 - 29&lt;/Description&gt;&lt;/Code&gt;&lt;Code value=&quot;A30&quot;&gt;&lt;Description xml:lang=&quot;en&quot;&gt;30 - 34&lt;/Description&gt;&lt;Description xml:lang=&quot;fr&quot;&gt;30 - 34&lt;/Description&gt;&lt;/Code&gt;&lt;Code value=&quot;A35&quot;&gt;&lt;Description xml:lang=&quot;en&quot;&gt;35 - 39&lt;/Description&gt;&lt;Description xml:lang=&quot;fr&quot;&gt;35 - 39&lt;/Description&gt;&lt;/Code&gt;&lt;Code value=&quot;A40&quot;&gt;&lt;Description xml:lang=&quot;en&quot;&gt;40 - 44&lt;/Description&gt;&lt;Description xml:lang=&quot;fr&quot;&gt;40 - 44&lt;/Description&gt;&lt;/Code&gt;&lt;Code value=&quot;A45&quot;&gt;&lt;Description xml:lang=&quot;en&quot;&gt;45 - 49&lt;/Description&gt;&lt;Description xml:lang=&quot;fr&quot;&gt;45 - 49&lt;/Description&gt;&lt;/Code&gt;&lt;Code value=&quot;TT&quot;&gt;&lt;Description xml:lang=&quot;en&quot;&gt;All ages&lt;/Description&gt;&lt;Description xml:lang=&quot;fr&quot;&gt;All ages&lt;/Description&gt;&lt;/Code&gt;&lt;/CodeList&gt;&lt;CodeList id=&quot;CL_ATSI_FERTILITY_ASGS_2011&quot; agencyID=&quot;ABS&quot;&gt;&lt;Name xml:lang=&quot;en&quot;&gt;Region&lt;/Name&gt;&lt;Name xml:lang=&quot;fr&quot;&gt;Region&lt;/Name&gt;&lt;Code value=&quot;0&quot;&gt;&lt;Description xml:lang=&quot;en&quot;&gt;Australia&lt;/Description&gt;&lt;Description xml:lang=&quot;fr&quot;&gt;Australia&lt;/Description&gt;&lt;/Code&gt;&lt;Code value=&quot;1&quot; parentCode=&quot;0&quot;&gt;&lt;Description xml:lang=&quot;en&quot;&gt;New South Wales&lt;/Description&gt;&lt;Description xml:lang=&quot;fr&quot;&gt;New South Wales&lt;/Description&gt;&lt;/Code&gt;&lt;Code value=&quot;2&quot; parentCode=&quot;0&quot;&gt;&lt;Description xml:lang=&quot;en&quot;&gt;Victoria&lt;/Description&gt;&lt;Description xml:lang=&quot;fr&quot;&gt;Victoria&lt;/Description&gt;&lt;/Code&gt;&lt;Code value=&quot;3&quot; parentCode=&quot;0&quot;&gt;&lt;Description xml:lang=&quot;en&quot;&gt;Queensland&lt;/Description&gt;&lt;Description xml:lang=&quot;fr&quot;&gt;Queensland&lt;/Description&gt;&lt;/Code&gt;&lt;Code value=&quot;4&quot; parentCode=&quot;0&quot;&gt;&lt;Description xml:lang=&quot;en&quot;&gt;South Australia&lt;/Description&gt;&lt;Description xml:lang=&quot;fr&quot;&gt;South Australia&lt;/Description&gt;&lt;/Code&gt;&lt;Code value=&quot;5&quot; parentCode=&quot;0&quot;&gt;&lt;Description xml:lang=&quot;en&quot;&gt;Western Australia&lt;/Description&gt;&lt;Description xml:lang=&quot;fr&quot;&gt;Western Australia&lt;/Description&gt;&lt;/Code&gt;&lt;Code value=&quot;6&quot; parentCode=&quot;0&quot;&gt;&lt;Description xml:lang=&quot;en&quot;&gt;Tasmania&lt;/Description&gt;&lt;Description xml:lang=&quot;fr&quot;&gt;Tasmania&lt;/Description&gt;&lt;/Code&gt;&lt;Code value=&quot;7&quot; parentCode=&quot;0&quot;&gt;&lt;Description xml:lang=&quot;en&quot;&gt;Northern Territory&lt;/Description&gt;&lt;Description xml:lang=&quot;fr&quot;&gt;Northern Territory&lt;/Description&gt;&lt;/Code&gt;&lt;/CodeList&gt;&lt;CodeList id=&quot;CL_ATSI_FERTILITY_FREQUENCY&quot; agencyID=&quot;ABS&quot;&gt;&lt;Name xml:lang=&quot;en&quot;&gt;Frequency&lt;/Name&gt;&lt;Name xml:lang=&quot;fr&quot;&gt;Fréquence&lt;/Name&gt;&lt;Code value=&quot;A&quot;&gt;&lt;Description xml:lang=&quot;en&quot;&gt;Annual&lt;/Description&gt;&lt;Description xml:lang=&quot;fr&quot;&gt;Annuelle&lt;/Description&gt;&lt;/Code&gt;&lt;/CodeList&gt;&lt;CodeList id=&quot;CL_ATSI_FERTILITY_TIME&quot; agencyID=&quot;ABS&quot;&gt;&lt;Name xml:lang=&quot;en&quot;&gt;Time&lt;/Name&gt;&lt;Name xml:lang=&quot;fr&quot;&gt;Temps&lt;/Name&gt;&lt;Code value=&quot;2001&quot;&gt;&lt;Description xml:lang=&quot;en&quot;&gt;2001&lt;/Description&gt;&lt;Description xml:lang=&quot;fr&quot;&gt;2001&lt;/Description&gt;&lt;/Code&gt;&lt;Code value=&quot;2002&quot;&gt;&lt;Description xml:lang=&quot;en&quot;&gt;2002&lt;/Description&gt;&lt;Description xml:lang=&quot;fr&quot;&gt;2002&lt;/Description&gt;&lt;/Code&gt;&lt;Code value=&quot;2003&quot;&gt;&lt;Description xml:lang=&quot;en&quot;&gt;2003&lt;/Description&gt;&lt;Description xml:lang=&quot;fr&quot;&gt;2003&lt;/Description&gt;&lt;/Code&gt;&lt;Code value=&quot;2004&quot;&gt;&lt;Description xml:lang=&quot;en&quot;&gt;2004&lt;/Description&gt;&lt;Description xml:lang=&quot;fr&quot;&gt;2004&lt;/Description&gt;&lt;/Code&gt;&lt;Code value=&quot;2005&quot;&gt;&lt;Description xml:lang=&quot;en&quot;&gt;2005&lt;/Description&gt;&lt;Description xml:lang=&quot;fr&quot;&gt;2005&lt;/Description&gt;&lt;/Code&gt;&lt;Code value=&quot;2006&quot;&gt;&lt;Description xml:lang=&quot;en&quot;&gt;2006&lt;/Description&gt;&lt;Description xml:lang=&quot;fr&quot;&gt;2006&lt;/Description&gt;&lt;/Code&gt;&lt;Code value=&quot;2007&quot;&gt;&lt;Description xml:lang=&quot;en&quot;&gt;2007&lt;/Description&gt;&lt;Description xml:lang=&quot;fr&quot;&gt;2007&lt;/Description&gt;&lt;/Code&gt;&lt;Code value=&quot;2008&quot;&gt;&lt;Description xml:lang=&quot;en&quot;&gt;2008&lt;/Description&gt;&lt;Description xml:lang=&quot;fr&quot;&gt;2008&lt;/Description&gt;&lt;/Code&gt;&lt;Code value=&quot;2009&quot;&gt;&lt;Description xml:lang=&quot;en&quot;&gt;2009&lt;/Description&gt;&lt;Description xml:lang=&quot;fr&quot;&gt;2009&lt;/Description&gt;&lt;/Code&gt;&lt;Code value=&quot;2010&quot;&gt;&lt;Description xml:lang=&quot;en&quot;&gt;2010&lt;/Description&gt;&lt;Description xml:lang=&quot;fr&quot;&gt;2010&lt;/Description&gt;&lt;/Code&gt;&lt;Code value=&quot;2011&quot;&gt;&lt;Description xml:lang=&quot;en&quot;&gt;2011&lt;/Description&gt;&lt;Description xml:lang=&quot;fr&quot;&gt;2011&lt;/Description&gt;&lt;/Code&gt;&lt;Code value=&quot;2012&quot;&gt;&lt;Description xml:lang=&quot;en&quot;&gt;2012&lt;/Description&gt;&lt;Description xml:lang=&quot;fr&quot;&gt;2012&lt;/Description&gt;&lt;/Code&gt;&lt;Code value=&quot;2013&quot;&gt;&lt;Description xml:lang=&quot;en&quot;&gt;2013&lt;/Description&gt;&lt;Description xml:lang=&quot;fr&quot;&gt;2013&lt;/Description&gt;&lt;/Code&gt;&lt;Code value=&quot;2014&quot;&gt;&lt;Description xml:lang=&quot;en&quot;&gt;2014&lt;/Description&gt;&lt;Description xml:lang=&quot;fr&quot;&gt;2014&lt;/Description&gt;&lt;/Code&gt;&lt;Code value=&quot;2015&quot;&gt;&lt;Description xml:lang=&quot;en&quot;&gt;2015&lt;/Description&gt;&lt;Description xml:lang=&quot;fr&quot;&gt;2015&lt;/Description&gt;&lt;/Code&gt;&lt;Code value=&quot;2016&quot;&gt;&lt;Description xml:lang=&quot;en&quot;&gt;2016&lt;/Description&gt;&lt;Description xml:lang=&quot;fr&quot;&gt;2016&lt;/Description&gt;&lt;/Code&gt;&lt;Code value=&quot;2017&quot;&gt;&lt;Description xml:lang=&quot;en&quot;&gt;2017&lt;/Description&gt;&lt;Description xml:lang=&quot;fr&quot;&gt;2017&lt;/Description&gt;&lt;/Code&gt;&lt;Code value=&quot;2018&quot;&gt;&lt;Description xml:lang=&quot;en&quot;&gt;2018&lt;/Description&gt;&lt;Description xml:lang=&quot;fr&quot;&gt;2018&lt;/Description&gt;&lt;/Code&gt;&lt;/CodeList&gt;&lt;CodeList id=&quot;CL_ATSI_FERTILITY_OBS_STATUS&quot; agencyID=&quot;ABS&quot;&gt;&lt;Name xml:lang=&quot;en&quot;&gt;Observation Status&lt;/Name&gt;&lt;/CodeList&gt;&lt;CodeList id=&quot;CL_ATSI_FERTILITY_TIME_FORMAT&quot; agencyID=&quot;ABS&quot;&gt;&lt;Name xml:lang=&quot;en&quot;&gt;ATSI_FERTILITY_TIME_FORMAT codelist&lt;/Name&gt;&lt;Code value=&quot;P1Y&quot;&gt;&lt;Description xml:lang=&quot;en&quot;&gt;Annual&lt;/Description&gt;&lt;/Code&gt;&lt;Code value=&quot;P1M&quot;&gt;&lt;Description xml:lang=&quot;en&quot;&gt;Monthly&lt;/Description&gt;&lt;/Code&gt;&lt;Code value=&quot;P3M&quot;&gt;&lt;Description xml:lang=&quot;en&quot;&gt;Quarterly&lt;/Description&gt;&lt;/Code&gt;&lt;Code value=&quot;P6M&quot;&gt;&lt;Description xml:lang=&quot;en&quot;&gt;Half-yearly&lt;/Description&gt;&lt;/Code&gt;&lt;Code value=&quot;P1D&quot;&gt;&lt;Description xml:lang=&quot;en&quot;&gt;Daily&lt;/Description&gt;&lt;/Code&gt;&lt;/CodeList&gt;&lt;/message:CodeLists&gt;&lt;message:Concepts&gt;&lt;Concept id=&quot;MEASURE&quot; agencyID=&quot;ABS&quot;&gt;&lt;Name xml:lang=&quot;en&quot;&gt;Measure&lt;/Name&gt;&lt;Name xml:lang=&quot;fr&quot;&gt;Measure&lt;/Name&gt;&lt;/Concept&gt;&lt;Concept id=&quot;INDIG_STATUS&quot; agencyID=&quot;ABS&quot;&gt;&lt;Name xml:lang=&quot;en&quot;&gt;Indigenous status&lt;/Name&gt;&lt;Name xml:lang=&quot;fr&quot;&gt;Indigenous status&lt;/Name&gt;&lt;/Concept&gt;&lt;Concept id=&quot;AGE&quot; agencyID=&quot;ABS&quot;&gt;&lt;Name xml:lang=&quot;en&quot;&gt;Age&lt;/Name&gt;&lt;Name xml:lang=&quot;fr&quot;&gt;Age&lt;/Name&gt;&lt;/Concept&gt;&lt;Concept id=&quot;ASGS_2011&quot; agencyID=&quot;ABS&quot;&gt;&lt;Name xml:lang=&quot;en&quot;&gt;Region&lt;/Name&gt;&lt;Name xml:lang=&quot;fr&quot;&gt;Region&lt;/Name&gt;&lt;/Concept&gt;&lt;Concept id=&quot;FREQUENCY&quot; agencyID=&quot;ABS&quot;&gt;&lt;Name xml:lang=&quot;en&quot;&gt;Frequency&lt;/Name&gt;&lt;Name xml:lang=&quot;fr&quot;&gt;Fréquence&lt;/Name&gt;&lt;/Concept&gt;&lt;Concept id=&quot;TIME&quot; agencyID=&quot;ABS&quot;&gt;&lt;Name xml:lang=&quot;en&quot;&gt;Time&lt;/Name&gt;&lt;Name xml:lang=&quot;fr&quot;&gt;Temps&lt;/Name&gt;&lt;/Concept&gt;
Input 1 does not match Pattern:[A-z][A-z0-9_\-]* for class:NCNameID
Input 11 does not match Pattern:[A-z][A-z0-9_\-]* for class:NCNameID
Loading Codelists
Codelist: ABS:CL_ATSI_BIRTHS_SUMM_MEASURE:1.0 already exists
Loading Concepts
Loading DataStructures
DS ABS:ATSI_BIRTHS_SUMM:1.0
Loading Dataflows
Loading Codelists
Codelist: ABS:CL_ATSI_FERTILITY_MEASURE:1.0 already exists
Loading Concepts
Loading DataStructures
DS ABS:ATSI_FERTILITY:1.0
Loading Dataflows
Loading: Apparent Consumption of Alcohol, Australia
Header=&lt;message:Structure xmlns=&quot;http://www.SDMX.org/resources/SDMXML/schemas/v2_0/structure&quot; xmlns:common=&quot;http://www.SDMX.org/resources/SDMXML/schemas/v2_0/common&quot; xsi:schemaLocation=&quot;http://www.SDMX.org/resources/SDMXML/schemas/v2_0/structure http://www.sdmx.org/docs/2_0/SDMXStructure.xsd http://www.SDMX.org/resources/SDMXML/schemas/v2_0/message http://www.sdmx.org/docs/2_0/SDMXMessage.xsd&quot; xmlns:xsi=&quot;http://www.w3.org/2001/XMLSchema-instance&quot; xmlns:message=&quot;http://www.SDMX.org/resources/SDMXML/schemas/v2_0/message&quot;&gt;&lt;Header xmlns=&quot;http://www.SDMX.org/resources/SDMXML/schemas/v2_0/message&quot;&gt;&lt;ID&gt;none&lt;!--Statistical usage warning
ABS.Stat beta is continuing to be developed.  Data will be updated as soon as possible following its 11:30 am release on the ABS website.
--&gt;&lt;/ID&gt;&lt;Test&gt;false&lt;/Test&gt;&lt;Truncated&gt;false&lt;/Truncated&gt;&lt;Prepared&gt;2020-03-17T00:59:40&lt;/Prepared&gt;&lt;Sender id=&quot;ABS&quot;&gt;&lt;Name xml:lang=&quot;en&quot;&gt;Australian Bureau of Statistics&lt;/Name&gt;&lt;Name xml:lang=&quot;fr&quot;&gt;Australian Bureau of Statistics&lt;/Name&gt;&lt;/Sender&gt;&lt;/Header&gt;&lt;message:CodeLists&gt;&lt;CodeList id=&quot;CL_ALC_TYP&quot; agencyID=&quot;ABS&quot;&gt;&lt;Name xml:lang=&quot;en&quot;&gt;Type of Volume&lt;/Name&gt;&lt;Name xml:lang=&quot;fr&quot;&gt;Type of Volume&lt;/Name&gt;&lt;Code value=&quot;1&quot;&gt;&lt;Description xml:lang=&quot;en&quot;&gt;Volume of pure alcohol&lt;/Description&gt;&lt;Description xml:lang=&quot;fr&quot;&gt;Volume of pure alcohol&lt;/Description&gt;&lt;/Code&gt;&lt;Code value=&quot;2&quot;&gt;&lt;Description xml:lang=&quot;en&quot;&gt;Volume of beverage&lt;/Description&gt;&lt;Description xml:lang=&quot;fr&quot;&gt;Volume of beverage&lt;/Description&gt;&lt;/Code&gt;&lt;/CodeList&gt;&lt;CodeList id=&quot;CL_ALC_MEA&quot; agencyID=&quot;ABS&quot;&gt;&lt;Name xml:lang=&quot;en&quot;&gt;Measure&lt;/Name&gt;&lt;Name xml:lang=&quot;fr&quot;&gt;Measure&lt;/Name&gt;&lt;Code value=&quot;1&quot;&gt;&lt;Description xml:lang=&quot;en&quot;&gt;Total apparent consumption (&apos;000 litres)&lt;/Description&gt;&lt;Description xml:lang=&quot;fr&quot;&gt;Total apparent consumption (&apos;000 litres)&lt;/Description&gt;&lt;/Code&gt;&lt;Code value=&quot;2&quot;&gt;&lt;Description xml:lang=&quot;en&quot;&gt;Per capita apparent consumption (litres)&lt;/Description&gt;&lt;Description xml:lang=&quot;fr&quot;&gt;Per capita apparent consumption (litres)&lt;/Description&gt;&lt;/Code&gt;&lt;/CodeList&gt;&lt;CodeList id=&quot;CL_ALC_BEVT&quot; agencyID=&quot;ABS&quot;&gt;&lt;Name xml:lang=&quot;en&quot;&gt;Beverage Type&lt;/Name&gt;&lt;Name xml:lang=&quot;fr&quot;&gt;Beverage Type&lt;/Name&gt;&lt;Code value=&quot;1&quot;&gt;&lt;Description xml:lang=&quot;en&quot;&gt;Beer&lt;/Description&gt;&lt;Description xml:lang=&quot;fr&quot;&gt;Beer&lt;/Description&gt;&lt;/Code&gt;&lt;Code value=&quot;2&quot;&gt;&lt;Description xml:lang=&quot;en&quot;&gt;Wine&lt;/Description&gt;&lt;Description xml:lang=&quot;fr&quot;&gt;Wine&lt;/Description&gt;&lt;/Code&gt;&lt;Code value=&quot;3&quot;&gt;&lt;Description xml:lang=&quot;en&quot;&gt;Spirits and RTDs&lt;/Description&gt;&lt;Description xml:lang=&quot;fr&quot;&gt;Spirits and RTDs&lt;/Description&gt;&lt;/Code&gt;&lt;Code value=&quot;4&quot;&gt;&lt;Description xml:lang=&quot;en&quot;&gt;Total all beverages&lt;/Description&gt;&lt;Description xml:lang=&quot;fr&quot;&gt;Total all beverages&lt;/Description&gt;&lt;/Code&gt;&lt;Code value=&quot;5&quot;&gt;&lt;Description xml:lang=&quot;en&quot;&gt;Cider&lt;/Description&gt;&lt;Description xml:lang=&quot;fr&quot;&gt;Cider&lt;/Description&gt;&lt;/Code&gt;&lt;/CodeList&gt;&lt;CodeList id=&quot;CL_ALC_SUB&quot; agencyID=&quot;ABS&quot;&gt;&lt;Name xml:lang=&quot;en&quot;&gt;Beverage Subtype/Strength&lt;/Name&gt;&lt;Name xml:lang=&quot;fr&quot;&gt;Beverage Subtype/Strength&lt;/Name&gt;&lt;Code value=&quot;1&quot;&gt;&lt;Description xml:lang=&quot;en&quot;&gt;Low alcohol beer&lt;/Description&gt;&lt;Description xml:lang=&quot;fr&quot;&gt;Low alcohol beer&lt;/Description&gt;&lt;/Code&gt;&lt;Code value=&quot;2&quot;&gt;&lt;Description xml:lang=&quot;en&quot;&gt;Other alcohol beer&lt;/Description&gt;&lt;Description xml:lang=&quot;fr&quot;&gt;Other alcohol beer&lt;/Description&gt;&lt;/Code&gt;&lt;Code value=&quot;3&quot;&gt;&lt;Description xml:lang=&quot;en&quot;&gt;Low strength beer&lt;/Description&gt;&lt;Description xml:lang=&quot;fr&quot;&gt;Low strength beer&lt;/Description&gt;&lt;/Code&gt;&lt;Code value=&quot;4&quot;&gt;&lt;Description xml:lang=&quot;en&quot;&gt;Mid strength beer&lt;/Description&gt;&lt;Description xml:lang=&quot;fr&quot;&gt;Mid strength beer&lt;/Description&gt;&lt;/Code&gt;&lt;Code value=&quot;5&quot;&gt;&lt;Description xml:lang=&quot;en&quot;&gt;Full strength beer&lt;/Description&gt;&lt;Description xml:lang=&quot;fr&quot;&gt;Full strength beer&lt;/Description&gt;&lt;/Code&gt;&lt;Code value=&quot;6&quot;&gt;&lt;Description xml:lang=&quot;en&quot;&gt;Total beer&lt;/Description&gt;&lt;Description xml:lang=&quot;fr&quot;&gt;Total beer&lt;/Description&gt;&lt;/Code&gt;&lt;Code value=&quot;7&quot;&gt;&lt;Description xml:lang=&quot;en&quot;&gt;White table wine&lt;/Description&gt;&lt;Description xml:lang=&quot;fr&quot;&gt;White table wine&lt;/Description&gt;&lt;/Code&gt;&lt;Code value=&quot;8&quot;&gt;&lt;Description xml:lang=&quot;en&quot;&gt;Red table wine&lt;/Description&gt;&lt;Description xml:lang=&quot;fr&quot;&gt;Red table wine&lt;/Description&gt;&lt;/Code&gt;&lt;Code value=&quot;9&quot;&gt;&lt;Description xml:lang=&quot;en&quot;&gt;Other wines&lt;/Description&gt;&lt;Description xml:lang=&quot;fr&quot;&gt;Other wines&lt;/Description&gt;&lt;/Code&gt;&lt;Code value=&quot;10&quot;&gt;&lt;Description xml:lang=&quot;en&quot;&gt;Total wine&lt;/Description&gt;&lt;Description xml:lang=&quot;fr&quot;&gt;Total wine&lt;/Description&gt;&lt;/Code&gt;&lt;Code value=&quot;11&quot;&gt;&lt;Description xml:lang=&quot;en&quot;&gt;Spirits&lt;/Description&gt;&lt;Description xml:lang=&quot;fr&quot;&gt;Spirits&lt;/Description&gt;&lt;/Code&gt;&lt;Code value=&quot;12&quot;&gt;&lt;Description xml:lang=&quot;en&quot;&gt;RTDs&lt;/Description&gt;&lt;Description xml:lang=&quot;fr&quot;&gt;RTDs&lt;/Description&gt;&lt;/Code&gt;&lt;Code value=&quot;13&quot;&gt;&lt;Description xml:lang=&quot;en&quot;&gt;Total spirits and RTDs&lt;/Description&gt;&lt;Description xml:lang=&quot;fr&quot;&gt;Total spirits and RTDs&lt;/Description&gt;&lt;/Code&gt;&lt;Code value=&quot;15&quot;&gt;&lt;Description xml:lang=&quot;en&quot;&gt;Cider&lt;/Description&gt;&lt;Description xml:lang=&quot;fr&quot;&gt;Cider&lt;/Description&gt;&lt;/Code&gt;&lt;Code value=&quot;14&quot;&gt;&lt;Description xml:lang=&quot;en&quot;&gt;Total all beverages&lt;/Description&gt;&lt;Description xml:lang=&quot;fr&quot;&gt;Total all beverages&lt;/Description&gt;&lt;/Code&gt;&lt;/CodeList&gt;&lt;CodeList id=&quot;CL_ALC_FREQUENCY&quot; agencyID=&quot;ABS&quot;&gt;&lt;Name xml:lang=&quot;en&quot;&gt;Frequency&lt;/Name&gt;&lt;Name xml:lang=&quot;fr&quot;&gt;Frequency&lt;/Name&gt;&lt;Code value=&quot;A&quot;&gt;&lt;Description xml:lang=&quot;en&quot;&gt;Annual&lt;/Description&gt;&lt;Description xml:lang=&quot;fr&quot;&gt;Annuelle&lt;/Description&gt;&lt;/Code&gt;&lt;/CodeList&gt;&lt;CodeList id=&quot;CL_ALC_TIME&quot; agencyID=&quot;ABS&quot;&gt;&lt;Name xml:lang=&quot;en&quot;&gt;Time&lt;/Name&gt;&lt;Name xml:lang=&quot;fr&quot;&gt;Time&lt;/Name&gt;&lt;Code value=&quot;1945&quot;&gt;&lt;Description xml:lang=&quot;en&quot;&gt;1945&lt;/Description&gt;&lt;Description xml:lang=&quot;fr&quot;&gt;1945&lt;/Description&gt;&lt;/Code&gt;&lt;Code value=&quot;1946&quot;&gt;&lt;Description xml:lang=&quot;en&quot;&gt;1946&lt;/Description&gt;&lt;Description xml:lang=&quot;fr&quot;&gt;1946&lt;/Description&gt;&lt;/Code&gt;&lt;Code value=&quot;1947&quot;&gt;&lt;Description xml:lang=&quot;en&quot;&gt;1947&lt;/Description&gt;&lt;Description xml:lang=&quot;fr&quot;&gt;1947&lt;/Description&gt;&lt;/Code&gt;&lt;Code value=&quot;1948&quot;&gt;&lt;Description xml:lang=&quot;en&quot;&gt;1948&lt;/Description&gt;&lt;Description xml:lang=&quot;fr&quot;&gt;1948&lt;/Description&gt;&lt;/Code&gt;&lt;Code value=&quot;1949&quot;&gt;&lt;Description xml:lang=&quot;en&quot;&gt;1949&lt;/Description&gt;&lt;Description xml:lang=&quot;fr&quot;&gt;1949&lt;/Description&gt;&lt;/Code&gt;&lt;Code value=&quot;1950&quot;&gt;&lt;Description xml:lang=&quot;en&quot;&gt;1950&lt;/Description&gt;&lt;Description xml:lang=&quot;fr&quot;&gt;1950&lt;/Description&gt;&lt;/Code&gt;&lt;Code value=&quot;1951&quot;&gt;&lt;Description xml:lang=&quot;en&quot;&gt;1951&lt;/Description&gt;&lt;Description xml:lang=&quot;fr&quot;&gt;1951&lt;/Description&gt;&lt;/Code&gt;&lt;Code value=&quot;1952&quot;&gt;&lt;Description xml:lang=&quot;en&quot;&gt;1952&lt;/Description&gt;&lt;Description xml:lang=&quot;fr&quot;&gt;1952&lt;/Description&gt;&lt;/Code&gt;&lt;Code value=&quot;1953&quot;&gt;&lt;Description xml:lang=&quot;en&quot;&gt;1953&lt;/Description&gt;&lt;Description xml:lang=&quot;fr&quot;&gt;1953&lt;/Description&gt;&lt;/Code&gt;&lt;Code value=&quot;1954&quot;&gt;&lt;Description xml:lang=&quot;en&quot;&gt;1954&lt;/Description&gt;&lt;Description xml:lang=&quot;fr&quot;&gt;1954&lt;/Description&gt;&lt;/Code&gt;&lt;Code value=&quot;1955&quot;&gt;&lt;Description xml:lang=&quot;en&quot;&gt;1955&lt;/Description&gt;&lt;Description xml:lang=&quot;fr&quot;&gt;1955&lt;/Description&gt;&lt;/Code&gt;&lt;Code value=&quot;1956&quot;&gt;&lt;Description xml:lang=&quot;en&quot;&gt;1956&lt;/Description&gt;&lt;Description xml:lang=&quot;fr&quot;&gt;1956&lt;/Description&gt;&lt;/Code&gt;&lt;Code value=&quot;1957&quot;&gt;&lt;Description xml:lang=&quot;en&quot;&gt;1957&lt;/Description&gt;&lt;Description xml:lang=&quot;fr&quot;&gt;1957&lt;/Description&gt;&lt;/Code&gt;&lt;Code value=&quot;1958&quot;&gt;&lt;Description xml:lang=&quot;en&quot;&gt;1958&lt;/Description&gt;&lt;Description xml:lang=&quot;fr&quot;&gt;1958&lt;/Description&gt;&lt;/Code&gt;&lt;Code value=&quot;1959&quot;&gt;&lt;Description xml:lang=&quot;en&quot;&gt;1959&lt;/Description&gt;&lt;Description xml:lang=&quot;fr&quot;&gt;1959&lt;/Description&gt;&lt;/Code&gt;&lt;Code value=&quot;1960&quot;&gt;&lt;Description xml:lang=&quot;en&quot;&gt;1960&lt;/Description&gt;&lt;Description xml:lang=&quot;fr&quot;&gt;1960&lt;/Description&gt;&lt;/Code&gt;&lt;Code value=&quot;1961&quot;&gt;&lt;Description xml:lang=&quot;en&quot;&gt;1961&lt;/Description&gt;&lt;Description xml:lang=&quot;fr&quot;&gt;1961&lt;/Description&gt;&lt;/Code&gt;&lt;Code value=&quot;1962&quot;&gt;&lt;Description xml:lang=&quot;en&quot;&gt;1962&lt;/Description&gt;&lt;Description xml:lang=&quot;fr&quot;&gt;1962&lt;/Description&gt;&lt;/Code&gt;&lt;Code value=&quot;1963&quot;&gt;&lt;Description xml:lang=&quot;en&quot;&gt;1963&lt;/Description&gt;&lt;Description xml:lang=&quot;fr&quot;&gt;1963&lt;/Description&gt;&lt;/Code&gt;&lt;Code value=&quot;1964&quot;&gt;&lt;Description xml:lang=&quot;en&quot;&gt;1964&lt;/Description&gt;&lt;Description xml:lang=&quot;fr&quot;&gt;1964&lt;/Description&gt;&lt;/Code&gt;&lt;Code value=&quot;1965&quot;&gt;&lt;Description xml:lang=&quot;en&quot;&gt;1965&lt;/Description&gt;&lt;Description xml:lang=&quot;fr&quot;&gt;1965&lt;/Description&gt;&lt;/Code&gt;&lt;Code value=&quot;1966&quot;&gt;&lt;Description xml:lang=&quot;en&quot;&gt;1966&lt;/Description&gt;&lt;Description xml:lang=&quot;fr&quot;&gt;1966&lt;/Description&gt;&lt;/Code&gt;&lt;Code value=&quot;1967&quot;&gt;&lt;Description xml:lang=&quot;en&quot;&gt;1967&lt;/Description&gt;&lt;Description xml:lang=&quot;fr&quot;&gt;1967&lt;/Description&gt;&lt;/Code&gt;&lt;Code value=&quot;1968&quot;&gt;&lt;Description xml:lang=&quot;en&quot;&gt;1968&lt;/Description&gt;&lt;Description xml:lang=&quot;fr&quot;&gt;1968&lt;/Description&gt;&lt;/Code&gt;&lt;Code value=&quot;1969&quot;&gt;&lt;Description xml:lang=&quot;en&quot;&gt;1969&lt;/Description&gt;&lt;Description xml:lang=&quot;fr&quot;&gt;1969&lt;/Description&gt;&lt;/Code&gt;&lt;Code value=&quot;1970&quot;&gt;&lt;Description xml:lang=&quot;en&quot;&gt;1970&lt;/Description&gt;&lt;Description xml:lang=&quot;fr&quot;&gt;197
Loading Codelists
Codelist: ABS:CL_ATSI_BIRTHS_SUMM_MEASURE:1.0 already exists
Loading Concepts
Loading DataStructures
DS ABS:ATSI_BIRTHS_SUMM:1.0
Loading Dataflows
Loading Codelists
Codelist: ABS:CL_ATSI_FERTILITY_MEASURE:1.0 already exists
Loading Concepts
Loading DataStructures
DS ABS:ATSI_FERTILITY:1.0
Loading Dataflows
Loading Codelists
Codelist: ABS:CL_ALC_TYP:1.0 already exists
Loading Concepts
Loading DataStructures
DS ABS:ALC:1.0
Loading Dataflows
Loading: Australian Census Longitudinal Dataset (ACLD): Labour force status, 2006-2011
Header=&lt;message:Structure xmlns=&quot;http://www.SDMX.org/resources/SDMXML/schemas/v2_0/structure&quot; xmlns:common=&quot;http://www.SDMX.org/resources/SDMXML/schemas/v2_0/common&quot; xsi:schemaLocation=&quot;http://www.SDMX.org/resources/SDMXML/schemas/v2_0/structure http://www.sdmx.org/docs/2_0/SDMXStructure.xsd http://www.SDMX.org/resources/SDMXML/schemas/v2_0/message http://www.sdmx.org/docs/2_0/SDMXMessage.xsd&quot; xmlns:xsi=&quot;http://www.w3.org/2001/XMLSchema-instance&quot; xmlns:message=&quot;http://www.SDMX.org/resources/SDMXML/schemas/v2_0/message&quot;&gt;&lt;Header xmlns=&quot;http://www.SDMX.org/resources/SDMXML/schemas/v2_0/message&quot;&gt;&lt;ID&gt;none&lt;!--Statistical usage warning
ABS.Stat beta is continuing to be developed.  Data will be updated as soon as possible following its 11:30 am release on the ABS website.
--&gt;&lt;/ID&gt;&lt;Test&gt;false&lt;/Test&gt;&lt;Truncated&gt;false&lt;/Truncated&gt;&lt;Prepared&gt;2020-03-17T00:59:41&lt;/Prepared&gt;&lt;Sender id=&quot;ABS&quot;&gt;&lt;Name xml:lang=&quot;en&quot;&gt;Australian Bureau of Statistics&lt;/Name&gt;&lt;Name xml:lang=&quot;fr&quot;&gt;Australian Bureau of Statistics&lt;/Name&gt;&lt;/Sender&gt;&lt;/Header&gt;&lt;message:CodeLists&gt;&lt;CodeList id=&quot;CL_ABS_ACLD_LFSTATUS_SEX_ABS&quot; agencyID=&quot;ABS&quot;&gt;&lt;Name xml:lang=&quot;en&quot;&gt;Sex&lt;/Name&gt;&lt;Name xml:lang=&quot;fr&quot;&gt;Sex&lt;/Name&gt;&lt;Code value=&quot;1&quot; parentCode=&quot;3&quot;&gt;&lt;Description xml:lang=&quot;en&quot;&gt;Males&lt;/Description&gt;&lt;Description xml:lang=&quot;fr&quot;&gt;Males&lt;/Description&gt;&lt;/Code&gt;&lt;Code value=&quot;3&quot;&gt;&lt;Description xml:lang=&quot;en&quot;&gt;Persons&lt;/Description&gt;&lt;Description xml:lang=&quot;fr&quot;&gt;Persons&lt;/Description&gt;&lt;/Code&gt;&lt;Code value=&quot;2&quot; parentCode=&quot;3&quot;&gt;&lt;Description xml:lang=&quot;en&quot;&gt;Females&lt;/Description&gt;&lt;Description xml:lang=&quot;fr&quot;&gt;Females&lt;/Description&gt;&lt;/Code&gt;&lt;/CodeList&gt;&lt;CodeList id=&quot;CL_ABS_ACLD_LFSTATUS_AGE&quot; agencyID=&quot;ABS&quot;&gt;&lt;Name xml:lang=&quot;en&quot;&gt;Age&lt;/Name&gt;&lt;Name xml:lang=&quot;fr&quot;&gt;Age&lt;/Name&gt;&lt;Code value=&quot;TT&quot;&gt;&lt;Description xml:lang=&quot;en&quot;&gt;All ages&lt;/Description&gt;&lt;Description xml:lang=&quot;fr&quot;&gt;All ages&lt;/Description&gt;&lt;/Code&gt;&lt;Code value=&quot;6599&quot;&gt;&lt;Description xml:lang=&quot;en&quot;&gt;65 and over&lt;/Description&gt;&lt;Description xml:lang=&quot;fr&quot;&gt;65 and over&lt;/Description&gt;&lt;/Code&gt;&lt;Code value=&quot;2534&quot;&gt;&lt;Description xml:lang=&quot;en&quot;&gt;25 - 34&lt;/Description&gt;&lt;Description xml:lang=&quot;fr&quot;&gt;25 - 34&lt;/Description&gt;&lt;/Code&gt;&lt;Code value=&quot;3544&quot;&gt;&lt;Description xml:lang=&quot;en&quot;&gt;35 - 44&lt;/Description&gt;&lt;Description xml:lang=&quot;fr&quot;&gt;35 - 44&lt;/Description&gt;&lt;/Code&gt;&lt;Code value=&quot;4554&quot;&gt;&lt;Description xml:lang=&quot;en&quot;&gt;45 - 54&lt;/Description&gt;&lt;Description xml:lang=&quot;fr&quot;&gt;45 - 54&lt;/Description&gt;&lt;/Code&gt;&lt;Code value=&quot;5564&quot;&gt;&lt;Description xml:lang=&quot;en&quot;&gt;55 - 64&lt;/Description&gt;&lt;Description xml:lang=&quot;fr&quot;&gt;55 - 64&lt;/Description&gt;&lt;/Code&gt;&lt;Code value=&quot;1524&quot;&gt;&lt;Description xml:lang=&quot;en&quot;&gt;15 - 24&lt;/Description&gt;&lt;Description xml:lang=&quot;fr&quot;&gt;15 - 24&lt;/Description&gt;&lt;/Code&gt;&lt;/CodeList&gt;&lt;CodeList id=&quot;CL_ABS_ACLD_LFSTATUS_ASGS_2011&quot; agencyID=&quot;ABS&quot;&gt;&lt;Name xml:lang=&quot;en&quot;&gt;Region&lt;/Name&gt;&lt;Name xml:lang=&quot;fr&quot;&gt;Region&lt;/Name&gt;&lt;Code value=&quot;0&quot;&gt;&lt;Description xml:lang=&quot;en&quot;&gt;Australia&lt;/Description&gt;&lt;Description xml:lang=&quot;fr&quot;&gt;Australia&lt;/Description&gt;&lt;/Code&gt;&lt;Code value=&quot;1&quot; parentCode=&quot;0&quot;&gt;&lt;Description xml:lang=&quot;en&quot;&gt;New South Wales&lt;/Description&gt;&lt;Description xml:lang=&quot;fr&quot;&gt;New South Wales&lt;/Description&gt;&lt;/Code&gt;&lt;Code value=&quot;2&quot; parentCode=&quot;0&quot;&gt;&lt;Description xml:lang=&quot;en&quot;&gt;Victoria&lt;/Description&gt;&lt;Description xml:lang=&quot;fr&quot;&gt;Victoria&lt;/Description&gt;&lt;/Code&gt;&lt;Code value=&quot;3&quot; parentCode=&quot;0&quot;&gt;&lt;Description xml:lang=&quot;en&quot;&gt;Queensland&lt;/Description&gt;&lt;Description xml:lang=&quot;fr&quot;&gt;Queensland&lt;/Description&gt;&lt;/Code&gt;&lt;Code value=&quot;4&quot; parentCode=&quot;0&quot;&gt;&lt;Description xml:lang=&quot;en&quot;&gt;South Australia&lt;/Description&gt;&lt;Description xml:lang=&quot;fr&quot;&gt;South Australia&lt;/Description&gt;&lt;/Code&gt;&lt;Code value=&quot;5&quot; parentCode=&quot;0&quot;&gt;&lt;Description xml:lang=&quot;en&quot;&gt;Western Australia&lt;/Description&gt;&lt;Description xml:lang=&quot;fr&quot;&gt;Western Australia&lt;/Description&gt;&lt;/Code&gt;&lt;Code value=&quot;6&quot; parentCode=&quot;0&quot;&gt;&lt;Description xml:lang=&quot;en&quot;&gt;Tasmania&lt;/Description&gt;&lt;Description xml:lang=&quot;fr&quot;&gt;Tasmania&lt;/Description&gt;&lt;/Code&gt;&lt;Code value=&quot;7&quot; parentCode=&quot;0&quot;&gt;&lt;Description xml:lang=&quot;en&quot;&gt;Northern Territory&lt;/Description&gt;&lt;Description xml:lang=&quot;fr&quot;&gt;Northern Territory&lt;/Description&gt;&lt;/Code&gt;&lt;Code value=&quot;8&quot; parentCode=&quot;0&quot;&gt;&lt;Description xml:lang=&quot;en&quot;&gt;Australian Capital Territory&lt;/Description&gt;&lt;Description xml:lang=&quot;fr&quot;&gt;Australian Capital Territory&lt;/Description&gt;&lt;/Code&gt;&lt;/CodeList&gt;&lt;CodeList id=&quot;CL_ABS_ACLD_LFSTATUS_LF_2006&quot; agencyID=&quot;ABS&quot;&gt;&lt;Name xml:lang=&quot;en&quot;&gt;Labour Force Status in 2006&lt;/Name&gt;&lt;Name xml:lang=&quot;fr&quot;&gt;Labour Force Status in 2006&lt;/Name&gt;&lt;Code value=&quot;T&quot;&gt;&lt;Description xml:lang=&quot;en&quot;&gt;Total&lt;/Description&gt;&lt;Description xml:lang=&quot;fr&quot;&gt;Total&lt;/Description&gt;&lt;/Code&gt;&lt;Code value=&quot;1&quot; parentCode=&quot;T&quot;&gt;&lt;Description xml:lang=&quot;en&quot;&gt;Employed&lt;/Description&gt;&lt;Description xml:lang=&quot;fr&quot;&gt;Employed&lt;/Description&gt;&lt;/Code&gt;&lt;Code value=&quot;2&quot; parentCode=&quot;T&quot;&gt;&lt;Description xml:lang=&quot;en&quot;&gt;Employed full-time&lt;/Description&gt;&lt;Description xml:lang=&quot;fr&quot;&gt;Employed full-time&lt;/Description&gt;&lt;/Code&gt;&lt;Code value=&quot;3&quot; parentCode=&quot;T&quot;&gt;&lt;Description xml:lang=&quot;en&quot;&gt;Employed part-time&lt;/Description&gt;&lt;Description xml:lang=&quot;fr&quot;&gt;Employed part-time&lt;/Description&gt;&lt;/Code&gt;&lt;Code value=&quot;4&quot; parentCode=&quot;T&quot;&gt;&lt;Description xml:lang=&quot;en&quot;&gt;Unemployed&lt;/Description&gt;&lt;Description xml:lang=&quot;fr&quot;&gt;Unemployed&lt;/Description&gt;&lt;/Code&gt;&lt;Code value=&quot;5&quot; parentCode=&quot;T&quot;&gt;&lt;Description xml:lang=&quot;en&quot;&gt;Not in the labour force&lt;/Description&gt;&lt;Description xml:lang=&quot;fr&quot;&gt;Not in the labour force&lt;/Description&gt;&lt;/Code&gt;&lt;/CodeList&gt;&lt;CodeList id=&quot;CL_ABS_ACLD_LFSTATUS_LF_2011&quot; agencyID=&quot;ABS&quot;&gt;&lt;Name xml:lang=&quot;en&quot;&gt;Labour Force Status in 2011&lt;/Name&gt;&lt;Name xml:lang=&quot;fr&quot;&gt;Labour Force Status in 2011&lt;/Name&gt;&lt;Code value=&quot;T&quot;&gt;&lt;Description xml:lang=&quot;en&quot;&gt;Total&lt;/Description&gt;&lt;Description xml:lang=&quot;fr&quot;&gt;Total&lt;/Description&gt;&lt;/Code&gt;&lt;Code value=&quot;1&quot; parentCode=&quot;T&quot;&gt;&lt;Description xml:lang=&quot;en&quot;&gt;Employed&lt;/Description&gt;&lt;Description xml:lang=&quot;fr&quot;&gt;Employed&lt;/Description&gt;&lt;/Code&gt;&lt;Code value=&quot;2&quot; parentCode=&quot;T&quot;&gt;&lt;Description xml:lang=&quot;en&quot;&gt;Employed full-time&lt;/Description&gt;&lt;Description xml:lang=&quot;fr&quot;&gt;Employed full-time&lt;/Description&gt;&lt;/Code&gt;&lt;Code value=&quot;3&quot; parentCode=&quot;T&quot;&gt;&lt;Description xml:lang=&quot;en&quot;&gt;Employed part-time&lt;/Description&gt;&lt;Description xml:lang=&quot;fr&quot;&gt;Employed part-time&lt;/Description&gt;&lt;/Code&gt;&lt;Code value=&quot;4&quot; parentCode=&quot;T&quot;&gt;&lt;Description xml:lang=&quot;en&quot;&gt;Unemployed&lt;/Description&gt;&lt;Description xml:lang=&quot;fr&quot;&gt;Unemployed&lt;/Description&gt;&lt;/Code&gt;&lt;Code value=&quot;5&quot; parentCode=&quot;T&quot;&gt;&lt;Description xml:lang=&quot;en&quot;&gt;Not in the labour force&lt;/Description&gt;&lt;Description xml:lang=&quot;fr&quot;&gt;Not in the labour force&lt;/Description&gt;&lt;/Code&gt;&lt;/CodeList&gt;&lt;CodeList id=&quot;CL_ABS_ACLD_LFSTATUS_OBS_STATUS&quot; agencyID=&quot;ABS&quot;&gt;&lt;Name xml:lang=&quot;en&quot;&gt;Observation Status&lt;/Name&gt;&lt;/CodeList&gt;&lt;CodeList id=&quot;CL_ABS_ACLD_LFSTATUS_TIME_FORMAT&quot; agencyID=&quot;ABS&quot;&gt;&lt;Name xml:lang=&quot;en&quot;&gt;ABS_ACLD_LFSTATUS_TIME_FORMAT codelist&lt;/Name&gt;&lt;Code value=&quot;P1Y&quot;&gt;&lt;Description xml:lang=&quot;en&quot;&gt;Annual&lt;/Description&gt;&lt;/Code&gt;&lt;Code value=&quot;P1M&quot;&gt;&lt;Description xml:lang=&quot;en&quot;&gt;Monthly&lt;/Description&gt;&lt;/Code&gt;&lt;Code value=&quot;P3M&quot;&gt;&lt;Description xml:lang=&quot;en&quot;&gt;Quarterly&lt;/Description&gt;&lt;/Code&gt;&lt;Code value=&quot;P6M&quot;&gt;&lt;Description xml:lang=&quot;en&quot;&gt;Half-yearly&lt;/Description&gt;&lt;/Code&gt;&lt;Code value=&quot;P1D&quot;&gt;&lt;Description xml:lang=&quot;en&quot;&gt;Daily&lt;/Description&gt;&lt;/Code&gt;&lt;/CodeList&gt;&lt;/message:CodeLists&gt;&lt;message:Concepts&gt;&lt;Concept id=&quot;SEX_ABS&quot; agencyID=&quot;ABS&quot;&gt;&lt;Name xml:lang=&quot;en&quot;&gt;Sex&lt;/Name&gt;&lt;Name xml:lang=&quot;fr&quot;&gt;Sex&lt;/Name&gt;&lt;/Concept&gt;&lt;Concept id=&quot;AGE&quot; agencyID=&quot;ABS&quot;&gt;&lt;Name xml:lang=&quot;en&quot;&gt;Age&lt;/Name&gt;&lt;Name xml:lang=&quot;fr&quot;&gt;Age&lt;/Name&gt;&lt;/Concept&gt;&lt;Concept id=&quot;ASGS_2011&quot; agencyID=&quot;ABS&quot;&gt;&lt;Name xml:lang=&quot;en&quot;&gt;Region&lt;/Name&gt;&lt;Name xml:lang=&quot;fr&quot;&gt;Region&lt;/Name&gt;&lt;/Concept&gt;&lt;Concept id=&quot;LF_2006&quot; agencyID=&quot;ABS&quot;&gt;&lt;Name xml:lang=&quot;en&quot;&gt;Labour Force Status in 2006&lt;/Name&gt;&lt;Name xml:lang=&quot;fr&quot;&gt;Labour Force Status in 2006&lt;/Name&gt;&lt;/Concept&gt;&lt;Concept id=&quot;LF_2011&quot; agencyID=&quot;ABS&quot;&gt;&lt;Name xml:lang=&quot;en&quot;&gt;Labour Force Status in 2011&lt;/Name&gt;&lt;Name xml:lang=&quot;fr&quot;&gt;Labour Force Status in 2011&lt;/Name&gt;&lt;/Concept&gt;&lt;Concept id=&quot;OBS_VALUE&quot; agencyID=&quot;ABS&quot;&gt;&lt;Name xml:lang=&quot;en&quot;&gt;Observation Value&lt;/Name&gt;&lt;/Concept&gt;&lt;Concept id=&quot;TIME_FORMAT&quot; agencyID=&quot;ABS&quot;&gt;&lt;Name xml:lang=&quot;en&quot;&gt;Time Format&lt;/Name&gt;&lt;/Concept&gt;&lt;Concept id=&quot;OBS_STATUS&quot; agencyID=&quot;ABS&quot;&gt;&lt;Name xml:lang=&quot;en&quot;&gt;Observation Status&lt;/Name&gt;&lt;/Concept&gt;&lt;/message:Concepts&gt;&lt;message:KeyFamilies&gt;&lt;KeyFamily id=&quot;ABS_ACLD_LFSTATUS&quot; agencyID=&quot;ABS&quot;&gt;&lt;Name xml:lang=&quot;en&quot;&gt;Australian Census Longitudinal Dataset (ACLD): Labour force status, 2006-2011&lt;/Name&gt;&lt;Name xml:lang=&quot;fr&quot;&gt;Australian Census Longitudinal Dataset (ACLD): Labour force status, 2006-2011&lt;/Name&gt;&lt;Components&gt;&lt;Dimension codelist=&quot;CL_ABS_ACLD_LFSTATUS_SEX_ABS&quot; conceptRef=&quot;SEX_ABS&quot; /&gt;&lt;Dimension codelist=&quot;CL_ABS_ACLD_LFSTATUS_AGE&quot; conceptRef=&quot;AGE&quot; /&gt;&lt;Dimension codelist=&quot;CL_ABS_ACLD_LFSTATUS_ASGS_2011&quot; conceptRef=&quot;ASGS_2011&quot; /&gt;&lt;Dim
Loading Codelists
Codelist: ABS:CL_ATSI_BIRTHS_SUMM_MEASURE:1.0 already exists
Loading Concepts
Loading DataStructures
DS ABS:ATSI_BIRTHS_SUMM:1.0
Loading Dataflows
Loading Codelists
Codelist: ABS:CL_ATSI_FERTILITY_MEASURE:1.0 already exists
Loading Concepts
Loading DataStructures
DS ABS:ATSI_FERTILITY:1.0
Loading Dataflows
Loading Codelists
Codelist: ABS:CL_ALC_TYP:1.0 already exists
Loading Concepts
Loading DataStructures
DS ABS:ALC:1.0
Loading Dataflows
Loading Codelists
Codelist: ABS:CL_ABS_ACLD_LFSTATUS_SEX_ABS:1.0 already exists
Loading Concepts
Loading DataStructures
DS ABS:ABS_ACLD_LFSTATUS:1.0
Loading Dataflows
Loading: Australian Census Longitudinal Dataset (ACLD): Tenure and landlord type, 2006-2011
Header=&lt;message:Structure xmlns=&quot;http://www.SDMX.org/resources/SDMXML/schemas/v2_0/structure&quot; xmlns:common=&quot;http://www.SDMX.org/resources/SDMXML/schemas/v2_0/common&quot; xsi:schemaLocation=&quot;http://www.SDMX.org/resources/SDMXML/schemas/v2_0/structure http://www.sdmx.org/docs/2_0/SDMXStructure.xsd http://www.SDMX.org/resources/SDMXML/schemas/v2_0/message http://www.sdmx.org/docs/2_0/SDMXMessage.xsd&quot; xmlns:xsi=&quot;http://www.w3.org/2001/XMLSchema-instance&quot; xmlns:message=&quot;http://www.SDMX.org/resources/SDMXML/schemas/v2_0/message&quot;&gt;&lt;Header xmlns=&quot;http://www.SDMX.org/resources/SDMXML/schemas/v2_0/message&quot;&gt;&lt;ID&gt;none&lt;!--Statistical usage warning
ABS.Stat beta is continuing to be developed.  Data will be updated as soon as possible following its 11:30 am release on the ABS website.
--&gt;&lt;/ID&gt;&lt;Test&gt;false&lt;/Test&gt;&lt;Truncated&gt;false&lt;/Truncated&gt;&lt;Prepared&gt;2020-03-17T00:59:41&lt;/Prepared&gt;&lt;Sender id=&quot;ABS&quot;&gt;&lt;Name xml:lang=&quot;en&quot;&gt;Australian Bureau of Statistics&lt;/Name&gt;&lt;Name xml:lang=&quot;fr&quot;&gt;Australian Bureau of Statistics&lt;/Name&gt;&lt;/Sender&gt;&lt;/Header&gt;&lt;message:CodeLists&gt;&lt;CodeList id=&quot;CL_ABS_ACLD_TENURE_SEX_ABS&quot; agencyID=&quot;ABS&quot;&gt;&lt;Name xml:lang=&quot;en&quot;&gt;Sex&lt;/Name&gt;&lt;Name xml:lang=&quot;fr&quot;&gt;Sex&lt;/Name&gt;&lt;Code value=&quot;1&quot; parentCode=&quot;3&quot;&gt;&lt;Description xml:lang=&quot;en&quot;&gt;Males&lt;/Description&gt;&lt;Description xml:lang=&quot;fr&quot;&gt;Males&lt;/Description&gt;&lt;/Code&gt;&lt;Code value=&quot;3&quot;&gt;&lt;Description xml:lang=&quot;en&quot;&gt;Persons&lt;/Description&gt;&lt;Description xml:lang=&quot;fr&quot;&gt;Persons&lt;/Description&gt;&lt;/Code&gt;&lt;Code value=&quot;2&quot; parentCode=&quot;3&quot;&gt;&lt;Description xml:lang=&quot;en&quot;&gt;Females&lt;/Description&gt;&lt;Description xml:lang=&quot;fr&quot;&gt;Females&lt;/Description&gt;&lt;/Code&gt;&lt;/CodeList&gt;&lt;CodeList id=&quot;CL_ABS_ACLD_TENURE_AGE&quot; agencyID=&quot;ABS&quot;&gt;&lt;Name xml:lang=&quot;en&quot;&gt;Age&lt;/Name&gt;&lt;Name xml:lang=&quot;fr&quot;&gt;Age&lt;/Name&gt;&lt;Code value=&quot;TT&quot;&gt;&lt;Description xml:lang=&quot;en&quot;&gt;All ages&lt;/Description&gt;&lt;Description xml:lang=&quot;fr&quot;&gt;All ages&lt;/Description&gt;&lt;/Code&gt;&lt;Code value=&quot;6599&quot;&gt;&lt;Description xml:lang=&quot;en&quot;&gt;65 and over&lt;/Description&gt;&lt;Description xml:lang=&quot;fr&quot;&gt;65 and over&lt;/Description&gt;&lt;/Code&gt;&lt;Code value=&quot;0014&quot;&gt;&lt;Description xml:lang=&quot;en&quot;&gt;0 - 14&lt;/Description&gt;&lt;Description xml:lang=&quot;fr&quot;&gt;0 - 14&lt;/Description&gt;&lt;/Code&gt;&lt;Code value=&quot;2534&quot;&gt;&lt;Description xml:lang=&quot;en&quot;&gt;25 - 34&lt;/Description&gt;&lt;Description xml:lang=&quot;fr&quot;&gt;25 - 34&lt;/Description&gt;&lt;/Code&gt;&lt;Code value=&quot;3544&quot;&gt;&lt;Description xml:lang=&quot;en&quot;&gt;35 - 44&lt;/Description&gt;&lt;Description xml:lang=&quot;fr&quot;&gt;35 - 44&lt;/Description&gt;&lt;/Code&gt;&lt;Code value=&quot;4554&quot;&gt;&lt;Description xml:lang=&quot;en&quot;&gt;45 - 54&lt;/Description&gt;&lt;Description xml:lang=&quot;fr&quot;&gt;45 - 54&lt;/Description&gt;&lt;/Code&gt;&lt;Code value=&quot;5564&quot;&gt;&lt;Description xml:lang=&quot;en&quot;&gt;55 - 64&lt;/Description&gt;&lt;Description xml:lang=&quot;fr&quot;&gt;55 - 64&lt;/Description&gt;&lt;/Code&gt;&lt;Code value=&quot;1524&quot;&gt;&lt;Description xml:lang=&quot;en&quot;&gt;15 - 24&lt;/Description&gt;&lt;Description xml:lang=&quot;fr&quot;&gt;15 - 24&lt;/Description&gt;&lt;/Code&gt;&lt;/CodeList&gt;&lt;CodeList id=&quot;CL_ABS_ACLD_TENURE_ASGS_2011&quot; agencyID=&quot;ABS&quot;&gt;&lt;Name xml:lang=&quot;en&quot;&gt;Region&lt;/Name&gt;&lt;Name xml:lang=&quot;fr&quot;&gt;Region&lt;/Name&gt;&lt;Code value=&quot;0&quot;&gt;&lt;Description xml:lang=&quot;en&quot;&gt;Australia&lt;/Description&gt;&lt;Description xml:lang=&quot;fr&quot;&gt;Australia&lt;/Description&gt;&lt;/Code&gt;&lt;Code value=&quot;1&quot; parentCode=&quot;0&quot;&gt;&lt;Description xml:lang=&quot;en&quot;&gt;New South Wales&lt;/Description&gt;&lt;Description xml:lang=&quot;fr&quot;&gt;New South Wales&lt;/Description&gt;&lt;/Code&gt;&lt;Code value=&quot;2&quot; parentCode=&quot;0&quot;&gt;&lt;Description xml:lang=&quot;en&quot;&gt;Victoria&lt;/Description&gt;&lt;Description xml:lang=&quot;fr&quot;&gt;Victoria&lt;/Description&gt;&lt;/Code&gt;&lt;Code value=&quot;3&quot; parentCode=&quot;0&quot;&gt;&lt;Description xml:lang=&quot;en&quot;&gt;Queensland&lt;/Description&gt;&lt;Description xml:lang=&quot;fr&quot;&gt;Queensland&lt;/Description&gt;&lt;/Code&gt;&lt;Code value=&quot;4&quot; parentCode=&quot;0&quot;&gt;&lt;Description xml:lang=&quot;en&quot;&gt;South Australia&lt;/Description&gt;&lt;Description xml:lang=&quot;fr&quot;&gt;South Australia&lt;/Description&gt;&lt;/Code&gt;&lt;Code value=&quot;5&quot; parentCode=&quot;0&quot;&gt;&lt;Description xml:lang=&quot;en&quot;&gt;Western Australia&lt;/Description&gt;&lt;Description xml:lang=&quot;fr&quot;&gt;Western Australia&lt;/Description&gt;&lt;/Code&gt;&lt;Code value=&quot;6&quot; parentCode=&quot;0&quot;&gt;&lt;Description xml:lang=&quot;en&quot;&gt;Tasmania&lt;/Description&gt;&lt;Description xml:lang=&quot;fr&quot;&gt;Tasmania&lt;/Description&gt;&lt;/Code&gt;&lt;Code value=&quot;7&quot; parentCode=&quot;0&quot;&gt;&lt;Description xml:lang=&quot;en&quot;&gt;Northern Territory&lt;/Description&gt;&lt;Description xml:lang=&quot;fr&quot;&gt;Northern Territory&lt;/Description&gt;&lt;/Code&gt;&lt;Code value=&quot;8&quot; parentCode=&quot;0&quot;&gt;&lt;Description xml:lang=&quot;en&quot;&gt;Australian Capital Territory&lt;/Description&gt;&lt;Description xml:lang=&quot;fr&quot;&gt;Australian Capital Territory&lt;/Description&gt;&lt;/Code&gt;&lt;/CodeList&gt;&lt;CodeList id=&quot;CL_ABS_ACLD_TENURE_TENURE_2006&quot; agencyID=&quot;ABS&quot;&gt;&lt;Name xml:lang=&quot;en&quot;&gt;Tenure and landlord type in 2006&lt;/Name&gt;&lt;Name xml:lang=&quot;fr&quot;&gt;Tenure and landlord type in 2006&lt;/Name&gt;&lt;Code value=&quot;T&quot;&gt;&lt;Description xml:lang=&quot;en&quot;&gt;Total&lt;/Description&gt;&lt;Description xml:lang=&quot;fr&quot;&gt;Total&lt;/Description&gt;&lt;/Code&gt;&lt;Code value=&quot;1&quot; parentCode=&quot;T&quot;&gt;&lt;Description xml:lang=&quot;en&quot;&gt;Owned outright&lt;/Description&gt;&lt;Description xml:lang=&quot;fr&quot;&gt;Owned outright&lt;/Description&gt;&lt;/Code&gt;&lt;Code value=&quot;2&quot; parentCode=&quot;T&quot;&gt;&lt;Description xml:lang=&quot;en&quot;&gt;Owned with a mortgage&lt;/Description&gt;&lt;Description xml:lang=&quot;fr&quot;&gt;Owned with a mortgage&lt;/Description&gt;&lt;/Code&gt;&lt;Code value=&quot;3&quot; parentCode=&quot;T&quot;&gt;&lt;Description xml:lang=&quot;en&quot;&gt;Rented&lt;/Description&gt;&lt;Description xml:lang=&quot;fr&quot;&gt;Rented&lt;/Description&gt;&lt;/Code&gt;&lt;Code value=&quot;4&quot; parentCode=&quot;T&quot;&gt;&lt;Description xml:lang=&quot;en&quot;&gt;Rented: Public&lt;/Description&gt;&lt;Description xml:lang=&quot;fr&quot;&gt;Rented: Public&lt;/Description&gt;&lt;/Code&gt;&lt;Code value=&quot;5&quot; parentCode=&quot;T&quot;&gt;&lt;Description xml:lang=&quot;en&quot;&gt;Rented: Private&lt;/Description&gt;&lt;Description xml:lang=&quot;fr&quot;&gt;Rented: Private&lt;/Description&gt;&lt;/Code&gt;&lt;Code value=&quot;6&quot; parentCode=&quot;T&quot;&gt;&lt;Description xml:lang=&quot;en&quot;&gt;Other tenure type&lt;/Description&gt;&lt;Description xml:lang=&quot;fr&quot;&gt;Other tenure type&lt;/Description&gt;&lt;/Code&gt;&lt;/CodeList&gt;&lt;CodeList id=&quot;CL_ABS_ACLD_TENURE_TENURE_2011&quot; agencyID=&quot;ABS&quot;&gt;&lt;Name xml:lang=&quot;en&quot;&gt;Tenure and landlord type in 2011&lt;/Name&gt;&lt;Name xml:lang=&quot;fr&quot;&gt;Tenure and landlord type in 2011&lt;/Name&gt;&lt;Code value=&quot;T&quot;&gt;&lt;Description xml:lang=&quot;en&quot;&gt;Total&lt;/Description&gt;&lt;Description xml:lang=&quot;fr&quot;&gt;Total&lt;/Description&gt;&lt;/Code&gt;&lt;Code value=&quot;1&quot; parentCode=&quot;T&quot;&gt;&lt;Description xml:lang=&quot;en&quot;&gt;Owned outright&lt;/Description&gt;&lt;Description xml:lang=&quot;fr&quot;&gt;Owned outright&lt;/Description&gt;&lt;/Code&gt;&lt;Code value=&quot;2&quot; parentCode=&quot;T&quot;&gt;&lt;Description xml:lang=&quot;en&quot;&gt;Owned with a mortgage&lt;/Description&gt;&lt;Description xml:lang=&quot;fr&quot;&gt;Owned with a mortgage&lt;/Description&gt;&lt;/Code&gt;&lt;Code value=&quot;3&quot; parentCode=&quot;T&quot;&gt;&lt;Description xml:lang=&quot;en&quot;&gt;Rented&lt;/Description&gt;&lt;Description xml:lang=&quot;fr&quot;&gt;Rented&lt;/Description&gt;&lt;/Code&gt;&lt;Code value=&quot;4&quot; parentCode=&quot;T&quot;&gt;&lt;Description xml:lang=&quot;en&quot;&gt;Rented: Public&lt;/Description&gt;&lt;Description xml:lang=&quot;fr&quot;&gt;Rented: Public&lt;/Description&gt;&lt;/Code&gt;&lt;Code value=&quot;5&quot; parentCode=&quot;T&quot;&gt;&lt;Description xml:lang=&quot;en&quot;&gt;Rented: Private&lt;/Description&gt;&lt;Description xml:lang=&quot;fr&quot;&gt;Rented: Private&lt;/Description&gt;&lt;/Code&gt;&lt;Code value=&quot;6&quot; parentCode=&quot;T&quot;&gt;&lt;Description xml:lang=&quot;en&quot;&gt;Other tenure type&lt;/Description&gt;&lt;Description xml:lang=&quot;fr&quot;&gt;Other tenure type&lt;/Description&gt;&lt;/Code&gt;&lt;/CodeList&gt;&lt;CodeList id=&quot;CL_ABS_ACLD_TENURE_OBS_STATUS&quot; agencyID=&quot;ABS&quot;&gt;&lt;Name xml:lang=&quot;en&quot;&gt;Observation Status&lt;/Name&gt;&lt;/CodeList&gt;&lt;CodeList id=&quot;CL_ABS_ACLD_TENURE_TIME_FORMAT&quot; agencyID=&quot;ABS&quot;&gt;&lt;Name xml:lang=&quot;en&quot;&gt;ABS_ACLD_TENURE_TIME_FORMAT codelist&lt;/Name&gt;&lt;Code value=&quot;P1Y&quot;&gt;&lt;Description xml:lang=&quot;en&quot;&gt;Annual&lt;/Description&gt;&lt;/Code&gt;&lt;Code value=&quot;P1M&quot;&gt;&lt;Description xml:lang=&quot;en&quot;&gt;Monthly&lt;/Description&gt;&lt;/Code&gt;&lt;Code value=&quot;P3M&quot;&gt;&lt;Description xml:lang=&quot;en&quot;&gt;Quarterly&lt;/Description&gt;&lt;/Code&gt;&lt;Code value=&quot;P6M&quot;&gt;&lt;Description xml:lang=&quot;en&quot;&gt;Half-yearly&lt;/Description&gt;&lt;/Code&gt;&lt;Code value=&quot;P1D&quot;&gt;&lt;Description xml:lang=&quot;en&quot;&gt;Daily&lt;/Description&gt;&lt;/Code&gt;&lt;/CodeList&gt;&lt;/message:CodeLists&gt;&lt;message:Concepts&gt;&lt;Concept id=&quot;SEX_ABS&quot; agencyID=&quot;ABS&quot;&gt;&lt;Name xml:lang=&quot;en&quot;&gt;Sex&lt;/Name&gt;&lt;Name xml:lang=&quot;fr&quot;&gt;Sex&lt;/Name&gt;&lt;/Concept&gt;&lt;Concept id=&quot;AGE&quot; agencyID=&quot;ABS&quot;&gt;&lt;Name xml:lang=&quot;en&quot;&gt;Age&lt;/Name&gt;&lt;Name xml:lang=&quot;fr&quot;&gt;Age&lt;/Name&gt;&lt;/Concept&gt;&lt;Concept id=&quot;ASGS_2011&quot; agencyID=&quot;ABS&quot;&gt;&lt;Name xml:lang=&quot;en&quot;&gt;Region&lt;/Name&gt;&lt;Name xml:lang=&quot;fr&quot;&gt;Region&lt;/Name&gt;&lt;/Concept&gt;&lt;Concept id=&quot;TENURE_2006&quot; agencyID=&quot;ABS&quot;&gt;&lt;Name xml:lang=&quot;en&quot;&gt;Tenure and landlord type in 2006&lt;/Name&gt;&lt;Name xml:lang=&quot;fr&quot;&gt;Tenure and landlord type in 2006&lt;/Name&gt;&lt;/Concept&gt;&lt;Concept id=&quot;TENURE_2011&quot; agencyID=&quot;ABS&quot;&gt;&lt;Name xml:lang=&quot;en&quot;&gt;Tenure and landlord type in 2011&lt;/Name&gt;&lt;Name xml:lang=&quot;fr&quot;&gt;Tenure and landlord type in 2011&lt;/Name&gt;&lt;/Concept&gt;&lt;Concept id=&quot;OBS_VALUE&quot; agencyID=&quot;ABS&quot;&gt;&lt;Name xml:lang=&quot;en&quot;&gt;Observation Value&lt;/Name&gt;&lt;/Concept&gt;&lt;Concept id=&quot;TIME_FORMAT&quot; agencyID=&quot;ABS&quot;&gt;&lt;Name xml:lang=&quot;en&quot;&gt;Time Format&lt;/Name&gt;&lt;/Concept&gt;&lt;Concept id=&quot;OBS_STATUS&quot; agencyID=&quot;ABS&quot;&gt;&lt;Name xml:lang=&quot;en&quot;&gt;Observation Status&lt;/Name&gt;&lt;/Concept&gt;&lt;/message:Concepts&gt;&lt;message:KeyFamilies&gt;&lt;KeyFamily id=&quot;ABS_ACLD_TENURE&quot; agencyID=&quot;ABS&quot;&gt;&lt;Nam
Loading Codelists
Codelist: ABS:CL_ATSI_BIRTHS_SUMM_MEASURE:1.0 already exists
Loading Concepts
Loading DataStructures
DS ABS:ATSI_BIRTHS_SUMM:1.0
Loading Dataflows
Loading Codelists
Codelist: ABS:CL_ATSI_FERTILITY_MEASURE:1.0 already exists
Loading Concepts
Loading DataStructures
DS ABS:ATSI_FERTILITY:1.0
Loading Dataflows
Loading Codelists
Codelist: ABS:CL_ALC_TYP:1.0 already exists
Loading Concepts
Loading DataStructures
DS ABS:ALC:1.0
Loading Dataflows
Loading Codelists
Codelist: ABS:CL_ABS_ACLD_LFSTATUS_SEX_ABS:1.0 already exists
Loading Concepts
Loading DataStructures
DS ABS:ABS_ACLD_LFSTATUS:1.0
Loading Dataflows
Loading Codelists
Codelist: ABS:CL_ABS_ACLD_TENURE_SEX_ABS:1.0 already exists
Loading Concepts
Loading DataStructures
DS ABS:ABS_ACLD_TENURE:1.0
Loading Dataflows
Loading: Australian Census Longitudinal Dataset (ACLD): Unpaid assistance to a person with disability, 2006-2011
Header=&lt;message:Structure xmlns=&quot;http://www.SDMX.org/resources/SDMXML/schemas/v2_0/structure&quot; xmlns:common=&quot;http://www.SDMX.org/resources/SDMXML/schemas/v2_0/common&quot; xsi:schemaLocation=&quot;http://www.SDMX.org/resources/SDMXML/schemas/v2_0/structure http://www.sdmx.org/docs/2_0/SDMXStructure.xsd http://www.SDMX.org/resources/SDMXML/schemas/v2_0/message http://www.sdmx.org/docs/2_0/SDMXMessage.xsd&quot; xmlns:xsi=&quot;http://www.w3.org/2001/XMLSchema-instance&quot; xmlns:message=&quot;http://www.SDMX.org/resources/SDMXML/schemas/v2_0/message&quot;&gt;&lt;Header xmlns=&quot;http://www.SDMX.org/resources/SDMXML/schemas/v2_0/message&quot;&gt;&lt;ID&gt;none&lt;!--Statistical usage warning
ABS.Stat beta is continuing to be developed.  Data will be updated as soon as possible following its 11:30 am release on the ABS website.
--&gt;&lt;/ID&gt;&lt;Test&gt;false&lt;/Test&gt;&lt;Truncated&gt;false&lt;/Truncated&gt;&lt;Prepared&gt;2020-03-17T00:59:42&lt;/Prepared&gt;&lt;Sender id=&quot;ABS&quot;&gt;&lt;Name xml:lang=&quot;en&quot;&gt;Australian Bureau of Statistics&lt;/Name&gt;&lt;Name xml:lang=&quot;fr&quot;&gt;Australian Bureau of Statistics&lt;/Name&gt;&lt;/Sender&gt;&lt;/Header&gt;&lt;message:CodeLists&gt;&lt;CodeList id=&quot;CL_ABS_ACLD_UNPAIDASST_SEX_ABS&quot; agencyID=&quot;ABS&quot;&gt;&lt;Name xml:lang=&quot;en&quot;&gt;Sex&lt;/Name&gt;&lt;Name xml:lang=&quot;fr&quot;&gt;Sex&lt;/Name&gt;&lt;Code value=&quot;1&quot; parentCode=&quot;3&quot;&gt;&lt;Description xml:lang=&quot;en&quot;&gt;Males&lt;/Description&gt;&lt;Description xml:lang=&quot;fr&quot;&gt;Males&lt;/Description&gt;&lt;/Code&gt;&lt;Code value=&quot;3&quot;&gt;&lt;Description xml:lang=&quot;en&quot;&gt;Persons&lt;/Description&gt;&lt;Description xml:lang=&quot;fr&quot;&gt;Persons&lt;/Description&gt;&lt;/Code&gt;&lt;Code value=&quot;2&quot; parentCode=&quot;3&quot;&gt;&lt;Description xml:lang=&quot;en&quot;&gt;Females&lt;/Description&gt;&lt;Description xml:lang=&quot;fr&quot;&gt;Females&lt;/Description&gt;&lt;/Code&gt;&lt;/CodeList&gt;&lt;CodeList id=&quot;CL_ABS_ACLD_UNPAIDASST_AGE&quot; agencyID=&quot;ABS&quot;&gt;&lt;Name xml:lang=&quot;en&quot;&gt;Age&lt;/Name&gt;&lt;Name xml:lang=&quot;fr&quot;&gt;Age&lt;/Name&gt;&lt;Code value=&quot;TT&quot;&gt;&lt;Description xml:lang=&quot;en&quot;&gt;All ages&lt;/Description&gt;&lt;Description xml:lang=&quot;fr&quot;&gt;All ages&lt;/Description&gt;&lt;/Code&gt;&lt;Code value=&quot;6599&quot;&gt;&lt;Description xml:lang=&quot;en&quot;&gt;65 and over&lt;/Description&gt;&lt;Description xml:lang=&quot;fr&quot;&gt;65 and over&lt;/Description&gt;&lt;/Code&gt;&lt;Code value=&quot;2534&quot;&gt;&lt;Description xml:lang=&quot;en&quot;&gt;25 - 34&lt;/Description&gt;&lt;Description xml:lang=&quot;fr&quot;&gt;25 - 34&lt;/Description&gt;&lt;/Code&gt;&lt;Code value=&quot;3544&quot;&gt;&lt;Description xml:lang=&quot;en&quot;&gt;35 - 44&lt;/Description&gt;&lt;Description xml:lang=&quot;fr&quot;&gt;35 - 44&lt;/Description&gt;&lt;/Code&gt;&lt;Code value=&quot;4554&quot;&gt;&lt;Description xml:lang=&quot;en&quot;&gt;45 - 54&lt;/Description&gt;&lt;Description xml:lang=&quot;fr&quot;&gt;45 - 54&lt;/Description&gt;&lt;/Code&gt;&lt;Code value=&quot;5564&quot;&gt;&lt;Description xml:lang=&quot;en&quot;&gt;55 - 64&lt;/Description&gt;&lt;Description xml:lang=&quot;fr&quot;&gt;55 - 64&lt;/Description&gt;&lt;/Code&gt;&lt;Code value=&quot;1524&quot;&gt;&lt;Description xml:lang=&quot;en&quot;&gt;15 - 24&lt;/Description&gt;&lt;Description xml:lang=&quot;fr&quot;&gt;15 - 24&lt;/Description&gt;&lt;/Code&gt;&lt;/CodeList&gt;&lt;CodeList id=&quot;CL_ABS_ACLD_UNPAIDASST_ASGS_2011&quot; agencyID=&quot;ABS&quot;&gt;&lt;Name xml:lang=&quot;en&quot;&gt;Region&lt;/Name&gt;&lt;Name xml:lang=&quot;fr&quot;&gt;Region&lt;/Name&gt;&lt;Code value=&quot;0&quot;&gt;&lt;Description xml:lang=&quot;en&quot;&gt;Australia&lt;/Description&gt;&lt;Description xml:lang=&quot;fr&quot;&gt;Australia&lt;/Description&gt;&lt;/Code&gt;&lt;Code value=&quot;1&quot; parentCode=&quot;0&quot;&gt;&lt;Description xml:lang=&quot;en&quot;&gt;New South Wales&lt;/Description&gt;&lt;Description xml:lang=&quot;fr&quot;&gt;New South Wales&lt;/Description&gt;&lt;/Code&gt;&lt;Code value=&quot;2&quot; parentCode=&quot;0&quot;&gt;&lt;Description xml:lang=&quot;en&quot;&gt;Victoria&lt;/Description&gt;&lt;Description xml:lang=&quot;fr&quot;&gt;Victoria&lt;/Description&gt;&lt;/Code&gt;&lt;Code value=&quot;3&quot; parentCode=&quot;0&quot;&gt;&lt;Description xml:lang=&quot;en&quot;&gt;Queensland&lt;/Description&gt;&lt;Description xml:lang=&quot;fr&quot;&gt;Queensland&lt;/Description&gt;&lt;/Code&gt;&lt;Code value=&quot;4&quot; parentCode=&quot;0&quot;&gt;&lt;Description xml:lang=&quot;en&quot;&gt;South Australia&lt;/Description&gt;&lt;Description xml:lang=&quot;fr&quot;&gt;South Australia&lt;/Description&gt;&lt;/Code&gt;&lt;Code value=&quot;5&quot; parentCode=&quot;0&quot;&gt;&lt;Description xml:lang=&quot;en&quot;&gt;Western Australia&lt;/Description&gt;&lt;Description xml:lang=&quot;fr&quot;&gt;Western Australia&lt;/Description&gt;&lt;/Code&gt;&lt;Code value=&quot;6&quot; parentCode=&quot;0&quot;&gt;&lt;Description xml:lang=&quot;en&quot;&gt;Tasmania&lt;/Description&gt;&lt;Description xml:lang=&quot;fr&quot;&gt;Tasmania&lt;/Description&gt;&lt;/Code&gt;&lt;Code value=&quot;7&quot; parentCode=&quot;0&quot;&gt;&lt;Description xml:lang=&quot;en&quot;&gt;Northern Territory&lt;/Description&gt;&lt;Description xml:lang=&quot;fr&quot;&gt;Northern Territory&lt;/Description&gt;&lt;/Code&gt;&lt;Code value=&quot;8&quot; parentCode=&quot;0&quot;&gt;&lt;Description xml:lang=&quot;en&quot;&gt;Australian Capital Territory&lt;/Description&gt;&lt;Description xml:lang=&quot;fr&quot;&gt;Australian Capital Territory&lt;/Description&gt;&lt;/Code&gt;&lt;/CodeList&gt;&lt;CodeList id=&quot;CL_ABS_ACLD_UNPAIDASST_UNPAIDASST_2006&quot; agencyID=&quot;ABS&quot;&gt;&lt;Name xml:lang=&quot;en&quot;&gt;Unpaid assistance to a person with disability in 2006&lt;/Name&gt;&lt;Name xml:lang=&quot;fr&quot;&gt;Unpaid assistance to a person with disability in 2006&lt;/Name&gt;&lt;Code value=&quot;T&quot;&gt;&lt;Description xml:lang=&quot;en&quot;&gt;Total&lt;/Description&gt;&lt;Description xml:lang=&quot;fr&quot;&gt;Total&lt;/Description&gt;&lt;/Code&gt;&lt;Code value=&quot;1&quot; parentCode=&quot;T&quot;&gt;&lt;Description xml:lang=&quot;en&quot;&gt;Provided unpaid assistance&lt;/Description&gt;&lt;Description xml:lang=&quot;fr&quot;&gt;Provided unpaid assistance&lt;/Description&gt;&lt;/Code&gt;&lt;Code value=&quot;2&quot; parentCode=&quot;T&quot;&gt;&lt;Description xml:lang=&quot;en&quot;&gt;No unpaid assistance provided&lt;/Description&gt;&lt;Description xml:lang=&quot;fr&quot;&gt;No unpaid assistance provided&lt;/Description&gt;&lt;/Code&gt;&lt;/CodeList&gt;&lt;CodeList id=&quot;CL_ABS_ACLD_UNPAIDASST_UNPAIDASST_2011&quot; agencyID=&quot;ABS&quot;&gt;&lt;Name xml:lang=&quot;en&quot;&gt;Unpaid assistance to a person with disability in 2011&lt;/Name&gt;&lt;Name xml:lang=&quot;fr&quot;&gt;Unpaid assistance to a person with disability in 2011&lt;/Name&gt;&lt;Code value=&quot;T&quot;&gt;&lt;Description xml:lang=&quot;en&quot;&gt;Total&lt;/Description&gt;&lt;Description xml:lang=&quot;fr&quot;&gt;Total&lt;/Description&gt;&lt;/Code&gt;&lt;Code value=&quot;1&quot; parentCode=&quot;T&quot;&gt;&lt;Description xml:lang=&quot;en&quot;&gt;Provided unpaid assistance&lt;/Description&gt;&lt;Description xml:lang=&quot;fr&quot;&gt;Provided unpaid assistance&lt;/Description&gt;&lt;/Code&gt;&lt;Code value=&quot;2&quot; parentCode=&quot;T&quot;&gt;&lt;Description xml:lang=&quot;en&quot;&gt;No unpaid assistance provided&lt;/Description&gt;&lt;Description xml:lang=&quot;fr&quot;&gt;No unpaid assistance provided&lt;/Description&gt;&lt;/Code&gt;&lt;/CodeList&gt;&lt;CodeList id=&quot;CL_ABS_ACLD_UNPAIDASST_OBS_STATUS&quot; agencyID=&quot;ABS&quot;&gt;&lt;Name xml:lang=&quot;en&quot;&gt;Observation Status&lt;/Name&gt;&lt;/CodeList&gt;&lt;CodeList id=&quot;CL_ABS_ACLD_UNPAIDASST_TIME_FORMAT&quot; agencyID=&quot;ABS&quot;&gt;&lt;Name xml:lang=&quot;en&quot;&gt;ABS_ACLD_UNPAIDASST_TIME_FORMAT codelist&lt;/Name&gt;&lt;Code value=&quot;P1Y&quot;&gt;&lt;Description xml:lang=&quot;en&quot;&gt;Annual&lt;/Description&gt;&lt;/Code&gt;&lt;Code value=&quot;P1M&quot;&gt;&lt;Description xml:lang=&quot;en&quot;&gt;Monthly&lt;/Description&gt;&lt;/Code&gt;&lt;Code value=&quot;P3M&quot;&gt;&lt;Description xml:lang=&quot;en&quot;&gt;Quarterly&lt;/Description&gt;&lt;/Code&gt;&lt;Code value=&quot;P6M&quot;&gt;&lt;Description xml:lang=&quot;en&quot;&gt;Half-yearly&lt;/Description&gt;&lt;/Code&gt;&lt;Code value=&quot;P1D&quot;&gt;&lt;Description xml:lang=&quot;en&quot;&gt;Daily&lt;/Description&gt;&lt;/Code&gt;&lt;/CodeList&gt;&lt;/message:CodeLists&gt;&lt;message:Concepts&gt;&lt;Concept id=&quot;SEX_ABS&quot; agencyID=&quot;ABS&quot;&gt;&lt;Name xml:lang=&quot;en&quot;&gt;Sex&lt;/Name&gt;&lt;Name xml:lang=&quot;fr&quot;&gt;Sex&lt;/Name&gt;&lt;/Concept&gt;&lt;Concept id=&quot;AGE&quot; agencyID=&quot;ABS&quot;&gt;&lt;Name xml:lang=&quot;en&quot;&gt;Age&lt;/Name&gt;&lt;Name xml:lang=&quot;fr&quot;&gt;Age&lt;/Name&gt;&lt;/Concept&gt;&lt;Concept id=&quot;ASGS_2011&quot; agencyID=&quot;ABS&quot;&gt;&lt;Name xml:lang=&quot;en&quot;&gt;Region&lt;/Name&gt;&lt;Name xml:lang=&quot;fr&quot;&gt;Region&lt;/Name&gt;&lt;/Concept&gt;&lt;Concept id=&quot;UNPAIDASST_2006&quot; agencyID=&quot;ABS&quot;&gt;&lt;Name xml:lang=&quot;en&quot;&gt;Unpaid assistance to a person with disability in 2006&lt;/Name&gt;&lt;Name xml:lang=&quot;fr&quot;&gt;Unpaid assistance to a person with disability in 2006&lt;/Name&gt;&lt;/Concept&gt;&lt;Concept id=&quot;UNPAIDASST_2011&quot; agencyID=&quot;ABS&quot;&gt;&lt;Name xml:lang=&quot;en&quot;&gt;Unpaid assistance to a person with disability in 2011&lt;/Name&gt;&lt;Name xml:lang=&quot;fr&quot;&gt;Unpaid assistance to a person with disability in 2011&lt;/Name&gt;&lt;/Concept&gt;&lt;Concept id=&quot;OBS_VALUE&quot; agencyID=&quot;ABS&quot;&gt;&lt;Name xml:lang=&quot;en&quot;&gt;Observation Value&lt;/Name&gt;&lt;/Concept&gt;&lt;Concept id=&quot;TIME_FORMAT&quot; agencyID=&quot;ABS&quot;&gt;&lt;Name xml:lang=&quot;en&quot;&gt;Time Format&lt;/Name&gt;&lt;/Concept&gt;&lt;Concept id=&quot;OBS_STATUS&quot; agencyID=&quot;ABS&quot;&gt;&lt;Name xml:lang=&quot;en&quot;&gt;Observation Status&lt;/Name&gt;&lt;/Concept&gt;&lt;/message:Concepts&gt;&lt;message:KeyFamilies&gt;&lt;KeyFamily id=&quot;ABS_ACLD_UNPAIDASST&quot; agencyID=&quot;ABS&quot;&gt;&lt;Name xml:lang=&quot;en&quot;&gt;Australian Census Longitudinal Dataset (ACLD): Unpaid assistance to a person with disability, 2006-2011&lt;/Name&gt;&lt;Name xml:lang=&quot;fr&quot;&gt;Australian Census Longitudinal Dataset (ACLD): Unpaid assistance to a person with disability, 2006-2011&lt;/Name&gt;&lt;Components&gt;&lt;Dimension codelist=&quot;CL_ABS_ACLD_UNPAIDASST_SEX_ABS&quot; conceptRef=&quot;SEX_ABS&quot; /&gt;&lt;Dimension codelist=&quot;CL_ABS_ACLD_UNPAIDASST_AGE&quot; conceptRef=&quot;AGE&quot; /&gt;&lt;Dimension codelist=&quot;CL_ABS_ACLD_UNPAIDASST_ASGS_2011&quot; conceptRef=&quot;ASGS_2011&quot; /&gt;&lt;Dimension codelist=&quot;CL_ABS_ACLD_UNPAIDASST_UNPAIDASST_2006&quot; conceptRef=&quot;UNPAIDASST_2006&quot; /&gt;&lt;Dimension codelist=&quot;CL_ABS_ACLD_UNPAIDASST_UNPAIDASST_2011&quot; conceptRef=&quot;UNPAIDASST_2011&quot; /&gt;&lt;PrimaryMeasure conceptRef=&quot;OBS_VALUE&quot;&gt;&lt;TextFormat textType=&quot;Double&quot; /&gt;&lt;/PrimaryMeasure&gt;&lt;Attribute codelist=&quot;CL_ABS_ACLD_UNPAIDASST_OBS_STATUS&quot; conceptRef=&quot;OBS_STATUS&quot; assignmentStatus=&quot;Conditional&quot; attachmentLevel=&quot;Observation&quot; /&gt;&lt;Attribute codelist=&quot;CL_ABS_ACLD_UNPAIDASST_TIME_FORMAT&quot; conceptRef=&quot;TIME_FORMAT&quot;
Loading Codelists
Codelist: ABS:CL_ATSI_BIRTHS_SUMM_MEASURE:1.0 already exists
Loading Concepts
Loading DataStructures
DS ABS:ATSI_BIRTHS_SUMM:1.0
Loading Dataflows
Loading Codelists
Codelist: ABS:CL_ATSI_FERTILITY_MEASURE:1.0 already exists
Loading Concepts
Loading DataStructures
DS ABS:ATSI_FERTILITY:1.0
Loading Dataflows
Loading Codelists
Codelist: ABS:CL_ALC_TYP:1.0 already exists
Loading Concepts
Loading DataStructures
DS ABS:ALC:1.0
Loading Dataflows
Loading Codelists
Codelist: ABS:CL_ABS_ACLD_LFSTATUS_SEX_ABS:1.0 already exists
Loading Concepts
Loading DataStructures
DS ABS:ABS_ACLD_LFSTATUS:1.0
Loading Dataflows
Loading Codelists
Codelist: ABS:CL_ABS_ACLD_TENURE_SEX_ABS:1.0 already exists
Loading Concepts
Loading DataStructures
DS ABS:ABS_ACLD_TENURE:1.0
Loading Dataflows
Loading Codelists
Codelist: ABS:CL_ABS_ACLD_UNPAIDASST_SEX_ABS:1.0 already exists
Loading Concepts
Loading DataStructures
DS ABS:ABS_ACLD_UNPAIDASST:1.0
Loading Dataflows
Loading: Australian Census Longitudinal Dataset (ACLD): Voluntary work for an organisation or group, 2006-2011
Header=&lt;message:Structure xmlns=&quot;http://www.SDMX.org/resources/SDMXML/schemas/v2_0/structure&quot; xmlns:common=&quot;http://www.SDMX.org/resources/SDMXML/schemas/v2_0/common&quot; xsi:schemaLocation=&quot;http://www.SDMX.org/resources/SDMXML/schemas/v2_0/structure http://www.sdmx.org/docs/2_0/SDMXStructure.xsd http://www.SDMX.org/resources/SDMXML/schemas/v2_0/message http://www.sdmx.org/docs/2_0/SDMXMessage.xsd&quot; xmlns:xsi=&quot;http://www.w3.org/2001/XMLSchema-instance&quot; xmlns:message=&quot;http://www.SDMX.org/resources/SDMXML/schemas/v2_0/message&quot;&gt;&lt;Header xmlns=&quot;http://www.SDMX.org/resources/SDMXML/schemas/v2_0/message&quot;&gt;&lt;ID&gt;none&lt;!--Statistical usage warning
ABS.Stat beta is continuing to be developed.  Data will be updated as soon as possible following its 11:30 am release on the ABS website.
--&gt;&lt;/ID&gt;&lt;Test&gt;false&lt;/Test&gt;&lt;Truncated&gt;false&lt;/Truncated&gt;&lt;Prepared&gt;2020-03-17T00:59:42&lt;/Prepared&gt;&lt;Sender id=&quot;ABS&quot;&gt;&lt;Name xml:lang=&quot;en&quot;&gt;Australian Bureau of Statistics&lt;/Name&gt;&lt;Name xml:lang=&quot;fr&quot;&gt;Australian Bureau of Statistics&lt;/Name&gt;&lt;/Sender&gt;&lt;/Header&gt;&lt;message:CodeLists&gt;&lt;CodeList id=&quot;CL_ABS_ACLD_VOLWORK_SEX_ABS&quot; agencyID=&quot;ABS&quot;&gt;&lt;Name xml:lang=&quot;en&quot;&gt;Sex&lt;/Name&gt;&lt;Name xml:lang=&quot;fr&quot;&gt;Sex&lt;/Name&gt;&lt;Code value=&quot;1&quot; parentCode=&quot;3&quot;&gt;&lt;Description xml:lang=&quot;en&quot;&gt;Males&lt;/Description&gt;&lt;Description xml:lang=&quot;fr&quot;&gt;Males&lt;/Description&gt;&lt;/Code&gt;&lt;Code value=&quot;3&quot;&gt;&lt;Description xml:lang=&quot;en&quot;&gt;Persons&lt;/Description&gt;&lt;Description xml:lang=&quot;fr&quot;&gt;Persons&lt;/Description&gt;&lt;/Code&gt;&lt;Code value=&quot;2&quot; parentCode=&quot;3&quot;&gt;&lt;Description xml:lang=&quot;en&quot;&gt;Females&lt;/Description&gt;&lt;Description xml:lang=&quot;fr&quot;&gt;Females&lt;/Description&gt;&lt;/Code&gt;&lt;/CodeList&gt;&lt;CodeList id=&quot;CL_ABS_ACLD_VOLWORK_AGE&quot; agencyID=&quot;ABS&quot;&gt;&lt;Name xml:lang=&quot;en&quot;&gt;Age&lt;/Name&gt;&lt;Name xml:lang=&quot;fr&quot;&gt;Age&lt;/Name&gt;&lt;Code value=&quot;TT&quot;&gt;&lt;Description xml:lang=&quot;en&quot;&gt;All ages&lt;/Description&gt;&lt;Description xml:lang=&quot;fr&quot;&gt;All ages&lt;/Description&gt;&lt;/Code&gt;&lt;Code value=&quot;6599&quot;&gt;&lt;Description xml:lang=&quot;en&quot;&gt;65 and over&lt;/Description&gt;&lt;Description xml:lang=&quot;fr&quot;&gt;65 and over&lt;/Description&gt;&lt;/Code&gt;&lt;Code value=&quot;2534&quot;&gt;&lt;Description xml:lang=&quot;en&quot;&gt;25 - 34&lt;/Description&gt;&lt;Description xml:lang=&quot;fr&quot;&gt;25 - 34&lt;/Description&gt;&lt;/Code&gt;&lt;Code value=&quot;3544&quot;&gt;&lt;Description xml:lang=&quot;en&quot;&gt;35 - 44&lt;/Description&gt;&lt;Description xml:lang=&quot;fr&quot;&gt;35 - 44&lt;/Description&gt;&lt;/Code&gt;&lt;Code value=&quot;4554&quot;&gt;&lt;Description xml:lang=&quot;en&quot;&gt;45 - 54&lt;/Description&gt;&lt;Description xml:lang=&quot;fr&quot;&gt;45 - 54&lt;/Description&gt;&lt;/Code&gt;&lt;Code value=&quot;5564&quot;&gt;&lt;Description xml:lang=&quot;en&quot;&gt;55 - 64&lt;/Description&gt;&lt;Description xml:lang=&quot;fr&quot;&gt;55 - 64&lt;/Description&gt;&lt;/Code&gt;&lt;Code value=&quot;1524&quot;&gt;&lt;Description xml:lang=&quot;en&quot;&gt;15 - 24&lt;/Description&gt;&lt;Description xml:lang=&quot;fr&quot;&gt;15 - 24&lt;/Description&gt;&lt;/Code&gt;&lt;/CodeList&gt;&lt;CodeList id=&quot;CL_ABS_ACLD_VOLWORK_ASGS_2011&quot; agencyID=&quot;ABS&quot;&gt;&lt;Name xml:lang=&quot;en&quot;&gt;Region&lt;/Name&gt;&lt;Name xml:lang=&quot;fr&quot;&gt;Region&lt;/Name&gt;&lt;Code value=&quot;0&quot;&gt;&lt;Description xml:lang=&quot;en&quot;&gt;Australia&lt;/Description&gt;&lt;Description xml:lang=&quot;fr&quot;&gt;Australia&lt;/Description&gt;&lt;/Code&gt;&lt;Code value=&quot;1&quot; parentCode=&quot;0&quot;&gt;&lt;Description xml:lang=&quot;en&quot;&gt;New South Wales&lt;/Description&gt;&lt;Description xml:lang=&quot;fr&quot;&gt;New South Wales&lt;/Description&gt;&lt;/Code&gt;&lt;Code value=&quot;2&quot; parentCode=&quot;0&quot;&gt;&lt;Description xml:lang=&quot;en&quot;&gt;Victoria&lt;/Description&gt;&lt;Description xml:lang=&quot;fr&quot;&gt;Victoria&lt;/Description&gt;&lt;/Code&gt;&lt;Code value=&quot;3&quot; parentCode=&quot;0&quot;&gt;&lt;Description xml:lang=&quot;en&quot;&gt;Queensland&lt;/Description&gt;&lt;Description xml:lang=&quot;fr&quot;&gt;Queensland&lt;/Description&gt;&lt;/Code&gt;&lt;Code value=&quot;4&quot; parentCode=&quot;0&quot;&gt;&lt;Description xml:lang=&quot;en&quot;&gt;South Australia&lt;/Description&gt;&lt;Description xml:lang=&quot;fr&quot;&gt;South Australia&lt;/Description&gt;&lt;/Code&gt;&lt;Code value=&quot;5&quot; parentCode=&quot;0&quot;&gt;&lt;Description xml:lang=&quot;en&quot;&gt;Western Australia&lt;/Description&gt;&lt;Description xml:lang=&quot;fr&quot;&gt;Western Australia&lt;/Description&gt;&lt;/Code&gt;&lt;Code value=&quot;6&quot; parentCode=&quot;0&quot;&gt;&lt;Description xml:lang=&quot;en&quot;&gt;Tasmania&lt;/Description&gt;&lt;Description xml:lang=&quot;fr&quot;&gt;Tasmania&lt;/Description&gt;&lt;/Code&gt;&lt;Code value=&quot;7&quot; parentCode=&quot;0&quot;&gt;&lt;Description xml:lang=&quot;en&quot;&gt;Northern Territory&lt;/Description&gt;&lt;Description xml:lang=&quot;fr&quot;&gt;Northern Territory&lt;/Description&gt;&lt;/Code&gt;&lt;Code value=&quot;8&quot; parentCode=&quot;0&quot;&gt;&lt;Description xml:lang=&quot;en&quot;&gt;Australian Capital Territory&lt;/Description&gt;&lt;Description xml:lang=&quot;fr&quot;&gt;Australian Capital Territory&lt;/Description&gt;&lt;/Code&gt;&lt;/CodeList&gt;&lt;CodeList id=&quot;CL_ABS_ACLD_VOLWORK_VOLWORK_2006&quot; agencyID=&quot;ABS&quot;&gt;&lt;Name xml:lang=&quot;en&quot;&gt;Voluntary work for an organisation or group in 2006&lt;/Name&gt;&lt;Name xml:lang=&quot;fr&quot;&gt;Voluntary work for an organisation or group in 2006&lt;/Name&gt;&lt;Code value=&quot;T&quot;&gt;&lt;Description xml:lang=&quot;en&quot;&gt;Total&lt;/Description&gt;&lt;Description xml:lang=&quot;fr&quot;&gt;Total&lt;/Description&gt;&lt;/Code&gt;&lt;Code value=&quot;1&quot; parentCode=&quot;T&quot;&gt;&lt;Description xml:lang=&quot;en&quot;&gt;Volunteer&lt;/Description&gt;&lt;Description xml:lang=&quot;fr&quot;&gt;Volunteer&lt;/Description&gt;&lt;/Code&gt;&lt;Code value=&quot;2&quot; parentCode=&quot;T&quot;&gt;&lt;Description xml:lang=&quot;en&quot;&gt;Not a volunteer&lt;/Description&gt;&lt;Description xml:lang=&quot;fr&quot;&gt;Not a volunteer&lt;/Description&gt;&lt;/Code&gt;&lt;/CodeList&gt;&lt;CodeList id=&quot;CL_ABS_ACLD_VOLWORK_VOLWORK_2011&quot; agencyID=&quot;ABS&quot;&gt;&lt;Name xml:lang=&quot;en&quot;&gt;Voluntary work for an organisation or group in 2011&lt;/Name&gt;&lt;Name xml:lang=&quot;fr&quot;&gt;Voluntary work for an organisation or group in 2011&lt;/Name&gt;&lt;Code value=&quot;T&quot;&gt;&lt;Description xml:lang=&quot;en&quot;&gt;Total&lt;/Description&gt;&lt;Description xml:lang=&quot;fr&quot;&gt;Total&lt;/Description&gt;&lt;/Code&gt;&lt;Code value=&quot;1&quot; parentCode=&quot;T&quot;&gt;&lt;Description xml:lang=&quot;en&quot;&gt;Volunteer&lt;/Description&gt;&lt;Description xml:lang=&quot;fr&quot;&gt;Volunteer&lt;/Description&gt;&lt;/Code&gt;&lt;Code value=&quot;2&quot; parentCode=&quot;T&quot;&gt;&lt;Description xml:lang=&quot;en&quot;&gt;Not a volunteer&lt;/Description&gt;&lt;Description xml:lang=&quot;fr&quot;&gt;Not a volunteer&lt;/Description&gt;&lt;/Code&gt;&lt;/CodeList&gt;&lt;CodeList id=&quot;CL_ABS_ACLD_VOLWORK_OBS_STATUS&quot; agencyID=&quot;ABS&quot;&gt;&lt;Name xml:lang=&quot;en&quot;&gt;Observation Status&lt;/Name&gt;&lt;/CodeList&gt;&lt;CodeList id=&quot;CL_ABS_ACLD_VOLWORK_TIME_FORMAT&quot; agencyID=&quot;ABS&quot;&gt;&lt;Name xml:lang=&quot;en&quot;&gt;ABS_ACLD_VOLWORK_TIME_FORMAT codelist&lt;/Name&gt;&lt;Code value=&quot;P1Y&quot;&gt;&lt;Description xml:lang=&quot;en&quot;&gt;Annual&lt;/Description&gt;&lt;/Code&gt;&lt;Code value=&quot;P1M&quot;&gt;&lt;Description xml:lang=&quot;en&quot;&gt;Monthly&lt;/Description&gt;&lt;/Code&gt;&lt;Code value=&quot;P3M&quot;&gt;&lt;Description xml:lang=&quot;en&quot;&gt;Quarterly&lt;/Description&gt;&lt;/Code&gt;&lt;Code value=&quot;P6M&quot;&gt;&lt;Description xml:lang=&quot;en&quot;&gt;Half-yearly&lt;/Description&gt;&lt;/Code&gt;&lt;Code value=&quot;P1D&quot;&gt;&lt;Description xml:lang=&quot;en&quot;&gt;Daily&lt;/Description&gt;&lt;/Code&gt;&lt;/CodeList&gt;&lt;/message:CodeLists&gt;&lt;message:Concepts&gt;&lt;Concept id=&quot;SEX_ABS&quot; agencyID=&quot;ABS&quot;&gt;&lt;Name xml:lang=&quot;en&quot;&gt;Sex&lt;/Name&gt;&lt;Name xml:lang=&quot;fr&quot;&gt;Sex&lt;/Name&gt;&lt;/Concept&gt;&lt;Concept id=&quot;AGE&quot; agencyID=&quot;ABS&quot;&gt;&lt;Name xml:lang=&quot;en&quot;&gt;Age&lt;/Name&gt;&lt;Name xml:lang=&quot;fr&quot;&gt;Age&lt;/Name&gt;&lt;/Concept&gt;&lt;Concept id=&quot;ASGS_2011&quot; agencyID=&quot;ABS&quot;&gt;&lt;Name xml:lang=&quot;en&quot;&gt;Region&lt;/Name&gt;&lt;Name xml:lang=&quot;fr&quot;&gt;Region&lt;/Name&gt;&lt;/Concept&gt;&lt;Concept id=&quot;VOLWORK_2006&quot; agencyID=&quot;ABS&quot;&gt;&lt;Name xml:lang=&quot;en&quot;&gt;Voluntary work for an organisation or group in 2006&lt;/Name&gt;&lt;Name xml:lang=&quot;fr&quot;&gt;Voluntary work for an organisation or group in 2006&lt;/Name&gt;&lt;/Concept&gt;&lt;Concept id=&quot;VOLWORK_2011&quot; agencyID=&quot;ABS&quot;&gt;&lt;Name xml:lang=&quot;en&quot;&gt;Voluntary work for an organisation or group in 2011&lt;/Name&gt;&lt;Name xml:lang=&quot;fr&quot;&gt;Voluntary work for an organisation or group in 2011&lt;/Name&gt;&lt;/Concept&gt;&lt;Concept id=&quot;OBS_VALUE&quot; agencyID=&quot;ABS&quot;&gt;&lt;Name xml:lang=&quot;en&quot;&gt;Observation Value&lt;/Name&gt;&lt;/Concept&gt;&lt;Concept id=&quot;TIME_FORMAT&quot; agencyID=&quot;ABS&quot;&gt;&lt;Name xml:lang=&quot;en&quot;&gt;Time Format&lt;/Name&gt;&lt;/Concept&gt;&lt;Concept id=&quot;OBS_STATUS&quot; agencyID=&quot;ABS&quot;&gt;&lt;Name xml:lang=&quot;en&quot;&gt;Observation Status&lt;/Name&gt;&lt;/Concept&gt;&lt;/message:Concepts&gt;&lt;message:KeyFamilies&gt;&lt;KeyFamily id=&quot;ABS_ACLD_VOLWORK&quot; agencyID=&quot;ABS&quot;&gt;&lt;Name xml:lang=&quot;en&quot;&gt;Australian Census Longitudinal Dataset (ACLD): Voluntary work for an organisation or group, 2006-2011&lt;/Name&gt;&lt;Name xml:lang=&quot;fr&quot;&gt;Australian Census Longitudinal Dataset (ACLD): Voluntary work for an organisation or group, 2006-2011&lt;/Name&gt;&lt;Components&gt;&lt;Dimension codelist=&quot;CL_ABS_ACLD_VOLWORK_SEX_ABS&quot; conceptRef=&quot;SEX_ABS&quot; /&gt;&lt;Dimension codelist=&quot;CL_ABS_ACLD_VOLWORK_AGE&quot; conceptRef=&quot;AGE&quot; /&gt;&lt;Dimension codelist=&quot;CL_ABS_ACLD_VOLWORK_ASGS_2011&quot; conceptRef=&quot;ASGS_2011&quot; /&gt;&lt;Dimension codelist=&quot;CL_ABS_ACLD_VOLWORK_VOLWORK_2006&quot; conceptRef=&quot;VOLWORK_2006&quot; /&gt;&lt;Dimension codelist=&quot;CL_ABS_ACLD_VOLWORK_VOLWORK_2011&quot; conceptRef=&quot;VOLWORK_2011&quot; /&gt;&lt;PrimaryMeasure conceptRef=&quot;OBS_VALUE&quot;&gt;&lt;TextFormat textType=&quot;Double&quot; /&gt;&lt;/PrimaryMeasure&gt;&lt;Attribute codelist=&quot;CL_ABS_ACLD_VOLWORK_OBS_STATUS&quot; conceptRef=&quot;OBS_STATUS&quot; assignmentStatus=&quot;Conditional&quot; attachmentLevel=&quot;Observation&quot; /&gt;&lt;Attribute codelist=&quot;CL_ABS_ACLD_VOLWORK_TIME_FORMAT&quot; conceptRef=&quot;TIME_FORMAT&quot; assignmentStatus=&quot;Conditional&quot; attachmentLevel=&quot;Series&quot; isTimeFormat=&quot;true&quot; /&gt;&lt;/Components&gt;&lt;/KeyFamily&gt;&lt;/message:KeyFamilies&gt;&lt;/message:Structure&gt;
Loading Codelists
Codelist: ABS:CL_ATSI_BIRTHS_SUMM_MEASURE:1.0 already exists
Loading Concepts
Loading DataStructures
DS ABS:ATSI_BIRTHS_SUMM:1.0
Loading Dataflows
Loading Codelists
Codelist: ABS:CL_ATSI_FERTILITY_MEASURE:1.0 already exists
Loading Concepts
Loading DataStructures
DS ABS:ATSI_FERTILITY:1.0
Loading Dataflows
Loading Codelists
Codelist: ABS:CL_ALC_TYP:1.0 already exists
Loading Concepts
Loading DataStructures
DS ABS:ALC:1.0
Loading Dataflows
Loading Codelists
Codelist: ABS:CL_ABS_ACLD_LFSTATUS_SEX_ABS:1.0 already exists
Loading Concepts
Loading DataStructures
DS ABS:ABS_ACLD_LFSTATUS:1.0
Loading Dataflows
Loading Codelists
Codelist: ABS:CL_ABS_ACLD_TENURE_SEX_ABS:1.0 already exists
Loading Concepts
Loading DataStructures
DS ABS:ABS_ACLD_TENURE:1.0
Loading Dataflows
Loading Codelists
Codelist: ABS:CL_ABS_ACLD_UNPAIDASST_SEX_ABS:1.0 already exists
Loading Concepts
Loading DataStructures
DS ABS:ABS_ACLD_UNPAIDASST:1.0
Loading Dataflows
Loading Codelists
Codelist: ABS:CL_ABS_ACLD_VOLWORK_SEX_ABS:1.0 already exists
Loading Concepts
Loading DataStructures
DS ABS:ABS_ACLD_VOLWORK:1.0
Loading Dataflows
Loading: Australian Marriage Law Postal Survey 2017 - Participation
Header=&lt;message:Structure xmlns=&quot;http://www.SDMX.org/resources/SDMXML/schemas/v2_0/structure&quot; xmlns:common=&quot;http://www.SDMX.org/resources/SDMXML/schemas/v2_0/common&quot; xsi:schemaLocation=&quot;http://www.SDMX.org/resources/SDMXML/schemas/v2_0/structure http://www.sdmx.org/docs/2_0/SDMXStructure.xsd http://www.SDMX.org/resources/SDMXML/schemas/v2_0/message http://www.sdmx.org/docs/2_0/SDMXMessage.xsd&quot; xmlns:xsi=&quot;http://www.w3.org/2001/XMLSchema-instance&quot; xmlns:message=&quot;http://www.SDMX.org/resources/SDMXML/schemas/v2_0/message&quot;&gt;&lt;Header xmlns=&quot;http://www.SDMX.org/resources/SDMXML/schemas/v2_0/message&quot;&gt;&lt;ID&gt;none&lt;!--Statistical usage warning
ABS.Stat beta is continuing to be developed.  Data will be updated as soon as possible following its 11:30 am release on the ABS website.
--&gt;&lt;/ID&gt;&lt;Test&gt;false&lt;/Test&gt;&lt;Truncated&gt;false&lt;/Truncated&gt;&lt;Prepared&gt;2020-03-17T00:59:43&lt;/Prepared&gt;&lt;Sender id=&quot;ABS&quot;&gt;&lt;Name xml:lang=&quot;en&quot;&gt;Australian Bureau of Statistics&lt;/Name&gt;&lt;Name xml:lang=&quot;fr&quot;&gt;Australian Bureau of Statistics&lt;/Name&gt;&lt;/Sender&gt;&lt;/Header&gt;&lt;message:CodeLists&gt;&lt;CodeList id=&quot;CL_AMLPS_PART_2017_MEASURE&quot; agencyID=&quot;ABS&quot;&gt;&lt;Name xml:lang=&quot;en&quot;&gt;Measure&lt;/Name&gt;&lt;Name xml:lang=&quot;fr&quot;&gt;Measure&lt;/Name&gt;&lt;Code value=&quot;PART_TOT&quot;&gt;&lt;Description xml:lang=&quot;en&quot;&gt;Total participants&lt;/Description&gt;&lt;Description xml:lang=&quot;fr&quot;&gt;Total participants&lt;/Description&gt;&lt;/Code&gt;&lt;Code value=&quot;PART_EL&quot;&gt;&lt;Description xml:lang=&quot;en&quot;&gt;Eligible participants&lt;/Description&gt;&lt;Description xml:lang=&quot;fr&quot;&gt;Eligible participants&lt;/Description&gt;&lt;/Code&gt;&lt;Code value=&quot;PART_PCT&quot;&gt;&lt;Description xml:lang=&quot;en&quot;&gt;Participation rate (%)&lt;/Description&gt;&lt;Description xml:lang=&quot;fr&quot;&gt;Participation rate (%)&lt;/Description&gt;&lt;/Code&gt;&lt;/CodeList&gt;&lt;CodeList id=&quot;CL_AMLPS_PART_2017_REGIONTYPE&quot; agencyID=&quot;ABS&quot;&gt;&lt;Name xml:lang=&quot;en&quot;&gt;Geography Level&lt;/Name&gt;&lt;Name xml:lang=&quot;fr&quot;&gt;Geography Level&lt;/Name&gt;&lt;Code value=&quot;AUS&quot;&gt;&lt;Description xml:lang=&quot;en&quot;&gt;Australia&lt;/Description&gt;&lt;Description xml:lang=&quot;fr&quot;&gt;Australia&lt;/Description&gt;&lt;/Code&gt;&lt;Code value=&quot;STE&quot;&gt;&lt;Description xml:lang=&quot;en&quot;&gt;States and Territories&lt;/Description&gt;&lt;Description xml:lang=&quot;fr&quot;&gt;States and Territories&lt;/Description&gt;&lt;/Code&gt;&lt;Code value=&quot;FED&quot;&gt;&lt;Description xml:lang=&quot;en&quot;&gt;Federal Electoral Division&lt;/Description&gt;&lt;Description xml:lang=&quot;fr&quot;&gt;Federal Electoral Division&lt;/Description&gt;&lt;/Code&gt;&lt;/CodeList&gt;&lt;CodeList id=&quot;CL_AMLPS_PART_2017_AEC_FED_2017&quot; agencyID=&quot;ABS&quot;&gt;&lt;Name xml:lang=&quot;en&quot;&gt;Federal Electoral Division&lt;/Name&gt;&lt;Name xml:lang=&quot;fr&quot;&gt;Federal Electoral Division&lt;/Name&gt;&lt;Code value=&quot;0&quot;&gt;&lt;Description xml:lang=&quot;en&quot;&gt;Australia&lt;/Description&gt;&lt;Description xml:lang=&quot;fr&quot;&gt;Australia&lt;/Description&gt;&lt;/Code&gt;&lt;Code value=&quot;1&quot; parentCode=&quot;0&quot;&gt;&lt;Description xml:lang=&quot;en&quot;&gt;New South Wales&lt;/Description&gt;&lt;Description xml:lang=&quot;fr&quot;&gt;New South Wales&lt;/Description&gt;&lt;/Code&gt;&lt;Code value=&quot;2&quot; parentCode=&quot;0&quot;&gt;&lt;Description xml:lang=&quot;en&quot;&gt;Victoria&lt;/Description&gt;&lt;Description xml:lang=&quot;fr&quot;&gt;Victoria&lt;/Description&gt;&lt;/Code&gt;&lt;Code value=&quot;3&quot; parentCode=&quot;0&quot;&gt;&lt;Description xml:lang=&quot;en&quot;&gt;Queensland&lt;/Description&gt;&lt;Description xml:lang=&quot;fr&quot;&gt;Queensland&lt;/Description&gt;&lt;/Code&gt;&lt;Code value=&quot;4&quot; parentCode=&quot;0&quot;&gt;&lt;Description xml:lang=&quot;en&quot;&gt;South Australia&lt;/Description&gt;&lt;Description xml:lang=&quot;fr&quot;&gt;South Australia&lt;/Description&gt;&lt;/Code&gt;&lt;Code value=&quot;5&quot; parentCode=&quot;0&quot;&gt;&lt;Description xml:lang=&quot;en&quot;&gt;Western Australia&lt;/Description&gt;&lt;Description xml:lang=&quot;fr&quot;&gt;Western Australia&lt;/Description&gt;&lt;/Code&gt;&lt;Code value=&quot;6&quot; parentCode=&quot;0&quot;&gt;&lt;Description xml:lang=&quot;en&quot;&gt;Tasmania&lt;/Description&gt;&lt;Description xml:lang=&quot;fr&quot;&gt;Tasmania&lt;/Description&gt;&lt;/Code&gt;&lt;Code value=&quot;7&quot; parentCode=&quot;0&quot;&gt;&lt;Description xml:lang=&quot;en&quot;&gt;Northern Territory&lt;/Description&gt;&lt;Description xml:lang=&quot;fr&quot;&gt;Northern Territory&lt;/Description&gt;&lt;/Code&gt;&lt;Code value=&quot;8&quot; parentCode=&quot;0&quot;&gt;&lt;Description xml:lang=&quot;en&quot;&gt;Australian Capital Territory&lt;/Description&gt;&lt;Description xml:lang=&quot;fr&quot;&gt;Australian Capital Territory&lt;/Description&gt;&lt;/Code&gt;&lt;Code value=&quot;CANB&quot; parentCode=&quot;8&quot;&gt;&lt;Description xml:lang=&quot;en&quot;&gt;Canberra&lt;/Description&gt;&lt;Description xml:lang=&quot;fr&quot;&gt;Canberra&lt;/Description&gt;&lt;/Code&gt;&lt;Code value=&quot;FENN&quot; parentCode=&quot;8&quot;&gt;&lt;Description xml:lang=&quot;en&quot;&gt;Fenner&lt;/Description&gt;&lt;Description xml:lang=&quot;fr&quot;&gt;Fenner&lt;/Description&gt;&lt;/Code&gt;&lt;Code value=&quot;BANK&quot; parentCode=&quot;1&quot;&gt;&lt;Description xml:lang=&quot;en&quot;&gt;Banks&lt;/Description&gt;&lt;Description xml:lang=&quot;fr&quot;&gt;Banks&lt;/Description&gt;&lt;/Code&gt;&lt;Code value=&quot;BART&quot; parentCode=&quot;1&quot;&gt;&lt;Description xml:lang=&quot;en&quot;&gt;Barton&lt;/Description&gt;&lt;Description xml:lang=&quot;fr&quot;&gt;Barton&lt;/Description&gt;&lt;/Code&gt;&lt;Code value=&quot;BENN&quot; parentCode=&quot;1&quot;&gt;&lt;Description xml:lang=&quot;en&quot;&gt;Bennelong&lt;/Description&gt;&lt;Description xml:lang=&quot;fr&quot;&gt;Bennelong&lt;/Description&gt;&lt;/Code&gt;&lt;Code value=&quot;BERO&quot; parentCode=&quot;1&quot;&gt;&lt;Description xml:lang=&quot;en&quot;&gt;Berowra&lt;/Description&gt;&lt;Description xml:lang=&quot;fr&quot;&gt;Berowra&lt;/Description&gt;&lt;/Code&gt;&lt;Code value=&quot;BLAX&quot; parentCode=&quot;1&quot;&gt;&lt;Description xml:lang=&quot;en&quot;&gt;Blaxland&lt;/Description&gt;&lt;Description xml:lang=&quot;fr&quot;&gt;Blaxland&lt;/Description&gt;&lt;/Code&gt;&lt;Code value=&quot;BRFD&quot; parentCode=&quot;1&quot;&gt;&lt;Description xml:lang=&quot;en&quot;&gt;Bradfield&lt;/Description&gt;&lt;Description xml:lang=&quot;fr&quot;&gt;Bradfield&lt;/Description&gt;&lt;/Code&gt;&lt;Code value=&quot;CALA&quot; parentCode=&quot;1&quot;&gt;&lt;Description xml:lang=&quot;en&quot;&gt;Calare&lt;/Description&gt;&lt;Description xml:lang=&quot;fr&quot;&gt;Calare&lt;/Description&gt;&lt;/Code&gt;&lt;Code value=&quot;CHIF&quot; parentCode=&quot;1&quot;&gt;&lt;Description xml:lang=&quot;en&quot;&gt;Chifley&lt;/Description&gt;&lt;Description xml:lang=&quot;fr&quot;&gt;Chifley&lt;/Description&gt;&lt;/Code&gt;&lt;Code value=&quot;COOK&quot; parentCode=&quot;1&quot;&gt;&lt;Description xml:lang=&quot;en&quot;&gt;Cook&lt;/Description&gt;&lt;Description xml:lang=&quot;fr&quot;&gt;Cook&lt;/Description&gt;&lt;/Code&gt;&lt;Code value=&quot;COWP&quot; parentCode=&quot;1&quot;&gt;&lt;Description xml:lang=&quot;en&quot;&gt;Cowper&lt;/Description&gt;&lt;Description xml:lang=&quot;fr&quot;&gt;Cowper&lt;/Description&gt;&lt;/Code&gt;&lt;Code value=&quot;CUNN&quot; parentCode=&quot;1&quot;&gt;&lt;Description xml:lang=&quot;en&quot;&gt;Cunningham&lt;/Description&gt;&lt;Description xml:lang=&quot;fr&quot;&gt;Cunningham&lt;/Description&gt;&lt;/Code&gt;&lt;Code value=&quot;DOBE&quot; parentCode=&quot;1&quot;&gt;&lt;Description xml:lang=&quot;en&quot;&gt;Dobell&lt;/Description&gt;&lt;Description xml:lang=&quot;fr&quot;&gt;Dobell&lt;/Description&gt;&lt;/Code&gt;&lt;Code value=&quot;EMON&quot; parentCode=&quot;1&quot;&gt;&lt;Description xml:lang=&quot;en&quot;&gt;Eden-Monaro&lt;/Description&gt;&lt;Description xml:lang=&quot;fr&quot;&gt;Eden-Monaro&lt;/Description&gt;&lt;/Code&gt;&lt;Code value=&quot;FARR&quot; parentCode=&quot;1&quot;&gt;&lt;Description xml:lang=&quot;en&quot;&gt;Farrer&lt;/Description&gt;&lt;Description xml:lang=&quot;fr&quot;&gt;Farrer&lt;/Description&gt;&lt;/Code&gt;&lt;Code value=&quot;FOWL&quot; parentCode=&quot;1&quot;&gt;&lt;Description xml:lang=&quot;en&quot;&gt;Fowler&lt;/Description&gt;&lt;Description xml:lang=&quot;fr&quot;&gt;Fowler&lt;/Description&gt;&lt;/Code&gt;&lt;Code value=&quot;GILM&quot; parentCode=&quot;1&quot;&gt;&lt;Description xml:lang=&quot;en&quot;&gt;Gilmore&lt;/Description&gt;&lt;Description xml:lang=&quot;fr&quot;&gt;Gilmore&lt;/Description&gt;&lt;/Code&gt;&lt;Code value=&quot;GRAY&quot; parentCode=&quot;1&quot;&gt;&lt;Description xml:lang=&quot;en&quot;&gt;Grayndler&lt;/Description&gt;&lt;Description xml:lang=&quot;fr&quot;&gt;Grayndler&lt;/Description&gt;&lt;/Code&gt;&lt;Code value=&quot;GREE&quot; parentCode=&quot;1&quot;&gt;&lt;Description xml:lang=&quot;en&quot;&gt;Greenway&lt;/Description&gt;&lt;Description xml:lang=&quot;fr&quot;&gt;Greenway&lt;/Description&gt;&lt;/Code&gt;&lt;Code value=&quot;HUGH&quot; parentCode=&quot;1&quot;&gt;&lt;Description xml:lang=&quot;en&quot;&gt;Hughes&lt;/Description&gt;&lt;Description xml:lang=&quot;fr&quot;&gt;Hughes&lt;/Description&gt;&lt;/Code&gt;&lt;Code value=&quot;HUME&quot; parentCode=&quot;1&quot;&gt;&lt;Description xml:lang=&quot;en&quot;&gt;Hume&lt;/Description&gt;&lt;Description xml:lang=&quot;fr&quot;&gt;Hume&lt;/Description&gt;&lt;/Code&gt;&lt;Code value=&quot;HUNT&quot; parentCode=&quot;1&quot;&gt;&lt;Description xml:lang=&quot;en&quot;&gt;Hunter&lt;/Description&gt;&lt;Description xml:lang=&quot;fr&quot;&gt;Hunter&lt;/Description&gt;&lt;/Code&gt;&lt;Code value=&quot;KSMI&quot; parentCode=&quot;1&quot;&gt;&lt;Description xml:lang=&quot;en&quot;&gt;Kingsford Smith&lt;/Description&gt;&lt;Description xml:lang=&quot;fr&quot;&gt;Kingsford Smith&lt;/Description&gt;&lt;/Code&gt;&lt;Code value=&quot;LIND&quot; parentCode=&quot;1&quot;&gt;&lt;Description xml:lang=&quot;en&quot;&gt;Lindsay&lt;/Description&gt;&lt;Description xml:lang=&quot;fr&quot;&gt;Lindsay&lt;/Description&gt;&lt;/Code&gt;&lt;Code value=&quot;LYNE&quot; parentCode=&quot;1&quot;&gt;&lt;Description xml:lang=&quot;en&quot;&gt;Lyne&lt;/Description&gt;&lt;Description xml:lang=&quot;fr&quot;&gt;Lyne&lt;/Description&gt;&lt;/Code&gt;&lt;Code value=&quot;MACA&quot; parentCode=&quot;1&quot;&gt;&lt;Description xml:lang=&quot;en&quot;&gt;Macarthur&lt;/Description&gt;&lt;Description xml:lang=&quot;fr&quot;&gt;Macarthur&lt;/Description&gt;&lt;/Code&gt;&lt;Code value=&quot;MACK&quot; parentCode=&quot;1&quot;&gt;&lt;Description xml:lang=&quot;en&quot;&gt;Mackellar&lt;/Description&gt;&lt;Description xml:lang=&quot;fr&quot;&gt;Mackellar&lt;/Description&gt;&lt;/Code&gt;&lt;Code value=&quot;MACQ&quot; parentCode=&quot;1&quot;&gt;&lt;Description xml:lang=&quot;en&quot;&gt;Macquarie&lt;/Description&gt;&lt;Description xml:lang=&quot;fr&quot;&gt;Macquarie&lt;/Description&gt;&lt;/Code&gt;&lt;Code value=&quot;MCMA&quot; parentCode=&quot;1&quot;&gt;&lt;Description xml:lang=&quot;en&quot;&gt;McMahon&lt;/Description&gt;&lt;Description xml:lang=&quot;fr&quot;&gt;McMahon&lt;/Description&gt;&lt;/Code&gt;&lt;Code value=&quot;MITC&quot; parentCode=&quot;1&quot;&gt;&lt;Description xml:lang=&quot;en&quot;&gt;Mitchell&lt;/Description&gt;&lt;Description xml:lang=&quot;fr&quot;&gt;Mitchell&lt;/Description&gt;&lt;/Code&gt;&lt;Code value=&quot;NENG&quot; parentCode=&quot;1&quot;&gt;&lt;Description xml:lang=&quot;en&quot;&gt;New England&lt;/Description&gt;&lt;Description xml:lang=&quot;fr&quot;&gt;New England&lt;/Description&gt;&lt;/Code&gt;&lt;Code value=&quot;NEWC&quot; parentCode=&quot;1&quot;&gt;&lt;Description xml:lang=&quot;en&quot;&gt;Newcastle&lt;/De
Loading Codelists
Codelist: ABS:CL_ATSI_BIRTHS_SUMM_MEASURE:1.0 already exists
Loading Concepts
Loading DataStructures
DS ABS:ATSI_BIRTHS_SUMM:1.0
Loading Dataflows
Loading Codelists
Codelist: ABS:CL_ATSI_FERTILITY_MEASURE:1.0 already exists
Loading Concepts
Loading DataStructures
DS ABS:ATSI_FERTILITY:1.0
Loading Dataflows
Loading Codelists
Codelist: ABS:CL_ALC_TYP:1.0 already exists
Loading Concepts
Loading DataStructures
DS ABS:ALC:1.0
Loading Dataflows
Loading Codelists
Codelist: ABS:CL_ABS_ACLD_LFSTATUS_SEX_ABS:1.0 already exists
Loading Concepts
Loading DataStructures
DS ABS:ABS_ACLD_LFSTATUS:1.0
Loading Dataflows
Loading Codelists
Codelist: ABS:CL_ABS_ACLD_TENURE_SEX_ABS:1.0 already exists
Loading Concepts
Loading DataStructures
DS ABS:ABS_ACLD_TENURE:1.0
Loading Dataflows
Loading Codelists
Codelist: ABS:CL_ABS_ACLD_UNPAIDASST_SEX_ABS:1.0 already exists
Loading Concepts
Loading DataStructures
DS ABS:ABS_ACLD_UNPAIDASST:1.0
Loading Dataflows
Loading Codelists
Codelist: ABS:CL_ABS_ACLD_VOLWORK_SEX_ABS:1.0 already exists
Loading Concepts
Loading DataStructures
DS ABS:ABS_ACLD_VOLWORK:1.0
Loading Dataflows
Loading Codelists
Codelist: ABS:CL_AMLPS_PART_2017_MEASURE:1.0 already exists
Loading Concepts
Loading DataStructures
DS ABS:AMLPS_PART_2017:1.0
Loading Dataflows
Loading: Australian Marriage Law Postal Survey 2017 - Response
Header=&lt;message:Structure xmlns=&quot;http://www.SDMX.org/resources/SDMXML/schemas/v2_0/structure&quot; xmlns:common=&quot;http://www.SDMX.org/resources/SDMXML/schemas/v2_0/common&quot; xsi:schemaLocation=&quot;http://www.SDMX.org/resources/SDMXML/schemas/v2_0/structure http://www.sdmx.org/docs/2_0/SDMXStructure.xsd http://www.SDMX.org/resources/SDMXML/schemas/v2_0/message http://www.sdmx.org/docs/2_0/SDMXMessage.xsd&quot; xmlns:xsi=&quot;http://www.w3.org/2001/XMLSchema-instance&quot; xmlns:message=&quot;http://www.SDMX.org/resources/SDMXML/schemas/v2_0/message&quot;&gt;&lt;Header xmlns=&quot;http://www.SDMX.org/resources/SDMXML/schemas/v2_0/message&quot;&gt;&lt;ID&gt;none&lt;!--Statistical usage warning
ABS.Stat beta is continuing to be developed.  Data will be updated as soon as possible following its 11:30 am release on the ABS website.
--&gt;&lt;/ID&gt;&lt;Test&gt;false&lt;/Test&gt;&lt;Truncated&gt;false&lt;/Truncated&gt;&lt;Prepared&gt;2020-03-17T00:59:43&lt;/Prepared&gt;&lt;Sender id=&quot;ABS&quot;&gt;&lt;Name xml:lang=&quot;en&quot;&gt;Australian Bureau of Statistics&lt;/Name&gt;&lt;Name xml:lang=&quot;fr&quot;&gt;Australian Bureau of Statistics&lt;/Name&gt;&lt;/Sender&gt;&lt;/Header&gt;&lt;message:CodeLists&gt;&lt;CodeList id=&quot;CL_AMLPS_RESP_2017_RESPONSE_CAT&quot; agencyID=&quot;ABS&quot;&gt;&lt;Name xml:lang=&quot;en&quot;&gt;Response&lt;/Name&gt;&lt;Name xml:lang=&quot;fr&quot;&gt;Response&lt;/Name&gt;&lt;Code value=&quot;EP_TOT&quot;&gt;&lt;Description xml:lang=&quot;en&quot;&gt;Eligible Participant - Total&lt;/Description&gt;&lt;Description xml:lang=&quot;fr&quot;&gt;Eligible Participant - Total&lt;/Description&gt;&lt;/Code&gt;&lt;Code value=&quot;EP_CLR&quot; parentCode=&quot;EP_TOT&quot;&gt;&lt;Description xml:lang=&quot;en&quot;&gt;Eligible Participant - Response clear&lt;/Description&gt;&lt;Description xml:lang=&quot;fr&quot;&gt;Eligible Participant - Response clear&lt;/Description&gt;&lt;/Code&gt;&lt;Code value=&quot;EP_NCLR&quot; parentCode=&quot;EP_TOT&quot;&gt;&lt;Description xml:lang=&quot;en&quot;&gt;Eligible Participant - Response not clear&lt;/Description&gt;&lt;Description xml:lang=&quot;fr&quot;&gt;Eligible Participant - Response not clear&lt;/Description&gt;&lt;/Code&gt;&lt;Code value=&quot;EP_NR&quot; parentCode=&quot;EP_TOT&quot;&gt;&lt;Description xml:lang=&quot;en&quot;&gt;Eligible Participant - Non-responding&lt;/Description&gt;&lt;Description xml:lang=&quot;fr&quot;&gt;Eligible Participant - Non-responding&lt;/Description&gt;&lt;/Code&gt;&lt;Code value=&quot;RESPCLR_TOT&quot;&gt;&lt;Description xml:lang=&quot;en&quot;&gt;Response clear - Total&lt;/Description&gt;&lt;Description xml:lang=&quot;fr&quot;&gt;Response clear - Total&lt;/Description&gt;&lt;/Code&gt;&lt;Code value=&quot;RESPCLR_Y&quot; parentCode=&quot;RESPCLR_TOT&quot;&gt;&lt;Description xml:lang=&quot;en&quot;&gt;Response clear - Yes&lt;/Description&gt;&lt;Description xml:lang=&quot;fr&quot;&gt;Response clear - Yes&lt;/Description&gt;&lt;/Code&gt;&lt;Code value=&quot;RESPCLR_N&quot; parentCode=&quot;RESPCLR_TOT&quot;&gt;&lt;Description xml:lang=&quot;en&quot;&gt;Response clear - No&lt;/Description&gt;&lt;Description xml:lang=&quot;fr&quot;&gt;Response clear - No&lt;/Description&gt;&lt;/Code&gt;&lt;/CodeList&gt;&lt;CodeList id=&quot;CL_AMLPS_RESP_2017_MEASURE&quot; agencyID=&quot;ABS&quot;&gt;&lt;Name xml:lang=&quot;en&quot;&gt;Measure&lt;/Name&gt;&lt;Name xml:lang=&quot;fr&quot;&gt;Measure&lt;/Name&gt;&lt;Code value=&quot;1&quot;&gt;&lt;Description xml:lang=&quot;en&quot;&gt;Number (No.)&lt;/Description&gt;&lt;Description xml:lang=&quot;fr&quot;&gt;Number (No.)&lt;/Description&gt;&lt;/Code&gt;&lt;Code value=&quot;2&quot;&gt;&lt;Description xml:lang=&quot;en&quot;&gt;Percentage (%)&lt;/Description&gt;&lt;Description xml:lang=&quot;fr&quot;&gt;Percentage (%)&lt;/Description&gt;&lt;/Code&gt;&lt;/CodeList&gt;&lt;CodeList id=&quot;CL_AMLPS_RESP_2017_REGIONTYPE&quot; agencyID=&quot;ABS&quot;&gt;&lt;Name xml:lang=&quot;en&quot;&gt;Geography Level&lt;/Name&gt;&lt;Name xml:lang=&quot;fr&quot;&gt;Geography Level&lt;/Name&gt;&lt;Code value=&quot;AUS&quot;&gt;&lt;Description xml:lang=&quot;en&quot;&gt;Australia&lt;/Description&gt;&lt;Description xml:lang=&quot;fr&quot;&gt;Australia&lt;/Description&gt;&lt;/Code&gt;&lt;Code value=&quot;STE&quot;&gt;&lt;Description xml:lang=&quot;en&quot;&gt;States and Territories&lt;/Description&gt;&lt;Description xml:lang=&quot;fr&quot;&gt;States and Territories&lt;/Description&gt;&lt;/Code&gt;&lt;Code value=&quot;FED&quot;&gt;&lt;Description xml:lang=&quot;en&quot;&gt;Federal Electoral Division&lt;/Description&gt;&lt;Description xml:lang=&quot;fr&quot;&gt;Federal Electoral Division&lt;/Description&gt;&lt;/Code&gt;&lt;/CodeList&gt;&lt;CodeList id=&quot;CL_AMLPS_RESP_2017_AEC_FED_2017&quot; agencyID=&quot;ABS&quot;&gt;&lt;Name xml:lang=&quot;en&quot;&gt;Federal Electoral Division&lt;/Name&gt;&lt;Name xml:lang=&quot;fr&quot;&gt;Federal Electoral Division&lt;/Name&gt;&lt;Code value=&quot;0&quot;&gt;&lt;Description xml:lang=&quot;en&quot;&gt;Australia&lt;/Description&gt;&lt;Description xml:lang=&quot;fr&quot;&gt;Australia&lt;/Description&gt;&lt;/Code&gt;&lt;Code value=&quot;1&quot; parentCode=&quot;0&quot;&gt;&lt;Description xml:lang=&quot;en&quot;&gt;New South Wales&lt;/Description&gt;&lt;Description xml:lang=&quot;fr&quot;&gt;New South Wales&lt;/Description&gt;&lt;/Code&gt;&lt;Code value=&quot;2&quot; parentCode=&quot;0&quot;&gt;&lt;Description xml:lang=&quot;en&quot;&gt;Victoria&lt;/Description&gt;&lt;Description xml:lang=&quot;fr&quot;&gt;Victoria&lt;/Description&gt;&lt;/Code&gt;&lt;Code value=&quot;3&quot; parentCode=&quot;0&quot;&gt;&lt;Description xml:lang=&quot;en&quot;&gt;Queensland&lt;/Description&gt;&lt;Description xml:lang=&quot;fr&quot;&gt;Queensland&lt;/Description&gt;&lt;/Code&gt;&lt;Code value=&quot;4&quot; parentCode=&quot;0&quot;&gt;&lt;Description xml:lang=&quot;en&quot;&gt;South Australia&lt;/Description&gt;&lt;Description xml:lang=&quot;fr&quot;&gt;South Australia&lt;/Description&gt;&lt;/Code&gt;&lt;Code value=&quot;5&quot; parentCode=&quot;0&quot;&gt;&lt;Description xml:lang=&quot;en&quot;&gt;Western Australia&lt;/Description&gt;&lt;Description xml:lang=&quot;fr&quot;&gt;Western Australia&lt;/Description&gt;&lt;/Code&gt;&lt;Code value=&quot;6&quot; parentCode=&quot;0&quot;&gt;&lt;Description xml:lang=&quot;en&quot;&gt;Tasmania&lt;/Description&gt;&lt;Description xml:lang=&quot;fr&quot;&gt;Tasmania&lt;/Description&gt;&lt;/Code&gt;&lt;Code value=&quot;7&quot; parentCode=&quot;0&quot;&gt;&lt;Description xml:lang=&quot;en&quot;&gt;Northern Territory&lt;/Description&gt;&lt;Description xml:lang=&quot;fr&quot;&gt;Northern Territory&lt;/Description&gt;&lt;/Code&gt;&lt;Code value=&quot;8&quot; parentCode=&quot;0&quot;&gt;&lt;Description xml:lang=&quot;en&quot;&gt;Australian Capital Territory&lt;/Description&gt;&lt;Description xml:lang=&quot;fr&quot;&gt;Australian Capital Territory&lt;/Description&gt;&lt;/Code&gt;&lt;Code value=&quot;9&quot; parentCode=&quot;0&quot;&gt;&lt;Description xml:lang=&quot;en&quot;&gt;Other Territories&lt;/Description&gt;&lt;Description xml:lang=&quot;fr&quot;&gt;Other Territories&lt;/Description&gt;&lt;/Code&gt;&lt;Code value=&quot;CANB&quot; parentCode=&quot;8&quot;&gt;&lt;Description xml:lang=&quot;en&quot;&gt;Canberra&lt;/Description&gt;&lt;Description xml:lang=&quot;fr&quot;&gt;Canberra&lt;/Description&gt;&lt;/Code&gt;&lt;Code value=&quot;FENN&quot; parentCode=&quot;8&quot;&gt;&lt;Description xml:lang=&quot;en&quot;&gt;Fenner&lt;/Description&gt;&lt;Description xml:lang=&quot;fr&quot;&gt;Fenner&lt;/Description&gt;&lt;/Code&gt;&lt;Code value=&quot;BANK&quot; parentCode=&quot;1&quot;&gt;&lt;Description xml:lang=&quot;en&quot;&gt;Banks&lt;/Description&gt;&lt;Description xml:lang=&quot;fr&quot;&gt;Banks&lt;/Description&gt;&lt;/Code&gt;&lt;Code value=&quot;BART&quot; parentCode=&quot;1&quot;&gt;&lt;Description xml:lang=&quot;en&quot;&gt;Barton&lt;/Description&gt;&lt;Description xml:lang=&quot;fr&quot;&gt;Barton&lt;/Description&gt;&lt;/Code&gt;&lt;Code value=&quot;BENN&quot; parentCode=&quot;1&quot;&gt;&lt;Description xml:lang=&quot;en&quot;&gt;Bennelong&lt;/Description&gt;&lt;Description xml:lang=&quot;fr&quot;&gt;Bennelong&lt;/Description&gt;&lt;/Code&gt;&lt;Code value=&quot;BERO&quot; parentCode=&quot;1&quot;&gt;&lt;Description xml:lang=&quot;en&quot;&gt;Berowra&lt;/Description&gt;&lt;Description xml:lang=&quot;fr&quot;&gt;Berowra&lt;/Description&gt;&lt;/Code&gt;&lt;Code value=&quot;BLAX&quot; parentCode=&quot;1&quot;&gt;&lt;Description xml:lang=&quot;en&quot;&gt;Blaxland&lt;/Description&gt;&lt;Description xml:lang=&quot;fr&quot;&gt;Blaxland&lt;/Description&gt;&lt;/Code&gt;&lt;Code value=&quot;BRFD&quot; parentCode=&quot;1&quot;&gt;&lt;Description xml:lang=&quot;en&quot;&gt;Bradfield&lt;/Description&gt;&lt;Description xml:lang=&quot;fr&quot;&gt;Bradfield&lt;/Description&gt;&lt;/Code&gt;&lt;Code value=&quot;CALA&quot; parentCode=&quot;1&quot;&gt;&lt;Description xml:lang=&quot;en&quot;&gt;Calare&lt;/Description&gt;&lt;Description xml:lang=&quot;fr&quot;&gt;Calare&lt;/Description&gt;&lt;/Code&gt;&lt;Code value=&quot;CHIF&quot; parentCode=&quot;1&quot;&gt;&lt;Description xml:lang=&quot;en&quot;&gt;Chifley&lt;/Description&gt;&lt;Description xml:lang=&quot;fr&quot;&gt;Chifley&lt;/Description&gt;&lt;/Code&gt;&lt;Code value=&quot;COOK&quot; parentCode=&quot;1&quot;&gt;&lt;Description xml:lang=&quot;en&quot;&gt;Cook&lt;/Description&gt;&lt;Description xml:lang=&quot;fr&quot;&gt;Cook&lt;/Description&gt;&lt;/Code&gt;&lt;Code value=&quot;COWP&quot; parentCode=&quot;1&quot;&gt;&lt;Description xml:lang=&quot;en&quot;&gt;Cowper&lt;/Description&gt;&lt;Description xml:lang=&quot;fr&quot;&gt;Cowper&lt;/Description&gt;&lt;/Code&gt;&lt;Code value=&quot;CUNN&quot; parentCode=&quot;1&quot;&gt;&lt;Description xml:lang=&quot;en&quot;&gt;Cunningham&lt;/Description&gt;&lt;Description xml:lang=&quot;fr&quot;&gt;Cunningham&lt;/Description&gt;&lt;/Code&gt;&lt;Code value=&quot;DOBE&quot; parentCode=&quot;1&quot;&gt;&lt;Description xml:lang=&quot;en&quot;&gt;Dobell&lt;/Description&gt;&lt;Description xml:lang=&quot;fr&quot;&gt;Dobell&lt;/Description&gt;&lt;/Code&gt;&lt;Code value=&quot;EMON&quot; parentCode=&quot;1&quot;&gt;&lt;Description xml:lang=&quot;en&quot;&gt;Eden-Monaro&lt;/Description&gt;&lt;Description xml:lang=&quot;fr&quot;&gt;Eden-Monaro&lt;/Description&gt;&lt;/Code&gt;&lt;Code value=&quot;FARR&quot; parentCode=&quot;1&quot;&gt;&lt;Description xml:lang=&quot;en&quot;&gt;Farrer&lt;/Description&gt;&lt;Description xml:lang=&quot;fr&quot;&gt;Farrer&lt;/Description&gt;&lt;/Code&gt;&lt;Code value=&quot;FOWL&quot; parentCode=&quot;1&quot;&gt;&lt;Description xml:lang=&quot;en&quot;&gt;Fowler&lt;/Description&gt;&lt;Description xml:lang=&quot;fr&quot;&gt;Fowler&lt;/Description&gt;&lt;/Code&gt;&lt;Code value=&quot;GILM&quot; parentCode=&quot;1&quot;&gt;&lt;Description xml:lang=&quot;en&quot;&gt;Gilmore&lt;/Description&gt;&lt;Description xml:lang=&quot;fr&quot;&gt;Gilmore&lt;/Description&gt;&lt;/Code&gt;&lt;Code value=&quot;GRAY&quot; parentCode=&quot;1&quot;&gt;&lt;Description xml:lang=&quot;en&quot;&gt;Grayndler&lt;/Description&gt;&lt;Description xml:lang=&quot;fr&quot;&gt;Grayndler&lt;/Description&gt;&lt;/Code&gt;&lt;Code value=&quot;GREE&quot; parentCode=&quot;1&quot;&gt;&lt;Description xml:lang=&quot;en&quot;&gt;Greenway&lt;/Description&gt;&lt;Description xml:lang=&quot;fr&quot;&gt;Greenway&lt;/Description&gt;&lt;/Code&gt;&lt;Code value=&quot;HUGH&quot; parentCode=&quot;1&quot;&gt;&lt;Description xml:lang=&quot;en&quot;&gt;Hughes&lt;/Description&gt;&lt;Description xml:lang=&quot;fr&quot;&gt;Hughes&lt;/Description&gt;&lt;/Code&gt;&lt;Code value=&quot;HUME&quot; parentCode=&quot;1&quot;&gt;&lt;Description xml:lang=&quot;en&quot;&gt;Hume&lt;/Description&gt;&lt;Description xml:lang=&quot;fr&quot;&gt;Hume&lt;/Description&gt;&lt;/Code&gt;&lt;Code value=&quot;HUNT&quot; parentCode=&quot;1&quot;&gt;&lt;Description xml:lang=&quot;en&quot;&gt;Hunter&lt;/Desc
Input 1 does not match Pattern:[A-z][A-z0-9_\-]* for class:NCNameID
Input 2 does not match Pattern:[A-z][A-z0-9_\-]* for class:NCNameID
Loading Codelists
Codelist: ABS:CL_ATSI_BIRTHS_SUMM_MEASURE:1.0 already exists
Loading Concepts
Loading DataStructures
DS ABS:ATSI_BIRTHS_SUMM:1.0
Loading Dataflows
Loading Codelists
Codelist: ABS:CL_ATSI_FERTILITY_MEASURE:1.0 already exists
Loading Concepts
Loading DataStructures
DS ABS:ATSI_FERTILITY:1.0
Loading Dataflows
Loading Codelists
Codelist: ABS:CL_ALC_TYP:1.0 already exists
Loading Concepts
Loading DataStructures
DS ABS:ALC:1.0
Loading Dataflows
Loading Codelists
Codelist: ABS:CL_ABS_ACLD_LFSTATUS_SEX_ABS:1.0 already exists
Loading Concepts
Loading DataStructures
DS ABS:ABS_ACLD_LFSTATUS:1.0
Loading Dataflows
Loading Codelists
Codelist: ABS:CL_ABS_ACLD_TENURE_SEX_ABS:1.0 already exists
Loading Concepts
Loading DataStructures
DS ABS:ABS_ACLD_TENURE:1.0
Loading Dataflows
Loading Codelists
Codelist: ABS:CL_ABS_ACLD_UNPAIDASST_SEX_ABS:1.0 already exists
Loading Concepts
Loading DataStructures
DS ABS:ABS_ACLD_UNPAIDASST:1.0
Loading Dataflows
Loading Codelists
Codelist: ABS:CL_ABS_ACLD_VOLWORK_SEX_ABS:1.0 already exists
Loading Concepts
Loading DataStructures
DS ABS:ABS_ACLD_VOLWORK:1.0
Loading Dataflows
Loading Codelists
Codelist: ABS:CL_AMLPS_PART_2017_MEASURE:1.0 already exists
Loading Concepts
Loading DataStructures
DS ABS:AMLPS_PART_2017:1.0
Loading Dataflows
Loading Codelists
Codelist: ABS:CL_AMLPS_RESP_2017_RESPONSE_CAT:1.0 already exists
Loading Concepts
Loading DataStructures
DS ABS:AMLPS_RESP_2017:1.0
Loading Dataflows
Loading: B01 Selected Person Characteristics
Header=&lt;message:Structure xmlns=&quot;http://www.SDMX.org/resources/SDMXML/schemas/v2_0/structure&quot; xmlns:common=&quot;http://www.SDMX.org/resources/SDMXML/schemas/v2_0/common&quot; xsi:schemaLocation=&quot;http://www.SDMX.org/resources/SDMXML/schemas/v2_0/structure http://www.sdmx.org/docs/2_0/SDMXStructure.xsd http://www.SDMX.org/resources/SDMXML/schemas/v2_0/message http://www.sdmx.org/docs/2_0/SDMXMessage.xsd&quot; xmlns:xsi=&quot;http://www.w3.org/2001/XMLSchema-instance&quot; xmlns:message=&quot;http://www.SDMX.org/resources/SDMXML/schemas/v2_0/message&quot;&gt;&lt;Header xmlns=&quot;http://www.SDMX.org/resources/SDMXML/schemas/v2_0/message&quot;&gt;&lt;ID&gt;none&lt;!--Statistical usage warning
ABS.Stat beta is continuing to be developed.  Data will be updated as soon as possible following its 11:30 am release on the ABS website.
--&gt;&lt;/ID&gt;&lt;Test&gt;false&lt;/Test&gt;&lt;Truncated&gt;false&lt;/Truncated&gt;&lt;Prepared&gt;2020-03-17T00:59:44&lt;/Prepared&gt;&lt;Sender id=&quot;ABS&quot;&gt;&lt;Name xml:lang=&quot;en&quot;&gt;Australian Bureau of Statistics&lt;/Name&gt;&lt;Name xml:lang=&quot;fr&quot;&gt;Australian Bureau of Statistics&lt;/Name&gt;&lt;/Sender&gt;&lt;/Header&gt;&lt;message:CodeLists&gt;&lt;CodeList id=&quot;CL_ABS_CENSUS2011_B01_MEASURE&quot; agencyID=&quot;ABS&quot;&gt;&lt;Name xml:lang=&quot;en&quot;&gt;Sex&lt;/Name&gt;&lt;Name xml:lang=&quot;fr&quot;&gt;Sex&lt;/Name&gt;&lt;Code value=&quot;1&quot; parentCode=&quot;3&quot;&gt;&lt;Description xml:lang=&quot;en&quot;&gt;Males&lt;/Description&gt;&lt;Description xml:lang=&quot;fr&quot;&gt;Males&lt;/Description&gt;&lt;/Code&gt;&lt;Code value=&quot;3&quot;&gt;&lt;Description xml:lang=&quot;en&quot;&gt;Persons&lt;/Description&gt;&lt;Description xml:lang=&quot;fr&quot;&gt;Persons&lt;/Description&gt;&lt;/Code&gt;&lt;Code value=&quot;2&quot; parentCode=&quot;3&quot;&gt;&lt;Description xml:lang=&quot;en&quot;&gt;Females&lt;/Description&gt;&lt;Description xml:lang=&quot;fr&quot;&gt;Females&lt;/Description&gt;&lt;/Code&gt;&lt;/CodeList&gt;&lt;CodeList id=&quot;CL_ABS_CENSUS2011_B01_SPC&quot; agencyID=&quot;ABS&quot;&gt;&lt;Name xml:lang=&quot;en&quot;&gt;Selected Person Characteristics&lt;/Name&gt;&lt;Name xml:lang=&quot;fr&quot;&gt;Selected Person Characteristics&lt;/Name&gt;&lt;Code value=&quot;TT&quot;&gt;&lt;Description xml:lang=&quot;en&quot;&gt;Total persons&lt;/Description&gt;&lt;Description xml:lang=&quot;fr&quot;&gt;Total persons&lt;/Description&gt;&lt;/Code&gt;&lt;Code value=&quot;A04&quot; parentCode=&quot;TT&quot;&gt;&lt;Description xml:lang=&quot;en&quot;&gt;Age group 0-4 years&lt;/Description&gt;&lt;Description xml:lang=&quot;fr&quot;&gt;Age group 0-4 years&lt;/Description&gt;&lt;/Code&gt;&lt;Code value=&quot;T5&quot; parentCode=&quot;TT&quot;&gt;&lt;Description xml:lang=&quot;en&quot;&gt;Age group 5-14 years&lt;/Description&gt;&lt;Description xml:lang=&quot;fr&quot;&gt;Age group 5-14 years&lt;/Description&gt;&lt;/Code&gt;&lt;Code value=&quot;A15&quot; parentCode=&quot;TT&quot;&gt;&lt;Description xml:lang=&quot;en&quot;&gt;Age group 15-19 years&lt;/Description&gt;&lt;Description xml:lang=&quot;fr&quot;&gt;Age group 15-19 years&lt;/Description&gt;&lt;/Code&gt;&lt;Code value=&quot;A20&quot; parentCode=&quot;TT&quot;&gt;&lt;Description xml:lang=&quot;en&quot;&gt;Age group 20-24 years&lt;/Description&gt;&lt;Description xml:lang=&quot;fr&quot;&gt;Age group 20-24 years&lt;/Description&gt;&lt;/Code&gt;&lt;Code value=&quot;T25&quot; parentCode=&quot;TT&quot;&gt;&lt;Description xml:lang=&quot;en&quot;&gt;Age group 25-34 years&lt;/Description&gt;&lt;Description xml:lang=&quot;fr&quot;&gt;Age group 25-34 years&lt;/Description&gt;&lt;/Code&gt;&lt;Code value=&quot;T35&quot; parentCode=&quot;TT&quot;&gt;&lt;Description xml:lang=&quot;en&quot;&gt;Age group 35-44 years&lt;/Description&gt;&lt;Description xml:lang=&quot;fr&quot;&gt;Age group 35-44 years&lt;/Description&gt;&lt;/Code&gt;&lt;Code value=&quot;T45&quot; parentCode=&quot;TT&quot;&gt;&lt;Description xml:lang=&quot;en&quot;&gt;Age group 45-54 years&lt;/Description&gt;&lt;Description xml:lang=&quot;fr&quot;&gt;Age group 45-54 years&lt;/Description&gt;&lt;/Code&gt;&lt;Code value=&quot;T55&quot; parentCode=&quot;TT&quot;&gt;&lt;Description xml:lang=&quot;en&quot;&gt;Age group 55-64 years&lt;/Description&gt;&lt;Description xml:lang=&quot;fr&quot;&gt;Age group 55-64 years&lt;/Description&gt;&lt;/Code&gt;&lt;Code value=&quot;T65&quot; parentCode=&quot;TT&quot;&gt;&lt;Description xml:lang=&quot;en&quot;&gt;Age group 65-74 years&lt;/Description&gt;&lt;Description xml:lang=&quot;fr&quot;&gt;Age group 65-74 years&lt;/Description&gt;&lt;/Code&gt;&lt;Code value=&quot;T75&quot; parentCode=&quot;TT&quot;&gt;&lt;Description xml:lang=&quot;en&quot;&gt;Age group 75-84 years&lt;/Description&gt;&lt;Description xml:lang=&quot;fr&quot;&gt;Age group 75-84 years&lt;/Description&gt;&lt;/Code&gt;&lt;Code value=&quot;O85&quot; parentCode=&quot;TT&quot;&gt;&lt;Description xml:lang=&quot;en&quot;&gt;Age group 85 years and over&lt;/Description&gt;&lt;Description xml:lang=&quot;fr&quot;&gt;Age group 85 years and over&lt;/Description&gt;&lt;/Code&gt;&lt;Code value=&quot;U_1&quot;&gt;&lt;Description xml:lang=&quot;en&quot;&gt;Counted on Census Night At home&lt;/Description&gt;&lt;Description xml:lang=&quot;fr&quot;&gt;Counted on Census Night At home&lt;/Description&gt;&lt;/Code&gt;&lt;Code value=&quot;U_2&quot;&gt;&lt;Description xml:lang=&quot;en&quot;&gt;Counted on Census Night Elsewhere in Australia&lt;/Description&gt;&lt;Description xml:lang=&quot;fr&quot;&gt;Counted on Census Night Elsewhere in Australia&lt;/Description&gt;&lt;/Code&gt;&lt;Code value=&quot;11&quot;&gt;&lt;Description xml:lang=&quot;en&quot;&gt;Birthplace Australia&lt;/Description&gt;&lt;Description xml:lang=&quot;fr&quot;&gt;Birthplace Australia&lt;/Description&gt;&lt;/Code&gt;&lt;Code value=&quot;BPELSE&quot;&gt;&lt;Description xml:lang=&quot;en&quot;&gt;Birthplace Elsewhere&lt;/Description&gt;&lt;Description xml:lang=&quot;fr&quot;&gt;Birthplace Elsewhere&lt;/Description&gt;&lt;/Code&gt;&lt;Code value=&quot;12&quot;&gt;&lt;Description xml:lang=&quot;en&quot;&gt;Language spoken at home - English only&lt;/Description&gt;&lt;Description xml:lang=&quot;fr&quot;&gt;Language spoken at home - English only&lt;/Description&gt;&lt;/Code&gt;&lt;Code value=&quot;OTH&quot;&gt;&lt;Description xml:lang=&quot;en&quot;&gt;Language spoken at home - Other language&lt;/Description&gt;&lt;Description xml:lang=&quot;fr&quot;&gt;Language spoken at home - Other language&lt;/Description&gt;&lt;/Code&gt;&lt;Code value=&quot;CITZN&quot;&gt;&lt;Description xml:lang=&quot;en&quot;&gt;Australian citizen&lt;/Description&gt;&lt;Description xml:lang=&quot;fr&quot;&gt;Australian citizen&lt;/Description&gt;&lt;/Code&gt;&lt;Code value=&quot;EDA04&quot;&gt;&lt;Description xml:lang=&quot;en&quot;&gt;Age of persons attending an educational institution 0-4 years&lt;/Description&gt;&lt;Description xml:lang=&quot;fr&quot;&gt;Age of persons attending an educational institution 0-4 years&lt;/Description&gt;&lt;/Code&gt;&lt;Code value=&quot;EDT5&quot;&gt;&lt;Description xml:lang=&quot;en&quot;&gt;Age of persons attending an educational institution 5-14 years&lt;/Description&gt;&lt;Description xml:lang=&quot;fr&quot;&gt;Age of persons attending an educational institution 5-14 years&lt;/Description&gt;&lt;/Code&gt;&lt;Code value=&quot;EDA15&quot;&gt;&lt;Description xml:lang=&quot;en&quot;&gt;Age of persons attending an educational institution 15-19 years&lt;/Description&gt;&lt;Description xml:lang=&quot;fr&quot;&gt;Age of persons attending an educational institution 15-19 years&lt;/Description&gt;&lt;/Code&gt;&lt;Code value=&quot;EDA20&quot;&gt;&lt;Description xml:lang=&quot;en&quot;&gt;Age of persons attending an educational institution 20-24 years&lt;/Description&gt;&lt;Description xml:lang=&quot;fr&quot;&gt;Age of persons attending an educational institution 20-24 years&lt;/Description&gt;&lt;/Code&gt;&lt;Code value=&quot;EDO25&quot;&gt;&lt;Description xml:lang=&quot;en&quot;&gt;Age of persons attending an educational institution 25 years and over&lt;/Description&gt;&lt;Description xml:lang=&quot;fr&quot;&gt;Age of persons attending an educational institution 25 years and over&lt;/Description&gt;&lt;/Code&gt;&lt;Code value=&quot;1&quot;&gt;&lt;Description xml:lang=&quot;en&quot;&gt;Highest year of school completed - Year 12 or equivalent&lt;/Description&gt;&lt;Description xml:lang=&quot;fr&quot;&gt;Highest year of school completed - Year 12 or equivalent&lt;/Description&gt;&lt;/Code&gt;&lt;Code value=&quot;2&quot;&gt;&lt;Description xml:lang=&quot;en&quot;&gt;Highest year of school completed - Year 11 or equivalent&lt;/Description&gt;&lt;Description xml:lang=&quot;fr&quot;&gt;Highest year of school completed - Year 11 or equivalent&lt;/Description&gt;&lt;/Code&gt;&lt;Code value=&quot;3&quot;&gt;&lt;Description xml:lang=&quot;en&quot;&gt;Highest year of school completed - Year 10 or equivalent&lt;/Description&gt;&lt;Description xml:lang=&quot;fr&quot;&gt;Highest year of school completed - Year 10 or equivalent&lt;/Description&gt;&lt;/Code&gt;&lt;Code value=&quot;4&quot;&gt;&lt;Description xml:lang=&quot;en&quot;&gt;Highest year of school completed - Year 9 or equivalent&lt;/Description&gt;&lt;Description xml:lang=&quot;fr&quot;&gt;Highest year of school completed - Year 9 or equivalent&lt;/Description&gt;&lt;/Code&gt;&lt;Code value=&quot;5&quot;&gt;&lt;Description xml:lang=&quot;en&quot;&gt;Highest year of school completed - Year 8 or below &lt;/Description&gt;&lt;Description xml:lang=&quot;fr&quot;&gt;Highest year of school completed - Year 8 or below &lt;/Description&gt;&lt;/Code&gt;&lt;Code value=&quot;6&quot;&gt;&lt;Description xml:lang=&quot;en&quot;&gt;Highest year of school completed - Did not go to school&lt;/Description&gt;&lt;Description xml:lang=&quot;fr&quot;&gt;Highest year of school completed - Did not go to school&lt;/Description&gt;&lt;/Code&gt;&lt;Code value=&quot;PRIVDWELL&quot;&gt;&lt;Description xml:lang=&quot;en&quot;&gt;Count of persons in occupied private dwellings&lt;/Description&gt;&lt;Description xml:lang=&quot;fr&quot;&gt;Count of persons in occupied private dwellings&lt;/Description&gt;&lt;/Code&gt;&lt;Code value=&quot;OTHDWELL&quot;&gt;&lt;Description xml:lang=&quot;en&quot;&gt;Count of persons in other dwellings&lt;/Description&gt;&lt;Description xml:lang=&quot;fr&quot;&gt;Count of persons in other dwellings&lt;/Description&gt;&lt;/Code&gt;&lt;Code value=&quot;I_TOT&quot;&gt;&lt;Description xml:lang=&quot;en&quot;&gt;Indigenous persons Total&lt;/Description&gt;&lt;Description xml:lang=&quot;fr&quot;&gt;Indigenous persons Total&lt;/Description&gt;&lt;/Code&gt;&lt;Code value=&quot;I_2&quot; parentCode=&quot;I_TOT&quot;&gt;&lt;Description xml:lang=&quot;en&quot;&gt;Indigenous persons - Aboriginal&lt;/Description&gt;&lt;Description xml:lang=&quot;fr&quot;&gt;Indigenous persons - Aboriginal&lt;/Description&gt;&lt;/Code&gt;&lt;Code value=&quot;I_3&quot; parentCode=&quot;I_TOT&quot;&gt;&lt;Description xml:lang=&quot;en&quot;&gt;Indigenous persons -Torres Strait Islander&lt;/Description&gt;&lt;Description xml:lang=&quot;f
Input 1 does not match Pattern:[A-z][A-z0-9_\-]* for class:NCNameID
Input 3 does not match Pattern:[A-z][A-z0-9_\-]* for class:NCNameID
Input 2 does not match Pattern:[A-z][A-z0-9_\-]* for class:NCNameID
Loading Codelists
Codelist: ABS:CL_ATSI_BIRTHS_SUMM_MEASURE:1.0 already exists
Loading Concepts
Loading DataStructures
DS ABS:ATSI_BIRTHS_SUMM:1.0
Loading Dataflows
Loading Codelists
Codelist: ABS:CL_ATSI_FERTILITY_MEASURE:1.0 already exists
Loading Concepts
Loading DataStructures
DS ABS:ATSI_FERTILITY:1.0
Loading Dataflows
Loading Codelists
Codelist: ABS:CL_ALC_TYP:1.0 already exists
Loading Concepts
Loading DataStructures
DS ABS:ALC:1.0
Loading Dataflows
Loading Codelists
Codelist: ABS:CL_ABS_ACLD_LFSTATUS_SEX_ABS:1.0 already exists
Loading Concepts
Loading DataStructures
DS ABS:ABS_ACLD_LFSTATUS:1.0
Loading Dataflows
Loading Codelists
Codelist: ABS:CL_ABS_ACLD_TENURE_SEX_ABS:1.0 already exists
Loading Concepts
Loading DataStructures
DS ABS:ABS_ACLD_TENURE:1.0
Loading Dataflows
Loading Codelists
Codelist: ABS:CL_ABS_ACLD_UNPAIDASST_SEX_ABS:1.0 already exists
Loading Concepts
Loading DataStructures
DS ABS:ABS_ACLD_UNPAIDASST:1.0
Loading Dataflows
Loading Codelists
Codelist: ABS:CL_ABS_ACLD_VOLWORK_SEX_ABS:1.0 already exists
Loading Concepts
Loading DataStructures
DS ABS:ABS_ACLD_VOLWORK:1.0
Loading Dataflows
Loading Codelists
Codelist: ABS:CL_AMLPS_PART_2017_MEASURE:1.0 already exists
Loading Concepts
Loading DataStructures
DS ABS:AMLPS_PART_2017:1.0
Loading Dataflows
Loading Codelists
Codelist: ABS:CL_AMLPS_RESP_2017_RESPONSE_CAT:1.0 already exists
Loading Concepts
Loading DataStructures
DS ABS:AMLPS_RESP_2017:1.0
Loading Dataflows
Loading Codelists
Codelist: ABS:CL_ABS_CENSUS2011_B01_MEASURE:1.0 already exists
Loading Concepts
Loading DataStructures
DS ABS:ABS_CENSUS2011_B01:1.0
Loading Dataflows
Loading: B01 Selected Person Characteristics (LGA)
Header=&lt;message:Structure xmlns=&quot;http://www.SDMX.org/resources/SDMXML/schemas/v2_0/structure&quot; xmlns:common=&quot;http://www.SDMX.org/resources/SDMXML/schemas/v2_0/common&quot; xsi:schemaLocation=&quot;http://www.SDMX.org/resources/SDMXML/schemas/v2_0/structure http://www.sdmx.org/docs/2_0/SDMXStructure.xsd http://www.SDMX.org/resources/SDMXML/schemas/v2_0/message http://www.sdmx.org/docs/2_0/SDMXMessage.xsd&quot; xmlns:xsi=&quot;http://www.w3.org/2001/XMLSchema-instance&quot; xmlns:message=&quot;http://www.SDMX.org/resources/SDMXML/schemas/v2_0/message&quot;&gt;&lt;Header xmlns=&quot;http://www.SDMX.org/resources/SDMXML/schemas/v2_0/message&quot;&gt;&lt;ID&gt;none&lt;!--Statistical usage warning
ABS.Stat beta is continuing to be developed.  Data will be updated as soon as possible following its 11:30 am release on the ABS website.
--&gt;&lt;/ID&gt;&lt;Test&gt;false&lt;/Test&gt;&lt;Truncated&gt;false&lt;/Truncated&gt;&lt;Prepared&gt;2020-03-17T00:59:45&lt;/Prepared&gt;&lt;Sender id=&quot;ABS&quot;&gt;&lt;Name xml:lang=&quot;en&quot;&gt;Australian Bureau of Statistics&lt;/Name&gt;&lt;Name xml:lang=&quot;fr&quot;&gt;Australian Bureau of Statistics&lt;/Name&gt;&lt;/Sender&gt;&lt;/Header&gt;&lt;message:CodeLists&gt;&lt;CodeList id=&quot;CL_ABS_CENSUS2011_B01_LGA_MEASURE&quot; agencyID=&quot;ABS&quot;&gt;&lt;Name xml:lang=&quot;en&quot;&gt;Sex&lt;/Name&gt;&lt;Name xml:lang=&quot;fr&quot;&gt;Sex&lt;/Name&gt;&lt;Code value=&quot;1&quot; parentCode=&quot;3&quot;&gt;&lt;Description xml:lang=&quot;en&quot;&gt;Males&lt;/Description&gt;&lt;Description xml:lang=&quot;fr&quot;&gt;Males&lt;/Description&gt;&lt;/Code&gt;&lt;Code value=&quot;3&quot;&gt;&lt;Description xml:lang=&quot;en&quot;&gt;Persons&lt;/Description&gt;&lt;Description xml:lang=&quot;fr&quot;&gt;Persons&lt;/Description&gt;&lt;/Code&gt;&lt;Code value=&quot;2&quot; parentCode=&quot;3&quot;&gt;&lt;Description xml:lang=&quot;en&quot;&gt;Females&lt;/Description&gt;&lt;Description xml:lang=&quot;fr&quot;&gt;Females&lt;/Description&gt;&lt;/Code&gt;&lt;/CodeList&gt;&lt;CodeList id=&quot;CL_ABS_CENSUS2011_B01_LGA_SPC&quot; agencyID=&quot;ABS&quot;&gt;&lt;Name xml:lang=&quot;en&quot;&gt;Selected Person Characteristics&lt;/Name&gt;&lt;Name xml:lang=&quot;fr&quot;&gt;Selected Person Characteristics&lt;/Name&gt;&lt;Code value=&quot;TT&quot;&gt;&lt;Description xml:lang=&quot;en&quot;&gt;Total persons&lt;/Description&gt;&lt;Description xml:lang=&quot;fr&quot;&gt;Total persons&lt;/Description&gt;&lt;/Code&gt;&lt;Code value=&quot;A04&quot; parentCode=&quot;TT&quot;&gt;&lt;Description xml:lang=&quot;en&quot;&gt;Age group 0-4 years&lt;/Description&gt;&lt;Description xml:lang=&quot;fr&quot;&gt;Age group 0-4 years&lt;/Description&gt;&lt;/Code&gt;&lt;Code value=&quot;T5&quot; parentCode=&quot;TT&quot;&gt;&lt;Description xml:lang=&quot;en&quot;&gt;Age group 5-14 years&lt;/Description&gt;&lt;Description xml:lang=&quot;fr&quot;&gt;Age group 5-14 years&lt;/Description&gt;&lt;/Code&gt;&lt;Code value=&quot;A15&quot; parentCode=&quot;TT&quot;&gt;&lt;Description xml:lang=&quot;en&quot;&gt;Age group 15-19 years&lt;/Description&gt;&lt;Description xml:lang=&quot;fr&quot;&gt;Age group 15-19 years&lt;/Description&gt;&lt;/Code&gt;&lt;Code value=&quot;A20&quot; parentCode=&quot;TT&quot;&gt;&lt;Description xml:lang=&quot;en&quot;&gt;Age group 20-24 years&lt;/Description&gt;&lt;Description xml:lang=&quot;fr&quot;&gt;Age group 20-24 years&lt;/Description&gt;&lt;/Code&gt;&lt;Code value=&quot;T25&quot; parentCode=&quot;TT&quot;&gt;&lt;Description xml:lang=&quot;en&quot;&gt;Age group 25-34 years&lt;/Description&gt;&lt;Description xml:lang=&quot;fr&quot;&gt;Age group 25-34 years&lt;/Description&gt;&lt;/Code&gt;&lt;Code value=&quot;T35&quot; parentCode=&quot;TT&quot;&gt;&lt;Description xml:lang=&quot;en&quot;&gt;Age group 35-44 years&lt;/Description&gt;&lt;Description xml:lang=&quot;fr&quot;&gt;Age group 35-44 years&lt;/Description&gt;&lt;/Code&gt;&lt;Code value=&quot;T45&quot; parentCode=&quot;TT&quot;&gt;&lt;Description xml:lang=&quot;en&quot;&gt;Age group 45-54 years&lt;/Description&gt;&lt;Description xml:lang=&quot;fr&quot;&gt;Age group 45-54 years&lt;/Description&gt;&lt;/Code&gt;&lt;Code value=&quot;T55&quot; parentCode=&quot;TT&quot;&gt;&lt;Description xml:lang=&quot;en&quot;&gt;Age group 55-64 years&lt;/Description&gt;&lt;Description xml:lang=&quot;fr&quot;&gt;Age group 55-64 years&lt;/Description&gt;&lt;/Code&gt;&lt;Code value=&quot;T65&quot; parentCode=&quot;TT&quot;&gt;&lt;Description xml:lang=&quot;en&quot;&gt;Age group 65-74 years&lt;/Description&gt;&lt;Description xml:lang=&quot;fr&quot;&gt;Age group 65-74 years&lt;/Description&gt;&lt;/Code&gt;&lt;Code value=&quot;T75&quot; parentCode=&quot;TT&quot;&gt;&lt;Description xml:lang=&quot;en&quot;&gt;Age group 75-84 years&lt;/Description&gt;&lt;Description xml:lang=&quot;fr&quot;&gt;Age group 75-84 years&lt;/Description&gt;&lt;/Code&gt;&lt;Code value=&quot;O85&quot; parentCode=&quot;TT&quot;&gt;&lt;Description xml:lang=&quot;en&quot;&gt;Age group 85 years and over&lt;/Description&gt;&lt;Description xml:lang=&quot;fr&quot;&gt;Age group 85 years and over&lt;/Description&gt;&lt;/Code&gt;&lt;Code value=&quot;U_1&quot;&gt;&lt;Description xml:lang=&quot;en&quot;&gt;Counted on Census Night At home&lt;/Description&gt;&lt;Description xml:lang=&quot;fr&quot;&gt;Counted on Census Night At home&lt;/Description&gt;&lt;/Code&gt;&lt;Code value=&quot;U_2&quot;&gt;&lt;Description xml:lang=&quot;en&quot;&gt;Counted on Census Night Elsewhere in Australia&lt;/Description&gt;&lt;Description xml:lang=&quot;fr&quot;&gt;Counted on Census Night Elsewhere in Australia&lt;/Description&gt;&lt;/Code&gt;&lt;Code value=&quot;11&quot;&gt;&lt;Description xml:lang=&quot;en&quot;&gt;Birthplace Australia&lt;/Description&gt;&lt;Description xml:lang=&quot;fr&quot;&gt;Birthplace Australia&lt;/Description&gt;&lt;/Code&gt;&lt;Code value=&quot;BPELSE&quot;&gt;&lt;Description xml:lang=&quot;en&quot;&gt;Birthplace Elsewhere&lt;/Description&gt;&lt;Description xml:lang=&quot;fr&quot;&gt;Birthplace Elsewhere&lt;/Description&gt;&lt;/Code&gt;&lt;Code value=&quot;12&quot;&gt;&lt;Description xml:lang=&quot;en&quot;&gt;Language spoken at home - English only&lt;/Description&gt;&lt;Description xml:lang=&quot;fr&quot;&gt;Language spoken at home - English only&lt;/Description&gt;&lt;/Code&gt;&lt;Code value=&quot;OTH&quot;&gt;&lt;Description xml:lang=&quot;en&quot;&gt;Language spoken at home - Other language&lt;/Description&gt;&lt;Description xml:lang=&quot;fr&quot;&gt;Language spoken at home - Other language&lt;/Description&gt;&lt;/Code&gt;&lt;Code value=&quot;CITZN&quot;&gt;&lt;Description xml:lang=&quot;en&quot;&gt;Australian citizen&lt;/Description&gt;&lt;Description xml:lang=&quot;fr&quot;&gt;Australian citizen&lt;/Description&gt;&lt;/Code&gt;&lt;Code value=&quot;EDA04&quot;&gt;&lt;Description xml:lang=&quot;en&quot;&gt;Age of persons attending an educational institution 0-4 years&lt;/Description&gt;&lt;Description xml:lang=&quot;fr&quot;&gt;Age of persons attending an educational institution 0-4 years&lt;/Description&gt;&lt;/Code&gt;&lt;Code value=&quot;EDT5&quot;&gt;&lt;Description xml:lang=&quot;en&quot;&gt;Age of persons attending an educational institution 5-14 years&lt;/Description&gt;&lt;Description xml:lang=&quot;fr&quot;&gt;Age of persons attending an educational institution 5-14 years&lt;/Description&gt;&lt;/Code&gt;&lt;Code value=&quot;EDA15&quot;&gt;&lt;Description xml:lang=&quot;en&quot;&gt;Age of persons attending an educational institution 15-19 years&lt;/Description&gt;&lt;Description xml:lang=&quot;fr&quot;&gt;Age of persons attending an educational institution 15-19 years&lt;/Description&gt;&lt;/Code&gt;&lt;Code value=&quot;EDA20&quot;&gt;&lt;Description xml:lang=&quot;en&quot;&gt;Age of persons attending an educational institution 20-24 years&lt;/Description&gt;&lt;Description xml:lang=&quot;fr&quot;&gt;Age of persons attending an educational institution 20-24 years&lt;/Description&gt;&lt;/Code&gt;&lt;Code value=&quot;EDO25&quot;&gt;&lt;Description xml:lang=&quot;en&quot;&gt;Age of persons attending an educational institution 25 years and over&lt;/Description&gt;&lt;Description xml:lang=&quot;fr&quot;&gt;Age of persons attending an educational institution 25 years and over&lt;/Description&gt;&lt;/Code&gt;&lt;Code value=&quot;1&quot;&gt;&lt;Description xml:lang=&quot;en&quot;&gt;Highest year of school completed - Year 12 or equivalent&lt;/Description&gt;&lt;Description xml:lang=&quot;fr&quot;&gt;Highest year of school completed - Year 12 or equivalent&lt;/Description&gt;&lt;/Code&gt;&lt;Code value=&quot;2&quot;&gt;&lt;Description xml:lang=&quot;en&quot;&gt;Highest year of school completed - Year 11 or equivalent&lt;/Description&gt;&lt;Description xml:lang=&quot;fr&quot;&gt;Highest year of school completed - Year 11 or equivalent&lt;/Description&gt;&lt;/Code&gt;&lt;Code value=&quot;3&quot;&gt;&lt;Description xml:lang=&quot;en&quot;&gt;Highest year of school completed - Year 10 or equivalent&lt;/Description&gt;&lt;Description xml:lang=&quot;fr&quot;&gt;Highest year of school completed - Year 10 or equivalent&lt;/Description&gt;&lt;/Code&gt;&lt;Code value=&quot;4&quot;&gt;&lt;Description xml:lang=&quot;en&quot;&gt;Highest year of school completed - Year 9 or equivalent&lt;/Description&gt;&lt;Description xml:lang=&quot;fr&quot;&gt;Highest year of school completed - Year 9 or equivalent&lt;/Description&gt;&lt;/Code&gt;&lt;Code value=&quot;5&quot;&gt;&lt;Description xml:lang=&quot;en&quot;&gt;Highest year of school completed - Year 8 or below &lt;/Description&gt;&lt;Description xml:lang=&quot;fr&quot;&gt;Highest year of school completed - Year 8 or below &lt;/Description&gt;&lt;/Code&gt;&lt;Code value=&quot;6&quot;&gt;&lt;Description xml:lang=&quot;en&quot;&gt;Highest year of school completed - Did not go to school&lt;/Description&gt;&lt;Description xml:lang=&quot;fr&quot;&gt;Highest year of school completed - Did not go to school&lt;/Description&gt;&lt;/Code&gt;&lt;Code value=&quot;PRIVDWELL&quot;&gt;&lt;Description xml:lang=&quot;en&quot;&gt;Count of persons in occupied private dwellings&lt;/Description&gt;&lt;Description xml:lang=&quot;fr&quot;&gt;Count of persons in occupied private dwellings&lt;/Description&gt;&lt;/Code&gt;&lt;Code value=&quot;OTHDWELL&quot;&gt;&lt;Description xml:lang=&quot;en&quot;&gt;Count of persons in other dwellings&lt;/Description&gt;&lt;Description xml:lang=&quot;fr&quot;&gt;Count of persons in other dwellings&lt;/Description&gt;&lt;/Code&gt;&lt;Code value=&quot;I_TOT&quot;&gt;&lt;Description xml:lang=&quot;en&quot;&gt;Indigenous persons Total&lt;/Description&gt;&lt;Description xml:lang=&quot;fr&quot;&gt;Indigenous persons Total&lt;/Description&gt;&lt;/Code&gt;&lt;Code value=&quot;I_2&quot; parentCode=&quot;I_TOT&quot;&gt;&lt;Description xml:lang=&quot;en&quot;&gt;Indigenous persons - Aboriginal&lt;/Description&gt;&lt;Description xml:lang=&quot;fr&quot;&gt;Indigenous persons - Aboriginal&lt;/Description&gt;&lt;/Code&gt;&lt;Code value=&quot;I_3&quot; parentCode=&quot;I_TOT&quot;&gt;&lt;Description xml:lang=&quot;en&quot;&gt;Indigenous persons -Torres Strait Islander&lt;/Description&gt;&lt;Description xml
Input 1 does not match Pattern:[A-z][A-z0-9_\-]* for class:NCNameID
Input 3 does not match Pattern:[A-z][A-z0-9_\-]* for class:NCNameID
Input 2 does not match Pattern:[A-z][A-z0-9_\-]* for class:NCNameID
Loading Codelists
Codelist: ABS:CL_ATSI_BIRTHS_SUMM_MEASURE:1.0 already exists
Loading Concepts
Loading DataStructures
DS ABS:ATSI_BIRTHS_SUMM:1.0
Loading Dataflows
Loading Codelists
Codelist: ABS:CL_ATSI_FERTILITY_MEASURE:1.0 already exists
Loading Concepts
Loading DataStructures
DS ABS:ATSI_FERTILITY:1.0
Loading Dataflows
Loading Codelists
Codelist: ABS:CL_ALC_TYP:1.0 already exists
Loading Concepts
Loading DataStructures
DS ABS:ALC:1.0
Loading Dataflows
Loading Codelists
Codelist: ABS:CL_ABS_ACLD_LFSTATUS_SEX_ABS:1.0 already exists
Loading Concepts
Loading DataStructures
DS ABS:ABS_ACLD_LFSTATUS:1.0
Loading Dataflows
Loading Codelists
Codelist: ABS:CL_ABS_ACLD_TENURE_SEX_ABS:1.0 already exists
Loading Concepts
Loading DataStructures
DS ABS:ABS_ACLD_TENURE:1.0
Loading Dataflows
Loading Codelists
Codelist: ABS:CL_ABS_ACLD_UNPAIDASST_SEX_ABS:1.0 already exists
Loading Concepts
Loading DataStructures
DS ABS:ABS_ACLD_UNPAIDASST:1.0
Loading Dataflows
Loading Codelists
Codelist: ABS:CL_ABS_ACLD_VOLWORK_SEX_ABS:1.0 already exists
Loading Concepts
Loading DataStructures
DS ABS:ABS_ACLD_VOLWORK:1.0
Loading Dataflows
Loading Codelists
Codelist: ABS:CL_AMLPS_PART_2017_MEASURE:1.0 already exists
Loading Concepts
Loading DataStructures
DS ABS:AMLPS_PART_2017:1.0
Loading Dataflows
Loading Codelists
Codelist: ABS:CL_AMLPS_RESP_2017_RESPONSE_CAT:1.0 already exists
Loading Concepts
Loading DataStructures
DS ABS:AMLPS_RESP_2017:1.0
Loading Dataflows
Loading Codelists
Codelist: ABS:CL_ABS_CENSUS2011_B01_MEASURE:1.0 already exists
Loading Concepts
Loading DataStructures
DS ABS:ABS_CENSUS2011_B01:1.0
Loading Dataflows
Loading Codelists
Codelist: ABS:CL_ABS_CENSUS2011_B01_LGA_MEASURE:1.0 already exists
Loading Concepts
Loading DataStructures
DS ABS:ABS_CENSUS2011_B01_LGA:1.0
Loading Dataflows
Loading: B01 Selected Person Characteristics(SA1 SA)
Header=&lt;message:Structure xmlns=&quot;http://www.SDMX.org/resources/SDMXML/schemas/v2_0/structure&quot; xmlns:common=&quot;http://www.SDMX.org/resources/SDMXML/schemas/v2_0/common&quot; xsi:schemaLocation=&quot;http://www.SDMX.org/resources/SDMXML/schemas/v2_0/structure http://www.sdmx.org/docs/2_0/SDMXStructure.xsd http://www.SDMX.org/resources/SDMXML/schemas/v2_0/message http://www.sdmx.org/docs/2_0/SDMXMessage.xsd&quot; xmlns:xsi=&quot;http://www.w3.org/2001/XMLSchema-instance&quot; xmlns:message=&quot;http://www.SDMX.org/resources/SDMXML/schemas/v2_0/message&quot;&gt;&lt;Header xmlns=&quot;http://www.SDMX.org/resources/SDMXML/schemas/v2_0/message&quot;&gt;&lt;ID&gt;none&lt;!--Statistical usage warning
ABS.Stat beta is continuing to be developed.  Data will be updated as soon as possible following its 11:30 am release on the ABS website.
--&gt;&lt;/ID&gt;&lt;Test&gt;false&lt;/Test&gt;&lt;Truncated&gt;false&lt;/Truncated&gt;&lt;Prepared&gt;2020-03-17T00:59:45&lt;/Prepared&gt;&lt;Sender id=&quot;ABS&quot;&gt;&lt;Name xml:lang=&quot;en&quot;&gt;Australian Bureau of Statistics&lt;/Name&gt;&lt;Name xml:lang=&quot;fr&quot;&gt;Australian Bureau of Statistics&lt;/Name&gt;&lt;/Sender&gt;&lt;/Header&gt;&lt;message:CodeLists&gt;&lt;CodeList id=&quot;CL_ABS_CENSUS2011_B01_SA1_SA_MEASURE&quot; agencyID=&quot;ABS&quot;&gt;&lt;Name xml:lang=&quot;en&quot;&gt;Sex&lt;/Name&gt;&lt;Name xml:lang=&quot;fr&quot;&gt;Sex&lt;/Name&gt;&lt;Code value=&quot;1&quot; parentCode=&quot;3&quot;&gt;&lt;Description xml:lang=&quot;en&quot;&gt;Males&lt;/Description&gt;&lt;Description xml:lang=&quot;fr&quot;&gt;Males&lt;/Description&gt;&lt;/Code&gt;&lt;Code value=&quot;3&quot;&gt;&lt;Description xml:lang=&quot;en&quot;&gt;Persons&lt;/Description&gt;&lt;Description xml:lang=&quot;fr&quot;&gt;Persons&lt;/Description&gt;&lt;/Code&gt;&lt;Code value=&quot;2&quot; parentCode=&quot;3&quot;&gt;&lt;Description xml:lang=&quot;en&quot;&gt;Females&lt;/Description&gt;&lt;Description xml:lang=&quot;fr&quot;&gt;Females&lt;/Description&gt;&lt;/Code&gt;&lt;/CodeList&gt;&lt;CodeList id=&quot;CL_ABS_CENSUS2011_B01_SA1_SA_SPC&quot; agencyID=&quot;ABS&quot;&gt;&lt;Name xml:lang=&quot;en&quot;&gt;Selected Person Characteristics&lt;/Name&gt;&lt;Name xml:lang=&quot;fr&quot;&gt;Selected Person Characteristics&lt;/Name&gt;&lt;Code value=&quot;TT&quot;&gt;&lt;Description xml:lang=&quot;en&quot;&gt;Total persons&lt;/Description&gt;&lt;Description xml:lang=&quot;fr&quot;&gt;Total persons&lt;/Description&gt;&lt;/Code&gt;&lt;Code value=&quot;A04&quot; parentCode=&quot;TT&quot;&gt;&lt;Description xml:lang=&quot;en&quot;&gt;Age group 0-4 years&lt;/Description&gt;&lt;Description xml:lang=&quot;fr&quot;&gt;Age group 0-4 years&lt;/Description&gt;&lt;/Code&gt;&lt;Code value=&quot;T5&quot; parentCode=&quot;TT&quot;&gt;&lt;Description xml:lang=&quot;en&quot;&gt;Age group 5-14 years&lt;/Description&gt;&lt;Description xml:lang=&quot;fr&quot;&gt;Age group 5-14 years&lt;/Description&gt;&lt;/Code&gt;&lt;Code value=&quot;A15&quot; parentCode=&quot;TT&quot;&gt;&lt;Description xml:lang=&quot;en&quot;&gt;Age group 15-19 years&lt;/Description&gt;&lt;Description xml:lang=&quot;fr&quot;&gt;Age group 15-19 years&lt;/Description&gt;&lt;/Code&gt;&lt;Code value=&quot;A20&quot; parentCode=&quot;TT&quot;&gt;&lt;Description xml:lang=&quot;en&quot;&gt;Age group 20-24 years&lt;/Description&gt;&lt;Description xml:lang=&quot;fr&quot;&gt;Age group 20-24 years&lt;/Description&gt;&lt;/Code&gt;&lt;Code value=&quot;T25&quot; parentCode=&quot;TT&quot;&gt;&lt;Description xml:lang=&quot;en&quot;&gt;Age group 25-34 years&lt;/Description&gt;&lt;Description xml:lang=&quot;fr&quot;&gt;Age group 25-34 years&lt;/Description&gt;&lt;/Code&gt;&lt;Code value=&quot;T35&quot; parentCode=&quot;TT&quot;&gt;&lt;Description xml:lang=&quot;en&quot;&gt;Age group 35-44 years&lt;/Description&gt;&lt;Description xml:lang=&quot;fr&quot;&gt;Age group 35-44 years&lt;/Description&gt;&lt;/Code&gt;&lt;Code value=&quot;T45&quot; parentCode=&quot;TT&quot;&gt;&lt;Description xml:lang=&quot;en&quot;&gt;Age group 45-54 years&lt;/Description&gt;&lt;Description xml:lang=&quot;fr&quot;&gt;Age group 45-54 years&lt;/Description&gt;&lt;/Code&gt;&lt;Code value=&quot;T55&quot; parentCode=&quot;TT&quot;&gt;&lt;Description xml:lang=&quot;en&quot;&gt;Age group 55-64 years&lt;/Description&gt;&lt;Description xml:lang=&quot;fr&quot;&gt;Age group 55-64 years&lt;/Description&gt;&lt;/Code&gt;&lt;Code value=&quot;T65&quot; parentCode=&quot;TT&quot;&gt;&lt;Description xml:lang=&quot;en&quot;&gt;Age group 65-74 years&lt;/Description&gt;&lt;Description xml:lang=&quot;fr&quot;&gt;Age group 65-74 years&lt;/Description&gt;&lt;/Code&gt;&lt;Code value=&quot;T75&quot; parentCode=&quot;TT&quot;&gt;&lt;Description xml:lang=&quot;en&quot;&gt;Age group 75-84 years&lt;/Description&gt;&lt;Description xml:lang=&quot;fr&quot;&gt;Age group 75-84 years&lt;/Description&gt;&lt;/Code&gt;&lt;Code value=&quot;O85&quot; parentCode=&quot;TT&quot;&gt;&lt;Description xml:lang=&quot;en&quot;&gt;Age group 85 years and over&lt;/Description&gt;&lt;Description xml:lang=&quot;fr&quot;&gt;Age group 85 years and over&lt;/Description&gt;&lt;/Code&gt;&lt;Code value=&quot;U_1&quot;&gt;&lt;Description xml:lang=&quot;en&quot;&gt;Counted on Census Night At home&lt;/Description&gt;&lt;Description xml:lang=&quot;fr&quot;&gt;Counted on Census Night At home&lt;/Description&gt;&lt;/Code&gt;&lt;Code value=&quot;U_2&quot;&gt;&lt;Description xml:lang=&quot;en&quot;&gt;Counted on Census Night Elsewhere in Australia&lt;/Description&gt;&lt;Description xml:lang=&quot;fr&quot;&gt;Counted on Census Night Elsewhere in Australia&lt;/Description&gt;&lt;/Code&gt;&lt;Code value=&quot;11&quot;&gt;&lt;Description xml:lang=&quot;en&quot;&gt;Birthplace Australia&lt;/Description&gt;&lt;Description xml:lang=&quot;fr&quot;&gt;Birthplace Australia&lt;/Description&gt;&lt;/Code&gt;&lt;Code value=&quot;BPELSE&quot;&gt;&lt;Description xml:lang=&quot;en&quot;&gt;Birthplace Elsewhere&lt;/Description&gt;&lt;Description xml:lang=&quot;fr&quot;&gt;Birthplace Elsewhere&lt;/Description&gt;&lt;/Code&gt;&lt;Code value=&quot;12&quot;&gt;&lt;Description xml:lang=&quot;en&quot;&gt;Language spoken at home - English only&lt;/Description&gt;&lt;Description xml:lang=&quot;fr&quot;&gt;Language spoken at home - English only&lt;/Description&gt;&lt;/Code&gt;&lt;Code value=&quot;OTH&quot;&gt;&lt;Description xml:lang=&quot;en&quot;&gt;Language spoken at home - Other language&lt;/Description&gt;&lt;Description xml:lang=&quot;fr&quot;&gt;Language spoken at home - Other language&lt;/Description&gt;&lt;/Code&gt;&lt;Code value=&quot;CITZN&quot;&gt;&lt;Description xml:lang=&quot;en&quot;&gt;Australian citizen&lt;/Description&gt;&lt;Description xml:lang=&quot;fr&quot;&gt;Australian citizen&lt;/Description&gt;&lt;/Code&gt;&lt;Code value=&quot;EDA04&quot;&gt;&lt;Description xml:lang=&quot;en&quot;&gt;Age of persons attending an educational institution 0-4 years&lt;/Description&gt;&lt;Description xml:lang=&quot;fr&quot;&gt;Age of persons attending an educational institution 0-4 years&lt;/Description&gt;&lt;/Code&gt;&lt;Code value=&quot;EDT5&quot;&gt;&lt;Description xml:lang=&quot;en&quot;&gt;Age of persons attending an educational institution 5-14 years&lt;/Description&gt;&lt;Description xml:lang=&quot;fr&quot;&gt;Age of persons attending an educational institution 5-14 years&lt;/Description&gt;&lt;/Code&gt;&lt;Code value=&quot;EDA15&quot;&gt;&lt;Description xml:lang=&quot;en&quot;&gt;Age of persons attending an educational institution 15-19 years&lt;/Description&gt;&lt;Description xml:lang=&quot;fr&quot;&gt;Age of persons attending an educational institution 15-19 years&lt;/Description&gt;&lt;/Code&gt;&lt;Code value=&quot;EDA20&quot;&gt;&lt;Description xml:lang=&quot;en&quot;&gt;Age of persons attending an educational institution 20-24 years&lt;/Description&gt;&lt;Description xml:lang=&quot;fr&quot;&gt;Age of persons attending an educational institution 20-24 years&lt;/Description&gt;&lt;/Code&gt;&lt;Code value=&quot;EDO25&quot;&gt;&lt;Description xml:lang=&quot;en&quot;&gt;Age of persons attending an educational institution 25 years and over&lt;/Description&gt;&lt;Description xml:lang=&quot;fr&quot;&gt;Age of persons attending an educational institution 25 years and over&lt;/Description&gt;&lt;/Code&gt;&lt;Code value=&quot;1&quot;&gt;&lt;Description xml:lang=&quot;en&quot;&gt;Highest year of school completed - Year 12 or equivalent&lt;/Description&gt;&lt;Description xml:lang=&quot;fr&quot;&gt;Highest year of school completed - Year 12 or equivalent&lt;/Description&gt;&lt;/Code&gt;&lt;Code value=&quot;2&quot;&gt;&lt;Description xml:lang=&quot;en&quot;&gt;Highest year of school completed - Year 11 or equivalent&lt;/Description&gt;&lt;Description xml:lang=&quot;fr&quot;&gt;Highest year of school completed - Year 11 or equivalent&lt;/Description&gt;&lt;/Code&gt;&lt;Code value=&quot;3&quot;&gt;&lt;Description xml:lang=&quot;en&quot;&gt;Highest year of school completed - Year 10 or equivalent&lt;/Description&gt;&lt;Description xml:lang=&quot;fr&quot;&gt;Highest year of school completed - Year 10 or equivalent&lt;/Description&gt;&lt;/Code&gt;&lt;Code value=&quot;4&quot;&gt;&lt;Description xml:lang=&quot;en&quot;&gt;Highest year of school completed - Year 9 or equivalent&lt;/Description&gt;&lt;Description xml:lang=&quot;fr&quot;&gt;Highest year of school completed - Year 9 or equivalent&lt;/Description&gt;&lt;/Code&gt;&lt;Code value=&quot;5&quot;&gt;&lt;Description xml:lang=&quot;en&quot;&gt;Highest year of school completed - Year 8 or below &lt;/Description&gt;&lt;Description xml:lang=&quot;fr&quot;&gt;Highest year of school completed - Year 8 or below &lt;/Description&gt;&lt;/Code&gt;&lt;Code value=&quot;6&quot;&gt;&lt;Description xml:lang=&quot;en&quot;&gt;Highest year of school completed - Did not go to school&lt;/Description&gt;&lt;Description xml:lang=&quot;fr&quot;&gt;Highest year of school completed - Did not go to school&lt;/Description&gt;&lt;/Code&gt;&lt;Code value=&quot;PRIVDWELL&quot;&gt;&lt;Description xml:lang=&quot;en&quot;&gt;Count of persons in occupied private dwellings&lt;/Description&gt;&lt;Description xml:lang=&quot;fr&quot;&gt;Count of persons in occupied private dwellings&lt;/Description&gt;&lt;/Code&gt;&lt;Code value=&quot;OTHDWELL&quot;&gt;&lt;Description xml:lang=&quot;en&quot;&gt;Count of persons in other dwellings&lt;/Description&gt;&lt;Description xml:lang=&quot;fr&quot;&gt;Count of persons in other dwellings&lt;/Description&gt;&lt;/Code&gt;&lt;Code value=&quot;I_TOT&quot;&gt;&lt;Description xml:lang=&quot;en&quot;&gt;Indigenous persons Total&lt;/Description&gt;&lt;Description xml:lang=&quot;fr&quot;&gt;Indigenous persons Total&lt;/Description&gt;&lt;/Code&gt;&lt;Code value=&quot;I_2&quot; parentCode=&quot;I_TOT&quot;&gt;&lt;Description xml:lang=&quot;en&quot;&gt;Indigenous persons - Aboriginal&lt;/Description&gt;&lt;Description xml:lang=&quot;fr&quot;&gt;Indigenous persons - Aboriginal&lt;/Description&gt;&lt;/Code&gt;&lt;Code value=&quot;I_3&quot; parentCode=&quot;I_TOT&quot;&gt;&lt;Description xml:lang=&quot;en&quot;&gt;Indigenous persons -Torres Strait Islander&lt;/Description&gt;&lt;Descripti
Input 1 does not match Pattern:[A-z][A-z0-9_\-]* for class:NCNameID
Input 3 does not match Pattern:[A-z][A-z0-9_\-]* for class:NCNameID
Input 2 does not match Pattern:[A-z][A-z0-9_\-]* for class:NCNameID
Loading Codelists
Codelist: ABS:CL_ATSI_BIRTHS_SUMM_MEASURE:1.0 already exists
Loading Concepts
Loading DataStructures
DS ABS:ATSI_BIRTHS_SUMM:1.0
Loading Dataflows
Loading Codelists
Codelist: ABS:CL_ATSI_FERTILITY_MEASURE:1.0 already exists
Loading Concepts
Loading DataStructures
DS ABS:ATSI_FERTILITY:1.0
Loading Dataflows
Loading Codelists
Codelist: ABS:CL_ALC_TYP:1.0 already exists
Loading Concepts
Loading DataStructures
DS ABS:ALC:1.0
Loading Dataflows
Loading Codelists
Codelist: ABS:CL_ABS_ACLD_LFSTATUS_SEX_ABS:1.0 already exists
Loading Concepts
Loading DataStructures
DS ABS:ABS_ACLD_LFSTATUS:1.0
Loading Dataflows
Loading Codelists
Codelist: ABS:CL_ABS_ACLD_TENURE_SEX_ABS:1.0 already exists
Loading Concepts
Loading DataStructures
DS ABS:ABS_ACLD_TENURE:1.0
Loading Dataflows
Loading Codelists
Codelist: ABS:CL_ABS_ACLD_UNPAIDASST_SEX_ABS:1.0 already exists
Loading Concepts
Loading DataStructures
DS ABS:ABS_ACLD_UNPAIDASST:1.0
Loading Dataflows
Loading Codelists
Codelist: ABS:CL_ABS_ACLD_VOLWORK_SEX_ABS:1.0 already exists
Loading Concepts
Loading DataStructures
DS ABS:ABS_ACLD_VOLWORK:1.0
Loading Dataflows
Loading Codelists
Codelist: ABS:CL_AMLPS_PART_2017_MEASURE:1.0 already exists
Loading Concepts
Loading DataStructures
DS ABS:AMLPS_PART_2017:1.0
Loading Dataflows
Loading Codelists
Codelist: ABS:CL_AMLPS_RESP_2017_RESPONSE_CAT:1.0 already exists
Loading Concepts
Loading DataStructures
DS ABS:AMLPS_RESP_2017:1.0
Loading Dataflows
Loading Codelists
Codelist: ABS:CL_ABS_CENSUS2011_B01_MEASURE:1.0 already exists
Loading Concepts
Loading DataStructures
DS ABS:ABS_CENSUS2011_B01:1.0
Loading Dataflows
Loading Codelists
Codelist: ABS:CL_ABS_CENSUS2011_B01_LGA_MEASURE:1.0 already exists
Loading Concepts
Loading DataStructures
DS ABS:ABS_CENSUS2011_B01_LGA:1.0
Loading Dataflows
Loading Codelists
Codelist: ABS:CL_ABS_CENSUS2011_B01_SA1_SA_MEASURE:1.0 already exists
Loading Concepts
Loading DataStructures
DS ABS:ABS_CENSUS2011_B01_SA1_SA:1.0
Loading Dataflows
Loading: B02 Selected Medians and Averages
Header=&lt;message:Structure xmlns=&quot;http://www.SDMX.org/resources/SDMXML/schemas/v2_0/structure&quot; xmlns:common=&quot;http://www.SDMX.org/resources/SDMXML/schemas/v2_0/common&quot; xsi:schemaLocation=&quot;http://www.SDMX.org/resources/SDMXML/schemas/v2_0/structure http://www.sdmx.org/docs/2_0/SDMXStructure.xsd http://www.SDMX.org/resources/SDMXML/schemas/v2_0/message http://www.sdmx.org/docs/2_0/SDMXMessage.xsd&quot; xmlns:xsi=&quot;http://www.w3.org/2001/XMLSchema-instance&quot; xmlns:message=&quot;http://www.SDMX.org/resources/SDMXML/schemas/v2_0/message&quot;&gt;&lt;Header xmlns=&quot;http://www.SDMX.org/resources/SDMXML/schemas/v2_0/message&quot;&gt;&lt;ID&gt;none&lt;!--Statistical usage warning
ABS.Stat beta is continuing to be developed.  Data will be updated as soon as possible following its 11:30 am release on the ABS website.
--&gt;&lt;/ID&gt;&lt;Test&gt;false&lt;/Test&gt;&lt;Truncated&gt;false&lt;/Truncated&gt;&lt;Prepared&gt;2020-03-17T00:59:47&lt;/Prepared&gt;&lt;Sender id=&quot;ABS&quot;&gt;&lt;Name xml:lang=&quot;en&quot;&gt;Australian Bureau of Statistics&lt;/Name&gt;&lt;Name xml:lang=&quot;fr&quot;&gt;Australian Bureau of Statistics&lt;/Name&gt;&lt;/Sender&gt;&lt;/Header&gt;&lt;message:CodeLists&gt;&lt;CodeList id=&quot;CL_ABS_CENSUS2011_B02_MEASURE&quot; agencyID=&quot;ABS&quot;&gt;&lt;Name xml:lang=&quot;en&quot;&gt;Selected Medians and Averages&lt;/Name&gt;&lt;Name xml:lang=&quot;fr&quot;&gt;Selected Medians and Averages&lt;/Name&gt;&lt;Code value=&quot;MAGE&quot;&gt;&lt;Description xml:lang=&quot;en&quot;&gt;Median age of persons&lt;/Description&gt;&lt;Description xml:lang=&quot;fr&quot;&gt;Median age of persons&lt;/Description&gt;&lt;/Code&gt;&lt;Code value=&quot;MMORT&quot;&gt;&lt;Description xml:lang=&quot;en&quot;&gt;Median mortgage repayment ($/monthly)&lt;/Description&gt;&lt;Description xml:lang=&quot;fr&quot;&gt;Median mortgage repayment ($/monthly)&lt;/Description&gt;&lt;/Code&gt;&lt;Code value=&quot;MTPI&quot;&gt;&lt;Description xml:lang=&quot;en&quot;&gt;Median total personal income ($/weekly)&lt;/Description&gt;&lt;Description xml:lang=&quot;fr&quot;&gt;Median total personal income ($/weekly)&lt;/Description&gt;&lt;/Code&gt;&lt;Code value=&quot;MRENT&quot;&gt;&lt;Description xml:lang=&quot;en&quot;&gt;Median rent ($/weekly)&lt;/Description&gt;&lt;Description xml:lang=&quot;fr&quot;&gt;Median rent ($/weekly)&lt;/Description&gt;&lt;/Code&gt;&lt;Code value=&quot;MTFI&quot;&gt;&lt;Description xml:lang=&quot;en&quot;&gt;Median total family income ($/weekly)&lt;/Description&gt;&lt;Description xml:lang=&quot;fr&quot;&gt;Median total family income ($/weekly)&lt;/Description&gt;&lt;/Code&gt;&lt;Code value=&quot;APPB&quot;&gt;&lt;Description xml:lang=&quot;en&quot;&gt;Average number of persons per bedroom&lt;/Description&gt;&lt;Description xml:lang=&quot;fr&quot;&gt;Average number of persons per bedroom&lt;/Description&gt;&lt;/Code&gt;&lt;Code value=&quot;MTHI&quot;&gt;&lt;Description xml:lang=&quot;en&quot;&gt;Median total household income ($/weekly)&lt;/Description&gt;&lt;Description xml:lang=&quot;fr&quot;&gt;Median total household income ($/weekly)&lt;/Description&gt;&lt;/Code&gt;&lt;Code value=&quot;AHS&quot;&gt;&lt;Description xml:lang=&quot;en&quot;&gt;Average household size&lt;/Description&gt;&lt;Description xml:lang=&quot;fr&quot;&gt;Average household size&lt;/Description&gt;&lt;/Code&gt;&lt;/CodeList&gt;&lt;CodeList id=&quot;CL_ABS_CENSUS2011_B02_STATE&quot; agencyID=&quot;ABS&quot;&gt;&lt;Name xml:lang=&quot;en&quot;&gt;State&lt;/Name&gt;&lt;Name xml:lang=&quot;fr&quot;&gt;State&lt;/Name&gt;&lt;Code value=&quot;0&quot;&gt;&lt;Description xml:lang=&quot;en&quot;&gt;Australia&lt;/Description&gt;&lt;Description xml:lang=&quot;fr&quot;&gt;Australia&lt;/Description&gt;&lt;/Code&gt;&lt;Code value=&quot;1&quot; parentCode=&quot;0&quot;&gt;&lt;Description xml:lang=&quot;en&quot;&gt;New South Wales&lt;/Description&gt;&lt;Description xml:lang=&quot;fr&quot;&gt;New South Wales&lt;/Description&gt;&lt;/Code&gt;&lt;Code value=&quot;2&quot; parentCode=&quot;0&quot;&gt;&lt;Description xml:lang=&quot;en&quot;&gt;Victoria&lt;/Description&gt;&lt;Description xml:lang=&quot;fr&quot;&gt;Victoria&lt;/Description&gt;&lt;/Code&gt;&lt;Code value=&quot;3&quot; parentCode=&quot;0&quot;&gt;&lt;Description xml:lang=&quot;en&quot;&gt;Queensland&lt;/Description&gt;&lt;Description xml:lang=&quot;fr&quot;&gt;Queensland&lt;/Description&gt;&lt;/Code&gt;&lt;Code value=&quot;4&quot; parentCode=&quot;0&quot;&gt;&lt;Description xml:lang=&quot;en&quot;&gt;South Australia&lt;/Description&gt;&lt;Description xml:lang=&quot;fr&quot;&gt;South Australia&lt;/Description&gt;&lt;/Code&gt;&lt;Code value=&quot;5&quot; parentCode=&quot;0&quot;&gt;&lt;Description xml:lang=&quot;en&quot;&gt;Western Australia&lt;/Description&gt;&lt;Description xml:lang=&quot;fr&quot;&gt;Western Australia&lt;/Description&gt;&lt;/Code&gt;&lt;Code value=&quot;6&quot; parentCode=&quot;0&quot;&gt;&lt;Description xml:lang=&quot;en&quot;&gt;Tasmania&lt;/Description&gt;&lt;Description xml:lang=&quot;fr&quot;&gt;Tasmania&lt;/Description&gt;&lt;/Code&gt;&lt;Code value=&quot;7&quot; parentCode=&quot;0&quot;&gt;&lt;Description xml:lang=&quot;en&quot;&gt;Northern Territory&lt;/Description&gt;&lt;Description xml:lang=&quot;fr&quot;&gt;Northern Territory&lt;/Description&gt;&lt;/Code&gt;&lt;Code value=&quot;8&quot; parentCode=&quot;0&quot;&gt;&lt;Description xml:lang=&quot;en&quot;&gt;Australian Capital Territory&lt;/Description&gt;&lt;Description xml:lang=&quot;fr&quot;&gt;Australian Capital Territory&lt;/Description&gt;&lt;/Code&gt;&lt;Code value=&quot;9&quot; parentCode=&quot;0&quot;&gt;&lt;Description xml:lang=&quot;en&quot;&gt;Other Territories&lt;/Description&gt;&lt;Description xml:lang=&quot;fr&quot;&gt;Other Territories&lt;/Description&gt;&lt;/Code&gt;&lt;/CodeList&gt;&lt;CodeList id=&quot;CL_ABS_CENSUS2011_B02_REGIONTYPE&quot; agencyID=&quot;ABS&quot;&gt;&lt;Name xml:lang=&quot;en&quot;&gt;Region Type&lt;/Name&gt;&lt;Name xml:lang=&quot;fr&quot;&gt;Region Type&lt;/Name&gt;&lt;Code value=&quot;AUS&quot;&gt;&lt;Description xml:lang=&quot;en&quot;&gt;Australia&lt;/Description&gt;&lt;Description xml:lang=&quot;fr&quot;&gt;Australia&lt;/Description&gt;&lt;/Code&gt;&lt;Code value=&quot;STE&quot;&gt;&lt;Description xml:lang=&quot;en&quot;&gt;States and Territories&lt;/Description&gt;&lt;Description xml:lang=&quot;fr&quot;&gt;States and Territories&lt;/Description&gt;&lt;/Code&gt;&lt;Code value=&quot;SA4&quot;&gt;&lt;Description xml:lang=&quot;en&quot;&gt;Statistical Area Level 4&lt;/Description&gt;&lt;Description xml:lang=&quot;fr&quot;&gt;Statistical Area Level 4&lt;/Description&gt;&lt;/Code&gt;&lt;Code value=&quot;SA3&quot;&gt;&lt;Description xml:lang=&quot;en&quot;&gt;Statistical Area Level 3&lt;/Description&gt;&lt;Description xml:lang=&quot;fr&quot;&gt;Statistical Area Level 3&lt;/Description&gt;&lt;/Code&gt;&lt;Code value=&quot;SA2&quot;&gt;&lt;Description xml:lang=&quot;en&quot;&gt;Statistical Area Level 2&lt;/Description&gt;&lt;Description xml:lang=&quot;fr&quot;&gt;Statistical Area Level 2&lt;/Description&gt;&lt;/Code&gt;&lt;/CodeList&gt;&lt;CodeList id=&quot;CL_ABS_CENSUS2011_B02_REGION&quot; agencyID=&quot;ABS&quot;&gt;&lt;Name xml:lang=&quot;en&quot;&gt;Region&lt;/Name&gt;&lt;Name xml:lang=&quot;fr&quot;&gt;Region&lt;/Name&gt;&lt;Code value=&quot;0&quot;&gt;&lt;Description xml:lang=&quot;en&quot;&gt;Australia&lt;/Description&gt;&lt;Description xml:lang=&quot;fr&quot;&gt;Australia&lt;/Description&gt;&lt;/Code&gt;&lt;Code value=&quot;1&quot; parentCode=&quot;0&quot;&gt;&lt;Description xml:lang=&quot;en&quot;&gt;New South Wales&lt;/Description&gt;&lt;Description xml:lang=&quot;fr&quot;&gt;New South Wales&lt;/Description&gt;&lt;/Code&gt;&lt;Code value=&quot;101&quot; parentCode=&quot;1&quot;&gt;&lt;Description xml:lang=&quot;en&quot;&gt;Capital Region&lt;/Description&gt;&lt;Description xml:lang=&quot;fr&quot;&gt;Capital Region&lt;/Description&gt;&lt;/Code&gt;&lt;Code value=&quot;10101&quot; parentCode=&quot;101&quot;&gt;&lt;Description xml:lang=&quot;en&quot;&gt;Goulburn - Yass&lt;/Description&gt;&lt;Description xml:lang=&quot;fr&quot;&gt;Goulburn - Yass&lt;/Description&gt;&lt;/Code&gt;&lt;Code value=&quot;101011001&quot; parentCode=&quot;10101&quot;&gt;&lt;Description xml:lang=&quot;en&quot;&gt;Goulburn&lt;/Description&gt;&lt;Description xml:lang=&quot;fr&quot;&gt;Goulburn&lt;/Description&gt;&lt;/Code&gt;&lt;Code value=&quot;101011002&quot; parentCode=&quot;10101&quot;&gt;&lt;Description xml:lang=&quot;en&quot;&gt;Goulburn Region&lt;/Description&gt;&lt;Description xml:lang=&quot;fr&quot;&gt;Goulburn Region&lt;/Description&gt;&lt;/Code&gt;&lt;Code value=&quot;101011003&quot; parentCode=&quot;10101&quot;&gt;&lt;Description xml:lang=&quot;en&quot;&gt;Yass&lt;/Description&gt;&lt;Description xml:lang=&quot;fr&quot;&gt;Yass&lt;/Description&gt;&lt;/Code&gt;&lt;Code value=&quot;101011004&quot; parentCode=&quot;10101&quot;&gt;&lt;Description xml:lang=&quot;en&quot;&gt;Yass Region&lt;/Description&gt;&lt;Description xml:lang=&quot;fr&quot;&gt;Yass Region&lt;/Description&gt;&lt;/Code&gt;&lt;Code value=&quot;101011005&quot; parentCode=&quot;10101&quot;&gt;&lt;Description xml:lang=&quot;en&quot;&gt;Young&lt;/Description&gt;&lt;Description xml:lang=&quot;fr&quot;&gt;Young&lt;/Description&gt;&lt;/Code&gt;&lt;Code value=&quot;101011006&quot; parentCode=&quot;10101&quot;&gt;&lt;Description xml:lang=&quot;en&quot;&gt;Young Region&lt;/Description&gt;&lt;Description xml:lang=&quot;fr&quot;&gt;Young Region&lt;/Description&gt;&lt;/Code&gt;&lt;Code value=&quot;10102&quot; parentCode=&quot;101&quot;&gt;&lt;Description xml:lang=&quot;en&quot;&gt;Queanbeyan&lt;/Description&gt;&lt;Description xml:lang=&quot;fr&quot;&gt;Queanbeyan&lt;/Description&gt;&lt;/Code&gt;&lt;Code value=&quot;101021007&quot; parentCode=&quot;10102&quot;&gt;&lt;Description xml:lang=&quot;en&quot;&gt;Braidwood&lt;/Description&gt;&lt;Description xml:lang=&quot;fr&quot;&gt;Braidwood&lt;/Description&gt;&lt;/Code&gt;&lt;Code value=&quot;101021008&quot; parentCode=&quot;10102&quot;&gt;&lt;Description xml:lang=&quot;en&quot;&gt;Karabar&lt;/Description&gt;&lt;Description xml:lang=&quot;fr&quot;&gt;Karabar&lt;/Description&gt;&lt;/Code&gt;&lt;Code value=&quot;101021009&quot; parentCode=&quot;10102&quot;&gt;&lt;Description xml:lang=&quot;en&quot;&gt;Queanbeyan&lt;/Description&gt;&lt;Description xml:lang=&quot;fr&quot;&gt;Queanbeyan&lt;/Description&gt;&lt;/Code&gt;&lt;Code value=&quot;101021010&quot; parentCode=&quot;10102&quot;&gt;&lt;Description xml:lang=&quot;en&quot;&gt;Queanbeyan - East&lt;/Description&gt;&lt;Description xml:lang=&quot;fr&quot;&gt;Queanbeyan - East&lt;/Description&gt;&lt;/Code&gt;&lt;Code value=&quot;101021011&quot; parentCode=&quot;10102&quot;&gt;&lt;Description xml:lang=&quot;en&quot;&gt;Queanbeyan Region&lt;/Description&gt;&lt;Description xml:lang=&quot;fr&quot;&gt;Queanbeyan Region&lt;/Description&gt;&lt;/Code&gt;&lt;Code value=&quot;101021012&quot; parentCode=&quot;10102&quot;&gt;&lt;Description xml:lang=&quot;en&quot;&gt;Queanbeyan West - Jerrabomberra&lt;/Description&gt;&lt;Description xml:lang=&quot;fr&quot;&gt;Queanbeyan West - Jerrabomberra&lt;/Description&gt;&lt;/Code&gt;&lt;Code value=&quot;10103&quot; parentCode=&quot;101&quot;&gt;&lt;Description xml:lang=&quot;en&quot;&gt;Snowy Mountains&lt;/Description&gt;&lt;Description xml:lang=&quot;fr&quot;&gt;Snowy Mountains&lt;/Description&gt;&lt;/Code&gt;&lt;Code value=&quot;101031013&quot; parentCode=&quot;10103&quot;&gt;&lt;Description xml:lang=&quot;en&quot;&gt;Bombala&lt;/Description&gt;&lt;Description xml:lang=&quot;fr&quot;&gt;Bombala&lt;/Description&gt;&lt;/Code&gt;&lt;Code value=&quot;101031014&quot; parentCode=&quot;10103&quot;&gt;&lt;Description xml:lang=&quot;en&quot;&gt;Cooma
Loading Codelists
Codelist: ABS:CL_ATSI_BIRTHS_SUMM_MEASURE:1.0 already exists
Loading Concepts
Loading DataStructures
DS ABS:ATSI_BIRTHS_SUMM:1.0
Loading Dataflows
Loading Codelists
Codelist: ABS:CL_ATSI_FERTILITY_MEASURE:1.0 already exists
Loading Concepts
Loading DataStructures
DS ABS:ATSI_FERTILITY:1.0
Loading Dataflows
Loading Codelists
Codelist: ABS:CL_ALC_TYP:1.0 already exists
Loading Concepts
Loading DataStructures
DS ABS:ALC:1.0
Loading Dataflows
Loading Codelists
Codelist: ABS:CL_ABS_ACLD_LFSTATUS_SEX_ABS:1.0 already exists
Loading Concepts
Loading DataStructures
DS ABS:ABS_ACLD_LFSTATUS:1.0
Loading Dataflows
Loading Codelists
Codelist: ABS:CL_ABS_ACLD_TENURE_SEX_ABS:1.0 already exists
Loading Concepts
Loading DataStructures
DS ABS:ABS_ACLD_TENURE:1.0
Loading Dataflows
Loading Codelists
Codelist: ABS:CL_ABS_ACLD_UNPAIDASST_SEX_ABS:1.0 already exists
Loading Concepts
Loading DataStructures
DS ABS:ABS_ACLD_UNPAIDASST:1.0
Loading Dataflows
Loading Codelists
Codelist: ABS:CL_ABS_ACLD_VOLWORK_SEX_ABS:1.0 already exists
Loading Concepts
Loading DataStructures
DS ABS:ABS_ACLD_VOLWORK:1.0
Loading Dataflows
Loading Codelists
Codelist: ABS:CL_AMLPS_PART_2017_MEASURE:1.0 already exists
Loading Concepts
Loading DataStructures
DS ABS:AMLPS_PART_2017:1.0
Loading Dataflows
Loading Codelists
Codelist: ABS:CL_AMLPS_RESP_2017_RESPONSE_CAT:1.0 already exists
Loading Concepts
Loading DataStructures
DS ABS:AMLPS_RESP_2017:1.0
Loading Dataflows
Loading Codelists
Codelist: ABS:CL_ABS_CENSUS2011_B01_MEASURE:1.0 already exists
Loading Concepts
Loading DataStructures
DS ABS:ABS_CENSUS2011_B01:1.0
Loading Dataflows
Loading Codelists
Codelist: ABS:CL_ABS_CENSUS2011_B01_LGA_MEASURE:1.0 already exists
Loading Concepts
Loading DataStructures
DS ABS:ABS_CENSUS2011_B01_LGA:1.0
Loading Dataflows
Loading Codelists
Codelist: ABS:CL_ABS_CENSUS2011_B01_SA1_SA_MEASURE:1.0 already exists
Loading Concepts
Loading DataStructures
DS ABS:ABS_CENSUS2011_B01_SA1_SA:1.0
Loading Dataflows
Loading Codelists
Codelist: ABS:CL_ABS_CENSUS2011_B02_MEASURE:1.0 already exists
Loading Concepts
Loading DataStructures
DS ABS:ABS_CENSUS2011_B02:1.0
Loading Dataflows
Loading: B02 Selected Medians and Averages (LGA)
Header=&lt;message:Structure xmlns=&quot;http://www.SDMX.org/resources/SDMXML/schemas/v2_0/structure&quot; xmlns:common=&quot;http://www.SDMX.org/resources/SDMXML/schemas/v2_0/common&quot; xsi:schemaLocation=&quot;http://www.SDMX.org/resources/SDMXML/schemas/v2_0/structure http://www.sdmx.org/docs/2_0/SDMXStructure.xsd http://www.SDMX.org/resources/SDMXML/schemas/v2_0/message http://www.sdmx.org/docs/2_0/SDMXMessage.xsd&quot; xmlns:xsi=&quot;http://www.w3.org/2001/XMLSchema-instance&quot; xmlns:message=&quot;http://www.SDMX.org/resources/SDMXML/schemas/v2_0/message&quot;&gt;&lt;Header xmlns=&quot;http://www.SDMX.org/resources/SDMXML/schemas/v2_0/message&quot;&gt;&lt;ID&gt;none&lt;!--Statistical usage warning
ABS.Stat beta is continuing to be developed.  Data will be updated as soon as possible following its 11:30 am release on the ABS website.
--&gt;&lt;/ID&gt;&lt;Test&gt;false&lt;/Test&gt;&lt;Truncated&gt;false&lt;/Truncated&gt;&lt;Prepared&gt;2020-03-17T00:59:48&lt;/Prepared&gt;&lt;Sender id=&quot;ABS&quot;&gt;&lt;Name xml:lang=&quot;en&quot;&gt;Australian Bureau of Statistics&lt;/Name&gt;&lt;Name xml:lang=&quot;fr&quot;&gt;Australian Bureau of Statistics&lt;/Name&gt;&lt;/Sender&gt;&lt;/Header&gt;&lt;message:CodeLists&gt;&lt;CodeList id=&quot;CL_ABS_CENSUS2011_B02_LGA_MEASURE&quot; agencyID=&quot;ABS&quot;&gt;&lt;Name xml:lang=&quot;en&quot;&gt;Selected Medians and Averages&lt;/Name&gt;&lt;Name xml:lang=&quot;fr&quot;&gt;Selected Medians and Averages&lt;/Name&gt;&lt;Code value=&quot;MAGE&quot;&gt;&lt;Description xml:lang=&quot;en&quot;&gt;Median age of persons&lt;/Description&gt;&lt;Description xml:lang=&quot;fr&quot;&gt;Median age of persons&lt;/Description&gt;&lt;/Code&gt;&lt;Code value=&quot;MMORT&quot;&gt;&lt;Description xml:lang=&quot;en&quot;&gt;Median mortgage repayment ($/monthly)&lt;/Description&gt;&lt;Description xml:lang=&quot;fr&quot;&gt;Median mortgage repayment ($/monthly)&lt;/Description&gt;&lt;/Code&gt;&lt;Code value=&quot;MTPI&quot;&gt;&lt;Description xml:lang=&quot;en&quot;&gt;Median total personal income ($/weekly)&lt;/Description&gt;&lt;Description xml:lang=&quot;fr&quot;&gt;Median total personal income ($/weekly)&lt;/Description&gt;&lt;/Code&gt;&lt;Code value=&quot;MRENT&quot;&gt;&lt;Description xml:lang=&quot;en&quot;&gt;Median rent ($/weekly)&lt;/Description&gt;&lt;Description xml:lang=&quot;fr&quot;&gt;Median rent ($/weekly)&lt;/Description&gt;&lt;/Code&gt;&lt;Code value=&quot;MTFI&quot;&gt;&lt;Description xml:lang=&quot;en&quot;&gt;Median total family income ($/weekly)&lt;/Description&gt;&lt;Description xml:lang=&quot;fr&quot;&gt;Median total family income ($/weekly)&lt;/Description&gt;&lt;/Code&gt;&lt;Code value=&quot;APPB&quot;&gt;&lt;Description xml:lang=&quot;en&quot;&gt;Average number of persons per bedroom&lt;/Description&gt;&lt;Description xml:lang=&quot;fr&quot;&gt;Average number of persons per bedroom&lt;/Description&gt;&lt;/Code&gt;&lt;Code value=&quot;MTHI&quot;&gt;&lt;Description xml:lang=&quot;en&quot;&gt;Median total household income ($/weekly)&lt;/Description&gt;&lt;Description xml:lang=&quot;fr&quot;&gt;Median total household income ($/weekly)&lt;/Description&gt;&lt;/Code&gt;&lt;Code value=&quot;AHS&quot;&gt;&lt;Description xml:lang=&quot;en&quot;&gt;Average household size&lt;/Description&gt;&lt;Description xml:lang=&quot;fr&quot;&gt;Average household size&lt;/Description&gt;&lt;/Code&gt;&lt;/CodeList&gt;&lt;CodeList id=&quot;CL_ABS_CENSUS2011_B02_LGA_STATE&quot; agencyID=&quot;ABS&quot;&gt;&lt;Name xml:lang=&quot;en&quot;&gt;State&lt;/Name&gt;&lt;Name xml:lang=&quot;fr&quot;&gt;State&lt;/Name&gt;&lt;Code value=&quot;1&quot; parentCode=&quot;0&quot;&gt;&lt;Description xml:lang=&quot;en&quot;&gt;New South Wales&lt;/Description&gt;&lt;Description xml:lang=&quot;fr&quot;&gt;New South Wales&lt;/Description&gt;&lt;/Code&gt;&lt;Code value=&quot;0&quot;&gt;&lt;Description xml:lang=&quot;en&quot;&gt;Australia&lt;/Description&gt;&lt;Description xml:lang=&quot;fr&quot;&gt;Australia&lt;/Description&gt;&lt;/Code&gt;&lt;Code value=&quot;2&quot; parentCode=&quot;0&quot;&gt;&lt;Description xml:lang=&quot;en&quot;&gt;Victoria&lt;/Description&gt;&lt;Description xml:lang=&quot;fr&quot;&gt;Victoria&lt;/Description&gt;&lt;/Code&gt;&lt;Code value=&quot;3&quot; parentCode=&quot;0&quot;&gt;&lt;Description xml:lang=&quot;en&quot;&gt;Queensland&lt;/Description&gt;&lt;Description xml:lang=&quot;fr&quot;&gt;Queensland&lt;/Description&gt;&lt;/Code&gt;&lt;Code value=&quot;4&quot; parentCode=&quot;0&quot;&gt;&lt;Description xml:lang=&quot;en&quot;&gt;South Australia&lt;/Description&gt;&lt;Description xml:lang=&quot;fr&quot;&gt;South Australia&lt;/Description&gt;&lt;/Code&gt;&lt;Code value=&quot;5&quot; parentCode=&quot;0&quot;&gt;&lt;Description xml:lang=&quot;en&quot;&gt;Western Australia&lt;/Description&gt;&lt;Description xml:lang=&quot;fr&quot;&gt;Western Australia&lt;/Description&gt;&lt;/Code&gt;&lt;Code value=&quot;6&quot; parentCode=&quot;0&quot;&gt;&lt;Description xml:lang=&quot;en&quot;&gt;Tasmania&lt;/Description&gt;&lt;Description xml:lang=&quot;fr&quot;&gt;Tasmania&lt;/Description&gt;&lt;/Code&gt;&lt;Code value=&quot;7&quot; parentCode=&quot;0&quot;&gt;&lt;Description xml:lang=&quot;en&quot;&gt;Northern Territory&lt;/Description&gt;&lt;Description xml:lang=&quot;fr&quot;&gt;Northern Territory&lt;/Description&gt;&lt;/Code&gt;&lt;Code value=&quot;8&quot; parentCode=&quot;0&quot;&gt;&lt;Description xml:lang=&quot;en&quot;&gt;Australian Capital Territory&lt;/Description&gt;&lt;Description xml:lang=&quot;fr&quot;&gt;Australian Capital Territory&lt;/Description&gt;&lt;/Code&gt;&lt;Code value=&quot;9&quot; parentCode=&quot;0&quot;&gt;&lt;Description xml:lang=&quot;en&quot;&gt;Other Territories&lt;/Description&gt;&lt;Description xml:lang=&quot;fr&quot;&gt;Other Territories&lt;/Description&gt;&lt;/Code&gt;&lt;/CodeList&gt;&lt;CodeList id=&quot;CL_ABS_CENSUS2011_B02_LGA_REGIONTYPE&quot; agencyID=&quot;ABS&quot;&gt;&lt;Name xml:lang=&quot;en&quot;&gt;Region Type&lt;/Name&gt;&lt;Name xml:lang=&quot;fr&quot;&gt;Region Type&lt;/Name&gt;&lt;Code value=&quot;LGA2011&quot; parentCode=&quot;LGA&quot;&gt;&lt;Description xml:lang=&quot;en&quot;&gt;Local Government Areas (2011)&lt;/Description&gt;&lt;Description xml:lang=&quot;fr&quot;&gt;Local Government Areas (2011)&lt;/Description&gt;&lt;/Code&gt;&lt;Code value=&quot;LGA&quot;&gt;&lt;Description xml:lang=&quot;en&quot;&gt;Local Government Areas&lt;/Description&gt;&lt;Description xml:lang=&quot;fr&quot;&gt;Local Government Areas&lt;/Description&gt;&lt;/Code&gt;&lt;/CodeList&gt;&lt;CodeList id=&quot;CL_ABS_CENSUS2011_B02_LGA_REGION&quot; agencyID=&quot;ABS&quot;&gt;&lt;Name xml:lang=&quot;en&quot;&gt;LGA 2011&lt;/Name&gt;&lt;Name xml:lang=&quot;fr&quot;&gt;LGA 2011&lt;/Name&gt;&lt;Code value=&quot;10050&quot; parentCode=&quot;1&quot;&gt;&lt;Description xml:lang=&quot;en&quot;&gt;Albury (C)&lt;/Description&gt;&lt;Description xml:lang=&quot;fr&quot;&gt;Albury (C)&lt;/Description&gt;&lt;/Code&gt;&lt;Code value=&quot;1&quot;&gt;&lt;Description xml:lang=&quot;en&quot;&gt;New South Wales&lt;/Description&gt;&lt;Description xml:lang=&quot;fr&quot;&gt;New South Wales&lt;/Description&gt;&lt;/Code&gt;&lt;Code value=&quot;10110&quot; parentCode=&quot;1&quot;&gt;&lt;Description xml:lang=&quot;en&quot;&gt;Armidale Dumaresq (A)&lt;/Description&gt;&lt;Description xml:lang=&quot;fr&quot;&gt;Armidale Dumaresq (A)&lt;/Description&gt;&lt;/Code&gt;&lt;Code value=&quot;10150&quot; parentCode=&quot;1&quot;&gt;&lt;Description xml:lang=&quot;en&quot;&gt;Ashfield (A)&lt;/Description&gt;&lt;Description xml:lang=&quot;fr&quot;&gt;Ashfield (A)&lt;/Description&gt;&lt;/Code&gt;&lt;Code value=&quot;10200&quot; parentCode=&quot;1&quot;&gt;&lt;Description xml:lang=&quot;en&quot;&gt;Auburn (C)&lt;/Description&gt;&lt;Description xml:lang=&quot;fr&quot;&gt;Auburn (C)&lt;/Description&gt;&lt;/Code&gt;&lt;Code value=&quot;10250&quot; parentCode=&quot;1&quot;&gt;&lt;Description xml:lang=&quot;en&quot;&gt;Ballina (A)&lt;/Description&gt;&lt;Description xml:lang=&quot;fr&quot;&gt;Ballina (A)&lt;/Description&gt;&lt;/Code&gt;&lt;Code value=&quot;10300&quot; parentCode=&quot;1&quot;&gt;&lt;Description xml:lang=&quot;en&quot;&gt;Balranald (A)&lt;/Description&gt;&lt;Description xml:lang=&quot;fr&quot;&gt;Balranald (A)&lt;/Description&gt;&lt;/Code&gt;&lt;Code value=&quot;10350&quot; parentCode=&quot;1&quot;&gt;&lt;Description xml:lang=&quot;en&quot;&gt;Bankstown (C)&lt;/Description&gt;&lt;Description xml:lang=&quot;fr&quot;&gt;Bankstown (C)&lt;/Description&gt;&lt;/Code&gt;&lt;Code value=&quot;10470&quot; parentCode=&quot;1&quot;&gt;&lt;Description xml:lang=&quot;en&quot;&gt;Bathurst Regional (A)&lt;/Description&gt;&lt;Description xml:lang=&quot;fr&quot;&gt;Bathurst Regional (A)&lt;/Description&gt;&lt;/Code&gt;&lt;Code value=&quot;10550&quot; parentCode=&quot;1&quot;&gt;&lt;Description xml:lang=&quot;en&quot;&gt;Bega Valley (A)&lt;/Description&gt;&lt;Description xml:lang=&quot;fr&quot;&gt;Bega Valley (A)&lt;/Description&gt;&lt;/Code&gt;&lt;Code value=&quot;10600&quot; parentCode=&quot;1&quot;&gt;&lt;Description xml:lang=&quot;en&quot;&gt;Bellingen (A)&lt;/Description&gt;&lt;Description xml:lang=&quot;fr&quot;&gt;Bellingen (A)&lt;/Description&gt;&lt;/Code&gt;&lt;Code value=&quot;10650&quot; parentCode=&quot;1&quot;&gt;&lt;Description xml:lang=&quot;en&quot;&gt;Berrigan (A)&lt;/Description&gt;&lt;Description xml:lang=&quot;fr&quot;&gt;Berrigan (A)&lt;/Description&gt;&lt;/Code&gt;&lt;Code value=&quot;10750&quot; parentCode=&quot;1&quot;&gt;&lt;Description xml:lang=&quot;en&quot;&gt;Blacktown (C)&lt;/Description&gt;&lt;Description xml:lang=&quot;fr&quot;&gt;Blacktown (C)&lt;/Description&gt;&lt;/Code&gt;&lt;Code value=&quot;10800&quot; parentCode=&quot;1&quot;&gt;&lt;Description xml:lang=&quot;en&quot;&gt;Bland (A)&lt;/Description&gt;&lt;Description xml:lang=&quot;fr&quot;&gt;Bland (A)&lt;/Description&gt;&lt;/Code&gt;&lt;Code value=&quot;10850&quot; parentCode=&quot;1&quot;&gt;&lt;Description xml:lang=&quot;en&quot;&gt;Blayney (A)&lt;/Description&gt;&lt;Description xml:lang=&quot;fr&quot;&gt;Blayney (A)&lt;/Description&gt;&lt;/Code&gt;&lt;Code value=&quot;10900&quot; parentCode=&quot;1&quot;&gt;&lt;Description xml:lang=&quot;en&quot;&gt;Blue Mountains (C)&lt;/Description&gt;&lt;Description xml:lang=&quot;fr&quot;&gt;Blue Mountains (C)&lt;/Description&gt;&lt;/Code&gt;&lt;Code value=&quot;10950&quot; parentCode=&quot;1&quot;&gt;&lt;Description xml:lang=&quot;en&quot;&gt;Bogan (A)&lt;/Description&gt;&lt;Description xml:lang=&quot;fr&quot;&gt;Bogan (A)&lt;/Description&gt;&lt;/Code&gt;&lt;Code value=&quot;11000&quot; parentCode=&quot;1&quot;&gt;&lt;Description xml:lang=&quot;en&quot;&gt;Bombala (A)&lt;/Description&gt;&lt;Description xml:lang=&quot;fr&quot;&gt;Bombala (A)&lt;/Description&gt;&lt;/Code&gt;&lt;Code value=&quot;11050&quot; parentCode=&quot;1&quot;&gt;&lt;Description xml:lang=&quot;en&quot;&gt;Boorowa (A)&lt;/Description&gt;&lt;Description xml:lang=&quot;fr&quot;&gt;Boorowa (A)&lt;/Description&gt;&lt;/Code&gt;&lt;Code value=&quot;11100&quot; parentCode=&quot;1&quot;&gt;&lt;Description xml:lang=&quot;en&quot;&gt;Botany Bay (C)&lt;/Description&gt;&lt;Description xml:lang=&quot;fr&quot;&gt;Botany Bay (C)&lt;/Description&gt;&lt;/Code&gt;&lt;Code value=&quot;11150&quot; parentCode=&quot;1&quot;&gt;&lt;Description xml:lang=&quot;en&quot;&gt;Bourke (A)&lt;/Description&gt;&lt;Description xml:lang=&quot;fr&quot;&gt;Bourke (A)&lt;/Description&gt;&lt;/Code&gt;&lt;Code value=&quot;11200&quot; parentCode=&quot;1&quot;&gt;&lt;Description xml:lang=&quot;en&quot;&gt;Brewarrina (A)&lt;/Description&gt;&lt;Description xml:lang=&quot;fr&quot;&gt;Brewarrina (A)&lt;/Description&gt;&lt;/Code&gt;&lt;Code value=&quot;11250&quot; parentCode=&quot;1&quot;&gt;&lt;Description xml:lang=&quot;en&quot;&gt;Broken Hill (C)&lt;/De
Loading Codelists
Codelist: ABS:CL_ATSI_BIRTHS_SUMM_MEASURE:1.0 already exists
Loading Concepts
Loading DataStructures
DS ABS:ATSI_BIRTHS_SUMM:1.0
Loading Dataflows
Loading Codelists
Codelist: ABS:CL_ATSI_FERTILITY_MEASURE:1.0 already exists
Loading Concepts
Loading DataStructures
DS ABS:ATSI_FERTILITY:1.0
Loading Dataflows
Loading Codelists
Codelist: ABS:CL_ALC_TYP:1.0 already exists
Loading Concepts
Loading DataStructures
DS ABS:ALC:1.0
Loading Dataflows
Loading Codelists
Codelist: ABS:CL_ABS_ACLD_LFSTATUS_SEX_ABS:1.0 already exists
Loading Concepts
Loading DataStructures
DS ABS:ABS_ACLD_LFSTATUS:1.0
Loading Dataflows
Loading Codelists
Codelist: ABS:CL_ABS_ACLD_TENURE_SEX_ABS:1.0 already exists
Loading Concepts
Loading DataStructures
DS ABS:ABS_ACLD_TENURE:1.0
Loading Dataflows
Loading Codelists
Codelist: ABS:CL_ABS_ACLD_UNPAIDASST_SEX_ABS:1.0 already exists
Loading Concepts
Loading DataStructures
DS ABS:ABS_ACLD_UNPAIDASST:1.0
Loading Dataflows
Loading Codelists
Codelist: ABS:CL_ABS_ACLD_VOLWORK_SEX_ABS:1.0 already exists
Loading Concepts
Loading DataStructures
DS ABS:ABS_ACLD_VOLWORK:1.0
Loading Dataflows
Loading Codelists
Codelist: ABS:CL_AMLPS_PART_2017_MEASURE:1.0 already exists
Loading Concepts
Loading DataStructures
DS ABS:AMLPS_PART_2017:1.0
Loading Dataflows
Loading Codelists
Codelist: ABS:CL_AMLPS_RESP_2017_RESPONSE_CAT:1.0 already exists
Loading Concepts
Loading DataStructures
DS ABS:AMLPS_RESP_2017:1.0
Loading Dataflows
Loading Codelists
Codelist: ABS:CL_ABS_CENSUS2011_B01_MEASURE:1.0 already exists
Loading Concepts
Loading DataStructures
DS ABS:ABS_CENSUS2011_B01:1.0
Loading Dataflows
Loading Codelists
Codelist: ABS:CL_ABS_CENSUS2011_B01_LGA_MEASURE:1.0 already exists
Loading Concepts
Loading DataStructures
DS ABS:ABS_CENSUS2011_B01_LGA:1.0
Loading Dataflows
Loading Codelists
Codelist: ABS:CL_ABS_CENSUS2011_B01_SA1_SA_MEASURE:1.0 already exists
Loading Concepts
Loading DataStructures
DS ABS:ABS_CENSUS2011_B01_SA1_SA:1.0
Loading Dataflows
Loading Codelists
Codelist: ABS:CL_ABS_CENSUS2011_B02_MEASURE:1.0 already exists
Loading Concepts
Loading DataStructures
DS ABS:ABS_CENSUS2011_B02:1.0
Loading Dataflows
Loading Codelists
Codelist: ABS:CL_ABS_CENSUS2011_B02_LGA_MEASURE:1.0 already exists
Loading Concepts
Loading DataStructures
DS ABS:ABS_CENSUS2011_B02_LGA:1.0
Loading Dataflows
Loading: B02 Selected Medians and Averages(SA1 SA)
Header=&lt;message:Structure xmlns=&quot;http://www.SDMX.org/resources/SDMXML/schemas/v2_0/structure&quot; xmlns:common=&quot;http://www.SDMX.org/resources/SDMXML/schemas/v2_0/common&quot; xsi:schemaLocation=&quot;http://www.SDMX.org/resources/SDMXML/schemas/v2_0/structure http://www.sdmx.org/docs/2_0/SDMXStructure.xsd http://www.SDMX.org/resources/SDMXML/schemas/v2_0/message http://www.sdmx.org/docs/2_0/SDMXMessage.xsd&quot; xmlns:xsi=&quot;http://www.w3.org/2001/XMLSchema-instance&quot; xmlns:message=&quot;http://www.SDMX.org/resources/SDMXML/schemas/v2_0/message&quot;&gt;&lt;Header xmlns=&quot;http://www.SDMX.org/resources/SDMXML/schemas/v2_0/message&quot;&gt;&lt;ID&gt;none&lt;!--Statistical usage warning
ABS.Stat beta is continuing to be developed.  Data will be updated as soon as possible following its 11:30 am release on the ABS website.
--&gt;&lt;/ID&gt;&lt;Test&gt;false&lt;/Test&gt;&lt;Truncated&gt;false&lt;/Truncated&gt;&lt;Prepared&gt;2020-03-17T00:59:49&lt;/Prepared&gt;&lt;Sender id=&quot;ABS&quot;&gt;&lt;Name xml:lang=&quot;en&quot;&gt;Australian Bureau of Statistics&lt;/Name&gt;&lt;Name xml:lang=&quot;fr&quot;&gt;Australian Bureau of Statistics&lt;/Name&gt;&lt;/Sender&gt;&lt;/Header&gt;&lt;message:CodeLists&gt;&lt;CodeList id=&quot;CL_ABS_CENSUS2011_B02_SA1_SA_MEASURE&quot; agencyID=&quot;ABS&quot;&gt;&lt;Name xml:lang=&quot;en&quot;&gt;Selected Medians and Averages&lt;/Name&gt;&lt;Name xml:lang=&quot;fr&quot;&gt;Selected Medians and Averages&lt;/Name&gt;&lt;Code value=&quot;MAGE&quot;&gt;&lt;Description xml:lang=&quot;en&quot;&gt;Median age of persons&lt;/Description&gt;&lt;Description xml:lang=&quot;fr&quot;&gt;Median age of persons&lt;/Description&gt;&lt;/Code&gt;&lt;Code value=&quot;MMORT&quot;&gt;&lt;Description xml:lang=&quot;en&quot;&gt;Median mortgage repayment ($/monthly)&lt;/Description&gt;&lt;Description xml:lang=&quot;fr&quot;&gt;Median mortgage repayment ($/monthly)&lt;/Description&gt;&lt;/Code&gt;&lt;Code value=&quot;MTPI&quot;&gt;&lt;Description xml:lang=&quot;en&quot;&gt;Median total personal income ($/weekly)&lt;/Description&gt;&lt;Description xml:lang=&quot;fr&quot;&gt;Median total personal income ($/weekly)&lt;/Description&gt;&lt;/Code&gt;&lt;Code value=&quot;MRENT&quot;&gt;&lt;Description xml:lang=&quot;en&quot;&gt;Median rent ($/weekly)&lt;/Description&gt;&lt;Description xml:lang=&quot;fr&quot;&gt;Median rent ($/weekly)&lt;/Description&gt;&lt;/Code&gt;&lt;Code value=&quot;MTFI&quot;&gt;&lt;Description xml:lang=&quot;en&quot;&gt;Median total family income ($/weekly)&lt;/Description&gt;&lt;Description xml:lang=&quot;fr&quot;&gt;Median total family income ($/weekly)&lt;/Description&gt;&lt;/Code&gt;&lt;Code value=&quot;APPB&quot;&gt;&lt;Description xml:lang=&quot;en&quot;&gt;Average number of persons per bedroom&lt;/Description&gt;&lt;Description xml:lang=&quot;fr&quot;&gt;Average number of persons per bedroom&lt;/Description&gt;&lt;/Code&gt;&lt;Code value=&quot;MTHI&quot;&gt;&lt;Description xml:lang=&quot;en&quot;&gt;Median total household income ($/weekly)&lt;/Description&gt;&lt;Description xml:lang=&quot;fr&quot;&gt;Median total household income ($/weekly)&lt;/Description&gt;&lt;/Code&gt;&lt;Code value=&quot;AHS&quot;&gt;&lt;Description xml:lang=&quot;en&quot;&gt;Average household size&lt;/Description&gt;&lt;Description xml:lang=&quot;fr&quot;&gt;Average household size&lt;/Description&gt;&lt;/Code&gt;&lt;/CodeList&gt;&lt;CodeList id=&quot;CL_ABS_CENSUS2011_B02_SA1_SA_STATE&quot; agencyID=&quot;ABS&quot;&gt;&lt;Name xml:lang=&quot;en&quot;&gt;State&lt;/Name&gt;&lt;Name xml:lang=&quot;fr&quot;&gt;State&lt;/Name&gt;&lt;Code value=&quot;4&quot; parentCode=&quot;0&quot;&gt;&lt;Description xml:lang=&quot;en&quot;&gt;South Australia&lt;/Description&gt;&lt;Description xml:lang=&quot;fr&quot;&gt;South Australia&lt;/Description&gt;&lt;/Code&gt;&lt;Code value=&quot;0&quot;&gt;&lt;Description xml:lang=&quot;en&quot;&gt;Australia&lt;/Description&gt;&lt;Description xml:lang=&quot;fr&quot;&gt;Australia&lt;/Description&gt;&lt;/Code&gt;&lt;/CodeList&gt;&lt;CodeList id=&quot;CL_ABS_CENSUS2011_B02_SA1_SA_REGIONTYPE&quot; agencyID=&quot;ABS&quot;&gt;&lt;Name xml:lang=&quot;en&quot;&gt;Region Type&lt;/Name&gt;&lt;Name xml:lang=&quot;fr&quot;&gt;Region Type&lt;/Name&gt;&lt;Code value=&quot;SA1&quot;&gt;&lt;Description xml:lang=&quot;en&quot;&gt;Statistical Area Level 1&lt;/Description&gt;&lt;Description xml:lang=&quot;fr&quot;&gt;Statistical Area Level 1&lt;/Description&gt;&lt;/Code&gt;&lt;/CodeList&gt;&lt;CodeList id=&quot;CL_ABS_CENSUS2011_B02_SA1_SA_REGION&quot; agencyID=&quot;ABS&quot;&gt;&lt;Name xml:lang=&quot;en&quot;&gt;Region&lt;/Name&gt;&lt;Name xml:lang=&quot;fr&quot;&gt;Region&lt;/Name&gt;&lt;Code value=&quot;40101100101&quot; parentCode=&quot;401011001&quot;&gt;&lt;Description xml:lang=&quot;en&quot;&gt;40101100101&lt;/Description&gt;&lt;Description xml:lang=&quot;fr&quot;&gt;40101100101&lt;/Description&gt;&lt;/Code&gt;&lt;Code value=&quot;401011001&quot; parentCode=&quot;40101&quot;&gt;&lt;Description xml:lang=&quot;en&quot;&gt;Adelaide&lt;/Description&gt;&lt;Description xml:lang=&quot;fr&quot;&gt;Adelaide&lt;/Description&gt;&lt;/Code&gt;&lt;Code value=&quot;40101&quot; parentCode=&quot;401&quot;&gt;&lt;Description xml:lang=&quot;en&quot;&gt;Adelaide City&lt;/Description&gt;&lt;Description xml:lang=&quot;fr&quot;&gt;Adelaide City&lt;/Description&gt;&lt;/Code&gt;&lt;Code value=&quot;401&quot;&gt;&lt;Description xml:lang=&quot;en&quot;&gt;Adelaide - Central and Hills&lt;/Description&gt;&lt;Description xml:lang=&quot;fr&quot;&gt;Adelaide - Central and Hills&lt;/Description&gt;&lt;/Code&gt;&lt;Code value=&quot;40101100102&quot; parentCode=&quot;401011001&quot;&gt;&lt;Description xml:lang=&quot;en&quot;&gt;40101100102&lt;/Description&gt;&lt;Description xml:lang=&quot;fr&quot;&gt;40101100102&lt;/Description&gt;&lt;/Code&gt;&lt;Code value=&quot;40101100103&quot; parentCode=&quot;401011001&quot;&gt;&lt;Description xml:lang=&quot;en&quot;&gt;40101100103&lt;/Description&gt;&lt;Description xml:lang=&quot;fr&quot;&gt;40101100103&lt;/Description&gt;&lt;/Code&gt;&lt;Code value=&quot;40101100104&quot; parentCode=&quot;401011001&quot;&gt;&lt;Description xml:lang=&quot;en&quot;&gt;40101100104&lt;/Description&gt;&lt;Description xml:lang=&quot;fr&quot;&gt;40101100104&lt;/Description&gt;&lt;/Code&gt;&lt;Code value=&quot;40101100105&quot; parentCode=&quot;401011001&quot;&gt;&lt;Description xml:lang=&quot;en&quot;&gt;40101100105&lt;/Description&gt;&lt;Description xml:lang=&quot;fr&quot;&gt;40101100105&lt;/Description&gt;&lt;/Code&gt;&lt;Code value=&quot;40101100106&quot; parentCode=&quot;401011001&quot;&gt;&lt;Description xml:lang=&quot;en&quot;&gt;40101100106&lt;/Description&gt;&lt;Description xml:lang=&quot;fr&quot;&gt;40101100106&lt;/Description&gt;&lt;/Code&gt;&lt;Code value=&quot;40101100107&quot; parentCode=&quot;401011001&quot;&gt;&lt;Description xml:lang=&quot;en&quot;&gt;40101100107&lt;/Description&gt;&lt;Description xml:lang=&quot;fr&quot;&gt;40101100107&lt;/Description&gt;&lt;/Code&gt;&lt;Code value=&quot;40101100108&quot; parentCode=&quot;401011001&quot;&gt;&lt;Description xml:lang=&quot;en&quot;&gt;40101100108&lt;/Description&gt;&lt;Description xml:lang=&quot;fr&quot;&gt;40101100108&lt;/Description&gt;&lt;/Code&gt;&lt;Code value=&quot;40101100109&quot; parentCode=&quot;401011001&quot;&gt;&lt;Description xml:lang=&quot;en&quot;&gt;40101100109&lt;/Description&gt;&lt;Description xml:lang=&quot;fr&quot;&gt;40101100109&lt;/Description&gt;&lt;/Code&gt;&lt;Code value=&quot;40101100110&quot; parentCode=&quot;401011001&quot;&gt;&lt;Description xml:lang=&quot;en&quot;&gt;40101100110&lt;/Description&gt;&lt;Description xml:lang=&quot;fr&quot;&gt;40101100110&lt;/Description&gt;&lt;/Code&gt;&lt;Code value=&quot;40101100111&quot; parentCode=&quot;401011001&quot;&gt;&lt;Description xml:lang=&quot;en&quot;&gt;40101100111&lt;/Description&gt;&lt;Description xml:lang=&quot;fr&quot;&gt;40101100111&lt;/Description&gt;&lt;/Code&gt;&lt;Code value=&quot;40101100112&quot; parentCode=&quot;401011001&quot;&gt;&lt;Description xml:lang=&quot;en&quot;&gt;40101100112&lt;/Description&gt;&lt;Description xml:lang=&quot;fr&quot;&gt;40101100112&lt;/Description&gt;&lt;/Code&gt;&lt;Code value=&quot;40101100113&quot; parentCode=&quot;401011001&quot;&gt;&lt;Description xml:lang=&quot;en&quot;&gt;40101100113&lt;/Description&gt;&lt;Description xml:lang=&quot;fr&quot;&gt;40101100113&lt;/Description&gt;&lt;/Code&gt;&lt;Code value=&quot;40101100114&quot; parentCode=&quot;401011001&quot;&gt;&lt;Description xml:lang=&quot;en&quot;&gt;40101100114&lt;/Description&gt;&lt;Description xml:lang=&quot;fr&quot;&gt;40101100114&lt;/Description&gt;&lt;/Code&gt;&lt;Code value=&quot;40101100115&quot; parentCode=&quot;401011001&quot;&gt;&lt;Description xml:lang=&quot;en&quot;&gt;40101100115&lt;/Description&gt;&lt;Description xml:lang=&quot;fr&quot;&gt;40101100115&lt;/Description&gt;&lt;/Code&gt;&lt;Code value=&quot;40101100116&quot; parentCode=&quot;401011001&quot;&gt;&lt;Description xml:lang=&quot;en&quot;&gt;40101100116&lt;/Description&gt;&lt;Description xml:lang=&quot;fr&quot;&gt;40101100116&lt;/Description&gt;&lt;/Code&gt;&lt;Code value=&quot;40101100117&quot; parentCode=&quot;401011001&quot;&gt;&lt;Description xml:lang=&quot;en&quot;&gt;40101100117&lt;/Description&gt;&lt;Description xml:lang=&quot;fr&quot;&gt;40101100117&lt;/Description&gt;&lt;/Code&gt;&lt;Code value=&quot;40101100118&quot; parentCode=&quot;401011001&quot;&gt;&lt;Description xml:lang=&quot;en&quot;&gt;40101100118&lt;/Description&gt;&lt;Description xml:lang=&quot;fr&quot;&gt;40101100118&lt;/Description&gt;&lt;/Code&gt;&lt;Code value=&quot;40101100119&quot; parentCode=&quot;401011001&quot;&gt;&lt;Description xml:lang=&quot;en&quot;&gt;40101100119&lt;/Description&gt;&lt;Description xml:lang=&quot;fr&quot;&gt;40101100119&lt;/Description&gt;&lt;/Code&gt;&lt;Code value=&quot;40101100120&quot; parentCode=&quot;401011001&quot;&gt;&lt;Description xml:lang=&quot;en&quot;&gt;40101100120&lt;/Description&gt;&lt;Description xml:lang=&quot;fr&quot;&gt;40101100120&lt;/Description&gt;&lt;/Code&gt;&lt;Code value=&quot;40101100121&quot; parentCode=&quot;401011001&quot;&gt;&lt;Description xml:lang=&quot;en&quot;&gt;40101100121&lt;/Description&gt;&lt;Description xml:lang=&quot;fr&quot;&gt;40101100121&lt;/Description&gt;&lt;/Code&gt;&lt;Code value=&quot;40101100122&quot; parentCode=&quot;401011001&quot;&gt;&lt;Description xml:lang=&quot;en&quot;&gt;40101100122&lt;/Description&gt;&lt;Description xml:lang=&quot;fr&quot;&gt;40101100122&lt;/Description&gt;&lt;/Code&gt;&lt;Code value=&quot;40101100123&quot; parentCode=&quot;401011001&quot;&gt;&lt;Description xml:lang=&quot;en&quot;&gt;40101100123&lt;/Description&gt;&lt;Description xml:lang=&quot;fr&quot;&gt;40101100123&lt;/Description&gt;&lt;/Code&gt;&lt;Code value=&quot;40101100124&quot; parentCode=&quot;401011001&quot;&gt;&lt;Description xml:lang=&quot;en&quot;&gt;40101100124&lt;/Description&gt;&lt;Description xml:lang=&quot;fr&quot;&gt;40101100124&lt;/Description&gt;&lt;/Code&gt;&lt;Code value=&quot;40101100125&quot; parentCode=&quot;401011001&quot;&gt;&lt;Description xml:lang=&quot;en&quot;&gt;40101100125&lt;/Description&gt;&lt;Description xml:lang=&quot;fr&quot;&gt;40101100125&lt;/Description&gt;&lt;/Code&gt;&lt;Code value=&quot;40101100126&quot; parentCode=&quot;401011001&quot;&gt;&lt;Description xml:lang=&quot;en&quot;&gt;40101100126&lt;/Description&gt;&lt;Description xml:lang=&quot;fr&quot;&gt;40101100126&lt;/Description&gt;&lt;/Code&gt;&lt;Code value=&quot;40101100127&quot; parentCode=&quot;401011001&quot;&gt;&lt;Description xml:lang=&quot;en&quot;&gt;40101100127&lt;/Description&gt;&lt;Description x
Loading Codelists
Codelist: ABS:CL_ATSI_BIRTHS_SUMM_MEASURE:1.0 already exists
Loading Concepts
Loading DataStructures
DS ABS:ATSI_BIRTHS_SUMM:1.0
Loading Dataflows
Loading Codelists
Codelist: ABS:CL_ATSI_FERTILITY_MEASURE:1.0 already exists
Loading Concepts
Loading DataStructures
DS ABS:ATSI_FERTILITY:1.0
Loading Dataflows
Loading Codelists
Codelist: ABS:CL_ALC_TYP:1.0 already exists
Loading Concepts
Loading DataStructures
DS ABS:ALC:1.0
Loading Dataflows
Loading Codelists
Codelist: ABS:CL_ABS_ACLD_LFSTATUS_SEX_ABS:1.0 already exists
Loading Concepts
Loading DataStructures
DS ABS:ABS_ACLD_LFSTATUS:1.0
Loading Dataflows
Loading Codelists
Codelist: ABS:CL_ABS_ACLD_TENURE_SEX_ABS:1.0 already exists
Loading Concepts
Loading DataStructures
DS ABS:ABS_ACLD_TENURE:1.0
Loading Dataflows
Loading Codelists
Codelist: ABS:CL_ABS_ACLD_UNPAIDASST_SEX_ABS:1.0 already exists
Loading Concepts
Loading DataStructures
DS ABS:ABS_ACLD_UNPAIDASST:1.0
Loading Dataflows
Loading Codelists
Codelist: ABS:CL_ABS_ACLD_VOLWORK_SEX_ABS:1.0 already exists
Loading Concepts
Loading DataStructures
DS ABS:ABS_ACLD_VOLWORK:1.0
Loading Dataflows
Loading Codelists
Codelist: ABS:CL_AMLPS_PART_2017_MEASURE:1.0 already exists
Loading Concepts
Loading DataStructures
DS ABS:AMLPS_PART_2017:1.0
Loading Dataflows
Loading Codelists
Codelist: ABS:CL_AMLPS_RESP_2017_RESPONSE_CAT:1.0 already exists
Loading Concepts
Loading DataStructures
DS ABS:AMLPS_RESP_2017:1.0
Loading Dataflows
Loading Codelists
Codelist: ABS:CL_ABS_CENSUS2011_B01_MEASURE:1.0 already exists
Loading Concepts
Loading DataStructures
DS ABS:ABS_CENSUS2011_B01:1.0
Loading Dataflows
Loading Codelists
Codelist: ABS:CL_ABS_CENSUS2011_B01_LGA_MEASURE:1.0 already exists
Loading Concepts
Loading DataStructures
DS ABS:ABS_CENSUS2011_B01_LGA:1.0
Loading Dataflows
Loading Codelists
Codelist: ABS:CL_ABS_CENSUS2011_B01_SA1_SA_MEASURE:1.0 already exists
Loading Concepts
Loading DataStructures
DS ABS:ABS_CENSUS2011_B01_SA1_SA:1.0
Loading Dataflows
Loading Codelists
Codelist: ABS:CL_ABS_CENSUS2011_B02_MEASURE:1.0 already exists
Loading Concepts
Loading DataStructures
DS ABS:ABS_CENSUS2011_B02:1.0
Loading Dataflows
Loading Codelists
Codelist: ABS:CL_ABS_CENSUS2011_B02_LGA_MEASURE:1.0 already exists
Loading Concepts
Loading DataStructures
DS ABS:ABS_CENSUS2011_B02_LGA:1.0
Loading Dataflows
Loading Codelists
Codelist: ABS:CL_ABS_CENSUS2011_B02_SA1_SA_MEASURE:1.0 already exists
Loading Concepts
Loading DataStructures
DS ABS:ABS_CENSUS2011_B02_SA1_SA:1.0
Loading Dataflows
Loading: B03 Place of Usual Residence on Census Night by Age (LGA)
Header=&lt;message:Structure xmlns=&quot;http://www.SDMX.org/resources/SDMXML/schemas/v2_0/structure&quot; xmlns:common=&quot;http://www.SDMX.org/resources/SDMXML/schemas/v2_0/common&quot; xsi:schemaLocation=&quot;http://www.SDMX.org/resources/SDMXML/schemas/v2_0/structure http://www.sdmx.org/docs/2_0/SDMXStructure.xsd http://www.SDMX.org/resources/SDMXML/schemas/v2_0/message http://www.sdmx.org/docs/2_0/SDMXMessage.xsd&quot; xmlns:xsi=&quot;http://www.w3.org/2001/XMLSchema-instance&quot; xmlns:message=&quot;http://www.SDMX.org/resources/SDMXML/schemas/v2_0/message&quot;&gt;&lt;Header xmlns=&quot;http://www.SDMX.org/resources/SDMXML/schemas/v2_0/message&quot;&gt;&lt;ID&gt;none&lt;!--Statistical usage warning
ABS.Stat beta is continuing to be developed.  Data will be updated as soon as possible following its 11:30 am release on the ABS website.
--&gt;&lt;/ID&gt;&lt;Test&gt;false&lt;/Test&gt;&lt;Truncated&gt;false&lt;/Truncated&gt;&lt;Prepared&gt;2020-03-17T00:59:51&lt;/Prepared&gt;&lt;Sender id=&quot;ABS&quot;&gt;&lt;Name xml:lang=&quot;en&quot;&gt;Australian Bureau of Statistics&lt;/Name&gt;&lt;Name xml:lang=&quot;fr&quot;&gt;Australian Bureau of Statistics&lt;/Name&gt;&lt;/Sender&gt;&lt;/Header&gt;&lt;message:CodeLists&gt;&lt;CodeList id=&quot;CL_ABS_CENSUS2011_B03_LGA_MEASURE&quot; agencyID=&quot;ABS&quot;&gt;&lt;Name xml:lang=&quot;en&quot;&gt;Age&lt;/Name&gt;&lt;Name xml:lang=&quot;fr&quot;&gt;Age&lt;/Name&gt;&lt;Code value=&quot;TT&quot;&gt;&lt;Description xml:lang=&quot;en&quot;&gt;All ages&lt;/Description&gt;&lt;Description xml:lang=&quot;fr&quot;&gt;All ages&lt;/Description&gt;&lt;/Code&gt;&lt;Code value=&quot;O85&quot;&gt;&lt;Description xml:lang=&quot;en&quot;&gt;85 years and over&lt;/Description&gt;&lt;Description xml:lang=&quot;fr&quot;&gt;85 years and over&lt;/Description&gt;&lt;/Code&gt;&lt;Code value=&quot;T0&quot;&gt;&lt;Description xml:lang=&quot;en&quot;&gt;0 - 14&lt;/Description&gt;&lt;Description xml:lang=&quot;fr&quot;&gt;0 - 14&lt;/Description&gt;&lt;/Code&gt;&lt;Code value=&quot;T15&quot;&gt;&lt;Description xml:lang=&quot;en&quot;&gt;15 - 24&lt;/Description&gt;&lt;Description xml:lang=&quot;fr&quot;&gt;15 - 24&lt;/Description&gt;&lt;/Code&gt;&lt;Code value=&quot;T25&quot;&gt;&lt;Description xml:lang=&quot;en&quot;&gt;25 - 34&lt;/Description&gt;&lt;Description xml:lang=&quot;fr&quot;&gt;25 - 34&lt;/Description&gt;&lt;/Code&gt;&lt;Code value=&quot;T35&quot;&gt;&lt;Description xml:lang=&quot;en&quot;&gt;35 - 44&lt;/Description&gt;&lt;Description xml:lang=&quot;fr&quot;&gt;35 - 44&lt;/Description&gt;&lt;/Code&gt;&lt;Code value=&quot;T45&quot;&gt;&lt;Description xml:lang=&quot;en&quot;&gt;45 - 54&lt;/Description&gt;&lt;Description xml:lang=&quot;fr&quot;&gt;45 - 54&lt;/Description&gt;&lt;/Code&gt;&lt;Code value=&quot;T55&quot;&gt;&lt;Description xml:lang=&quot;en&quot;&gt;55 - 64&lt;/Description&gt;&lt;Description xml:lang=&quot;fr&quot;&gt;55 - 64&lt;/Description&gt;&lt;/Code&gt;&lt;Code value=&quot;T65&quot;&gt;&lt;Description xml:lang=&quot;en&quot;&gt;65 - 74&lt;/Description&gt;&lt;Description xml:lang=&quot;fr&quot;&gt;65 - 74&lt;/Description&gt;&lt;/Code&gt;&lt;Code value=&quot;T75&quot;&gt;&lt;Description xml:lang=&quot;en&quot;&gt;75 - 84&lt;/Description&gt;&lt;Description xml:lang=&quot;fr&quot;&gt;75 - 84&lt;/Description&gt;&lt;/Code&gt;&lt;/CodeList&gt;&lt;CodeList id=&quot;CL_ABS_CENSUS2011_B03_LGA_POUR&quot; agencyID=&quot;ABS&quot;&gt;&lt;Name xml:lang=&quot;en&quot;&gt;Place of Usual Residence on Census Night&lt;/Name&gt;&lt;Name xml:lang=&quot;fr&quot;&gt;Place of Usual Residence on Census Night&lt;/Name&gt;&lt;Code value=&quot;TOT&quot;&gt;&lt;Description xml:lang=&quot;en&quot;&gt;Total&lt;/Description&gt;&lt;Description xml:lang=&quot;fr&quot;&gt;Total&lt;/Description&gt;&lt;/Code&gt;&lt;Code value=&quot;2_1&quot; parentCode=&quot;2_0&quot;&gt;&lt;Description xml:lang=&quot;en&quot;&gt;New South Wales&lt;/Description&gt;&lt;Description xml:lang=&quot;fr&quot;&gt;New South Wales&lt;/Description&gt;&lt;/Code&gt;&lt;Code value=&quot;2_0&quot; parentCode=&quot;TOT&quot;&gt;&lt;Description xml:lang=&quot;en&quot;&gt;Same Statistical Area Level 2 (SA2)&lt;/Description&gt;&lt;Description xml:lang=&quot;fr&quot;&gt;Same Statistical Area Level 2 (SA2)&lt;/Description&gt;&lt;/Code&gt;&lt;Code value=&quot;2_2&quot; parentCode=&quot;2_0&quot;&gt;&lt;Description xml:lang=&quot;en&quot;&gt;Victoria&lt;/Description&gt;&lt;Description xml:lang=&quot;fr&quot;&gt;Victoria&lt;/Description&gt;&lt;/Code&gt;&lt;Code value=&quot;2_3&quot; parentCode=&quot;2_0&quot;&gt;&lt;Description xml:lang=&quot;en&quot;&gt;Queensland&lt;/Description&gt;&lt;Description xml:lang=&quot;fr&quot;&gt;Queensland&lt;/Description&gt;&lt;/Code&gt;&lt;Code value=&quot;2_4&quot; parentCode=&quot;2_0&quot;&gt;&lt;Description xml:lang=&quot;en&quot;&gt;South Australia&lt;/Description&gt;&lt;Description xml:lang=&quot;fr&quot;&gt;South Australia&lt;/Description&gt;&lt;/Code&gt;&lt;Code value=&quot;2_5&quot; parentCode=&quot;2_0&quot;&gt;&lt;Description xml:lang=&quot;en&quot;&gt;Western Australia&lt;/Description&gt;&lt;Description xml:lang=&quot;fr&quot;&gt;Western Australia&lt;/Description&gt;&lt;/Code&gt;&lt;Code value=&quot;2_6&quot; parentCode=&quot;2_0&quot;&gt;&lt;Description xml:lang=&quot;en&quot;&gt;Tasmania&lt;/Description&gt;&lt;Description xml:lang=&quot;fr&quot;&gt;Tasmania&lt;/Description&gt;&lt;/Code&gt;&lt;Code value=&quot;2_7&quot; parentCode=&quot;2_0&quot;&gt;&lt;Description xml:lang=&quot;en&quot;&gt;Northern Territory&lt;/Description&gt;&lt;Description xml:lang=&quot;fr&quot;&gt;Northern Territory&lt;/Description&gt;&lt;/Code&gt;&lt;Code value=&quot;2_8&quot; parentCode=&quot;2_0&quot;&gt;&lt;Description xml:lang=&quot;en&quot;&gt;Australian Capital Territory&lt;/Description&gt;&lt;Description xml:lang=&quot;fr&quot;&gt;Australian Capital Territory&lt;/Description&gt;&lt;/Code&gt;&lt;Code value=&quot;2_9&quot; parentCode=&quot;2_0&quot;&gt;&lt;Description xml:lang=&quot;en&quot;&gt;Other Territories&lt;/Description&gt;&lt;Description xml:lang=&quot;fr&quot;&gt;Other Territories&lt;/Description&gt;&lt;/Code&gt;&lt;Code value=&quot;2_11&quot; parentCode=&quot;2_0&quot;&gt;&lt;Description xml:lang=&quot;en&quot;&gt;Different SA2 Total&lt;/Description&gt;&lt;Description xml:lang=&quot;fr&quot;&gt;Different SA2 Total&lt;/Description&gt;&lt;/Code&gt;&lt;Code value=&quot;1&quot; parentCode=&quot;TOT&quot;&gt;&lt;Description xml:lang=&quot;en&quot;&gt;Counted at home on Census Night&lt;/Description&gt;&lt;Description xml:lang=&quot;fr&quot;&gt;Counted at home on Census Night&lt;/Description&gt;&lt;/Code&gt;&lt;Code value=&quot;2&quot; parentCode=&quot;TOT&quot;&gt;&lt;Description xml:lang=&quot;en&quot;&gt;Visitors Total &lt;/Description&gt;&lt;Description xml:lang=&quot;fr&quot;&gt;Visitors Total &lt;/Description&gt;&lt;/Code&gt;&lt;/CodeList&gt;&lt;CodeList id=&quot;CL_ABS_CENSUS2011_B03_LGA_STATE&quot; agencyID=&quot;ABS&quot;&gt;&lt;Name xml:lang=&quot;en&quot;&gt;State&lt;/Name&gt;&lt;Name xml:lang=&quot;fr&quot;&gt;State&lt;/Name&gt;&lt;Code value=&quot;1&quot; parentCode=&quot;0&quot;&gt;&lt;Description xml:lang=&quot;en&quot;&gt;New South Wales&lt;/Description&gt;&lt;Description xml:lang=&quot;fr&quot;&gt;New South Wales&lt;/Description&gt;&lt;/Code&gt;&lt;Code value=&quot;0&quot;&gt;&lt;Description xml:lang=&quot;en&quot;&gt;Australia&lt;/Description&gt;&lt;Description xml:lang=&quot;fr&quot;&gt;Australia&lt;/Description&gt;&lt;/Code&gt;&lt;Code value=&quot;2&quot; parentCode=&quot;0&quot;&gt;&lt;Description xml:lang=&quot;en&quot;&gt;Victoria&lt;/Description&gt;&lt;Description xml:lang=&quot;fr&quot;&gt;Victoria&lt;/Description&gt;&lt;/Code&gt;&lt;Code value=&quot;3&quot; parentCode=&quot;0&quot;&gt;&lt;Description xml:lang=&quot;en&quot;&gt;Queensland&lt;/Description&gt;&lt;Description xml:lang=&quot;fr&quot;&gt;Queensland&lt;/Description&gt;&lt;/Code&gt;&lt;Code value=&quot;4&quot; parentCode=&quot;0&quot;&gt;&lt;Description xml:lang=&quot;en&quot;&gt;South Australia&lt;/Description&gt;&lt;Description xml:lang=&quot;fr&quot;&gt;South Australia&lt;/Description&gt;&lt;/Code&gt;&lt;Code value=&quot;5&quot; parentCode=&quot;0&quot;&gt;&lt;Description xml:lang=&quot;en&quot;&gt;Western Australia&lt;/Description&gt;&lt;Description xml:lang=&quot;fr&quot;&gt;Western Australia&lt;/Description&gt;&lt;/Code&gt;&lt;Code value=&quot;6&quot; parentCode=&quot;0&quot;&gt;&lt;Description xml:lang=&quot;en&quot;&gt;Tasmania&lt;/Description&gt;&lt;Description xml:lang=&quot;fr&quot;&gt;Tasmania&lt;/Description&gt;&lt;/Code&gt;&lt;Code value=&quot;7&quot; parentCode=&quot;0&quot;&gt;&lt;Description xml:lang=&quot;en&quot;&gt;Northern Territory&lt;/Description&gt;&lt;Description xml:lang=&quot;fr&quot;&gt;Northern Territory&lt;/Description&gt;&lt;/Code&gt;&lt;Code value=&quot;8&quot; parentCode=&quot;0&quot;&gt;&lt;Description xml:lang=&quot;en&quot;&gt;Australian Capital Territory&lt;/Description&gt;&lt;Description xml:lang=&quot;fr&quot;&gt;Australian Capital Territory&lt;/Description&gt;&lt;/Code&gt;&lt;Code value=&quot;9&quot; parentCode=&quot;0&quot;&gt;&lt;Description xml:lang=&quot;en&quot;&gt;Other Territories&lt;/Description&gt;&lt;Description xml:lang=&quot;fr&quot;&gt;Other Territories&lt;/Description&gt;&lt;/Code&gt;&lt;/CodeList&gt;&lt;CodeList id=&quot;CL_ABS_CENSUS2011_B03_LGA_REGIONTYPE&quot; agencyID=&quot;ABS&quot;&gt;&lt;Name xml:lang=&quot;en&quot;&gt;Region Type&lt;/Name&gt;&lt;Name xml:lang=&quot;fr&quot;&gt;Region Type&lt;/Name&gt;&lt;Code value=&quot;LGA2011&quot; parentCode=&quot;LGA&quot;&gt;&lt;Description xml:lang=&quot;en&quot;&gt;Local Government Areas (2011)&lt;/Description&gt;&lt;Description xml:lang=&quot;fr&quot;&gt;Local Government Areas (2011)&lt;/Description&gt;&lt;/Code&gt;&lt;Code value=&quot;LGA&quot;&gt;&lt;Description xml:lang=&quot;en&quot;&gt;Local Government Areas&lt;/Description&gt;&lt;Description xml:lang=&quot;fr&quot;&gt;Local Government Areas&lt;/Description&gt;&lt;/Code&gt;&lt;/CodeList&gt;&lt;CodeList id=&quot;CL_ABS_CENSUS2011_B03_LGA_REGION&quot; agencyID=&quot;ABS&quot;&gt;&lt;Name xml:lang=&quot;en&quot;&gt;LGA 2011&lt;/Name&gt;&lt;Name xml:lang=&quot;fr&quot;&gt;LGA 2011&lt;/Name&gt;&lt;Code value=&quot;10050&quot; parentCode=&quot;1&quot;&gt;&lt;Description xml:lang=&quot;en&quot;&gt;Albury (C)&lt;/Description&gt;&lt;Description xml:lang=&quot;fr&quot;&gt;Albury (C)&lt;/Description&gt;&lt;/Code&gt;&lt;Code value=&quot;1&quot;&gt;&lt;Description xml:lang=&quot;en&quot;&gt;New South Wales&lt;/Description&gt;&lt;Description xml:lang=&quot;fr&quot;&gt;New South Wales&lt;/Description&gt;&lt;/Code&gt;&lt;Code value=&quot;10110&quot; parentCode=&quot;1&quot;&gt;&lt;Description xml:lang=&quot;en&quot;&gt;Armidale Dumaresq (A)&lt;/Description&gt;&lt;Description xml:lang=&quot;fr&quot;&gt;Armidale Dumaresq (A)&lt;/Description&gt;&lt;/Code&gt;&lt;Code value=&quot;10150&quot; parentCode=&quot;1&quot;&gt;&lt;Description xml:lang=&quot;en&quot;&gt;Ashfield (A)&lt;/Description&gt;&lt;Description xml:lang=&quot;fr&quot;&gt;Ashfield (A)&lt;/Description&gt;&lt;/Code&gt;&lt;Code value=&quot;10200&quot; parentCode=&quot;1&quot;&gt;&lt;Description xml:lang=&quot;en&quot;&gt;Auburn (C)&lt;/Description&gt;&lt;Description xml:lang=&quot;fr&quot;&gt;Auburn (C)&lt;/Description&gt;&lt;/Code&gt;&lt;Code value=&quot;10250&quot; parentCode=&quot;1&quot;&gt;&lt;Description xml:lang=&quot;en&quot;&gt;Ballina (A)&lt;/Description&gt;&lt;Description xml:lang=&quot;fr&quot;&gt;Ballina (A)&lt;/Description&gt;&lt;/Code&gt;&lt;Code value=&quot;10300&quot; parentCode=&quot;1&quot;&gt;&lt;Description xml:lang=&quot;en&quot;&gt;Balranald (A)&lt;/Description&gt;&lt;Description xml:lang=&quot;fr&quot;&gt;Balranald (A)&lt;/Description&gt;&lt;/Code&gt;&lt;Code value=&quot;10350&quot; parentCode=&quot;1&quot;&gt;&lt;Description xml:lang=&quot;en&quot;&gt;Bankstown (C)&lt;/Description&gt;&lt;Description xml:lang=&quot;fr&quot;&gt;Bankstow
Loading Codelists
Codelist: ABS:CL_ATSI_BIRTHS_SUMM_MEASURE:1.0 already exists
Loading Concepts
Loading DataStructures
DS ABS:ATSI_BIRTHS_SUMM:1.0
Loading Dataflows
Loading Codelists
Codelist: ABS:CL_ATSI_FERTILITY_MEASURE:1.0 already exists
Loading Concepts
Loading DataStructures
DS ABS:ATSI_FERTILITY:1.0
Loading Dataflows
Loading Codelists
Codelist: ABS:CL_ALC_TYP:1.0 already exists
Loading Concepts
Loading DataStructures
DS ABS:ALC:1.0
Loading Dataflows
Loading Codelists
Codelist: ABS:CL_ABS_ACLD_LFSTATUS_SEX_ABS:1.0 already exists
Loading Concepts
Loading DataStructures
DS ABS:ABS_ACLD_LFSTATUS:1.0
Loading Dataflows
Loading Codelists
Codelist: ABS:CL_ABS_ACLD_TENURE_SEX_ABS:1.0 already exists
Loading Concepts
Loading DataStructures
DS ABS:ABS_ACLD_TENURE:1.0
Loading Dataflows
Loading Codelists
Codelist: ABS:CL_ABS_ACLD_UNPAIDASST_SEX_ABS:1.0 already exists
Loading Concepts
Loading DataStructures
DS ABS:ABS_ACLD_UNPAIDASST:1.0
Loading Dataflows
Loading Codelists
Codelist: ABS:CL_ABS_ACLD_VOLWORK_SEX_ABS:1.0 already exists
Loading Concepts
Loading DataStructures
DS ABS:ABS_ACLD_VOLWORK:1.0
Loading Dataflows
Loading Codelists
Codelist: ABS:CL_AMLPS_PART_2017_MEASURE:1.0 already exists
Loading Concepts
Loading DataStructures
DS ABS:AMLPS_PART_2017:1.0
Loading Dataflows
Loading Codelists
Codelist: ABS:CL_AMLPS_RESP_2017_RESPONSE_CAT:1.0 already exists
Loading Concepts
Loading DataStructures
DS ABS:AMLPS_RESP_2017:1.0
Loading Dataflows
Loading Codelists
Codelist: ABS:CL_ABS_CENSUS2011_B01_MEASURE:1.0 already exists
Loading Concepts
Loading DataStructures
DS ABS:ABS_CENSUS2011_B01:1.0
Loading Dataflows
Loading Codelists
Codelist: ABS:CL_ABS_CENSUS2011_B01_LGA_MEASURE:1.0 already exists
Loading Concepts
Loading DataStructures
DS ABS:ABS_CENSUS2011_B01_LGA:1.0
Loading Dataflows
Loading Codelists
Codelist: ABS:CL_ABS_CENSUS2011_B01_SA1_SA_MEASURE:1.0 already exists
Loading Concepts
Loading DataStructures
DS ABS:ABS_CENSUS2011_B01_SA1_SA:1.0
Loading Dataflows
Loading Codelists
Codelist: ABS:CL_ABS_CENSUS2011_B02_MEASURE:1.0 already exists
Loading Concepts
Loading DataStructures
DS ABS:ABS_CENSUS2011_B02:1.0
Loading Dataflows
Loading Codelists
Codelist: ABS:CL_ABS_CENSUS2011_B02_LGA_MEASURE:1.0 already exists
Loading Concepts
Loading DataStructures
DS ABS:ABS_CENSUS2011_B02_LGA:1.0
Loading Dataflows
Loading Codelists
Codelist: ABS:CL_ABS_CENSUS2011_B02_SA1_SA_MEASURE:1.0 already exists
Loading Concepts
Loading DataStructures
DS ABS:ABS_CENSUS2011_B02_SA1_SA:1.0
Loading Dataflows
Loading Codelists
Codelist: ABS:CL_ABS_CENSUS2011_B03_LGA_MEASURE:1.0 already exists
Loading Concepts
Loading DataStructures
DS ABS:ABS_CENSUS2011_B03_LGA:1.0
Loading Dataflows
Loading: B03 Place of Usual Residence on Census Night by Age (SA2+)
Header=&lt;message:Structure xmlns=&quot;http://www.SDMX.org/resources/SDMXML/schemas/v2_0/structure&quot; xmlns:common=&quot;http://www.SDMX.org/resources/SDMXML/schemas/v2_0/common&quot; xsi:schemaLocation=&quot;http://www.SDMX.org/resources/SDMXML/schemas/v2_0/structure http://www.sdmx.org/docs/2_0/SDMXStructure.xsd http://www.SDMX.org/resources/SDMXML/schemas/v2_0/message http://www.sdmx.org/docs/2_0/SDMXMessage.xsd&quot; xmlns:xsi=&quot;http://www.w3.org/2001/XMLSchema-instance&quot; xmlns:message=&quot;http://www.SDMX.org/resources/SDMXML/schemas/v2_0/message&quot;&gt;&lt;Header xmlns=&quot;http://www.SDMX.org/resources/SDMXML/schemas/v2_0/message&quot;&gt;&lt;ID&gt;none&lt;!--Statistical usage warning
ABS.Stat beta is continuing to be developed.  Data will be updated as soon as possible following its 11:30 am release on the ABS website.
--&gt;&lt;/ID&gt;&lt;Test&gt;false&lt;/Test&gt;&lt;Truncated&gt;false&lt;/Truncated&gt;&lt;Prepared&gt;2020-03-17T00:59:51&lt;/Prepared&gt;&lt;Sender id=&quot;ABS&quot;&gt;&lt;Name xml:lang=&quot;en&quot;&gt;Australian Bureau of Statistics&lt;/Name&gt;&lt;Name xml:lang=&quot;fr&quot;&gt;Australian Bureau of Statistics&lt;/Name&gt;&lt;/Sender&gt;&lt;/Header&gt;&lt;message:CodeLists&gt;&lt;CodeList id=&quot;CL_ABS_CENSUS2011_B03_MEASURE&quot; agencyID=&quot;ABS&quot;&gt;&lt;Name xml:lang=&quot;en&quot;&gt;Age&lt;/Name&gt;&lt;Name xml:lang=&quot;fr&quot;&gt;Age&lt;/Name&gt;&lt;Code value=&quot;TT&quot;&gt;&lt;Description xml:lang=&quot;en&quot;&gt;All ages&lt;/Description&gt;&lt;Description xml:lang=&quot;fr&quot;&gt;All ages&lt;/Description&gt;&lt;/Code&gt;&lt;Code value=&quot;O85&quot;&gt;&lt;Description xml:lang=&quot;en&quot;&gt;85 years and over&lt;/Description&gt;&lt;Description xml:lang=&quot;fr&quot;&gt;85 years and over&lt;/Description&gt;&lt;/Code&gt;&lt;Code value=&quot;T0&quot;&gt;&lt;Description xml:lang=&quot;en&quot;&gt;0 - 14&lt;/Description&gt;&lt;Description xml:lang=&quot;fr&quot;&gt;0 - 14&lt;/Description&gt;&lt;/Code&gt;&lt;Code value=&quot;T15&quot;&gt;&lt;Description xml:lang=&quot;en&quot;&gt;15 - 24&lt;/Description&gt;&lt;Description xml:lang=&quot;fr&quot;&gt;15 - 24&lt;/Description&gt;&lt;/Code&gt;&lt;Code value=&quot;T25&quot;&gt;&lt;Description xml:lang=&quot;en&quot;&gt;25 - 34&lt;/Description&gt;&lt;Description xml:lang=&quot;fr&quot;&gt;25 - 34&lt;/Description&gt;&lt;/Code&gt;&lt;Code value=&quot;T35&quot;&gt;&lt;Description xml:lang=&quot;en&quot;&gt;35 - 44&lt;/Description&gt;&lt;Description xml:lang=&quot;fr&quot;&gt;35 - 44&lt;/Description&gt;&lt;/Code&gt;&lt;Code value=&quot;T45&quot;&gt;&lt;Description xml:lang=&quot;en&quot;&gt;45 - 54&lt;/Description&gt;&lt;Description xml:lang=&quot;fr&quot;&gt;45 - 54&lt;/Description&gt;&lt;/Code&gt;&lt;Code value=&quot;T55&quot;&gt;&lt;Description xml:lang=&quot;en&quot;&gt;55 - 64&lt;/Description&gt;&lt;Description xml:lang=&quot;fr&quot;&gt;55 - 64&lt;/Description&gt;&lt;/Code&gt;&lt;Code value=&quot;T65&quot;&gt;&lt;Description xml:lang=&quot;en&quot;&gt;65 - 74&lt;/Description&gt;&lt;Description xml:lang=&quot;fr&quot;&gt;65 - 74&lt;/Description&gt;&lt;/Code&gt;&lt;Code value=&quot;T75&quot;&gt;&lt;Description xml:lang=&quot;en&quot;&gt;75 - 84&lt;/Description&gt;&lt;Description xml:lang=&quot;fr&quot;&gt;75 - 84&lt;/Description&gt;&lt;/Code&gt;&lt;/CodeList&gt;&lt;CodeList id=&quot;CL_ABS_CENSUS2011_B03_POUR&quot; agencyID=&quot;ABS&quot;&gt;&lt;Name xml:lang=&quot;en&quot;&gt;Place of Usual Residence on Census Night&lt;/Name&gt;&lt;Name xml:lang=&quot;fr&quot;&gt;Place of Usual Residence on Census Night&lt;/Name&gt;&lt;Code value=&quot;TOT&quot;&gt;&lt;Description xml:lang=&quot;en&quot;&gt;Total&lt;/Description&gt;&lt;Description xml:lang=&quot;fr&quot;&gt;Total&lt;/Description&gt;&lt;/Code&gt;&lt;Code value=&quot;2_1&quot; parentCode=&quot;2_0&quot;&gt;&lt;Description xml:lang=&quot;en&quot;&gt;New South Wales&lt;/Description&gt;&lt;Description xml:lang=&quot;fr&quot;&gt;New South Wales&lt;/Description&gt;&lt;/Code&gt;&lt;Code value=&quot;2_0&quot; parentCode=&quot;TOT&quot;&gt;&lt;Description xml:lang=&quot;en&quot;&gt;Same Statistical Area Level 2 (SA2)&lt;/Description&gt;&lt;Description xml:lang=&quot;fr&quot;&gt;Same Statistical Area Level 2 (SA2)&lt;/Description&gt;&lt;/Code&gt;&lt;Code value=&quot;2_2&quot; parentCode=&quot;2_0&quot;&gt;&lt;Description xml:lang=&quot;en&quot;&gt;Victoria&lt;/Description&gt;&lt;Description xml:lang=&quot;fr&quot;&gt;Victoria&lt;/Description&gt;&lt;/Code&gt;&lt;Code value=&quot;2_3&quot; parentCode=&quot;2_0&quot;&gt;&lt;Description xml:lang=&quot;en&quot;&gt;Queensland&lt;/Description&gt;&lt;Description xml:lang=&quot;fr&quot;&gt;Queensland&lt;/Description&gt;&lt;/Code&gt;&lt;Code value=&quot;2_4&quot; parentCode=&quot;2_0&quot;&gt;&lt;Description xml:lang=&quot;en&quot;&gt;South Australia&lt;/Description&gt;&lt;Description xml:lang=&quot;fr&quot;&gt;South Australia&lt;/Description&gt;&lt;/Code&gt;&lt;Code value=&quot;2_5&quot; parentCode=&quot;2_0&quot;&gt;&lt;Description xml:lang=&quot;en&quot;&gt;Western Australia&lt;/Description&gt;&lt;Description xml:lang=&quot;fr&quot;&gt;Western Australia&lt;/Description&gt;&lt;/Code&gt;&lt;Code value=&quot;2_6&quot; parentCode=&quot;2_0&quot;&gt;&lt;Description xml:lang=&quot;en&quot;&gt;Tasmania&lt;/Description&gt;&lt;Description xml:lang=&quot;fr&quot;&gt;Tasmania&lt;/Description&gt;&lt;/Code&gt;&lt;Code value=&quot;2_7&quot; parentCode=&quot;2_0&quot;&gt;&lt;Description xml:lang=&quot;en&quot;&gt;Northern Territory&lt;/Description&gt;&lt;Description xml:lang=&quot;fr&quot;&gt;Northern Territory&lt;/Description&gt;&lt;/Code&gt;&lt;Code value=&quot;2_8&quot; parentCode=&quot;2_0&quot;&gt;&lt;Description xml:lang=&quot;en&quot;&gt;Australian Capital Territory&lt;/Description&gt;&lt;Description xml:lang=&quot;fr&quot;&gt;Australian Capital Territory&lt;/Description&gt;&lt;/Code&gt;&lt;Code value=&quot;2_9&quot; parentCode=&quot;2_0&quot;&gt;&lt;Description xml:lang=&quot;en&quot;&gt;Other Territories&lt;/Description&gt;&lt;Description xml:lang=&quot;fr&quot;&gt;Other Territories&lt;/Description&gt;&lt;/Code&gt;&lt;Code value=&quot;2_11&quot; parentCode=&quot;2_0&quot;&gt;&lt;Description xml:lang=&quot;en&quot;&gt;Different SA2 Total&lt;/Description&gt;&lt;Description xml:lang=&quot;fr&quot;&gt;Different SA2 Total&lt;/Description&gt;&lt;/Code&gt;&lt;Code value=&quot;1&quot; parentCode=&quot;TOT&quot;&gt;&lt;Description xml:lang=&quot;en&quot;&gt;Counted at home on Census Night&lt;/Description&gt;&lt;Description xml:lang=&quot;fr&quot;&gt;Counted at home on Census Night&lt;/Description&gt;&lt;/Code&gt;&lt;Code value=&quot;2&quot; parentCode=&quot;TOT&quot;&gt;&lt;Description xml:lang=&quot;en&quot;&gt;Visitors Total &lt;/Description&gt;&lt;Description xml:lang=&quot;fr&quot;&gt;Visitors Total &lt;/Description&gt;&lt;/Code&gt;&lt;/CodeList&gt;&lt;CodeList id=&quot;CL_ABS_CENSUS2011_B03_STATE&quot; agencyID=&quot;ABS&quot;&gt;&lt;Name xml:lang=&quot;en&quot;&gt;State&lt;/Name&gt;&lt;Name xml:lang=&quot;fr&quot;&gt;State&lt;/Name&gt;&lt;Code value=&quot;0&quot;&gt;&lt;Description xml:lang=&quot;en&quot;&gt;Australia&lt;/Description&gt;&lt;Description xml:lang=&quot;fr&quot;&gt;Australia&lt;/Description&gt;&lt;/Code&gt;&lt;Code value=&quot;1&quot; parentCode=&quot;0&quot;&gt;&lt;Description xml:lang=&quot;en&quot;&gt;New South Wales&lt;/Description&gt;&lt;Description xml:lang=&quot;fr&quot;&gt;New South Wales&lt;/Description&gt;&lt;/Code&gt;&lt;Code value=&quot;2&quot; parentCode=&quot;0&quot;&gt;&lt;Description xml:lang=&quot;en&quot;&gt;Victoria&lt;/Description&gt;&lt;Description xml:lang=&quot;fr&quot;&gt;Victoria&lt;/Description&gt;&lt;/Code&gt;&lt;Code value=&quot;3&quot; parentCode=&quot;0&quot;&gt;&lt;Description xml:lang=&quot;en&quot;&gt;Queensland&lt;/Description&gt;&lt;Description xml:lang=&quot;fr&quot;&gt;Queensland&lt;/Description&gt;&lt;/Code&gt;&lt;Code value=&quot;4&quot; parentCode=&quot;0&quot;&gt;&lt;Description xml:lang=&quot;en&quot;&gt;South Australia&lt;/Description&gt;&lt;Description xml:lang=&quot;fr&quot;&gt;South Australia&lt;/Description&gt;&lt;/Code&gt;&lt;Code value=&quot;5&quot; parentCode=&quot;0&quot;&gt;&lt;Description xml:lang=&quot;en&quot;&gt;Western Australia&lt;/Description&gt;&lt;Description xml:lang=&quot;fr&quot;&gt;Western Australia&lt;/Description&gt;&lt;/Code&gt;&lt;Code value=&quot;6&quot; parentCode=&quot;0&quot;&gt;&lt;Description xml:lang=&quot;en&quot;&gt;Tasmania&lt;/Description&gt;&lt;Description xml:lang=&quot;fr&quot;&gt;Tasmania&lt;/Description&gt;&lt;/Code&gt;&lt;Code value=&quot;7&quot; parentCode=&quot;0&quot;&gt;&lt;Description xml:lang=&quot;en&quot;&gt;Northern Territory&lt;/Description&gt;&lt;Description xml:lang=&quot;fr&quot;&gt;Northern Territory&lt;/Description&gt;&lt;/Code&gt;&lt;Code value=&quot;8&quot; parentCode=&quot;0&quot;&gt;&lt;Description xml:lang=&quot;en&quot;&gt;Australian Capital Territory&lt;/Description&gt;&lt;Description xml:lang=&quot;fr&quot;&gt;Australian Capital Territory&lt;/Description&gt;&lt;/Code&gt;&lt;Code value=&quot;9&quot; parentCode=&quot;0&quot;&gt;&lt;Description xml:lang=&quot;en&quot;&gt;Other Territories&lt;/Description&gt;&lt;Description xml:lang=&quot;fr&quot;&gt;Other Territories&lt;/Description&gt;&lt;/Code&gt;&lt;/CodeList&gt;&lt;CodeList id=&quot;CL_ABS_CENSUS2011_B03_REGIONTYPE&quot; agencyID=&quot;ABS&quot;&gt;&lt;Name xml:lang=&quot;en&quot;&gt;Region Type&lt;/Name&gt;&lt;Name xml:lang=&quot;fr&quot;&gt;Region Type&lt;/Name&gt;&lt;Code value=&quot;AUS&quot;&gt;&lt;Description xml:lang=&quot;en&quot;&gt;Australia&lt;/Description&gt;&lt;Description xml:lang=&quot;fr&quot;&gt;Australia&lt;/Description&gt;&lt;/Code&gt;&lt;Code value=&quot;STE&quot;&gt;&lt;Description xml:lang=&quot;en&quot;&gt;States and Territories&lt;/Description&gt;&lt;Description xml:lang=&quot;fr&quot;&gt;States and Territories&lt;/Description&gt;&lt;/Code&gt;&lt;Code value=&quot;SA4&quot;&gt;&lt;Description xml:lang=&quot;en&quot;&gt;Statistical Area Level 4&lt;/Description&gt;&lt;Description xml:lang=&quot;fr&quot;&gt;Statistical Area Level 4&lt;/Description&gt;&lt;/Code&gt;&lt;Code value=&quot;SA3&quot;&gt;&lt;Description xml:lang=&quot;en&quot;&gt;Statistical Area Level 3&lt;/Description&gt;&lt;Description xml:lang=&quot;fr&quot;&gt;Statistical Area Level 3&lt;/Description&gt;&lt;/Code&gt;&lt;Code value=&quot;SA2&quot;&gt;&lt;Description xml:lang=&quot;en&quot;&gt;Statistical Area Level 2&lt;/Description&gt;&lt;Description xml:lang=&quot;fr&quot;&gt;Statistical Area Level 2&lt;/Description&gt;&lt;/Code&gt;&lt;/CodeList&gt;&lt;CodeList id=&quot;CL_ABS_CENSUS2011_B03_REGION&quot; agencyID=&quot;ABS&quot;&gt;&lt;Name xml:lang=&quot;en&quot;&gt;Region&lt;/Name&gt;&lt;Name xml:lang=&quot;fr&quot;&gt;Region&lt;/Name&gt;&lt;Code value=&quot;0&quot;&gt;&lt;Description xml:lang=&quot;en&quot;&gt;Australia&lt;/Description&gt;&lt;Description xml:lang=&quot;fr&quot;&gt;Australia&lt;/Description&gt;&lt;/Code&gt;&lt;Code value=&quot;1&quot; parentCode=&quot;0&quot;&gt;&lt;Description xml:lang=&quot;en&quot;&gt;New South Wales&lt;/Description&gt;&lt;Description xml:lang=&quot;fr&quot;&gt;New South Wales&lt;/Description&gt;&lt;/Code&gt;&lt;Code value=&quot;101&quot; parentCode=&quot;1&quot;&gt;&lt;Description xml:lang=&quot;en&quot;&gt;Capital Region&lt;/Description&gt;&lt;Description xml:lang=&quot;fr&quot;&gt;Capital Region&lt;/Description&gt;&lt;/Code&gt;&lt;Code value=&quot;10101&quot; parentCode=&quot;101&quot;&gt;&lt;Description xml:lang=&quot;en&quot;&gt;Goulburn - Yass&lt;/Description&gt;&lt;Description xml:lang=&quot;fr&quot;&gt;Goulburn - Yass&lt;/Description&gt;&lt;/Code&gt;&lt;Code value=&quot;101011001&quot; parentCode=&quot;10101&quot;&gt;&lt;Description xml:lang=&quot;en&quot;&gt;Goulburn&lt;/Description&gt;&lt;Description xml:lang=&quot;fr&quot;&gt;Goulburn&lt;/Description&gt;&lt;/Code&gt;&lt;Code value=&quot;101011002&quot; parentCode=&quot;10101&quot;&gt;&lt;Descri
Loading Codelists
Codelist: ABS:CL_ATSI_BIRTHS_SUMM_MEASURE:1.0 already exists
Loading Concepts
Loading DataStructures
DS ABS:ATSI_BIRTHS_SUMM:1.0
Loading Dataflows
Loading Codelists
Codelist: ABS:CL_ATSI_FERTILITY_MEASURE:1.0 already exists
Loading Concepts
Loading DataStructures
DS ABS:ATSI_FERTILITY:1.0
Loading Dataflows
Loading Codelists
Codelist: ABS:CL_ALC_TYP:1.0 already exists
Loading Concepts
Loading DataStructures
DS ABS:ALC:1.0
Loading Dataflows
Loading Codelists
Codelist: ABS:CL_ABS_ACLD_LFSTATUS_SEX_ABS:1.0 already exists
Loading Concepts
Loading DataStructures
DS ABS:ABS_ACLD_LFSTATUS:1.0
Loading Dataflows
Loading Codelists
Codelist: ABS:CL_ABS_ACLD_TENURE_SEX_ABS:1.0 already exists
Loading Concepts
Loading DataStructures
DS ABS:ABS_ACLD_TENURE:1.0
Loading Dataflows
Loading Codelists
Codelist: ABS:CL_ABS_ACLD_UNPAIDASST_SEX_ABS:1.0 already exists
Loading Concepts
Loading DataStructures
DS ABS:ABS_ACLD_UNPAIDASST:1.0
Loading Dataflows
Loading Codelists
Codelist: ABS:CL_ABS_ACLD_VOLWORK_SEX_ABS:1.0 already exists
Loading Concepts
Loading DataStructures
DS ABS:ABS_ACLD_VOLWORK:1.0
Loading Dataflows
Loading Codelists
Codelist: ABS:CL_AMLPS_PART_2017_MEASURE:1.0 already exists
Loading Concepts
Loading DataStructures
DS ABS:AMLPS_PART_2017:1.0
Loading Dataflows
Loading Codelists
Codelist: ABS:CL_AMLPS_RESP_2017_RESPONSE_CAT:1.0 already exists
Loading Concepts
Loading DataStructures
DS ABS:AMLPS_RESP_2017:1.0
Loading Dataflows
Loading Codelists
Codelist: ABS:CL_ABS_CENSUS2011_B01_MEASURE:1.0 already exists
Loading Concepts
Loading DataStructures
DS ABS:ABS_CENSUS2011_B01:1.0
Loading Dataflows
Loading Codelists
Codelist: ABS:CL_ABS_CENSUS2011_B01_LGA_MEASURE:1.0 already exists
Loading Concepts
Loading DataStructures
DS ABS:ABS_CENSUS2011_B01_LGA:1.0
Loading Dataflows
Loading Codelists
Codelist: ABS:CL_ABS_CENSUS2011_B01_SA1_SA_MEASURE:1.0 already exists
Loading Concepts
Loading DataStructures
DS ABS:ABS_CENSUS2011_B01_SA1_SA:1.0
Loading Dataflows
Loading Codelists
Codelist: ABS:CL_ABS_CENSUS2011_B02_MEASURE:1.0 already exists
Loading Concepts
Loading DataStructures
DS ABS:ABS_CENSUS2011_B02:1.0
Loading Dataflows
Loading Codelists
Codelist: ABS:CL_ABS_CENSUS2011_B02_LGA_MEASURE:1.0 already exists
Loading Concepts
Loading DataStructures
DS ABS:ABS_CENSUS2011_B02_LGA:1.0
Loading Dataflows
Loading Codelists
Codelist: ABS:CL_ABS_CENSUS2011_B02_SA1_SA_MEASURE:1.0 already exists
Loading Concepts
Loading DataStructures
DS ABS:ABS_CENSUS2011_B02_SA1_SA:1.0
Loading Dataflows
Loading Codelists
Codelist: ABS:CL_ABS_CENSUS2011_B03_LGA_MEASURE:1.0 already exists
Loading Concepts
Loading DataStructures
DS ABS:ABS_CENSUS2011_B03_LGA:1.0
Loading Dataflows
Loading Codelists
Codelist: ABS:CL_ABS_CENSUS2011_B03_MEASURE:1.0 already exists
Loading Concepts
Loading DataStructures
DS ABS:ABS_CENSUS2011_B03:1.0
Loading Dataflows
Loading: B03 Place of Usual Residence on Census Night by Sex(SA1 SA)
Header=&lt;message:Structure xmlns=&quot;http://www.SDMX.org/resources/SDMXML/schemas/v2_0/structure&quot; xmlns:common=&quot;http://www.SDMX.org/resources/SDMXML/schemas/v2_0/common&quot; xsi:schemaLocation=&quot;http://www.SDMX.org/resources/SDMXML/schemas/v2_0/structure http://www.sdmx.org/docs/2_0/SDMXStructure.xsd http://www.SDMX.org/resources/SDMXML/schemas/v2_0/message http://www.sdmx.org/docs/2_0/SDMXMessage.xsd&quot; xmlns:xsi=&quot;http://www.w3.org/2001/XMLSchema-instance&quot; xmlns:message=&quot;http://www.SDMX.org/resources/SDMXML/schemas/v2_0/message&quot;&gt;&lt;Header xmlns=&quot;http://www.SDMX.org/resources/SDMXML/schemas/v2_0/message&quot;&gt;&lt;ID&gt;none&lt;!--Statistical usage warning
ABS.Stat beta is continuing to be developed.  Data will be updated as soon as possible following its 11:30 am release on the ABS website.
--&gt;&lt;/ID&gt;&lt;Test&gt;false&lt;/Test&gt;&lt;Truncated&gt;false&lt;/Truncated&gt;&lt;Prepared&gt;2020-03-17T00:59:53&lt;/Prepared&gt;&lt;Sender id=&quot;ABS&quot;&gt;&lt;Name xml:lang=&quot;en&quot;&gt;Australian Bureau of Statistics&lt;/Name&gt;&lt;Name xml:lang=&quot;fr&quot;&gt;Australian Bureau of Statistics&lt;/Name&gt;&lt;/Sender&gt;&lt;/Header&gt;&lt;message:CodeLists&gt;&lt;CodeList id=&quot;CL_ABS_CENSUS2011_B03_SA1_SA_MEASURE&quot; agencyID=&quot;ABS&quot;&gt;&lt;Name xml:lang=&quot;en&quot;&gt;Age&lt;/Name&gt;&lt;Name xml:lang=&quot;fr&quot;&gt;Age&lt;/Name&gt;&lt;Code value=&quot;TT&quot;&gt;&lt;Description xml:lang=&quot;en&quot;&gt;All ages&lt;/Description&gt;&lt;Description xml:lang=&quot;fr&quot;&gt;All ages&lt;/Description&gt;&lt;/Code&gt;&lt;Code value=&quot;O85&quot;&gt;&lt;Description xml:lang=&quot;en&quot;&gt;85 years and over&lt;/Description&gt;&lt;Description xml:lang=&quot;fr&quot;&gt;85 years and over&lt;/Description&gt;&lt;/Code&gt;&lt;Code value=&quot;T0&quot;&gt;&lt;Description xml:lang=&quot;en&quot;&gt;0 - 14&lt;/Description&gt;&lt;Description xml:lang=&quot;fr&quot;&gt;0 - 14&lt;/Description&gt;&lt;/Code&gt;&lt;Code value=&quot;T15&quot;&gt;&lt;Description xml:lang=&quot;en&quot;&gt;15 - 24&lt;/Description&gt;&lt;Description xml:lang=&quot;fr&quot;&gt;15 - 24&lt;/Description&gt;&lt;/Code&gt;&lt;Code value=&quot;T25&quot;&gt;&lt;Description xml:lang=&quot;en&quot;&gt;25 - 34&lt;/Description&gt;&lt;Description xml:lang=&quot;fr&quot;&gt;25 - 34&lt;/Description&gt;&lt;/Code&gt;&lt;Code value=&quot;T35&quot;&gt;&lt;Description xml:lang=&quot;en&quot;&gt;35 - 44&lt;/Description&gt;&lt;Description xml:lang=&quot;fr&quot;&gt;35 - 44&lt;/Description&gt;&lt;/Code&gt;&lt;Code value=&quot;T45&quot;&gt;&lt;Description xml:lang=&quot;en&quot;&gt;45 - 54&lt;/Description&gt;&lt;Description xml:lang=&quot;fr&quot;&gt;45 - 54&lt;/Description&gt;&lt;/Code&gt;&lt;Code value=&quot;T55&quot;&gt;&lt;Description xml:lang=&quot;en&quot;&gt;55 - 64&lt;/Description&gt;&lt;Description xml:lang=&quot;fr&quot;&gt;55 - 64&lt;/Description&gt;&lt;/Code&gt;&lt;Code value=&quot;T65&quot;&gt;&lt;Description xml:lang=&quot;en&quot;&gt;65 - 74&lt;/Description&gt;&lt;Description xml:lang=&quot;fr&quot;&gt;65 - 74&lt;/Description&gt;&lt;/Code&gt;&lt;Code value=&quot;T75&quot;&gt;&lt;Description xml:lang=&quot;en&quot;&gt;75 - 84&lt;/Description&gt;&lt;Description xml:lang=&quot;fr&quot;&gt;75 - 84&lt;/Description&gt;&lt;/Code&gt;&lt;/CodeList&gt;&lt;CodeList id=&quot;CL_ABS_CENSUS2011_B03_SA1_SA_POUR&quot; agencyID=&quot;ABS&quot;&gt;&lt;Name xml:lang=&quot;en&quot;&gt;Place of Usual Residence on Census Night&lt;/Name&gt;&lt;Name xml:lang=&quot;fr&quot;&gt;Place of Usual Residence on Census Night&lt;/Name&gt;&lt;Code value=&quot;TOT&quot;&gt;&lt;Description xml:lang=&quot;en&quot;&gt;Total&lt;/Description&gt;&lt;Description xml:lang=&quot;fr&quot;&gt;Total&lt;/Description&gt;&lt;/Code&gt;&lt;Code value=&quot;2_1&quot; parentCode=&quot;2_0&quot;&gt;&lt;Description xml:lang=&quot;en&quot;&gt;New South Wales&lt;/Description&gt;&lt;Description xml:lang=&quot;fr&quot;&gt;New South Wales&lt;/Description&gt;&lt;/Code&gt;&lt;Code value=&quot;2_0&quot; parentCode=&quot;TOT&quot;&gt;&lt;Description xml:lang=&quot;en&quot;&gt;Same Statistical Area Level 2 (SA2)&lt;/Description&gt;&lt;Description xml:lang=&quot;fr&quot;&gt;Same Statistical Area Level 2 (SA2)&lt;/Description&gt;&lt;/Code&gt;&lt;Code value=&quot;2_2&quot; parentCode=&quot;2_0&quot;&gt;&lt;Description xml:lang=&quot;en&quot;&gt;Victoria&lt;/Description&gt;&lt;Description xml:lang=&quot;fr&quot;&gt;Victoria&lt;/Description&gt;&lt;/Code&gt;&lt;Code value=&quot;2_3&quot; parentCode=&quot;2_0&quot;&gt;&lt;Description xml:lang=&quot;en&quot;&gt;Queensland&lt;/Description&gt;&lt;Description xml:lang=&quot;fr&quot;&gt;Queensland&lt;/Description&gt;&lt;/Code&gt;&lt;Code value=&quot;2_4&quot; parentCode=&quot;2_0&quot;&gt;&lt;Description xml:lang=&quot;en&quot;&gt;South Australia&lt;/Description&gt;&lt;Description xml:lang=&quot;fr&quot;&gt;South Australia&lt;/Description&gt;&lt;/Code&gt;&lt;Code value=&quot;2_5&quot; parentCode=&quot;2_0&quot;&gt;&lt;Description xml:lang=&quot;en&quot;&gt;Western Australia&lt;/Description&gt;&lt;Description xml:lang=&quot;fr&quot;&gt;Western Australia&lt;/Description&gt;&lt;/Code&gt;&lt;Code value=&quot;2_6&quot; parentCode=&quot;2_0&quot;&gt;&lt;Description xml:lang=&quot;en&quot;&gt;Tasmania&lt;/Description&gt;&lt;Description xml:lang=&quot;fr&quot;&gt;Tasmania&lt;/Description&gt;&lt;/Code&gt;&lt;Code value=&quot;2_7&quot; parentCode=&quot;2_0&quot;&gt;&lt;Description xml:lang=&quot;en&quot;&gt;Northern Territory&lt;/Description&gt;&lt;Description xml:lang=&quot;fr&quot;&gt;Northern Territory&lt;/Description&gt;&lt;/Code&gt;&lt;Code value=&quot;2_8&quot; parentCode=&quot;2_0&quot;&gt;&lt;Description xml:lang=&quot;en&quot;&gt;Australian Capital Territory&lt;/Description&gt;&lt;Description xml:lang=&quot;fr&quot;&gt;Australian Capital Territory&lt;/Description&gt;&lt;/Code&gt;&lt;Code value=&quot;2_9&quot; parentCode=&quot;2_0&quot;&gt;&lt;Description xml:lang=&quot;en&quot;&gt;Other Territories&lt;/Description&gt;&lt;Description xml:lang=&quot;fr&quot;&gt;Other Territories&lt;/Description&gt;&lt;/Code&gt;&lt;Code value=&quot;2_11&quot; parentCode=&quot;2_0&quot;&gt;&lt;Description xml:lang=&quot;en&quot;&gt;Different SA2 Total&lt;/Description&gt;&lt;Description xml:lang=&quot;fr&quot;&gt;Different SA2 Total&lt;/Description&gt;&lt;/Code&gt;&lt;Code value=&quot;1&quot; parentCode=&quot;TOT&quot;&gt;&lt;Description xml:lang=&quot;en&quot;&gt;Counted at home on Census Night&lt;/Description&gt;&lt;Description xml:lang=&quot;fr&quot;&gt;Counted at home on Census Night&lt;/Description&gt;&lt;/Code&gt;&lt;Code value=&quot;2&quot; parentCode=&quot;TOT&quot;&gt;&lt;Description xml:lang=&quot;en&quot;&gt;Visitors Total &lt;/Description&gt;&lt;Description xml:lang=&quot;fr&quot;&gt;Visitors Total &lt;/Description&gt;&lt;/Code&gt;&lt;/CodeList&gt;&lt;CodeList id=&quot;CL_ABS_CENSUS2011_B03_SA1_SA_STATE&quot; agencyID=&quot;ABS&quot;&gt;&lt;Name xml:lang=&quot;en&quot;&gt;State&lt;/Name&gt;&lt;Name xml:lang=&quot;fr&quot;&gt;State&lt;/Name&gt;&lt;Code value=&quot;4&quot; parentCode=&quot;0&quot;&gt;&lt;Description xml:lang=&quot;en&quot;&gt;South Australia&lt;/Description&gt;&lt;Description xml:lang=&quot;fr&quot;&gt;South Australia&lt;/Description&gt;&lt;/Code&gt;&lt;Code value=&quot;0&quot;&gt;&lt;Description xml:lang=&quot;en&quot;&gt;Australia&lt;/Description&gt;&lt;Description xml:lang=&quot;fr&quot;&gt;Australia&lt;/Description&gt;&lt;/Code&gt;&lt;/CodeList&gt;&lt;CodeList id=&quot;CL_ABS_CENSUS2011_B03_SA1_SA_REGIONTYPE&quot; agencyID=&quot;ABS&quot;&gt;&lt;Name xml:lang=&quot;en&quot;&gt;Region Type&lt;/Name&gt;&lt;Name xml:lang=&quot;fr&quot;&gt;Region Type&lt;/Name&gt;&lt;Code value=&quot;SA1&quot;&gt;&lt;Description xml:lang=&quot;en&quot;&gt;Statistical Area Level 1&lt;/Description&gt;&lt;Description xml:lang=&quot;fr&quot;&gt;Statistical Area Level 1&lt;/Description&gt;&lt;/Code&gt;&lt;/CodeList&gt;&lt;CodeList id=&quot;CL_ABS_CENSUS2011_B03_SA1_SA_REGION&quot; agencyID=&quot;ABS&quot;&gt;&lt;Name xml:lang=&quot;en&quot;&gt;Region&lt;/Name&gt;&lt;Name xml:lang=&quot;fr&quot;&gt;Region&lt;/Name&gt;&lt;Code value=&quot;40101100101&quot; parentCode=&quot;401011001&quot;&gt;&lt;Description xml:lang=&quot;en&quot;&gt;40101100101&lt;/Description&gt;&lt;Description xml:lang=&quot;fr&quot;&gt;40101100101&lt;/Description&gt;&lt;/Code&gt;&lt;Code value=&quot;401011001&quot; parentCode=&quot;40101&quot;&gt;&lt;Description xml:lang=&quot;en&quot;&gt;Adelaide&lt;/Description&gt;&lt;Description xml:lang=&quot;fr&quot;&gt;Adelaide&lt;/Description&gt;&lt;/Code&gt;&lt;Code value=&quot;40101&quot; parentCode=&quot;401&quot;&gt;&lt;Description xml:lang=&quot;en&quot;&gt;Adelaide City&lt;/Description&gt;&lt;Description xml:lang=&quot;fr&quot;&gt;Adelaide City&lt;/Description&gt;&lt;/Code&gt;&lt;Code value=&quot;401&quot;&gt;&lt;Description xml:lang=&quot;en&quot;&gt;Adelaide - Central and Hills&lt;/Description&gt;&lt;Description xml:lang=&quot;fr&quot;&gt;Adelaide - Central and Hills&lt;/Description&gt;&lt;/Code&gt;&lt;Code value=&quot;40101100102&quot; parentCode=&quot;401011001&quot;&gt;&lt;Description xml:lang=&quot;en&quot;&gt;40101100102&lt;/Description&gt;&lt;Description xml:lang=&quot;fr&quot;&gt;40101100102&lt;/Description&gt;&lt;/Code&gt;&lt;Code value=&quot;40101100103&quot; parentCode=&quot;401011001&quot;&gt;&lt;Description xml:lang=&quot;en&quot;&gt;40101100103&lt;/Description&gt;&lt;Description xml:lang=&quot;fr&quot;&gt;40101100103&lt;/Description&gt;&lt;/Code&gt;&lt;Code value=&quot;40101100104&quot; parentCode=&quot;401011001&quot;&gt;&lt;Description xml:lang=&quot;en&quot;&gt;40101100104&lt;/Description&gt;&lt;Description xml:lang=&quot;fr&quot;&gt;40101100104&lt;/Description&gt;&lt;/Code&gt;&lt;Code value=&quot;40101100105&quot; parentCode=&quot;401011001&quot;&gt;&lt;Description xml:lang=&quot;en&quot;&gt;40101100105&lt;/Description&gt;&lt;Description xml:lang=&quot;fr&quot;&gt;40101100105&lt;/Description&gt;&lt;/Code&gt;&lt;Code value=&quot;40101100106&quot; parentCode=&quot;401011001&quot;&gt;&lt;Description xml:lang=&quot;en&quot;&gt;40101100106&lt;/Description&gt;&lt;Description xml:lang=&quot;fr&quot;&gt;40101100106&lt;/Description&gt;&lt;/Code&gt;&lt;Code value=&quot;40101100107&quot; parentCode=&quot;401011001&quot;&gt;&lt;Description xml:lang=&quot;en&quot;&gt;40101100107&lt;/Description&gt;&lt;Description xml:lang=&quot;fr&quot;&gt;40101100107&lt;/Description&gt;&lt;/Code&gt;&lt;Code value=&quot;40101100108&quot; parentCode=&quot;401011001&quot;&gt;&lt;Description xml:lang=&quot;en&quot;&gt;40101100108&lt;/Description&gt;&lt;Description xml:lang=&quot;fr&quot;&gt;40101100108&lt;/Description&gt;&lt;/Code&gt;&lt;Code value=&quot;40101100109&quot; parentCode=&quot;401011001&quot;&gt;&lt;Description xml:lang=&quot;en&quot;&gt;40101100109&lt;/Description&gt;&lt;Description xml:lang=&quot;fr&quot;&gt;40101100109&lt;/Description&gt;&lt;/Code&gt;&lt;Code value=&quot;40101100110&quot; parentCode=&quot;401011001&quot;&gt;&lt;Description xml:lang=&quot;en&quot;&gt;40101100110&lt;/Description&gt;&lt;Description xml:lang=&quot;fr&quot;&gt;40101100110&lt;/Description&gt;&lt;/Code&gt;&lt;Code value=&quot;40101100111&quot; parentCode=&quot;401011001&quot;&gt;&lt;Description xml:lang=&quot;en&quot;&gt;40101100111&lt;/Description&gt;&lt;Description xml:lang=&quot;fr&quot;&gt;40101100111&lt;/Description&gt;&lt;/Code&gt;&lt;Code value=&quot;40101100112&quot; parentCode=&quot;401011001&quot;&gt;&lt;Description xml:lang=&quot;en&quot;&gt;40101100112&lt;/Description&gt;&lt;Description xml:lang=&quot;fr&quot;&gt;40101100112&lt;/Description&gt;&lt;/Code&gt;&lt;Code value=&quot;40101100113&quot; parentCode=&quot;401011001&quot;&gt;&lt;Description xml:lang=&quot;en&quot;&gt;40101100113&lt;/Description&gt;&lt;Description xml:lang=&quot;fr&quot;&gt;40101100113&lt;/Descri
Loading Codelists
Codelist: ABS:CL_ATSI_BIRTHS_SUMM_MEASURE:1.0 already exists
Loading Concepts
Loading DataStructures
DS ABS:ATSI_BIRTHS_SUMM:1.0
Loading Dataflows
Loading Codelists
Codelist: ABS:CL_ATSI_FERTILITY_MEASURE:1.0 already exists
Loading Concepts
Loading DataStructures
DS ABS:ATSI_FERTILITY:1.0
Loading Dataflows
Loading Codelists
Codelist: ABS:CL_ALC_TYP:1.0 already exists
Loading Concepts
Loading DataStructures
DS ABS:ALC:1.0
Loading Dataflows
Loading Codelists
Codelist: ABS:CL_ABS_ACLD_LFSTATUS_SEX_ABS:1.0 already exists
Loading Concepts
Loading DataStructures
DS ABS:ABS_ACLD_LFSTATUS:1.0
Loading Dataflows
Loading Codelists
Codelist: ABS:CL_ABS_ACLD_TENURE_SEX_ABS:1.0 already exists
Loading Concepts
Loading DataStructures
DS ABS:ABS_ACLD_TENURE:1.0
Loading Dataflows
Loading Codelists
Codelist: ABS:CL_ABS_ACLD_UNPAIDASST_SEX_ABS:1.0 already exists
Loading Concepts
Loading DataStructures
DS ABS:ABS_ACLD_UNPAIDASST:1.0
Loading Dataflows
Loading Codelists
Codelist: ABS:CL_ABS_ACLD_VOLWORK_SEX_ABS:1.0 already exists
Loading Concepts
Loading DataStructures
DS ABS:ABS_ACLD_VOLWORK:1.0
Loading Dataflows
Loading Codelists
Codelist: ABS:CL_AMLPS_PART_2017_MEASURE:1.0 already exists
Loading Concepts
Loading DataStructures
DS ABS:AMLPS_PART_2017:1.0
Loading Dataflows
Loading Codelists
Codelist: ABS:CL_AMLPS_RESP_2017_RESPONSE_CAT:1.0 already exists
Loading Concepts
Loading DataStructures
DS ABS:AMLPS_RESP_2017:1.0
Loading Dataflows
Loading Codelists
Codelist: ABS:CL_ABS_CENSUS2011_B01_MEASURE:1.0 already exists
Loading Concepts
Loading DataStructures
DS ABS:ABS_CENSUS2011_B01:1.0
Loading Dataflows
Loading Codelists
Codelist: ABS:CL_ABS_CENSUS2011_B01_LGA_MEASURE:1.0 already exists
Loading Concepts
Loading DataStructures
DS ABS:ABS_CENSUS2011_B01_LGA:1.0
Loading Dataflows
Loading Codelists
Codelist: ABS:CL_ABS_CENSUS2011_B01_SA1_SA_MEASURE:1.0 already exists
Loading Concepts
Loading DataStructures
DS ABS:ABS_CENSUS2011_B01_SA1_SA:1.0
Loading Dataflows
Loading Codelists
Codelist: ABS:CL_ABS_CENSUS2011_B02_MEASURE:1.0 already exists
Loading Concepts
Loading DataStructures
DS ABS:ABS_CENSUS2011_B02:1.0
Loading Dataflows
Loading Codelists
Codelist: ABS:CL_ABS_CENSUS2011_B02_LGA_MEASURE:1.0 already exists
Loading Concepts
Loading DataStructures
DS ABS:ABS_CENSUS2011_B02_LGA:1.0
Loading Dataflows
Loading Codelists
Codelist: ABS:CL_ABS_CENSUS2011_B02_SA1_SA_MEASURE:1.0 already exists
Loading Concepts
Loading DataStructures
DS ABS:ABS_CENSUS2011_B02_SA1_SA:1.0
Loading Dataflows
Loading Codelists
Codelist: ABS:CL_ABS_CENSUS2011_B03_LGA_MEASURE:1.0 already exists
Loading Concepts
Loading DataStructures
DS ABS:ABS_CENSUS2011_B03_LGA:1.0
Loading Dataflows
Loading Codelists
Codelist: ABS:CL_ABS_CENSUS2011_B03_MEASURE:1.0 already exists
Loading Concepts
Loading DataStructures
DS ABS:ABS_CENSUS2011_B03:1.0
Loading Dataflows
Loading Codelists
Codelist: ABS:CL_ABS_CENSUS2011_B03_SA1_SA_MEASURE:1.0 already exists
Loading Concepts
Loading DataStructures
DS ABS:ABS_CENSUS2011_B03_SA1_SA:1.0
Loading Dataflows
Loading: B04 Age by Sex
Header=&lt;message:Structure xmlns=&quot;http://www.SDMX.org/resources/SDMXML/schemas/v2_0/structure&quot; xmlns:common=&quot;http://www.SDMX.org/resources/SDMXML/schemas/v2_0/common&quot; xsi:schemaLocation=&quot;http://www.SDMX.org/resources/SDMXML/schemas/v2_0/structure http://www.sdmx.org/docs/2_0/SDMXStructure.xsd http://www.SDMX.org/resources/SDMXML/schemas/v2_0/message http://www.sdmx.org/docs/2_0/SDMXMessage.xsd&quot; xmlns:xsi=&quot;http://www.w3.org/2001/XMLSchema-instance&quot; xmlns:message=&quot;http://www.SDMX.org/resources/SDMXML/schemas/v2_0/message&quot;&gt;&lt;Header xmlns=&quot;http://www.SDMX.org/resources/SDMXML/schemas/v2_0/message&quot;&gt;&lt;ID&gt;none&lt;!--Statistical usage warning
ABS.Stat beta is continuing to be developed.  Data will be updated as soon as possible following its 11:30 am release on the ABS website.
--&gt;&lt;/ID&gt;&lt;Test&gt;false&lt;/Test&gt;&lt;Truncated&gt;false&lt;/Truncated&gt;&lt;Prepared&gt;2020-03-17T00:59:55&lt;/Prepared&gt;&lt;Sender id=&quot;ABS&quot;&gt;&lt;Name xml:lang=&quot;en&quot;&gt;Australian Bureau of Statistics&lt;/Name&gt;&lt;Name xml:lang=&quot;fr&quot;&gt;Australian Bureau of Statistics&lt;/Name&gt;&lt;/Sender&gt;&lt;/Header&gt;&lt;message:CodeLists&gt;&lt;CodeList id=&quot;CL_ABS_CENSUS2011_B04_MEASURE&quot; agencyID=&quot;ABS&quot;&gt;&lt;Name xml:lang=&quot;en&quot;&gt;Sex&lt;/Name&gt;&lt;Name xml:lang=&quot;fr&quot;&gt;Sex&lt;/Name&gt;&lt;Code value=&quot;1&quot; parentCode=&quot;3&quot;&gt;&lt;Description xml:lang=&quot;en&quot;&gt;Males&lt;/Description&gt;&lt;Description xml:lang=&quot;fr&quot;&gt;Males&lt;/Description&gt;&lt;/Code&gt;&lt;Code value=&quot;3&quot;&gt;&lt;Description xml:lang=&quot;en&quot;&gt;Persons&lt;/Description&gt;&lt;Description xml:lang=&quot;fr&quot;&gt;Persons&lt;/Description&gt;&lt;/Code&gt;&lt;Code value=&quot;2&quot; parentCode=&quot;3&quot;&gt;&lt;Description xml:lang=&quot;en&quot;&gt;Females&lt;/Description&gt;&lt;Description xml:lang=&quot;fr&quot;&gt;Females&lt;/Description&gt;&lt;/Code&gt;&lt;/CodeList&gt;&lt;CodeList id=&quot;CL_ABS_CENSUS2011_B04_AGE&quot; agencyID=&quot;ABS&quot;&gt;&lt;Name xml:lang=&quot;en&quot;&gt;Age&lt;/Name&gt;&lt;Name xml:lang=&quot;fr&quot;&gt;Age&lt;/Name&gt;&lt;Code value=&quot;A04&quot;&gt;&lt;Description xml:lang=&quot;en&quot;&gt;0 - 4&lt;/Description&gt;&lt;Description xml:lang=&quot;fr&quot;&gt;0 - 4&lt;/Description&gt;&lt;/Code&gt;&lt;Code value=&quot;A59&quot;&gt;&lt;Description xml:lang=&quot;en&quot;&gt;5 - 9&lt;/Description&gt;&lt;Description xml:lang=&quot;fr&quot;&gt;5 - 9&lt;/Description&gt;&lt;/Code&gt;&lt;Code value=&quot;A10&quot;&gt;&lt;Description xml:lang=&quot;en&quot;&gt;10 - 14&lt;/Description&gt;&lt;Description xml:lang=&quot;fr&quot;&gt;10 - 14&lt;/Description&gt;&lt;/Code&gt;&lt;Code value=&quot;A15&quot;&gt;&lt;Description xml:lang=&quot;en&quot;&gt;15 - 19&lt;/Description&gt;&lt;Description xml:lang=&quot;fr&quot;&gt;15 - 19&lt;/Description&gt;&lt;/Code&gt;&lt;Code value=&quot;A20&quot;&gt;&lt;Description xml:lang=&quot;en&quot;&gt;20 - 24&lt;/Description&gt;&lt;Description xml:lang=&quot;fr&quot;&gt;20 - 24&lt;/Description&gt;&lt;/Code&gt;&lt;Code value=&quot;A25&quot;&gt;&lt;Description xml:lang=&quot;en&quot;&gt;25 - 29&lt;/Description&gt;&lt;Description xml:lang=&quot;fr&quot;&gt;25 - 29&lt;/Description&gt;&lt;/Code&gt;&lt;Code value=&quot;A30&quot;&gt;&lt;Description xml:lang=&quot;en&quot;&gt;30 - 34&lt;/Description&gt;&lt;Description xml:lang=&quot;fr&quot;&gt;30 - 34&lt;/Description&gt;&lt;/Code&gt;&lt;Code value=&quot;A35&quot;&gt;&lt;Description xml:lang=&quot;en&quot;&gt;35 - 39&lt;/Description&gt;&lt;Description xml:lang=&quot;fr&quot;&gt;35 - 39&lt;/Description&gt;&lt;/Code&gt;&lt;Code value=&quot;A40&quot;&gt;&lt;Description xml:lang=&quot;en&quot;&gt;40 - 44&lt;/Description&gt;&lt;Description xml:lang=&quot;fr&quot;&gt;40 - 44&lt;/Description&gt;&lt;/Code&gt;&lt;Code value=&quot;A45&quot;&gt;&lt;Description xml:lang=&quot;en&quot;&gt;45 - 49&lt;/Description&gt;&lt;Description xml:lang=&quot;fr&quot;&gt;45 - 49&lt;/Description&gt;&lt;/Code&gt;&lt;Code value=&quot;A50&quot;&gt;&lt;Description xml:lang=&quot;en&quot;&gt;50 - 54&lt;/Description&gt;&lt;Description xml:lang=&quot;fr&quot;&gt;50 - 54&lt;/Description&gt;&lt;/Code&gt;&lt;Code value=&quot;A55&quot;&gt;&lt;Description xml:lang=&quot;en&quot;&gt;55 - 59&lt;/Description&gt;&lt;Description xml:lang=&quot;fr&quot;&gt;55 - 59&lt;/Description&gt;&lt;/Code&gt;&lt;Code value=&quot;A60&quot;&gt;&lt;Description xml:lang=&quot;en&quot;&gt;60 - 64&lt;/Description&gt;&lt;Description xml:lang=&quot;fr&quot;&gt;60 - 64&lt;/Description&gt;&lt;/Code&gt;&lt;Code value=&quot;A65&quot;&gt;&lt;Description xml:lang=&quot;en&quot;&gt;65 - 69&lt;/Description&gt;&lt;Description xml:lang=&quot;fr&quot;&gt;65 - 69&lt;/Description&gt;&lt;/Code&gt;&lt;Code value=&quot;A70&quot;&gt;&lt;Description xml:lang=&quot;en&quot;&gt;70 - 74&lt;/Description&gt;&lt;Description xml:lang=&quot;fr&quot;&gt;70 - 74&lt;/Description&gt;&lt;/Code&gt;&lt;Code value=&quot;A75&quot;&gt;&lt;Description xml:lang=&quot;en&quot;&gt;75 - 79&lt;/Description&gt;&lt;Description xml:lang=&quot;fr&quot;&gt;75 - 79&lt;/Description&gt;&lt;/Code&gt;&lt;Code value=&quot;A80&quot;&gt;&lt;Description xml:lang=&quot;en&quot;&gt;80 - 84&lt;/Description&gt;&lt;Description xml:lang=&quot;fr&quot;&gt;80 - 84&lt;/Description&gt;&lt;/Code&gt;&lt;Code value=&quot;A85&quot;&gt;&lt;Description xml:lang=&quot;en&quot;&gt;85 - 89&lt;/Description&gt;&lt;Description xml:lang=&quot;fr&quot;&gt;85 - 89&lt;/Description&gt;&lt;/Code&gt;&lt;Code value=&quot;A90&quot;&gt;&lt;Description xml:lang=&quot;en&quot;&gt;90 - 94&lt;/Description&gt;&lt;Description xml:lang=&quot;fr&quot;&gt;90 - 94&lt;/Description&gt;&lt;/Code&gt;&lt;Code value=&quot;A95&quot;&gt;&lt;Description xml:lang=&quot;en&quot;&gt;95 - 99&lt;/Description&gt;&lt;Description xml:lang=&quot;fr&quot;&gt;95 - 99&lt;/Description&gt;&lt;/Code&gt;&lt;Code value=&quot;A100&quot;&gt;&lt;Description xml:lang=&quot;en&quot;&gt;100 years and over&lt;/Description&gt;&lt;Description xml:lang=&quot;fr&quot;&gt;100 years and over&lt;/Description&gt;&lt;/Code&gt;&lt;Code value=&quot;TT&quot;&gt;&lt;Description xml:lang=&quot;en&quot;&gt;All ages&lt;/Description&gt;&lt;Description xml:lang=&quot;fr&quot;&gt;All ages&lt;/Description&gt;&lt;/Code&gt;&lt;Code value=&quot;0&quot; parentCode=&quot;A04&quot;&gt;&lt;Description xml:lang=&quot;en&quot;&gt;0&lt;/Description&gt;&lt;Description xml:lang=&quot;fr&quot;&gt;0&lt;/Description&gt;&lt;/Code&gt;&lt;Code value=&quot;1&quot; parentCode=&quot;A04&quot;&gt;&lt;Description xml:lang=&quot;en&quot;&gt;1&lt;/Description&gt;&lt;Description xml:lang=&quot;fr&quot;&gt;1&lt;/Description&gt;&lt;/Code&gt;&lt;Code value=&quot;2&quot; parentCode=&quot;A04&quot;&gt;&lt;Description xml:lang=&quot;en&quot;&gt;2&lt;/Description&gt;&lt;Description xml:lang=&quot;fr&quot;&gt;2&lt;/Description&gt;&lt;/Code&gt;&lt;Code value=&quot;3&quot; parentCode=&quot;A04&quot;&gt;&lt;Description xml:lang=&quot;en&quot;&gt;3&lt;/Description&gt;&lt;Description xml:lang=&quot;fr&quot;&gt;3&lt;/Description&gt;&lt;/Code&gt;&lt;Code value=&quot;4&quot; parentCode=&quot;A04&quot;&gt;&lt;Description xml:lang=&quot;en&quot;&gt;4&lt;/Description&gt;&lt;Description xml:lang=&quot;fr&quot;&gt;4&lt;/Description&gt;&lt;/Code&gt;&lt;Code value=&quot;5&quot; parentCode=&quot;A59&quot;&gt;&lt;Description xml:lang=&quot;en&quot;&gt;5&lt;/Description&gt;&lt;Description xml:lang=&quot;fr&quot;&gt;5&lt;/Description&gt;&lt;/Code&gt;&lt;Code value=&quot;6&quot; parentCode=&quot;A59&quot;&gt;&lt;Description xml:lang=&quot;en&quot;&gt;6&lt;/Description&gt;&lt;Description xml:lang=&quot;fr&quot;&gt;6&lt;/Description&gt;&lt;/Code&gt;&lt;Code value=&quot;7&quot; parentCode=&quot;A59&quot;&gt;&lt;Description xml:lang=&quot;en&quot;&gt;7&lt;/Description&gt;&lt;Description xml:lang=&quot;fr&quot;&gt;7&lt;/Description&gt;&lt;/Code&gt;&lt;Code value=&quot;8&quot; parentCode=&quot;A59&quot;&gt;&lt;Description xml:lang=&quot;en&quot;&gt;8&lt;/Description&gt;&lt;Description xml:lang=&quot;fr&quot;&gt;8&lt;/Description&gt;&lt;/Code&gt;&lt;Code value=&quot;9&quot; parentCode=&quot;A59&quot;&gt;&lt;Description xml:lang=&quot;en&quot;&gt;9&lt;/Description&gt;&lt;Description xml:lang=&quot;fr&quot;&gt;9&lt;/Description&gt;&lt;/Code&gt;&lt;Code value=&quot;10&quot; parentCode=&quot;A10&quot;&gt;&lt;Description xml:lang=&quot;en&quot;&gt;10&lt;/Description&gt;&lt;Description xml:lang=&quot;fr&quot;&gt;10&lt;/Description&gt;&lt;/Code&gt;&lt;Code value=&quot;11&quot; parentCode=&quot;A10&quot;&gt;&lt;Description xml:lang=&quot;en&quot;&gt;11&lt;/Description&gt;&lt;Description xml:lang=&quot;fr&quot;&gt;11&lt;/Description&gt;&lt;/Code&gt;&lt;Code value=&quot;12&quot; parentCode=&quot;A10&quot;&gt;&lt;Description xml:lang=&quot;en&quot;&gt;12&lt;/Description&gt;&lt;Description xml:lang=&quot;fr&quot;&gt;12&lt;/Description&gt;&lt;/Code&gt;&lt;Code value=&quot;13&quot; parentCode=&quot;A10&quot;&gt;&lt;Description xml:lang=&quot;en&quot;&gt;13&lt;/Description&gt;&lt;Description xml:lang=&quot;fr&quot;&gt;13&lt;/Description&gt;&lt;/Code&gt;&lt;Code value=&quot;14&quot; parentCode=&quot;A10&quot;&gt;&lt;Description xml:lang=&quot;en&quot;&gt;14&lt;/Description&gt;&lt;Description xml:lang=&quot;fr&quot;&gt;14&lt;/Description&gt;&lt;/Code&gt;&lt;Code value=&quot;15&quot; parentCode=&quot;A15&quot;&gt;&lt;Description xml:lang=&quot;en&quot;&gt;15&lt;/Description&gt;&lt;Description xml:lang=&quot;fr&quot;&gt;15&lt;/Description&gt;&lt;/Code&gt;&lt;Code value=&quot;16&quot; parentCode=&quot;A15&quot;&gt;&lt;Description xml:lang=&quot;en&quot;&gt;16&lt;/Description&gt;&lt;Description xml:lang=&quot;fr&quot;&gt;16&lt;/Description&gt;&lt;/Code&gt;&lt;Code value=&quot;17&quot; parentCode=&quot;A15&quot;&gt;&lt;Description xml:lang=&quot;en&quot;&gt;17&lt;/Description&gt;&lt;Description xml:lang=&quot;fr&quot;&gt;17&lt;/Description&gt;&lt;/Code&gt;&lt;Code value=&quot;18&quot; parentCode=&quot;A15&quot;&gt;&lt;Description xml:lang=&quot;en&quot;&gt;18&lt;/Description&gt;&lt;Description xml:lang=&quot;fr&quot;&gt;18&lt;/Description&gt;&lt;/Code&gt;&lt;Code value=&quot;19&quot; parentCode=&quot;A15&quot;&gt;&lt;Description xml:lang=&quot;en&quot;&gt;19&lt;/Description&gt;&lt;Description xml:lang=&quot;fr&quot;&gt;19&lt;/Description&gt;&lt;/Code&gt;&lt;Code value=&quot;20&quot; parentCode=&quot;A20&quot;&gt;&lt;Description xml:lang=&quot;en&quot;&gt;20&lt;/Description&gt;&lt;Description xml:lang=&quot;fr&quot;&gt;20&lt;/Description&gt;&lt;/Code&gt;&lt;Code value=&quot;21&quot; parentCode=&quot;A20&quot;&gt;&lt;Description xml:lang=&quot;en&quot;&gt;21&lt;/Description&gt;&lt;Description xml:lang=&quot;fr&quot;&gt;21&lt;/Description&gt;&lt;/Code&gt;&lt;Code value=&quot;22&quot; parentCode=&quot;A20&quot;&gt;&lt;Description xml:lang=&quot;en&quot;&gt;22&lt;/Description&gt;&lt;Description xml:lang=&quot;fr&quot;&gt;22&lt;/Description&gt;&lt;/Code&gt;&lt;Code value=&quot;23&quot; parentCode=&quot;A20&quot;&gt;&lt;Description xml:lang=&quot;en&quot;&gt;23&lt;/Description&gt;&lt;Description xml:lang=&quot;fr&quot;&gt;23&lt;/Description&gt;&lt;/Code&gt;&lt;Code value=&quot;24&quot; parentCode=&quot;A20&quot;&gt;&lt;Description xml:lang=&quot;en&quot;&gt;24&lt;/Description&gt;&lt;Description xml:lang=&quot;fr&quot;&gt;24&lt;/Description&gt;&lt;/Code&gt;&lt;Code value=&quot;25&quot; parentCode=&quot;A25&quot;&gt;&lt;Description xml:lang=&quot;en&quot;&gt;25&lt;/Description&gt;&lt;Description xml:lang=&quot;fr&quot;&gt;25&lt;/Description&gt;&lt;/Code&gt;&lt;Code value=&quot;26&quot; parentCode=&quot;A25&quot;&gt;&lt;Description xml:lang=&quot;en&quot;&gt;26&lt;/Description&gt;&lt;Description xml:lang=&quot;fr&quot;&gt;26&lt;/Description&gt;&lt;/Code&gt;&lt;Code value=&quot;27&quot; parentCode=&quot;A25&quot;&gt;&lt;Description xml:lang=&quot;en&quot;&gt;27&lt;/Description&gt;&lt;Description xml:lang=&quot;fr&quot;&gt;27&lt;/Description&gt;&lt;/Code&gt;&lt;Code value=&quot;28&quot; parentCode=&quot;A25&quot;&gt;&lt;Description xml:lang=&quot;en&quot;&gt;28&lt;/Description&gt;&lt;Description xml:lang=&quot;fr&quot;&gt;28&lt;/Description&gt;&lt;/Code&gt;&lt;Code value=&quot;29&quot; parentCode=&quot;A25&quot;&gt;&lt;Description xml:lang=&quot;en&quot;&gt;29&lt;/Description&gt;&lt;Description xml:lang=&quot;fr&quot;&gt;29&lt;/Description&gt;&lt;/Code&gt;&lt;Code value=&quot;30&quot; parentCode=&quot;A30&quot;&gt;&lt;Description xml:lang=&quot;en&quot;&gt;30&lt;/Descrip
Input 1 does not match Pattern:[A-z][A-z0-9_\-]* for class:NCNameID
Input 3 does not match Pattern:[A-z][A-z0-9_\-]* for class:NCNameID
Input 2 does not match Pattern:[A-z][A-z0-9_\-]* for class:NCNameID
Loading Codelists
Codelist: ABS:CL_ATSI_BIRTHS_SUMM_MEASURE:1.0 already exists
Loading Concepts
Loading DataStructures
DS ABS:ATSI_BIRTHS_SUMM:1.0
Loading Dataflows
Loading Codelists
Codelist: ABS:CL_ATSI_FERTILITY_MEASURE:1.0 already exists
Loading Concepts
Loading DataStructures
DS ABS:ATSI_FERTILITY:1.0
Loading Dataflows
Loading Codelists
Codelist: ABS:CL_ALC_TYP:1.0 already exists
Loading Concepts
Loading DataStructures
DS ABS:ALC:1.0
Loading Dataflows
Loading Codelists
Codelist: ABS:CL_ABS_ACLD_LFSTATUS_SEX_ABS:1.0 already exists
Loading Concepts
Loading DataStructures
DS ABS:ABS_ACLD_LFSTATUS:1.0
Loading Dataflows
Loading Codelists
Codelist: ABS:CL_ABS_ACLD_TENURE_SEX_ABS:1.0 already exists
Loading Concepts
Loading DataStructures
DS ABS:ABS_ACLD_TENURE:1.0
Loading Dataflows
Loading Codelists
Codelist: ABS:CL_ABS_ACLD_UNPAIDASST_SEX_ABS:1.0 already exists
Loading Concepts
Loading DataStructures
DS ABS:ABS_ACLD_UNPAIDASST:1.0
Loading Dataflows
Loading Codelists
Codelist: ABS:CL_ABS_ACLD_VOLWORK_SEX_ABS:1.0 already exists
Loading Concepts
Loading DataStructures
DS ABS:ABS_ACLD_VOLWORK:1.0
Loading Dataflows
Loading Codelists
Codelist: ABS:CL_AMLPS_PART_2017_MEASURE:1.0 already exists
Loading Concepts
Loading DataStructures
DS ABS:AMLPS_PART_2017:1.0
Loading Dataflows
Loading Codelists
Codelist: ABS:CL_AMLPS_RESP_2017_RESPONSE_CAT:1.0 already exists
Loading Concepts
Loading DataStructures
DS ABS:AMLPS_RESP_2017:1.0
Loading Dataflows
Loading Codelists
Codelist: ABS:CL_ABS_CENSUS2011_B01_MEASURE:1.0 already exists
Loading Concepts
Loading DataStructures
DS ABS:ABS_CENSUS2011_B01:1.0
Loading Dataflows
Loading Codelists
Codelist: ABS:CL_ABS_CENSUS2011_B01_LGA_MEASURE:1.0 already exists
Loading Concepts
Loading DataStructures
DS ABS:ABS_CENSUS2011_B01_LGA:1.0
Loading Dataflows
Loading Codelists
Codelist: ABS:CL_ABS_CENSUS2011_B01_SA1_SA_MEASURE:1.0 already exists
Loading Concepts
Loading DataStructures
DS ABS:ABS_CENSUS2011_B01_SA1_SA:1.0
Loading Dataflows
Loading Codelists
Codelist: ABS:CL_ABS_CENSUS2011_B02_MEASURE:1.0 already exists
Loading Concepts
Loading DataStructures
DS ABS:ABS_CENSUS2011_B02:1.0
Loading Dataflows
Loading Codelists
Codelist: ABS:CL_ABS_CENSUS2011_B02_LGA_MEASURE:1.0 already exists
Loading Concepts
Loading DataStructures
DS ABS:ABS_CENSUS2011_B02_LGA:1.0
Loading Dataflows
Loading Codelists
Codelist: ABS:CL_ABS_CENSUS2011_B02_SA1_SA_MEASURE:1.0 already exists
Loading Concepts
Loading DataStructures
DS ABS:ABS_CENSUS2011_B02_SA1_SA:1.0
Loading Dataflows
Loading Codelists
Codelist: ABS:CL_ABS_CENSUS2011_B03_LGA_MEASURE:1.0 already exists
Loading Concepts
Loading DataStructures
DS ABS:ABS_CENSUS2011_B03_LGA:1.0
Loading Dataflows
Loading Codelists
Codelist: ABS:CL_ABS_CENSUS2011_B03_MEASURE:1.0 already exists
Loading Concepts
Loading DataStructures
DS ABS:ABS_CENSUS2011_B03:1.0
Loading Dataflows
Loading Codelists
Codelist: ABS:CL_ABS_CENSUS2011_B03_SA1_SA_MEASURE:1.0 already exists
Loading Concepts
Loading DataStructures
DS ABS:ABS_CENSUS2011_B03_SA1_SA:1.0
Loading Dataflows
Loading Codelists
Codelist: ABS:CL_ABS_CENSUS2011_B04_MEASURE:1.0 already exists
Loading Concepts
Loading DataStructures
DS ABS:ABS_CENSUS2011_B04:1.0
Loading Dataflows
Loading: B04 Age by Sex (LGA)
Header=&lt;message:Structure xmlns=&quot;http://www.SDMX.org/resources/SDMXML/schemas/v2_0/structure&quot; xmlns:common=&quot;http://www.SDMX.org/resources/SDMXML/schemas/v2_0/common&quot; xsi:schemaLocation=&quot;http://www.SDMX.org/resources/SDMXML/schemas/v2_0/structure http://www.sdmx.org/docs/2_0/SDMXStructure.xsd http://www.SDMX.org/resources/SDMXML/schemas/v2_0/message http://www.sdmx.org/docs/2_0/SDMXMessage.xsd&quot; xmlns:xsi=&quot;http://www.w3.org/2001/XMLSchema-instance&quot; xmlns:message=&quot;http://www.SDMX.org/resources/SDMXML/schemas/v2_0/message&quot;&gt;&lt;Header xmlns=&quot;http://www.SDMX.org/resources/SDMXML/schemas/v2_0/message&quot;&gt;&lt;ID&gt;none&lt;!--Statistical usage warning
ABS.Stat beta is continuing to be developed.  Data will be updated as soon as possible following its 11:30 am release on the ABS website.
--&gt;&lt;/ID&gt;&lt;Test&gt;false&lt;/Test&gt;&lt;Truncated&gt;false&lt;/Truncated&gt;&lt;Prepared&gt;2020-03-17T00:59:56&lt;/Prepared&gt;&lt;Sender id=&quot;ABS&quot;&gt;&lt;Name xml:lang=&quot;en&quot;&gt;Australian Bureau of Statistics&lt;/Name&gt;&lt;Name xml:lang=&quot;fr&quot;&gt;Australian Bureau of Statistics&lt;/Name&gt;&lt;/Sender&gt;&lt;/Header&gt;&lt;message:CodeLists&gt;&lt;CodeList id=&quot;CL_ABS_CENSUS2011_B04_LGA_MEASURE&quot; agencyID=&quot;ABS&quot;&gt;&lt;Name xml:lang=&quot;en&quot;&gt;Sex&lt;/Name&gt;&lt;Name xml:lang=&quot;fr&quot;&gt;Sex&lt;/Name&gt;&lt;Code value=&quot;1&quot; parentCode=&quot;3&quot;&gt;&lt;Description xml:lang=&quot;en&quot;&gt;Males&lt;/Description&gt;&lt;Description xml:lang=&quot;fr&quot;&gt;Males&lt;/Description&gt;&lt;/Code&gt;&lt;Code value=&quot;3&quot;&gt;&lt;Description xml:lang=&quot;en&quot;&gt;Persons&lt;/Description&gt;&lt;Description xml:lang=&quot;fr&quot;&gt;Persons&lt;/Description&gt;&lt;/Code&gt;&lt;Code value=&quot;2&quot; parentCode=&quot;3&quot;&gt;&lt;Description xml:lang=&quot;en&quot;&gt;Females&lt;/Description&gt;&lt;Description xml:lang=&quot;fr&quot;&gt;Females&lt;/Description&gt;&lt;/Code&gt;&lt;/CodeList&gt;&lt;CodeList id=&quot;CL_ABS_CENSUS2011_B04_LGA_AGE&quot; agencyID=&quot;ABS&quot;&gt;&lt;Name xml:lang=&quot;en&quot;&gt;Age&lt;/Name&gt;&lt;Name xml:lang=&quot;fr&quot;&gt;Age&lt;/Name&gt;&lt;Code value=&quot;A04&quot;&gt;&lt;Description xml:lang=&quot;en&quot;&gt;0 - 4&lt;/Description&gt;&lt;Description xml:lang=&quot;fr&quot;&gt;0 - 4&lt;/Description&gt;&lt;/Code&gt;&lt;Code value=&quot;A59&quot;&gt;&lt;Description xml:lang=&quot;en&quot;&gt;5 - 9&lt;/Description&gt;&lt;Description xml:lang=&quot;fr&quot;&gt;5 - 9&lt;/Description&gt;&lt;/Code&gt;&lt;Code value=&quot;A10&quot;&gt;&lt;Description xml:lang=&quot;en&quot;&gt;10 - 14&lt;/Description&gt;&lt;Description xml:lang=&quot;fr&quot;&gt;10 - 14&lt;/Description&gt;&lt;/Code&gt;&lt;Code value=&quot;A15&quot;&gt;&lt;Description xml:lang=&quot;en&quot;&gt;15 - 19&lt;/Description&gt;&lt;Description xml:lang=&quot;fr&quot;&gt;15 - 19&lt;/Description&gt;&lt;/Code&gt;&lt;Code value=&quot;A20&quot;&gt;&lt;Description xml:lang=&quot;en&quot;&gt;20 - 24&lt;/Description&gt;&lt;Description xml:lang=&quot;fr&quot;&gt;20 - 24&lt;/Description&gt;&lt;/Code&gt;&lt;Code value=&quot;A25&quot;&gt;&lt;Description xml:lang=&quot;en&quot;&gt;25 - 29&lt;/Description&gt;&lt;Description xml:lang=&quot;fr&quot;&gt;25 - 29&lt;/Description&gt;&lt;/Code&gt;&lt;Code value=&quot;A30&quot;&gt;&lt;Description xml:lang=&quot;en&quot;&gt;30 - 34&lt;/Description&gt;&lt;Description xml:lang=&quot;fr&quot;&gt;30 - 34&lt;/Description&gt;&lt;/Code&gt;&lt;Code value=&quot;A35&quot;&gt;&lt;Description xml:lang=&quot;en&quot;&gt;35 - 39&lt;/Description&gt;&lt;Description xml:lang=&quot;fr&quot;&gt;35 - 39&lt;/Description&gt;&lt;/Code&gt;&lt;Code value=&quot;A40&quot;&gt;&lt;Description xml:lang=&quot;en&quot;&gt;40 - 44&lt;/Description&gt;&lt;Description xml:lang=&quot;fr&quot;&gt;40 - 44&lt;/Description&gt;&lt;/Code&gt;&lt;Code value=&quot;A45&quot;&gt;&lt;Description xml:lang=&quot;en&quot;&gt;45 - 49&lt;/Description&gt;&lt;Description xml:lang=&quot;fr&quot;&gt;45 - 49&lt;/Description&gt;&lt;/Code&gt;&lt;Code value=&quot;A50&quot;&gt;&lt;Description xml:lang=&quot;en&quot;&gt;50 - 54&lt;/Description&gt;&lt;Description xml:lang=&quot;fr&quot;&gt;50 - 54&lt;/Description&gt;&lt;/Code&gt;&lt;Code value=&quot;A55&quot;&gt;&lt;Description xml:lang=&quot;en&quot;&gt;55 - 59&lt;/Description&gt;&lt;Description xml:lang=&quot;fr&quot;&gt;55 - 59&lt;/Description&gt;&lt;/Code&gt;&lt;Code value=&quot;A60&quot;&gt;&lt;Description xml:lang=&quot;en&quot;&gt;60 - 64&lt;/Description&gt;&lt;Description xml:lang=&quot;fr&quot;&gt;60 - 64&lt;/Description&gt;&lt;/Code&gt;&lt;Code value=&quot;A65&quot;&gt;&lt;Description xml:lang=&quot;en&quot;&gt;65 - 69&lt;/Description&gt;&lt;Description xml:lang=&quot;fr&quot;&gt;65 - 69&lt;/Description&gt;&lt;/Code&gt;&lt;Code value=&quot;A70&quot;&gt;&lt;Description xml:lang=&quot;en&quot;&gt;70 - 74&lt;/Description&gt;&lt;Description xml:lang=&quot;fr&quot;&gt;70 - 74&lt;/Description&gt;&lt;/Code&gt;&lt;Code value=&quot;A75&quot;&gt;&lt;Description xml:lang=&quot;en&quot;&gt;75 - 79&lt;/Description&gt;&lt;Description xml:lang=&quot;fr&quot;&gt;75 - 79&lt;/Description&gt;&lt;/Code&gt;&lt;Code value=&quot;A80&quot;&gt;&lt;Description xml:lang=&quot;en&quot;&gt;80 - 84&lt;/Description&gt;&lt;Description xml:lang=&quot;fr&quot;&gt;80 - 84&lt;/Description&gt;&lt;/Code&gt;&lt;Code value=&quot;A85&quot;&gt;&lt;Description xml:lang=&quot;en&quot;&gt;85 - 89&lt;/Description&gt;&lt;Description xml:lang=&quot;fr&quot;&gt;85 - 89&lt;/Description&gt;&lt;/Code&gt;&lt;Code value=&quot;A90&quot;&gt;&lt;Description xml:lang=&quot;en&quot;&gt;90 - 94&lt;/Description&gt;&lt;Description xml:lang=&quot;fr&quot;&gt;90 - 94&lt;/Description&gt;&lt;/Code&gt;&lt;Code value=&quot;A95&quot;&gt;&lt;Description xml:lang=&quot;en&quot;&gt;95 - 99&lt;/Description&gt;&lt;Description xml:lang=&quot;fr&quot;&gt;95 - 99&lt;/Description&gt;&lt;/Code&gt;&lt;Code value=&quot;A100&quot;&gt;&lt;Description xml:lang=&quot;en&quot;&gt;100 years and over&lt;/Description&gt;&lt;Description xml:lang=&quot;fr&quot;&gt;100 years and over&lt;/Description&gt;&lt;/Code&gt;&lt;Code value=&quot;TT&quot;&gt;&lt;Description xml:lang=&quot;en&quot;&gt;All ages&lt;/Description&gt;&lt;Description xml:lang=&quot;fr&quot;&gt;All ages&lt;/Description&gt;&lt;/Code&gt;&lt;Code value=&quot;0&quot; parentCode=&quot;A04&quot;&gt;&lt;Description xml:lang=&quot;en&quot;&gt;0&lt;/Description&gt;&lt;Description xml:lang=&quot;fr&quot;&gt;0&lt;/Description&gt;&lt;/Code&gt;&lt;Code value=&quot;1&quot; parentCode=&quot;A04&quot;&gt;&lt;Description xml:lang=&quot;en&quot;&gt;1&lt;/Description&gt;&lt;Description xml:lang=&quot;fr&quot;&gt;1&lt;/Description&gt;&lt;/Code&gt;&lt;Code value=&quot;2&quot; parentCode=&quot;A04&quot;&gt;&lt;Description xml:lang=&quot;en&quot;&gt;2&lt;/Description&gt;&lt;Description xml:lang=&quot;fr&quot;&gt;2&lt;/Description&gt;&lt;/Code&gt;&lt;Code value=&quot;3&quot; parentCode=&quot;A04&quot;&gt;&lt;Description xml:lang=&quot;en&quot;&gt;3&lt;/Description&gt;&lt;Description xml:lang=&quot;fr&quot;&gt;3&lt;/Description&gt;&lt;/Code&gt;&lt;Code value=&quot;4&quot; parentCode=&quot;A04&quot;&gt;&lt;Description xml:lang=&quot;en&quot;&gt;4&lt;/Description&gt;&lt;Description xml:lang=&quot;fr&quot;&gt;4&lt;/Description&gt;&lt;/Code&gt;&lt;Code value=&quot;5&quot; parentCode=&quot;A59&quot;&gt;&lt;Description xml:lang=&quot;en&quot;&gt;5&lt;/Description&gt;&lt;Description xml:lang=&quot;fr&quot;&gt;5&lt;/Description&gt;&lt;/Code&gt;&lt;Code value=&quot;6&quot; parentCode=&quot;A59&quot;&gt;&lt;Description xml:lang=&quot;en&quot;&gt;6&lt;/Description&gt;&lt;Description xml:lang=&quot;fr&quot;&gt;6&lt;/Description&gt;&lt;/Code&gt;&lt;Code value=&quot;7&quot; parentCode=&quot;A59&quot;&gt;&lt;Description xml:lang=&quot;en&quot;&gt;7&lt;/Description&gt;&lt;Description xml:lang=&quot;fr&quot;&gt;7&lt;/Description&gt;&lt;/Code&gt;&lt;Code value=&quot;8&quot; parentCode=&quot;A59&quot;&gt;&lt;Description xml:lang=&quot;en&quot;&gt;8&lt;/Description&gt;&lt;Description xml:lang=&quot;fr&quot;&gt;8&lt;/Description&gt;&lt;/Code&gt;&lt;Code value=&quot;9&quot; parentCode=&quot;A59&quot;&gt;&lt;Description xml:lang=&quot;en&quot;&gt;9&lt;/Description&gt;&lt;Description xml:lang=&quot;fr&quot;&gt;9&lt;/Description&gt;&lt;/Code&gt;&lt;Code value=&quot;10&quot; parentCode=&quot;A10&quot;&gt;&lt;Description xml:lang=&quot;en&quot;&gt;10&lt;/Description&gt;&lt;Description xml:lang=&quot;fr&quot;&gt;10&lt;/Description&gt;&lt;/Code&gt;&lt;Code value=&quot;11&quot; parentCode=&quot;A10&quot;&gt;&lt;Description xml:lang=&quot;en&quot;&gt;11&lt;/Description&gt;&lt;Description xml:lang=&quot;fr&quot;&gt;11&lt;/Description&gt;&lt;/Code&gt;&lt;Code value=&quot;12&quot; parentCode=&quot;A10&quot;&gt;&lt;Description xml:lang=&quot;en&quot;&gt;12&lt;/Description&gt;&lt;Description xml:lang=&quot;fr&quot;&gt;12&lt;/Description&gt;&lt;/Code&gt;&lt;Code value=&quot;13&quot; parentCode=&quot;A10&quot;&gt;&lt;Description xml:lang=&quot;en&quot;&gt;13&lt;/Description&gt;&lt;Description xml:lang=&quot;fr&quot;&gt;13&lt;/Description&gt;&lt;/Code&gt;&lt;Code value=&quot;14&quot; parentCode=&quot;A10&quot;&gt;&lt;Description xml:lang=&quot;en&quot;&gt;14&lt;/Description&gt;&lt;Description xml:lang=&quot;fr&quot;&gt;14&lt;/Description&gt;&lt;/Code&gt;&lt;Code value=&quot;15&quot; parentCode=&quot;A15&quot;&gt;&lt;Description xml:lang=&quot;en&quot;&gt;15&lt;/Description&gt;&lt;Description xml:lang=&quot;fr&quot;&gt;15&lt;/Description&gt;&lt;/Code&gt;&lt;Code value=&quot;16&quot; parentCode=&quot;A15&quot;&gt;&lt;Description xml:lang=&quot;en&quot;&gt;16&lt;/Description&gt;&lt;Description xml:lang=&quot;fr&quot;&gt;16&lt;/Description&gt;&lt;/Code&gt;&lt;Code value=&quot;17&quot; parentCode=&quot;A15&quot;&gt;&lt;Description xml:lang=&quot;en&quot;&gt;17&lt;/Description&gt;&lt;Description xml:lang=&quot;fr&quot;&gt;17&lt;/Description&gt;&lt;/Code&gt;&lt;Code value=&quot;18&quot; parentCode=&quot;A15&quot;&gt;&lt;Description xml:lang=&quot;en&quot;&gt;18&lt;/Description&gt;&lt;Description xml:lang=&quot;fr&quot;&gt;18&lt;/Description&gt;&lt;/Code&gt;&lt;Code value=&quot;19&quot; parentCode=&quot;A15&quot;&gt;&lt;Description xml:lang=&quot;en&quot;&gt;19&lt;/Description&gt;&lt;Description xml:lang=&quot;fr&quot;&gt;19&lt;/Description&gt;&lt;/Code&gt;&lt;Code value=&quot;20&quot; parentCode=&quot;A20&quot;&gt;&lt;Description xml:lang=&quot;en&quot;&gt;20&lt;/Description&gt;&lt;Description xml:lang=&quot;fr&quot;&gt;20&lt;/Description&gt;&lt;/Code&gt;&lt;Code value=&quot;21&quot; parentCode=&quot;A20&quot;&gt;&lt;Description xml:lang=&quot;en&quot;&gt;21&lt;/Description&gt;&lt;Description xml:lang=&quot;fr&quot;&gt;21&lt;/Description&gt;&lt;/Code&gt;&lt;Code value=&quot;22&quot; parentCode=&quot;A20&quot;&gt;&lt;Description xml:lang=&quot;en&quot;&gt;22&lt;/Description&gt;&lt;Description xml:lang=&quot;fr&quot;&gt;22&lt;/Description&gt;&lt;/Code&gt;&lt;Code value=&quot;23&quot; parentCode=&quot;A20&quot;&gt;&lt;Description xml:lang=&quot;en&quot;&gt;23&lt;/Description&gt;&lt;Description xml:lang=&quot;fr&quot;&gt;23&lt;/Description&gt;&lt;/Code&gt;&lt;Code value=&quot;24&quot; parentCode=&quot;A20&quot;&gt;&lt;Description xml:lang=&quot;en&quot;&gt;24&lt;/Description&gt;&lt;Description xml:lang=&quot;fr&quot;&gt;24&lt;/Description&gt;&lt;/Code&gt;&lt;Code value=&quot;25&quot; parentCode=&quot;A25&quot;&gt;&lt;Description xml:lang=&quot;en&quot;&gt;25&lt;/Description&gt;&lt;Description xml:lang=&quot;fr&quot;&gt;25&lt;/Description&gt;&lt;/Code&gt;&lt;Code value=&quot;26&quot; parentCode=&quot;A25&quot;&gt;&lt;Description xml:lang=&quot;en&quot;&gt;26&lt;/Description&gt;&lt;Description xml:lang=&quot;fr&quot;&gt;26&lt;/Description&gt;&lt;/Code&gt;&lt;Code value=&quot;27&quot; parentCode=&quot;A25&quot;&gt;&lt;Description xml:lang=&quot;en&quot;&gt;27&lt;/Description&gt;&lt;Description xml:lang=&quot;fr&quot;&gt;27&lt;/Description&gt;&lt;/Code&gt;&lt;Code value=&quot;28&quot; parentCode=&quot;A25&quot;&gt;&lt;Description xml:lang=&quot;en&quot;&gt;28&lt;/Description&gt;&lt;Description xml:lang=&quot;fr&quot;&gt;28&lt;/Description&gt;&lt;/Code&gt;&lt;Code value=&quot;29&quot; parentCode=&quot;A25&quot;&gt;&lt;Description xml:lang=&quot;en&quot;&gt;29&lt;/Description&gt;&lt;Description xml:lang=&quot;fr&quot;&gt;29&lt;/Description&gt;&lt;/Code&gt;&lt;Code value=&quot;30&quot; parentCode=&quot;A30&quot;&gt;&lt;Description xml:lang=&quot;en&quot;&gt;30&lt;
Input 1 does not match Pattern:[A-z][A-z0-9_\-]* for class:NCNameID
Input 3 does not match Pattern:[A-z][A-z0-9_\-]* for class:NCNameID
Input 2 does not match Pattern:[A-z][A-z0-9_\-]* for class:NCNameID
Loading Codelists
Codelist: ABS:CL_ATSI_BIRTHS_SUMM_MEASURE:1.0 already exists
Loading Concepts
Loading DataStructures
DS ABS:ATSI_BIRTHS_SUMM:1.0
Loading Dataflows
Loading Codelists
Codelist: ABS:CL_ATSI_FERTILITY_MEASURE:1.0 already exists
Loading Concepts
Loading DataStructures
DS ABS:ATSI_FERTILITY:1.0
Loading Dataflows
Loading Codelists
Codelist: ABS:CL_ALC_TYP:1.0 already exists
Loading Concepts
Loading DataStructures
DS ABS:ALC:1.0
Loading Dataflows
Loading Codelists
Codelist: ABS:CL_ABS_ACLD_LFSTATUS_SEX_ABS:1.0 already exists
Loading Concepts
Loading DataStructures
DS ABS:ABS_ACLD_LFSTATUS:1.0
Loading Dataflows
Loading Codelists
Codelist: ABS:CL_ABS_ACLD_TENURE_SEX_ABS:1.0 already exists
Loading Concepts
Loading DataStructures
DS ABS:ABS_ACLD_TENURE:1.0
Loading Dataflows
Loading Codelists
Codelist: ABS:CL_ABS_ACLD_UNPAIDASST_SEX_ABS:1.0 already exists
Loading Concepts
Loading DataStructures
DS ABS:ABS_ACLD_UNPAIDASST:1.0
Loading Dataflows
Loading Codelists
Codelist: ABS:CL_ABS_ACLD_VOLWORK_SEX_ABS:1.0 already exists
Loading Concepts
Loading DataStructures
DS ABS:ABS_ACLD_VOLWORK:1.0
Loading Dataflows
Loading Codelists
Codelist: ABS:CL_AMLPS_PART_2017_MEASURE:1.0 already exists
Loading Concepts
Loading DataStructures
DS ABS:AMLPS_PART_2017:1.0
Loading Dataflows
Loading Codelists
Codelist: ABS:CL_AMLPS_RESP_2017_RESPONSE_CAT:1.0 already exists
Loading Concepts
Loading DataStructures
DS ABS:AMLPS_RESP_2017:1.0
Loading Dataflows
Loading Codelists
Codelist: ABS:CL_ABS_CENSUS2011_B01_MEASURE:1.0 already exists
Loading Concepts
Loading DataStructures
DS ABS:ABS_CENSUS2011_B01:1.0
Loading Dataflows
Loading Codelists
Codelist: ABS:CL_ABS_CENSUS2011_B01_LGA_MEASURE:1.0 already exists
Loading Concepts
Loading DataStructures
DS ABS:ABS_CENSUS2011_B01_LGA:1.0
Loading Dataflows
Loading Codelists
Codelist: ABS:CL_ABS_CENSUS2011_B01_SA1_SA_MEASURE:1.0 already exists
Loading Concepts
Loading DataStructures
DS ABS:ABS_CENSUS2011_B01_SA1_SA:1.0
Loading Dataflows
Loading Codelists
Codelist: ABS:CL_ABS_CENSUS2011_B02_MEASURE:1.0 already exists
Loading Concepts
Loading DataStructures
DS ABS:ABS_CENSUS2011_B02:1.0
Loading Dataflows
Loading Codelists
Codelist: ABS:CL_ABS_CENSUS2011_B02_LGA_MEASURE:1.0 already exists
Loading Concepts
Loading DataStructures
DS ABS:ABS_CENSUS2011_B02_LGA:1.0
Loading Dataflows
Loading Codelists
Codelist: ABS:CL_ABS_CENSUS2011_B02_SA1_SA_MEASURE:1.0 already exists
Loading Concepts
Loading DataStructures
DS ABS:ABS_CENSUS2011_B02_SA1_SA:1.0
Loading Dataflows
Loading Codelists
Codelist: ABS:CL_ABS_CENSUS2011_B03_LGA_MEASURE:1.0 already exists
Loading Concepts
Loading DataStructures
DS ABS:ABS_CENSUS2011_B03_LGA:1.0
Loading Dataflows
Loading Codelists
Codelist: ABS:CL_ABS_CENSUS2011_B03_MEASURE:1.0 already exists
Loading Concepts
Loading DataStructures
DS ABS:ABS_CENSUS2011_B03:1.0
Loading Dataflows
Loading Codelists
Codelist: ABS:CL_ABS_CENSUS2011_B03_SA1_SA_MEASURE:1.0 already exists
Loading Concepts
Loading DataStructures
DS ABS:ABS_CENSUS2011_B03_SA1_SA:1.0
Loading Dataflows
Loading Codelists
Codelist: ABS:CL_ABS_CENSUS2011_B04_MEASURE:1.0 already exists
Loading Concepts
Loading DataStructures
DS ABS:ABS_CENSUS2011_B04:1.0
Loading Dataflows
Loading Codelists
Codelist: ABS:CL_ABS_CENSUS2011_B04_LGA_MEASURE:1.0 already exists
Loading Concepts
Loading DataStructures
DS ABS:ABS_CENSUS2011_B04_LGA:1.0
Loading Dataflows
Loading: B04 Age by Sex(SA1 SA)
Header=&lt;message:Structure xmlns=&quot;http://www.SDMX.org/resources/SDMXML/schemas/v2_0/structure&quot; xmlns:common=&quot;http://www.SDMX.org/resources/SDMXML/schemas/v2_0/common&quot; xsi:schemaLocation=&quot;http://www.SDMX.org/resources/SDMXML/schemas/v2_0/structure http://www.sdmx.org/docs/2_0/SDMXStructure.xsd http://www.SDMX.org/resources/SDMXML/schemas/v2_0/message http://www.sdmx.org/docs/2_0/SDMXMessage.xsd&quot; xmlns:xsi=&quot;http://www.w3.org/2001/XMLSchema-instance&quot; xmlns:message=&quot;http://www.SDMX.org/resources/SDMXML/schemas/v2_0/message&quot;&gt;&lt;Header xmlns=&quot;http://www.SDMX.org/resources/SDMXML/schemas/v2_0/message&quot;&gt;&lt;ID&gt;none&lt;!--Statistical usage warning
ABS.Stat beta is continuing to be developed.  Data will be updated as soon as possible following its 11:30 am release on the ABS website.
--&gt;&lt;/ID&gt;&lt;Test&gt;false&lt;/Test&gt;&lt;Truncated&gt;false&lt;/Truncated&gt;&lt;Prepared&gt;2020-03-17T00:59:57&lt;/Prepared&gt;&lt;Sender id=&quot;ABS&quot;&gt;&lt;Name xml:lang=&quot;en&quot;&gt;Australian Bureau of Statistics&lt;/Name&gt;&lt;Name xml:lang=&quot;fr&quot;&gt;Australian Bureau of Statistics&lt;/Name&gt;&lt;/Sender&gt;&lt;/Header&gt;&lt;message:CodeLists&gt;&lt;CodeList id=&quot;CL_ABS_CENSUS2011_B04_SA1_SA_MEASURE&quot; agencyID=&quot;ABS&quot;&gt;&lt;Name xml:lang=&quot;en&quot;&gt;Sex&lt;/Name&gt;&lt;Name xml:lang=&quot;fr&quot;&gt;Sex&lt;/Name&gt;&lt;Code value=&quot;1&quot; parentCode=&quot;3&quot;&gt;&lt;Description xml:lang=&quot;en&quot;&gt;Males&lt;/Description&gt;&lt;Description xml:lang=&quot;fr&quot;&gt;Males&lt;/Description&gt;&lt;/Code&gt;&lt;Code value=&quot;3&quot;&gt;&lt;Description xml:lang=&quot;en&quot;&gt;Persons&lt;/Description&gt;&lt;Description xml:lang=&quot;fr&quot;&gt;Persons&lt;/Description&gt;&lt;/Code&gt;&lt;Code value=&quot;2&quot; parentCode=&quot;3&quot;&gt;&lt;Description xml:lang=&quot;en&quot;&gt;Females&lt;/Description&gt;&lt;Description xml:lang=&quot;fr&quot;&gt;Females&lt;/Description&gt;&lt;/Code&gt;&lt;/CodeList&gt;&lt;CodeList id=&quot;CL_ABS_CENSUS2011_B04_SA1_SA_AGE&quot; agencyID=&quot;ABS&quot;&gt;&lt;Name xml:lang=&quot;en&quot;&gt;Age&lt;/Name&gt;&lt;Name xml:lang=&quot;fr&quot;&gt;Age&lt;/Name&gt;&lt;Code value=&quot;A04&quot;&gt;&lt;Description xml:lang=&quot;en&quot;&gt;0 - 4&lt;/Description&gt;&lt;Description xml:lang=&quot;fr&quot;&gt;0 - 4&lt;/Description&gt;&lt;/Code&gt;&lt;Code value=&quot;A59&quot;&gt;&lt;Description xml:lang=&quot;en&quot;&gt;5 - 9&lt;/Description&gt;&lt;Description xml:lang=&quot;fr&quot;&gt;5 - 9&lt;/Description&gt;&lt;/Code&gt;&lt;Code value=&quot;A10&quot;&gt;&lt;Description xml:lang=&quot;en&quot;&gt;10 - 14&lt;/Description&gt;&lt;Description xml:lang=&quot;fr&quot;&gt;10 - 14&lt;/Description&gt;&lt;/Code&gt;&lt;Code value=&quot;A15&quot;&gt;&lt;Description xml:lang=&quot;en&quot;&gt;15 - 19&lt;/Description&gt;&lt;Description xml:lang=&quot;fr&quot;&gt;15 - 19&lt;/Description&gt;&lt;/Code&gt;&lt;Code value=&quot;A20&quot;&gt;&lt;Description xml:lang=&quot;en&quot;&gt;20 - 24&lt;/Description&gt;&lt;Description xml:lang=&quot;fr&quot;&gt;20 - 24&lt;/Description&gt;&lt;/Code&gt;&lt;Code value=&quot;A25&quot;&gt;&lt;Description xml:lang=&quot;en&quot;&gt;25 - 29&lt;/Description&gt;&lt;Description xml:lang=&quot;fr&quot;&gt;25 - 29&lt;/Description&gt;&lt;/Code&gt;&lt;Code value=&quot;A30&quot;&gt;&lt;Description xml:lang=&quot;en&quot;&gt;30 - 34&lt;/Description&gt;&lt;Description xml:lang=&quot;fr&quot;&gt;30 - 34&lt;/Description&gt;&lt;/Code&gt;&lt;Code value=&quot;A35&quot;&gt;&lt;Description xml:lang=&quot;en&quot;&gt;35 - 39&lt;/Description&gt;&lt;Description xml:lang=&quot;fr&quot;&gt;35 - 39&lt;/Description&gt;&lt;/Code&gt;&lt;Code value=&quot;A40&quot;&gt;&lt;Description xml:lang=&quot;en&quot;&gt;40 - 44&lt;/Description&gt;&lt;Description xml:lang=&quot;fr&quot;&gt;40 - 44&lt;/Description&gt;&lt;/Code&gt;&lt;Code value=&quot;A45&quot;&gt;&lt;Description xml:lang=&quot;en&quot;&gt;45 - 49&lt;/Description&gt;&lt;Description xml:lang=&quot;fr&quot;&gt;45 - 49&lt;/Description&gt;&lt;/Code&gt;&lt;Code value=&quot;A50&quot;&gt;&lt;Description xml:lang=&quot;en&quot;&gt;50 - 54&lt;/Description&gt;&lt;Description xml:lang=&quot;fr&quot;&gt;50 - 54&lt;/Description&gt;&lt;/Code&gt;&lt;Code value=&quot;A55&quot;&gt;&lt;Description xml:lang=&quot;en&quot;&gt;55 - 59&lt;/Description&gt;&lt;Description xml:lang=&quot;fr&quot;&gt;55 - 59&lt;/Description&gt;&lt;/Code&gt;&lt;Code value=&quot;A60&quot;&gt;&lt;Description xml:lang=&quot;en&quot;&gt;60 - 64&lt;/Description&gt;&lt;Description xml:lang=&quot;fr&quot;&gt;60 - 64&lt;/Description&gt;&lt;/Code&gt;&lt;Code value=&quot;A65&quot;&gt;&lt;Description xml:lang=&quot;en&quot;&gt;65 - 69&lt;/Description&gt;&lt;Description xml:lang=&quot;fr&quot;&gt;65 - 69&lt;/Description&gt;&lt;/Code&gt;&lt;Code value=&quot;A70&quot;&gt;&lt;Description xml:lang=&quot;en&quot;&gt;70 - 74&lt;/Description&gt;&lt;Description xml:lang=&quot;fr&quot;&gt;70 - 74&lt;/Description&gt;&lt;/Code&gt;&lt;Code value=&quot;A75&quot;&gt;&lt;Description xml:lang=&quot;en&quot;&gt;75 - 79&lt;/Description&gt;&lt;Description xml:lang=&quot;fr&quot;&gt;75 - 79&lt;/Description&gt;&lt;/Code&gt;&lt;Code value=&quot;A80&quot;&gt;&lt;Description xml:lang=&quot;en&quot;&gt;80 - 84&lt;/Description&gt;&lt;Description xml:lang=&quot;fr&quot;&gt;80 - 84&lt;/Description&gt;&lt;/Code&gt;&lt;Code value=&quot;A85&quot;&gt;&lt;Description xml:lang=&quot;en&quot;&gt;85 - 89&lt;/Description&gt;&lt;Description xml:lang=&quot;fr&quot;&gt;85 - 89&lt;/Description&gt;&lt;/Code&gt;&lt;Code value=&quot;A90&quot;&gt;&lt;Description xml:lang=&quot;en&quot;&gt;90 - 94&lt;/Description&gt;&lt;Description xml:lang=&quot;fr&quot;&gt;90 - 94&lt;/Description&gt;&lt;/Code&gt;&lt;Code value=&quot;A95&quot;&gt;&lt;Description xml:lang=&quot;en&quot;&gt;95 - 99&lt;/Description&gt;&lt;Description xml:lang=&quot;fr&quot;&gt;95 - 99&lt;/Description&gt;&lt;/Code&gt;&lt;Code value=&quot;A100&quot;&gt;&lt;Description xml:lang=&quot;en&quot;&gt;100 years and over&lt;/Description&gt;&lt;Description xml:lang=&quot;fr&quot;&gt;100 years and over&lt;/Description&gt;&lt;/Code&gt;&lt;Code value=&quot;TT&quot;&gt;&lt;Description xml:lang=&quot;en&quot;&gt;All ages&lt;/Description&gt;&lt;Description xml:lang=&quot;fr&quot;&gt;All ages&lt;/Description&gt;&lt;/Code&gt;&lt;Code value=&quot;0&quot; parentCode=&quot;A04&quot;&gt;&lt;Description xml:lang=&quot;en&quot;&gt;0&lt;/Description&gt;&lt;Description xml:lang=&quot;fr&quot;&gt;0&lt;/Description&gt;&lt;/Code&gt;&lt;Code value=&quot;1&quot; parentCode=&quot;A04&quot;&gt;&lt;Description xml:lang=&quot;en&quot;&gt;1&lt;/Description&gt;&lt;Description xml:lang=&quot;fr&quot;&gt;1&lt;/Description&gt;&lt;/Code&gt;&lt;Code value=&quot;2&quot; parentCode=&quot;A04&quot;&gt;&lt;Description xml:lang=&quot;en&quot;&gt;2&lt;/Description&gt;&lt;Description xml:lang=&quot;fr&quot;&gt;2&lt;/Description&gt;&lt;/Code&gt;&lt;Code value=&quot;3&quot; parentCode=&quot;A04&quot;&gt;&lt;Description xml:lang=&quot;en&quot;&gt;3&lt;/Description&gt;&lt;Description xml:lang=&quot;fr&quot;&gt;3&lt;/Description&gt;&lt;/Code&gt;&lt;Code value=&quot;4&quot; parentCode=&quot;A04&quot;&gt;&lt;Description xml:lang=&quot;en&quot;&gt;4&lt;/Description&gt;&lt;Description xml:lang=&quot;fr&quot;&gt;4&lt;/Description&gt;&lt;/Code&gt;&lt;Code value=&quot;5&quot; parentCode=&quot;A59&quot;&gt;&lt;Description xml:lang=&quot;en&quot;&gt;5&lt;/Description&gt;&lt;Description xml:lang=&quot;fr&quot;&gt;5&lt;/Description&gt;&lt;/Code&gt;&lt;Code value=&quot;6&quot; parentCode=&quot;A59&quot;&gt;&lt;Description xml:lang=&quot;en&quot;&gt;6&lt;/Description&gt;&lt;Description xml:lang=&quot;fr&quot;&gt;6&lt;/Description&gt;&lt;/Code&gt;&lt;Code value=&quot;7&quot; parentCode=&quot;A59&quot;&gt;&lt;Description xml:lang=&quot;en&quot;&gt;7&lt;/Description&gt;&lt;Description xml:lang=&quot;fr&quot;&gt;7&lt;/Description&gt;&lt;/Code&gt;&lt;Code value=&quot;8&quot; parentCode=&quot;A59&quot;&gt;&lt;Description xml:lang=&quot;en&quot;&gt;8&lt;/Description&gt;&lt;Description xml:lang=&quot;fr&quot;&gt;8&lt;/Description&gt;&lt;/Code&gt;&lt;Code value=&quot;9&quot; parentCode=&quot;A59&quot;&gt;&lt;Description xml:lang=&quot;en&quot;&gt;9&lt;/Description&gt;&lt;Description xml:lang=&quot;fr&quot;&gt;9&lt;/Description&gt;&lt;/Code&gt;&lt;Code value=&quot;10&quot; parentCode=&quot;A10&quot;&gt;&lt;Description xml:lang=&quot;en&quot;&gt;10&lt;/Description&gt;&lt;Description xml:lang=&quot;fr&quot;&gt;10&lt;/Description&gt;&lt;/Code&gt;&lt;Code value=&quot;11&quot; parentCode=&quot;A10&quot;&gt;&lt;Description xml:lang=&quot;en&quot;&gt;11&lt;/Description&gt;&lt;Description xml:lang=&quot;fr&quot;&gt;11&lt;/Description&gt;&lt;/Code&gt;&lt;Code value=&quot;12&quot; parentCode=&quot;A10&quot;&gt;&lt;Description xml:lang=&quot;en&quot;&gt;12&lt;/Description&gt;&lt;Description xml:lang=&quot;fr&quot;&gt;12&lt;/Description&gt;&lt;/Code&gt;&lt;Code value=&quot;13&quot; parentCode=&quot;A10&quot;&gt;&lt;Description xml:lang=&quot;en&quot;&gt;13&lt;/Description&gt;&lt;Description xml:lang=&quot;fr&quot;&gt;13&lt;/Description&gt;&lt;/Code&gt;&lt;Code value=&quot;14&quot; parentCode=&quot;A10&quot;&gt;&lt;Description xml:lang=&quot;en&quot;&gt;14&lt;/Description&gt;&lt;Description xml:lang=&quot;fr&quot;&gt;14&lt;/Description&gt;&lt;/Code&gt;&lt;Code value=&quot;15&quot; parentCode=&quot;A15&quot;&gt;&lt;Description xml:lang=&quot;en&quot;&gt;15&lt;/Description&gt;&lt;Description xml:lang=&quot;fr&quot;&gt;15&lt;/Description&gt;&lt;/Code&gt;&lt;Code value=&quot;16&quot; parentCode=&quot;A15&quot;&gt;&lt;Description xml:lang=&quot;en&quot;&gt;16&lt;/Description&gt;&lt;Description xml:lang=&quot;fr&quot;&gt;16&lt;/Description&gt;&lt;/Code&gt;&lt;Code value=&quot;17&quot; parentCode=&quot;A15&quot;&gt;&lt;Description xml:lang=&quot;en&quot;&gt;17&lt;/Description&gt;&lt;Description xml:lang=&quot;fr&quot;&gt;17&lt;/Description&gt;&lt;/Code&gt;&lt;Code value=&quot;18&quot; parentCode=&quot;A15&quot;&gt;&lt;Description xml:lang=&quot;en&quot;&gt;18&lt;/Description&gt;&lt;Description xml:lang=&quot;fr&quot;&gt;18&lt;/Description&gt;&lt;/Code&gt;&lt;Code value=&quot;19&quot; parentCode=&quot;A15&quot;&gt;&lt;Description xml:lang=&quot;en&quot;&gt;19&lt;/Description&gt;&lt;Description xml:lang=&quot;fr&quot;&gt;19&lt;/Description&gt;&lt;/Code&gt;&lt;Code value=&quot;20&quot; parentCode=&quot;A20&quot;&gt;&lt;Description xml:lang=&quot;en&quot;&gt;20&lt;/Description&gt;&lt;Description xml:lang=&quot;fr&quot;&gt;20&lt;/Description&gt;&lt;/Code&gt;&lt;Code value=&quot;21&quot; parentCode=&quot;A20&quot;&gt;&lt;Description xml:lang=&quot;en&quot;&gt;21&lt;/Description&gt;&lt;Description xml:lang=&quot;fr&quot;&gt;21&lt;/Description&gt;&lt;/Code&gt;&lt;Code value=&quot;22&quot; parentCode=&quot;A20&quot;&gt;&lt;Description xml:lang=&quot;en&quot;&gt;22&lt;/Description&gt;&lt;Description xml:lang=&quot;fr&quot;&gt;22&lt;/Description&gt;&lt;/Code&gt;&lt;Code value=&quot;23&quot; parentCode=&quot;A20&quot;&gt;&lt;Description xml:lang=&quot;en&quot;&gt;23&lt;/Description&gt;&lt;Description xml:lang=&quot;fr&quot;&gt;23&lt;/Description&gt;&lt;/Code&gt;&lt;Code value=&quot;24&quot; parentCode=&quot;A20&quot;&gt;&lt;Description xml:lang=&quot;en&quot;&gt;24&lt;/Description&gt;&lt;Description xml:lang=&quot;fr&quot;&gt;24&lt;/Description&gt;&lt;/Code&gt;&lt;Code value=&quot;25&quot; parentCode=&quot;A25&quot;&gt;&lt;Description xml:lang=&quot;en&quot;&gt;25&lt;/Description&gt;&lt;Description xml:lang=&quot;fr&quot;&gt;25&lt;/Description&gt;&lt;/Code&gt;&lt;Code value=&quot;26&quot; parentCode=&quot;A25&quot;&gt;&lt;Description xml:lang=&quot;en&quot;&gt;26&lt;/Description&gt;&lt;Description xml:lang=&quot;fr&quot;&gt;26&lt;/Description&gt;&lt;/Code&gt;&lt;Code value=&quot;27&quot; parentCode=&quot;A25&quot;&gt;&lt;Description xml:lang=&quot;en&quot;&gt;27&lt;/Description&gt;&lt;Description xml:lang=&quot;fr&quot;&gt;27&lt;/Description&gt;&lt;/Code&gt;&lt;Code value=&quot;28&quot; parentCode=&quot;A25&quot;&gt;&lt;Description xml:lang=&quot;en&quot;&gt;28&lt;/Description&gt;&lt;Description xml:lang=&quot;fr&quot;&gt;28&lt;/Description&gt;&lt;/Code&gt;&lt;Code value=&quot;29&quot; parentCode=&quot;A25&quot;&gt;&lt;Description xml:lang=&quot;en&quot;&gt;29&lt;/Description&gt;&lt;Description xml:lang=&quot;fr&quot;&gt;29&lt;/Description&gt;&lt;/Code&gt;&lt;Code value=&quot;30&quot; parentCode=&quot;A30&quot;&gt;&lt;Description xml:lang=&quot;e
Input 1 does not match Pattern:[A-z][A-z0-9_\-]* for class:NCNameID
Input 3 does not match Pattern:[A-z][A-z0-9_\-]* for class:NCNameID
Input 2 does not match Pattern:[A-z][A-z0-9_\-]* for class:NCNameID
Loading Codelists
Codelist: ABS:CL_ATSI_BIRTHS_SUMM_MEASURE:1.0 already exists
Loading Concepts
Loading DataStructures
DS ABS:ATSI_BIRTHS_SUMM:1.0
Loading Dataflows
Loading Codelists
Codelist: ABS:CL_ATSI_FERTILITY_MEASURE:1.0 already exists
Loading Concepts
Loading DataStructures
DS ABS:ATSI_FERTILITY:1.0
Loading Dataflows
Loading Codelists
Codelist: ABS:CL_ALC_TYP:1.0 already exists
Loading Concepts
Loading DataStructures
DS ABS:ALC:1.0
Loading Dataflows
Loading Codelists
Codelist: ABS:CL_ABS_ACLD_LFSTATUS_SEX_ABS:1.0 already exists
Loading Concepts
Loading DataStructures
DS ABS:ABS_ACLD_LFSTATUS:1.0
Loading Dataflows
Loading Codelists
Codelist: ABS:CL_ABS_ACLD_TENURE_SEX_ABS:1.0 already exists
Loading Concepts
Loading DataStructures
DS ABS:ABS_ACLD_TENURE:1.0
Loading Dataflows
Loading Codelists
Codelist: ABS:CL_ABS_ACLD_UNPAIDASST_SEX_ABS:1.0 already exists
Loading Concepts
Loading DataStructures
DS ABS:ABS_ACLD_UNPAIDASST:1.0
Loading Dataflows
Loading Codelists
Codelist: ABS:CL_ABS_ACLD_VOLWORK_SEX_ABS:1.0 already exists
Loading Concepts
Loading DataStructures
DS ABS:ABS_ACLD_VOLWORK:1.0
Loading Dataflows
Loading Codelists
Codelist: ABS:CL_AMLPS_PART_2017_MEASURE:1.0 already exists
Loading Concepts
Loading DataStructures
DS ABS:AMLPS_PART_2017:1.0
Loading Dataflows
Loading Codelists
Codelist: ABS:CL_AMLPS_RESP_2017_RESPONSE_CAT:1.0 already exists
Loading Concepts
Loading DataStructures
DS ABS:AMLPS_RESP_2017:1.0
Loading Dataflows
Loading Codelists
Codelist: ABS:CL_ABS_CENSUS2011_B01_MEASURE:1.0 already exists
Loading Concepts
Loading DataStructures
DS ABS:ABS_CENSUS2011_B01:1.0
Loading Dataflows
Loading Codelists
Codelist: ABS:CL_ABS_CENSUS2011_B01_LGA_MEASURE:1.0 already exists
Loading Concepts
Loading DataStructures
DS ABS:ABS_CENSUS2011_B01_LGA:1.0
Loading Dataflows
Loading Codelists
Codelist: ABS:CL_ABS_CENSUS2011_B01_SA1_SA_MEASURE:1.0 already exists
Loading Concepts
Loading DataStructures
DS ABS:ABS_CENSUS2011_B01_SA1_SA:1.0
Loading Dataflows
Loading Codelists
Codelist: ABS:CL_ABS_CENSUS2011_B02_MEASURE:1.0 already exists
Loading Concepts
Loading DataStructures
DS ABS:ABS_CENSUS2011_B02:1.0
Loading Dataflows
Loading Codelists
Codelist: ABS:CL_ABS_CENSUS2011_B02_LGA_MEASURE:1.0 already exists
Loading Concepts
Loading DataStructures
DS ABS:ABS_CENSUS2011_B02_LGA:1.0
Loading Dataflows
Loading Codelists
Codelist: ABS:CL_ABS_CENSUS2011_B02_SA1_SA_MEASURE:1.0 already exists
Loading Concepts
Loading DataStructures
DS ABS:ABS_CENSUS2011_B02_SA1_SA:1.0
Loading Dataflows
Loading Codelists
Codelist: ABS:CL_ABS_CENSUS2011_B03_LGA_MEASURE:1.0 already exists
Loading Concepts
Loading DataStructures
DS ABS:ABS_CENSUS2011_B03_LGA:1.0
Loading Dataflows
Loading Codelists
Codelist: ABS:CL_ABS_CENSUS2011_B03_MEASURE:1.0 already exists
Loading Concepts
Loading DataStructures
DS ABS:ABS_CENSUS2011_B03:1.0
Loading Dataflows
Loading Codelists
Codelist: ABS:CL_ABS_CENSUS2011_B03_SA1_SA_MEASURE:1.0 already exists
Loading Concepts
Loading DataStructures
DS ABS:ABS_CENSUS2011_B03_SA1_SA:1.0
Loading Dataflows
Loading Codelists
Codelist: ABS:CL_ABS_CENSUS2011_B04_MEASURE:1.0 already exists
Loading Concepts
Loading DataStructures
DS ABS:ABS_CENSUS2011_B04:1.0
Loading Dataflows
Loading Codelists
Codelist: ABS:CL_ABS_CENSUS2011_B04_LGA_MEASURE:1.0 already exists
Loading Concepts
Loading DataStructures
DS ABS:ABS_CENSUS2011_B04_LGA:1.0
Loading Dataflows
Loading Codelists
Codelist: ABS:CL_ABS_CENSUS2011_B04_SA1_SA_MEASURE:1.0 already exists
Loading Concepts
Loading DataStructures
DS ABS:ABS_CENSUS2011_B04_SA1_SA:1.0
Loading Dataflows
Loading: B05 Registered Marital Status by Age by Sex
Header=&lt;message:Structure xmlns=&quot;http://www.SDMX.org/resources/SDMXML/schemas/v2_0/structure&quot; xmlns:common=&quot;http://www.SDMX.org/resources/SDMXML/schemas/v2_0/common&quot; xsi:schemaLocation=&quot;http://www.SDMX.org/resources/SDMXML/schemas/v2_0/structure http://www.sdmx.org/docs/2_0/SDMXStructure.xsd http://www.SDMX.org/resources/SDMXML/schemas/v2_0/message http://www.sdmx.org/docs/2_0/SDMXMessage.xsd&quot; xmlns:xsi=&quot;http://www.w3.org/2001/XMLSchema-instance&quot; xmlns:message=&quot;http://www.SDMX.org/resources/SDMXML/schemas/v2_0/message&quot;&gt;&lt;Header xmlns=&quot;http://www.SDMX.org/resources/SDMXML/schemas/v2_0/message&quot;&gt;&lt;ID&gt;none&lt;!--Statistical usage warning
ABS.Stat beta is continuing to be developed.  Data will be updated as soon as possible following its 11:30 am release on the ABS website.
--&gt;&lt;/ID&gt;&lt;Test&gt;false&lt;/Test&gt;&lt;Truncated&gt;false&lt;/Truncated&gt;&lt;Prepared&gt;2020-03-17T00:59:58&lt;/Prepared&gt;&lt;Sender id=&quot;ABS&quot;&gt;&lt;Name xml:lang=&quot;en&quot;&gt;Australian Bureau of Statistics&lt;/Name&gt;&lt;Name xml:lang=&quot;fr&quot;&gt;Australian Bureau of Statistics&lt;/Name&gt;&lt;/Sender&gt;&lt;/Header&gt;&lt;message:CodeLists&gt;&lt;CodeList id=&quot;CL_ABS_CENSUS2011_B05_MEASURE&quot; agencyID=&quot;ABS&quot;&gt;&lt;Name xml:lang=&quot;en&quot;&gt;Sex&lt;/Name&gt;&lt;Name xml:lang=&quot;fr&quot;&gt;Sex&lt;/Name&gt;&lt;Code value=&quot;1&quot; parentCode=&quot;3&quot;&gt;&lt;Description xml:lang=&quot;en&quot;&gt;Males&lt;/Description&gt;&lt;Description xml:lang=&quot;fr&quot;&gt;Males&lt;/Description&gt;&lt;/Code&gt;&lt;Code value=&quot;3&quot;&gt;&lt;Description xml:lang=&quot;en&quot;&gt;Persons&lt;/Description&gt;&lt;Description xml:lang=&quot;fr&quot;&gt;Persons&lt;/Description&gt;&lt;/Code&gt;&lt;Code value=&quot;2&quot; parentCode=&quot;3&quot;&gt;&lt;Description xml:lang=&quot;en&quot;&gt;Females&lt;/Description&gt;&lt;Description xml:lang=&quot;fr&quot;&gt;Females&lt;/Description&gt;&lt;/Code&gt;&lt;/CodeList&gt;&lt;CodeList id=&quot;CL_ABS_CENSUS2011_B05_AGE&quot; agencyID=&quot;ABS&quot;&gt;&lt;Name xml:lang=&quot;en&quot;&gt;Age&lt;/Name&gt;&lt;Name xml:lang=&quot;fr&quot;&gt;Age&lt;/Name&gt;&lt;Code value=&quot;A15&quot;&gt;&lt;Description xml:lang=&quot;en&quot;&gt;15 - 19&lt;/Description&gt;&lt;Description xml:lang=&quot;fr&quot;&gt;15 - 19&lt;/Description&gt;&lt;/Code&gt;&lt;Code value=&quot;A20&quot;&gt;&lt;Description xml:lang=&quot;en&quot;&gt;20 - 24&lt;/Description&gt;&lt;Description xml:lang=&quot;fr&quot;&gt;20 - 24&lt;/Description&gt;&lt;/Code&gt;&lt;Code value=&quot;TT&quot;&gt;&lt;Description xml:lang=&quot;en&quot;&gt;All ages&lt;/Description&gt;&lt;Description xml:lang=&quot;fr&quot;&gt;All ages&lt;/Description&gt;&lt;/Code&gt;&lt;Code value=&quot;O85&quot;&gt;&lt;Description xml:lang=&quot;en&quot;&gt;85 years and over&lt;/Description&gt;&lt;Description xml:lang=&quot;fr&quot;&gt;85 years and over&lt;/Description&gt;&lt;/Code&gt;&lt;Code value=&quot;T25&quot;&gt;&lt;Description xml:lang=&quot;en&quot;&gt;25 - 34&lt;/Description&gt;&lt;Description xml:lang=&quot;fr&quot;&gt;25 - 34&lt;/Description&gt;&lt;/Code&gt;&lt;Code value=&quot;T35&quot;&gt;&lt;Description xml:lang=&quot;en&quot;&gt;35 - 44&lt;/Description&gt;&lt;Description xml:lang=&quot;fr&quot;&gt;35 - 44&lt;/Description&gt;&lt;/Code&gt;&lt;Code value=&quot;T45&quot;&gt;&lt;Description xml:lang=&quot;en&quot;&gt;45 - 54&lt;/Description&gt;&lt;Description xml:lang=&quot;fr&quot;&gt;45 - 54&lt;/Description&gt;&lt;/Code&gt;&lt;Code value=&quot;T55&quot;&gt;&lt;Description xml:lang=&quot;en&quot;&gt;55 - 64&lt;/Description&gt;&lt;Description xml:lang=&quot;fr&quot;&gt;55 - 64&lt;/Description&gt;&lt;/Code&gt;&lt;Code value=&quot;T65&quot;&gt;&lt;Description xml:lang=&quot;en&quot;&gt;65 - 74&lt;/Description&gt;&lt;Description xml:lang=&quot;fr&quot;&gt;65 - 74&lt;/Description&gt;&lt;/Code&gt;&lt;Code value=&quot;T75&quot;&gt;&lt;Description xml:lang=&quot;en&quot;&gt;75 - 84&lt;/Description&gt;&lt;Description xml:lang=&quot;fr&quot;&gt;75 - 84&lt;/Description&gt;&lt;/Code&gt;&lt;/CodeList&gt;&lt;CodeList id=&quot;CL_ABS_CENSUS2011_B05_MSTP&quot; agencyID=&quot;ABS&quot;&gt;&lt;Name xml:lang=&quot;en&quot;&gt;Registered Marital Status&lt;/Name&gt;&lt;Name xml:lang=&quot;fr&quot;&gt;Registered Marital Status&lt;/Name&gt;&lt;Code value=&quot;TOT&quot;&gt;&lt;Description xml:lang=&quot;en&quot;&gt;Total&lt;/Description&gt;&lt;Description xml:lang=&quot;fr&quot;&gt;Total&lt;/Description&gt;&lt;/Code&gt;&lt;Code value=&quot;5&quot; parentCode=&quot;TOT&quot;&gt;&lt;Description xml:lang=&quot;en&quot;&gt;Married(a)&lt;/Description&gt;&lt;Description xml:lang=&quot;fr&quot;&gt;Married(a)&lt;/Description&gt;&lt;/Code&gt;&lt;Code value=&quot;4&quot; parentCode=&quot;TOT&quot;&gt;&lt;Description xml:lang=&quot;en&quot;&gt;Separated&lt;/Description&gt;&lt;Description xml:lang=&quot;fr&quot;&gt;Separated&lt;/Description&gt;&lt;/Code&gt;&lt;Code value=&quot;3&quot; parentCode=&quot;TOT&quot;&gt;&lt;Description xml:lang=&quot;en&quot;&gt;Divorced&lt;/Description&gt;&lt;Description xml:lang=&quot;fr&quot;&gt;Divorced&lt;/Description&gt;&lt;/Code&gt;&lt;Code value=&quot;2&quot; parentCode=&quot;TOT&quot;&gt;&lt;Description xml:lang=&quot;en&quot;&gt;Widowed&lt;/Description&gt;&lt;Description xml:lang=&quot;fr&quot;&gt;Widowed&lt;/Description&gt;&lt;/Code&gt;&lt;Code value=&quot;1&quot; parentCode=&quot;TOT&quot;&gt;&lt;Description xml:lang=&quot;en&quot;&gt;Never married&lt;/Description&gt;&lt;Description xml:lang=&quot;fr&quot;&gt;Never married&lt;/Description&gt;&lt;/Code&gt;&lt;/CodeList&gt;&lt;CodeList id=&quot;CL_ABS_CENSUS2011_B05_STATE&quot; agencyID=&quot;ABS&quot;&gt;&lt;Name xml:lang=&quot;en&quot;&gt;State&lt;/Name&gt;&lt;Name xml:lang=&quot;fr&quot;&gt;State&lt;/Name&gt;&lt;Code value=&quot;0&quot;&gt;&lt;Description xml:lang=&quot;en&quot;&gt;Australia&lt;/Description&gt;&lt;Description xml:lang=&quot;fr&quot;&gt;Australia&lt;/Description&gt;&lt;/Code&gt;&lt;Code value=&quot;1&quot; parentCode=&quot;0&quot;&gt;&lt;Description xml:lang=&quot;en&quot;&gt;New South Wales&lt;/Description&gt;&lt;Description xml:lang=&quot;fr&quot;&gt;New South Wales&lt;/Description&gt;&lt;/Code&gt;&lt;Code value=&quot;2&quot; parentCode=&quot;0&quot;&gt;&lt;Description xml:lang=&quot;en&quot;&gt;Victoria&lt;/Description&gt;&lt;Description xml:lang=&quot;fr&quot;&gt;Victoria&lt;/Description&gt;&lt;/Code&gt;&lt;Code value=&quot;3&quot; parentCode=&quot;0&quot;&gt;&lt;Description xml:lang=&quot;en&quot;&gt;Queensland&lt;/Description&gt;&lt;Description xml:lang=&quot;fr&quot;&gt;Queensland&lt;/Description&gt;&lt;/Code&gt;&lt;Code value=&quot;4&quot; parentCode=&quot;0&quot;&gt;&lt;Description xml:lang=&quot;en&quot;&gt;South Australia&lt;/Description&gt;&lt;Description xml:lang=&quot;fr&quot;&gt;South Australia&lt;/Description&gt;&lt;/Code&gt;&lt;Code value=&quot;5&quot; parentCode=&quot;0&quot;&gt;&lt;Description xml:lang=&quot;en&quot;&gt;Western Australia&lt;/Description&gt;&lt;Description xml:lang=&quot;fr&quot;&gt;Western Australia&lt;/Description&gt;&lt;/Code&gt;&lt;Code value=&quot;6&quot; parentCode=&quot;0&quot;&gt;&lt;Description xml:lang=&quot;en&quot;&gt;Tasmania&lt;/Description&gt;&lt;Description xml:lang=&quot;fr&quot;&gt;Tasmania&lt;/Description&gt;&lt;/Code&gt;&lt;Code value=&quot;7&quot; parentCode=&quot;0&quot;&gt;&lt;Description xml:lang=&quot;en&quot;&gt;Northern Territory&lt;/Description&gt;&lt;Description xml:lang=&quot;fr&quot;&gt;Northern Territory&lt;/Description&gt;&lt;/Code&gt;&lt;Code value=&quot;8&quot; parentCode=&quot;0&quot;&gt;&lt;Description xml:lang=&quot;en&quot;&gt;Australian Capital Territory&lt;/Description&gt;&lt;Description xml:lang=&quot;fr&quot;&gt;Australian Capital Territory&lt;/Description&gt;&lt;/Code&gt;&lt;Code value=&quot;9&quot; parentCode=&quot;0&quot;&gt;&lt;Description xml:lang=&quot;en&quot;&gt;Other Territories&lt;/Description&gt;&lt;Description xml:lang=&quot;fr&quot;&gt;Other Territories&lt;/Description&gt;&lt;/Code&gt;&lt;/CodeList&gt;&lt;CodeList id=&quot;CL_ABS_CENSUS2011_B05_REGIONTYPE&quot; agencyID=&quot;ABS&quot;&gt;&lt;Name xml:lang=&quot;en&quot;&gt;Region Type&lt;/Name&gt;&lt;Name xml:lang=&quot;fr&quot;&gt;Region Type&lt;/Name&gt;&lt;Code value=&quot;AUS&quot;&gt;&lt;Description xml:lang=&quot;en&quot;&gt;Australia&lt;/Description&gt;&lt;Description xml:lang=&quot;fr&quot;&gt;Australia&lt;/Description&gt;&lt;/Code&gt;&lt;Code value=&quot;STE&quot;&gt;&lt;Description xml:lang=&quot;en&quot;&gt;States and Territories&lt;/Description&gt;&lt;Description xml:lang=&quot;fr&quot;&gt;States and Territories&lt;/Description&gt;&lt;/Code&gt;&lt;Code value=&quot;SA4&quot;&gt;&lt;Description xml:lang=&quot;en&quot;&gt;Statistical Area Level 4&lt;/Description&gt;&lt;Description xml:lang=&quot;fr&quot;&gt;Statistical Area Level 4&lt;/Description&gt;&lt;/Code&gt;&lt;Code value=&quot;SA3&quot;&gt;&lt;Description xml:lang=&quot;en&quot;&gt;Statistical Area Level 3&lt;/Description&gt;&lt;Description xml:lang=&quot;fr&quot;&gt;Statistical Area Level 3&lt;/Description&gt;&lt;/Code&gt;&lt;Code value=&quot;SA2&quot;&gt;&lt;Description xml:lang=&quot;en&quot;&gt;Statistical Area Level 2&lt;/Description&gt;&lt;Description xml:lang=&quot;fr&quot;&gt;Statistical Area Level 2&lt;/Description&gt;&lt;/Code&gt;&lt;/CodeList&gt;&lt;CodeList id=&quot;CL_ABS_CENSUS2011_B05_REGION&quot; agencyID=&quot;ABS&quot;&gt;&lt;Name xml:lang=&quot;en&quot;&gt;Region&lt;/Name&gt;&lt;Name xml:lang=&quot;fr&quot;&gt;Region&lt;/Name&gt;&lt;Code value=&quot;0&quot;&gt;&lt;Description xml:lang=&quot;en&quot;&gt;Australia&lt;/Description&gt;&lt;Description xml:lang=&quot;fr&quot;&gt;Australia&lt;/Description&gt;&lt;/Code&gt;&lt;Code value=&quot;1&quot; parentCode=&quot;0&quot;&gt;&lt;Description xml:lang=&quot;en&quot;&gt;New South Wales&lt;/Description&gt;&lt;Description xml:lang=&quot;fr&quot;&gt;New South Wales&lt;/Description&gt;&lt;/Code&gt;&lt;Code value=&quot;101&quot; parentCode=&quot;1&quot;&gt;&lt;Description xml:lang=&quot;en&quot;&gt;Capital Region&lt;/Description&gt;&lt;Description xml:lang=&quot;fr&quot;&gt;Capital Region&lt;/Description&gt;&lt;/Code&gt;&lt;Code value=&quot;10101&quot; parentCode=&quot;101&quot;&gt;&lt;Description xml:lang=&quot;en&quot;&gt;Goulburn - Yass&lt;/Description&gt;&lt;Description xml:lang=&quot;fr&quot;&gt;Goulburn - Yass&lt;/Description&gt;&lt;/Code&gt;&lt;Code value=&quot;101011001&quot; parentCode=&quot;10101&quot;&gt;&lt;Description xml:lang=&quot;en&quot;&gt;Goulburn&lt;/Description&gt;&lt;Description xml:lang=&quot;fr&quot;&gt;Goulburn&lt;/Description&gt;&lt;/Code&gt;&lt;Code value=&quot;101011002&quot; parentCode=&quot;10101&quot;&gt;&lt;Description xml:lang=&quot;en&quot;&gt;Goulburn Region&lt;/Description&gt;&lt;Description xml:lang=&quot;fr&quot;&gt;Goulburn Region&lt;/Description&gt;&lt;/Code&gt;&lt;Code value=&quot;101011003&quot; parentCode=&quot;10101&quot;&gt;&lt;Description xml:lang=&quot;en&quot;&gt;Yass&lt;/Description&gt;&lt;Description xml:lang=&quot;fr&quot;&gt;Yass&lt;/Description&gt;&lt;/Code&gt;&lt;Code value=&quot;101011004&quot; parentCode=&quot;10101&quot;&gt;&lt;Description xml:lang=&quot;en&quot;&gt;Yass Region&lt;/Description&gt;&lt;Description xml:lang=&quot;fr&quot;&gt;Yass Region&lt;/Description&gt;&lt;/Code&gt;&lt;Code value=&quot;101011005&quot; parentCode=&quot;10101&quot;&gt;&lt;Description xml:lang=&quot;en&quot;&gt;Young&lt;/Description&gt;&lt;Description xml:lang=&quot;fr&quot;&gt;Young&lt;/Description&gt;&lt;/Code&gt;&lt;Code value=&quot;101011006&quot; parentCode=&quot;10101&quot;&gt;&lt;Description xml:lang=&quot;en&quot;&gt;Young Region&lt;/Description&gt;&lt;Description xml:lang=&quot;fr&quot;&gt;Young Region&lt;/Description&gt;&lt;/Code&gt;&lt;Code value=&quot;10102&quot; parentCode=&quot;101&quot;&gt;&lt;Description xml:lang=&quot;en&quot;&gt;Queanbeyan&lt;/Description&gt;&lt;Description xml:lang=&quot;fr&quot;&gt;Queanbeyan&lt;/Description&gt;&lt;/Code&gt;&lt;Code value=&quot;101021007&quot; parentCode=&quot;10102&quot;&gt;&lt;
Input 1 does not match Pattern:[A-z][A-z0-9_\-]* for class:NCNameID
Input 3 does not match Pattern:[A-z][A-z0-9_\-]* for class:NCNameID
Input 2 does not match Pattern:[A-z][A-z0-9_\-]* for class:NCNameID
Loading Codelists
Codelist: ABS:CL_ATSI_BIRTHS_SUMM_MEASURE:1.0 already exists
Loading Concepts
Loading DataStructures
DS ABS:ATSI_BIRTHS_SUMM:1.0
Loading Dataflows
Loading Codelists
Codelist: ABS:CL_ATSI_FERTILITY_MEASURE:1.0 already exists
Loading Concepts
Loading DataStructures
DS ABS:ATSI_FERTILITY:1.0
Loading Dataflows
Loading Codelists
Codelist: ABS:CL_ALC_TYP:1.0 already exists
Loading Concepts
Loading DataStructures
DS ABS:ALC:1.0
Loading Dataflows
Loading Codelists
Codelist: ABS:CL_ABS_ACLD_LFSTATUS_SEX_ABS:1.0 already exists
Loading Concepts
Loading DataStructures
DS ABS:ABS_ACLD_LFSTATUS:1.0
Loading Dataflows
Loading Codelists
Codelist: ABS:CL_ABS_ACLD_TENURE_SEX_ABS:1.0 already exists
Loading Concepts
Loading DataStructures
DS ABS:ABS_ACLD_TENURE:1.0
Loading Dataflows
Loading Codelists
Codelist: ABS:CL_ABS_ACLD_UNPAIDASST_SEX_ABS:1.0 already exists
Loading Concepts
Loading DataStructures
DS ABS:ABS_ACLD_UNPAIDASST:1.0
Loading Dataflows
Loading Codelists
Codelist: ABS:CL_ABS_ACLD_VOLWORK_SEX_ABS:1.0 already exists
Loading Concepts
Loading DataStructures
DS ABS:ABS_ACLD_VOLWORK:1.0
Loading Dataflows
Loading Codelists
Codelist: ABS:CL_AMLPS_PART_2017_MEASURE:1.0 already exists
Loading Concepts
Loading DataStructures
DS ABS:AMLPS_PART_2017:1.0
Loading Dataflows
Loading Codelists
Codelist: ABS:CL_AMLPS_RESP_2017_RESPONSE_CAT:1.0 already exists
Loading Concepts
Loading DataStructures
DS ABS:AMLPS_RESP_2017:1.0
Loading Dataflows
Loading Codelists
Codelist: ABS:CL_ABS_CENSUS2011_B01_MEASURE:1.0 already exists
Loading Concepts
Loading DataStructures
DS ABS:ABS_CENSUS2011_B01:1.0
Loading Dataflows
Loading Codelists
Codelist: ABS:CL_ABS_CENSUS2011_B01_LGA_MEASURE:1.0 already exists
Loading Concepts
Loading DataStructures
DS ABS:ABS_CENSUS2011_B01_LGA:1.0
Loading Dataflows
Loading Codelists
Codelist: ABS:CL_ABS_CENSUS2011_B01_SA1_SA_MEASURE:1.0 already exists
Loading Concepts
Loading DataStructures
DS ABS:ABS_CENSUS2011_B01_SA1_SA:1.0
Loading Dataflows
Loading Codelists
Codelist: ABS:CL_ABS_CENSUS2011_B02_MEASURE:1.0 already exists
Loading Concepts
Loading DataStructures
DS ABS:ABS_CENSUS2011_B02:1.0
Loading Dataflows
Loading Codelists
Codelist: ABS:CL_ABS_CENSUS2011_B02_LGA_MEASURE:1.0 already exists
Loading Concepts
Loading DataStructures
DS ABS:ABS_CENSUS2011_B02_LGA:1.0
Loading Dataflows
Loading Codelists
Codelist: ABS:CL_ABS_CENSUS2011_B02_SA1_SA_MEASURE:1.0 already exists
Loading Concepts
Loading DataStructures
DS ABS:ABS_CENSUS2011_B02_SA1_SA:1.0
Loading Dataflows
Loading Codelists
Codelist: ABS:CL_ABS_CENSUS2011_B03_LGA_MEASURE:1.0 already exists
Loading Concepts
Loading DataStructures
DS ABS:ABS_CENSUS2011_B03_LGA:1.0
Loading Dataflows
Loading Codelists
Codelist: ABS:CL_ABS_CENSUS2011_B03_MEASURE:1.0 already exists
Loading Concepts
Loading DataStructures
DS ABS:ABS_CENSUS2011_B03:1.0
Loading Dataflows
Loading Codelists
Codelist: ABS:CL_ABS_CENSUS2011_B03_SA1_SA_MEASURE:1.0 already exists
Loading Concepts
Loading DataStructures
DS ABS:ABS_CENSUS2011_B03_SA1_SA:1.0
Loading Dataflows
Loading Codelists
Codelist: ABS:CL_ABS_CENSUS2011_B04_MEASURE:1.0 already exists
Loading Concepts
Loading DataStructures
DS ABS:ABS_CENSUS2011_B04:1.0
Loading Dataflows
Loading Codelists
Codelist: ABS:CL_ABS_CENSUS2011_B04_LGA_MEASURE:1.0 already exists
Loading Concepts
Loading DataStructures
DS ABS:ABS_CENSUS2011_B04_LGA:1.0
Loading Dataflows
Loading Codelists
Codelist: ABS:CL_ABS_CENSUS2011_B04_SA1_SA_MEASURE:1.0 already exists
Loading Concepts
Loading DataStructures
DS ABS:ABS_CENSUS2011_B04_SA1_SA:1.0
Loading Dataflows
Loading Codelists
Codelist: ABS:CL_ABS_CENSUS2011_B05_MEASURE:1.0 already exists
Loading Concepts
Loading DataStructures
DS ABS:ABS_CENSUS2011_B05:1.0
Loading Dataflows
Loading: B05 Registered Marital Status by Age by Sex (LGA)
Header=&lt;message:Structure xmlns=&quot;http://www.SDMX.org/resources/SDMXML/schemas/v2_0/structure&quot; xmlns:common=&quot;http://www.SDMX.org/resources/SDMXML/schemas/v2_0/common&quot; xsi:schemaLocation=&quot;http://www.SDMX.org/resources/SDMXML/schemas/v2_0/structure http://www.sdmx.org/docs/2_0/SDMXStructure.xsd http://www.SDMX.org/resources/SDMXML/schemas/v2_0/message http://www.sdmx.org/docs/2_0/SDMXMessage.xsd&quot; xmlns:xsi=&quot;http://www.w3.org/2001/XMLSchema-instance&quot; xmlns:message=&quot;http://www.SDMX.org/resources/SDMXML/schemas/v2_0/message&quot;&gt;&lt;Header xmlns=&quot;http://www.SDMX.org/resources/SDMXML/schemas/v2_0/message&quot;&gt;&lt;ID&gt;none&lt;!--Statistical usage warning
ABS.Stat beta is continuing to be developed.  Data will be updated as soon as possible following its 11:30 am release on the ABS website.
--&gt;&lt;/ID&gt;&lt;Test&gt;false&lt;/Test&gt;&lt;Truncated&gt;false&lt;/Truncated&gt;&lt;Prepared&gt;2020-03-17T01:00:00&lt;/Prepared&gt;&lt;Sender id=&quot;ABS&quot;&gt;&lt;Name xml:lang=&quot;en&quot;&gt;Australian Bureau of Statistics&lt;/Name&gt;&lt;Name xml:lang=&quot;fr&quot;&gt;Australian Bureau of Statistics&lt;/Name&gt;&lt;/Sender&gt;&lt;/Header&gt;&lt;message:CodeLists&gt;&lt;CodeList id=&quot;CL_ABS_CENSUS2011_B05_LGA_MEASURE&quot; agencyID=&quot;ABS&quot;&gt;&lt;Name xml:lang=&quot;en&quot;&gt;Sex&lt;/Name&gt;&lt;Name xml:lang=&quot;fr&quot;&gt;Sex&lt;/Name&gt;&lt;Code value=&quot;1&quot; parentCode=&quot;3&quot;&gt;&lt;Description xml:lang=&quot;en&quot;&gt;Males&lt;/Description&gt;&lt;Description xml:lang=&quot;fr&quot;&gt;Males&lt;/Description&gt;&lt;/Code&gt;&lt;Code value=&quot;3&quot;&gt;&lt;Description xml:lang=&quot;en&quot;&gt;Persons&lt;/Description&gt;&lt;Description xml:lang=&quot;fr&quot;&gt;Persons&lt;/Description&gt;&lt;/Code&gt;&lt;Code value=&quot;2&quot; parentCode=&quot;3&quot;&gt;&lt;Description xml:lang=&quot;en&quot;&gt;Females&lt;/Description&gt;&lt;Description xml:lang=&quot;fr&quot;&gt;Females&lt;/Description&gt;&lt;/Code&gt;&lt;/CodeList&gt;&lt;CodeList id=&quot;CL_ABS_CENSUS2011_B05_LGA_AGE&quot; agencyID=&quot;ABS&quot;&gt;&lt;Name xml:lang=&quot;en&quot;&gt;Age&lt;/Name&gt;&lt;Name xml:lang=&quot;fr&quot;&gt;Age&lt;/Name&gt;&lt;Code value=&quot;A15&quot;&gt;&lt;Description xml:lang=&quot;en&quot;&gt;15 - 19&lt;/Description&gt;&lt;Description xml:lang=&quot;fr&quot;&gt;15 - 19&lt;/Description&gt;&lt;/Code&gt;&lt;Code value=&quot;A20&quot;&gt;&lt;Description xml:lang=&quot;en&quot;&gt;20 - 24&lt;/Description&gt;&lt;Description xml:lang=&quot;fr&quot;&gt;20 - 24&lt;/Description&gt;&lt;/Code&gt;&lt;Code value=&quot;TT&quot;&gt;&lt;Description xml:lang=&quot;en&quot;&gt;All ages&lt;/Description&gt;&lt;Description xml:lang=&quot;fr&quot;&gt;All ages&lt;/Description&gt;&lt;/Code&gt;&lt;Code value=&quot;O85&quot;&gt;&lt;Description xml:lang=&quot;en&quot;&gt;85 years and over&lt;/Description&gt;&lt;Description xml:lang=&quot;fr&quot;&gt;85 years and over&lt;/Description&gt;&lt;/Code&gt;&lt;Code value=&quot;T25&quot;&gt;&lt;Description xml:lang=&quot;en&quot;&gt;25 - 34&lt;/Description&gt;&lt;Description xml:lang=&quot;fr&quot;&gt;25 - 34&lt;/Description&gt;&lt;/Code&gt;&lt;Code value=&quot;T35&quot;&gt;&lt;Description xml:lang=&quot;en&quot;&gt;35 - 44&lt;/Description&gt;&lt;Description xml:lang=&quot;fr&quot;&gt;35 - 44&lt;/Description&gt;&lt;/Code&gt;&lt;Code value=&quot;T45&quot;&gt;&lt;Description xml:lang=&quot;en&quot;&gt;45 - 54&lt;/Description&gt;&lt;Description xml:lang=&quot;fr&quot;&gt;45 - 54&lt;/Description&gt;&lt;/Code&gt;&lt;Code value=&quot;T55&quot;&gt;&lt;Description xml:lang=&quot;en&quot;&gt;55 - 64&lt;/Description&gt;&lt;Description xml:lang=&quot;fr&quot;&gt;55 - 64&lt;/Description&gt;&lt;/Code&gt;&lt;Code value=&quot;T65&quot;&gt;&lt;Description xml:lang=&quot;en&quot;&gt;65 - 74&lt;/Description&gt;&lt;Description xml:lang=&quot;fr&quot;&gt;65 - 74&lt;/Description&gt;&lt;/Code&gt;&lt;Code value=&quot;T75&quot;&gt;&lt;Description xml:lang=&quot;en&quot;&gt;75 - 84&lt;/Description&gt;&lt;Description xml:lang=&quot;fr&quot;&gt;75 - 84&lt;/Description&gt;&lt;/Code&gt;&lt;/CodeList&gt;&lt;CodeList id=&quot;CL_ABS_CENSUS2011_B05_LGA_MSTP&quot; agencyID=&quot;ABS&quot;&gt;&lt;Name xml:lang=&quot;en&quot;&gt;Registered Marital Status&lt;/Name&gt;&lt;Name xml:lang=&quot;fr&quot;&gt;Registered Marital Status&lt;/Name&gt;&lt;Code value=&quot;TOT&quot;&gt;&lt;Description xml:lang=&quot;en&quot;&gt;Total&lt;/Description&gt;&lt;Description xml:lang=&quot;fr&quot;&gt;Total&lt;/Description&gt;&lt;/Code&gt;&lt;Code value=&quot;5&quot; parentCode=&quot;TOT&quot;&gt;&lt;Description xml:lang=&quot;en&quot;&gt;Married(a)&lt;/Description&gt;&lt;Description xml:lang=&quot;fr&quot;&gt;Married(a)&lt;/Description&gt;&lt;/Code&gt;&lt;Code value=&quot;4&quot; parentCode=&quot;TOT&quot;&gt;&lt;Description xml:lang=&quot;en&quot;&gt;Separated&lt;/Description&gt;&lt;Description xml:lang=&quot;fr&quot;&gt;Separated&lt;/Description&gt;&lt;/Code&gt;&lt;Code value=&quot;3&quot; parentCode=&quot;TOT&quot;&gt;&lt;Description xml:lang=&quot;en&quot;&gt;Divorced&lt;/Description&gt;&lt;Description xml:lang=&quot;fr&quot;&gt;Divorced&lt;/Description&gt;&lt;/Code&gt;&lt;Code value=&quot;2&quot; parentCode=&quot;TOT&quot;&gt;&lt;Description xml:lang=&quot;en&quot;&gt;Widowed&lt;/Description&gt;&lt;Description xml:lang=&quot;fr&quot;&gt;Widowed&lt;/Description&gt;&lt;/Code&gt;&lt;Code value=&quot;1&quot; parentCode=&quot;TOT&quot;&gt;&lt;Description xml:lang=&quot;en&quot;&gt;Never married&lt;/Description&gt;&lt;Description xml:lang=&quot;fr&quot;&gt;Never married&lt;/Description&gt;&lt;/Code&gt;&lt;/CodeList&gt;&lt;CodeList id=&quot;CL_ABS_CENSUS2011_B05_LGA_STATE&quot; agencyID=&quot;ABS&quot;&gt;&lt;Name xml:lang=&quot;en&quot;&gt;State&lt;/Name&gt;&lt;Name xml:lang=&quot;fr&quot;&gt;State&lt;/Name&gt;&lt;Code value=&quot;1&quot; parentCode=&quot;0&quot;&gt;&lt;Description xml:lang=&quot;en&quot;&gt;New South Wales&lt;/Description&gt;&lt;Description xml:lang=&quot;fr&quot;&gt;New South Wales&lt;/Description&gt;&lt;/Code&gt;&lt;Code value=&quot;0&quot;&gt;&lt;Description xml:lang=&quot;en&quot;&gt;Australia&lt;/Description&gt;&lt;Description xml:lang=&quot;fr&quot;&gt;Australia&lt;/Description&gt;&lt;/Code&gt;&lt;Code value=&quot;2&quot; parentCode=&quot;0&quot;&gt;&lt;Description xml:lang=&quot;en&quot;&gt;Victoria&lt;/Description&gt;&lt;Description xml:lang=&quot;fr&quot;&gt;Victoria&lt;/Description&gt;&lt;/Code&gt;&lt;Code value=&quot;3&quot; parentCode=&quot;0&quot;&gt;&lt;Description xml:lang=&quot;en&quot;&gt;Queensland&lt;/Description&gt;&lt;Description xml:lang=&quot;fr&quot;&gt;Queensland&lt;/Description&gt;&lt;/Code&gt;&lt;Code value=&quot;4&quot; parentCode=&quot;0&quot;&gt;&lt;Description xml:lang=&quot;en&quot;&gt;South Australia&lt;/Description&gt;&lt;Description xml:lang=&quot;fr&quot;&gt;South Australia&lt;/Description&gt;&lt;/Code&gt;&lt;Code value=&quot;5&quot; parentCode=&quot;0&quot;&gt;&lt;Description xml:lang=&quot;en&quot;&gt;Western Australia&lt;/Description&gt;&lt;Description xml:lang=&quot;fr&quot;&gt;Western Australia&lt;/Description&gt;&lt;/Code&gt;&lt;Code value=&quot;6&quot; parentCode=&quot;0&quot;&gt;&lt;Description xml:lang=&quot;en&quot;&gt;Tasmania&lt;/Description&gt;&lt;Description xml:lang=&quot;fr&quot;&gt;Tasmania&lt;/Description&gt;&lt;/Code&gt;&lt;Code value=&quot;7&quot; parentCode=&quot;0&quot;&gt;&lt;Description xml:lang=&quot;en&quot;&gt;Northern Territory&lt;/Description&gt;&lt;Description xml:lang=&quot;fr&quot;&gt;Northern Territory&lt;/Description&gt;&lt;/Code&gt;&lt;Code value=&quot;8&quot; parentCode=&quot;0&quot;&gt;&lt;Description xml:lang=&quot;en&quot;&gt;Australian Capital Territory&lt;/Description&gt;&lt;Description xml:lang=&quot;fr&quot;&gt;Australian Capital Territory&lt;/Description&gt;&lt;/Code&gt;&lt;Code value=&quot;9&quot; parentCode=&quot;0&quot;&gt;&lt;Description xml:lang=&quot;en&quot;&gt;Other Territories&lt;/Description&gt;&lt;Description xml:lang=&quot;fr&quot;&gt;Other Territories&lt;/Description&gt;&lt;/Code&gt;&lt;/CodeList&gt;&lt;CodeList id=&quot;CL_ABS_CENSUS2011_B05_LGA_REGIONTYPE&quot; agencyID=&quot;ABS&quot;&gt;&lt;Name xml:lang=&quot;en&quot;&gt;Region Type&lt;/Name&gt;&lt;Name xml:lang=&quot;fr&quot;&gt;Region Type&lt;/Name&gt;&lt;Code value=&quot;LGA2011&quot; parentCode=&quot;LGA&quot;&gt;&lt;Description xml:lang=&quot;en&quot;&gt;Local Government Areas (2011)&lt;/Description&gt;&lt;Description xml:lang=&quot;fr&quot;&gt;Local Government Areas (2011)&lt;/Description&gt;&lt;/Code&gt;&lt;Code value=&quot;LGA&quot;&gt;&lt;Description xml:lang=&quot;en&quot;&gt;Local Government Areas&lt;/Description&gt;&lt;Description xml:lang=&quot;fr&quot;&gt;Local Government Areas&lt;/Description&gt;&lt;/Code&gt;&lt;/CodeList&gt;&lt;CodeList id=&quot;CL_ABS_CENSUS2011_B05_LGA_REGION&quot; agencyID=&quot;ABS&quot;&gt;&lt;Name xml:lang=&quot;en&quot;&gt;LGA 2011&lt;/Name&gt;&lt;Name xml:lang=&quot;fr&quot;&gt;LGA 2011&lt;/Name&gt;&lt;Code value=&quot;10050&quot; parentCode=&quot;1&quot;&gt;&lt;Description xml:lang=&quot;en&quot;&gt;Albury (C)&lt;/Description&gt;&lt;Description xml:lang=&quot;fr&quot;&gt;Albury (C)&lt;/Description&gt;&lt;/Code&gt;&lt;Code value=&quot;1&quot;&gt;&lt;Description xml:lang=&quot;en&quot;&gt;New South Wales&lt;/Description&gt;&lt;Description xml:lang=&quot;fr&quot;&gt;New South Wales&lt;/Description&gt;&lt;/Code&gt;&lt;Code value=&quot;10110&quot; parentCode=&quot;1&quot;&gt;&lt;Description xml:lang=&quot;en&quot;&gt;Armidale Dumaresq (A)&lt;/Description&gt;&lt;Description xml:lang=&quot;fr&quot;&gt;Armidale Dumaresq (A)&lt;/Description&gt;&lt;/Code&gt;&lt;Code value=&quot;10150&quot; parentCode=&quot;1&quot;&gt;&lt;Description xml:lang=&quot;en&quot;&gt;Ashfield (A)&lt;/Description&gt;&lt;Description xml:lang=&quot;fr&quot;&gt;Ashfield (A)&lt;/Description&gt;&lt;/Code&gt;&lt;Code value=&quot;10200&quot; parentCode=&quot;1&quot;&gt;&lt;Description xml:lang=&quot;en&quot;&gt;Auburn (C)&lt;/Description&gt;&lt;Description xml:lang=&quot;fr&quot;&gt;Auburn (C)&lt;/Description&gt;&lt;/Code&gt;&lt;Code value=&quot;10250&quot; parentCode=&quot;1&quot;&gt;&lt;Description xml:lang=&quot;en&quot;&gt;Ballina (A)&lt;/Description&gt;&lt;Description xml:lang=&quot;fr&quot;&gt;Ballina (A)&lt;/Description&gt;&lt;/Code&gt;&lt;Code value=&quot;10300&quot; parentCode=&quot;1&quot;&gt;&lt;Description xml:lang=&quot;en&quot;&gt;Balranald (A)&lt;/Description&gt;&lt;Description xml:lang=&quot;fr&quot;&gt;Balranald (A)&lt;/Description&gt;&lt;/Code&gt;&lt;Code value=&quot;10350&quot; parentCode=&quot;1&quot;&gt;&lt;Description xml:lang=&quot;en&quot;&gt;Bankstown (C)&lt;/Description&gt;&lt;Description xml:lang=&quot;fr&quot;&gt;Bankstown (C)&lt;/Description&gt;&lt;/Code&gt;&lt;Code value=&quot;10470&quot; parentCode=&quot;1&quot;&gt;&lt;Description xml:lang=&quot;en&quot;&gt;Bathurst Regional (A)&lt;/Description&gt;&lt;Description xml:lang=&quot;fr&quot;&gt;Bathurst Regional (A)&lt;/Description&gt;&lt;/Code&gt;&lt;Code value=&quot;10550&quot; parentCode=&quot;1&quot;&gt;&lt;Description xml:lang=&quot;en&quot;&gt;Bega Valley (A)&lt;/Description&gt;&lt;Description xml:lang=&quot;fr&quot;&gt;Bega Valley (A)&lt;/Description&gt;&lt;/Code&gt;&lt;Code value=&quot;10600&quot; parentCode=&quot;1&quot;&gt;&lt;Description xml:lang=&quot;en&quot;&gt;Bellingen (A)&lt;/Description&gt;&lt;Description xml:lang=&quot;fr&quot;&gt;Bellingen (A)&lt;/Description&gt;&lt;/Code&gt;&lt;Code value=&quot;10650&quot; parentCode=&quot;1&quot;&gt;&lt;Description xml:lang=&quot;en&quot;&gt;Berrigan (A)&lt;/Description&gt;&lt;Description xml:lang=&quot;fr&quot;&gt;Berrigan (A)&lt;/Description&gt;&lt;/Code&gt;&lt;Code value=&quot;10750&quot; parentCode=&quot;1&quot;&gt;&lt;Description xml:lang=&quot;en&quot;&gt;Blacktown (C)&lt;/Description&gt;&lt;Description xml:lang=&quot;fr&quot;&gt;Blacktown (C)&lt;/Description&gt;&lt;/Code&gt;&lt;Code value=&quot;10800&quot; parentCode=&quot;1&quot;&gt;&lt;Description xml:lang=&quot;en&quot;&gt;Bland (A)&lt;/Description&gt;&lt;Descriptio
Input 1 does not match Pattern:[A-z][A-z0-9_\-]* for class:NCNameID
Input 3 does not match Pattern:[A-z][A-z0-9_\-]* for class:NCNameID
Input 2 does not match Pattern:[A-z][A-z0-9_\-]* for class:NCNameID
Loading Codelists
Codelist: ABS:CL_ATSI_BIRTHS_SUMM_MEASURE:1.0 already exists
Loading Concepts
Loading DataStructures
DS ABS:ATSI_BIRTHS_SUMM:1.0
Loading Dataflows
Loading Codelists
Codelist: ABS:CL_ATSI_FERTILITY_MEASURE:1.0 already exists
Loading Concepts
Loading DataStructures
DS ABS:ATSI_FERTILITY:1.0
Loading Dataflows
Loading Codelists
Codelist: ABS:CL_ALC_TYP:1.0 already exists
Loading Concepts
Loading DataStructures
DS ABS:ALC:1.0
Loading Dataflows
Loading Codelists
Codelist: ABS:CL_ABS_ACLD_LFSTATUS_SEX_ABS:1.0 already exists
Loading Concepts
Loading DataStructures
DS ABS:ABS_ACLD_LFSTATUS:1.0
Loading Dataflows
Loading Codelists
Codelist: ABS:CL_ABS_ACLD_TENURE_SEX_ABS:1.0 already exists
Loading Concepts
Loading DataStructures
DS ABS:ABS_ACLD_TENURE:1.0
Loading Dataflows
Loading Codelists
Codelist: ABS:CL_ABS_ACLD_UNPAIDASST_SEX_ABS:1.0 already exists
Loading Concepts
Loading DataStructures
DS ABS:ABS_ACLD_UNPAIDASST:1.0
Loading Dataflows
Loading Codelists
Codelist: ABS:CL_ABS_ACLD_VOLWORK_SEX_ABS:1.0 already exists
Loading Concepts
Loading DataStructures
DS ABS:ABS_ACLD_VOLWORK:1.0
Loading Dataflows
Loading Codelists
Codelist: ABS:CL_AMLPS_PART_2017_MEASURE:1.0 already exists
Loading Concepts
Loading DataStructures
DS ABS:AMLPS_PART_2017:1.0
Loading Dataflows
Loading Codelists
Codelist: ABS:CL_AMLPS_RESP_2017_RESPONSE_CAT:1.0 already exists
Loading Concepts
Loading DataStructures
DS ABS:AMLPS_RESP_2017:1.0
Loading Dataflows
Loading Codelists
Codelist: ABS:CL_ABS_CENSUS2011_B01_MEASURE:1.0 already exists
Loading Concepts
Loading DataStructures
DS ABS:ABS_CENSUS2011_B01:1.0
Loading Dataflows
Loading Codelists
Codelist: ABS:CL_ABS_CENSUS2011_B01_LGA_MEASURE:1.0 already exists
Loading Concepts
Loading DataStructures
DS ABS:ABS_CENSUS2011_B01_LGA:1.0
Loading Dataflows
Loading Codelists
Codelist: ABS:CL_ABS_CENSUS2011_B01_SA1_SA_MEASURE:1.0 already exists
Loading Concepts
Loading DataStructures
DS ABS:ABS_CENSUS2011_B01_SA1_SA:1.0
Loading Dataflows
Loading Codelists
Codelist: ABS:CL_ABS_CENSUS2011_B02_MEASURE:1.0 already exists
Loading Concepts
Loading DataStructures
DS ABS:ABS_CENSUS2011_B02:1.0
Loading Dataflows
Loading Codelists
Codelist: ABS:CL_ABS_CENSUS2011_B02_LGA_MEASURE:1.0 already exists
Loading Concepts
Loading DataStructures
DS ABS:ABS_CENSUS2011_B02_LGA:1.0
Loading Dataflows
Loading Codelists
Codelist: ABS:CL_ABS_CENSUS2011_B02_SA1_SA_MEASURE:1.0 already exists
Loading Concepts
Loading DataStructures
DS ABS:ABS_CENSUS2011_B02_SA1_SA:1.0
Loading Dataflows
Loading Codelists
Codelist: ABS:CL_ABS_CENSUS2011_B03_LGA_MEASURE:1.0 already exists
Loading Concepts
Loading DataStructures
DS ABS:ABS_CENSUS2011_B03_LGA:1.0
Loading Dataflows
Loading Codelists
Codelist: ABS:CL_ABS_CENSUS2011_B03_MEASURE:1.0 already exists
Loading Concepts
Loading DataStructures
DS ABS:ABS_CENSUS2011_B03:1.0
Loading Dataflows
Loading Codelists
Codelist: ABS:CL_ABS_CENSUS2011_B03_SA1_SA_MEASURE:1.0 already exists
Loading Concepts
Loading DataStructures
DS ABS:ABS_CENSUS2011_B03_SA1_SA:1.0
Loading Dataflows
Loading Codelists
Codelist: ABS:CL_ABS_CENSUS2011_B04_MEASURE:1.0 already exists
Loading Concepts
Loading DataStructures
DS ABS:ABS_CENSUS2011_B04:1.0
Loading Dataflows
Loading Codelists
Codelist: ABS:CL_ABS_CENSUS2011_B04_LGA_MEASURE:1.0 already exists
Loading Concepts
Loading DataStructures
DS ABS:ABS_CENSUS2011_B04_LGA:1.0
Loading Dataflows
Loading Codelists
Codelist: ABS:CL_ABS_CENSUS2011_B04_SA1_SA_MEASURE:1.0 already exists
Loading Concepts
Loading DataStructures
DS ABS:ABS_CENSUS2011_B04_SA1_SA:1.0
Loading Dataflows
Loading Codelists
Codelist: ABS:CL_ABS_CENSUS2011_B05_MEASURE:1.0 already exists
Loading Concepts
Loading DataStructures
DS ABS:ABS_CENSUS2011_B05:1.0
Loading Dataflows
Loading Codelists
Codelist: ABS:CL_ABS_CENSUS2011_B05_LGA_MEASURE:1.0 already exists
Loading Concepts
Loading DataStructures
DS ABS:ABS_CENSUS2011_B05_LGA:1.0
Loading Dataflows
Loading: B05 Registered Marital Status by Age by Sex(SA1 SA)
Header=&lt;message:Structure xmlns=&quot;http://www.SDMX.org/resources/SDMXML/schemas/v2_0/structure&quot; xmlns:common=&quot;http://www.SDMX.org/resources/SDMXML/schemas/v2_0/common&quot; xsi:schemaLocation=&quot;http://www.SDMX.org/resources/SDMXML/schemas/v2_0/structure http://www.sdmx.org/docs/2_0/SDMXStructure.xsd http://www.SDMX.org/resources/SDMXML/schemas/v2_0/message http://www.sdmx.org/docs/2_0/SDMXMessage.xsd&quot; xmlns:xsi=&quot;http://www.w3.org/2001/XMLSchema-instance&quot; xmlns:message=&quot;http://www.SDMX.org/resources/SDMXML/schemas/v2_0/message&quot;&gt;&lt;Header xmlns=&quot;http://www.SDMX.org/resources/SDMXML/schemas/v2_0/message&quot;&gt;&lt;ID&gt;none&lt;!--Statistical usage warning
ABS.Stat beta is continuing to be developed.  Data will be updated as soon as possible following its 11:30 am release on the ABS website.
--&gt;&lt;/ID&gt;&lt;Test&gt;false&lt;/Test&gt;&lt;Truncated&gt;false&lt;/Truncated&gt;&lt;Prepared&gt;2020-03-17T01:00:00&lt;/Prepared&gt;&lt;Sender id=&quot;ABS&quot;&gt;&lt;Name xml:lang=&quot;en&quot;&gt;Australian Bureau of Statistics&lt;/Name&gt;&lt;Name xml:lang=&quot;fr&quot;&gt;Australian Bureau of Statistics&lt;/Name&gt;&lt;/Sender&gt;&lt;/Header&gt;&lt;message:CodeLists&gt;&lt;CodeList id=&quot;CL_ABS_CENSUS2011_B05_SA1_SA_MEASURE&quot; agencyID=&quot;ABS&quot;&gt;&lt;Name xml:lang=&quot;en&quot;&gt;Sex&lt;/Name&gt;&lt;Name xml:lang=&quot;fr&quot;&gt;Sex&lt;/Name&gt;&lt;Code value=&quot;1&quot; parentCode=&quot;3&quot;&gt;&lt;Description xml:lang=&quot;en&quot;&gt;Males&lt;/Description&gt;&lt;Description xml:lang=&quot;fr&quot;&gt;Males&lt;/Description&gt;&lt;/Code&gt;&lt;Code value=&quot;3&quot;&gt;&lt;Description xml:lang=&quot;en&quot;&gt;Persons&lt;/Description&gt;&lt;Description xml:lang=&quot;fr&quot;&gt;Persons&lt;/Description&gt;&lt;/Code&gt;&lt;Code value=&quot;2&quot; parentCode=&quot;3&quot;&gt;&lt;Description xml:lang=&quot;en&quot;&gt;Females&lt;/Description&gt;&lt;Description xml:lang=&quot;fr&quot;&gt;Females&lt;/Description&gt;&lt;/Code&gt;&lt;/CodeList&gt;&lt;CodeList id=&quot;CL_ABS_CENSUS2011_B05_SA1_SA_AGE&quot; agencyID=&quot;ABS&quot;&gt;&lt;Name xml:lang=&quot;en&quot;&gt;Age&lt;/Name&gt;&lt;Name xml:lang=&quot;fr&quot;&gt;Age&lt;/Name&gt;&lt;Code value=&quot;A15&quot;&gt;&lt;Description xml:lang=&quot;en&quot;&gt;15 - 19&lt;/Description&gt;&lt;Description xml:lang=&quot;fr&quot;&gt;15 - 19&lt;/Description&gt;&lt;/Code&gt;&lt;Code value=&quot;A20&quot;&gt;&lt;Description xml:lang=&quot;en&quot;&gt;20 - 24&lt;/Description&gt;&lt;Description xml:lang=&quot;fr&quot;&gt;20 - 24&lt;/Description&gt;&lt;/Code&gt;&lt;Code value=&quot;TT&quot;&gt;&lt;Description xml:lang=&quot;en&quot;&gt;All ages&lt;/Description&gt;&lt;Description xml:lang=&quot;fr&quot;&gt;All ages&lt;/Description&gt;&lt;/Code&gt;&lt;Code value=&quot;O85&quot;&gt;&lt;Description xml:lang=&quot;en&quot;&gt;85 years and over&lt;/Description&gt;&lt;Description xml:lang=&quot;fr&quot;&gt;85 years and over&lt;/Description&gt;&lt;/Code&gt;&lt;Code value=&quot;T25&quot;&gt;&lt;Description xml:lang=&quot;en&quot;&gt;25 - 34&lt;/Description&gt;&lt;Description xml:lang=&quot;fr&quot;&gt;25 - 34&lt;/Description&gt;&lt;/Code&gt;&lt;Code value=&quot;T35&quot;&gt;&lt;Description xml:lang=&quot;en&quot;&gt;35 - 44&lt;/Description&gt;&lt;Description xml:lang=&quot;fr&quot;&gt;35 - 44&lt;/Description&gt;&lt;/Code&gt;&lt;Code value=&quot;T45&quot;&gt;&lt;Description xml:lang=&quot;en&quot;&gt;45 - 54&lt;/Description&gt;&lt;Description xml:lang=&quot;fr&quot;&gt;45 - 54&lt;/Description&gt;&lt;/Code&gt;&lt;Code value=&quot;T55&quot;&gt;&lt;Description xml:lang=&quot;en&quot;&gt;55 - 64&lt;/Description&gt;&lt;Description xml:lang=&quot;fr&quot;&gt;55 - 64&lt;/Description&gt;&lt;/Code&gt;&lt;Code value=&quot;T65&quot;&gt;&lt;Description xml:lang=&quot;en&quot;&gt;65 - 74&lt;/Description&gt;&lt;Description xml:lang=&quot;fr&quot;&gt;65 - 74&lt;/Description&gt;&lt;/Code&gt;&lt;Code value=&quot;T75&quot;&gt;&lt;Description xml:lang=&quot;en&quot;&gt;75 - 84&lt;/Description&gt;&lt;Description xml:lang=&quot;fr&quot;&gt;75 - 84&lt;/Description&gt;&lt;/Code&gt;&lt;/CodeList&gt;&lt;CodeList id=&quot;CL_ABS_CENSUS2011_B05_SA1_SA_MSTP&quot; agencyID=&quot;ABS&quot;&gt;&lt;Name xml:lang=&quot;en&quot;&gt;Registered Marital Status&lt;/Name&gt;&lt;Name xml:lang=&quot;fr&quot;&gt;Registered Marital Status&lt;/Name&gt;&lt;Code value=&quot;TOT&quot;&gt;&lt;Description xml:lang=&quot;en&quot;&gt;Total&lt;/Description&gt;&lt;Description xml:lang=&quot;fr&quot;&gt;Total&lt;/Description&gt;&lt;/Code&gt;&lt;Code value=&quot;5&quot; parentCode=&quot;TOT&quot;&gt;&lt;Description xml:lang=&quot;en&quot;&gt;Married(a)&lt;/Description&gt;&lt;Description xml:lang=&quot;fr&quot;&gt;Married(a)&lt;/Description&gt;&lt;/Code&gt;&lt;Code value=&quot;4&quot; parentCode=&quot;TOT&quot;&gt;&lt;Description xml:lang=&quot;en&quot;&gt;Separated&lt;/Description&gt;&lt;Description xml:lang=&quot;fr&quot;&gt;Separated&lt;/Description&gt;&lt;/Code&gt;&lt;Code value=&quot;3&quot; parentCode=&quot;TOT&quot;&gt;&lt;Description xml:lang=&quot;en&quot;&gt;Divorced&lt;/Description&gt;&lt;Description xml:lang=&quot;fr&quot;&gt;Divorced&lt;/Description&gt;&lt;/Code&gt;&lt;Code value=&quot;2&quot; parentCode=&quot;TOT&quot;&gt;&lt;Description xml:lang=&quot;en&quot;&gt;Widowed&lt;/Description&gt;&lt;Description xml:lang=&quot;fr&quot;&gt;Widowed&lt;/Description&gt;&lt;/Code&gt;&lt;Code value=&quot;1&quot; parentCode=&quot;TOT&quot;&gt;&lt;Description xml:lang=&quot;en&quot;&gt;Never married&lt;/Description&gt;&lt;Description xml:lang=&quot;fr&quot;&gt;Never married&lt;/Description&gt;&lt;/Code&gt;&lt;/CodeList&gt;&lt;CodeList id=&quot;CL_ABS_CENSUS2011_B05_SA1_SA_STATE&quot; agencyID=&quot;ABS&quot;&gt;&lt;Name xml:lang=&quot;en&quot;&gt;State&lt;/Name&gt;&lt;Name xml:lang=&quot;fr&quot;&gt;State&lt;/Name&gt;&lt;Code value=&quot;4&quot; parentCode=&quot;0&quot;&gt;&lt;Description xml:lang=&quot;en&quot;&gt;South Australia&lt;/Description&gt;&lt;Description xml:lang=&quot;fr&quot;&gt;South Australia&lt;/Description&gt;&lt;/Code&gt;&lt;Code value=&quot;0&quot;&gt;&lt;Description xml:lang=&quot;en&quot;&gt;Australia&lt;/Description&gt;&lt;Description xml:lang=&quot;fr&quot;&gt;Australia&lt;/Description&gt;&lt;/Code&gt;&lt;/CodeList&gt;&lt;CodeList id=&quot;CL_ABS_CENSUS2011_B05_SA1_SA_REGIONTYPE&quot; agencyID=&quot;ABS&quot;&gt;&lt;Name xml:lang=&quot;en&quot;&gt;Region Type&lt;/Name&gt;&lt;Name xml:lang=&quot;fr&quot;&gt;Region Type&lt;/Name&gt;&lt;Code value=&quot;SA1&quot;&gt;&lt;Description xml:lang=&quot;en&quot;&gt;Statistical Area Level 1&lt;/Description&gt;&lt;Description xml:lang=&quot;fr&quot;&gt;Statistical Area Level 1&lt;/Description&gt;&lt;/Code&gt;&lt;/CodeList&gt;&lt;CodeList id=&quot;CL_ABS_CENSUS2011_B05_SA1_SA_REGION&quot; agencyID=&quot;ABS&quot;&gt;&lt;Name xml:lang=&quot;en&quot;&gt;Region&lt;/Name&gt;&lt;Name xml:lang=&quot;fr&quot;&gt;Region&lt;/Name&gt;&lt;Code value=&quot;40101100101&quot; parentCode=&quot;401011001&quot;&gt;&lt;Description xml:lang=&quot;en&quot;&gt;40101100101&lt;/Description&gt;&lt;Description xml:lang=&quot;fr&quot;&gt;40101100101&lt;/Description&gt;&lt;/Code&gt;&lt;Code value=&quot;401011001&quot; parentCode=&quot;40101&quot;&gt;&lt;Description xml:lang=&quot;en&quot;&gt;Adelaide&lt;/Description&gt;&lt;Description xml:lang=&quot;fr&quot;&gt;Adelaide&lt;/Description&gt;&lt;/Code&gt;&lt;Code value=&quot;40101&quot; parentCode=&quot;401&quot;&gt;&lt;Description xml:lang=&quot;en&quot;&gt;Adelaide City&lt;/Description&gt;&lt;Description xml:lang=&quot;fr&quot;&gt;Adelaide City&lt;/Description&gt;&lt;/Code&gt;&lt;Code value=&quot;401&quot;&gt;&lt;Description xml:lang=&quot;en&quot;&gt;Adelaide - Central and Hills&lt;/Description&gt;&lt;Description xml:lang=&quot;fr&quot;&gt;Adelaide - Central and Hills&lt;/Description&gt;&lt;/Code&gt;&lt;Code value=&quot;40101100102&quot; parentCode=&quot;401011001&quot;&gt;&lt;Description xml:lang=&quot;en&quot;&gt;40101100102&lt;/Description&gt;&lt;Description xml:lang=&quot;fr&quot;&gt;40101100102&lt;/Description&gt;&lt;/Code&gt;&lt;Code value=&quot;40101100103&quot; parentCode=&quot;401011001&quot;&gt;&lt;Description xml:lang=&quot;en&quot;&gt;40101100103&lt;/Description&gt;&lt;Description xml:lang=&quot;fr&quot;&gt;40101100103&lt;/Description&gt;&lt;/Code&gt;&lt;Code value=&quot;40101100104&quot; parentCode=&quot;401011001&quot;&gt;&lt;Description xml:lang=&quot;en&quot;&gt;40101100104&lt;/Description&gt;&lt;Description xml:lang=&quot;fr&quot;&gt;40101100104&lt;/Description&gt;&lt;/Code&gt;&lt;Code value=&quot;40101100105&quot; parentCode=&quot;401011001&quot;&gt;&lt;Description xml:lang=&quot;en&quot;&gt;40101100105&lt;/Description&gt;&lt;Description xml:lang=&quot;fr&quot;&gt;40101100105&lt;/Description&gt;&lt;/Code&gt;&lt;Code value=&quot;40101100106&quot; parentCode=&quot;401011001&quot;&gt;&lt;Description xml:lang=&quot;en&quot;&gt;40101100106&lt;/Description&gt;&lt;Description xml:lang=&quot;fr&quot;&gt;40101100106&lt;/Description&gt;&lt;/Code&gt;&lt;Code value=&quot;40101100107&quot; parentCode=&quot;401011001&quot;&gt;&lt;Description xml:lang=&quot;en&quot;&gt;40101100107&lt;/Description&gt;&lt;Description xml:lang=&quot;fr&quot;&gt;40101100107&lt;/Description&gt;&lt;/Code&gt;&lt;Code value=&quot;40101100108&quot; parentCode=&quot;401011001&quot;&gt;&lt;Description xml:lang=&quot;en&quot;&gt;40101100108&lt;/Description&gt;&lt;Description xml:lang=&quot;fr&quot;&gt;40101100108&lt;/Description&gt;&lt;/Code&gt;&lt;Code value=&quot;40101100109&quot; parentCode=&quot;401011001&quot;&gt;&lt;Description xml:lang=&quot;en&quot;&gt;40101100109&lt;/Description&gt;&lt;Description xml:lang=&quot;fr&quot;&gt;40101100109&lt;/Description&gt;&lt;/Code&gt;&lt;Code value=&quot;40101100110&quot; parentCode=&quot;401011001&quot;&gt;&lt;Description xml:lang=&quot;en&quot;&gt;40101100110&lt;/Description&gt;&lt;Description xml:lang=&quot;fr&quot;&gt;40101100110&lt;/Description&gt;&lt;/Code&gt;&lt;Code value=&quot;40101100111&quot; parentCode=&quot;401011001&quot;&gt;&lt;Description xml:lang=&quot;en&quot;&gt;40101100111&lt;/Description&gt;&lt;Description xml:lang=&quot;fr&quot;&gt;40101100111&lt;/Description&gt;&lt;/Code&gt;&lt;Code value=&quot;40101100112&quot; parentCode=&quot;401011001&quot;&gt;&lt;Description xml:lang=&quot;en&quot;&gt;40101100112&lt;/Description&gt;&lt;Description xml:lang=&quot;fr&quot;&gt;40101100112&lt;/Description&gt;&lt;/Code&gt;&lt;Code value=&quot;40101100113&quot; parentCode=&quot;401011001&quot;&gt;&lt;Description xml:lang=&quot;en&quot;&gt;40101100113&lt;/Description&gt;&lt;Description xml:lang=&quot;fr&quot;&gt;40101100113&lt;/Description&gt;&lt;/Code&gt;&lt;Code value=&quot;40101100114&quot; parentCode=&quot;401011001&quot;&gt;&lt;Description xml:lang=&quot;en&quot;&gt;40101100114&lt;/Description&gt;&lt;Description xml:lang=&quot;fr&quot;&gt;40101100114&lt;/Description&gt;&lt;/Code&gt;&lt;Code value=&quot;40101100115&quot; parentCode=&quot;401011001&quot;&gt;&lt;Description xml:lang=&quot;en&quot;&gt;40101100115&lt;/Description&gt;&lt;Description xml:lang=&quot;fr&quot;&gt;40101100115&lt;/Description&gt;&lt;/Code&gt;&lt;Code value=&quot;40101100116&quot; parentCode=&quot;401011001&quot;&gt;&lt;Description xml:lang=&quot;en&quot;&gt;40101100116&lt;/Description&gt;&lt;Description xml:lang=&quot;fr&quot;&gt;40101100116&lt;/Description&gt;&lt;/Code&gt;&lt;Code value=&quot;40101100117&quot; parentCode=&quot;401011001&quot;&gt;&lt;Description xml:lang=&quot;en&quot;&gt;40101100117&lt;/Description&gt;&lt;Description xml:lang=&quot;fr&quot;&gt;40101100117&lt;/Description&gt;&lt;/Code&gt;&lt;Code value=&quot;40101100118&quot; parentCode=&quot;401011001&quot;&gt;&lt;Description xml:lang=&quot;en&quot;&gt;40101100118&lt;/Description&gt;&lt;Description xml:lang=&quot;fr&quot;&gt;40101100118&lt;/Description&gt;&lt;/Code&gt;&lt;Code value=&quot;40101100119&quot; parentCode=&quot;401011001&quot;&gt;&lt;Description xml:lang=&quot;en
Input 1 does not match Pattern:[A-z][A-z0-9_\-]* for class:NCNameID
Input 3 does not match Pattern:[A-z][A-z0-9_\-]* for class:NCNameID
Input 2 does not match Pattern:[A-z][A-z0-9_\-]* for class:NCNameID
Loading Codelists
Codelist: ABS:CL_ATSI_BIRTHS_SUMM_MEASURE:1.0 already exists
Loading Concepts
Loading DataStructures
DS ABS:ATSI_BIRTHS_SUMM:1.0
Loading Dataflows
Loading Codelists
Codelist: ABS:CL_ATSI_FERTILITY_MEASURE:1.0 already exists
Loading Concepts
Loading DataStructures
DS ABS:ATSI_FERTILITY:1.0
Loading Dataflows
Loading Codelists
Codelist: ABS:CL_ALC_TYP:1.0 already exists
Loading Concepts
Loading DataStructures
DS ABS:ALC:1.0
Loading Dataflows
Loading Codelists
Codelist: ABS:CL_ABS_ACLD_LFSTATUS_SEX_ABS:1.0 already exists
Loading Concepts
Loading DataStructures
DS ABS:ABS_ACLD_LFSTATUS:1.0
Loading Dataflows
Loading Codelists
Codelist: ABS:CL_ABS_ACLD_TENURE_SEX_ABS:1.0 already exists
Loading Concepts
Loading DataStructures
DS ABS:ABS_ACLD_TENURE:1.0
Loading Dataflows
Loading Codelists
Codelist: ABS:CL_ABS_ACLD_UNPAIDASST_SEX_ABS:1.0 already exists
Loading Concepts
Loading DataStructures
DS ABS:ABS_ACLD_UNPAIDASST:1.0
Loading Dataflows
Loading Codelists
Codelist: ABS:CL_ABS_ACLD_VOLWORK_SEX_ABS:1.0 already exists
Loading Concepts
Loading DataStructures
DS ABS:ABS_ACLD_VOLWORK:1.0
Loading Dataflows
Loading Codelists
Codelist: ABS:CL_AMLPS_PART_2017_MEASURE:1.0 already exists
Loading Concepts
Loading DataStructures
DS ABS:AMLPS_PART_2017:1.0
Loading Dataflows
Loading Codelists
Codelist: ABS:CL_AMLPS_RESP_2017_RESPONSE_CAT:1.0 already exists
Loading Concepts
Loading DataStructures
DS ABS:AMLPS_RESP_2017:1.0
Loading Dataflows
Loading Codelists
Codelist: ABS:CL_ABS_CENSUS2011_B01_MEASURE:1.0 already exists
Loading Concepts
Loading DataStructures
DS ABS:ABS_CENSUS2011_B01:1.0
Loading Dataflows
Loading Codelists
Codelist: ABS:CL_ABS_CENSUS2011_B01_LGA_MEASURE:1.0 already exists
Loading Concepts
Loading DataStructures
DS ABS:ABS_CENSUS2011_B01_LGA:1.0
Loading Dataflows
Loading Codelists
Codelist: ABS:CL_ABS_CENSUS2011_B01_SA1_SA_MEASURE:1.0 already exists
Loading Concepts
Loading DataStructures
DS ABS:ABS_CENSUS2011_B01_SA1_SA:1.0
Loading Dataflows
Loading Codelists
Codelist: ABS:CL_ABS_CENSUS2011_B02_MEASURE:1.0 already exists
Loading Concepts
Loading DataStructures
DS ABS:ABS_CENSUS2011_B02:1.0
Loading Dataflows
Loading Codelists
Codelist: ABS:CL_ABS_CENSUS2011_B02_LGA_MEASURE:1.0 already exists
Loading Concepts
Loading DataStructures
DS ABS:ABS_CENSUS2011_B02_LGA:1.0
Loading Dataflows
Loading Codelists
Codelist: ABS:CL_ABS_CENSUS2011_B02_SA1_SA_MEASURE:1.0 already exists
Loading Concepts
Loading DataStructures
DS ABS:ABS_CENSUS2011_B02_SA1_SA:1.0
Loading Dataflows
Loading Codelists
Codelist: ABS:CL_ABS_CENSUS2011_B03_LGA_MEASURE:1.0 already exists
Loading Concepts
Loading DataStructures
DS ABS:ABS_CENSUS2011_B03_LGA:1.0
Loading Dataflows
Loading Codelists
Codelist: ABS:CL_ABS_CENSUS2011_B03_MEASURE:1.0 already exists
Loading Concepts
Loading DataStructures
DS ABS:ABS_CENSUS2011_B03:1.0
Loading Dataflows
Loading Codelists
Codelist: ABS:CL_ABS_CENSUS2011_B03_SA1_SA_MEASURE:1.0 already exists
Loading Concepts
Loading DataStructures
DS ABS:ABS_CENSUS2011_B03_SA1_SA:1.0
Loading Dataflows
Loading Codelists
Codelist: ABS:CL_ABS_CENSUS2011_B04_MEASURE:1.0 already exists
Loading Concepts
Loading DataStructures
DS ABS:ABS_CENSUS2011_B04:1.0
Loading Dataflows
Loading Codelists
Codelist: ABS:CL_ABS_CENSUS2011_B04_LGA_MEASURE:1.0 already exists
Loading Concepts
Loading DataStructures
DS ABS:ABS_CENSUS2011_B04_LGA:1.0
Loading Dataflows
Loading Codelists
Codelist: ABS:CL_ABS_CENSUS2011_B04_SA1_SA_MEASURE:1.0 already exists
Loading Concepts
Loading DataStructures
DS ABS:ABS_CENSUS2011_B04_SA1_SA:1.0
Loading Dataflows
Loading Codelists
Codelist: ABS:CL_ABS_CENSUS2011_B05_MEASURE:1.0 already exists
Loading Concepts
Loading DataStructures
DS ABS:ABS_CENSUS2011_B05:1.0
Loading Dataflows
Loading Codelists
Codelist: ABS:CL_ABS_CENSUS2011_B05_LGA_MEASURE:1.0 already exists
Loading Concepts
Loading DataStructures
DS ABS:ABS_CENSUS2011_B05_LGA:1.0
Loading Dataflows
Loading Codelists
Codelist: ABS:CL_ABS_CENSUS2011_B05_SA1_SA_MEASURE:1.0 already exists
Loading Concepts
Loading DataStructures
DS ABS:ABS_CENSUS2011_B05_SA1_SA:1.0
Loading Dataflows
Loading: B06 Social Marital Status by Age by Sex
Header=&lt;message:Structure xmlns=&quot;http://www.SDMX.org/resources/SDMXML/schemas/v2_0/structure&quot; xmlns:common=&quot;http://www.SDMX.org/resources/SDMXML/schemas/v2_0/common&quot; xsi:schemaLocation=&quot;http://www.SDMX.org/resources/SDMXML/schemas/v2_0/structure http://www.sdmx.org/docs/2_0/SDMXStructure.xsd http://www.SDMX.org/resources/SDMXML/schemas/v2_0/message http://www.sdmx.org/docs/2_0/SDMXMessage.xsd&quot; xmlns:xsi=&quot;http://www.w3.org/2001/XMLSchema-instance&quot; xmlns:message=&quot;http://www.SDMX.org/resources/SDMXML/schemas/v2_0/message&quot;&gt;&lt;Header xmlns=&quot;http://www.SDMX.org/resources/SDMXML/schemas/v2_0/message&quot;&gt;&lt;ID&gt;none&lt;!--Statistical usage warning
ABS.Stat beta is continuing to be developed.  Data will be updated as soon as possible following its 11:30 am release on the ABS website.
--&gt;&lt;/ID&gt;&lt;Test&gt;false&lt;/Test&gt;&lt;Truncated&gt;false&lt;/Truncated&gt;&lt;Prepared&gt;2020-03-17T01:00:02&lt;/Prepared&gt;&lt;Sender id=&quot;ABS&quot;&gt;&lt;Name xml:lang=&quot;en&quot;&gt;Australian Bureau of Statistics&lt;/Name&gt;&lt;Name xml:lang=&quot;fr&quot;&gt;Australian Bureau of Statistics&lt;/Name&gt;&lt;/Sender&gt;&lt;/Header&gt;&lt;message:CodeLists&gt;&lt;CodeList id=&quot;CL_ABS_CENSUS2011_B06_MEASURE&quot; agencyID=&quot;ABS&quot;&gt;&lt;Name xml:lang=&quot;en&quot;&gt;Sex&lt;/Name&gt;&lt;Name xml:lang=&quot;fr&quot;&gt;Sex&lt;/Name&gt;&lt;Code value=&quot;1&quot; parentCode=&quot;3&quot;&gt;&lt;Description xml:lang=&quot;en&quot;&gt;Males&lt;/Description&gt;&lt;Description xml:lang=&quot;fr&quot;&gt;Males&lt;/Description&gt;&lt;/Code&gt;&lt;Code value=&quot;3&quot;&gt;&lt;Description xml:lang=&quot;en&quot;&gt;Persons&lt;/Description&gt;&lt;Description xml:lang=&quot;fr&quot;&gt;Persons&lt;/Description&gt;&lt;/Code&gt;&lt;Code value=&quot;2&quot; parentCode=&quot;3&quot;&gt;&lt;Description xml:lang=&quot;en&quot;&gt;Females&lt;/Description&gt;&lt;Description xml:lang=&quot;fr&quot;&gt;Females&lt;/Description&gt;&lt;/Code&gt;&lt;/CodeList&gt;&lt;CodeList id=&quot;CL_ABS_CENSUS2011_B06_AGE&quot; agencyID=&quot;ABS&quot;&gt;&lt;Name xml:lang=&quot;en&quot;&gt;Age&lt;/Name&gt;&lt;Name xml:lang=&quot;fr&quot;&gt;Age&lt;/Name&gt;&lt;Code value=&quot;A15&quot;&gt;&lt;Description xml:lang=&quot;en&quot;&gt;15 - 19&lt;/Description&gt;&lt;Description xml:lang=&quot;fr&quot;&gt;15 - 19&lt;/Description&gt;&lt;/Code&gt;&lt;Code value=&quot;A20&quot;&gt;&lt;Description xml:lang=&quot;en&quot;&gt;20 - 24&lt;/Description&gt;&lt;Description xml:lang=&quot;fr&quot;&gt;20 - 24&lt;/Description&gt;&lt;/Code&gt;&lt;Code value=&quot;TT&quot;&gt;&lt;Description xml:lang=&quot;en&quot;&gt;All ages&lt;/Description&gt;&lt;Description xml:lang=&quot;fr&quot;&gt;All ages&lt;/Description&gt;&lt;/Code&gt;&lt;Code value=&quot;O85&quot;&gt;&lt;Description xml:lang=&quot;en&quot;&gt;85 years and over&lt;/Description&gt;&lt;Description xml:lang=&quot;fr&quot;&gt;85 years and over&lt;/Description&gt;&lt;/Code&gt;&lt;Code value=&quot;T25&quot;&gt;&lt;Description xml:lang=&quot;en&quot;&gt;25 - 34&lt;/Description&gt;&lt;Description xml:lang=&quot;fr&quot;&gt;25 - 34&lt;/Description&gt;&lt;/Code&gt;&lt;Code value=&quot;T35&quot;&gt;&lt;Description xml:lang=&quot;en&quot;&gt;35 - 44&lt;/Description&gt;&lt;Description xml:lang=&quot;fr&quot;&gt;35 - 44&lt;/Description&gt;&lt;/Code&gt;&lt;Code value=&quot;T45&quot;&gt;&lt;Description xml:lang=&quot;en&quot;&gt;45 - 54&lt;/Description&gt;&lt;Description xml:lang=&quot;fr&quot;&gt;45 - 54&lt;/Description&gt;&lt;/Code&gt;&lt;Code value=&quot;T55&quot;&gt;&lt;Description xml:lang=&quot;en&quot;&gt;55 - 64&lt;/Description&gt;&lt;Description xml:lang=&quot;fr&quot;&gt;55 - 64&lt;/Description&gt;&lt;/Code&gt;&lt;Code value=&quot;T65&quot;&gt;&lt;Description xml:lang=&quot;en&quot;&gt;65 - 74&lt;/Description&gt;&lt;Description xml:lang=&quot;fr&quot;&gt;65 - 74&lt;/Description&gt;&lt;/Code&gt;&lt;Code value=&quot;T75&quot;&gt;&lt;Description xml:lang=&quot;en&quot;&gt;75 - 84&lt;/Description&gt;&lt;Description xml:lang=&quot;fr&quot;&gt;75 - 84&lt;/Description&gt;&lt;/Code&gt;&lt;/CodeList&gt;&lt;CodeList id=&quot;CL_ABS_CENSUS2011_B06_MDCP&quot; agencyID=&quot;ABS&quot;&gt;&lt;Name xml:lang=&quot;en&quot;&gt;Social Marital Status&lt;/Name&gt;&lt;Name xml:lang=&quot;fr&quot;&gt;Social Marital Status&lt;/Name&gt;&lt;Code value=&quot;TOT&quot;&gt;&lt;Description xml:lang=&quot;en&quot;&gt;Total&lt;/Description&gt;&lt;Description xml:lang=&quot;fr&quot;&gt;Total&lt;/Description&gt;&lt;/Code&gt;&lt;Code value=&quot;1&quot; parentCode=&quot;TOT&quot;&gt;&lt;Description xml:lang=&quot;en&quot;&gt;Married in a registered marriage&lt;/Description&gt;&lt;Description xml:lang=&quot;fr&quot;&gt;Married in a registered marriage&lt;/Description&gt;&lt;/Code&gt;&lt;Code value=&quot;2&quot; parentCode=&quot;TOT&quot;&gt;&lt;Description xml:lang=&quot;en&quot;&gt;Married in a de facto marriage(b)&lt;/Description&gt;&lt;Description xml:lang=&quot;fr&quot;&gt;Married in a de facto marriage(b)&lt;/Description&gt;&lt;/Code&gt;&lt;Code value=&quot;3&quot; parentCode=&quot;TOT&quot;&gt;&lt;Description xml:lang=&quot;en&quot;&gt;Not married&lt;/Description&gt;&lt;Description xml:lang=&quot;fr&quot;&gt;Not married&lt;/Description&gt;&lt;/Code&gt;&lt;/CodeList&gt;&lt;CodeList id=&quot;CL_ABS_CENSUS2011_B06_STATE&quot; agencyID=&quot;ABS&quot;&gt;&lt;Name xml:lang=&quot;en&quot;&gt;State&lt;/Name&gt;&lt;Name xml:lang=&quot;fr&quot;&gt;State&lt;/Name&gt;&lt;Code value=&quot;0&quot;&gt;&lt;Description xml:lang=&quot;en&quot;&gt;Australia&lt;/Description&gt;&lt;Description xml:lang=&quot;fr&quot;&gt;Australia&lt;/Description&gt;&lt;/Code&gt;&lt;Code value=&quot;1&quot; parentCode=&quot;0&quot;&gt;&lt;Description xml:lang=&quot;en&quot;&gt;New South Wales&lt;/Description&gt;&lt;Description xml:lang=&quot;fr&quot;&gt;New South Wales&lt;/Description&gt;&lt;/Code&gt;&lt;Code value=&quot;2&quot; parentCode=&quot;0&quot;&gt;&lt;Description xml:lang=&quot;en&quot;&gt;Victoria&lt;/Description&gt;&lt;Description xml:lang=&quot;fr&quot;&gt;Victoria&lt;/Description&gt;&lt;/Code&gt;&lt;Code value=&quot;3&quot; parentCode=&quot;0&quot;&gt;&lt;Description xml:lang=&quot;en&quot;&gt;Queensland&lt;/Description&gt;&lt;Description xml:lang=&quot;fr&quot;&gt;Queensland&lt;/Description&gt;&lt;/Code&gt;&lt;Code value=&quot;4&quot; parentCode=&quot;0&quot;&gt;&lt;Description xml:lang=&quot;en&quot;&gt;South Australia&lt;/Description&gt;&lt;Description xml:lang=&quot;fr&quot;&gt;South Australia&lt;/Description&gt;&lt;/Code&gt;&lt;Code value=&quot;5&quot; parentCode=&quot;0&quot;&gt;&lt;Description xml:lang=&quot;en&quot;&gt;Western Australia&lt;/Description&gt;&lt;Description xml:lang=&quot;fr&quot;&gt;Western Australia&lt;/Description&gt;&lt;/Code&gt;&lt;Code value=&quot;6&quot; parentCode=&quot;0&quot;&gt;&lt;Description xml:lang=&quot;en&quot;&gt;Tasmania&lt;/Description&gt;&lt;Description xml:lang=&quot;fr&quot;&gt;Tasmania&lt;/Description&gt;&lt;/Code&gt;&lt;Code value=&quot;7&quot; parentCode=&quot;0&quot;&gt;&lt;Description xml:lang=&quot;en&quot;&gt;Northern Territory&lt;/Description&gt;&lt;Description xml:lang=&quot;fr&quot;&gt;Northern Territory&lt;/Description&gt;&lt;/Code&gt;&lt;Code value=&quot;8&quot; parentCode=&quot;0&quot;&gt;&lt;Description xml:lang=&quot;en&quot;&gt;Australian Capital Territory&lt;/Description&gt;&lt;Description xml:lang=&quot;fr&quot;&gt;Australian Capital Territory&lt;/Description&gt;&lt;/Code&gt;&lt;Code value=&quot;9&quot; parentCode=&quot;0&quot;&gt;&lt;Description xml:lang=&quot;en&quot;&gt;Other Territories&lt;/Description&gt;&lt;Description xml:lang=&quot;fr&quot;&gt;Other Territories&lt;/Description&gt;&lt;/Code&gt;&lt;/CodeList&gt;&lt;CodeList id=&quot;CL_ABS_CENSUS2011_B06_REGIONTYPE&quot; agencyID=&quot;ABS&quot;&gt;&lt;Name xml:lang=&quot;en&quot;&gt;Region Type&lt;/Name&gt;&lt;Name xml:lang=&quot;fr&quot;&gt;Region Type&lt;/Name&gt;&lt;Code value=&quot;AUS&quot;&gt;&lt;Description xml:lang=&quot;en&quot;&gt;Australia&lt;/Description&gt;&lt;Description xml:lang=&quot;fr&quot;&gt;Australia&lt;/Description&gt;&lt;/Code&gt;&lt;Code value=&quot;STE&quot;&gt;&lt;Description xml:lang=&quot;en&quot;&gt;States and Territories&lt;/Description&gt;&lt;Description xml:lang=&quot;fr&quot;&gt;States and Territories&lt;/Description&gt;&lt;/Code&gt;&lt;Code value=&quot;SA4&quot;&gt;&lt;Description xml:lang=&quot;en&quot;&gt;Statistical Area Level 4&lt;/Description&gt;&lt;Description xml:lang=&quot;fr&quot;&gt;Statistical Area Level 4&lt;/Description&gt;&lt;/Code&gt;&lt;Code value=&quot;SA3&quot;&gt;&lt;Description xml:lang=&quot;en&quot;&gt;Statistical Area Level 3&lt;/Description&gt;&lt;Description xml:lang=&quot;fr&quot;&gt;Statistical Area Level 3&lt;/Description&gt;&lt;/Code&gt;&lt;Code value=&quot;SA2&quot;&gt;&lt;Description xml:lang=&quot;en&quot;&gt;Statistical Area Level 2&lt;/Description&gt;&lt;Description xml:lang=&quot;fr&quot;&gt;Statistical Area Level 2&lt;/Description&gt;&lt;/Code&gt;&lt;/CodeList&gt;&lt;CodeList id=&quot;CL_ABS_CENSUS2011_B06_REGION&quot; agencyID=&quot;ABS&quot;&gt;&lt;Name xml:lang=&quot;en&quot;&gt;Region&lt;/Name&gt;&lt;Name xml:lang=&quot;fr&quot;&gt;Region&lt;/Name&gt;&lt;Code value=&quot;0&quot;&gt;&lt;Description xml:lang=&quot;en&quot;&gt;Australia&lt;/Description&gt;&lt;Description xml:lang=&quot;fr&quot;&gt;Australia&lt;/Description&gt;&lt;/Code&gt;&lt;Code value=&quot;1&quot; parentCode=&quot;0&quot;&gt;&lt;Description xml:lang=&quot;en&quot;&gt;New South Wales&lt;/Description&gt;&lt;Description xml:lang=&quot;fr&quot;&gt;New South Wales&lt;/Description&gt;&lt;/Code&gt;&lt;Code value=&quot;101&quot; parentCode=&quot;1&quot;&gt;&lt;Description xml:lang=&quot;en&quot;&gt;Capital Region&lt;/Description&gt;&lt;Description xml:lang=&quot;fr&quot;&gt;Capital Region&lt;/Description&gt;&lt;/Code&gt;&lt;Code value=&quot;10101&quot; parentCode=&quot;101&quot;&gt;&lt;Description xml:lang=&quot;en&quot;&gt;Goulburn - Yass&lt;/Description&gt;&lt;Description xml:lang=&quot;fr&quot;&gt;Goulburn - Yass&lt;/Description&gt;&lt;/Code&gt;&lt;Code value=&quot;101011001&quot; parentCode=&quot;10101&quot;&gt;&lt;Description xml:lang=&quot;en&quot;&gt;Goulburn&lt;/Description&gt;&lt;Description xml:lang=&quot;fr&quot;&gt;Goulburn&lt;/Description&gt;&lt;/Code&gt;&lt;Code value=&quot;101011002&quot; parentCode=&quot;10101&quot;&gt;&lt;Description xml:lang=&quot;en&quot;&gt;Goulburn Region&lt;/Description&gt;&lt;Description xml:lang=&quot;fr&quot;&gt;Goulburn Region&lt;/Description&gt;&lt;/Code&gt;&lt;Code value=&quot;101011003&quot; parentCode=&quot;10101&quot;&gt;&lt;Description xml:lang=&quot;en&quot;&gt;Yass&lt;/Description&gt;&lt;Description xml:lang=&quot;fr&quot;&gt;Yass&lt;/Description&gt;&lt;/Code&gt;&lt;Code value=&quot;101011004&quot; parentCode=&quot;10101&quot;&gt;&lt;Description xml:lang=&quot;en&quot;&gt;Yass Region&lt;/Description&gt;&lt;Description xml:lang=&quot;fr&quot;&gt;Yass Region&lt;/Description&gt;&lt;/Code&gt;&lt;Code value=&quot;101011005&quot; parentCode=&quot;10101&quot;&gt;&lt;Description xml:lang=&quot;en&quot;&gt;Young&lt;/Description&gt;&lt;Description xml:lang=&quot;fr&quot;&gt;Young&lt;/Description&gt;&lt;/Code&gt;&lt;Code value=&quot;101011006&quot; parentCode=&quot;10101&quot;&gt;&lt;Description xml:lang=&quot;en&quot;&gt;Young Region&lt;/Description&gt;&lt;Description xml:lang=&quot;fr&quot;&gt;Young Region&lt;/Description&gt;&lt;/Code&gt;&lt;Code value=&quot;10102&quot; parentCode=&quot;101&quot;&gt;&lt;Description xml:lang=&quot;en&quot;&gt;Queanbeyan&lt;/Description&gt;&lt;Description xml:lang=&quot;fr&quot;&gt;Queanbeyan&lt;/Description&gt;&lt;/Code&gt;&lt;Code value=&quot;101021007&quot; parentCode=&quot;10102&quot;&gt;&lt;Description xml:lang=&quot;en&quot;&gt;Braidwood&lt;/Description&gt;&lt;Description xml:lang=&quot;fr&quot;&gt;Braidwood&lt;/Description&gt;&lt;/Code&gt;&lt;Code value=&quot;101021008&quot; parentCode=&quot;10102&quot;&gt;&lt;Description xml:lang=&quot;en&quot;&gt;Karabar&lt;/Descripti
Input 1 does not match Pattern:[A-z][A-z0-9_\-]* for class:NCNameID
Input 3 does not match Pattern:[A-z][A-z0-9_\-]* for class:NCNameID
Input 2 does not match Pattern:[A-z][A-z0-9_\-]* for class:NCNameID
Loading Codelists
Codelist: ABS:CL_ATSI_BIRTHS_SUMM_MEASURE:1.0 already exists
Loading Concepts
Loading DataStructures
DS ABS:ATSI_BIRTHS_SUMM:1.0
Loading Dataflows
Loading Codelists
Codelist: ABS:CL_ATSI_FERTILITY_MEASURE:1.0 already exists
Loading Concepts
Loading DataStructures
DS ABS:ATSI_FERTILITY:1.0
Loading Dataflows
Loading Codelists
Codelist: ABS:CL_ALC_TYP:1.0 already exists
Loading Concepts
Loading DataStructures
DS ABS:ALC:1.0
Loading Dataflows
Loading Codelists
Codelist: ABS:CL_ABS_ACLD_LFSTATUS_SEX_ABS:1.0 already exists
Loading Concepts
Loading DataStructures
DS ABS:ABS_ACLD_LFSTATUS:1.0
Loading Dataflows
Loading Codelists
Codelist: ABS:CL_ABS_ACLD_TENURE_SEX_ABS:1.0 already exists
Loading Concepts
Loading DataStructures
DS ABS:ABS_ACLD_TENURE:1.0
Loading Dataflows
Loading Codelists
Codelist: ABS:CL_ABS_ACLD_UNPAIDASST_SEX_ABS:1.0 already exists
Loading Concepts
Loading DataStructures
DS ABS:ABS_ACLD_UNPAIDASST:1.0
Loading Dataflows
Loading Codelists
Codelist: ABS:CL_ABS_ACLD_VOLWORK_SEX_ABS:1.0 already exists
Loading Concepts
Loading DataStructures
DS ABS:ABS_ACLD_VOLWORK:1.0
Loading Dataflows
Loading Codelists
Codelist: ABS:CL_AMLPS_PART_2017_MEASURE:1.0 already exists
Loading Concepts
Loading DataStructures
DS ABS:AMLPS_PART_2017:1.0
Loading Dataflows
Loading Codelists
Codelist: ABS:CL_AMLPS_RESP_2017_RESPONSE_CAT:1.0 already exists
Loading Concepts
Loading DataStructures
DS ABS:AMLPS_RESP_2017:1.0
Loading Dataflows
Loading Codelists
Codelist: ABS:CL_ABS_CENSUS2011_B01_MEASURE:1.0 already exists
Loading Concepts
Loading DataStructures
DS ABS:ABS_CENSUS2011_B01:1.0
Loading Dataflows
Loading Codelists
Codelist: ABS:CL_ABS_CENSUS2011_B01_LGA_MEASURE:1.0 already exists
Loading Concepts
Loading DataStructures
DS ABS:ABS_CENSUS2011_B01_LGA:1.0
Loading Dataflows
Loading Codelists
Codelist: ABS:CL_ABS_CENSUS2011_B01_SA1_SA_MEASURE:1.0 already exists
Loading Concepts
Loading DataStructures
DS ABS:ABS_CENSUS2011_B01_SA1_SA:1.0
Loading Dataflows
Loading Codelists
Codelist: ABS:CL_ABS_CENSUS2011_B02_MEASURE:1.0 already exists
Loading Concepts
Loading DataStructures
DS ABS:ABS_CENSUS2011_B02:1.0
Loading Dataflows
Loading Codelists
Codelist: ABS:CL_ABS_CENSUS2011_B02_LGA_MEASURE:1.0 already exists
Loading Concepts
Loading DataStructures
DS ABS:ABS_CENSUS2011_B02_LGA:1.0
Loading Dataflows
Loading Codelists
Codelist: ABS:CL_ABS_CENSUS2011_B02_SA1_SA_MEASURE:1.0 already exists
Loading Concepts
Loading DataStructures
DS ABS:ABS_CENSUS2011_B02_SA1_SA:1.0
Loading Dataflows
Loading Codelists
Codelist: ABS:CL_ABS_CENSUS2011_B03_LGA_MEASURE:1.0 already exists
Loading Concepts
Loading DataStructures
DS ABS:ABS_CENSUS2011_B03_LGA:1.0
Loading Dataflows
Loading Codelists
Codelist: ABS:CL_ABS_CENSUS2011_B03_MEASURE:1.0 already exists
Loading Concepts
Loading DataStructures
DS ABS:ABS_CENSUS2011_B03:1.0
Loading Dataflows
Loading Codelists
Codelist: ABS:CL_ABS_CENSUS2011_B03_SA1_SA_MEASURE:1.0 already exists
Loading Concepts
Loading DataStructures
DS ABS:ABS_CENSUS2011_B03_SA1_SA:1.0
Loading Dataflows
Loading Codelists
Codelist: ABS:CL_ABS_CENSUS2011_B04_MEASURE:1.0 already exists
Loading Concepts
Loading DataStructures
DS ABS:ABS_CENSUS2011_B04:1.0
Loading Dataflows
Loading Codelists
Codelist: ABS:CL_ABS_CENSUS2011_B04_LGA_MEASURE:1.0 already exists
Loading Concepts
Loading DataStructures
DS ABS:ABS_CENSUS2011_B04_LGA:1.0
Loading Dataflows
Loading Codelists
Codelist: ABS:CL_ABS_CENSUS2011_B04_SA1_SA_MEASURE:1.0 already exists
Loading Concepts
Loading DataStructures
DS ABS:ABS_CENSUS2011_B04_SA1_SA:1.0
Loading Dataflows
Loading Codelists
Codelist: ABS:CL_ABS_CENSUS2011_B05_MEASURE:1.0 already exists
Loading Concepts
Loading DataStructures
DS ABS:ABS_CENSUS2011_B05:1.0
Loading Dataflows
Loading Codelists
Codelist: ABS:CL_ABS_CENSUS2011_B05_LGA_MEASURE:1.0 already exists
Loading Concepts
Loading DataStructures
DS ABS:ABS_CENSUS2011_B05_LGA:1.0
Loading Dataflows
Loading Codelists
Codelist: ABS:CL_ABS_CENSUS2011_B05_SA1_SA_MEASURE:1.0 already exists
Loading Concepts
Loading DataStructures
DS ABS:ABS_CENSUS2011_B05_SA1_SA:1.0
Loading Dataflows
Loading Codelists
Codelist: ABS:CL_ABS_CENSUS2011_B06_MEASURE:1.0 already exists
Loading Concepts
Loading DataStructures
DS ABS:ABS_CENSUS2011_B06:1.0
Loading Dataflows
Loading: B06 Social Marital Status by Age by Sex (LGA)
Header=&lt;message:Structure xmlns=&quot;http://www.SDMX.org/resources/SDMXML/schemas/v2_0/structure&quot; xmlns:common=&quot;http://www.SDMX.org/resources/SDMXML/schemas/v2_0/common&quot; xsi:schemaLocation=&quot;http://www.SDMX.org/resources/SDMXML/schemas/v2_0/structure http://www.sdmx.org/docs/2_0/SDMXStructure.xsd http://www.SDMX.org/resources/SDMXML/schemas/v2_0/message http://www.sdmx.org/docs/2_0/SDMXMessage.xsd&quot; xmlns:xsi=&quot;http://www.w3.org/2001/XMLSchema-instance&quot; xmlns:message=&quot;http://www.SDMX.org/resources/SDMXML/schemas/v2_0/message&quot;&gt;&lt;Header xmlns=&quot;http://www.SDMX.org/resources/SDMXML/schemas/v2_0/message&quot;&gt;&lt;ID&gt;none&lt;!--Statistical usage warning
ABS.Stat beta is continuing to be developed.  Data will be updated as soon as possible following its 11:30 am release on the ABS website.
--&gt;&lt;/ID&gt;&lt;Test&gt;false&lt;/Test&gt;&lt;Truncated&gt;false&lt;/Truncated&gt;&lt;Prepared&gt;2020-03-17T01:00:04&lt;/Prepared&gt;&lt;Sender id=&quot;ABS&quot;&gt;&lt;Name xml:lang=&quot;en&quot;&gt;Australian Bureau of Statistics&lt;/Name&gt;&lt;Name xml:lang=&quot;fr&quot;&gt;Australian Bureau of Statistics&lt;/Name&gt;&lt;/Sender&gt;&lt;/Header&gt;&lt;message:CodeLists&gt;&lt;CodeList id=&quot;CL_ABS_CENSUS2011_B06_LGA_MEASURE&quot; agencyID=&quot;ABS&quot;&gt;&lt;Name xml:lang=&quot;en&quot;&gt;Sex&lt;/Name&gt;&lt;Name xml:lang=&quot;fr&quot;&gt;Sex&lt;/Name&gt;&lt;Code value=&quot;1&quot; parentCode=&quot;3&quot;&gt;&lt;Description xml:lang=&quot;en&quot;&gt;Males&lt;/Description&gt;&lt;Description xml:lang=&quot;fr&quot;&gt;Males&lt;/Description&gt;&lt;/Code&gt;&lt;Code value=&quot;3&quot;&gt;&lt;Description xml:lang=&quot;en&quot;&gt;Persons&lt;/Description&gt;&lt;Description xml:lang=&quot;fr&quot;&gt;Persons&lt;/Description&gt;&lt;/Code&gt;&lt;Code value=&quot;2&quot; parentCode=&quot;3&quot;&gt;&lt;Description xml:lang=&quot;en&quot;&gt;Females&lt;/Description&gt;&lt;Description xml:lang=&quot;fr&quot;&gt;Females&lt;/Description&gt;&lt;/Code&gt;&lt;/CodeList&gt;&lt;CodeList id=&quot;CL_ABS_CENSUS2011_B06_LGA_AGE&quot; agencyID=&quot;ABS&quot;&gt;&lt;Name xml:lang=&quot;en&quot;&gt;Age&lt;/Name&gt;&lt;Name xml:lang=&quot;fr&quot;&gt;Age&lt;/Name&gt;&lt;Code value=&quot;A15&quot;&gt;&lt;Description xml:lang=&quot;en&quot;&gt;15 - 19&lt;/Description&gt;&lt;Description xml:lang=&quot;fr&quot;&gt;15 - 19&lt;/Description&gt;&lt;/Code&gt;&lt;Code value=&quot;A20&quot;&gt;&lt;Description xml:lang=&quot;en&quot;&gt;20 - 24&lt;/Description&gt;&lt;Description xml:lang=&quot;fr&quot;&gt;20 - 24&lt;/Description&gt;&lt;/Code&gt;&lt;Code value=&quot;TT&quot;&gt;&lt;Description xml:lang=&quot;en&quot;&gt;All ages&lt;/Description&gt;&lt;Description xml:lang=&quot;fr&quot;&gt;All ages&lt;/Description&gt;&lt;/Code&gt;&lt;Code value=&quot;O85&quot;&gt;&lt;Description xml:lang=&quot;en&quot;&gt;85 years and over&lt;/Description&gt;&lt;Description xml:lang=&quot;fr&quot;&gt;85 years and over&lt;/Description&gt;&lt;/Code&gt;&lt;Code value=&quot;T25&quot;&gt;&lt;Description xml:lang=&quot;en&quot;&gt;25 - 34&lt;/Description&gt;&lt;Description xml:lang=&quot;fr&quot;&gt;25 - 34&lt;/Description&gt;&lt;/Code&gt;&lt;Code value=&quot;T35&quot;&gt;&lt;Description xml:lang=&quot;en&quot;&gt;35 - 44&lt;/Description&gt;&lt;Description xml:lang=&quot;fr&quot;&gt;35 - 44&lt;/Description&gt;&lt;/Code&gt;&lt;Code value=&quot;T45&quot;&gt;&lt;Description xml:lang=&quot;en&quot;&gt;45 - 54&lt;/Description&gt;&lt;Description xml:lang=&quot;fr&quot;&gt;45 - 54&lt;/Description&gt;&lt;/Code&gt;&lt;Code value=&quot;T55&quot;&gt;&lt;Description xml:lang=&quot;en&quot;&gt;55 - 64&lt;/Description&gt;&lt;Description xml:lang=&quot;fr&quot;&gt;55 - 64&lt;/Description&gt;&lt;/Code&gt;&lt;Code value=&quot;T65&quot;&gt;&lt;Description xml:lang=&quot;en&quot;&gt;65 - 74&lt;/Description&gt;&lt;Description xml:lang=&quot;fr&quot;&gt;65 - 74&lt;/Description&gt;&lt;/Code&gt;&lt;Code value=&quot;T75&quot;&gt;&lt;Description xml:lang=&quot;en&quot;&gt;75 - 84&lt;/Description&gt;&lt;Description xml:lang=&quot;fr&quot;&gt;75 - 84&lt;/Description&gt;&lt;/Code&gt;&lt;/CodeList&gt;&lt;CodeList id=&quot;CL_ABS_CENSUS2011_B06_LGA_MDCP&quot; agencyID=&quot;ABS&quot;&gt;&lt;Name xml:lang=&quot;en&quot;&gt;Social Marital Status&lt;/Name&gt;&lt;Name xml:lang=&quot;fr&quot;&gt;Social Marital Status&lt;/Name&gt;&lt;Code value=&quot;TOT&quot;&gt;&lt;Description xml:lang=&quot;en&quot;&gt;Total&lt;/Description&gt;&lt;Description xml:lang=&quot;fr&quot;&gt;Total&lt;/Description&gt;&lt;/Code&gt;&lt;Code value=&quot;1&quot; parentCode=&quot;TOT&quot;&gt;&lt;Description xml:lang=&quot;en&quot;&gt;Married in a registered marriage&lt;/Description&gt;&lt;Description xml:lang=&quot;fr&quot;&gt;Married in a registered marriage&lt;/Description&gt;&lt;/Code&gt;&lt;Code value=&quot;2&quot; parentCode=&quot;TOT&quot;&gt;&lt;Description xml:lang=&quot;en&quot;&gt;Married in a de facto marriage(b)&lt;/Description&gt;&lt;Description xml:lang=&quot;fr&quot;&gt;Married in a de facto marriage(b)&lt;/Description&gt;&lt;/Code&gt;&lt;Code value=&quot;3&quot; parentCode=&quot;TOT&quot;&gt;&lt;Description xml:lang=&quot;en&quot;&gt;Not married&lt;/Description&gt;&lt;Description xml:lang=&quot;fr&quot;&gt;Not married&lt;/Description&gt;&lt;/Code&gt;&lt;/CodeList&gt;&lt;CodeList id=&quot;CL_ABS_CENSUS2011_B06_LGA_STATE&quot; agencyID=&quot;ABS&quot;&gt;&lt;Name xml:lang=&quot;en&quot;&gt;State&lt;/Name&gt;&lt;Name xml:lang=&quot;fr&quot;&gt;State&lt;/Name&gt;&lt;Code value=&quot;1&quot; parentCode=&quot;0&quot;&gt;&lt;Description xml:lang=&quot;en&quot;&gt;New South Wales&lt;/Description&gt;&lt;Description xml:lang=&quot;fr&quot;&gt;New South Wales&lt;/Description&gt;&lt;/Code&gt;&lt;Code value=&quot;0&quot;&gt;&lt;Description xml:lang=&quot;en&quot;&gt;Australia&lt;/Description&gt;&lt;Description xml:lang=&quot;fr&quot;&gt;Australia&lt;/Description&gt;&lt;/Code&gt;&lt;Code value=&quot;2&quot; parentCode=&quot;0&quot;&gt;&lt;Description xml:lang=&quot;en&quot;&gt;Victoria&lt;/Description&gt;&lt;Description xml:lang=&quot;fr&quot;&gt;Victoria&lt;/Description&gt;&lt;/Code&gt;&lt;Code value=&quot;3&quot; parentCode=&quot;0&quot;&gt;&lt;Description xml:lang=&quot;en&quot;&gt;Queensland&lt;/Description&gt;&lt;Description xml:lang=&quot;fr&quot;&gt;Queensland&lt;/Description&gt;&lt;/Code&gt;&lt;Code value=&quot;4&quot; parentCode=&quot;0&quot;&gt;&lt;Description xml:lang=&quot;en&quot;&gt;South Australia&lt;/Description&gt;&lt;Description xml:lang=&quot;fr&quot;&gt;South Australia&lt;/Description&gt;&lt;/Code&gt;&lt;Code value=&quot;5&quot; parentCode=&quot;0&quot;&gt;&lt;Description xml:lang=&quot;en&quot;&gt;Western Australia&lt;/Description&gt;&lt;Description xml:lang=&quot;fr&quot;&gt;Western Australia&lt;/Description&gt;&lt;/Code&gt;&lt;Code value=&quot;6&quot; parentCode=&quot;0&quot;&gt;&lt;Description xml:lang=&quot;en&quot;&gt;Tasmania&lt;/Description&gt;&lt;Description xml:lang=&quot;fr&quot;&gt;Tasmania&lt;/Description&gt;&lt;/Code&gt;&lt;Code value=&quot;7&quot; parentCode=&quot;0&quot;&gt;&lt;Description xml:lang=&quot;en&quot;&gt;Northern Territory&lt;/Description&gt;&lt;Description xml:lang=&quot;fr&quot;&gt;Northern Territory&lt;/Description&gt;&lt;/Code&gt;&lt;Code value=&quot;8&quot; parentCode=&quot;0&quot;&gt;&lt;Description xml:lang=&quot;en&quot;&gt;Australian Capital Territory&lt;/Description&gt;&lt;Description xml:lang=&quot;fr&quot;&gt;Australian Capital Territory&lt;/Description&gt;&lt;/Code&gt;&lt;Code value=&quot;9&quot; parentCode=&quot;0&quot;&gt;&lt;Description xml:lang=&quot;en&quot;&gt;Other Territories&lt;/Description&gt;&lt;Description xml:lang=&quot;fr&quot;&gt;Other Territories&lt;/Description&gt;&lt;/Code&gt;&lt;/CodeList&gt;&lt;CodeList id=&quot;CL_ABS_CENSUS2011_B06_LGA_REGIONTYPE&quot; agencyID=&quot;ABS&quot;&gt;&lt;Name xml:lang=&quot;en&quot;&gt;Region Type&lt;/Name&gt;&lt;Name xml:lang=&quot;fr&quot;&gt;Region Type&lt;/Name&gt;&lt;Code value=&quot;LGA2011&quot; parentCode=&quot;LGA&quot;&gt;&lt;Description xml:lang=&quot;en&quot;&gt;Local Government Areas (2011)&lt;/Description&gt;&lt;Description xml:lang=&quot;fr&quot;&gt;Local Government Areas (2011)&lt;/Description&gt;&lt;/Code&gt;&lt;Code value=&quot;LGA&quot;&gt;&lt;Description xml:lang=&quot;en&quot;&gt;Local Government Areas&lt;/Description&gt;&lt;Description xml:lang=&quot;fr&quot;&gt;Local Government Areas&lt;/Description&gt;&lt;/Code&gt;&lt;/CodeList&gt;&lt;CodeList id=&quot;CL_ABS_CENSUS2011_B06_LGA_REGION&quot; agencyID=&quot;ABS&quot;&gt;&lt;Name xml:lang=&quot;en&quot;&gt;LGA 2011&lt;/Name&gt;&lt;Name xml:lang=&quot;fr&quot;&gt;LGA 2011&lt;/Name&gt;&lt;Code value=&quot;10050&quot; parentCode=&quot;1&quot;&gt;&lt;Description xml:lang=&quot;en&quot;&gt;Albury (C)&lt;/Description&gt;&lt;Description xml:lang=&quot;fr&quot;&gt;Albury (C)&lt;/Description&gt;&lt;/Code&gt;&lt;Code value=&quot;1&quot;&gt;&lt;Description xml:lang=&quot;en&quot;&gt;New South Wales&lt;/Description&gt;&lt;Description xml:lang=&quot;fr&quot;&gt;New South Wales&lt;/Description&gt;&lt;/Code&gt;&lt;Code value=&quot;10110&quot; parentCode=&quot;1&quot;&gt;&lt;Description xml:lang=&quot;en&quot;&gt;Armidale Dumaresq (A)&lt;/Description&gt;&lt;Description xml:lang=&quot;fr&quot;&gt;Armidale Dumaresq (A)&lt;/Description&gt;&lt;/Code&gt;&lt;Code value=&quot;10150&quot; parentCode=&quot;1&quot;&gt;&lt;Description xml:lang=&quot;en&quot;&gt;Ashfield (A)&lt;/Description&gt;&lt;Description xml:lang=&quot;fr&quot;&gt;Ashfield (A)&lt;/Description&gt;&lt;/Code&gt;&lt;Code value=&quot;10200&quot; parentCode=&quot;1&quot;&gt;&lt;Description xml:lang=&quot;en&quot;&gt;Auburn (C)&lt;/Description&gt;&lt;Description xml:lang=&quot;fr&quot;&gt;Auburn (C)&lt;/Description&gt;&lt;/Code&gt;&lt;Code value=&quot;10250&quot; parentCode=&quot;1&quot;&gt;&lt;Description xml:lang=&quot;en&quot;&gt;Ballina (A)&lt;/Description&gt;&lt;Description xml:lang=&quot;fr&quot;&gt;Ballina (A)&lt;/Description&gt;&lt;/Code&gt;&lt;Code value=&quot;10300&quot; parentCode=&quot;1&quot;&gt;&lt;Description xml:lang=&quot;en&quot;&gt;Balranald (A)&lt;/Description&gt;&lt;Description xml:lang=&quot;fr&quot;&gt;Balranald (A)&lt;/Description&gt;&lt;/Code&gt;&lt;Code value=&quot;10350&quot; parentCode=&quot;1&quot;&gt;&lt;Description xml:lang=&quot;en&quot;&gt;Bankstown (C)&lt;/Description&gt;&lt;Description xml:lang=&quot;fr&quot;&gt;Bankstown (C)&lt;/Description&gt;&lt;/Code&gt;&lt;Code value=&quot;10470&quot; parentCode=&quot;1&quot;&gt;&lt;Description xml:lang=&quot;en&quot;&gt;Bathurst Regional (A)&lt;/Description&gt;&lt;Description xml:lang=&quot;fr&quot;&gt;Bathurst Regional (A)&lt;/Description&gt;&lt;/Code&gt;&lt;Code value=&quot;10550&quot; parentCode=&quot;1&quot;&gt;&lt;Description xml:lang=&quot;en&quot;&gt;Bega Valley (A)&lt;/Description&gt;&lt;Description xml:lang=&quot;fr&quot;&gt;Bega Valley (A)&lt;/Description&gt;&lt;/Code&gt;&lt;Code value=&quot;10600&quot; parentCode=&quot;1&quot;&gt;&lt;Description xml:lang=&quot;en&quot;&gt;Bellingen (A)&lt;/Description&gt;&lt;Description xml:lang=&quot;fr&quot;&gt;Bellingen (A)&lt;/Description&gt;&lt;/Code&gt;&lt;Code value=&quot;10650&quot; parentCode=&quot;1&quot;&gt;&lt;Description xml:lang=&quot;en&quot;&gt;Berrigan (A)&lt;/Description&gt;&lt;Description xml:lang=&quot;fr&quot;&gt;Berrigan (A)&lt;/Description&gt;&lt;/Code&gt;&lt;Code value=&quot;10750&quot; parentCode=&quot;1&quot;&gt;&lt;Description xml:lang=&quot;en&quot;&gt;Blacktown (C)&lt;/Description&gt;&lt;Description xml:lang=&quot;fr&quot;&gt;Blacktown (C)&lt;/Description&gt;&lt;/Code&gt;&lt;Code value=&quot;10800&quot; parentCode=&quot;1&quot;&gt;&lt;Description xml:lang=&quot;en&quot;&gt;Bland (A)&lt;/Description&gt;&lt;Description xml:lang=&quot;fr&quot;&gt;Bland (A)&lt;/Description&gt;&lt;/Code&gt;&lt;Code value=&quot;10850&quot; parentCode=&quot;1&quot;&gt;&lt;Description xml:lang=&quot;en&quot;&gt;Blayney (A)&lt;/Description&gt;&lt;Description xml:lang=&quot;fr&quot;&gt;Blayney (A)&lt;/Description&gt;&lt;/Code&gt;&lt;C
Input 1 does not match Pattern:[A-z][A-z0-9_\-]* for class:NCNameID
Input 3 does not match Pattern:[A-z][A-z0-9_\-]* for class:NCNameID
Input 2 does not match Pattern:[A-z][A-z0-9_\-]* for class:NCNameID
Loading Codelists
Codelist: ABS:CL_ATSI_BIRTHS_SUMM_MEASURE:1.0 already exists
Loading Concepts
Loading DataStructures
DS ABS:ATSI_BIRTHS_SUMM:1.0
Loading Dataflows
Loading Codelists
Codelist: ABS:CL_ATSI_FERTILITY_MEASURE:1.0 already exists
Loading Concepts
Loading DataStructures
DS ABS:ATSI_FERTILITY:1.0
Loading Dataflows
Loading Codelists
Codelist: ABS:CL_ALC_TYP:1.0 already exists
Loading Concepts
Loading DataStructures
DS ABS:ALC:1.0
Loading Dataflows
Loading Codelists
Codelist: ABS:CL_ABS_ACLD_LFSTATUS_SEX_ABS:1.0 already exists
Loading Concepts
Loading DataStructures
DS ABS:ABS_ACLD_LFSTATUS:1.0
Loading Dataflows
Loading Codelists
Codelist: ABS:CL_ABS_ACLD_TENURE_SEX_ABS:1.0 already exists
Loading Concepts
Loading DataStructures
DS ABS:ABS_ACLD_TENURE:1.0
Loading Dataflows
Loading Codelists
Codelist: ABS:CL_ABS_ACLD_UNPAIDASST_SEX_ABS:1.0 already exists
Loading Concepts
Loading DataStructures
DS ABS:ABS_ACLD_UNPAIDASST:1.0
Loading Dataflows
Loading Codelists
Codelist: ABS:CL_ABS_ACLD_VOLWORK_SEX_ABS:1.0 already exists
Loading Concepts
Loading DataStructures
DS ABS:ABS_ACLD_VOLWORK:1.0
Loading Dataflows
Loading Codelists
Codelist: ABS:CL_AMLPS_PART_2017_MEASURE:1.0 already exists
Loading Concepts
Loading DataStructures
DS ABS:AMLPS_PART_2017:1.0
Loading Dataflows
Loading Codelists
Codelist: ABS:CL_AMLPS_RESP_2017_RESPONSE_CAT:1.0 already exists
Loading Concepts
Loading DataStructures
DS ABS:AMLPS_RESP_2017:1.0
Loading Dataflows
Loading Codelists
Codelist: ABS:CL_ABS_CENSUS2011_B01_MEASURE:1.0 already exists
Loading Concepts
Loading DataStructures
DS ABS:ABS_CENSUS2011_B01:1.0
Loading Dataflows
Loading Codelists
Codelist: ABS:CL_ABS_CENSUS2011_B01_LGA_MEASURE:1.0 already exists
Loading Concepts
Loading DataStructures
DS ABS:ABS_CENSUS2011_B01_LGA:1.0
Loading Dataflows
Loading Codelists
Codelist: ABS:CL_ABS_CENSUS2011_B01_SA1_SA_MEASURE:1.0 already exists
Loading Concepts
Loading DataStructures
DS ABS:ABS_CENSUS2011_B01_SA1_SA:1.0
Loading Dataflows
Loading Codelists
Codelist: ABS:CL_ABS_CENSUS2011_B02_MEASURE:1.0 already exists
Loading Concepts
Loading DataStructures
DS ABS:ABS_CENSUS2011_B02:1.0
Loading Dataflows
Loading Codelists
Codelist: ABS:CL_ABS_CENSUS2011_B02_LGA_MEASURE:1.0 already exists
Loading Concepts
Loading DataStructures
DS ABS:ABS_CENSUS2011_B02_LGA:1.0
Loading Dataflows
Loading Codelists
Codelist: ABS:CL_ABS_CENSUS2011_B02_SA1_SA_MEASURE:1.0 already exists
Loading Concepts
Loading DataStructures
DS ABS:ABS_CENSUS2011_B02_SA1_SA:1.0
Loading Dataflows
Loading Codelists
Codelist: ABS:CL_ABS_CENSUS2011_B03_LGA_MEASURE:1.0 already exists
Loading Concepts
Loading DataStructures
DS ABS:ABS_CENSUS2011_B03_LGA:1.0
Loading Dataflows
Loading Codelists
Codelist: ABS:CL_ABS_CENSUS2011_B03_MEASURE:1.0 already exists
Loading Concepts
Loading DataStructures
DS ABS:ABS_CENSUS2011_B03:1.0
Loading Dataflows
Loading Codelists
Codelist: ABS:CL_ABS_CENSUS2011_B03_SA1_SA_MEASURE:1.0 already exists
Loading Concepts
Loading DataStructures
DS ABS:ABS_CENSUS2011_B03_SA1_SA:1.0
Loading Dataflows
Loading Codelists
Codelist: ABS:CL_ABS_CENSUS2011_B04_MEASURE:1.0 already exists
Loading Concepts
Loading DataStructures
DS ABS:ABS_CENSUS2011_B04:1.0
Loading Dataflows
Loading Codelists
Codelist: ABS:CL_ABS_CENSUS2011_B04_LGA_MEASURE:1.0 already exists
Loading Concepts
Loading DataStructures
DS ABS:ABS_CENSUS2011_B04_LGA:1.0
Loading Dataflows
Loading Codelists
Codelist: ABS:CL_ABS_CENSUS2011_B04_SA1_SA_MEASURE:1.0 already exists
Loading Concepts
Loading DataStructures
DS ABS:ABS_CENSUS2011_B04_SA1_SA:1.0
Loading Dataflows
Loading Codelists
Codelist: ABS:CL_ABS_CENSUS2011_B05_MEASURE:1.0 already exists
Loading Concepts
Loading DataStructures
DS ABS:ABS_CENSUS2011_B05:1.0
Loading Dataflows
Loading Codelists
Codelist: ABS:CL_ABS_CENSUS2011_B05_LGA_MEASURE:1.0 already exists
Loading Concepts
Loading DataStructures
DS ABS:ABS_CENSUS2011_B05_LGA:1.0
Loading Dataflows
Loading Codelists
Codelist: ABS:CL_ABS_CENSUS2011_B05_SA1_SA_MEASURE:1.0 already exists
Loading Concepts
Loading DataStructures
DS ABS:ABS_CENSUS2011_B05_SA1_SA:1.0
Loading Dataflows
Loading Codelists
Codelist: ABS:CL_ABS_CENSUS2011_B06_MEASURE:1.0 already exists
Loading Concepts
Loading DataStructures
DS ABS:ABS_CENSUS2011_B06:1.0
Loading Dataflows
Loading Codelists
Codelist: ABS:CL_ABS_CENSUS2011_B06_LGA_MEASURE:1.0 already exists
Loading Concepts
Loading DataStructures
DS ABS:ABS_CENSUS2011_B06_LGA:1.0
Loading Dataflows
Loading: B06 Social Marital Status by Age by Sex(SA1 SA)
Header=&lt;message:Structure xmlns=&quot;http://www.SDMX.org/resources/SDMXML/schemas/v2_0/structure&quot; xmlns:common=&quot;http://www.SDMX.org/resources/SDMXML/schemas/v2_0/common&quot; xsi:schemaLocation=&quot;http://www.SDMX.org/resources/SDMXML/schemas/v2_0/structure http://www.sdmx.org/docs/2_0/SDMXStructure.xsd http://www.SDMX.org/resources/SDMXML/schemas/v2_0/message http://www.sdmx.org/docs/2_0/SDMXMessage.xsd&quot; xmlns:xsi=&quot;http://www.w3.org/2001/XMLSchema-instance&quot; xmlns:message=&quot;http://www.SDMX.org/resources/SDMXML/schemas/v2_0/message&quot;&gt;&lt;Header xmlns=&quot;http://www.SDMX.org/resources/SDMXML/schemas/v2_0/message&quot;&gt;&lt;ID&gt;none&lt;!--Statistical usage warning
ABS.Stat beta is continuing to be developed.  Data will be updated as soon as possible following its 11:30 am release on the ABS website.
--&gt;&lt;/ID&gt;&lt;Test&gt;false&lt;/Test&gt;&lt;Truncated&gt;false&lt;/Truncated&gt;&lt;Prepared&gt;2020-03-17T01:00:04&lt;/Prepared&gt;&lt;Sender id=&quot;ABS&quot;&gt;&lt;Name xml:lang=&quot;en&quot;&gt;Australian Bureau of Statistics&lt;/Name&gt;&lt;Name xml:lang=&quot;fr&quot;&gt;Australian Bureau of Statistics&lt;/Name&gt;&lt;/Sender&gt;&lt;/Header&gt;&lt;message:CodeLists&gt;&lt;CodeList id=&quot;CL_ABS_CENSUS2011_B06_SA1_SA_MEASURE&quot; agencyID=&quot;ABS&quot;&gt;&lt;Name xml:lang=&quot;en&quot;&gt;Sex&lt;/Name&gt;&lt;Name xml:lang=&quot;fr&quot;&gt;Sex&lt;/Name&gt;&lt;Code value=&quot;1&quot; parentCode=&quot;3&quot;&gt;&lt;Description xml:lang=&quot;en&quot;&gt;Males&lt;/Description&gt;&lt;Description xml:lang=&quot;fr&quot;&gt;Males&lt;/Description&gt;&lt;/Code&gt;&lt;Code value=&quot;3&quot;&gt;&lt;Description xml:lang=&quot;en&quot;&gt;Persons&lt;/Description&gt;&lt;Description xml:lang=&quot;fr&quot;&gt;Persons&lt;/Description&gt;&lt;/Code&gt;&lt;Code value=&quot;2&quot; parentCode=&quot;3&quot;&gt;&lt;Description xml:lang=&quot;en&quot;&gt;Females&lt;/Description&gt;&lt;Description xml:lang=&quot;fr&quot;&gt;Females&lt;/Description&gt;&lt;/Code&gt;&lt;/CodeList&gt;&lt;CodeList id=&quot;CL_ABS_CENSUS2011_B06_SA1_SA_AGE&quot; agencyID=&quot;ABS&quot;&gt;&lt;Name xml:lang=&quot;en&quot;&gt;Age&lt;/Name&gt;&lt;Name xml:lang=&quot;fr&quot;&gt;Age&lt;/Name&gt;&lt;Code value=&quot;A15&quot;&gt;&lt;Description xml:lang=&quot;en&quot;&gt;15 - 19&lt;/Description&gt;&lt;Description xml:lang=&quot;fr&quot;&gt;15 - 19&lt;/Description&gt;&lt;/Code&gt;&lt;Code value=&quot;A20&quot;&gt;&lt;Description xml:lang=&quot;en&quot;&gt;20 - 24&lt;/Description&gt;&lt;Description xml:lang=&quot;fr&quot;&gt;20 - 24&lt;/Description&gt;&lt;/Code&gt;&lt;Code value=&quot;TT&quot;&gt;&lt;Description xml:lang=&quot;en&quot;&gt;All ages&lt;/Description&gt;&lt;Description xml:lang=&quot;fr&quot;&gt;All ages&lt;/Description&gt;&lt;/Code&gt;&lt;Code value=&quot;O85&quot;&gt;&lt;Description xml:lang=&quot;en&quot;&gt;85 years and over&lt;/Description&gt;&lt;Description xml:lang=&quot;fr&quot;&gt;85 years and over&lt;/Description&gt;&lt;/Code&gt;&lt;Code value=&quot;T25&quot;&gt;&lt;Description xml:lang=&quot;en&quot;&gt;25 - 34&lt;/Description&gt;&lt;Description xml:lang=&quot;fr&quot;&gt;25 - 34&lt;/Description&gt;&lt;/Code&gt;&lt;Code value=&quot;T35&quot;&gt;&lt;Description xml:lang=&quot;en&quot;&gt;35 - 44&lt;/Description&gt;&lt;Description xml:lang=&quot;fr&quot;&gt;35 - 44&lt;/Description&gt;&lt;/Code&gt;&lt;Code value=&quot;T45&quot;&gt;&lt;Description xml:lang=&quot;en&quot;&gt;45 - 54&lt;/Description&gt;&lt;Description xml:lang=&quot;fr&quot;&gt;45 - 54&lt;/Description&gt;&lt;/Code&gt;&lt;Code value=&quot;T55&quot;&gt;&lt;Description xml:lang=&quot;en&quot;&gt;55 - 64&lt;/Description&gt;&lt;Description xml:lang=&quot;fr&quot;&gt;55 - 64&lt;/Description&gt;&lt;/Code&gt;&lt;Code value=&quot;T65&quot;&gt;&lt;Description xml:lang=&quot;en&quot;&gt;65 - 74&lt;/Description&gt;&lt;Description xml:lang=&quot;fr&quot;&gt;65 - 74&lt;/Description&gt;&lt;/Code&gt;&lt;Code value=&quot;T75&quot;&gt;&lt;Description xml:lang=&quot;en&quot;&gt;75 - 84&lt;/Description&gt;&lt;Description xml:lang=&quot;fr&quot;&gt;75 - 84&lt;/Description&gt;&lt;/Code&gt;&lt;/CodeList&gt;&lt;CodeList id=&quot;CL_ABS_CENSUS2011_B06_SA1_SA_MDCP&quot; agencyID=&quot;ABS&quot;&gt;&lt;Name xml:lang=&quot;en&quot;&gt;Social Marital Status&lt;/Name&gt;&lt;Name xml:lang=&quot;fr&quot;&gt;Social Marital Status&lt;/Name&gt;&lt;Code value=&quot;TOT&quot;&gt;&lt;Description xml:lang=&quot;en&quot;&gt;Total&lt;/Description&gt;&lt;Description xml:lang=&quot;fr&quot;&gt;Total&lt;/Description&gt;&lt;/Code&gt;&lt;Code value=&quot;1&quot; parentCode=&quot;TOT&quot;&gt;&lt;Description xml:lang=&quot;en&quot;&gt;Married in a registered marriage&lt;/Description&gt;&lt;Description xml:lang=&quot;fr&quot;&gt;Married in a registered marriage&lt;/Description&gt;&lt;/Code&gt;&lt;Code value=&quot;2&quot; parentCode=&quot;TOT&quot;&gt;&lt;Description xml:lang=&quot;en&quot;&gt;Married in a de facto marriage(b)&lt;/Description&gt;&lt;Description xml:lang=&quot;fr&quot;&gt;Married in a de facto marriage(b)&lt;/Description&gt;&lt;/Code&gt;&lt;Code value=&quot;3&quot; parentCode=&quot;TOT&quot;&gt;&lt;Description xml:lang=&quot;en&quot;&gt;Not married&lt;/Description&gt;&lt;Description xml:lang=&quot;fr&quot;&gt;Not married&lt;/Description&gt;&lt;/Code&gt;&lt;/CodeList&gt;&lt;CodeList id=&quot;CL_ABS_CENSUS2011_B06_SA1_SA_STATE&quot; agencyID=&quot;ABS&quot;&gt;&lt;Name xml:lang=&quot;en&quot;&gt;State&lt;/Name&gt;&lt;Name xml:lang=&quot;fr&quot;&gt;State&lt;/Name&gt;&lt;Code value=&quot;4&quot; parentCode=&quot;0&quot;&gt;&lt;Description xml:lang=&quot;en&quot;&gt;South Australia&lt;/Description&gt;&lt;Description xml:lang=&quot;fr&quot;&gt;South Australia&lt;/Description&gt;&lt;/Code&gt;&lt;Code value=&quot;0&quot;&gt;&lt;Description xml:lang=&quot;en&quot;&gt;Australia&lt;/Description&gt;&lt;Description xml:lang=&quot;fr&quot;&gt;Australia&lt;/Description&gt;&lt;/Code&gt;&lt;/CodeList&gt;&lt;CodeList id=&quot;CL_ABS_CENSUS2011_B06_SA1_SA_REGIONTYPE&quot; agencyID=&quot;ABS&quot;&gt;&lt;Name xml:lang=&quot;en&quot;&gt;Region Type&lt;/Name&gt;&lt;Name xml:lang=&quot;fr&quot;&gt;Region Type&lt;/Name&gt;&lt;Code value=&quot;SA1&quot;&gt;&lt;Description xml:lang=&quot;en&quot;&gt;Statistical Area Level 1&lt;/Description&gt;&lt;Description xml:lang=&quot;fr&quot;&gt;Statistical Area Level 1&lt;/Description&gt;&lt;/Code&gt;&lt;/CodeList&gt;&lt;CodeList id=&quot;CL_ABS_CENSUS2011_B06_SA1_SA_REGION&quot; agencyID=&quot;ABS&quot;&gt;&lt;Name xml:lang=&quot;en&quot;&gt;Region&lt;/Name&gt;&lt;Name xml:lang=&quot;fr&quot;&gt;Region&lt;/Name&gt;&lt;Code value=&quot;40101100101&quot; parentCode=&quot;401011001&quot;&gt;&lt;Description xml:lang=&quot;en&quot;&gt;40101100101&lt;/Description&gt;&lt;Description xml:lang=&quot;fr&quot;&gt;40101100101&lt;/Description&gt;&lt;/Code&gt;&lt;Code value=&quot;401011001&quot; parentCode=&quot;40101&quot;&gt;&lt;Description xml:lang=&quot;en&quot;&gt;Adelaide&lt;/Description&gt;&lt;Description xml:lang=&quot;fr&quot;&gt;Adelaide&lt;/Description&gt;&lt;/Code&gt;&lt;Code value=&quot;40101&quot; parentCode=&quot;401&quot;&gt;&lt;Description xml:lang=&quot;en&quot;&gt;Adelaide City&lt;/Description&gt;&lt;Description xml:lang=&quot;fr&quot;&gt;Adelaide City&lt;/Description&gt;&lt;/Code&gt;&lt;Code value=&quot;401&quot;&gt;&lt;Description xml:lang=&quot;en&quot;&gt;Adelaide - Central and Hills&lt;/Description&gt;&lt;Description xml:lang=&quot;fr&quot;&gt;Adelaide - Central and Hills&lt;/Description&gt;&lt;/Code&gt;&lt;Code value=&quot;40101100102&quot; parentCode=&quot;401011001&quot;&gt;&lt;Description xml:lang=&quot;en&quot;&gt;40101100102&lt;/Description&gt;&lt;Description xml:lang=&quot;fr&quot;&gt;40101100102&lt;/Description&gt;&lt;/Code&gt;&lt;Code value=&quot;40101100103&quot; parentCode=&quot;401011001&quot;&gt;&lt;Description xml:lang=&quot;en&quot;&gt;40101100103&lt;/Description&gt;&lt;Description xml:lang=&quot;fr&quot;&gt;40101100103&lt;/Description&gt;&lt;/Code&gt;&lt;Code value=&quot;40101100104&quot; parentCode=&quot;401011001&quot;&gt;&lt;Description xml:lang=&quot;en&quot;&gt;40101100104&lt;/Description&gt;&lt;Description xml:lang=&quot;fr&quot;&gt;40101100104&lt;/Description&gt;&lt;/Code&gt;&lt;Code value=&quot;40101100105&quot; parentCode=&quot;401011001&quot;&gt;&lt;Description xml:lang=&quot;en&quot;&gt;40101100105&lt;/Description&gt;&lt;Description xml:lang=&quot;fr&quot;&gt;40101100105&lt;/Description&gt;&lt;/Code&gt;&lt;Code value=&quot;40101100106&quot; parentCode=&quot;401011001&quot;&gt;&lt;Description xml:lang=&quot;en&quot;&gt;40101100106&lt;/Description&gt;&lt;Description xml:lang=&quot;fr&quot;&gt;40101100106&lt;/Description&gt;&lt;/Code&gt;&lt;Code value=&quot;40101100107&quot; parentCode=&quot;401011001&quot;&gt;&lt;Description xml:lang=&quot;en&quot;&gt;40101100107&lt;/Description&gt;&lt;Description xml:lang=&quot;fr&quot;&gt;40101100107&lt;/Description&gt;&lt;/Code&gt;&lt;Code value=&quot;40101100108&quot; parentCode=&quot;401011001&quot;&gt;&lt;Description xml:lang=&quot;en&quot;&gt;40101100108&lt;/Description&gt;&lt;Description xml:lang=&quot;fr&quot;&gt;40101100108&lt;/Description&gt;&lt;/Code&gt;&lt;Code value=&quot;40101100109&quot; parentCode=&quot;401011001&quot;&gt;&lt;Description xml:lang=&quot;en&quot;&gt;40101100109&lt;/Description&gt;&lt;Description xml:lang=&quot;fr&quot;&gt;40101100109&lt;/Description&gt;&lt;/Code&gt;&lt;Code value=&quot;40101100110&quot; parentCode=&quot;401011001&quot;&gt;&lt;Description xml:lang=&quot;en&quot;&gt;40101100110&lt;/Description&gt;&lt;Description xml:lang=&quot;fr&quot;&gt;40101100110&lt;/Description&gt;&lt;/Code&gt;&lt;Code value=&quot;40101100111&quot; parentCode=&quot;401011001&quot;&gt;&lt;Description xml:lang=&quot;en&quot;&gt;40101100111&lt;/Description&gt;&lt;Description xml:lang=&quot;fr&quot;&gt;40101100111&lt;/Description&gt;&lt;/Code&gt;&lt;Code value=&quot;40101100112&quot; parentCode=&quot;401011001&quot;&gt;&lt;Description xml:lang=&quot;en&quot;&gt;40101100112&lt;/Description&gt;&lt;Description xml:lang=&quot;fr&quot;&gt;40101100112&lt;/Description&gt;&lt;/Code&gt;&lt;Code value=&quot;40101100113&quot; parentCode=&quot;401011001&quot;&gt;&lt;Description xml:lang=&quot;en&quot;&gt;40101100113&lt;/Description&gt;&lt;Description xml:lang=&quot;fr&quot;&gt;40101100113&lt;/Description&gt;&lt;/Code&gt;&lt;Code value=&quot;40101100114&quot; parentCode=&quot;401011001&quot;&gt;&lt;Description xml:lang=&quot;en&quot;&gt;40101100114&lt;/Description&gt;&lt;Description xml:lang=&quot;fr&quot;&gt;40101100114&lt;/Description&gt;&lt;/Code&gt;&lt;Code value=&quot;40101100115&quot; parentCode=&quot;401011001&quot;&gt;&lt;Description xml:lang=&quot;en&quot;&gt;40101100115&lt;/Description&gt;&lt;Description xml:lang=&quot;fr&quot;&gt;40101100115&lt;/Description&gt;&lt;/Code&gt;&lt;Code value=&quot;40101100116&quot; parentCode=&quot;401011001&quot;&gt;&lt;Description xml:lang=&quot;en&quot;&gt;40101100116&lt;/Description&gt;&lt;Description xml:lang=&quot;fr&quot;&gt;40101100116&lt;/Description&gt;&lt;/Code&gt;&lt;Code value=&quot;40101100117&quot; parentCode=&quot;401011001&quot;&gt;&lt;Description xml:lang=&quot;en&quot;&gt;40101100117&lt;/Description&gt;&lt;Description xml:lang=&quot;fr&quot;&gt;40101100117&lt;/Description&gt;&lt;/Code&gt;&lt;Code value=&quot;40101100118&quot; parentCode=&quot;401011001&quot;&gt;&lt;Description xml:lang=&quot;en&quot;&gt;40101100118&lt;/Description&gt;&lt;Description xml:lang=&quot;fr&quot;&gt;40101100118&lt;/Description&gt;&lt;/Code&gt;&lt;Code value=&quot;40101100119&quot; parentCode=&quot;401011001&quot;&gt;&lt;Description xml:lang=&quot;en&quot;&gt;40101100119&lt;/Description&gt;&lt;Description xml:lang=&quot;fr&quot;&gt;40101100119&lt;/Description&gt;&lt;/Code&gt;&lt;Code value=&quot;40101100120&quot; parentCode=&quot;401011001&quot;&gt;&lt;Description xml:lang=&quot;en&quot;&gt;40101100120&lt;/Description&gt;&lt;Descri
Input 1 does not match Pattern:[A-z][A-z0-9_\-]* for class:NCNameID
Input 3 does not match Pattern:[A-z][A-z0-9_\-]* for class:NCNameID
Input 2 does not match Pattern:[A-z][A-z0-9_\-]* for class:NCNameID
Loading Codelists
Codelist: ABS:CL_ATSI_BIRTHS_SUMM_MEASURE:1.0 already exists
Loading Concepts
Loading DataStructures
DS ABS:ATSI_BIRTHS_SUMM:1.0
Loading Dataflows
Loading Codelists
Codelist: ABS:CL_ATSI_FERTILITY_MEASURE:1.0 already exists
Loading Concepts
Loading DataStructures
DS ABS:ATSI_FERTILITY:1.0
Loading Dataflows
Loading Codelists
Codelist: ABS:CL_ALC_TYP:1.0 already exists
Loading Concepts
Loading DataStructures
DS ABS:ALC:1.0
Loading Dataflows
Loading Codelists
Codelist: ABS:CL_ABS_ACLD_LFSTATUS_SEX_ABS:1.0 already exists
Loading Concepts
Loading DataStructures
DS ABS:ABS_ACLD_LFSTATUS:1.0
Loading Dataflows
Loading Codelists
Codelist: ABS:CL_ABS_ACLD_TENURE_SEX_ABS:1.0 already exists
Loading Concepts
Loading DataStructures
DS ABS:ABS_ACLD_TENURE:1.0
Loading Dataflows
Loading Codelists
Codelist: ABS:CL_ABS_ACLD_UNPAIDASST_SEX_ABS:1.0 already exists
Loading Concepts
Loading DataStructures
DS ABS:ABS_ACLD_UNPAIDASST:1.0
Loading Dataflows
Loading Codelists
Codelist: ABS:CL_ABS_ACLD_VOLWORK_SEX_ABS:1.0 already exists
Loading Concepts
Loading DataStructures
DS ABS:ABS_ACLD_VOLWORK:1.0
Loading Dataflows
Loading Codelists
Codelist: ABS:CL_AMLPS_PART_2017_MEASURE:1.0 already exists
Loading Concepts
Loading DataStructures
DS ABS:AMLPS_PART_2017:1.0
Loading Dataflows
Loading Codelists
Codelist: ABS:CL_AMLPS_RESP_2017_RESPONSE_CAT:1.0 already exists
Loading Concepts
Loading DataStructures
DS ABS:AMLPS_RESP_2017:1.0
Loading Dataflows
Loading Codelists
Codelist: ABS:CL_ABS_CENSUS2011_B01_MEASURE:1.0 already exists
Loading Concepts
Loading DataStructures
DS ABS:ABS_CENSUS2011_B01:1.0
Loading Dataflows
Loading Codelists
Codelist: ABS:CL_ABS_CENSUS2011_B01_LGA_MEASURE:1.0 already exists
Loading Concepts
Loading DataStructures
DS ABS:ABS_CENSUS2011_B01_LGA:1.0
Loading Dataflows
Loading Codelists
Codelist: ABS:CL_ABS_CENSUS2011_B01_SA1_SA_MEASURE:1.0 already exists
Loading Concepts
Loading DataStructures
DS ABS:ABS_CENSUS2011_B01_SA1_SA:1.0
Loading Dataflows
Loading Codelists
Codelist: ABS:CL_ABS_CENSUS2011_B02_MEASURE:1.0 already exists
Loading Concepts
Loading DataStructures
DS ABS:ABS_CENSUS2011_B02:1.0
Loading Dataflows
Loading Codelists
Codelist: ABS:CL_ABS_CENSUS2011_B02_LGA_MEASURE:1.0 already exists
Loading Concepts
Loading DataStructures
DS ABS:ABS_CENSUS2011_B02_LGA:1.0
Loading Dataflows
Loading Codelists
Codelist: ABS:CL_ABS_CENSUS2011_B02_SA1_SA_MEASURE:1.0 already exists
Loading Concepts
Loading DataStructures
DS ABS:ABS_CENSUS2011_B02_SA1_SA:1.0
Loading Dataflows
Loading Codelists
Codelist: ABS:CL_ABS_CENSUS2011_B03_LGA_MEASURE:1.0 already exists
Loading Concepts
Loading DataStructures
DS ABS:ABS_CENSUS2011_B03_LGA:1.0
Loading Dataflows
Loading Codelists
Codelist: ABS:CL_ABS_CENSUS2011_B03_MEASURE:1.0 already exists
Loading Concepts
Loading DataStructures
DS ABS:ABS_CENSUS2011_B03:1.0
Loading Dataflows
Loading Codelists
Codelist: ABS:CL_ABS_CENSUS2011_B03_SA1_SA_MEASURE:1.0 already exists
Loading Concepts
Loading DataStructures
DS ABS:ABS_CENSUS2011_B03_SA1_SA:1.0
Loading Dataflows
Loading Codelists
Codelist: ABS:CL_ABS_CENSUS2011_B04_MEASURE:1.0 already exists
Loading Concepts
Loading DataStructures
DS ABS:ABS_CENSUS2011_B04:1.0
Loading Dataflows
Loading Codelists
Codelist: ABS:CL_ABS_CENSUS2011_B04_LGA_MEASURE:1.0 already exists
Loading Concepts
Loading DataStructures
DS ABS:ABS_CENSUS2011_B04_LGA:1.0
Loading Dataflows
Loading Codelists
Codelist: ABS:CL_ABS_CENSUS2011_B04_SA1_SA_MEASURE:1.0 already exists
Loading Concepts
Loading DataStructures
DS ABS:ABS_CENSUS2011_B04_SA1_SA:1.0
Loading Dataflows
Loading Codelists
Codelist: ABS:CL_ABS_CENSUS2011_B05_MEASURE:1.0 already exists
Loading Concepts
Loading DataStructures
DS ABS:ABS_CENSUS2011_B05:1.0
Loading Dataflows
Loading Codelists
Codelist: ABS:CL_ABS_CENSUS2011_B05_LGA_MEASURE:1.0 already exists
Loading Concepts
Loading DataStructures
DS ABS:ABS_CENSUS2011_B05_LGA:1.0
Loading Dataflows
Loading Codelists
Codelist: ABS:CL_ABS_CENSUS2011_B05_SA1_SA_MEASURE:1.0 already exists
Loading Concepts
Loading DataStructures
DS ABS:ABS_CENSUS2011_B05_SA1_SA:1.0
Loading Dataflows
Loading Codelists
Codelist: ABS:CL_ABS_CENSUS2011_B06_MEASURE:1.0 already exists
Loading Concepts
Loading DataStructures
DS ABS:ABS_CENSUS2011_B06:1.0
Loading Dataflows
Loading Codelists
Codelist: ABS:CL_ABS_CENSUS2011_B06_LGA_MEASURE:1.0 already exists
Loading Concepts
Loading DataStructures
DS ABS:ABS_CENSUS2011_B06_LGA:1.0
Loading Dataflows
Loading Codelists
Codelist: ABS:CL_ABS_CENSUS2011_B06_SA1_SA_MEASURE:1.0 already exists
Loading Concepts
Loading DataStructures
DS ABS:ABS_CENSUS2011_B06_SA1_SA:1.0
Reference
Agency:ABS
MID:STANDALONE_CONCEPT_SCHEME
MVers:null
ID:AGE
Vers:1.0
Class:Concept
Pack:conceptscheme
Reference
Agency:ABS
MID:STANDALONE_CONCEPT_SCHEME
MVers:null
ID:MDCP
Vers:1.0
Class:Concept
Pack:conceptscheme
Reference
Agency:ABS
MID:STANDALONE_CONCEPT_SCHEME
MVers:null
ID:STATE
Vers:1.0
Class:Concept
Pack:conceptscheme
Reference
Agency:ABS
MID:STANDALONE_CONCEPT_SCHEME
MVers:null
ID:REGIONTYPE
Vers:1.0
Class:Concept
Pack:conceptscheme
Reference
Agency:ABS
MID:STANDALONE_CONCEPT_SCHEME
MVers:null
ID:REGION
Vers:1.0
Class:Concept
Pack:conceptscheme
Reference
Agency:ABS
MID:STANDALONE_CONCEPT_SCHEME
MVers:null
ID:FREQUENCY
Vers:1.0
Class:Concept
Pack:conceptscheme
Reference
Agency:ABS
MID:STANDALONE_CONCEPT_SCHEME
MVers:null
ID:TIME
Vers:1.0
Class:Concept
Pack:conceptscheme
Reference
Agency:ABS
MID:STANDALONE_CONCEPT_SCHEME
MVers:null
ID:MEASURE
Vers:1.0
Class:Concept
Pack:conceptscheme
Reference
Agency:ABS
MID:STANDALONE_CONCEPT_SCHEME
MVers:null
ID:OBS_STATUS
Vers:1.0
Class:Concept
Pack:conceptscheme
Reference
Agency:ABS
MID:STANDALONE_CONCEPT_SCHEME
MVers:null
ID:TIME_FORMAT
Vers:1.0
Class:Concept
Pack:conceptscheme
Reference
Agency:ABS
MID:STANDALONE_CONCEPT_SCHEME
MVers:null
ID:OBS_VALUE
Vers:1.0
Class:Concept
Pack:conceptscheme
Loading Dataflows
Loading: B07 Indigenous Status by Age by Sex
Header=&lt;message:Structure xmlns=&quot;http://www.SDMX.org/resources/SDMXML/schemas/v2_0/structure&quot; xmlns:common=&quot;http://www.SDMX.org/resources/SDMXML/schemas/v2_0/common&quot; xsi:schemaLocation=&quot;http://www.SDMX.org/resources/SDMXML/schemas/v2_0/structure http://www.sdmx.org/docs/2_0/SDMXStructure.xsd http://www.SDMX.org/resources/SDMXML/schemas/v2_0/message http://www.sdmx.org/docs/2_0/SDMXMessage.xsd&quot; xmlns:xsi=&quot;http://www.w3.org/2001/XMLSchema-instance&quot; xmlns:message=&quot;http://www.SDMX.org/resources/SDMXML/schemas/v2_0/message&quot;&gt;&lt;Header xmlns=&quot;http://www.SDMX.org/resources/SDMXML/schemas/v2_0/message&quot;&gt;&lt;ID&gt;none&lt;!--Statistical usage warning
ABS.Stat beta is continuing to be developed.  Data will be updated as soon as possible following its 11:30 am release on the ABS website.
--&gt;&lt;/ID&gt;&lt;Test&gt;false&lt;/Test&gt;&lt;Truncated&gt;false&lt;/Truncated&gt;&lt;Prepared&gt;2020-03-17T01:00:06&lt;/Prepared&gt;&lt;Sender id=&quot;ABS&quot;&gt;&lt;Name xml:lang=&quot;en&quot;&gt;Australian Bureau of Statistics&lt;/Name&gt;&lt;Name xml:lang=&quot;fr&quot;&gt;Australian Bureau of Statistics&lt;/Name&gt;&lt;/Sender&gt;&lt;/Header&gt;&lt;message:CodeLists&gt;&lt;CodeList id=&quot;CL_ABS_CENSUS2011_B07_MEASURE&quot; agencyID=&quot;ABS&quot;&gt;&lt;Name xml:lang=&quot;en&quot;&gt;Sex&lt;/Name&gt;&lt;Name xml:lang=&quot;fr&quot;&gt;Sex&lt;/Name&gt;&lt;Code value=&quot;1&quot; parentCode=&quot;3&quot;&gt;&lt;Description xml:lang=&quot;en&quot;&gt;Males&lt;/Description&gt;&lt;Description xml:lang=&quot;fr&quot;&gt;Males&lt;/Description&gt;&lt;/Code&gt;&lt;Code value=&quot;3&quot;&gt;&lt;Description xml:lang=&quot;en&quot;&gt;Persons&lt;/Description&gt;&lt;Description xml:lang=&quot;fr&quot;&gt;Persons&lt;/Description&gt;&lt;/Code&gt;&lt;Code value=&quot;2&quot; parentCode=&quot;3&quot;&gt;&lt;Description xml:lang=&quot;en&quot;&gt;Females&lt;/Description&gt;&lt;Description xml:lang=&quot;fr&quot;&gt;Females&lt;/Description&gt;&lt;/Code&gt;&lt;/CodeList&gt;&lt;CodeList id=&quot;CL_ABS_CENSUS2011_B07_AGE&quot; agencyID=&quot;ABS&quot;&gt;&lt;Name xml:lang=&quot;en&quot;&gt;Age&lt;/Name&gt;&lt;Name xml:lang=&quot;fr&quot;&gt;Age&lt;/Name&gt;&lt;Code value=&quot;A04&quot;&gt;&lt;Description xml:lang=&quot;en&quot;&gt;0 - 4&lt;/Description&gt;&lt;Description xml:lang=&quot;fr&quot;&gt;0 - 4&lt;/Description&gt;&lt;/Code&gt;&lt;Code value=&quot;A59&quot;&gt;&lt;Description xml:lang=&quot;en&quot;&gt;5 - 9&lt;/Description&gt;&lt;Description xml:lang=&quot;fr&quot;&gt;5 - 9&lt;/Description&gt;&lt;/Code&gt;&lt;Code value=&quot;A10&quot;&gt;&lt;Description xml:lang=&quot;en&quot;&gt;10 - 14&lt;/Description&gt;&lt;Description xml:lang=&quot;fr&quot;&gt;10 - 14&lt;/Description&gt;&lt;/Code&gt;&lt;Code value=&quot;A15&quot;&gt;&lt;Description xml:lang=&quot;en&quot;&gt;15 - 19&lt;/Description&gt;&lt;Description xml:lang=&quot;fr&quot;&gt;15 - 19&lt;/Description&gt;&lt;/Code&gt;&lt;Code value=&quot;A20&quot;&gt;&lt;Description xml:lang=&quot;en&quot;&gt;20 - 24&lt;/Description&gt;&lt;Description xml:lang=&quot;fr&quot;&gt;20 - 24&lt;/Description&gt;&lt;/Code&gt;&lt;Code value=&quot;A25&quot;&gt;&lt;Description xml:lang=&quot;en&quot;&gt;25 - 29&lt;/Description&gt;&lt;Description xml:lang=&quot;fr&quot;&gt;25 - 29&lt;/Description&gt;&lt;/Code&gt;&lt;Code value=&quot;A30&quot;&gt;&lt;Description xml:lang=&quot;en&quot;&gt;30 - 34&lt;/Description&gt;&lt;Description xml:lang=&quot;fr&quot;&gt;30 - 34&lt;/Description&gt;&lt;/Code&gt;&lt;Code value=&quot;A35&quot;&gt;&lt;Description xml:lang=&quot;en&quot;&gt;35 - 39&lt;/Description&gt;&lt;Description xml:lang=&quot;fr&quot;&gt;35 - 39&lt;/Description&gt;&lt;/Code&gt;&lt;Code value=&quot;A40&quot;&gt;&lt;Description xml:lang=&quot;en&quot;&gt;40 - 44&lt;/Description&gt;&lt;Description xml:lang=&quot;fr&quot;&gt;40 - 44&lt;/Description&gt;&lt;/Code&gt;&lt;Code value=&quot;A45&quot;&gt;&lt;Description xml:lang=&quot;en&quot;&gt;45 - 49&lt;/Description&gt;&lt;Description xml:lang=&quot;fr&quot;&gt;45 - 49&lt;/Description&gt;&lt;/Code&gt;&lt;Code value=&quot;A50&quot;&gt;&lt;Description xml:lang=&quot;en&quot;&gt;50 - 54&lt;/Description&gt;&lt;Description xml:lang=&quot;fr&quot;&gt;50 - 54&lt;/Description&gt;&lt;/Code&gt;&lt;Code value=&quot;A55&quot;&gt;&lt;Description xml:lang=&quot;en&quot;&gt;55 - 59&lt;/Description&gt;&lt;Description xml:lang=&quot;fr&quot;&gt;55 - 59&lt;/Description&gt;&lt;/Code&gt;&lt;Code value=&quot;A60&quot;&gt;&lt;Description xml:lang=&quot;en&quot;&gt;60 - 64&lt;/Description&gt;&lt;Description xml:lang=&quot;fr&quot;&gt;60 - 64&lt;/Description&gt;&lt;/Code&gt;&lt;Code value=&quot;TT&quot;&gt;&lt;Description xml:lang=&quot;en&quot;&gt;All ages&lt;/Description&gt;&lt;Description xml:lang=&quot;fr&quot;&gt;All ages&lt;/Description&gt;&lt;/Code&gt;&lt;Code value=&quot;O65&quot;&gt;&lt;Description xml:lang=&quot;en&quot;&gt;65 years and over&lt;/Description&gt;&lt;Description xml:lang=&quot;fr&quot;&gt;65 years and over&lt;/Description&gt;&lt;/Code&gt;&lt;/CodeList&gt;&lt;CodeList id=&quot;CL_ABS_CENSUS2011_B07_INGP&quot; agencyID=&quot;ABS&quot;&gt;&lt;Name xml:lang=&quot;en&quot;&gt;Indigenous Status&lt;/Name&gt;&lt;Name xml:lang=&quot;fr&quot;&gt;Indigenous Status&lt;/Name&gt;&lt;Code value=&quot;TOT&quot;&gt;&lt;Description xml:lang=&quot;en&quot;&gt;Total&lt;/Description&gt;&lt;Description xml:lang=&quot;fr&quot;&gt;Total&lt;/Description&gt;&lt;/Code&gt;&lt;Code value=&quot;4&quot; parentCode=&quot;TOT&quot;&gt;&lt;Description xml:lang=&quot;en&quot;&gt;Indigenous(a)&lt;/Description&gt;&lt;Description xml:lang=&quot;fr&quot;&gt;Indigenous(a)&lt;/Description&gt;&lt;/Code&gt;&lt;Code value=&quot;1&quot; parentCode=&quot;TOT&quot;&gt;&lt;Description xml:lang=&quot;en&quot;&gt;Non-Indigenous&lt;/Description&gt;&lt;Description xml:lang=&quot;fr&quot;&gt;Non-Indigenous&lt;/Description&gt;&lt;/Code&gt;&lt;Code value=&quot;Z&quot; parentCode=&quot;TOT&quot;&gt;&lt;Description xml:lang=&quot;en&quot;&gt;Indigenous status not stated&lt;/Description&gt;&lt;Description xml:lang=&quot;fr&quot;&gt;Indigenous status not stated&lt;/Description&gt;&lt;/Code&gt;&lt;/CodeList&gt;&lt;CodeList id=&quot;CL_ABS_CENSUS2011_B07_STATE&quot; agencyID=&quot;ABS&quot;&gt;&lt;Name xml:lang=&quot;en&quot;&gt;State&lt;/Name&gt;&lt;Name xml:lang=&quot;fr&quot;&gt;State&lt;/Name&gt;&lt;Code value=&quot;0&quot;&gt;&lt;Description xml:lang=&quot;en&quot;&gt;Australia&lt;/Description&gt;&lt;Description xml:lang=&quot;fr&quot;&gt;Australia&lt;/Description&gt;&lt;/Code&gt;&lt;Code value=&quot;1&quot; parentCode=&quot;0&quot;&gt;&lt;Description xml:lang=&quot;en&quot;&gt;New South Wales&lt;/Description&gt;&lt;Description xml:lang=&quot;fr&quot;&gt;New South Wales&lt;/Description&gt;&lt;/Code&gt;&lt;Code value=&quot;2&quot; parentCode=&quot;0&quot;&gt;&lt;Description xml:lang=&quot;en&quot;&gt;Victoria&lt;/Description&gt;&lt;Description xml:lang=&quot;fr&quot;&gt;Victoria&lt;/Description&gt;&lt;/Code&gt;&lt;Code value=&quot;3&quot; parentCode=&quot;0&quot;&gt;&lt;Description xml:lang=&quot;en&quot;&gt;Queensland&lt;/Description&gt;&lt;Description xml:lang=&quot;fr&quot;&gt;Queensland&lt;/Description&gt;&lt;/Code&gt;&lt;Code value=&quot;4&quot; parentCode=&quot;0&quot;&gt;&lt;Description xml:lang=&quot;en&quot;&gt;South Australia&lt;/Description&gt;&lt;Description xml:lang=&quot;fr&quot;&gt;South Australia&lt;/Description&gt;&lt;/Code&gt;&lt;Code value=&quot;5&quot; parentCode=&quot;0&quot;&gt;&lt;Description xml:lang=&quot;en&quot;&gt;Western Australia&lt;/Description&gt;&lt;Description xml:lang=&quot;fr&quot;&gt;Western Australia&lt;/Description&gt;&lt;/Code&gt;&lt;Code value=&quot;6&quot; parentCode=&quot;0&quot;&gt;&lt;Description xml:lang=&quot;en&quot;&gt;Tasmania&lt;/Description&gt;&lt;Description xml:lang=&quot;fr&quot;&gt;Tasmania&lt;/Description&gt;&lt;/Code&gt;&lt;Code value=&quot;7&quot; parentCode=&quot;0&quot;&gt;&lt;Description xml:lang=&quot;en&quot;&gt;Northern Territory&lt;/Description&gt;&lt;Description xml:lang=&quot;fr&quot;&gt;Northern Territory&lt;/Description&gt;&lt;/Code&gt;&lt;Code value=&quot;8&quot; parentCode=&quot;0&quot;&gt;&lt;Description xml:lang=&quot;en&quot;&gt;Australian Capital Territory&lt;/Description&gt;&lt;Description xml:lang=&quot;fr&quot;&gt;Australian Capital Territory&lt;/Description&gt;&lt;/Code&gt;&lt;Code value=&quot;9&quot; parentCode=&quot;0&quot;&gt;&lt;Description xml:lang=&quot;en&quot;&gt;Other Territories&lt;/Description&gt;&lt;Description xml:lang=&quot;fr&quot;&gt;Other Territories&lt;/Description&gt;&lt;/Code&gt;&lt;/CodeList&gt;&lt;CodeList id=&quot;CL_ABS_CENSUS2011_B07_REGIONTYPE&quot; agencyID=&quot;ABS&quot;&gt;&lt;Name xml:lang=&quot;en&quot;&gt;Region Type&lt;/Name&gt;&lt;Name xml:lang=&quot;fr&quot;&gt;Region Type&lt;/Name&gt;&lt;Code value=&quot;AUS&quot;&gt;&lt;Description xml:lang=&quot;en&quot;&gt;Australia&lt;/Description&gt;&lt;Description xml:lang=&quot;fr&quot;&gt;Australia&lt;/Description&gt;&lt;/Code&gt;&lt;Code value=&quot;STE&quot;&gt;&lt;Description xml:lang=&quot;en&quot;&gt;States and Territories&lt;/Description&gt;&lt;Description xml:lang=&quot;fr&quot;&gt;States and Territories&lt;/Description&gt;&lt;/Code&gt;&lt;Code value=&quot;SA4&quot;&gt;&lt;Description xml:lang=&quot;en&quot;&gt;Statistical Area Level 4&lt;/Description&gt;&lt;Description xml:lang=&quot;fr&quot;&gt;Statistical Area Level 4&lt;/Description&gt;&lt;/Code&gt;&lt;Code value=&quot;SA3&quot;&gt;&lt;Description xml:lang=&quot;en&quot;&gt;Statistical Area Level 3&lt;/Description&gt;&lt;Description xml:lang=&quot;fr&quot;&gt;Statistical Area Level 3&lt;/Description&gt;&lt;/Code&gt;&lt;Code value=&quot;SA2&quot;&gt;&lt;Description xml:lang=&quot;en&quot;&gt;Statistical Area Level 2&lt;/Description&gt;&lt;Description xml:lang=&quot;fr&quot;&gt;Statistical Area Level 2&lt;/Description&gt;&lt;/Code&gt;&lt;/CodeList&gt;&lt;CodeList id=&quot;CL_ABS_CENSUS2011_B07_REGION&quot; agencyID=&quot;ABS&quot;&gt;&lt;Name xml:lang=&quot;en&quot;&gt;Region&lt;/Name&gt;&lt;Name xml:lang=&quot;fr&quot;&gt;Region&lt;/Name&gt;&lt;Code value=&quot;0&quot;&gt;&lt;Description xml:lang=&quot;en&quot;&gt;Australia&lt;/Description&gt;&lt;Description xml:lang=&quot;fr&quot;&gt;Australia&lt;/Description&gt;&lt;/Code&gt;&lt;Code value=&quot;1&quot; parentCode=&quot;0&quot;&gt;&lt;Description xml:lang=&quot;en&quot;&gt;New South Wales&lt;/Description&gt;&lt;Description xml:lang=&quot;fr&quot;&gt;New South Wales&lt;/Description&gt;&lt;/Code&gt;&lt;Code value=&quot;101&quot; parentCode=&quot;1&quot;&gt;&lt;Description xml:lang=&quot;en&quot;&gt;Capital Region&lt;/Description&gt;&lt;Description xml:lang=&quot;fr&quot;&gt;Capital Region&lt;/Description&gt;&lt;/Code&gt;&lt;Code value=&quot;10101&quot; parentCode=&quot;101&quot;&gt;&lt;Description xml:lang=&quot;en&quot;&gt;Goulburn - Yass&lt;/Description&gt;&lt;Description xml:lang=&quot;fr&quot;&gt;Goulburn - Yass&lt;/Description&gt;&lt;/Code&gt;&lt;Code value=&quot;101011001&quot; parentCode=&quot;10101&quot;&gt;&lt;Description xml:lang=&quot;en&quot;&gt;Goulburn&lt;/Description&gt;&lt;Description xml:lang=&quot;fr&quot;&gt;Goulburn&lt;/Description&gt;&lt;/Code&gt;&lt;Code value=&quot;101011002&quot; parentCode=&quot;10101&quot;&gt;&lt;Description xml:lang=&quot;en&quot;&gt;Goulburn Region&lt;/Description&gt;&lt;Description xml:lang=&quot;fr&quot;&gt;Goulburn Region&lt;/Description&gt;&lt;/Code&gt;&lt;Code value=&quot;101011003&quot; parentCode=&quot;10101&quot;&gt;&lt;Description xml:lang=&quot;en&quot;&gt;Yass&lt;/Description&gt;&lt;Description xml:lang=&quot;fr&quot;&gt;Yass&lt;/Description&gt;&lt;/Code&gt;&lt;Code value=&quot;101011004&quot; parentCode=&quot;10101&quot;&gt;&lt;Description xml:lang=&quot;en&quot;&gt;Yass Region&lt;/Description&gt;&lt;Description xml:lang=&quot;fr&quot;&gt;Yass Region&lt;/Description&gt;&lt;/Code&gt;&lt;Code value=&quot;101011005&quot; parentCode=&quot;10101&quot;&gt;&lt;Description xml:lang=&quot;en&quot;&gt;Young&lt;/Description&gt;&lt;Description xml:lang=&quot;fr&quot;&gt;Young&lt;/Description&gt;
Input 1 does not match Pattern:[A-z][A-z0-9_\-]* for class:NCNameID
Input 3 does not match Pattern:[A-z][A-z0-9_\-]* for class:NCNameID
Input 2 does not match Pattern:[A-z][A-z0-9_\-]* for class:NCNameID
Loading Codelists
Codelist: ABS:CL_ATSI_BIRTHS_SUMM_MEASURE:1.0 already exists
Loading Concepts
Loading DataStructures
DS ABS:ATSI_BIRTHS_SUMM:1.0
Loading Dataflows
Loading Codelists
Codelist: ABS:CL_ATSI_FERTILITY_MEASURE:1.0 already exists
Loading Concepts
Loading DataStructures
DS ABS:ATSI_FERTILITY:1.0
Loading Dataflows
Loading Codelists
Codelist: ABS:CL_ALC_TYP:1.0 already exists
Loading Concepts
Loading DataStructures
DS ABS:ALC:1.0
Loading Dataflows
Loading Codelists
Codelist: ABS:CL_ABS_ACLD_LFSTATUS_SEX_ABS:1.0 already exists
Loading Concepts
Loading DataStructures
DS ABS:ABS_ACLD_LFSTATUS:1.0
Loading Dataflows
Loading Codelists
Codelist: ABS:CL_ABS_ACLD_TENURE_SEX_ABS:1.0 already exists
Loading Concepts
Loading DataStructures
DS ABS:ABS_ACLD_TENURE:1.0
Loading Dataflows
Loading Codelists
Codelist: ABS:CL_ABS_ACLD_UNPAIDASST_SEX_ABS:1.0 already exists
Loading Concepts
Loading DataStructures
DS ABS:ABS_ACLD_UNPAIDASST:1.0
Loading Dataflows
Loading Codelists
Codelist: ABS:CL_ABS_ACLD_VOLWORK_SEX_ABS:1.0 already exists
Loading Concepts
Loading DataStructures
DS ABS:ABS_ACLD_VOLWORK:1.0
Loading Dataflows
Loading Codelists
Codelist: ABS:CL_AMLPS_PART_2017_MEASURE:1.0 already exists
Loading Concepts
Loading DataStructures
DS ABS:AMLPS_PART_2017:1.0
Loading Dataflows
Loading Codelists
Codelist: ABS:CL_AMLPS_RESP_2017_RESPONSE_CAT:1.0 already exists
Loading Concepts
Loading DataStructures
DS ABS:AMLPS_RESP_2017:1.0
Loading Dataflows
Loading Codelists
Codelist: ABS:CL_ABS_CENSUS2011_B01_MEASURE:1.0 already exists
Loading Concepts
Loading DataStructures
DS ABS:ABS_CENSUS2011_B01:1.0
Loading Dataflows
Loading Codelists
Codelist: ABS:CL_ABS_CENSUS2011_B01_LGA_MEASURE:1.0 already exists
Loading Concepts
Loading DataStructures
DS ABS:ABS_CENSUS2011_B01_LGA:1.0
Loading Dataflows
Loading Codelists
Codelist: ABS:CL_ABS_CENSUS2011_B01_SA1_SA_MEASURE:1.0 already exists
Loading Concepts
Loading DataStructures
DS ABS:ABS_CENSUS2011_B01_SA1_SA:1.0
Loading Dataflows
Loading Codelists
Codelist: ABS:CL_ABS_CENSUS2011_B02_MEASURE:1.0 already exists
Loading Concepts
Loading DataStructures
DS ABS:ABS_CENSUS2011_B02:1.0
Loading Dataflows
Loading Codelists
Codelist: ABS:CL_ABS_CENSUS2011_B02_LGA_MEASURE:1.0 already exists
Loading Concepts
Loading DataStructures
DS ABS:ABS_CENSUS2011_B02_LGA:1.0
Loading Dataflows
Loading Codelists
Codelist: ABS:CL_ABS_CENSUS2011_B02_SA1_SA_MEASURE:1.0 already exists
Loading Concepts
Loading DataStructures
DS ABS:ABS_CENSUS2011_B02_SA1_SA:1.0
Loading Dataflows
Loading Codelists
Codelist: ABS:CL_ABS_CENSUS2011_B03_LGA_MEASURE:1.0 already exists
Loading Concepts
Loading DataStructures
DS ABS:ABS_CENSUS2011_B03_LGA:1.0
Loading Dataflows
Loading Codelists
Codelist: ABS:CL_ABS_CENSUS2011_B03_MEASURE:1.0 already exists
Loading Concepts
Loading DataStructures
DS ABS:ABS_CENSUS2011_B03:1.0
Loading Dataflows
Loading Codelists
Codelist: ABS:CL_ABS_CENSUS2011_B03_SA1_SA_MEASURE:1.0 already exists
Loading Concepts
Loading DataStructures
DS ABS:ABS_CENSUS2011_B03_SA1_SA:1.0
Loading Dataflows
Loading Codelists
Codelist: ABS:CL_ABS_CENSUS2011_B04_MEASURE:1.0 already exists
Loading Concepts
Loading DataStructures
DS ABS:ABS_CENSUS2011_B04:1.0
Loading Dataflows
Loading Codelists
Codelist: ABS:CL_ABS_CENSUS2011_B04_LGA_MEASURE:1.0 already exists
Loading Concepts
Loading DataStructures
DS ABS:ABS_CENSUS2011_B04_LGA:1.0
Loading Dataflows
Loading Codelists
Codelist: ABS:CL_ABS_CENSUS2011_B04_SA1_SA_MEASURE:1.0 already exists
Loading Concepts
Loading DataStructures
DS ABS:ABS_CENSUS2011_B04_SA1_SA:1.0
Loading Dataflows
Loading Codelists
Codelist: ABS:CL_ABS_CENSUS2011_B05_MEASURE:1.0 already exists
Loading Concepts
Loading DataStructures
DS ABS:ABS_CENSUS2011_B05:1.0
Loading Dataflows
Loading Codelists
Codelist: ABS:CL_ABS_CENSUS2011_B05_LGA_MEASURE:1.0 already exists
Loading Concepts
Loading DataStructures
DS ABS:ABS_CENSUS2011_B05_LGA:1.0
Loading Dataflows
Loading Codelists
Codelist: ABS:CL_ABS_CENSUS2011_B05_SA1_SA_MEASURE:1.0 already exists
Loading Concepts
Loading DataStructures
DS ABS:ABS_CENSUS2011_B05_SA1_SA:1.0
Loading Dataflows
Loading Codelists
Codelist: ABS:CL_ABS_CENSUS2011_B06_MEASURE:1.0 already exists
Loading Concepts
Loading DataStructures
DS ABS:ABS_CENSUS2011_B06:1.0
Loading Dataflows
Loading Codelists
Codelist: ABS:CL_ABS_CENSUS2011_B06_LGA_MEASURE:1.0 already exists
Loading Concepts
Loading DataStructures
DS ABS:ABS_CENSUS2011_B06_LGA:1.0
Loading Dataflows
Loading Codelists
Codelist: ABS:CL_ABS_CENSUS2011_B06_SA1_SA_MEASURE:1.0 already exists
Loading Concepts
Loading DataStructures
DS ABS:ABS_CENSUS2011_B06_SA1_SA:1.0
Loading Dataflows
Loading Codelists
Loading Concepts
Loading DataStructures
DS ABS:ABS_CENSUS2011_B07:1.0
Reference
Agency:ABS
MID:STANDALONE_CONCEPT_SCHEME
MVers:null
ID:AGE
Vers:1.0
Class:Concept
Pack:conceptscheme
Reference
Agency:ABS
MID:STANDALONE_CONCEPT_SCHEME
MVers:null
ID:INGP
Vers:1.0
Class:Concept
Pack:conceptscheme
Reference
Agency:ABS
MID:STANDALONE_CONCEPT_SCHEME
MVers:null
ID:STATE
Vers:1.0
Class:Concept
Pack:conceptscheme
Reference
Agency:ABS
MID:STANDALONE_CONCEPT_SCHEME
MVers:null
ID:REGIONTYPE
Vers:1.0
Class:Concept
Pack:conceptscheme
Reference
Agency:ABS
MID:STANDALONE_CONCEPT_SCHEME
MVers:null
ID:REGION
Vers:1.0
Class:Concept
Pack:conceptscheme
Reference
Agency:ABS
MID:STANDALONE_CONCEPT_SCHEME
MVers:null
ID:FREQUENCY
Vers:1.0
Class:Concept
Pack:conceptscheme
Reference
Agency:ABS
MID:STANDALONE_CONCEPT_SCHEME
MVers:null
ID:TIME
Vers:1.0
Class:Concept
Pack:conceptscheme
Reference
Agency:ABS
MID:STANDALONE_CONCEPT_SCHEME
MVers:null
ID:MEASURE
Vers:1.0
Class:Concept
Pack:conceptscheme
Reference
Agency:ABS
MID:STANDALONE_CONCEPT_SCHEME
MVers:null
ID:OBS_STATUS
Vers:1.0
Class:Concept
Pack:conceptscheme
Reference
Agency:ABS
MID:STANDALONE_CONCEPT_SCHEME
MVers:null
ID:TIME_FORMAT
Vers:1.0
Class:Concept
Pack:conceptscheme
Reference
Agency:ABS
MID:STANDALONE_CONCEPT_SCHEME
MVers:null
ID:OBS_VALUE
Vers:1.0
Class:Concept
Pack:conceptscheme
Loading Dataflows
Loading: B07 Indigenous Status by Age by Sex (LGA)
Header=&lt;message:Structure xmlns=&quot;http://www.SDMX.org/resources/SDMXML/schemas/v2_0/structure&quot; xmlns:common=&quot;http://www.SDMX.org/resources/SDMXML/schemas/v2_0/common&quot; xsi:schemaLocation=&quot;http://www.SDMX.org/resources/SDMXML/schemas/v2_0/structure http://www.sdmx.org/docs/2_0/SDMXStructure.xsd http://www.SDMX.org/resources/SDMXML/schemas/v2_0/message http://www.sdmx.org/docs/2_0/SDMXMessage.xsd&quot; xmlns:xsi=&quot;http://www.w3.org/2001/XMLSchema-instance&quot; xmlns:message=&quot;http://www.SDMX.org/resources/SDMXML/schemas/v2_0/message&quot;&gt;&lt;Header xmlns=&quot;http://www.SDMX.org/resources/SDMXML/schemas/v2_0/message&quot;&gt;&lt;ID&gt;none&lt;!--Statistical usage warning
ABS.Stat beta is continuing to be developed.  Data will be updated as soon as possible following its 11:30 am release on the ABS website.
--&gt;&lt;/ID&gt;&lt;Test&gt;false&lt;/Test&gt;&lt;Truncated&gt;false&lt;/Truncated&gt;&lt;Prepared&gt;2020-03-17T01:01:17&lt;/Prepared&gt;&lt;Sender id=&quot;ABS&quot;&gt;&lt;Name xml:lang=&quot;en&quot;&gt;Australian Bureau of Statistics&lt;/Name&gt;&lt;Name xml:lang=&quot;fr&quot;&gt;Australian Bureau of Statistics&lt;/Name&gt;&lt;/Sender&gt;&lt;/Header&gt;&lt;message:CodeLists&gt;&lt;CodeList id=&quot;CL_ABS_CENSUS2011_B07_LGA_MEASURE&quot; agencyID=&quot;ABS&quot;&gt;&lt;Name xml:lang=&quot;en&quot;&gt;Sex&lt;/Name&gt;&lt;Name xml:lang=&quot;fr&quot;&gt;Sex&lt;/Name&gt;&lt;Code value=&quot;1&quot; parentCode=&quot;3&quot;&gt;&lt;Description xml:lang=&quot;en&quot;&gt;Males&lt;/Description&gt;&lt;Description xml:lang=&quot;fr&quot;&gt;Males&lt;/Description&gt;&lt;/Code&gt;&lt;Code value=&quot;3&quot;&gt;&lt;Description xml:lang=&quot;en&quot;&gt;Persons&lt;/Description&gt;&lt;Description xml:lang=&quot;fr&quot;&gt;Persons&lt;/Description&gt;&lt;/Code&gt;&lt;Code value=&quot;2&quot; parentCode=&quot;3&quot;&gt;&lt;Description xml:lang=&quot;en&quot;&gt;Females&lt;/Description&gt;&lt;Description xml:lang=&quot;fr&quot;&gt;Females&lt;/Description&gt;&lt;/Code&gt;&lt;/CodeList&gt;&lt;CodeList id=&quot;CL_ABS_CENSUS2011_B07_LGA_AGE&quot; agencyID=&quot;ABS&quot;&gt;&lt;Name xml:lang=&quot;en&quot;&gt;Age&lt;/Name&gt;&lt;Name xml:lang=&quot;fr&quot;&gt;Age&lt;/Name&gt;&lt;Code value=&quot;A04&quot;&gt;&lt;Description xml:lang=&quot;en&quot;&gt;0 - 4&lt;/Description&gt;&lt;Description xml:lang=&quot;fr&quot;&gt;0 - 4&lt;/Description&gt;&lt;/Code&gt;&lt;Code value=&quot;A59&quot;&gt;&lt;Description xml:lang=&quot;en&quot;&gt;5 - 9&lt;/Description&gt;&lt;Description xml:lang=&quot;fr&quot;&gt;5 - 9&lt;/Description&gt;&lt;/Code&gt;&lt;Code value=&quot;A10&quot;&gt;&lt;Description xml:lang=&quot;en&quot;&gt;10 - 14&lt;/Description&gt;&lt;Description xml:lang=&quot;fr&quot;&gt;10 - 14&lt;/Description&gt;&lt;/Code&gt;&lt;Code value=&quot;A15&quot;&gt;&lt;Description xml:lang=&quot;en&quot;&gt;15 - 19&lt;/Description&gt;&lt;Description xml:lang=&quot;fr&quot;&gt;15 - 19&lt;/Description&gt;&lt;/Code&gt;&lt;Code value=&quot;A20&quot;&gt;&lt;Description xml:lang=&quot;en&quot;&gt;20 - 24&lt;/Description&gt;&lt;Description xml:lang=&quot;fr&quot;&gt;20 - 24&lt;/Description&gt;&lt;/Code&gt;&lt;Code value=&quot;A25&quot;&gt;&lt;Description xml:lang=&quot;en&quot;&gt;25 - 29&lt;/Description&gt;&lt;Description xml:lang=&quot;fr&quot;&gt;25 - 29&lt;/Description&gt;&lt;/Code&gt;&lt;Code value=&quot;A30&quot;&gt;&lt;Description xml:lang=&quot;en&quot;&gt;30 - 34&lt;/Description&gt;&lt;Description xml:lang=&quot;fr&quot;&gt;30 - 34&lt;/Description&gt;&lt;/Code&gt;&lt;Code value=&quot;A35&quot;&gt;&lt;Description xml:lang=&quot;en&quot;&gt;35 - 39&lt;/Description&gt;&lt;Description xml:lang=&quot;fr&quot;&gt;35 - 39&lt;/Description&gt;&lt;/Code&gt;&lt;Code value=&quot;A40&quot;&gt;&lt;Description xml:lang=&quot;en&quot;&gt;40 - 44&lt;/Description&gt;&lt;Description xml:lang=&quot;fr&quot;&gt;40 - 44&lt;/Description&gt;&lt;/Code&gt;&lt;Code value=&quot;A45&quot;&gt;&lt;Description xml:lang=&quot;en&quot;&gt;45 - 49&lt;/Description&gt;&lt;Description xml:lang=&quot;fr&quot;&gt;45 - 49&lt;/Description&gt;&lt;/Code&gt;&lt;Code value=&quot;A50&quot;&gt;&lt;Description xml:lang=&quot;en&quot;&gt;50 - 54&lt;/Description&gt;&lt;Description xml:lang=&quot;fr&quot;&gt;50 - 54&lt;/Description&gt;&lt;/Code&gt;&lt;Code value=&quot;A55&quot;&gt;&lt;Description xml:lang=&quot;en&quot;&gt;55 - 59&lt;/Description&gt;&lt;Description xml:lang=&quot;fr&quot;&gt;55 - 59&lt;/Description&gt;&lt;/Code&gt;&lt;Code value=&quot;A60&quot;&gt;&lt;Description xml:lang=&quot;en&quot;&gt;60 - 64&lt;/Description&gt;&lt;Description xml:lang=&quot;fr&quot;&gt;60 - 64&lt;/Description&gt;&lt;/Code&gt;&lt;Code value=&quot;TT&quot;&gt;&lt;Description xml:lang=&quot;en&quot;&gt;All ages&lt;/Description&gt;&lt;Description xml:lang=&quot;fr&quot;&gt;All ages&lt;/Description&gt;&lt;/Code&gt;&lt;Code value=&quot;O65&quot;&gt;&lt;Description xml:lang=&quot;en&quot;&gt;65 years and over&lt;/Description&gt;&lt;Description xml:lang=&quot;fr&quot;&gt;65 years and over&lt;/Description&gt;&lt;/Code&gt;&lt;/CodeList&gt;&lt;CodeList id=&quot;CL_ABS_CENSUS2011_B07_LGA_INGP&quot; agencyID=&quot;ABS&quot;&gt;&lt;Name xml:lang=&quot;en&quot;&gt;Indigenous Status&lt;/Name&gt;&lt;Name xml:lang=&quot;fr&quot;&gt;Indigenous Status&lt;/Name&gt;&lt;Code value=&quot;TOT&quot;&gt;&lt;Description xml:lang=&quot;en&quot;&gt;Total&lt;/Description&gt;&lt;Description xml:lang=&quot;fr&quot;&gt;Total&lt;/Description&gt;&lt;/Code&gt;&lt;Code value=&quot;4&quot; parentCode=&quot;TOT&quot;&gt;&lt;Description xml:lang=&quot;en&quot;&gt;Indigenous(a)&lt;/Description&gt;&lt;Description xml:lang=&quot;fr&quot;&gt;Indigenous(a)&lt;/Description&gt;&lt;/Code&gt;&lt;Code value=&quot;1&quot; parentCode=&quot;TOT&quot;&gt;&lt;Description xml:lang=&quot;en&quot;&gt;Non-Indigenous&lt;/Description&gt;&lt;Description xml:lang=&quot;fr&quot;&gt;Non-Indigenous&lt;/Description&gt;&lt;/Code&gt;&lt;Code value=&quot;Z&quot; parentCode=&quot;TOT&quot;&gt;&lt;Description xml:lang=&quot;en&quot;&gt;Indigenous status not stated&lt;/Description&gt;&lt;Description xml:lang=&quot;fr&quot;&gt;Indigenous status not stated&lt;/Description&gt;&lt;/Code&gt;&lt;/CodeList&gt;&lt;CodeList id=&quot;CL_ABS_CENSUS2011_B07_LGA_STATE&quot; agencyID=&quot;ABS&quot;&gt;&lt;Name xml:lang=&quot;en&quot;&gt;State&lt;/Name&gt;&lt;Name xml:lang=&quot;fr&quot;&gt;State&lt;/Name&gt;&lt;Code value=&quot;1&quot; parentCode=&quot;0&quot;&gt;&lt;Description xml:lang=&quot;en&quot;&gt;New South Wales&lt;/Description&gt;&lt;Description xml:lang=&quot;fr&quot;&gt;New South Wales&lt;/Description&gt;&lt;/Code&gt;&lt;Code value=&quot;0&quot;&gt;&lt;Description xml:lang=&quot;en&quot;&gt;Australia&lt;/Description&gt;&lt;Description xml:lang=&quot;fr&quot;&gt;Australia&lt;/Description&gt;&lt;/Code&gt;&lt;Code value=&quot;2&quot; parentCode=&quot;0&quot;&gt;&lt;Description xml:lang=&quot;en&quot;&gt;Victoria&lt;/Description&gt;&lt;Description xml:lang=&quot;fr&quot;&gt;Victoria&lt;/Description&gt;&lt;/Code&gt;&lt;Code value=&quot;3&quot; parentCode=&quot;0&quot;&gt;&lt;Description xml:lang=&quot;en&quot;&gt;Queensland&lt;/Description&gt;&lt;Description xml:lang=&quot;fr&quot;&gt;Queensland&lt;/Description&gt;&lt;/Code&gt;&lt;Code value=&quot;4&quot; parentCode=&quot;0&quot;&gt;&lt;Description xml:lang=&quot;en&quot;&gt;South Australia&lt;/Description&gt;&lt;Description xml:lang=&quot;fr&quot;&gt;South Australia&lt;/Description&gt;&lt;/Code&gt;&lt;Code value=&quot;5&quot; parentCode=&quot;0&quot;&gt;&lt;Description xml:lang=&quot;en&quot;&gt;Western Australia&lt;/Description&gt;&lt;Description xml:lang=&quot;fr&quot;&gt;Western Australia&lt;/Description&gt;&lt;/Code&gt;&lt;Code value=&quot;6&quot; parentCode=&quot;0&quot;&gt;&lt;Description xml:lang=&quot;en&quot;&gt;Tasmania&lt;/Description&gt;&lt;Description xml:lang=&quot;fr&quot;&gt;Tasmania&lt;/Description&gt;&lt;/Code&gt;&lt;Code value=&quot;7&quot; parentCode=&quot;0&quot;&gt;&lt;Description xml:lang=&quot;en&quot;&gt;Northern Territory&lt;/Description&gt;&lt;Description xml:lang=&quot;fr&quot;&gt;Northern Territory&lt;/Description&gt;&lt;/Code&gt;&lt;Code value=&quot;8&quot; parentCode=&quot;0&quot;&gt;&lt;Description xml:lang=&quot;en&quot;&gt;Australian Capital Territory&lt;/Description&gt;&lt;Description xml:lang=&quot;fr&quot;&gt;Australian Capital Territory&lt;/Description&gt;&lt;/Code&gt;&lt;Code value=&quot;9&quot; parentCode=&quot;0&quot;&gt;&lt;Description xml:lang=&quot;en&quot;&gt;Other Territories&lt;/Description&gt;&lt;Description xml:lang=&quot;fr&quot;&gt;Other Territories&lt;/Description&gt;&lt;/Code&gt;&lt;/CodeList&gt;&lt;CodeList id=&quot;CL_ABS_CENSUS2011_B07_LGA_REGIONTYPE&quot; agencyID=&quot;ABS&quot;&gt;&lt;Name xml:lang=&quot;en&quot;&gt;Region Type&lt;/Name&gt;&lt;Name xml:lang=&quot;fr&quot;&gt;Region Type&lt;/Name&gt;&lt;Code value=&quot;LGA2011&quot; parentCode=&quot;LGA&quot;&gt;&lt;Description xml:lang=&quot;en&quot;&gt;Local Government Areas (2011)&lt;/Description&gt;&lt;Description xml:lang=&quot;fr&quot;&gt;Local Government Areas (2011)&lt;/Description&gt;&lt;/Code&gt;&lt;Code value=&quot;LGA&quot;&gt;&lt;Description xml:lang=&quot;en&quot;&gt;Local Government Areas&lt;/Description&gt;&lt;Description xml:lang=&quot;fr&quot;&gt;Local Government Areas&lt;/Description&gt;&lt;/Code&gt;&lt;/CodeList&gt;&lt;CodeList id=&quot;CL_ABS_CENSUS2011_B07_LGA_REGION&quot; agencyID=&quot;ABS&quot;&gt;&lt;Name xml:lang=&quot;en&quot;&gt;LGA 2011&lt;/Name&gt;&lt;Name xml:lang=&quot;fr&quot;&gt;LGA 2011&lt;/Name&gt;&lt;Code value=&quot;10050&quot; parentCode=&quot;1&quot;&gt;&lt;Description xml:lang=&quot;en&quot;&gt;Albury (C)&lt;/Description&gt;&lt;Description xml:lang=&quot;fr&quot;&gt;Albury (C)&lt;/Description&gt;&lt;/Code&gt;&lt;Code value=&quot;1&quot;&gt;&lt;Description xml:lang=&quot;en&quot;&gt;New South Wales&lt;/Description&gt;&lt;Description xml:lang=&quot;fr&quot;&gt;New South Wales&lt;/Description&gt;&lt;/Code&gt;&lt;Code value=&quot;10110&quot; parentCode=&quot;1&quot;&gt;&lt;Description xml:lang=&quot;en&quot;&gt;Armidale Dumaresq (A)&lt;/Description&gt;&lt;Description xml:lang=&quot;fr&quot;&gt;Armidale Dumaresq (A)&lt;/Description&gt;&lt;/Code&gt;&lt;Code value=&quot;10150&quot; parentCode=&quot;1&quot;&gt;&lt;Description xml:lang=&quot;en&quot;&gt;Ashfield (A)&lt;/Description&gt;&lt;Description xml:lang=&quot;fr&quot;&gt;Ashfield (A)&lt;/Description&gt;&lt;/Code&gt;&lt;Code value=&quot;10200&quot; parentCode=&quot;1&quot;&gt;&lt;Description xml:lang=&quot;en&quot;&gt;Auburn (C)&lt;/Description&gt;&lt;Description xml:lang=&quot;fr&quot;&gt;Auburn (C)&lt;/Description&gt;&lt;/Code&gt;&lt;Code value=&quot;10250&quot; parentCode=&quot;1&quot;&gt;&lt;Description xml:lang=&quot;en&quot;&gt;Ballina (A)&lt;/Description&gt;&lt;Description xml:lang=&quot;fr&quot;&gt;Ballina (A)&lt;/Description&gt;&lt;/Code&gt;&lt;Code value=&quot;10300&quot; parentCode=&quot;1&quot;&gt;&lt;Description xml:lang=&quot;en&quot;&gt;Balranald (A)&lt;/Description&gt;&lt;Description xml:lang=&quot;fr&quot;&gt;Balranald (A)&lt;/Description&gt;&lt;/Code&gt;&lt;Code value=&quot;10350&quot; parentCode=&quot;1&quot;&gt;&lt;Description xml:lang=&quot;en&quot;&gt;Bankstown (C)&lt;/Description&gt;&lt;Description xml:lang=&quot;fr&quot;&gt;Bankstown (C)&lt;/Description&gt;&lt;/Code&gt;&lt;Code value=&quot;10470&quot; parentCode=&quot;1&quot;&gt;&lt;Description xml:lang=&quot;en&quot;&gt;Bathurst Regional (A)&lt;/Description&gt;&lt;Description xml:lang=&quot;fr&quot;&gt;Bathurst Regional (A)&lt;/Description&gt;&lt;/Code&gt;&lt;Code value=&quot;10550&quot; parentCode=&quot;1&quot;&gt;&lt;Description xml:lang=&quot;en&quot;&gt;Bega Valley (A)&lt;/Description&gt;&lt;Description xml:lang=&quot;fr&quot;&gt;Bega Valley (A)&lt;/Description&gt;&lt;/Code&gt;&lt;Code value=&quot;10600&quot; parentCode=&quot;1&quot;&gt;&lt;Description xml:lang=&quot;en&quot;&gt;Bellingen (A)&lt;/Description&gt;&lt;Description xml:lang=&quot;fr&quot;&gt;Bellingen (A)&lt;/Description&gt;&lt;/Code&gt;&lt;Code value=&quot;10650&quot; parentCode=&quot;1&quot;&gt;&lt;Descr
Input 1 does not match Pattern:[A-z][A-z0-9_\-]* for class:NCNameID
Input 3 does not match Pattern:[A-z][A-z0-9_\-]* for class:NCNameID
Input 2 does not match Pattern:[A-z][A-z0-9_\-]* for class:NCNameID
Loading Codelists
Codelist: ABS:CL_ATSI_BIRTHS_SUMM_MEASURE:1.0 already exists
Loading Concepts
Loading DataStructures
DS ABS:ATSI_BIRTHS_SUMM:1.0
Loading Dataflows
Loading Codelists
Codelist: ABS:CL_ATSI_FERTILITY_MEASURE:1.0 already exists
Loading Concepts
Loading DataStructures
DS ABS:ATSI_FERTILITY:1.0
Loading Dataflows
Loading Codelists
Codelist: ABS:CL_ALC_TYP:1.0 already exists
Loading Concepts
Loading DataStructures
DS ABS:ALC:1.0
Loading Dataflows
Loading Codelists
Codelist: ABS:CL_ABS_ACLD_LFSTATUS_SEX_ABS:1.0 already exists
Loading Concepts
Loading DataStructures
DS ABS:ABS_ACLD_LFSTATUS:1.0
Loading Dataflows
Loading Codelists
Codelist: ABS:CL_ABS_ACLD_TENURE_SEX_ABS:1.0 already exists
Loading Concepts
Loading DataStructures
DS ABS:ABS_ACLD_TENURE:1.0
Loading Dataflows
Loading Codelists
Codelist: ABS:CL_ABS_ACLD_UNPAIDASST_SEX_ABS:1.0 already exists
Loading Concepts
Loading DataStructures
DS ABS:ABS_ACLD_UNPAIDASST:1.0
Loading Dataflows
Loading Codelists
Codelist: ABS:CL_ABS_ACLD_VOLWORK_SEX_ABS:1.0 already exists
Loading Concepts
Loading DataStructures
DS ABS:ABS_ACLD_VOLWORK:1.0
Loading Dataflows
Loading Codelists
Codelist: ABS:CL_AMLPS_PART_2017_MEASURE:1.0 already exists
Loading Concepts
Loading DataStructures
DS ABS:AMLPS_PART_2017:1.0
Loading Dataflows
Loading Codelists
Codelist: ABS:CL_AMLPS_RESP_2017_RESPONSE_CAT:1.0 already exists
Loading Concepts
Loading DataStructures
DS ABS:AMLPS_RESP_2017:1.0
Loading Dataflows
Loading Codelists
Codelist: ABS:CL_ABS_CENSUS2011_B01_MEASURE:1.0 already exists
Loading Concepts
Loading DataStructures
DS ABS:ABS_CENSUS2011_B01:1.0
Loading Dataflows
Loading Codelists
Codelist: ABS:CL_ABS_CENSUS2011_B01_LGA_MEASURE:1.0 already exists
Loading Concepts
Loading DataStructures
DS ABS:ABS_CENSUS2011_B01_LGA:1.0
Loading Dataflows
Loading Codelists
Codelist: ABS:CL_ABS_CENSUS2011_B01_SA1_SA_MEASURE:1.0 already exists
Loading Concepts
Loading DataStructures
DS ABS:ABS_CENSUS2011_B01_SA1_SA:1.0
Loading Dataflows
Loading Codelists
Codelist: ABS:CL_ABS_CENSUS2011_B02_MEASURE:1.0 already exists
Loading Concepts
Loading DataStructures
DS ABS:ABS_CENSUS2011_B02:1.0
Loading Dataflows
Loading Codelists
Codelist: ABS:CL_ABS_CENSUS2011_B02_LGA_MEASURE:1.0 already exists
Loading Concepts
Loading DataStructures
DS ABS:ABS_CENSUS2011_B02_LGA:1.0
Loading Dataflows
Loading Codelists
Codelist: ABS:CL_ABS_CENSUS2011_B02_SA1_SA_MEASURE:1.0 already exists
Loading Concepts
Loading DataStructures
DS ABS:ABS_CENSUS2011_B02_SA1_SA:1.0
Loading Dataflows
Loading Codelists
Codelist: ABS:CL_ABS_CENSUS2011_B03_LGA_MEASURE:1.0 already exists
Loading Concepts
Loading DataStructures
DS ABS:ABS_CENSUS2011_B03_LGA:1.0
Loading Dataflows
Loading Codelists
Codelist: ABS:CL_ABS_CENSUS2011_B03_MEASURE:1.0 already exists
Loading Concepts
Loading DataStructures
DS ABS:ABS_CENSUS2011_B03:1.0
Loading Dataflows
Loading Codelists
Codelist: ABS:CL_ABS_CENSUS2011_B03_SA1_SA_MEASURE:1.0 already exists
Loading Concepts
Loading DataStructures
DS ABS:ABS_CENSUS2011_B03_SA1_SA:1.0
Loading Dataflows
Loading Codelists
Codelist: ABS:CL_ABS_CENSUS2011_B04_MEASURE:1.0 already exists
Loading Concepts
Loading DataStructures
DS ABS:ABS_CENSUS2011_B04:1.0
Loading Dataflows
Loading Codelists
Codelist: ABS:CL_ABS_CENSUS2011_B04_LGA_MEASURE:1.0 already exists
Loading Concepts
Loading DataStructures
DS ABS:ABS_CENSUS2011_B04_LGA:1.0
Loading Dataflows
Loading Codelists
Codelist: ABS:CL_ABS_CENSUS2011_B04_SA1_SA_MEASURE:1.0 already exists
Loading Concepts
Loading DataStructures
DS ABS:ABS_CENSUS2011_B04_SA1_SA:1.0
Loading Dataflows
Loading Codelists
Codelist: ABS:CL_ABS_CENSUS2011_B05_MEASURE:1.0 already exists
Loading Concepts
Loading DataStructures
DS ABS:ABS_CENSUS2011_B05:1.0
Loading Dataflows
Loading Codelists
Codelist: ABS:CL_ABS_CENSUS2011_B05_LGA_MEASURE:1.0 already exists
Loading Concepts
Loading DataStructures
DS ABS:ABS_CENSUS2011_B05_LGA:1.0
Loading Dataflows
Loading Codelists
Codelist: ABS:CL_ABS_CENSUS2011_B05_SA1_SA_MEASURE:1.0 already exists
Loading Concepts
Loading DataStructures
DS ABS:ABS_CENSUS2011_B05_SA1_SA:1.0
Loading Dataflows
Loading Codelists
Codelist: ABS:CL_ABS_CENSUS2011_B06_MEASURE:1.0 already exists
Loading Concepts
Loading DataStructures
DS ABS:ABS_CENSUS2011_B06:1.0
Loading Dataflows
Loading Codelists
Codelist: ABS:CL_ABS_CENSUS2011_B06_LGA_MEASURE:1.0 already exists
Loading Concepts
Loading DataStructures
DS ABS:ABS_CENSUS2011_B06_LGA:1.0
Loading Dataflows
Loading Codelists
Codelist: ABS:CL_ABS_CENSUS2011_B06_SA1_SA_MEASURE:1.0 already exists
Loading Concepts
Loading DataStructures
DS ABS:ABS_CENSUS2011_B06_SA1_SA:1.0
Loading Dataflows
Loading Codelists
Codelist: ABS:CL_ABS_CENSUS2011_B07_MEASURE:1.0 already exists
Loading Concepts
Loading DataStructures
DS ABS:ABS_CENSUS2011_B07:1.0
Loading Dataflows
Loading Codelists
Loading Concepts
Loading DataStructures
DS ABS:ABS_CENSUS2011_B07_LGA:1.0
Reference
Agency:ABS
MID:STANDALONE_CONCEPT_SCHEME
MVers:null
ID:AGE
Vers:1.0
Class:Concept
Pack:conceptscheme
Reference
Agency:ABS
MID:STANDALONE_CONCEPT_SCHEME
MVers:null
ID:INGP
Vers:1.0
Class:Concept
Pack:conceptscheme
Reference
Agency:ABS
MID:STANDALONE_CONCEPT_SCHEME
MVers:null
ID:STATE
Vers:1.0
Class:Concept
Pack:conceptscheme
Reference
Agency:ABS
MID:STANDALONE_CONCEPT_SCHEME
MVers:null
ID:REGIONTYPE
Vers:1.0
Class:Concept
Pack:conceptscheme
Reference
Agency:ABS
MID:STANDALONE_CONCEPT_SCHEME
MVers:null
ID:REGION
Vers:1.0
Class:Concept
Pack:conceptscheme
Reference
Agency:ABS
MID:STANDALONE_CONCEPT_SCHEME
MVers:null
ID:FREQUENCY
Vers:1.0
Class:Concept
Pack:conceptscheme
Reference
Agency:ABS
MID:STANDALONE_CONCEPT_SCHEME
MVers:null
ID:TIME
Vers:1.0
Class:Concept
Pack:conceptscheme
Reference
Agency:ABS
MID:STANDALONE_CONCEPT_SCHEME
MVers:null
ID:MEASURE
Vers:1.0
Class:Concept
Pack:conceptscheme
Reference
Agency:ABS
MID:STANDALONE_CONCEPT_SCHEME
MVers:null
ID:OBS_STATUS
Vers:1.0
Class:Concept
Pack:conceptscheme
Reference
Agency:ABS
MID:STANDALONE_CONCEPT_SCHEME
MVers:null
ID:TIME_FORMAT
Vers:1.0
Class:Concept
Pack:conceptscheme
Reference
Agency:ABS
MID:STANDALONE_CONCEPT_SCHEME
MVers:null
ID:OBS_VALUE
Vers:1.0
Class:Concept
Pack:conceptscheme
Loading Dataflows
Loading: B07 Indigenous Status by Age by Sex(SA1 SA)
Header=&lt;message:Structure xmlns=&quot;http://www.SDMX.org/resources/SDMXML/schemas/v2_0/structure&quot; xmlns:common=&quot;http://www.SDMX.org/resources/SDMXML/schemas/v2_0/common&quot; xsi:schemaLocation=&quot;http://www.SDMX.org/resources/SDMXML/schemas/v2_0/structure http://www.sdmx.org/docs/2_0/SDMXStructure.xsd http://www.SDMX.org/resources/SDMXML/schemas/v2_0/message http://www.sdmx.org/docs/2_0/SDMXMessage.xsd&quot; xmlns:xsi=&quot;http://www.w3.org/2001/XMLSchema-instance&quot; xmlns:message=&quot;http://www.SDMX.org/resources/SDMXML/schemas/v2_0/message&quot;&gt;&lt;Header xmlns=&quot;http://www.SDMX.org/resources/SDMXML/schemas/v2_0/message&quot;&gt;&lt;ID&gt;none&lt;!--Statistical usage warning
ABS.Stat beta is continuing to be developed.  Data will be updated as soon as possible following its 11:30 am release on the ABS website.
--&gt;&lt;/ID&gt;&lt;Test&gt;false&lt;/Test&gt;&lt;Truncated&gt;false&lt;/Truncated&gt;&lt;Prepared&gt;2020-03-17T01:01:31&lt;/Prepared&gt;&lt;Sender id=&quot;ABS&quot;&gt;&lt;Name xml:lang=&quot;en&quot;&gt;Australian Bureau of Statistics&lt;/Name&gt;&lt;Name xml:lang=&quot;fr&quot;&gt;Australian Bureau of Statistics&lt;/Name&gt;&lt;/Sender&gt;&lt;/Header&gt;&lt;message:CodeLists&gt;&lt;CodeList id=&quot;CL_ABS_CENSUS2011_B07_SA1_SA_MEASURE&quot; agencyID=&quot;ABS&quot;&gt;&lt;Name xml:lang=&quot;en&quot;&gt;Sex&lt;/Name&gt;&lt;Name xml:lang=&quot;fr&quot;&gt;Sex&lt;/Name&gt;&lt;Code value=&quot;1&quot; parentCode=&quot;3&quot;&gt;&lt;Description xml:lang=&quot;en&quot;&gt;Males&lt;/Description&gt;&lt;Description xml:lang=&quot;fr&quot;&gt;Males&lt;/Description&gt;&lt;/Code&gt;&lt;Code value=&quot;3&quot;&gt;&lt;Description xml:lang=&quot;en&quot;&gt;Persons&lt;/Description&gt;&lt;Description xml:lang=&quot;fr&quot;&gt;Persons&lt;/Description&gt;&lt;/Code&gt;&lt;Code value=&quot;2&quot; parentCode=&quot;3&quot;&gt;&lt;Description xml:lang=&quot;en&quot;&gt;Females&lt;/Description&gt;&lt;Description xml:lang=&quot;fr&quot;&gt;Females&lt;/Description&gt;&lt;/Code&gt;&lt;/CodeList&gt;&lt;CodeList id=&quot;CL_ABS_CENSUS2011_B07_SA1_SA_AGE&quot; agencyID=&quot;ABS&quot;&gt;&lt;Name xml:lang=&quot;en&quot;&gt;Age&lt;/Name&gt;&lt;Name xml:lang=&quot;fr&quot;&gt;Age&lt;/Name&gt;&lt;Code value=&quot;A04&quot;&gt;&lt;Description xml:lang=&quot;en&quot;&gt;0 - 4&lt;/Description&gt;&lt;Description xml:lang=&quot;fr&quot;&gt;0 - 4&lt;/Description&gt;&lt;/Code&gt;&lt;Code value=&quot;A59&quot;&gt;&lt;Description xml:lang=&quot;en&quot;&gt;5 - 9&lt;/Description&gt;&lt;Description xml:lang=&quot;fr&quot;&gt;5 - 9&lt;/Description&gt;&lt;/Code&gt;&lt;Code value=&quot;A10&quot;&gt;&lt;Description xml:lang=&quot;en&quot;&gt;10 - 14&lt;/Description&gt;&lt;Description xml:lang=&quot;fr&quot;&gt;10 - 14&lt;/Description&gt;&lt;/Code&gt;&lt;Code value=&quot;A15&quot;&gt;&lt;Description xml:lang=&quot;en&quot;&gt;15 - 19&lt;/Description&gt;&lt;Description xml:lang=&quot;fr&quot;&gt;15 - 19&lt;/Description&gt;&lt;/Code&gt;&lt;Code value=&quot;A20&quot;&gt;&lt;Description xml:lang=&quot;en&quot;&gt;20 - 24&lt;/Description&gt;&lt;Description xml:lang=&quot;fr&quot;&gt;20 - 24&lt;/Description&gt;&lt;/Code&gt;&lt;Code value=&quot;A25&quot;&gt;&lt;Description xml:lang=&quot;en&quot;&gt;25 - 29&lt;/Description&gt;&lt;Description xml:lang=&quot;fr&quot;&gt;25 - 29&lt;/Description&gt;&lt;/Code&gt;&lt;Code value=&quot;A30&quot;&gt;&lt;Description xml:lang=&quot;en&quot;&gt;30 - 34&lt;/Description&gt;&lt;Description xml:lang=&quot;fr&quot;&gt;30 - 34&lt;/Description&gt;&lt;/Code&gt;&lt;Code value=&quot;A35&quot;&gt;&lt;Description xml:lang=&quot;en&quot;&gt;35 - 39&lt;/Description&gt;&lt;Description xml:lang=&quot;fr&quot;&gt;35 - 39&lt;/Description&gt;&lt;/Code&gt;&lt;Code value=&quot;A40&quot;&gt;&lt;Description xml:lang=&quot;en&quot;&gt;40 - 44&lt;/Description&gt;&lt;Description xml:lang=&quot;fr&quot;&gt;40 - 44&lt;/Description&gt;&lt;/Code&gt;&lt;Code value=&quot;A45&quot;&gt;&lt;Description xml:lang=&quot;en&quot;&gt;45 - 49&lt;/Description&gt;&lt;Description xml:lang=&quot;fr&quot;&gt;45 - 49&lt;/Description&gt;&lt;/Code&gt;&lt;Code value=&quot;A50&quot;&gt;&lt;Description xml:lang=&quot;en&quot;&gt;50 - 54&lt;/Description&gt;&lt;Description xml:lang=&quot;fr&quot;&gt;50 - 54&lt;/Description&gt;&lt;/Code&gt;&lt;Code value=&quot;A55&quot;&gt;&lt;Description xml:lang=&quot;en&quot;&gt;55 - 59&lt;/Description&gt;&lt;Description xml:lang=&quot;fr&quot;&gt;55 - 59&lt;/Description&gt;&lt;/Code&gt;&lt;Code value=&quot;A60&quot;&gt;&lt;Description xml:lang=&quot;en&quot;&gt;60 - 64&lt;/Description&gt;&lt;Description xml:lang=&quot;fr&quot;&gt;60 - 64&lt;/Description&gt;&lt;/Code&gt;&lt;Code value=&quot;TT&quot;&gt;&lt;Description xml:lang=&quot;en&quot;&gt;All ages&lt;/Description&gt;&lt;Description xml:lang=&quot;fr&quot;&gt;All ages&lt;/Description&gt;&lt;/Code&gt;&lt;Code value=&quot;O65&quot;&gt;&lt;Description xml:lang=&quot;en&quot;&gt;65 years and over&lt;/Description&gt;&lt;Description xml:lang=&quot;fr&quot;&gt;65 years and over&lt;/Description&gt;&lt;/Code&gt;&lt;/CodeList&gt;&lt;CodeList id=&quot;CL_ABS_CENSUS2011_B07_SA1_SA_INGP&quot; agencyID=&quot;ABS&quot;&gt;&lt;Name xml:lang=&quot;en&quot;&gt;Indigenous Status&lt;/Name&gt;&lt;Name xml:lang=&quot;fr&quot;&gt;Indigenous Status&lt;/Name&gt;&lt;Code value=&quot;TOT&quot;&gt;&lt;Description xml:lang=&quot;en&quot;&gt;Total&lt;/Description&gt;&lt;Description xml:lang=&quot;fr&quot;&gt;Total&lt;/Description&gt;&lt;/Code&gt;&lt;Code value=&quot;4&quot; parentCode=&quot;TOT&quot;&gt;&lt;Description xml:lang=&quot;en&quot;&gt;Indigenous(a)&lt;/Description&gt;&lt;Description xml:lang=&quot;fr&quot;&gt;Indigenous(a)&lt;/Description&gt;&lt;/Code&gt;&lt;Code value=&quot;1&quot; parentCode=&quot;TOT&quot;&gt;&lt;Description xml:lang=&quot;en&quot;&gt;Non-Indigenous&lt;/Description&gt;&lt;Description xml:lang=&quot;fr&quot;&gt;Non-Indigenous&lt;/Description&gt;&lt;/Code&gt;&lt;Code value=&quot;Z&quot; parentCode=&quot;TOT&quot;&gt;&lt;Description xml:lang=&quot;en&quot;&gt;Indigenous status not stated&lt;/Description&gt;&lt;Description xml:lang=&quot;fr&quot;&gt;Indigenous status not stated&lt;/Description&gt;&lt;/Code&gt;&lt;/CodeList&gt;&lt;CodeList id=&quot;CL_ABS_CENSUS2011_B07_SA1_SA_STATE&quot; agencyID=&quot;ABS&quot;&gt;&lt;Name xml:lang=&quot;en&quot;&gt;State&lt;/Name&gt;&lt;Name xml:lang=&quot;fr&quot;&gt;State&lt;/Name&gt;&lt;Code value=&quot;4&quot; parentCode=&quot;0&quot;&gt;&lt;Description xml:lang=&quot;en&quot;&gt;South Australia&lt;/Description&gt;&lt;Description xml:lang=&quot;fr&quot;&gt;South Australia&lt;/Description&gt;&lt;/Code&gt;&lt;Code value=&quot;0&quot;&gt;&lt;Description xml:lang=&quot;en&quot;&gt;Australia&lt;/Description&gt;&lt;Description xml:lang=&quot;fr&quot;&gt;Australia&lt;/Description&gt;&lt;/Code&gt;&lt;/CodeList&gt;&lt;CodeList id=&quot;CL_ABS_CENSUS2011_B07_SA1_SA_REGIONTYPE&quot; agencyID=&quot;ABS&quot;&gt;&lt;Name xml:lang=&quot;en&quot;&gt;Region Type&lt;/Name&gt;&lt;Name xml:lang=&quot;fr&quot;&gt;Region Type&lt;/Name&gt;&lt;Code value=&quot;SA1&quot;&gt;&lt;Description xml:lang=&quot;en&quot;&gt;Statistical Area Level 1&lt;/Description&gt;&lt;Description xml:lang=&quot;fr&quot;&gt;Statistical Area Level 1&lt;/Description&gt;&lt;/Code&gt;&lt;/CodeList&gt;&lt;CodeList id=&quot;CL_ABS_CENSUS2011_B07_SA1_SA_REGION&quot; agencyID=&quot;ABS&quot;&gt;&lt;Name xml:lang=&quot;en&quot;&gt;Region&lt;/Name&gt;&lt;Name xml:lang=&quot;fr&quot;&gt;Region&lt;/Name&gt;&lt;Code value=&quot;40101100101&quot; parentCode=&quot;401011001&quot;&gt;&lt;Description xml:lang=&quot;en&quot;&gt;40101100101&lt;/Description&gt;&lt;Description xml:lang=&quot;fr&quot;&gt;40101100101&lt;/Description&gt;&lt;/Code&gt;&lt;Code value=&quot;401011001&quot; parentCode=&quot;40101&quot;&gt;&lt;Description xml:lang=&quot;en&quot;&gt;Adelaide&lt;/Description&gt;&lt;Description xml:lang=&quot;fr&quot;&gt;Adelaide&lt;/Description&gt;&lt;/Code&gt;&lt;Code value=&quot;40101&quot; parentCode=&quot;401&quot;&gt;&lt;Description xml:lang=&quot;en&quot;&gt;Adelaide City&lt;/Description&gt;&lt;Description xml:lang=&quot;fr&quot;&gt;Adelaide City&lt;/Description&gt;&lt;/Code&gt;&lt;Code value=&quot;401&quot;&gt;&lt;Description xml:lang=&quot;en&quot;&gt;Adelaide - Central and Hills&lt;/Description&gt;&lt;Description xml:lang=&quot;fr&quot;&gt;Adelaide - Central and Hills&lt;/Description&gt;&lt;/Code&gt;&lt;Code value=&quot;40101100102&quot; parentCode=&quot;401011001&quot;&gt;&lt;Description xml:lang=&quot;en&quot;&gt;40101100102&lt;/Description&gt;&lt;Description xml:lang=&quot;fr&quot;&gt;40101100102&lt;/Description&gt;&lt;/Code&gt;&lt;Code value=&quot;40101100103&quot; parentCode=&quot;401011001&quot;&gt;&lt;Description xml:lang=&quot;en&quot;&gt;40101100103&lt;/Description&gt;&lt;Description xml:lang=&quot;fr&quot;&gt;40101100103&lt;/Description&gt;&lt;/Code&gt;&lt;Code value=&quot;40101100104&quot; parentCode=&quot;401011001&quot;&gt;&lt;Description xml:lang=&quot;en&quot;&gt;40101100104&lt;/Description&gt;&lt;Description xml:lang=&quot;fr&quot;&gt;40101100104&lt;/Description&gt;&lt;/Code&gt;&lt;Code value=&quot;40101100105&quot; parentCode=&quot;401011001&quot;&gt;&lt;Description xml:lang=&quot;en&quot;&gt;40101100105&lt;/Description&gt;&lt;Description xml:lang=&quot;fr&quot;&gt;40101100105&lt;/Description&gt;&lt;/Code&gt;&lt;Code value=&quot;40101100106&quot; parentCode=&quot;401011001&quot;&gt;&lt;Description xml:lang=&quot;en&quot;&gt;40101100106&lt;/Description&gt;&lt;Description xml:lang=&quot;fr&quot;&gt;40101100106&lt;/Description&gt;&lt;/Code&gt;&lt;Code value=&quot;40101100107&quot; parentCode=&quot;401011001&quot;&gt;&lt;Description xml:lang=&quot;en&quot;&gt;40101100107&lt;/Description&gt;&lt;Description xml:lang=&quot;fr&quot;&gt;40101100107&lt;/Description&gt;&lt;/Code&gt;&lt;Code value=&quot;40101100108&quot; parentCode=&quot;401011001&quot;&gt;&lt;Description xml:lang=&quot;en&quot;&gt;40101100108&lt;/Description&gt;&lt;Description xml:lang=&quot;fr&quot;&gt;40101100108&lt;/Description&gt;&lt;/Code&gt;&lt;Code value=&quot;40101100109&quot; parentCode=&quot;401011001&quot;&gt;&lt;Description xml:lang=&quot;en&quot;&gt;40101100109&lt;/Description&gt;&lt;Description xml:lang=&quot;fr&quot;&gt;40101100109&lt;/Description&gt;&lt;/Code&gt;&lt;Code value=&quot;40101100110&quot; parentCode=&quot;401011001&quot;&gt;&lt;Description xml:lang=&quot;en&quot;&gt;40101100110&lt;/Description&gt;&lt;Description xml:lang=&quot;fr&quot;&gt;40101100110&lt;/Description&gt;&lt;/Code&gt;&lt;Code value=&quot;40101100111&quot; parentCode=&quot;401011001&quot;&gt;&lt;Description xml:lang=&quot;en&quot;&gt;40101100111&lt;/Description&gt;&lt;Description xml:lang=&quot;fr&quot;&gt;40101100111&lt;/Description&gt;&lt;/Code&gt;&lt;Code value=&quot;40101100112&quot; parentCode=&quot;401011001&quot;&gt;&lt;Description xml:lang=&quot;en&quot;&gt;40101100112&lt;/Description&gt;&lt;Description xml:lang=&quot;fr&quot;&gt;40101100112&lt;/Description&gt;&lt;/Code&gt;&lt;Code value=&quot;40101100113&quot; parentCode=&quot;401011001&quot;&gt;&lt;Description xml:lang=&quot;en&quot;&gt;40101100113&lt;/Description&gt;&lt;Description xml:lang=&quot;fr&quot;&gt;40101100113&lt;/Description&gt;&lt;/Code&gt;&lt;Code value=&quot;40101100114&quot; parentCode=&quot;401011001&quot;&gt;&lt;Description xml:lang=&quot;en&quot;&gt;40101100114&lt;/Description&gt;&lt;Description xml:lang=&quot;fr&quot;&gt;40101100114&lt;/Description&gt;&lt;/Code&gt;&lt;Code value=&quot;40101100115&quot; parentCode=&quot;401011001&quot;&gt;&lt;Description xml:lang=&quot;en&quot;&gt;40101100115&lt;/Description&gt;&lt;Description xml:lang=&quot;fr&quot;&gt;40101100115&lt;/Description&gt;&lt;/Code&gt;&lt;Code value=&quot;40101100116&quot; parentCode=&quot;401011001&quot;&gt;&lt;Description xml:lang=&quot;en&quot;&gt;40101100116&lt;/Description&gt;&lt;Description xml:lang=&quot;fr&quot;&gt;40101100116&lt;/Description&gt;&lt;/Code&gt;&lt;Code value=&quot;40101100117&quot; parentCode=&quot;401
Input 1 does not match Pattern:[A-z][A-z0-9_\-]* for class:NCNameID
Input 3 does not match Pattern:[A-z][A-z0-9_\-]* for class:NCNameID
Input 2 does not match Pattern:[A-z][A-z0-9_\-]* for class:NCNameID
Loading Codelists
Codelist: ABS:CL_ATSI_BIRTHS_SUMM_MEASURE:1.0 already exists
Loading Concepts
Loading DataStructures
DS ABS:ATSI_BIRTHS_SUMM:1.0
Loading Dataflows
Loading Codelists
Codelist: ABS:CL_ATSI_FERTILITY_MEASURE:1.0 already exists
Loading Concepts
Loading DataStructures
DS ABS:ATSI_FERTILITY:1.0
Loading Dataflows
Loading Codelists
Codelist: ABS:CL_ALC_TYP:1.0 already exists
Loading Concepts
Loading DataStructures
DS ABS:ALC:1.0
Loading Dataflows
Loading Codelists
Codelist: ABS:CL_ABS_ACLD_LFSTATUS_SEX_ABS:1.0 already exists
Loading Concepts
Loading DataStructures
DS ABS:ABS_ACLD_LFSTATUS:1.0
Loading Dataflows
Loading Codelists
Codelist: ABS:CL_ABS_ACLD_TENURE_SEX_ABS:1.0 already exists
Loading Concepts
Loading DataStructures
DS ABS:ABS_ACLD_TENURE:1.0
Loading Dataflows
Loading Codelists
Codelist: ABS:CL_ABS_ACLD_UNPAIDASST_SEX_ABS:1.0 already exists
Loading Concepts
Loading DataStructures
DS ABS:ABS_ACLD_UNPAIDASST:1.0
Loading Dataflows
Loading Codelists
Codelist: ABS:CL_ABS_ACLD_VOLWORK_SEX_ABS:1.0 already exists
Loading Concepts
Loading DataStructures
DS ABS:ABS_ACLD_VOLWORK:1.0
Loading Dataflows
Loading Codelists
Codelist: ABS:CL_AMLPS_PART_2017_MEASURE:1.0 already exists
Loading Concepts
Loading DataStructures
DS ABS:AMLPS_PART_2017:1.0
Loading Dataflows
Loading Codelists
Codelist: ABS:CL_AMLPS_RESP_2017_RESPONSE_CAT:1.0 already exists
Loading Concepts
Loading DataStructures
DS ABS:AMLPS_RESP_2017:1.0
Loading Dataflows
Loading Codelists
Codelist: ABS:CL_ABS_CENSUS2011_B01_MEASURE:1.0 already exists
Loading Concepts
Loading DataStructures
DS ABS:ABS_CENSUS2011_B01:1.0
Loading Dataflows
Loading Codelists
Codelist: ABS:CL_ABS_CENSUS2011_B01_LGA_MEASURE:1.0 already exists
Loading Concepts
Loading DataStructures
DS ABS:ABS_CENSUS2011_B01_LGA:1.0
Loading Dataflows
Loading Codelists
Codelist: ABS:CL_ABS_CENSUS2011_B01_SA1_SA_MEASURE:1.0 already exists
Loading Concepts
Loading DataStructures
DS ABS:ABS_CENSUS2011_B01_SA1_SA:1.0
Loading Dataflows
Loading Codelists
Codelist: ABS:CL_ABS_CENSUS2011_B02_MEASURE:1.0 already exists
Loading Concepts
Loading DataStructures
DS ABS:ABS_CENSUS2011_B02:1.0
Loading Dataflows
Loading Codelists
Codelist: ABS:CL_ABS_CENSUS2011_B02_LGA_MEASURE:1.0 already exists
Loading Concepts
Loading DataStructures
DS ABS:ABS_CENSUS2011_B02_LGA:1.0
Loading Dataflows
Loading Codelists
Codelist: ABS:CL_ABS_CENSUS2011_B02_SA1_SA_MEASURE:1.0 already exists
Loading Concepts
Loading DataStructures
DS ABS:ABS_CENSUS2011_B02_SA1_SA:1.0
Loading Dataflows
Loading Codelists
Codelist: ABS:CL_ABS_CENSUS2011_B03_LGA_MEASURE:1.0 already exists
Loading Concepts
Loading DataStructures
DS ABS:ABS_CENSUS2011_B03_LGA:1.0
Loading Dataflows
Loading Codelists
Codelist: ABS:CL_ABS_CENSUS2011_B03_MEASURE:1.0 already exists
Loading Concepts
Loading DataStructures
DS ABS:ABS_CENSUS2011_B03:1.0
Loading Dataflows
Loading Codelists
Codelist: ABS:CL_ABS_CENSUS2011_B03_SA1_SA_MEASURE:1.0 already exists
Loading Concepts
Loading DataStructures
DS ABS:ABS_CENSUS2011_B03_SA1_SA:1.0
Loading Dataflows
Loading Codelists
Codelist: ABS:CL_ABS_CENSUS2011_B04_MEASURE:1.0 already exists
Loading Concepts
Loading DataStructures
DS ABS:ABS_CENSUS2011_B04:1.0
Loading Dataflows
Loading Codelists
Codelist: ABS:CL_ABS_CENSUS2011_B04_LGA_MEASURE:1.0 already exists
Loading Concepts
Loading DataStructures
DS ABS:ABS_CENSUS2011_B04_LGA:1.0
Loading Dataflows
Loading Codelists
Codelist: ABS:CL_ABS_CENSUS2011_B04_SA1_SA_MEASURE:1.0 already exists
Loading Concepts
Loading DataStructures
DS ABS:ABS_CENSUS2011_B04_SA1_SA:1.0
Loading Dataflows
Loading Codelists
Codelist: ABS:CL_ABS_CENSUS2011_B05_MEASURE:1.0 already exists
Loading Concepts
Loading DataStructures
DS ABS:ABS_CENSUS2011_B05:1.0
Loading Dataflows
Loading Codelists
Codelist: ABS:CL_ABS_CENSUS2011_B05_LGA_MEASURE:1.0 already exists
Loading Concepts
Loading DataStructures
DS ABS:ABS_CENSUS2011_B05_LGA:1.0
Loading Dataflows
Loading Codelists
Codelist: ABS:CL_ABS_CENSUS2011_B05_SA1_SA_MEASURE:1.0 already exists
Loading Concepts
Loading DataStructures
DS ABS:ABS_CENSUS2011_B05_SA1_SA:1.0
Loading Dataflows
Loading Codelists
Codelist: ABS:CL_ABS_CENSUS2011_B06_MEASURE:1.0 already exists
Loading Concepts
Loading DataStructures
DS ABS:ABS_CENSUS2011_B06:1.0
Loading Dataflows
Loading Codelists
Codelist: ABS:CL_ABS_CENSUS2011_B06_LGA_MEASURE:1.0 already exists
Loading Concepts
Loading DataStructures
DS ABS:ABS_CENSUS2011_B06_LGA:1.0
Loading Dataflows
Loading Codelists
Codelist: ABS:CL_ABS_CENSUS2011_B06_SA1_SA_MEASURE:1.0 already exists
Loading Concepts
Loading DataStructures
DS ABS:ABS_CENSUS2011_B06_SA1_SA:1.0
Loading Dataflows
Loading Codelists
Codelist: ABS:CL_ABS_CENSUS2011_B07_MEASURE:1.0 already exists
Loading Concepts
Loading DataStructures
DS ABS:ABS_CENSUS2011_B07:1.0
Loading Dataflows
Loading Codelists
Codelist: ABS:CL_ABS_CENSUS2011_B07_LGA_MEASURE:1.0 already exists
Loading Concepts
Loading DataStructures
DS ABS:ABS_CENSUS2011_B07_LGA:1.0
Loading Dataflows
Loading Codelists
Loading Concepts
Loading DataStructures
DS ABS:ABS_CENSUS2011_B07_SA1_SA:1.0
Reference
Agency:ABS
MID:STANDALONE_CONCEPT_SCHEME
MVers:null
ID:AGE
Vers:1.0
Class:Concept
Pack:conceptscheme
Reference
Agency:ABS
MID:STANDALONE_CONCEPT_SCHEME
MVers:null
ID:INGP
Vers:1.0
Class:Concept
Pack:conceptscheme
Reference
Agency:ABS
MID:STANDALONE_CONCEPT_SCHEME
MVers:null
ID:STATE
Vers:1.0
Class:Concept
Pack:conceptscheme
Reference
Agency:ABS
MID:STANDALONE_CONCEPT_SCHEME
MVers:null
ID:REGIONTYPE
Vers:1.0
Class:Concept
Pack:conceptscheme
Reference
Agency:ABS
MID:STANDALONE_CONCEPT_SCHEME
MVers:null
ID:REGION
Vers:1.0
Class:Concept
Pack:conceptscheme
Reference
Agency:ABS
MID:STANDALONE_CONCEPT_SCHEME
MVers:null
ID:FREQUENCY
Vers:1.0
Class:Concept
Pack:conceptscheme
Reference
Agency:ABS
MID:STANDALONE_CONCEPT_SCHEME
MVers:null
ID:TIME
Vers:1.0
Class:Concept
Pack:conceptscheme
Reference
Agency:ABS
MID:STANDALONE_CONCEPT_SCHEME
MVers:null
ID:MEASURE
Vers:1.0
Class:Concept
Pack:conceptscheme
Reference
Agency:ABS
MID:STANDALONE_CONCEPT_SCHEME
MVers:null
ID:OBS_STATUS
Vers:1.0
Class:Concept
Pack:conceptscheme
Reference
Agency:ABS
MID:STANDALONE_CONCEPT_SCHEME
MVers:null
ID:TIME_FORMAT
Vers:1.0
Class:Concept
Pack:conceptscheme
Reference
Agency:ABS
MID:STANDALONE_CONCEPT_SCHEME
MVers:null
ID:OBS_VALUE
Vers:1.0
Class:Concept
Pack:conceptscheme
Loading Dataflows
Loading: B08 Ancestry by Birthplace of Parents
Header=&lt;message:Structure xmlns=&quot;http://www.SDMX.org/resources/SDMXML/schemas/v2_0/structure&quot; xmlns:common=&quot;http://www.SDMX.org/resources/SDMXML/schemas/v2_0/common&quot; xsi:schemaLocation=&quot;http://www.SDMX.org/resources/SDMXML/schemas/v2_0/structure http://www.sdmx.org/docs/2_0/SDMXStructure.xsd http://www.SDMX.org/resources/SDMXML/schemas/v2_0/message http://www.sdmx.org/docs/2_0/SDMXMessage.xsd&quot; xmlns:xsi=&quot;http://www.w3.org/2001/XMLSchema-instance&quot; xmlns:message=&quot;http://www.SDMX.org/resources/SDMXML/schemas/v2_0/message&quot;&gt;&lt;Header xmlns=&quot;http://www.SDMX.org/resources/SDMXML/schemas/v2_0/message&quot;&gt;&lt;ID&gt;none&lt;!--Statistical usage warning
ABS.Stat beta is continuing to be developed.  Data will be updated as soon as possible following its 11:30 am release on the ABS website.
--&gt;&lt;/ID&gt;&lt;Test&gt;false&lt;/Test&gt;&lt;Truncated&gt;false&lt;/Truncated&gt;&lt;Prepared&gt;2020-03-17T01:03:41&lt;/Prepared&gt;&lt;Sender id=&quot;ABS&quot;&gt;&lt;Name xml:lang=&quot;en&quot;&gt;Australian Bureau of Statistics&lt;/Name&gt;&lt;Name xml:lang=&quot;fr&quot;&gt;Australian Bureau of Statistics&lt;/Name&gt;&lt;/Sender&gt;&lt;/Header&gt;&lt;message:CodeLists&gt;&lt;CodeList id=&quot;CL_ABS_CENSUS2011_B08_MEASURE&quot; agencyID=&quot;ABS&quot;&gt;&lt;Name xml:lang=&quot;en&quot;&gt;Birthplace of Parents&lt;/Name&gt;&lt;Name xml:lang=&quot;fr&quot;&gt;Birthplace of Parents&lt;/Name&gt;&lt;Code value=&quot;TOT&quot;&gt;&lt;Description xml:lang=&quot;en&quot;&gt;Total responses(c)&lt;/Description&gt;&lt;Description xml:lang=&quot;fr&quot;&gt;Total responses(c)&lt;/Description&gt;&lt;/Code&gt;&lt;Code value=&quot;1&quot; parentCode=&quot;TOT&quot;&gt;&lt;Description xml:lang=&quot;en&quot;&gt;Both parents born overseas&lt;/Description&gt;&lt;Description xml:lang=&quot;fr&quot;&gt;Both parents born overseas&lt;/Description&gt;&lt;/Code&gt;&lt;Code value=&quot;2&quot; parentCode=&quot;TOT&quot;&gt;&lt;Description xml:lang=&quot;en&quot;&gt;Father only born overseas&lt;/Description&gt;&lt;Description xml:lang=&quot;fr&quot;&gt;Father only born overseas&lt;/Description&gt;&lt;/Code&gt;&lt;Code value=&quot;3&quot; parentCode=&quot;TOT&quot;&gt;&lt;Description xml:lang=&quot;en&quot;&gt;Mother only born overseas&lt;/Description&gt;&lt;Description xml:lang=&quot;fr&quot;&gt;Mother only born overseas&lt;/Description&gt;&lt;/Code&gt;&lt;Code value=&quot;4&quot; parentCode=&quot;TOT&quot;&gt;&lt;Description xml:lang=&quot;en&quot;&gt;Both parents born in Australia&lt;/Description&gt;&lt;Description xml:lang=&quot;fr&quot;&gt;Both parents born in Australia&lt;/Description&gt;&lt;/Code&gt;&lt;Code value=&quot;Z&quot; parentCode=&quot;TOT&quot;&gt;&lt;Description xml:lang=&quot;en&quot;&gt;Birthplace not stated(b)&lt;/Description&gt;&lt;Description xml:lang=&quot;fr&quot;&gt;Birthplace not stated(b)&lt;/Description&gt;&lt;/Code&gt;&lt;/CodeList&gt;&lt;CodeList id=&quot;CL_ABS_CENSUS2011_B08_ANCP&quot; agencyID=&quot;ABS&quot;&gt;&lt;Name xml:lang=&quot;en&quot;&gt;Ancestry&lt;/Name&gt;&lt;Name xml:lang=&quot;fr&quot;&gt;Ancestry&lt;/Name&gt;&lt;Code value=&quot;TOT&quot;&gt;&lt;Description xml:lang=&quot;en&quot;&gt;Total responses(c)&lt;/Description&gt;&lt;Description xml:lang=&quot;fr&quot;&gt;Total responses(c)&lt;/Description&gt;&lt;/Code&gt;&lt;Code value=&quot;TOTP&quot; parentCode=&quot;TOT&quot;&gt;&lt;Description xml:lang=&quot;en&quot;&gt;Total persons(c)&lt;/Description&gt;&lt;Description xml:lang=&quot;fr&quot;&gt;Total persons(c)&lt;/Description&gt;&lt;/Code&gt;&lt;Code value=&quot;1101&quot; parentCode=&quot;TOT&quot;&gt;&lt;Description xml:lang=&quot;en&quot;&gt;Australian&lt;/Description&gt;&lt;Description xml:lang=&quot;fr&quot;&gt;Australian&lt;/Description&gt;&lt;/Code&gt;&lt;Code value=&quot;1102&quot; parentCode=&quot;TOT&quot;&gt;&lt;Description xml:lang=&quot;en&quot;&gt;Australian Aboriginal&lt;/Description&gt;&lt;Description xml:lang=&quot;fr&quot;&gt;Australian Aboriginal&lt;/Description&gt;&lt;/Code&gt;&lt;Code value=&quot;6101&quot; parentCode=&quot;TOT&quot;&gt;&lt;Description xml:lang=&quot;en&quot;&gt;Chinese &lt;/Description&gt;&lt;Description xml:lang=&quot;fr&quot;&gt;Chinese &lt;/Description&gt;&lt;/Code&gt;&lt;Code value=&quot;3204&quot; parentCode=&quot;TOT&quot;&gt;&lt;Description xml:lang=&quot;en&quot;&gt;Croatian&lt;/Description&gt;&lt;Description xml:lang=&quot;fr&quot;&gt;Croatian&lt;/Description&gt;&lt;/Code&gt;&lt;Code value=&quot;2303&quot; parentCode=&quot;TOT&quot;&gt;&lt;Description xml:lang=&quot;en&quot;&gt;Dutch&lt;/Description&gt;&lt;Description xml:lang=&quot;fr&quot;&gt;Dutch&lt;/Description&gt;&lt;/Code&gt;&lt;Code value=&quot;2101&quot; parentCode=&quot;TOT&quot;&gt;&lt;Description xml:lang=&quot;en&quot;&gt;English&lt;/Description&gt;&lt;Description xml:lang=&quot;fr&quot;&gt;English&lt;/Description&gt;&lt;/Code&gt;&lt;Code value=&quot;5201&quot; parentCode=&quot;TOT&quot;&gt;&lt;Description xml:lang=&quot;en&quot;&gt;Filipino&lt;/Description&gt;&lt;Description xml:lang=&quot;fr&quot;&gt;Filipino&lt;/Description&gt;&lt;/Code&gt;&lt;Code value=&quot;2305&quot; parentCode=&quot;TOT&quot;&gt;&lt;Description xml:lang=&quot;en&quot;&gt;French&lt;/Description&gt;&lt;Description xml:lang=&quot;fr&quot;&gt;French&lt;/Description&gt;&lt;/Code&gt;&lt;Code value=&quot;2306&quot; parentCode=&quot;TOT&quot;&gt;&lt;Description xml:lang=&quot;en&quot;&gt;German&lt;/Description&gt;&lt;Description xml:lang=&quot;fr&quot;&gt;German&lt;/Description&gt;&lt;/Code&gt;&lt;Code value=&quot;3205&quot; parentCode=&quot;TOT&quot;&gt;&lt;Description xml:lang=&quot;en&quot;&gt;Greek&lt;/Description&gt;&lt;Description xml:lang=&quot;fr&quot;&gt;Greek&lt;/Description&gt;&lt;/Code&gt;&lt;Code value=&quot;3304&quot; parentCode=&quot;TOT&quot;&gt;&lt;Description xml:lang=&quot;en&quot;&gt;Hungarian&lt;/Description&gt;&lt;Description xml:lang=&quot;fr&quot;&gt;Hungarian&lt;/Description&gt;&lt;/Code&gt;&lt;Code value=&quot;7106&quot; parentCode=&quot;TOT&quot;&gt;&lt;Description xml:lang=&quot;en&quot;&gt;Indian&lt;/Description&gt;&lt;Description xml:lang=&quot;fr&quot;&gt;Indian&lt;/Description&gt;&lt;/Code&gt;&lt;Code value=&quot;2201&quot; parentCode=&quot;TOT&quot;&gt;&lt;Description xml:lang=&quot;en&quot;&gt;Irish&lt;/Description&gt;&lt;Description xml:lang=&quot;fr&quot;&gt;Irish&lt;/Description&gt;&lt;/Code&gt;&lt;Code value=&quot;3103&quot; parentCode=&quot;TOT&quot;&gt;&lt;Description xml:lang=&quot;en&quot;&gt;Italian&lt;/Description&gt;&lt;Description xml:lang=&quot;fr&quot;&gt;Italian&lt;/Description&gt;&lt;/Code&gt;&lt;Code value=&quot;6902&quot; parentCode=&quot;TOT&quot;&gt;&lt;Description xml:lang=&quot;en&quot;&gt;Korean&lt;/Description&gt;&lt;Description xml:lang=&quot;fr&quot;&gt;Korean&lt;/Description&gt;&lt;/Code&gt;&lt;Code value=&quot;4106&quot; parentCode=&quot;TOT&quot;&gt;&lt;Description xml:lang=&quot;en&quot;&gt;Lebanese&lt;/Description&gt;&lt;Description xml:lang=&quot;fr&quot;&gt;Lebanese&lt;/Description&gt;&lt;/Code&gt;&lt;Code value=&quot;3206&quot; parentCode=&quot;TOT&quot;&gt;&lt;Description xml:lang=&quot;en&quot;&gt;Macedonian&lt;/Description&gt;&lt;Description xml:lang=&quot;fr&quot;&gt;Macedonian&lt;/Description&gt;&lt;/Code&gt;&lt;Code value=&quot;3104&quot; parentCode=&quot;TOT&quot;&gt;&lt;Description xml:lang=&quot;en&quot;&gt;Maltese&lt;/Description&gt;&lt;Description xml:lang=&quot;fr&quot;&gt;Maltese&lt;/Description&gt;&lt;/Code&gt;&lt;Code value=&quot;1201&quot; parentCode=&quot;TOT&quot;&gt;&lt;Description xml:lang=&quot;en&quot;&gt;Maori&lt;/Description&gt;&lt;Description xml:lang=&quot;fr&quot;&gt;Maori&lt;/Description&gt;&lt;/Code&gt;&lt;Code value=&quot;1202&quot; parentCode=&quot;TOT&quot;&gt;&lt;Description xml:lang=&quot;en&quot;&gt;New Zealander&lt;/Description&gt;&lt;Description xml:lang=&quot;fr&quot;&gt;New Zealander&lt;/Description&gt;&lt;/Code&gt;&lt;Code value=&quot;3307&quot; parentCode=&quot;TOT&quot;&gt;&lt;Description xml:lang=&quot;en&quot;&gt;Polish&lt;/Description&gt;&lt;Description xml:lang=&quot;fr&quot;&gt;Polish&lt;/Description&gt;&lt;/Code&gt;&lt;Code value=&quot;3308&quot; parentCode=&quot;TOT&quot;&gt;&lt;Description xml:lang=&quot;en&quot;&gt;Russian&lt;/Description&gt;&lt;Description xml:lang=&quot;fr&quot;&gt;Russian&lt;/Description&gt;&lt;/Code&gt;&lt;Code value=&quot;2102&quot; parentCode=&quot;TOT&quot;&gt;&lt;Description xml:lang=&quot;en&quot;&gt;Scottish&lt;/Description&gt;&lt;Description xml:lang=&quot;fr&quot;&gt;Scottish&lt;/Description&gt;&lt;/Code&gt;&lt;Code value=&quot;3213&quot; parentCode=&quot;TOT&quot;&gt;&lt;Description xml:lang=&quot;en&quot;&gt;Serbian&lt;/Description&gt;&lt;Description xml:lang=&quot;fr&quot;&gt;Serbian&lt;/Description&gt;&lt;/Code&gt;&lt;Code value=&quot;7115&quot; parentCode=&quot;TOT&quot;&gt;&lt;Description xml:lang=&quot;en&quot;&gt;Sinhalese&lt;/Description&gt;&lt;Description xml:lang=&quot;fr&quot;&gt;Sinhalese&lt;/Description&gt;&lt;/Code&gt;&lt;Code value=&quot;9215&quot; parentCode=&quot;TOT&quot;&gt;&lt;Description xml:lang=&quot;en&quot;&gt;South African&lt;/Description&gt;&lt;Description xml:lang=&quot;fr&quot;&gt;South African&lt;/Description&gt;&lt;/Code&gt;&lt;Code value=&quot;3106&quot; parentCode=&quot;TOT&quot;&gt;&lt;Description xml:lang=&quot;en&quot;&gt;Spanish&lt;/Description&gt;&lt;Description xml:lang=&quot;fr&quot;&gt;Spanish&lt;/Description&gt;&lt;/Code&gt;&lt;Code value=&quot;4907&quot; parentCode=&quot;TOT&quot;&gt;&lt;Description xml:lang=&quot;en&quot;&gt;Turkish&lt;/Description&gt;&lt;Description xml:lang=&quot;fr&quot;&gt;Turkish&lt;/Description&gt;&lt;/Code&gt;&lt;Code value=&quot;5107&quot; parentCode=&quot;TOT&quot;&gt;&lt;Description xml:lang=&quot;en&quot;&gt;Vietnamese&lt;/Description&gt;&lt;Description xml:lang=&quot;fr&quot;&gt;Vietnamese&lt;/Description&gt;&lt;/Code&gt;&lt;Code value=&quot;2103&quot; parentCode=&quot;TOT&quot;&gt;&lt;Description xml:lang=&quot;en&quot;&gt;Welsh&lt;/Description&gt;&lt;Description xml:lang=&quot;fr&quot;&gt;Welsh&lt;/Description&gt;&lt;/Code&gt;&lt;Code value=&quot;OTH&quot; parentCode=&quot;TOT&quot;&gt;&lt;Description xml:lang=&quot;en&quot;&gt;Other(d)&lt;/Description&gt;&lt;Description xml:lang=&quot;fr&quot;&gt;Other(d)&lt;/Description&gt;&lt;/Code&gt;&lt;Code value=&quot;Z&quot; parentCode=&quot;TOT&quot;&gt;&lt;Description xml:lang=&quot;en&quot;&gt;Ancestry not stated&lt;/Description&gt;&lt;Description xml:lang=&quot;fr&quot;&gt;Ancestry not stated&lt;/Description&gt;&lt;/Code&gt;&lt;/CodeList&gt;&lt;CodeList id=&quot;CL_ABS_CENSUS2011_B08_STATE&quot; agencyID=&quot;ABS&quot;&gt;&lt;Name xml:lang=&quot;en&quot;&gt;State&lt;/Name&gt;&lt;Name xml:lang=&quot;fr&quot;&gt;State&lt;/Name&gt;&lt;Code value=&quot;0&quot;&gt;&lt;Description xml:lang=&quot;en&quot;&gt;Australia&lt;/Description&gt;&lt;Description xml:lang=&quot;fr&quot;&gt;Australia&lt;/Description&gt;&lt;/Code&gt;&lt;Code value=&quot;1&quot; parentCode=&quot;0&quot;&gt;&lt;Description xml:lang=&quot;en&quot;&gt;New South Wales&lt;/Description&gt;&lt;Description xml:lang=&quot;fr&quot;&gt;New South Wales&lt;/Description&gt;&lt;/Code&gt;&lt;Code value=&quot;2&quot; parentCode=&quot;0&quot;&gt;&lt;Description xml:lang=&quot;en&quot;&gt;Victoria&lt;/Description&gt;&lt;Description xml:lang=&quot;fr&quot;&gt;Victoria&lt;/Description&gt;&lt;/Code&gt;&lt;Code value=&quot;3&quot; parentCode=&quot;0&quot;&gt;&lt;Description xml:lang=&quot;en&quot;&gt;Queensland&lt;/Description&gt;&lt;Description xml:lang=&quot;fr&quot;&gt;Queensland&lt;/Description&gt;&lt;/Code&gt;&lt;Code value=&quot;4&quot; parentCode=&quot;0&quot;&gt;&lt;Description xml:lang=&quot;en&quot;&gt;South Australia&lt;/Description&gt;&lt;Description xml:lang=&quot;fr&quot;&gt;South Australia&lt;/Description&gt;&lt;/Code&gt;&lt;Code value=&quot;5&quot; parentCode=&quot;0&quot;&gt;&lt;Description xml:lang=&quot;en&quot;&gt;Western Australia&lt;/Description&gt;&lt;Description xml:lang=&quot;fr&quot;&gt;Western Australia&lt;/Description&gt;&lt;/Code&gt;&lt;Code value=&quot;6&quot; parentCode=&quot;0&quot;&gt;&lt;Descrip
Input 1 does not match Pattern:[A-z][A-z0-9_\-]* for class:NCNameID
Input 2 does not match Pattern:[A-z][A-z0-9_\-]* for class:NCNameID
Input 3 does not match Pattern:[A-z][A-z0-9_\-]* for class:NCNameID
Input 4 does not match Pattern:[A-z][A-z0-9_\-]* for class:NCNameID
Loading Codelists
Codelist: ABS:CL_ATSI_BIRTHS_SUMM_MEASURE:1.0 already exists
Loading Concepts
Loading DataStructures
DS ABS:ATSI_BIRTHS_SUMM:1.0
Loading Dataflows
Loading Codelists
Codelist: ABS:CL_ATSI_FERTILITY_MEASURE:1.0 already exists
Loading Concepts
Loading DataStructures
DS ABS:ATSI_FERTILITY:1.0
Loading Dataflows
Loading Codelists
Codelist: ABS:CL_ALC_TYP:1.0 already exists
Loading Concepts
Loading DataStructures
DS ABS:ALC:1.0
Loading Dataflows
Loading Codelists
Codelist: ABS:CL_ABS_ACLD_LFSTATUS_SEX_ABS:1.0 already exists
Loading Concepts
Loading DataStructures
DS ABS:ABS_ACLD_LFSTATUS:1.0
Loading Dataflows
Loading Codelists
Codelist: ABS:CL_ABS_ACLD_TENURE_SEX_ABS:1.0 already exists
Loading Concepts
Loading DataStructures
DS ABS:ABS_ACLD_TENURE:1.0
Loading Dataflows
Loading Codelists
Codelist: ABS:CL_ABS_ACLD_UNPAIDASST_SEX_ABS:1.0 already exists
Loading Concepts
Loading DataStructures
DS ABS:ABS_ACLD_UNPAIDASST:1.0
Loading Dataflows
Loading Codelists
Codelist: ABS:CL_ABS_ACLD_VOLWORK_SEX_ABS:1.0 already exists
Loading Concepts
Loading DataStructures
DS ABS:ABS_ACLD_VOLWORK:1.0
Loading Dataflows
Loading Codelists
Codelist: ABS:CL_AMLPS_PART_2017_MEASURE:1.0 already exists
Loading Concepts
Loading DataStructures
DS ABS:AMLPS_PART_2017:1.0
Loading Dataflows
Loading Codelists
Codelist: ABS:CL_AMLPS_RESP_2017_RESPONSE_CAT:1.0 already exists
Loading Concepts
Loading DataStructures
DS ABS:AMLPS_RESP_2017:1.0
Loading Dataflows
Loading Codelists
Codelist: ABS:CL_ABS_CENSUS2011_B01_MEASURE:1.0 already exists
Loading Concepts
Loading DataStructures
DS ABS:ABS_CENSUS2011_B01:1.0
Loading Dataflows
Loading Codelists
Codelist: ABS:CL_ABS_CENSUS2011_B01_LGA_MEASURE:1.0 already exists
Loading Concepts
Loading DataStructures
DS ABS:ABS_CENSUS2011_B01_LGA:1.0
Loading Dataflows
Loading Codelists
Codelist: ABS:CL_ABS_CENSUS2011_B01_SA1_SA_MEASURE:1.0 already exists
Loading Concepts
Loading DataStructures
DS ABS:ABS_CENSUS2011_B01_SA1_SA:1.0
Loading Dataflows
Loading Codelists
Codelist: ABS:CL_ABS_CENSUS2011_B02_MEASURE:1.0 already exists
Loading Concepts
Loading DataStructures
DS ABS:ABS_CENSUS2011_B02:1.0
Loading Dataflows
Loading Codelists
Codelist: ABS:CL_ABS_CENSUS2011_B02_LGA_MEASURE:1.0 already exists
Loading Concepts
Loading DataStructures
DS ABS:ABS_CENSUS2011_B02_LGA:1.0
Loading Dataflows
Loading Codelists
Codelist: ABS:CL_ABS_CENSUS2011_B02_SA1_SA_MEASURE:1.0 already exists
Loading Concepts
Loading DataStructures
DS ABS:ABS_CENSUS2011_B02_SA1_SA:1.0
Loading Dataflows
Loading Codelists
Codelist: ABS:CL_ABS_CENSUS2011_B03_LGA_MEASURE:1.0 already exists
Loading Concepts
Loading DataStructures
DS ABS:ABS_CENSUS2011_B03_LGA:1.0
Loading Dataflows
Loading Codelists
Codelist: ABS:CL_ABS_CENSUS2011_B03_MEASURE:1.0 already exists
Loading Concepts
Loading DataStructures
DS ABS:ABS_CENSUS2011_B03:1.0
Loading Dataflows
Loading Codelists
Codelist: ABS:CL_ABS_CENSUS2011_B03_SA1_SA_MEASURE:1.0 already exists
Loading Concepts
Loading DataStructures
DS ABS:ABS_CENSUS2011_B03_SA1_SA:1.0
Loading Dataflows
Loading Codelists
Codelist: ABS:CL_ABS_CENSUS2011_B04_MEASURE:1.0 already exists
Loading Concepts
Loading DataStructures
DS ABS:ABS_CENSUS2011_B04:1.0
Loading Dataflows
Loading Codelists
Codelist: ABS:CL_ABS_CENSUS2011_B04_LGA_MEASURE:1.0 already exists
Loading Concepts
Loading DataStructures
DS ABS:ABS_CENSUS2011_B04_LGA:1.0
Loading Dataflows
Loading Codelists
Codelist: ABS:CL_ABS_CENSUS2011_B04_SA1_SA_MEASURE:1.0 already exists
Loading Concepts
Loading DataStructures
DS ABS:ABS_CENSUS2011_B04_SA1_SA:1.0
Loading Dataflows
Loading Codelists
Codelist: ABS:CL_ABS_CENSUS2011_B05_MEASURE:1.0 already exists
Loading Concepts
Loading DataStructures
DS ABS:ABS_CENSUS2011_B05:1.0
Loading Dataflows
Loading Codelists
Codelist: ABS:CL_ABS_CENSUS2011_B05_LGA_MEASURE:1.0 already exists
Loading Concepts
Loading DataStructures
DS ABS:ABS_CENSUS2011_B05_LGA:1.0
Loading Dataflows
Loading Codelists
Codelist: ABS:CL_ABS_CENSUS2011_B05_SA1_SA_MEASURE:1.0 already exists
Loading Concepts
Loading DataStructures
DS ABS:ABS_CENSUS2011_B05_SA1_SA:1.0
Loading Dataflows
Loading Codelists
Codelist: ABS:CL_ABS_CENSUS2011_B06_MEASURE:1.0 already exists
Loading Concepts
Loading DataStructures
DS ABS:ABS_CENSUS2011_B06:1.0
Loading Dataflows
Loading Codelists
Codelist: ABS:CL_ABS_CENSUS2011_B06_LGA_MEASURE:1.0 already exists
Loading Concepts
Loading DataStructures
DS ABS:ABS_CENSUS2011_B06_LGA:1.0
Loading Dataflows
Loading Codelists
Codelist: ABS:CL_ABS_CENSUS2011_B06_SA1_SA_MEASURE:1.0 already exists
Loading Concepts
Loading DataStructures
DS ABS:ABS_CENSUS2011_B06_SA1_SA:1.0
Loading Dataflows
Loading Codelists
Codelist: ABS:CL_ABS_CENSUS2011_B07_MEASURE:1.0 already exists
Loading Concepts
Loading DataStructures
DS ABS:ABS_CENSUS2011_B07:1.0
Loading Dataflows
Loading Codelists
Codelist: ABS:CL_ABS_CENSUS2011_B07_LGA_MEASURE:1.0 already exists
Loading Concepts
Loading DataStructures
DS ABS:ABS_CENSUS2011_B07_LGA:1.0
Loading Dataflows
Loading Codelists
Codelist: ABS:CL_ABS_CENSUS2011_B07_SA1_SA_MEASURE:1.0 already exists
Loading Concepts
Loading DataStructures
DS ABS:ABS_CENSUS2011_B07_SA1_SA:1.0
Loading Dataflows
Loading Codelists
Loading Concepts
Loading DataStructures
DS ABS:ABS_CENSUS2011_B08:1.0
Reference
Agency:ABS
MID:STANDALONE_CONCEPT_SCHEME
MVers:null
ID:ANCP
Vers:1.0
Class:Concept
Pack:conceptscheme
Reference
Agency:ABS
MID:STANDALONE_CONCEPT_SCHEME
MVers:null
ID:STATE
Vers:1.0
Class:Concept
Pack:conceptscheme
Reference
Agency:ABS
MID:STANDALONE_CONCEPT_SCHEME
MVers:null
ID:REGIONTYPE
Vers:1.0
Class:Concept
Pack:conceptscheme
Reference
Agency:ABS
MID:STANDALONE_CONCEPT_SCHEME
MVers:null
ID:REGION
Vers:1.0
Class:Concept
Pack:conceptscheme
Reference
Agency:ABS
MID:STANDALONE_CONCEPT_SCHEME
MVers:null
ID:FREQUENCY
Vers:1.0
Class:Concept
Pack:conceptscheme
Reference
Agency:ABS
MID:STANDALONE_CONCEPT_SCHEME
MVers:null
ID:TIME
Vers:1.0
Class:Concept
Pack:conceptscheme
Reference
Agency:ABS
MID:STANDALONE_CONCEPT_SCHEME
MVers:null
ID:MEASURE
Vers:1.0
Class:Concept
Pack:conceptscheme
Reference
Agency:ABS
MID:STANDALONE_CONCEPT_SCHEME
MVers:null
ID:OBS_STATUS
Vers:1.0
Class:Concept
Pack:conceptscheme
Reference
Agency:ABS
MID:STANDALONE_CONCEPT_SCHEME
MVers:null
ID:TIME_FORMAT
Vers:1.0
Class:Concept
Pack:conceptscheme
Reference
Agency:ABS
MID:STANDALONE_CONCEPT_SCHEME
MVers:null
ID:OBS_VALUE
Vers:1.0
Class:Concept
Pack:conceptscheme
Loading Dataflows
Loading: B08 Ancestry by Birthplace of Parents(LGA)
Header=&lt;message:Structure xmlns=&quot;http://www.SDMX.org/resources/SDMXML/schemas/v2_0/structure&quot; xmlns:common=&quot;http://www.SDMX.org/resources/SDMXML/schemas/v2_0/common&quot; xsi:schemaLocation=&quot;http://www.SDMX.org/resources/SDMXML/schemas/v2_0/structure http://www.sdmx.org/docs/2_0/SDMXStructure.xsd http://www.SDMX.org/resources/SDMXML/schemas/v2_0/message http://www.sdmx.org/docs/2_0/SDMXMessage.xsd&quot; xmlns:xsi=&quot;http://www.w3.org/2001/XMLSchema-instance&quot; xmlns:message=&quot;http://www.SDMX.org/resources/SDMXML/schemas/v2_0/message&quot;&gt;&lt;Header xmlns=&quot;http://www.SDMX.org/resources/SDMXML/schemas/v2_0/message&quot;&gt;&lt;ID&gt;none&lt;!--Statistical usage warning
ABS.Stat beta is continuing to be developed.  Data will be updated as soon as possible following its 11:30 am release on the ABS website.
--&gt;&lt;/ID&gt;&lt;Test&gt;false&lt;/Test&gt;&lt;Truncated&gt;false&lt;/Truncated&gt;&lt;Prepared&gt;2020-03-17T01:04:54&lt;/Prepared&gt;&lt;Sender id=&quot;ABS&quot;&gt;&lt;Name xml:lang=&quot;en&quot;&gt;Australian Bureau of Statistics&lt;/Name&gt;&lt;Name xml:lang=&quot;fr&quot;&gt;Australian Bureau of Statistics&lt;/Name&gt;&lt;/Sender&gt;&lt;/Header&gt;&lt;message:CodeLists&gt;&lt;CodeList id=&quot;CL_ABS_CENSUS2011_B08_LGA_MEASURE&quot; agencyID=&quot;ABS&quot;&gt;&lt;Name xml:lang=&quot;en&quot;&gt;Birthplace of Parents&lt;/Name&gt;&lt;Name xml:lang=&quot;fr&quot;&gt;Birthplace of Parents&lt;/Name&gt;&lt;Code value=&quot;TOT&quot;&gt;&lt;Description xml:lang=&quot;en&quot;&gt;Total responses(c)&lt;/Description&gt;&lt;Description xml:lang=&quot;fr&quot;&gt;Total responses(c)&lt;/Description&gt;&lt;/Code&gt;&lt;Code value=&quot;1&quot; parentCode=&quot;TOT&quot;&gt;&lt;Description xml:lang=&quot;en&quot;&gt;Both parents born overseas&lt;/Description&gt;&lt;Description xml:lang=&quot;fr&quot;&gt;Both parents born overseas&lt;/Description&gt;&lt;/Code&gt;&lt;Code value=&quot;2&quot; parentCode=&quot;TOT&quot;&gt;&lt;Description xml:lang=&quot;en&quot;&gt;Father only born overseas&lt;/Description&gt;&lt;Description xml:lang=&quot;fr&quot;&gt;Father only born overseas&lt;/Description&gt;&lt;/Code&gt;&lt;Code value=&quot;3&quot; parentCode=&quot;TOT&quot;&gt;&lt;Description xml:lang=&quot;en&quot;&gt;Mother only born overseas&lt;/Description&gt;&lt;Description xml:lang=&quot;fr&quot;&gt;Mother only born overseas&lt;/Description&gt;&lt;/Code&gt;&lt;Code value=&quot;4&quot; parentCode=&quot;TOT&quot;&gt;&lt;Description xml:lang=&quot;en&quot;&gt;Both parents born in Australia&lt;/Description&gt;&lt;Description xml:lang=&quot;fr&quot;&gt;Both parents born in Australia&lt;/Description&gt;&lt;/Code&gt;&lt;Code value=&quot;Z&quot; parentCode=&quot;TOT&quot;&gt;&lt;Description xml:lang=&quot;en&quot;&gt;Birthplace not stated(b)&lt;/Description&gt;&lt;Description xml:lang=&quot;fr&quot;&gt;Birthplace not stated(b)&lt;/Description&gt;&lt;/Code&gt;&lt;/CodeList&gt;&lt;CodeList id=&quot;CL_ABS_CENSUS2011_B08_LGA_ANCP&quot; agencyID=&quot;ABS&quot;&gt;&lt;Name xml:lang=&quot;en&quot;&gt;Ancestry&lt;/Name&gt;&lt;Name xml:lang=&quot;fr&quot;&gt;Ancestry&lt;/Name&gt;&lt;Code value=&quot;TOT&quot;&gt;&lt;Description xml:lang=&quot;en&quot;&gt;Total responses(c)&lt;/Description&gt;&lt;Description xml:lang=&quot;fr&quot;&gt;Total responses(c)&lt;/Description&gt;&lt;/Code&gt;&lt;Code value=&quot;TOTP&quot; parentCode=&quot;TOT&quot;&gt;&lt;Description xml:lang=&quot;en&quot;&gt;Total persons(c)&lt;/Description&gt;&lt;Description xml:lang=&quot;fr&quot;&gt;Total persons(c)&lt;/Description&gt;&lt;/Code&gt;&lt;Code value=&quot;1101&quot; parentCode=&quot;TOT&quot;&gt;&lt;Description xml:lang=&quot;en&quot;&gt;Australian&lt;/Description&gt;&lt;Description xml:lang=&quot;fr&quot;&gt;Australian&lt;/Description&gt;&lt;/Code&gt;&lt;Code value=&quot;1102&quot; parentCode=&quot;TOT&quot;&gt;&lt;Description xml:lang=&quot;en&quot;&gt;Australian Aboriginal&lt;/Description&gt;&lt;Description xml:lang=&quot;fr&quot;&gt;Australian Aboriginal&lt;/Description&gt;&lt;/Code&gt;&lt;Code value=&quot;6101&quot; parentCode=&quot;TOT&quot;&gt;&lt;Description xml:lang=&quot;en&quot;&gt;Chinese &lt;/Description&gt;&lt;Description xml:lang=&quot;fr&quot;&gt;Chinese &lt;/Description&gt;&lt;/Code&gt;&lt;Code value=&quot;3204&quot; parentCode=&quot;TOT&quot;&gt;&lt;Description xml:lang=&quot;en&quot;&gt;Croatian&lt;/Description&gt;&lt;Description xml:lang=&quot;fr&quot;&gt;Croatian&lt;/Description&gt;&lt;/Code&gt;&lt;Code value=&quot;2303&quot; parentCode=&quot;TOT&quot;&gt;&lt;Description xml:lang=&quot;en&quot;&gt;Dutch&lt;/Description&gt;&lt;Description xml:lang=&quot;fr&quot;&gt;Dutch&lt;/Description&gt;&lt;/Code&gt;&lt;Code value=&quot;2101&quot; parentCode=&quot;TOT&quot;&gt;&lt;Description xml:lang=&quot;en&quot;&gt;English&lt;/Description&gt;&lt;Description xml:lang=&quot;fr&quot;&gt;English&lt;/Description&gt;&lt;/Code&gt;&lt;Code value=&quot;5201&quot; parentCode=&quot;TOT&quot;&gt;&lt;Description xml:lang=&quot;en&quot;&gt;Filipino&lt;/Description&gt;&lt;Description xml:lang=&quot;fr&quot;&gt;Filipino&lt;/Description&gt;&lt;/Code&gt;&lt;Code value=&quot;2305&quot; parentCode=&quot;TOT&quot;&gt;&lt;Description xml:lang=&quot;en&quot;&gt;French&lt;/Description&gt;&lt;Description xml:lang=&quot;fr&quot;&gt;French&lt;/Description&gt;&lt;/Code&gt;&lt;Code value=&quot;2306&quot; parentCode=&quot;TOT&quot;&gt;&lt;Description xml:lang=&quot;en&quot;&gt;German&lt;/Description&gt;&lt;Description xml:lang=&quot;fr&quot;&gt;German&lt;/Description&gt;&lt;/Code&gt;&lt;Code value=&quot;3205&quot; parentCode=&quot;TOT&quot;&gt;&lt;Description xml:lang=&quot;en&quot;&gt;Greek&lt;/Description&gt;&lt;Description xml:lang=&quot;fr&quot;&gt;Greek&lt;/Description&gt;&lt;/Code&gt;&lt;Code value=&quot;3304&quot; parentCode=&quot;TOT&quot;&gt;&lt;Description xml:lang=&quot;en&quot;&gt;Hungarian&lt;/Description&gt;&lt;Description xml:lang=&quot;fr&quot;&gt;Hungarian&lt;/Description&gt;&lt;/Code&gt;&lt;Code value=&quot;7106&quot; parentCode=&quot;TOT&quot;&gt;&lt;Description xml:lang=&quot;en&quot;&gt;Indian&lt;/Description&gt;&lt;Description xml:lang=&quot;fr&quot;&gt;Indian&lt;/Description&gt;&lt;/Code&gt;&lt;Code value=&quot;2201&quot; parentCode=&quot;TOT&quot;&gt;&lt;Description xml:lang=&quot;en&quot;&gt;Irish&lt;/Description&gt;&lt;Description xml:lang=&quot;fr&quot;&gt;Irish&lt;/Description&gt;&lt;/Code&gt;&lt;Code value=&quot;3103&quot; parentCode=&quot;TOT&quot;&gt;&lt;Description xml:lang=&quot;en&quot;&gt;Italian&lt;/Description&gt;&lt;Description xml:lang=&quot;fr&quot;&gt;Italian&lt;/Description&gt;&lt;/Code&gt;&lt;Code value=&quot;6902&quot; parentCode=&quot;TOT&quot;&gt;&lt;Description xml:lang=&quot;en&quot;&gt;Korean&lt;/Description&gt;&lt;Description xml:lang=&quot;fr&quot;&gt;Korean&lt;/Description&gt;&lt;/Code&gt;&lt;Code value=&quot;4106&quot; parentCode=&quot;TOT&quot;&gt;&lt;Description xml:lang=&quot;en&quot;&gt;Lebanese&lt;/Description&gt;&lt;Description xml:lang=&quot;fr&quot;&gt;Lebanese&lt;/Description&gt;&lt;/Code&gt;&lt;Code value=&quot;3206&quot; parentCode=&quot;TOT&quot;&gt;&lt;Description xml:lang=&quot;en&quot;&gt;Macedonian&lt;/Description&gt;&lt;Description xml:lang=&quot;fr&quot;&gt;Macedonian&lt;/Description&gt;&lt;/Code&gt;&lt;Code value=&quot;3104&quot; parentCode=&quot;TOT&quot;&gt;&lt;Description xml:lang=&quot;en&quot;&gt;Maltese&lt;/Description&gt;&lt;Description xml:lang=&quot;fr&quot;&gt;Maltese&lt;/Description&gt;&lt;/Code&gt;&lt;Code value=&quot;1201&quot; parentCode=&quot;TOT&quot;&gt;&lt;Description xml:lang=&quot;en&quot;&gt;Maori&lt;/Description&gt;&lt;Description xml:lang=&quot;fr&quot;&gt;Maori&lt;/Description&gt;&lt;/Code&gt;&lt;Code value=&quot;1202&quot; parentCode=&quot;TOT&quot;&gt;&lt;Description xml:lang=&quot;en&quot;&gt;New Zealander&lt;/Description&gt;&lt;Description xml:lang=&quot;fr&quot;&gt;New Zealander&lt;/Description&gt;&lt;/Code&gt;&lt;Code value=&quot;3307&quot; parentCode=&quot;TOT&quot;&gt;&lt;Description xml:lang=&quot;en&quot;&gt;Polish&lt;/Description&gt;&lt;Description xml:lang=&quot;fr&quot;&gt;Polish&lt;/Description&gt;&lt;/Code&gt;&lt;Code value=&quot;3308&quot; parentCode=&quot;TOT&quot;&gt;&lt;Description xml:lang=&quot;en&quot;&gt;Russian&lt;/Description&gt;&lt;Description xml:lang=&quot;fr&quot;&gt;Russian&lt;/Description&gt;&lt;/Code&gt;&lt;Code value=&quot;2102&quot; parentCode=&quot;TOT&quot;&gt;&lt;Description xml:lang=&quot;en&quot;&gt;Scottish&lt;/Description&gt;&lt;Description xml:lang=&quot;fr&quot;&gt;Scottish&lt;/Description&gt;&lt;/Code&gt;&lt;Code value=&quot;3213&quot; parentCode=&quot;TOT&quot;&gt;&lt;Description xml:lang=&quot;en&quot;&gt;Serbian&lt;/Description&gt;&lt;Description xml:lang=&quot;fr&quot;&gt;Serbian&lt;/Description&gt;&lt;/Code&gt;&lt;Code value=&quot;7115&quot; parentCode=&quot;TOT&quot;&gt;&lt;Description xml:lang=&quot;en&quot;&gt;Sinhalese&lt;/Description&gt;&lt;Description xml:lang=&quot;fr&quot;&gt;Sinhalese&lt;/Description&gt;&lt;/Code&gt;&lt;Code value=&quot;9215&quot; parentCode=&quot;TOT&quot;&gt;&lt;Description xml:lang=&quot;en&quot;&gt;South African&lt;/Description&gt;&lt;Description xml:lang=&quot;fr&quot;&gt;South African&lt;/Description&gt;&lt;/Code&gt;&lt;Code value=&quot;3106&quot; parentCode=&quot;TOT&quot;&gt;&lt;Description xml:lang=&quot;en&quot;&gt;Spanish&lt;/Description&gt;&lt;Description xml:lang=&quot;fr&quot;&gt;Spanish&lt;/Description&gt;&lt;/Code&gt;&lt;Code value=&quot;4907&quot; parentCode=&quot;TOT&quot;&gt;&lt;Description xml:lang=&quot;en&quot;&gt;Turkish&lt;/Description&gt;&lt;Description xml:lang=&quot;fr&quot;&gt;Turkish&lt;/Description&gt;&lt;/Code&gt;&lt;Code value=&quot;5107&quot; parentCode=&quot;TOT&quot;&gt;&lt;Description xml:lang=&quot;en&quot;&gt;Vietnamese&lt;/Description&gt;&lt;Description xml:lang=&quot;fr&quot;&gt;Vietnamese&lt;/Description&gt;&lt;/Code&gt;&lt;Code value=&quot;2103&quot; parentCode=&quot;TOT&quot;&gt;&lt;Description xml:lang=&quot;en&quot;&gt;Welsh&lt;/Description&gt;&lt;Description xml:lang=&quot;fr&quot;&gt;Welsh&lt;/Description&gt;&lt;/Code&gt;&lt;Code value=&quot;OTH&quot; parentCode=&quot;TOT&quot;&gt;&lt;Description xml:lang=&quot;en&quot;&gt;Other(d)&lt;/Description&gt;&lt;Description xml:lang=&quot;fr&quot;&gt;Other(d)&lt;/Description&gt;&lt;/Code&gt;&lt;Code value=&quot;Z&quot; parentCode=&quot;TOT&quot;&gt;&lt;Description xml:lang=&quot;en&quot;&gt;Ancestry not stated&lt;/Description&gt;&lt;Description xml:lang=&quot;fr&quot;&gt;Ancestry not stated&lt;/Description&gt;&lt;/Code&gt;&lt;/CodeList&gt;&lt;CodeList id=&quot;CL_ABS_CENSUS2011_B08_LGA_STATE&quot; agencyID=&quot;ABS&quot;&gt;&lt;Name xml:lang=&quot;en&quot;&gt;State&lt;/Name&gt;&lt;Name xml:lang=&quot;fr&quot;&gt;State&lt;/Name&gt;&lt;Code value=&quot;1&quot; parentCode=&quot;0&quot;&gt;&lt;Description xml:lang=&quot;en&quot;&gt;New South Wales&lt;/Description&gt;&lt;Description xml:lang=&quot;fr&quot;&gt;New South Wales&lt;/Description&gt;&lt;/Code&gt;&lt;Code value=&quot;0&quot;&gt;&lt;Description xml:lang=&quot;en&quot;&gt;Australia&lt;/Description&gt;&lt;Description xml:lang=&quot;fr&quot;&gt;Australia&lt;/Description&gt;&lt;/Code&gt;&lt;Code value=&quot;2&quot; parentCode=&quot;0&quot;&gt;&lt;Description xml:lang=&quot;en&quot;&gt;Victoria&lt;/Description&gt;&lt;Description xml:lang=&quot;fr&quot;&gt;Victoria&lt;/Description&gt;&lt;/Code&gt;&lt;Code value=&quot;3&quot; parentCode=&quot;0&quot;&gt;&lt;Description xml:lang=&quot;en&quot;&gt;Queensland&lt;/Description&gt;&lt;Description xml:lang=&quot;fr&quot;&gt;Queensland&lt;/Description&gt;&lt;/Code&gt;&lt;Code value=&quot;4&quot; parentCode=&quot;0&quot;&gt;&lt;Description xml:lang=&quot;en&quot;&gt;South Australia&lt;/Description&gt;&lt;Description xml:lang=&quot;fr&quot;&gt;South Australia&lt;/Description&gt;&lt;/Code&gt;&lt;Code value=&quot;5&quot; parentCode=&quot;0&quot;&gt;&lt;Description xml:lang=&quot;en&quot;&gt;Western Australia&lt;/Description&gt;&lt;Description xml:lang=&quot;fr&quot;&gt;Western Australia&lt;/Description&gt;&lt;/Code&gt;&lt;Code value=&quot;6&quot; parentCode=
Input 1 does not match Pattern:[A-z][A-z0-9_\-]* for class:NCNameID
Input 2 does not match Pattern:[A-z][A-z0-9_\-]* for class:NCNameID
Input 3 does not match Pattern:[A-z][A-z0-9_\-]* for class:NCNameID
Input 4 does not match Pattern:[A-z][A-z0-9_\-]* for class:NCNameID
Loading Codelists
Codelist: ABS:CL_ATSI_BIRTHS_SUMM_MEASURE:1.0 already exists
Loading Concepts
Loading DataStructures
DS ABS:ATSI_BIRTHS_SUMM:1.0
Loading Dataflows
Loading Codelists
Codelist: ABS:CL_ATSI_FERTILITY_MEASURE:1.0 already exists
Loading Concepts
Loading DataStructures
DS ABS:ATSI_FERTILITY:1.0
Loading Dataflows
Loading Codelists
Codelist: ABS:CL_ALC_TYP:1.0 already exists
Loading Concepts
Loading DataStructures
DS ABS:ALC:1.0
Loading Dataflows
Loading Codelists
Codelist: ABS:CL_ABS_ACLD_LFSTATUS_SEX_ABS:1.0 already exists
Loading Concepts
Loading DataStructures
DS ABS:ABS_ACLD_LFSTATUS:1.0
Loading Dataflows
Loading Codelists
Codelist: ABS:CL_ABS_ACLD_TENURE_SEX_ABS:1.0 already exists
Loading Concepts
Loading DataStructures
DS ABS:ABS_ACLD_TENURE:1.0
Loading Dataflows
Loading Codelists
Codelist: ABS:CL_ABS_ACLD_UNPAIDASST_SEX_ABS:1.0 already exists
Loading Concepts
Loading DataStructures
DS ABS:ABS_ACLD_UNPAIDASST:1.0
Loading Dataflows
Loading Codelists
Codelist: ABS:CL_ABS_ACLD_VOLWORK_SEX_ABS:1.0 already exists
Loading Concepts
Loading DataStructures
DS ABS:ABS_ACLD_VOLWORK:1.0
Loading Dataflows
Loading Codelists
Codelist: ABS:CL_AMLPS_PART_2017_MEASURE:1.0 already exists
Loading Concepts
Loading DataStructures
DS ABS:AMLPS_PART_2017:1.0
Loading Dataflows
Loading Codelists
Codelist: ABS:CL_AMLPS_RESP_2017_RESPONSE_CAT:1.0 already exists
Loading Concepts
Loading DataStructures
DS ABS:AMLPS_RESP_2017:1.0
Loading Dataflows
Loading Codelists
Codelist: ABS:CL_ABS_CENSUS2011_B01_MEASURE:1.0 already exists
Loading Concepts
Loading DataStructures
DS ABS:ABS_CENSUS2011_B01:1.0
Loading Dataflows
Loading Codelists
Codelist: ABS:CL_ABS_CENSUS2011_B01_LGA_MEASURE:1.0 already exists
Loading Concepts
Loading DataStructures
DS ABS:ABS_CENSUS2011_B01_LGA:1.0
Loading Dataflows
Loading Codelists
Codelist: ABS:CL_ABS_CENSUS2011_B01_SA1_SA_MEASURE:1.0 already exists
Loading Concepts
Loading DataStructures
DS ABS:ABS_CENSUS2011_B01_SA1_SA:1.0
Loading Dataflows
Loading Codelists
Codelist: ABS:CL_ABS_CENSUS2011_B02_MEASURE:1.0 already exists
Loading Concepts
Loading DataStructures
DS ABS:ABS_CENSUS2011_B02:1.0
Loading Dataflows
Loading Codelists
Codelist: ABS:CL_ABS_CENSUS2011_B02_LGA_MEASURE:1.0 already exists
Loading Concepts
Loading DataStructures
DS ABS:ABS_CENSUS2011_B02_LGA:1.0
Loading Dataflows
Loading Codelists
Codelist: ABS:CL_ABS_CENSUS2011_B02_SA1_SA_MEASURE:1.0 already exists
Loading Concepts
Loading DataStructures
DS ABS:ABS_CENSUS2011_B02_SA1_SA:1.0
Loading Dataflows
Loading Codelists
Codelist: ABS:CL_ABS_CENSUS2011_B03_LGA_MEASURE:1.0 already exists
Loading Concepts
Loading DataStructures
DS ABS:ABS_CENSUS2011_B03_LGA:1.0
Loading Dataflows
Loading Codelists
Codelist: ABS:CL_ABS_CENSUS2011_B03_MEASURE:1.0 already exists
Loading Concepts
Loading DataStructures
DS ABS:ABS_CENSUS2011_B03:1.0
Loading Dataflows
Loading Codelists
Codelist: ABS:CL_ABS_CENSUS2011_B03_SA1_SA_MEASURE:1.0 already exists
Loading Concepts
Loading DataStructures
DS ABS:ABS_CENSUS2011_B03_SA1_SA:1.0
Loading Dataflows
Loading Codelists
Codelist: ABS:CL_ABS_CENSUS2011_B04_MEASURE:1.0 already exists
Loading Concepts
Loading DataStructures
DS ABS:ABS_CENSUS2011_B04:1.0
Loading Dataflows
Loading Codelists
Codelist: ABS:CL_ABS_CENSUS2011_B04_LGA_MEASURE:1.0 already exists
Loading Concepts
Loading DataStructures
DS ABS:ABS_CENSUS2011_B04_LGA:1.0
Loading Dataflows
Loading Codelists
Codelist: ABS:CL_ABS_CENSUS2011_B04_SA1_SA_MEASURE:1.0 already exists
Loading Concepts
Loading DataStructures
DS ABS:ABS_CENSUS2011_B04_SA1_SA:1.0
Loading Dataflows
Loading Codelists
Codelist: ABS:CL_ABS_CENSUS2011_B05_MEASURE:1.0 already exists
Loading Concepts
Loading DataStructures
DS ABS:ABS_CENSUS2011_B05:1.0
Loading Dataflows
Loading Codelists
Codelist: ABS:CL_ABS_CENSUS2011_B05_LGA_MEASURE:1.0 already exists
Loading Concepts
Loading DataStructures
DS ABS:ABS_CENSUS2011_B05_LGA:1.0
Loading Dataflows
Loading Codelists
Codelist: ABS:CL_ABS_CENSUS2011_B05_SA1_SA_MEASURE:1.0 already exists
Loading Concepts
Loading DataStructures
DS ABS:ABS_CENSUS2011_B05_SA1_SA:1.0
Loading Dataflows
Loading Codelists
Codelist: ABS:CL_ABS_CENSUS2011_B06_MEASURE:1.0 already exists
Loading Concepts
Loading DataStructures
DS ABS:ABS_CENSUS2011_B06:1.0
Loading Dataflows
Loading Codelists
Codelist: ABS:CL_ABS_CENSUS2011_B06_LGA_MEASURE:1.0 already exists
Loading Concepts
Loading DataStructures
DS ABS:ABS_CENSUS2011_B06_LGA:1.0
Loading Dataflows
Loading Codelists
Codelist: ABS:CL_ABS_CENSUS2011_B06_SA1_SA_MEASURE:1.0 already exists
Loading Concepts
Loading DataStructures
DS ABS:ABS_CENSUS2011_B06_SA1_SA:1.0
Loading Dataflows
Loading Codelists
Codelist: ABS:CL_ABS_CENSUS2011_B07_MEASURE:1.0 already exists
Loading Concepts
Loading DataStructures
DS ABS:ABS_CENSUS2011_B07:1.0
Loading Dataflows
Loading Codelists
Codelist: ABS:CL_ABS_CENSUS2011_B07_LGA_MEASURE:1.0 already exists
Loading Concepts
Loading DataStructures
DS ABS:ABS_CENSUS2011_B07_LGA:1.0
Loading Dataflows
Loading Codelists
Codelist: ABS:CL_ABS_CENSUS2011_B07_SA1_SA_MEASURE:1.0 already exists
Loading Concepts
Loading DataStructures
DS ABS:ABS_CENSUS2011_B07_SA1_SA:1.0
Loading Dataflows
Loading Codelists
Codelist: ABS:CL_ABS_CENSUS2011_B08_MEASURE:1.0 already exists
Loading Concepts
Loading DataStructures
DS ABS:ABS_CENSUS2011_B08:1.0
Loading Dataflows
Loading Codelists
Loading Concepts
Loading DataStructures
DS ABS:ABS_CENSUS2011_B08_LGA:1.0
Reference
Agency:ABS
MID:STANDALONE_CONCEPT_SCHEME
MVers:null
ID:ANCP
Vers:1.0
Class:Concept
Pack:conceptscheme
Reference
Agency:ABS
MID:STANDALONE_CONCEPT_SCHEME
MVers:null
ID:STATE
Vers:1.0
Class:Concept
Pack:conceptscheme
Reference
Agency:ABS
MID:STANDALONE_CONCEPT_SCHEME
MVers:null
ID:REGIONTYPE
Vers:1.0
Class:Concept
Pack:conceptscheme
Reference
Agency:ABS
MID:STANDALONE_CONCEPT_SCHEME
MVers:null
ID:REGION
Vers:1.0
Class:Concept
Pack:conceptscheme
Reference
Agency:ABS
MID:STANDALONE_CONCEPT_SCHEME
MVers:null
ID:FREQUENCY
Vers:1.0
Class:Concept
Pack:conceptscheme
Reference
Agency:ABS
MID:STANDALONE_CONCEPT_SCHEME
MVers:null
ID:TIME
Vers:1.0
Class:Concept
Pack:conceptscheme
Reference
Agency:ABS
MID:STANDALONE_CONCEPT_SCHEME
MVers:null
ID:MEASURE
Vers:1.0
Class:Concept
Pack:conceptscheme
Reference
Agency:ABS
MID:STANDALONE_CONCEPT_SCHEME
MVers:null
ID:OBS_STATUS
Vers:1.0
Class:Concept
Pack:conceptscheme
Reference
Agency:ABS
MID:STANDALONE_CONCEPT_SCHEME
MVers:null
ID:TIME_FORMAT
Vers:1.0
Class:Concept
Pack:conceptscheme
Reference
Agency:ABS
MID:STANDALONE_CONCEPT_SCHEME
MVers:null
ID:OBS_VALUE
Vers:1.0
Class:Concept
Pack:conceptscheme
Loading Dataflows
Loading: B08 Ancestry by Birthplace of Parents(SA1 SA)
Header=&lt;message:Structure xmlns=&quot;http://www.SDMX.org/resources/SDMXML/schemas/v2_0/structure&quot; xmlns:common=&quot;http://www.SDMX.org/resources/SDMXML/schemas/v2_0/common&quot; xsi:schemaLocation=&quot;http://www.SDMX.org/resources/SDMXML/schemas/v2_0/structure http://www.sdmx.org/docs/2_0/SDMXStructure.xsd http://www.SDMX.org/resources/SDMXML/schemas/v2_0/message http://www.sdmx.org/docs/2_0/SDMXMessage.xsd&quot; xmlns:xsi=&quot;http://www.w3.org/2001/XMLSchema-instance&quot; xmlns:message=&quot;http://www.SDMX.org/resources/SDMXML/schemas/v2_0/message&quot;&gt;&lt;Header xmlns=&quot;http://www.SDMX.org/resources/SDMXML/schemas/v2_0/message&quot;&gt;&lt;ID&gt;none&lt;!--Statistical usage warning
ABS.Stat beta is continuing to be developed.  Data will be updated as soon as possible following its 11:30 am release on the ABS website.
--&gt;&lt;/ID&gt;&lt;Test&gt;false&lt;/Test&gt;&lt;Truncated&gt;false&lt;/Truncated&gt;&lt;Prepared&gt;2020-03-17T01:05:09&lt;/Prepared&gt;&lt;Sender id=&quot;ABS&quot;&gt;&lt;Name xml:lang=&quot;en&quot;&gt;Australian Bureau of Statistics&lt;/Name&gt;&lt;Name xml:lang=&quot;fr&quot;&gt;Australian Bureau of Statistics&lt;/Name&gt;&lt;/Sender&gt;&lt;/Header&gt;&lt;message:CodeLists&gt;&lt;CodeList id=&quot;CL_ABS_CENSUS2011_B08_SA1_SA_MEASURE&quot; agencyID=&quot;ABS&quot;&gt;&lt;Name xml:lang=&quot;en&quot;&gt;Birthplace of Parents&lt;/Name&gt;&lt;Name xml:lang=&quot;fr&quot;&gt;Birthplace of Parents&lt;/Name&gt;&lt;Code value=&quot;TOT&quot;&gt;&lt;Description xml:lang=&quot;en&quot;&gt;Total responses(c)&lt;/Description&gt;&lt;Description xml:lang=&quot;fr&quot;&gt;Total responses(c)&lt;/Description&gt;&lt;/Code&gt;&lt;Code value=&quot;1&quot; parentCode=&quot;TOT&quot;&gt;&lt;Description xml:lang=&quot;en&quot;&gt;Both parents born overseas&lt;/Description&gt;&lt;Description xml:lang=&quot;fr&quot;&gt;Both parents born overseas&lt;/Description&gt;&lt;/Code&gt;&lt;Code value=&quot;2&quot; parentCode=&quot;TOT&quot;&gt;&lt;Description xml:lang=&quot;en&quot;&gt;Father only born overseas&lt;/Description&gt;&lt;Description xml:lang=&quot;fr&quot;&gt;Father only born overseas&lt;/Description&gt;&lt;/Code&gt;&lt;Code value=&quot;3&quot; parentCode=&quot;TOT&quot;&gt;&lt;Description xml:lang=&quot;en&quot;&gt;Mother only born overseas&lt;/Description&gt;&lt;Description xml:lang=&quot;fr&quot;&gt;Mother only born overseas&lt;/Description&gt;&lt;/Code&gt;&lt;Code value=&quot;4&quot; parentCode=&quot;TOT&quot;&gt;&lt;Description xml:lang=&quot;en&quot;&gt;Both parents born in Australia&lt;/Description&gt;&lt;Description xml:lang=&quot;fr&quot;&gt;Both parents born in Australia&lt;/Description&gt;&lt;/Code&gt;&lt;Code value=&quot;Z&quot; parentCode=&quot;TOT&quot;&gt;&lt;Description xml:lang=&quot;en&quot;&gt;Birthplace not stated(b)&lt;/Description&gt;&lt;Description xml:lang=&quot;fr&quot;&gt;Birthplace not stated(b)&lt;/Description&gt;&lt;/Code&gt;&lt;/CodeList&gt;&lt;CodeList id=&quot;CL_ABS_CENSUS2011_B08_SA1_SA_ANCP&quot; agencyID=&quot;ABS&quot;&gt;&lt;Name xml:lang=&quot;en&quot;&gt;Ancestry&lt;/Name&gt;&lt;Name xml:lang=&quot;fr&quot;&gt;Ancestry&lt;/Name&gt;&lt;Code value=&quot;TOT&quot;&gt;&lt;Description xml:lang=&quot;en&quot;&gt;Total responses(c)&lt;/Description&gt;&lt;Description xml:lang=&quot;fr&quot;&gt;Total responses(c)&lt;/Description&gt;&lt;/Code&gt;&lt;Code value=&quot;TOTP&quot; parentCode=&quot;TOT&quot;&gt;&lt;Description xml:lang=&quot;en&quot;&gt;Total persons(c)&lt;/Description&gt;&lt;Description xml:lang=&quot;fr&quot;&gt;Total persons(c)&lt;/Description&gt;&lt;/Code&gt;&lt;Code value=&quot;1101&quot; parentCode=&quot;TOT&quot;&gt;&lt;Description xml:lang=&quot;en&quot;&gt;Australian&lt;/Description&gt;&lt;Description xml:lang=&quot;fr&quot;&gt;Australian&lt;/Description&gt;&lt;/Code&gt;&lt;Code value=&quot;1102&quot; parentCode=&quot;TOT&quot;&gt;&lt;Description xml:lang=&quot;en&quot;&gt;Australian Aboriginal&lt;/Description&gt;&lt;Description xml:lang=&quot;fr&quot;&gt;Australian Aboriginal&lt;/Description&gt;&lt;/Code&gt;&lt;Code value=&quot;6101&quot; parentCode=&quot;TOT&quot;&gt;&lt;Description xml:lang=&quot;en&quot;&gt;Chinese &lt;/Description&gt;&lt;Description xml:lang=&quot;fr&quot;&gt;Chinese &lt;/Description&gt;&lt;/Code&gt;&lt;Code value=&quot;3204&quot; parentCode=&quot;TOT&quot;&gt;&lt;Description xml:lang=&quot;en&quot;&gt;Croatian&lt;/Description&gt;&lt;Description xml:lang=&quot;fr&quot;&gt;Croatian&lt;/Description&gt;&lt;/Code&gt;&lt;Code value=&quot;2303&quot; parentCode=&quot;TOT&quot;&gt;&lt;Description xml:lang=&quot;en&quot;&gt;Dutch&lt;/Description&gt;&lt;Description xml:lang=&quot;fr&quot;&gt;Dutch&lt;/Description&gt;&lt;/Code&gt;&lt;Code value=&quot;2101&quot; parentCode=&quot;TOT&quot;&gt;&lt;Description xml:lang=&quot;en&quot;&gt;English&lt;/Description&gt;&lt;Description xml:lang=&quot;fr&quot;&gt;English&lt;/Description&gt;&lt;/Code&gt;&lt;Code value=&quot;5201&quot; parentCode=&quot;TOT&quot;&gt;&lt;Description xml:lang=&quot;en&quot;&gt;Filipino&lt;/Description&gt;&lt;Description xml:lang=&quot;fr&quot;&gt;Filipino&lt;/Description&gt;&lt;/Code&gt;&lt;Code value=&quot;2305&quot; parentCode=&quot;TOT&quot;&gt;&lt;Description xml:lang=&quot;en&quot;&gt;French&lt;/Description&gt;&lt;Description xml:lang=&quot;fr&quot;&gt;French&lt;/Description&gt;&lt;/Code&gt;&lt;Code value=&quot;2306&quot; parentCode=&quot;TOT&quot;&gt;&lt;Description xml:lang=&quot;en&quot;&gt;German&lt;/Description&gt;&lt;Description xml:lang=&quot;fr&quot;&gt;German&lt;/Description&gt;&lt;/Code&gt;&lt;Code value=&quot;3205&quot; parentCode=&quot;TOT&quot;&gt;&lt;Description xml:lang=&quot;en&quot;&gt;Greek&lt;/Description&gt;&lt;Description xml:lang=&quot;fr&quot;&gt;Greek&lt;/Description&gt;&lt;/Code&gt;&lt;Code value=&quot;3304&quot; parentCode=&quot;TOT&quot;&gt;&lt;Description xml:lang=&quot;en&quot;&gt;Hungarian&lt;/Description&gt;&lt;Description xml:lang=&quot;fr&quot;&gt;Hungarian&lt;/Description&gt;&lt;/Code&gt;&lt;Code value=&quot;7106&quot; parentCode=&quot;TOT&quot;&gt;&lt;Description xml:lang=&quot;en&quot;&gt;Indian&lt;/Description&gt;&lt;Description xml:lang=&quot;fr&quot;&gt;Indian&lt;/Description&gt;&lt;/Code&gt;&lt;Code value=&quot;2201&quot; parentCode=&quot;TOT&quot;&gt;&lt;Description xml:lang=&quot;en&quot;&gt;Irish&lt;/Description&gt;&lt;Description xml:lang=&quot;fr&quot;&gt;Irish&lt;/Description&gt;&lt;/Code&gt;&lt;Code value=&quot;3103&quot; parentCode=&quot;TOT&quot;&gt;&lt;Description xml:lang=&quot;en&quot;&gt;Italian&lt;/Description&gt;&lt;Description xml:lang=&quot;fr&quot;&gt;Italian&lt;/Description&gt;&lt;/Code&gt;&lt;Code value=&quot;6902&quot; parentCode=&quot;TOT&quot;&gt;&lt;Description xml:lang=&quot;en&quot;&gt;Korean&lt;/Description&gt;&lt;Description xml:lang=&quot;fr&quot;&gt;Korean&lt;/Description&gt;&lt;/Code&gt;&lt;Code value=&quot;4106&quot; parentCode=&quot;TOT&quot;&gt;&lt;Description xml:lang=&quot;en&quot;&gt;Lebanese&lt;/Description&gt;&lt;Description xml:lang=&quot;fr&quot;&gt;Lebanese&lt;/Description&gt;&lt;/Code&gt;&lt;Code value=&quot;3206&quot; parentCode=&quot;TOT&quot;&gt;&lt;Description xml:lang=&quot;en&quot;&gt;Macedonian&lt;/Description&gt;&lt;Description xml:lang=&quot;fr&quot;&gt;Macedonian&lt;/Description&gt;&lt;/Code&gt;&lt;Code value=&quot;3104&quot; parentCode=&quot;TOT&quot;&gt;&lt;Description xml:lang=&quot;en&quot;&gt;Maltese&lt;/Description&gt;&lt;Description xml:lang=&quot;fr&quot;&gt;Maltese&lt;/Description&gt;&lt;/Code&gt;&lt;Code value=&quot;1201&quot; parentCode=&quot;TOT&quot;&gt;&lt;Description xml:lang=&quot;en&quot;&gt;Maori&lt;/Description&gt;&lt;Description xml:lang=&quot;fr&quot;&gt;Maori&lt;/Description&gt;&lt;/Code&gt;&lt;Code value=&quot;1202&quot; parentCode=&quot;TOT&quot;&gt;&lt;Description xml:lang=&quot;en&quot;&gt;New Zealander&lt;/Description&gt;&lt;Description xml:lang=&quot;fr&quot;&gt;New Zealander&lt;/Description&gt;&lt;/Code&gt;&lt;Code value=&quot;3307&quot; parentCode=&quot;TOT&quot;&gt;&lt;Description xml:lang=&quot;en&quot;&gt;Polish&lt;/Description&gt;&lt;Description xml:lang=&quot;fr&quot;&gt;Polish&lt;/Description&gt;&lt;/Code&gt;&lt;Code value=&quot;3308&quot; parentCode=&quot;TOT&quot;&gt;&lt;Description xml:lang=&quot;en&quot;&gt;Russian&lt;/Description&gt;&lt;Description xml:lang=&quot;fr&quot;&gt;Russian&lt;/Description&gt;&lt;/Code&gt;&lt;Code value=&quot;2102&quot; parentCode=&quot;TOT&quot;&gt;&lt;Description xml:lang=&quot;en&quot;&gt;Scottish&lt;/Description&gt;&lt;Description xml:lang=&quot;fr&quot;&gt;Scottish&lt;/Description&gt;&lt;/Code&gt;&lt;Code value=&quot;3213&quot; parentCode=&quot;TOT&quot;&gt;&lt;Description xml:lang=&quot;en&quot;&gt;Serbian&lt;/Description&gt;&lt;Description xml:lang=&quot;fr&quot;&gt;Serbian&lt;/Description&gt;&lt;/Code&gt;&lt;Code value=&quot;7115&quot; parentCode=&quot;TOT&quot;&gt;&lt;Description xml:lang=&quot;en&quot;&gt;Sinhalese&lt;/Description&gt;&lt;Description xml:lang=&quot;fr&quot;&gt;Sinhalese&lt;/Description&gt;&lt;/Code&gt;&lt;Code value=&quot;9215&quot; parentCode=&quot;TOT&quot;&gt;&lt;Description xml:lang=&quot;en&quot;&gt;South African&lt;/Description&gt;&lt;Description xml:lang=&quot;fr&quot;&gt;South African&lt;/Description&gt;&lt;/Code&gt;&lt;Code value=&quot;3106&quot; parentCode=&quot;TOT&quot;&gt;&lt;Description xml:lang=&quot;en&quot;&gt;Spanish&lt;/Description&gt;&lt;Description xml:lang=&quot;fr&quot;&gt;Spanish&lt;/Description&gt;&lt;/Code&gt;&lt;Code value=&quot;4907&quot; parentCode=&quot;TOT&quot;&gt;&lt;Description xml:lang=&quot;en&quot;&gt;Turkish&lt;/Description&gt;&lt;Description xml:lang=&quot;fr&quot;&gt;Turkish&lt;/Description&gt;&lt;/Code&gt;&lt;Code value=&quot;5107&quot; parentCode=&quot;TOT&quot;&gt;&lt;Description xml:lang=&quot;en&quot;&gt;Vietnamese&lt;/Description&gt;&lt;Description xml:lang=&quot;fr&quot;&gt;Vietnamese&lt;/Description&gt;&lt;/Code&gt;&lt;Code value=&quot;2103&quot; parentCode=&quot;TOT&quot;&gt;&lt;Description xml:lang=&quot;en&quot;&gt;Welsh&lt;/Description&gt;&lt;Description xml:lang=&quot;fr&quot;&gt;Welsh&lt;/Description&gt;&lt;/Code&gt;&lt;Code value=&quot;OTH&quot; parentCode=&quot;TOT&quot;&gt;&lt;Description xml:lang=&quot;en&quot;&gt;Other(d)&lt;/Description&gt;&lt;Description xml:lang=&quot;fr&quot;&gt;Other(d)&lt;/Description&gt;&lt;/Code&gt;&lt;Code value=&quot;Z&quot; parentCode=&quot;TOT&quot;&gt;&lt;Description xml:lang=&quot;en&quot;&gt;Ancestry not stated&lt;/Description&gt;&lt;Description xml:lang=&quot;fr&quot;&gt;Ancestry not stated&lt;/Description&gt;&lt;/Code&gt;&lt;/CodeList&gt;&lt;CodeList id=&quot;CL_ABS_CENSUS2011_B08_SA1_SA_STATE&quot; agencyID=&quot;ABS&quot;&gt;&lt;Name xml:lang=&quot;en&quot;&gt;State&lt;/Name&gt;&lt;Name xml:lang=&quot;fr&quot;&gt;State&lt;/Name&gt;&lt;Code value=&quot;4&quot; parentCode=&quot;0&quot;&gt;&lt;Description xml:lang=&quot;en&quot;&gt;South Australia&lt;/Description&gt;&lt;Description xml:lang=&quot;fr&quot;&gt;South Australia&lt;/Description&gt;&lt;/Code&gt;&lt;Code value=&quot;0&quot;&gt;&lt;Description xml:lang=&quot;en&quot;&gt;Australia&lt;/Description&gt;&lt;Description xml:lang=&quot;fr&quot;&gt;Australia&lt;/Description&gt;&lt;/Code&gt;&lt;/CodeList&gt;&lt;CodeList id=&quot;CL_ABS_CENSUS2011_B08_SA1_SA_REGIONTYPE&quot; agencyID=&quot;ABS&quot;&gt;&lt;Name xml:lang=&quot;en&quot;&gt;Region Type&lt;/Name&gt;&lt;Name xml:lang=&quot;fr&quot;&gt;Region Type&lt;/Name&gt;&lt;Code value=&quot;SA1&quot;&gt;&lt;Description xml:lang=&quot;en&quot;&gt;Statistical Area Level 1&lt;/Description&gt;&lt;Description xml:lang=&quot;fr&quot;&gt;Statistical Area Level 1&lt;/Description&gt;&lt;/Code&gt;&lt;/CodeList&gt;&lt;CodeList id=&quot;CL_ABS_CENSUS2011_B08_SA1_SA_REGION&quot; agencyID=&quot;ABS&quot;&gt;&lt;Name xml:lang=&quot;en&quot;&gt;Region&lt;/Name&gt;&lt;Name xml:lang=&quot;fr&quot;&gt;Region&lt;/Name&gt;&lt;Code value=&quot;40101100101&quot; parentCode=&quot;401011001&quot;&gt;&lt;Description xml:lang=&quot;en&quot;&gt;40101100101&lt;/Description&gt;&lt;Description xml:lang=&quot;fr&quot;&gt;40101100101&lt;/De
Input 1 does not match Pattern:[A-z][A-z0-9_\-]* for class:NCNameID
Input 2 does not match Pattern:[A-z][A-z0-9_\-]* for class:NCNameID
Input 3 does not match Pattern:[A-z][A-z0-9_\-]* for class:NCNameID
Input 4 does not match Pattern:[A-z][A-z0-9_\-]* for class:NCNameID
Loading Codelists
Codelist: ABS:CL_ATSI_BIRTHS_SUMM_MEASURE:1.0 already exists
Loading Concepts
Loading DataStructures
DS ABS:ATSI_BIRTHS_SUMM:1.0
Loading Dataflows
Loading Codelists
Codelist: ABS:CL_ATSI_FERTILITY_MEASURE:1.0 already exists
Loading Concepts
Loading DataStructures
DS ABS:ATSI_FERTILITY:1.0
Loading Dataflows
Loading Codelists
Codelist: ABS:CL_ALC_TYP:1.0 already exists
Loading Concepts
Loading DataStructures
DS ABS:ALC:1.0
Loading Dataflows
Loading Codelists
Codelist: ABS:CL_ABS_ACLD_LFSTATUS_SEX_ABS:1.0 already exists
Loading Concepts
Loading DataStructures
DS ABS:ABS_ACLD_LFSTATUS:1.0
Loading Dataflows
Loading Codelists
Codelist: ABS:CL_ABS_ACLD_TENURE_SEX_ABS:1.0 already exists
Loading Concepts
Loading DataStructures
DS ABS:ABS_ACLD_TENURE:1.0
Loading Dataflows
Loading Codelists
Codelist: ABS:CL_ABS_ACLD_UNPAIDASST_SEX_ABS:1.0 already exists
Loading Concepts
Loading DataStructures
DS ABS:ABS_ACLD_UNPAIDASST:1.0
Loading Dataflows
Loading Codelists
Codelist: ABS:CL_ABS_ACLD_VOLWORK_SEX_ABS:1.0 already exists
Loading Concepts
Loading DataStructures
DS ABS:ABS_ACLD_VOLWORK:1.0
Loading Dataflows
Loading Codelists
Codelist: ABS:CL_AMLPS_PART_2017_MEASURE:1.0 already exists
Loading Concepts
Loading DataStructures
DS ABS:AMLPS_PART_2017:1.0
Loading Dataflows
Loading Codelists
Codelist: ABS:CL_AMLPS_RESP_2017_RESPONSE_CAT:1.0 already exists
Loading Concepts
Loading DataStructures
DS ABS:AMLPS_RESP_2017:1.0
Loading Dataflows
Loading Codelists
Codelist: ABS:CL_ABS_CENSUS2011_B01_MEASURE:1.0 already exists
Loading Concepts
Loading DataStructures
DS ABS:ABS_CENSUS2011_B01:1.0
Loading Dataflows
Loading Codelists
Codelist: ABS:CL_ABS_CENSUS2011_B01_LGA_MEASURE:1.0 already exists
Loading Concepts
Loading DataStructures
DS ABS:ABS_CENSUS2011_B01_LGA:1.0
Loading Dataflows
Loading Codelists
Codelist: ABS:CL_ABS_CENSUS2011_B01_SA1_SA_MEASURE:1.0 already exists
Loading Concepts
Loading DataStructures
DS ABS:ABS_CENSUS2011_B01_SA1_SA:1.0
Loading Dataflows
Loading Codelists
Codelist: ABS:CL_ABS_CENSUS2011_B02_MEASURE:1.0 already exists
Loading Concepts
Loading DataStructures
DS ABS:ABS_CENSUS2011_B02:1.0
Loading Dataflows
Loading Codelists
Codelist: ABS:CL_ABS_CENSUS2011_B02_LGA_MEASURE:1.0 already exists
Loading Concepts
Loading DataStructures
DS ABS:ABS_CENSUS2011_B02_LGA:1.0
Loading Dataflows
Loading Codelists
Codelist: ABS:CL_ABS_CENSUS2011_B02_SA1_SA_MEASURE:1.0 already exists
Loading Concepts
Loading DataStructures
DS ABS:ABS_CENSUS2011_B02_SA1_SA:1.0
Loading Dataflows
Loading Codelists
Codelist: ABS:CL_ABS_CENSUS2011_B03_LGA_MEASURE:1.0 already exists
Loading Concepts
Loading DataStructures
DS ABS:ABS_CENSUS2011_B03_LGA:1.0
Loading Dataflows
Loading Codelists
Codelist: ABS:CL_ABS_CENSUS2011_B03_MEASURE:1.0 already exists
Loading Concepts
Loading DataStructures
DS ABS:ABS_CENSUS2011_B03:1.0
Loading Dataflows
Loading Codelists
Codelist: ABS:CL_ABS_CENSUS2011_B03_SA1_SA_MEASURE:1.0 already exists
Loading Concepts
Loading DataStructures
DS ABS:ABS_CENSUS2011_B03_SA1_SA:1.0
Loading Dataflows
Loading Codelists
Codelist: ABS:CL_ABS_CENSUS2011_B04_MEASURE:1.0 already exists
Loading Concepts
Loading DataStructures
DS ABS:ABS_CENSUS2011_B04:1.0
Loading Dataflows
Loading Codelists
Codelist: ABS:CL_ABS_CENSUS2011_B04_LGA_MEASURE:1.0 already exists
Loading Concepts
Loading DataStructures
DS ABS:ABS_CENSUS2011_B04_LGA:1.0
Loading Dataflows
Loading Codelists
Codelist: ABS:CL_ABS_CENSUS2011_B04_SA1_SA_MEASURE:1.0 already exists
Loading Concepts
Loading DataStructures
DS ABS:ABS_CENSUS2011_B04_SA1_SA:1.0
Loading Dataflows
Loading Codelists
Codelist: ABS:CL_ABS_CENSUS2011_B05_MEASURE:1.0 already exists
Loading Concepts
Loading DataStructures
DS ABS:ABS_CENSUS2011_B05:1.0
Loading Dataflows
Loading Codelists
Codelist: ABS:CL_ABS_CENSUS2011_B05_LGA_MEASURE:1.0 already exists
Loading Concepts
Loading DataStructures
DS ABS:ABS_CENSUS2011_B05_LGA:1.0
Loading Dataflows
Loading Codelists
Codelist: ABS:CL_ABS_CENSUS2011_B05_SA1_SA_MEASURE:1.0 already exists
Loading Concepts
Loading DataStructures
DS ABS:ABS_CENSUS2011_B05_SA1_SA:1.0
Loading Dataflows
Loading Codelists
Codelist: ABS:CL_ABS_CENSUS2011_B06_MEASURE:1.0 already exists
Loading Concepts
Loading DataStructures
DS ABS:ABS_CENSUS2011_B06:1.0
Loading Dataflows
Loading Codelists
Codelist: ABS:CL_ABS_CENSUS2011_B06_LGA_MEASURE:1.0 already exists
Loading Concepts
Loading DataStructures
DS ABS:ABS_CENSUS2011_B06_LGA:1.0
Loading Dataflows
Loading Codelists
Codelist: ABS:CL_ABS_CENSUS2011_B06_SA1_SA_MEASURE:1.0 already exists
Loading Concepts
Loading DataStructures
DS ABS:ABS_CENSUS2011_B06_SA1_SA:1.0
Loading Dataflows
Loading Codelists
Codelist: ABS:CL_ABS_CENSUS2011_B07_MEASURE:1.0 already exists
Loading Concepts
Loading DataStructures
DS ABS:ABS_CENSUS2011_B07:1.0
Loading Dataflows
Loading Codelists
Codelist: ABS:CL_ABS_CENSUS2011_B07_LGA_MEASURE:1.0 already exists
Loading Concepts
Loading DataStructures
DS ABS:ABS_CENSUS2011_B07_LGA:1.0
Loading Dataflows
Loading Codelists
Codelist: ABS:CL_ABS_CENSUS2011_B07_SA1_SA_MEASURE:1.0 already exists
Loading Concepts
Loading DataStructures
DS ABS:ABS_CENSUS2011_B07_SA1_SA:1.0
Loading Dataflows
Loading Codelists
Codelist: ABS:CL_ABS_CENSUS2011_B08_MEASURE:1.0 already exists
Loading Concepts
Loading DataStructures
DS ABS:ABS_CENSUS2011_B08:1.0
Loading Dataflows
Loading Codelists
Codelist: ABS:CL_ABS_CENSUS2011_B08_LGA_MEASURE:1.0 already exists
Loading Concepts
Loading DataStructures
DS ABS:ABS_CENSUS2011_B08_LGA:1.0
Loading Dataflows
Loading Codelists
Loading Concepts
Loading DataStructures
DS ABS:ABS_CENSUS2011_B08_SA1_SA:1.0
Reference
Agency:ABS
MID:STANDALONE_CONCEPT_SCHEME
MVers:null
ID:ANCP
Vers:1.0
Class:Concept
Pack:conceptscheme
Reference
Agency:ABS
MID:STANDALONE_CONCEPT_SCHEME
MVers:null
ID:STATE
Vers:1.0
Class:Concept
Pack:conceptscheme
Reference
Agency:ABS
MID:STANDALONE_CONCEPT_SCHEME
MVers:null
ID:REGIONTYPE
Vers:1.0
Class:Concept
Pack:conceptscheme
Reference
Agency:ABS
MID:STANDALONE_CONCEPT_SCHEME
MVers:null
ID:REGION
Vers:1.0
Class:Concept
Pack:conceptscheme
Reference
Agency:ABS
MID:STANDALONE_CONCEPT_SCHEME
MVers:null
ID:FREQUENCY
Vers:1.0
Class:Concept
Pack:conceptscheme
Reference
Agency:ABS
MID:STANDALONE_CONCEPT_SCHEME
MVers:null
ID:TIME
Vers:1.0
Class:Concept
Pack:conceptscheme
Reference
Agency:ABS
MID:STANDALONE_CONCEPT_SCHEME
MVers:null
ID:MEASURE
Vers:1.0
Class:Concept
Pack:conceptscheme
Reference
Agency:ABS
MID:STANDALONE_CONCEPT_SCHEME
MVers:null
ID:OBS_STATUS
Vers:1.0
Class:Concept
Pack:conceptscheme
Reference
Agency:ABS
MID:STANDALONE_CONCEPT_SCHEME
MVers:null
ID:TIME_FORMAT
Vers:1.0
Class:Concept
Pack:conceptscheme
Reference
Agency:ABS
MID:STANDALONE_CONCEPT_SCHEME
MVers:null
ID:OBS_VALUE
Vers:1.0
Class:Concept
Pack:conceptscheme
Loading Dataflows
Loading: B09 Country of Birth of Person by Sex
Header=&lt;message:Structure xmlns=&quot;http://www.SDMX.org/resources/SDMXML/schemas/v2_0/structure&quot; xmlns:common=&quot;http://www.SDMX.org/resources/SDMXML/schemas/v2_0/common&quot; xsi:schemaLocation=&quot;http://www.SDMX.org/resources/SDMXML/schemas/v2_0/structure http://www.sdmx.org/docs/2_0/SDMXStructure.xsd http://www.SDMX.org/resources/SDMXML/schemas/v2_0/message http://www.sdmx.org/docs/2_0/SDMXMessage.xsd&quot; xmlns:xsi=&quot;http://www.w3.org/2001/XMLSchema-instance&quot; xmlns:message=&quot;http://www.SDMX.org/resources/SDMXML/schemas/v2_0/message&quot;&gt;&lt;Header xmlns=&quot;http://www.SDMX.org/resources/SDMXML/schemas/v2_0/message&quot;&gt;&lt;ID&gt;none&lt;!--Statistical usage warning
ABS.Stat beta is continuing to be developed.  Data will be updated as soon as possible following its 11:30 am release on the ABS website.
--&gt;&lt;/ID&gt;&lt;Test&gt;false&lt;/Test&gt;&lt;Truncated&gt;false&lt;/Truncated&gt;&lt;Prepared&gt;2020-03-17T01:07:17&lt;/Prepared&gt;&lt;Sender id=&quot;ABS&quot;&gt;&lt;Name xml:lang=&quot;en&quot;&gt;Australian Bureau of Statistics&lt;/Name&gt;&lt;Name xml:lang=&quot;fr&quot;&gt;Australian Bureau of Statistics&lt;/Name&gt;&lt;/Sender&gt;&lt;/Header&gt;&lt;message:CodeLists&gt;&lt;CodeList id=&quot;CL_ABS_CENSUS2011_B09_MEASURE&quot; agencyID=&quot;ABS&quot;&gt;&lt;Name xml:lang=&quot;en&quot;&gt;Sex&lt;/Name&gt;&lt;Name xml:lang=&quot;fr&quot;&gt;Sex&lt;/Name&gt;&lt;Code value=&quot;1&quot; parentCode=&quot;3&quot;&gt;&lt;Description xml:lang=&quot;en&quot;&gt;Males&lt;/Description&gt;&lt;Description xml:lang=&quot;fr&quot;&gt;Males&lt;/Description&gt;&lt;/Code&gt;&lt;Code value=&quot;3&quot;&gt;&lt;Description xml:lang=&quot;en&quot;&gt;Persons&lt;/Description&gt;&lt;Description xml:lang=&quot;fr&quot;&gt;Persons&lt;/Description&gt;&lt;/Code&gt;&lt;Code value=&quot;2&quot; parentCode=&quot;3&quot;&gt;&lt;Description xml:lang=&quot;en&quot;&gt;Females&lt;/Description&gt;&lt;Description xml:lang=&quot;fr&quot;&gt;Females&lt;/Description&gt;&lt;/Code&gt;&lt;/CodeList&gt;&lt;CodeList id=&quot;CL_ABS_CENSUS2011_B09_BPLP&quot; agencyID=&quot;ABS&quot;&gt;&lt;Name xml:lang=&quot;en&quot;&gt;Country of Birth of Person&lt;/Name&gt;&lt;Name xml:lang=&quot;fr&quot;&gt;Country of Birth of Person&lt;/Name&gt;&lt;Code value=&quot;TOT&quot;&gt;&lt;Description xml:lang=&quot;en&quot;&gt;Total&lt;/Description&gt;&lt;Description xml:lang=&quot;fr&quot;&gt;Total&lt;/Description&gt;&lt;/Code&gt;&lt;Code value=&quot;1101&quot; parentCode=&quot;TOT&quot;&gt;&lt;Description xml:lang=&quot;en&quot;&gt;Australia&lt;/Description&gt;&lt;Description xml:lang=&quot;fr&quot;&gt;Australia&lt;/Description&gt;&lt;/Code&gt;&lt;Code value=&quot;3202&quot; parentCode=&quot;TOT&quot;&gt;&lt;Description xml:lang=&quot;en&quot;&gt;Bosnia and Herzegovina&lt;/Description&gt;&lt;Description xml:lang=&quot;fr&quot;&gt;Bosnia and Herzegovina&lt;/Description&gt;&lt;/Code&gt;&lt;Code value=&quot;5102&quot; parentCode=&quot;TOT&quot;&gt;&lt;Description xml:lang=&quot;en&quot;&gt;Cambodia&lt;/Description&gt;&lt;Description xml:lang=&quot;fr&quot;&gt;Cambodia&lt;/Description&gt;&lt;/Code&gt;&lt;Code value=&quot;8102&quot; parentCode=&quot;TOT&quot;&gt;&lt;Description xml:lang=&quot;en&quot;&gt;Canada&lt;/Description&gt;&lt;Description xml:lang=&quot;fr&quot;&gt;Canada&lt;/Description&gt;&lt;/Code&gt;&lt;Code value=&quot;6101&quot; parentCode=&quot;TOT&quot;&gt;&lt;Description xml:lang=&quot;en&quot;&gt;China (excl. SARs and Taiwan)(b)&lt;/Description&gt;&lt;Description xml:lang=&quot;fr&quot;&gt;China (excl. SARs and Taiwan)(b)&lt;/Description&gt;&lt;/Code&gt;&lt;Code value=&quot;3204&quot; parentCode=&quot;TOT&quot;&gt;&lt;Description xml:lang=&quot;en&quot;&gt;Croatia&lt;/Description&gt;&lt;Description xml:lang=&quot;fr&quot;&gt;Croatia&lt;/Description&gt;&lt;/Code&gt;&lt;Code value=&quot;4102&quot; parentCode=&quot;TOT&quot;&gt;&lt;Description xml:lang=&quot;en&quot;&gt;Egypt&lt;/Description&gt;&lt;Description xml:lang=&quot;fr&quot;&gt;Egypt&lt;/Description&gt;&lt;/Code&gt;&lt;Code value=&quot;1502&quot; parentCode=&quot;TOT&quot;&gt;&lt;Description xml:lang=&quot;en&quot;&gt;Fiji&lt;/Description&gt;&lt;Description xml:lang=&quot;fr&quot;&gt;Fiji&lt;/Description&gt;&lt;/Code&gt;&lt;Code value=&quot;3206&quot; parentCode=&quot;TOT&quot;&gt;&lt;Description xml:lang=&quot;en&quot;&gt;Former Yugoslav Republic of Macedonia (FYROM)&lt;/Description&gt;&lt;Description xml:lang=&quot;fr&quot;&gt;Former Yugoslav Republic of Macedonia (FYROM)&lt;/Description&gt;&lt;/Code&gt;&lt;Code value=&quot;2304&quot; parentCode=&quot;TOT&quot;&gt;&lt;Description xml:lang=&quot;en&quot;&gt;Germany&lt;/Description&gt;&lt;Description xml:lang=&quot;fr&quot;&gt;Germany&lt;/Description&gt;&lt;/Code&gt;&lt;Code value=&quot;3207&quot; parentCode=&quot;TOT&quot;&gt;&lt;Description xml:lang=&quot;en&quot;&gt;Greece&lt;/Description&gt;&lt;Description xml:lang=&quot;fr&quot;&gt;Greece&lt;/Description&gt;&lt;/Code&gt;&lt;Code value=&quot;6102&quot; parentCode=&quot;TOT&quot;&gt;&lt;Description xml:lang=&quot;en&quot;&gt;Hong Kong (SAR of China)(b)&lt;/Description&gt;&lt;Description xml:lang=&quot;fr&quot;&gt;Hong Kong (SAR of China)(b)&lt;/Description&gt;&lt;/Code&gt;&lt;Code value=&quot;7103&quot; parentCode=&quot;TOT&quot;&gt;&lt;Description xml:lang=&quot;en&quot;&gt;India&lt;/Description&gt;&lt;Description xml:lang=&quot;fr&quot;&gt;India&lt;/Description&gt;&lt;/Code&gt;&lt;Code value=&quot;5202&quot; parentCode=&quot;TOT&quot;&gt;&lt;Description xml:lang=&quot;en&quot;&gt;Indonesia&lt;/Description&gt;&lt;Description xml:lang=&quot;fr&quot;&gt;Indonesia&lt;/Description&gt;&lt;/Code&gt;&lt;Code value=&quot;4204&quot; parentCode=&quot;TOT&quot;&gt;&lt;Description xml:lang=&quot;en&quot;&gt;Iraq&lt;/Description&gt;&lt;Description xml:lang=&quot;fr&quot;&gt;Iraq&lt;/Description&gt;&lt;/Code&gt;&lt;Code value=&quot;2201&quot; parentCode=&quot;TOT&quot;&gt;&lt;Description xml:lang=&quot;en&quot;&gt;Ireland&lt;/Description&gt;&lt;Description xml:lang=&quot;fr&quot;&gt;Ireland&lt;/Description&gt;&lt;/Code&gt;&lt;Code value=&quot;3104&quot; parentCode=&quot;TOT&quot;&gt;&lt;Description xml:lang=&quot;en&quot;&gt;Italy&lt;/Description&gt;&lt;Description xml:lang=&quot;fr&quot;&gt;Italy&lt;/Description&gt;&lt;/Code&gt;&lt;Code value=&quot;6201&quot; parentCode=&quot;TOT&quot;&gt;&lt;Description xml:lang=&quot;en&quot;&gt;Japan&lt;/Description&gt;&lt;Description xml:lang=&quot;fr&quot;&gt;Japan&lt;/Description&gt;&lt;/Code&gt;&lt;Code value=&quot;6203&quot; parentCode=&quot;TOT&quot;&gt;&lt;Description xml:lang=&quot;en&quot;&gt;Korea, Republic of (South)&lt;/Description&gt;&lt;Description xml:lang=&quot;fr&quot;&gt;Korea, Republic of (South)&lt;/Description&gt;&lt;/Code&gt;&lt;Code value=&quot;4208&quot; parentCode=&quot;TOT&quot;&gt;&lt;Description xml:lang=&quot;en&quot;&gt;Lebanon&lt;/Description&gt;&lt;Description xml:lang=&quot;fr&quot;&gt;Lebanon&lt;/Description&gt;&lt;/Code&gt;&lt;Code value=&quot;5203&quot; parentCode=&quot;TOT&quot;&gt;&lt;Description xml:lang=&quot;en&quot;&gt;Malaysia&lt;/Description&gt;&lt;Description xml:lang=&quot;fr&quot;&gt;Malaysia&lt;/Description&gt;&lt;/Code&gt;&lt;Code value=&quot;3105&quot; parentCode=&quot;TOT&quot;&gt;&lt;Description xml:lang=&quot;en&quot;&gt;Malta&lt;/Description&gt;&lt;Description xml:lang=&quot;fr&quot;&gt;Malta&lt;/Description&gt;&lt;/Code&gt;&lt;Code value=&quot;2308&quot; parentCode=&quot;TOT&quot;&gt;&lt;Description xml:lang=&quot;en&quot;&gt;Netherlands&lt;/Description&gt;&lt;Description xml:lang=&quot;fr&quot;&gt;Netherlands&lt;/Description&gt;&lt;/Code&gt;&lt;Code value=&quot;1201&quot; parentCode=&quot;TOT&quot;&gt;&lt;Description xml:lang=&quot;en&quot;&gt;New Zealand&lt;/Description&gt;&lt;Description xml:lang=&quot;fr&quot;&gt;New Zealand&lt;/Description&gt;&lt;/Code&gt;&lt;Code value=&quot;5204&quot; parentCode=&quot;TOT&quot;&gt;&lt;Description xml:lang=&quot;en&quot;&gt;Philippines&lt;/Description&gt;&lt;Description xml:lang=&quot;fr&quot;&gt;Philippines&lt;/Description&gt;&lt;/Code&gt;&lt;Code value=&quot;3307&quot; parentCode=&quot;TOT&quot;&gt;&lt;Description xml:lang=&quot;en&quot;&gt;Poland&lt;/Description&gt;&lt;Description xml:lang=&quot;fr&quot;&gt;Poland&lt;/Description&gt;&lt;/Code&gt;&lt;Code value=&quot;5205&quot; parentCode=&quot;TOT&quot;&gt;&lt;Description xml:lang=&quot;en&quot;&gt;Singapore&lt;/Description&gt;&lt;Description xml:lang=&quot;fr&quot;&gt;Singapore&lt;/Description&gt;&lt;/Code&gt;&lt;Code value=&quot;9225&quot; parentCode=&quot;TOT&quot;&gt;&lt;Description xml:lang=&quot;en&quot;&gt;South Africa&lt;/Description&gt;&lt;Description xml:lang=&quot;fr&quot;&gt;South Africa&lt;/Description&gt;&lt;/Code&gt;&lt;Code value=&quot;3200&quot; parentCode=&quot;TOT&quot;&gt;&lt;Description xml:lang=&quot;en&quot;&gt;South Eastern Europe, nfd(c)&lt;/Description&gt;&lt;Description xml:lang=&quot;fr&quot;&gt;South Eastern Europe, nfd(c)&lt;/Description&gt;&lt;/Code&gt;&lt;Code value=&quot;7107&quot; parentCode=&quot;TOT&quot;&gt;&lt;Description xml:lang=&quot;en&quot;&gt;Sri Lanka&lt;/Description&gt;&lt;Description xml:lang=&quot;fr&quot;&gt;Sri Lanka&lt;/Description&gt;&lt;/Code&gt;&lt;Code value=&quot;5104&quot; parentCode=&quot;TOT&quot;&gt;&lt;Description xml:lang=&quot;en&quot;&gt;Thailand&lt;/Description&gt;&lt;Description xml:lang=&quot;fr&quot;&gt;Thailand&lt;/Description&gt;&lt;/Code&gt;&lt;Code value=&quot;4215&quot; parentCode=&quot;TOT&quot;&gt;&lt;Description xml:lang=&quot;en&quot;&gt;Turkey&lt;/Description&gt;&lt;Description xml:lang=&quot;fr&quot;&gt;Turkey&lt;/Description&gt;&lt;/Code&gt;&lt;Code value=&quot;2100&quot; parentCode=&quot;TOT&quot;&gt;&lt;Description xml:lang=&quot;en&quot;&gt;United Kingdom, Channel Islands and Isle of Man(d)&lt;/Description&gt;&lt;Description xml:lang=&quot;fr&quot;&gt;United Kingdom, Channel Islands and Isle of Man(d)&lt;/Description&gt;&lt;/Code&gt;&lt;Code value=&quot;8104&quot; parentCode=&quot;TOT&quot;&gt;&lt;Description xml:lang=&quot;en&quot;&gt;United States of America&lt;/Description&gt;&lt;Description xml:lang=&quot;fr&quot;&gt;United States of America&lt;/Description&gt;&lt;/Code&gt;&lt;Code value=&quot;5105&quot; parentCode=&quot;TOT&quot;&gt;&lt;Description xml:lang=&quot;en&quot;&gt;Vietnam&lt;/Description&gt;&lt;Description xml:lang=&quot;fr&quot;&gt;Vietnam&lt;/Description&gt;&lt;/Code&gt;&lt;Code value=&quot;BE&quot; parentCode=&quot;TOT&quot;&gt;&lt;Description xml:lang=&quot;en&quot;&gt;Born elsewhere(e)&lt;/Description&gt;&lt;Description xml:lang=&quot;fr&quot;&gt;Born elsewhere(e)&lt;/Description&gt;&lt;/Code&gt;&lt;Code value=&quot;Z&quot; parentCode=&quot;TOT&quot;&gt;&lt;Description xml:lang=&quot;en&quot;&gt;Country of birth not stated&lt;/Description&gt;&lt;Description xml:lang=&quot;fr&quot;&gt;Country of birth not stated&lt;/Description&gt;&lt;/Code&gt;&lt;/CodeList&gt;&lt;CodeList id=&quot;CL_ABS_CENSUS2011_B09_STATE&quot; agencyID=&quot;ABS&quot;&gt;&lt;Name xml:lang=&quot;en&quot;&gt;State&lt;/Name&gt;&lt;Name xml:lang=&quot;fr&quot;&gt;State&lt;/Name&gt;&lt;Code value=&quot;0&quot;&gt;&lt;Description xml:lang=&quot;en&quot;&gt;Australia&lt;/Description&gt;&lt;Description xml:lang=&quot;fr&quot;&gt;Australia&lt;/Description&gt;&lt;/Code&gt;&lt;Code value=&quot;1&quot; parentCode=&quot;0&quot;&gt;&lt;Description xml:lang=&quot;en&quot;&gt;New South Wales&lt;/Description&gt;&lt;Description xml:lang=&quot;fr&quot;&gt;New South Wales&lt;/Description&gt;&lt;/Code&gt;&lt;Code value=&quot;2&quot; parentCode=&quot;0&quot;&gt;&lt;Description xml:lang=&quot;en&quot;&gt;Victoria&lt;/Description&gt;&lt;Description xml:lang=&quot;fr&quot;&gt;Victoria&lt;/Description&gt;&lt;/Code&gt;&lt;Code value=&quot;3&quot; parentCode=&quot;0&quot;&gt;&lt;Description xml:lang=&quot;en&quot;&gt;Queensland&lt;/Description&gt;&lt;Description xml:lang=&quot;fr&quot;&gt;Queensland&lt;/Description&gt;&lt;/Code&gt;&lt;Code value=&quot;4&quot; parentCode=&quot;0&quot;&gt;&lt;Description xml:lang=&quot;en&quot;&gt;South Australia&lt;
Input 1 does not match Pattern:[A-z][A-z0-9_\-]* for class:NCNameID
Input 3 does not match Pattern:[A-z][A-z0-9_\-]* for class:NCNameID
Input 2 does not match Pattern:[A-z][A-z0-9_\-]* for class:NCNameID
Loading Codelists
Codelist: ABS:CL_ATSI_BIRTHS_SUMM_MEASURE:1.0 already exists
Loading Concepts
Loading DataStructures
DS ABS:ATSI_BIRTHS_SUMM:1.0
Loading Dataflows
Loading Codelists
Codelist: ABS:CL_ATSI_FERTILITY_MEASURE:1.0 already exists
Loading Concepts
Loading DataStructures
DS ABS:ATSI_FERTILITY:1.0
Loading Dataflows
Loading Codelists
Codelist: ABS:CL_ALC_TYP:1.0 already exists
Loading Concepts
Loading DataStructures
DS ABS:ALC:1.0
Loading Dataflows
Loading Codelists
Codelist: ABS:CL_ABS_ACLD_LFSTATUS_SEX_ABS:1.0 already exists
Loading Concepts
Loading DataStructures
DS ABS:ABS_ACLD_LFSTATUS:1.0
Loading Dataflows
Loading Codelists
Codelist: ABS:CL_ABS_ACLD_TENURE_SEX_ABS:1.0 already exists
Loading Concepts
Loading DataStructures
DS ABS:ABS_ACLD_TENURE:1.0
Loading Dataflows
Loading Codelists
Codelist: ABS:CL_ABS_ACLD_UNPAIDASST_SEX_ABS:1.0 already exists
Loading Concepts
Loading DataStructures
DS ABS:ABS_ACLD_UNPAIDASST:1.0
Loading Dataflows
Loading Codelists
Codelist: ABS:CL_ABS_ACLD_VOLWORK_SEX_ABS:1.0 already exists
Loading Concepts
Loading DataStructures
DS ABS:ABS_ACLD_VOLWORK:1.0
Loading Dataflows
Loading Codelists
Codelist: ABS:CL_AMLPS_PART_2017_MEASURE:1.0 already exists
Loading Concepts
Loading DataStructures
DS ABS:AMLPS_PART_2017:1.0
Loading Dataflows
Loading Codelists
Codelist: ABS:CL_AMLPS_RESP_2017_RESPONSE_CAT:1.0 already exists
Loading Concepts
Loading DataStructures
DS ABS:AMLPS_RESP_2017:1.0
Loading Dataflows
Loading Codelists
Codelist: ABS:CL_ABS_CENSUS2011_B01_MEASURE:1.0 already exists
Loading Concepts
Loading DataStructures
DS ABS:ABS_CENSUS2011_B01:1.0
Loading Dataflows
Loading Codelists
Codelist: ABS:CL_ABS_CENSUS2011_B01_LGA_MEASURE:1.0 already exists
Loading Concepts
Loading DataStructures
DS ABS:ABS_CENSUS2011_B01_LGA:1.0
Loading Dataflows
Loading Codelists
Codelist: ABS:CL_ABS_CENSUS2011_B01_SA1_SA_MEASURE:1.0 already exists
Loading Concepts
Loading DataStructures
DS ABS:ABS_CENSUS2011_B01_SA1_SA:1.0
Loading Dataflows
Loading Codelists
Codelist: ABS:CL_ABS_CENSUS2011_B02_MEASURE:1.0 already exists
Loading Concepts
Loading DataStructures
DS ABS:ABS_CENSUS2011_B02:1.0
Loading Dataflows
Loading Codelists
Codelist: ABS:CL_ABS_CENSUS2011_B02_LGA_MEASURE:1.0 already exists
Loading Concepts
Loading DataStructures
DS ABS:ABS_CENSUS2011_B02_LGA:1.0
Loading Dataflows
Loading Codelists
Codelist: ABS:CL_ABS_CENSUS2011_B02_SA1_SA_MEASURE:1.0 already exists
Loading Concepts
Loading DataStructures
DS ABS:ABS_CENSUS2011_B02_SA1_SA:1.0
Loading Dataflows
Loading Codelists
Codelist: ABS:CL_ABS_CENSUS2011_B03_LGA_MEASURE:1.0 already exists
Loading Concepts
Loading DataStructures
DS ABS:ABS_CENSUS2011_B03_LGA:1.0
Loading Dataflows
Loading Codelists
Codelist: ABS:CL_ABS_CENSUS2011_B03_MEASURE:1.0 already exists
Loading Concepts
Loading DataStructures
DS ABS:ABS_CENSUS2011_B03:1.0
Loading Dataflows
Loading Codelists
Codelist: ABS:CL_ABS_CENSUS2011_B03_SA1_SA_MEASURE:1.0 already exists
Loading Concepts
Loading DataStructures
DS ABS:ABS_CENSUS2011_B03_SA1_SA:1.0
Loading Dataflows
Loading Codelists
Codelist: ABS:CL_ABS_CENSUS2011_B04_MEASURE:1.0 already exists
Loading Concepts
Loading DataStructures
DS ABS:ABS_CENSUS2011_B04:1.0
Loading Dataflows
Loading Codelists
Codelist: ABS:CL_ABS_CENSUS2011_B04_LGA_MEASURE:1.0 already exists
Loading Concepts
Loading DataStructures
DS ABS:ABS_CENSUS2011_B04_LGA:1.0
Loading Dataflows
Loading Codelists
Codelist: ABS:CL_ABS_CENSUS2011_B04_SA1_SA_MEASURE:1.0 already exists
Loading Concepts
Loading DataStructures
DS ABS:ABS_CENSUS2011_B04_SA1_SA:1.0
Loading Dataflows
Loading Codelists
Codelist: ABS:CL_ABS_CENSUS2011_B05_MEASURE:1.0 already exists
Loading Concepts
Loading DataStructures
DS ABS:ABS_CENSUS2011_B05:1.0
Loading Dataflows
Loading Codelists
Codelist: ABS:CL_ABS_CENSUS2011_B05_LGA_MEASURE:1.0 already exists
Loading Concepts
Loading DataStructures
DS ABS:ABS_CENSUS2011_B05_LGA:1.0
Loading Dataflows
Loading Codelists
Codelist: ABS:CL_ABS_CENSUS2011_B05_SA1_SA_MEASURE:1.0 already exists
Loading Concepts
Loading DataStructures
DS ABS:ABS_CENSUS2011_B05_SA1_SA:1.0
Loading Dataflows
Loading Codelists
Codelist: ABS:CL_ABS_CENSUS2011_B06_MEASURE:1.0 already exists
Loading Concepts
Loading DataStructures
DS ABS:ABS_CENSUS2011_B06:1.0
Loading Dataflows
Loading Codelists
Codelist: ABS:CL_ABS_CENSUS2011_B06_LGA_MEASURE:1.0 already exists
Loading Concepts
Loading DataStructures
DS ABS:ABS_CENSUS2011_B06_LGA:1.0
Loading Dataflows
Loading Codelists
Codelist: ABS:CL_ABS_CENSUS2011_B06_SA1_SA_MEASURE:1.0 already exists
Loading Concepts
Loading DataStructures
DS ABS:ABS_CENSUS2011_B06_SA1_SA:1.0
Loading Dataflows
Loading Codelists
Codelist: ABS:CL_ABS_CENSUS2011_B07_MEASURE:1.0 already exists
Loading Concepts
Loading DataStructures
DS ABS:ABS_CENSUS2011_B07:1.0
Loading Dataflows
Loading Codelists
Codelist: ABS:CL_ABS_CENSUS2011_B07_LGA_MEASURE:1.0 already exists
Loading Concepts
Loading DataStructures
DS ABS:ABS_CENSUS2011_B07_LGA:1.0
Loading Dataflows
Loading Codelists
Codelist: ABS:CL_ABS_CENSUS2011_B07_SA1_SA_MEASURE:1.0 already exists
Loading Concepts
Loading DataStructures
DS ABS:ABS_CENSUS2011_B07_SA1_SA:1.0
Loading Dataflows
Loading Codelists
Codelist: ABS:CL_ABS_CENSUS2011_B08_MEASURE:1.0 already exists
Loading Concepts
Loading DataStructures
DS ABS:ABS_CENSUS2011_B08:1.0
Loading Dataflows
Loading Codelists
Codelist: ABS:CL_ABS_CENSUS2011_B08_LGA_MEASURE:1.0 already exists
Loading Concepts
Loading DataStructures
DS ABS:ABS_CENSUS2011_B08_LGA:1.0
Loading Dataflows
Loading Codelists
Codelist: ABS:CL_ABS_CENSUS2011_B08_SA1_SA_MEASURE:1.0 already exists
Loading Concepts
Loading DataStructures
DS ABS:ABS_CENSUS2011_B08_SA1_SA:1.0
Loading Dataflows
Loading Codelists
Loading Concepts
Loading DataStructures
DS ABS:ABS_CENSUS2011_B09:1.0
Reference
Agency:ABS
MID:STANDALONE_CONCEPT_SCHEME
MVers:null
ID:BPLP
Vers:1.0
Class:Concept
Pack:conceptscheme
Reference
Agency:ABS
MID:STANDALONE_CONCEPT_SCHEME
MVers:null
ID:STATE
Vers:1.0
Class:Concept
Pack:conceptscheme
Reference
Agency:ABS
MID:STANDALONE_CONCEPT_SCHEME
MVers:null
ID:REGIONTYPE
Vers:1.0
Class:Concept
Pack:conceptscheme
Reference
Agency:ABS
MID:STANDALONE_CONCEPT_SCHEME
MVers:null
ID:REGION
Vers:1.0
Class:Concept
Pack:conceptscheme
Reference
Agency:ABS
MID:STANDALONE_CONCEPT_SCHEME
MVers:null
ID:FREQUENCY
Vers:1.0
Class:Concept
Pack:conceptscheme
Reference
Agency:ABS
MID:STANDALONE_CONCEPT_SCHEME
MVers:null
ID:TIME
Vers:1.0
Class:Concept
Pack:conceptscheme
Reference
Agency:ABS
MID:STANDALONE_CONCEPT_SCHEME
MVers:null
ID:MEASURE
Vers:1.0
Class:Concept
Pack:conceptscheme
Reference
Agency:ABS
MID:STANDALONE_CONCEPT_SCHEME
MVers:null
ID:OBS_STATUS
Vers:1.0
Class:Concept
Pack:conceptscheme
Reference
Agency:ABS
MID:STANDALONE_CONCEPT_SCHEME
MVers:null
ID:TIME_FORMAT
Vers:1.0
Class:Concept
Pack:conceptscheme
Reference
Agency:ABS
MID:STANDALONE_CONCEPT_SCHEME
MVers:null
ID:OBS_VALUE
Vers:1.0
Class:Concept
Pack:conceptscheme
Loading Dataflows
Loading: B09 Country of Birth of Person by Sex (LGA)
Header=&lt;message:Structure xmlns=&quot;http://www.SDMX.org/resources/SDMXML/schemas/v2_0/structure&quot; xmlns:common=&quot;http://www.SDMX.org/resources/SDMXML/schemas/v2_0/common&quot; xsi:schemaLocation=&quot;http://www.SDMX.org/resources/SDMXML/schemas/v2_0/structure http://www.sdmx.org/docs/2_0/SDMXStructure.xsd http://www.SDMX.org/resources/SDMXML/schemas/v2_0/message http://www.sdmx.org/docs/2_0/SDMXMessage.xsd&quot; xmlns:xsi=&quot;http://www.w3.org/2001/XMLSchema-instance&quot; xmlns:message=&quot;http://www.SDMX.org/resources/SDMXML/schemas/v2_0/message&quot;&gt;&lt;Header xmlns=&quot;http://www.SDMX.org/resources/SDMXML/schemas/v2_0/message&quot;&gt;&lt;ID&gt;none&lt;!--Statistical usage warning
ABS.Stat beta is continuing to be developed.  Data will be updated as soon as possible following its 11:30 am release on the ABS website.
--&gt;&lt;/ID&gt;&lt;Test&gt;false&lt;/Test&gt;&lt;Truncated&gt;false&lt;/Truncated&gt;&lt;Prepared&gt;2020-03-17T01:08:29&lt;/Prepared&gt;&lt;Sender id=&quot;ABS&quot;&gt;&lt;Name xml:lang=&quot;en&quot;&gt;Australian Bureau of Statistics&lt;/Name&gt;&lt;Name xml:lang=&quot;fr&quot;&gt;Australian Bureau of Statistics&lt;/Name&gt;&lt;/Sender&gt;&lt;/Header&gt;&lt;message:CodeLists&gt;&lt;CodeList id=&quot;CL_ABS_CENSUS2011_B09_LGA_MEASURE&quot; agencyID=&quot;ABS&quot;&gt;&lt;Name xml:lang=&quot;en&quot;&gt;Sex&lt;/Name&gt;&lt;Name xml:lang=&quot;fr&quot;&gt;Sex&lt;/Name&gt;&lt;Code value=&quot;1&quot; parentCode=&quot;3&quot;&gt;&lt;Description xml:lang=&quot;en&quot;&gt;Males&lt;/Description&gt;&lt;Description xml:lang=&quot;fr&quot;&gt;Males&lt;/Description&gt;&lt;/Code&gt;&lt;Code value=&quot;3&quot;&gt;&lt;Description xml:lang=&quot;en&quot;&gt;Persons&lt;/Description&gt;&lt;Description xml:lang=&quot;fr&quot;&gt;Persons&lt;/Description&gt;&lt;/Code&gt;&lt;Code value=&quot;2&quot; parentCode=&quot;3&quot;&gt;&lt;Description xml:lang=&quot;en&quot;&gt;Females&lt;/Description&gt;&lt;Description xml:lang=&quot;fr&quot;&gt;Females&lt;/Description&gt;&lt;/Code&gt;&lt;/CodeList&gt;&lt;CodeList id=&quot;CL_ABS_CENSUS2011_B09_LGA_BPLP&quot; agencyID=&quot;ABS&quot;&gt;&lt;Name xml:lang=&quot;en&quot;&gt;Country of Birth of Person&lt;/Name&gt;&lt;Name xml:lang=&quot;fr&quot;&gt;Country of Birth of Person&lt;/Name&gt;&lt;Code value=&quot;TOT&quot;&gt;&lt;Description xml:lang=&quot;en&quot;&gt;Total&lt;/Description&gt;&lt;Description xml:lang=&quot;fr&quot;&gt;Total&lt;/Description&gt;&lt;/Code&gt;&lt;Code value=&quot;1101&quot; parentCode=&quot;TOT&quot;&gt;&lt;Description xml:lang=&quot;en&quot;&gt;Australia&lt;/Description&gt;&lt;Description xml:lang=&quot;fr&quot;&gt;Australia&lt;/Description&gt;&lt;/Code&gt;&lt;Code value=&quot;3202&quot; parentCode=&quot;TOT&quot;&gt;&lt;Description xml:lang=&quot;en&quot;&gt;Bosnia and Herzegovina&lt;/Description&gt;&lt;Description xml:lang=&quot;fr&quot;&gt;Bosnia and Herzegovina&lt;/Description&gt;&lt;/Code&gt;&lt;Code value=&quot;5102&quot; parentCode=&quot;TOT&quot;&gt;&lt;Description xml:lang=&quot;en&quot;&gt;Cambodia&lt;/Description&gt;&lt;Description xml:lang=&quot;fr&quot;&gt;Cambodia&lt;/Description&gt;&lt;/Code&gt;&lt;Code value=&quot;8102&quot; parentCode=&quot;TOT&quot;&gt;&lt;Description xml:lang=&quot;en&quot;&gt;Canada&lt;/Description&gt;&lt;Description xml:lang=&quot;fr&quot;&gt;Canada&lt;/Description&gt;&lt;/Code&gt;&lt;Code value=&quot;6101&quot; parentCode=&quot;TOT&quot;&gt;&lt;Description xml:lang=&quot;en&quot;&gt;China (excl. SARs and Taiwan)(b)&lt;/Description&gt;&lt;Description xml:lang=&quot;fr&quot;&gt;China (excl. SARs and Taiwan)(b)&lt;/Description&gt;&lt;/Code&gt;&lt;Code value=&quot;3204&quot; parentCode=&quot;TOT&quot;&gt;&lt;Description xml:lang=&quot;en&quot;&gt;Croatia&lt;/Description&gt;&lt;Description xml:lang=&quot;fr&quot;&gt;Croatia&lt;/Description&gt;&lt;/Code&gt;&lt;Code value=&quot;4102&quot; parentCode=&quot;TOT&quot;&gt;&lt;Description xml:lang=&quot;en&quot;&gt;Egypt&lt;/Description&gt;&lt;Description xml:lang=&quot;fr&quot;&gt;Egypt&lt;/Description&gt;&lt;/Code&gt;&lt;Code value=&quot;1502&quot; parentCode=&quot;TOT&quot;&gt;&lt;Description xml:lang=&quot;en&quot;&gt;Fiji&lt;/Description&gt;&lt;Description xml:lang=&quot;fr&quot;&gt;Fiji&lt;/Description&gt;&lt;/Code&gt;&lt;Code value=&quot;3206&quot; parentCode=&quot;TOT&quot;&gt;&lt;Description xml:lang=&quot;en&quot;&gt;Former Yugoslav Republic of Macedonia (FYROM)&lt;/Description&gt;&lt;Description xml:lang=&quot;fr&quot;&gt;Former Yugoslav Republic of Macedonia (FYROM)&lt;/Description&gt;&lt;/Code&gt;&lt;Code value=&quot;2304&quot; parentCode=&quot;TOT&quot;&gt;&lt;Description xml:lang=&quot;en&quot;&gt;Germany&lt;/Description&gt;&lt;Description xml:lang=&quot;fr&quot;&gt;Germany&lt;/Description&gt;&lt;/Code&gt;&lt;Code value=&quot;3207&quot; parentCode=&quot;TOT&quot;&gt;&lt;Description xml:lang=&quot;en&quot;&gt;Greece&lt;/Description&gt;&lt;Description xml:lang=&quot;fr&quot;&gt;Greece&lt;/Description&gt;&lt;/Code&gt;&lt;Code value=&quot;6102&quot; parentCode=&quot;TOT&quot;&gt;&lt;Description xml:lang=&quot;en&quot;&gt;Hong Kong (SAR of China)(b)&lt;/Description&gt;&lt;Description xml:lang=&quot;fr&quot;&gt;Hong Kong (SAR of China)(b)&lt;/Description&gt;&lt;/Code&gt;&lt;Code value=&quot;7103&quot; parentCode=&quot;TOT&quot;&gt;&lt;Description xml:lang=&quot;en&quot;&gt;India&lt;/Description&gt;&lt;Description xml:lang=&quot;fr&quot;&gt;India&lt;/Description&gt;&lt;/Code&gt;&lt;Code value=&quot;5202&quot; parentCode=&quot;TOT&quot;&gt;&lt;Description xml:lang=&quot;en&quot;&gt;Indonesia&lt;/Description&gt;&lt;Description xml:lang=&quot;fr&quot;&gt;Indonesia&lt;/Description&gt;&lt;/Code&gt;&lt;Code value=&quot;4204&quot; parentCode=&quot;TOT&quot;&gt;&lt;Description xml:lang=&quot;en&quot;&gt;Iraq&lt;/Description&gt;&lt;Description xml:lang=&quot;fr&quot;&gt;Iraq&lt;/Description&gt;&lt;/Code&gt;&lt;Code value=&quot;2201&quot; parentCode=&quot;TOT&quot;&gt;&lt;Description xml:lang=&quot;en&quot;&gt;Ireland&lt;/Description&gt;&lt;Description xml:lang=&quot;fr&quot;&gt;Ireland&lt;/Description&gt;&lt;/Code&gt;&lt;Code value=&quot;3104&quot; parentCode=&quot;TOT&quot;&gt;&lt;Description xml:lang=&quot;en&quot;&gt;Italy&lt;/Description&gt;&lt;Description xml:lang=&quot;fr&quot;&gt;Italy&lt;/Description&gt;&lt;/Code&gt;&lt;Code value=&quot;6201&quot; parentCode=&quot;TOT&quot;&gt;&lt;Description xml:lang=&quot;en&quot;&gt;Japan&lt;/Description&gt;&lt;Description xml:lang=&quot;fr&quot;&gt;Japan&lt;/Description&gt;&lt;/Code&gt;&lt;Code value=&quot;6203&quot; parentCode=&quot;TOT&quot;&gt;&lt;Description xml:lang=&quot;en&quot;&gt;Korea, Republic of (South)&lt;/Description&gt;&lt;Description xml:lang=&quot;fr&quot;&gt;Korea, Republic of (South)&lt;/Description&gt;&lt;/Code&gt;&lt;Code value=&quot;4208&quot; parentCode=&quot;TOT&quot;&gt;&lt;Description xml:lang=&quot;en&quot;&gt;Lebanon&lt;/Description&gt;&lt;Description xml:lang=&quot;fr&quot;&gt;Lebanon&lt;/Description&gt;&lt;/Code&gt;&lt;Code value=&quot;5203&quot; parentCode=&quot;TOT&quot;&gt;&lt;Description xml:lang=&quot;en&quot;&gt;Malaysia&lt;/Description&gt;&lt;Description xml:lang=&quot;fr&quot;&gt;Malaysia&lt;/Description&gt;&lt;/Code&gt;&lt;Code value=&quot;3105&quot; parentCode=&quot;TOT&quot;&gt;&lt;Description xml:lang=&quot;en&quot;&gt;Malta&lt;/Description&gt;&lt;Description xml:lang=&quot;fr&quot;&gt;Malta&lt;/Description&gt;&lt;/Code&gt;&lt;Code value=&quot;2308&quot; parentCode=&quot;TOT&quot;&gt;&lt;Description xml:lang=&quot;en&quot;&gt;Netherlands&lt;/Description&gt;&lt;Description xml:lang=&quot;fr&quot;&gt;Netherlands&lt;/Description&gt;&lt;/Code&gt;&lt;Code value=&quot;1201&quot; parentCode=&quot;TOT&quot;&gt;&lt;Description xml:lang=&quot;en&quot;&gt;New Zealand&lt;/Description&gt;&lt;Description xml:lang=&quot;fr&quot;&gt;New Zealand&lt;/Description&gt;&lt;/Code&gt;&lt;Code value=&quot;5204&quot; parentCode=&quot;TOT&quot;&gt;&lt;Description xml:lang=&quot;en&quot;&gt;Philippines&lt;/Description&gt;&lt;Description xml:lang=&quot;fr&quot;&gt;Philippines&lt;/Description&gt;&lt;/Code&gt;&lt;Code value=&quot;3307&quot; parentCode=&quot;TOT&quot;&gt;&lt;Description xml:lang=&quot;en&quot;&gt;Poland&lt;/Description&gt;&lt;Description xml:lang=&quot;fr&quot;&gt;Poland&lt;/Description&gt;&lt;/Code&gt;&lt;Code value=&quot;5205&quot; parentCode=&quot;TOT&quot;&gt;&lt;Description xml:lang=&quot;en&quot;&gt;Singapore&lt;/Description&gt;&lt;Description xml:lang=&quot;fr&quot;&gt;Singapore&lt;/Description&gt;&lt;/Code&gt;&lt;Code value=&quot;9225&quot; parentCode=&quot;TOT&quot;&gt;&lt;Description xml:lang=&quot;en&quot;&gt;South Africa&lt;/Description&gt;&lt;Description xml:lang=&quot;fr&quot;&gt;South Africa&lt;/Description&gt;&lt;/Code&gt;&lt;Code value=&quot;3200&quot; parentCode=&quot;TOT&quot;&gt;&lt;Description xml:lang=&quot;en&quot;&gt;South Eastern Europe, nfd(c)&lt;/Description&gt;&lt;Description xml:lang=&quot;fr&quot;&gt;South Eastern Europe, nfd(c)&lt;/Description&gt;&lt;/Code&gt;&lt;Code value=&quot;7107&quot; parentCode=&quot;TOT&quot;&gt;&lt;Description xml:lang=&quot;en&quot;&gt;Sri Lanka&lt;/Description&gt;&lt;Description xml:lang=&quot;fr&quot;&gt;Sri Lanka&lt;/Description&gt;&lt;/Code&gt;&lt;Code value=&quot;5104&quot; parentCode=&quot;TOT&quot;&gt;&lt;Description xml:lang=&quot;en&quot;&gt;Thailand&lt;/Description&gt;&lt;Description xml:lang=&quot;fr&quot;&gt;Thailand&lt;/Description&gt;&lt;/Code&gt;&lt;Code value=&quot;4215&quot; parentCode=&quot;TOT&quot;&gt;&lt;Description xml:lang=&quot;en&quot;&gt;Turkey&lt;/Description&gt;&lt;Description xml:lang=&quot;fr&quot;&gt;Turkey&lt;/Description&gt;&lt;/Code&gt;&lt;Code value=&quot;2100&quot; parentCode=&quot;TOT&quot;&gt;&lt;Description xml:lang=&quot;en&quot;&gt;United Kingdom, Channel Islands and Isle of Man(d)&lt;/Description&gt;&lt;Description xml:lang=&quot;fr&quot;&gt;United Kingdom, Channel Islands and Isle of Man(d)&lt;/Description&gt;&lt;/Code&gt;&lt;Code value=&quot;8104&quot; parentCode=&quot;TOT&quot;&gt;&lt;Description xml:lang=&quot;en&quot;&gt;United States of America&lt;/Description&gt;&lt;Description xml:lang=&quot;fr&quot;&gt;United States of America&lt;/Description&gt;&lt;/Code&gt;&lt;Code value=&quot;5105&quot; parentCode=&quot;TOT&quot;&gt;&lt;Description xml:lang=&quot;en&quot;&gt;Vietnam&lt;/Description&gt;&lt;Description xml:lang=&quot;fr&quot;&gt;Vietnam&lt;/Description&gt;&lt;/Code&gt;&lt;Code value=&quot;BE&quot; parentCode=&quot;TOT&quot;&gt;&lt;Description xml:lang=&quot;en&quot;&gt;Born elsewhere(e)&lt;/Description&gt;&lt;Description xml:lang=&quot;fr&quot;&gt;Born elsewhere(e)&lt;/Description&gt;&lt;/Code&gt;&lt;Code value=&quot;Z&quot; parentCode=&quot;TOT&quot;&gt;&lt;Description xml:lang=&quot;en&quot;&gt;Country of birth not stated&lt;/Description&gt;&lt;Description xml:lang=&quot;fr&quot;&gt;Country of birth not stated&lt;/Description&gt;&lt;/Code&gt;&lt;/CodeList&gt;&lt;CodeList id=&quot;CL_ABS_CENSUS2011_B09_LGA_STATE&quot; agencyID=&quot;ABS&quot;&gt;&lt;Name xml:lang=&quot;en&quot;&gt;State&lt;/Name&gt;&lt;Name xml:lang=&quot;fr&quot;&gt;State&lt;/Name&gt;&lt;Code value=&quot;1&quot; parentCode=&quot;0&quot;&gt;&lt;Description xml:lang=&quot;en&quot;&gt;New South Wales&lt;/Description&gt;&lt;Description xml:lang=&quot;fr&quot;&gt;New South Wales&lt;/Description&gt;&lt;/Code&gt;&lt;Code value=&quot;0&quot;&gt;&lt;Description xml:lang=&quot;en&quot;&gt;Australia&lt;/Description&gt;&lt;Description xml:lang=&quot;fr&quot;&gt;Australia&lt;/Description&gt;&lt;/Code&gt;&lt;Code value=&quot;2&quot; parentCode=&quot;0&quot;&gt;&lt;Description xml:lang=&quot;en&quot;&gt;Victoria&lt;/Description&gt;&lt;Description xml:lang=&quot;fr&quot;&gt;Victoria&lt;/Description&gt;&lt;/Code&gt;&lt;Code value=&quot;3&quot; parentCode=&quot;0&quot;&gt;&lt;Description xml:lang=&quot;en&quot;&gt;Queensland&lt;/Description&gt;&lt;Description xml:lang=&quot;fr&quot;&gt;Queensland&lt;/Description&gt;&lt;/Code&gt;&lt;Code value=&quot;4&quot; parentCode=&quot;0&quot;&gt;&lt;Description xml:lang=&quot;en&quot;&gt;Sout
Input 1 does not match Pattern:[A-z][A-z0-9_\-]* for class:NCNameID
Input 3 does not match Pattern:[A-z][A-z0-9_\-]* for class:NCNameID
Input 2 does not match Pattern:[A-z][A-z0-9_\-]* for class:NCNameID
Loading Codelists
Codelist: ABS:CL_ATSI_BIRTHS_SUMM_MEASURE:1.0 already exists
Loading Concepts
Loading DataStructures
DS ABS:ATSI_BIRTHS_SUMM:1.0
Loading Dataflows
Loading Codelists
Codelist: ABS:CL_ATSI_FERTILITY_MEASURE:1.0 already exists
Loading Concepts
Loading DataStructures
DS ABS:ATSI_FERTILITY:1.0
Loading Dataflows
Loading Codelists
Codelist: ABS:CL_ALC_TYP:1.0 already exists
Loading Concepts
Loading DataStructures
DS ABS:ALC:1.0
Loading Dataflows
Loading Codelists
Codelist: ABS:CL_ABS_ACLD_LFSTATUS_SEX_ABS:1.0 already exists
Loading Concepts
Loading DataStructures
DS ABS:ABS_ACLD_LFSTATUS:1.0
Loading Dataflows
Loading Codelists
Codelist: ABS:CL_ABS_ACLD_TENURE_SEX_ABS:1.0 already exists
Loading Concepts
Loading DataStructures
DS ABS:ABS_ACLD_TENURE:1.0
Loading Dataflows
Loading Codelists
Codelist: ABS:CL_ABS_ACLD_UNPAIDASST_SEX_ABS:1.0 already exists
Loading Concepts
Loading DataStructures
DS ABS:ABS_ACLD_UNPAIDASST:1.0
Loading Dataflows
Loading Codelists
Codelist: ABS:CL_ABS_ACLD_VOLWORK_SEX_ABS:1.0 already exists
Loading Concepts
Loading DataStructures
DS ABS:ABS_ACLD_VOLWORK:1.0
Loading Dataflows
Loading Codelists
Codelist: ABS:CL_AMLPS_PART_2017_MEASURE:1.0 already exists
Loading Concepts
Loading DataStructures
DS ABS:AMLPS_PART_2017:1.0
Loading Dataflows
Loading Codelists
Codelist: ABS:CL_AMLPS_RESP_2017_RESPONSE_CAT:1.0 already exists
Loading Concepts
Loading DataStructures
DS ABS:AMLPS_RESP_2017:1.0
Loading Dataflows
Loading Codelists
Codelist: ABS:CL_ABS_CENSUS2011_B01_MEASURE:1.0 already exists
Loading Concepts
Loading DataStructures
DS ABS:ABS_CENSUS2011_B01:1.0
Loading Dataflows
Loading Codelists
Codelist: ABS:CL_ABS_CENSUS2011_B01_LGA_MEASURE:1.0 already exists
Loading Concepts
Loading DataStructures
DS ABS:ABS_CENSUS2011_B01_LGA:1.0
Loading Dataflows
Loading Codelists
Codelist: ABS:CL_ABS_CENSUS2011_B01_SA1_SA_MEASURE:1.0 already exists
Loading Concepts
Loading DataStructures
DS ABS:ABS_CENSUS2011_B01_SA1_SA:1.0
Loading Dataflows
Loading Codelists
Codelist: ABS:CL_ABS_CENSUS2011_B02_MEASURE:1.0 already exists
Loading Concepts
Loading DataStructures
DS ABS:ABS_CENSUS2011_B02:1.0
Loading Dataflows
Loading Codelists
Codelist: ABS:CL_ABS_CENSUS2011_B02_LGA_MEASURE:1.0 already exists
Loading Concepts
Loading DataStructures
DS ABS:ABS_CENSUS2011_B02_LGA:1.0
Loading Dataflows
Loading Codelists
Codelist: ABS:CL_ABS_CENSUS2011_B02_SA1_SA_MEASURE:1.0 already exists
Loading Concepts
Loading DataStructures
DS ABS:ABS_CENSUS2011_B02_SA1_SA:1.0
Loading Dataflows
Loading Codelists
Codelist: ABS:CL_ABS_CENSUS2011_B03_LGA_MEASURE:1.0 already exists
Loading Concepts
Loading DataStructures
DS ABS:ABS_CENSUS2011_B03_LGA:1.0
Loading Dataflows
Loading Codelists
Codelist: ABS:CL_ABS_CENSUS2011_B03_MEASURE:1.0 already exists
Loading Concepts
Loading DataStructures
DS ABS:ABS_CENSUS2011_B03:1.0
Loading Dataflows
Loading Codelists
Codelist: ABS:CL_ABS_CENSUS2011_B03_SA1_SA_MEASURE:1.0 already exists
Loading Concepts
Loading DataStructures
DS ABS:ABS_CENSUS2011_B03_SA1_SA:1.0
Loading Dataflows
Loading Codelists
Codelist: ABS:CL_ABS_CENSUS2011_B04_MEASURE:1.0 already exists
Loading Concepts
Loading DataStructures
DS ABS:ABS_CENSUS2011_B04:1.0
Loading Dataflows
Loading Codelists
Codelist: ABS:CL_ABS_CENSUS2011_B04_LGA_MEASURE:1.0 already exists
Loading Concepts
Loading DataStructures
DS ABS:ABS_CENSUS2011_B04_LGA:1.0
Loading Dataflows
Loading Codelists
Codelist: ABS:CL_ABS_CENSUS2011_B04_SA1_SA_MEASURE:1.0 already exists
Loading Concepts
Loading DataStructures
DS ABS:ABS_CENSUS2011_B04_SA1_SA:1.0
Loading Dataflows
Loading Codelists
Codelist: ABS:CL_ABS_CENSUS2011_B05_MEASURE:1.0 already exists
Loading Concepts
Loading DataStructures
DS ABS:ABS_CENSUS2011_B05:1.0
Loading Dataflows
Loading Codelists
Codelist: ABS:CL_ABS_CENSUS2011_B05_LGA_MEASURE:1.0 already exists
Loading Concepts
Loading DataStructures
DS ABS:ABS_CENSUS2011_B05_LGA:1.0
Loading Dataflows
Loading Codelists
Codelist: ABS:CL_ABS_CENSUS2011_B05_SA1_SA_MEASURE:1.0 already exists
Loading Concepts
Loading DataStructures
DS ABS:ABS_CENSUS2011_B05_SA1_SA:1.0
Loading Dataflows
Loading Codelists
Codelist: ABS:CL_ABS_CENSUS2011_B06_MEASURE:1.0 already exists
Loading Concepts
Loading DataStructures
DS ABS:ABS_CENSUS2011_B06:1.0
Loading Dataflows
Loading Codelists
Codelist: ABS:CL_ABS_CENSUS2011_B06_LGA_MEASURE:1.0 already exists
Loading Concepts
Loading DataStructures
DS ABS:ABS_CENSUS2011_B06_LGA:1.0
Loading Dataflows
Loading Codelists
Codelist: ABS:CL_ABS_CENSUS2011_B06_SA1_SA_MEASURE:1.0 already exists
Loading Concepts
Loading DataStructures
DS ABS:ABS_CENSUS2011_B06_SA1_SA:1.0
Loading Dataflows
Loading Codelists
Codelist: ABS:CL_ABS_CENSUS2011_B07_MEASURE:1.0 already exists
Loading Concepts
Loading DataStructures
DS ABS:ABS_CENSUS2011_B07:1.0
Loading Dataflows
Loading Codelists
Codelist: ABS:CL_ABS_CENSUS2011_B07_LGA_MEASURE:1.0 already exists
Loading Concepts
Loading DataStructures
DS ABS:ABS_CENSUS2011_B07_LGA:1.0
Loading Dataflows
Loading Codelists
Codelist: ABS:CL_ABS_CENSUS2011_B07_SA1_SA_MEASURE:1.0 already exists
Loading Concepts
Loading DataStructures
DS ABS:ABS_CENSUS2011_B07_SA1_SA:1.0
Loading Dataflows
Loading Codelists
Codelist: ABS:CL_ABS_CENSUS2011_B08_MEASURE:1.0 already exists
Loading Concepts
Loading DataStructures
DS ABS:ABS_CENSUS2011_B08:1.0
Loading Dataflows
Loading Codelists
Codelist: ABS:CL_ABS_CENSUS2011_B08_LGA_MEASURE:1.0 already exists
Loading Concepts
Loading DataStructures
DS ABS:ABS_CENSUS2011_B08_LGA:1.0
Loading Dataflows
Loading Codelists
Codelist: ABS:CL_ABS_CENSUS2011_B08_SA1_SA_MEASURE:1.0 already exists
Loading Concepts
Loading DataStructures
DS ABS:ABS_CENSUS2011_B08_SA1_SA:1.0
Loading Dataflows
Loading Codelists
Codelist: ABS:CL_ABS_CENSUS2011_B09_MEASURE:1.0 already exists
Loading Concepts
Loading DataStructures
DS ABS:ABS_CENSUS2011_B09:1.0
Loading Dataflows
Loading Codelists
Loading Concepts
Loading DataStructures
DS ABS:ABS_CENSUS2011_B09_LGA:1.0
Reference
Agency:ABS
MID:STANDALONE_CONCEPT_SCHEME
MVers:null
ID:BPLP
Vers:1.0
Class:Concept
Pack:conceptscheme
Reference
Agency:ABS
MID:STANDALONE_CONCEPT_SCHEME
MVers:null
ID:STATE
Vers:1.0
Class:Concept
Pack:conceptscheme
Reference
Agency:ABS
MID:STANDALONE_CONCEPT_SCHEME
MVers:null
ID:REGIONTYPE
Vers:1.0
Class:Concept
Pack:conceptscheme
Reference
Agency:ABS
MID:STANDALONE_CONCEPT_SCHEME
MVers:null
ID:REGION
Vers:1.0
Class:Concept
Pack:conceptscheme
Reference
Agency:ABS
MID:STANDALONE_CONCEPT_SCHEME
MVers:null
ID:FREQUENCY
Vers:1.0
Class:Concept
Pack:conceptscheme
Reference
Agency:ABS
MID:STANDALONE_CONCEPT_SCHEME
MVers:null
ID:TIME
Vers:1.0
Class:Concept
Pack:conceptscheme
Reference
Agency:ABS
MID:STANDALONE_CONCEPT_SCHEME
MVers:null
ID:MEASURE
Vers:1.0
Class:Concept
Pack:conceptscheme
Reference
Agency:ABS
MID:STANDALONE_CONCEPT_SCHEME
MVers:null
ID:OBS_STATUS
Vers:1.0
Class:Concept
Pack:conceptscheme
Reference
Agency:ABS
MID:STANDALONE_CONCEPT_SCHEME
MVers:null
ID:TIME_FORMAT
Vers:1.0
Class:Concept
Pack:conceptscheme
Reference
Agency:ABS
MID:STANDALONE_CONCEPT_SCHEME
MVers:null
ID:OBS_VALUE
Vers:1.0
Class:Concept
Pack:conceptscheme
Loading Dataflows
Loading: B09 Country of Birth of Person by Sex(SA1 SA)
Header=&lt;message:Structure xmlns=&quot;http://www.SDMX.org/resources/SDMXML/schemas/v2_0/structure&quot; xmlns:common=&quot;http://www.SDMX.org/resources/SDMXML/schemas/v2_0/common&quot; xsi:schemaLocation=&quot;http://www.SDMX.org/resources/SDMXML/schemas/v2_0/structure http://www.sdmx.org/docs/2_0/SDMXStructure.xsd http://www.SDMX.org/resources/SDMXML/schemas/v2_0/message http://www.sdmx.org/docs/2_0/SDMXMessage.xsd&quot; xmlns:xsi=&quot;http://www.w3.org/2001/XMLSchema-instance&quot; xmlns:message=&quot;http://www.SDMX.org/resources/SDMXML/schemas/v2_0/message&quot;&gt;&lt;Header xmlns=&quot;http://www.SDMX.org/resources/SDMXML/schemas/v2_0/message&quot;&gt;&lt;ID&gt;none&lt;!--Statistical usage warning
ABS.Stat beta is continuing to be developed.  Data will be updated as soon as possible following its 11:30 am release on the ABS website.
--&gt;&lt;/ID&gt;&lt;Test&gt;false&lt;/Test&gt;&lt;Truncated&gt;false&lt;/Truncated&gt;&lt;Prepared&gt;2020-03-17T01:08:44&lt;/Prepared&gt;&lt;Sender id=&quot;ABS&quot;&gt;&lt;Name xml:lang=&quot;en&quot;&gt;Australian Bureau of Statistics&lt;/Name&gt;&lt;Name xml:lang=&quot;fr&quot;&gt;Australian Bureau of Statistics&lt;/Name&gt;&lt;/Sender&gt;&lt;/Header&gt;&lt;message:CodeLists&gt;&lt;CodeList id=&quot;CL_ABS_CENSUS2011_B09_SA1_SA_MEASURE&quot; agencyID=&quot;ABS&quot;&gt;&lt;Name xml:lang=&quot;en&quot;&gt;Sex&lt;/Name&gt;&lt;Name xml:lang=&quot;fr&quot;&gt;Sex&lt;/Name&gt;&lt;Code value=&quot;1&quot; parentCode=&quot;3&quot;&gt;&lt;Description xml:lang=&quot;en&quot;&gt;Males&lt;/Description&gt;&lt;Description xml:lang=&quot;fr&quot;&gt;Males&lt;/Description&gt;&lt;/Code&gt;&lt;Code value=&quot;3&quot;&gt;&lt;Description xml:lang=&quot;en&quot;&gt;Persons&lt;/Description&gt;&lt;Description xml:lang=&quot;fr&quot;&gt;Persons&lt;/Description&gt;&lt;/Code&gt;&lt;Code value=&quot;2&quot; parentCode=&quot;3&quot;&gt;&lt;Description xml:lang=&quot;en&quot;&gt;Females&lt;/Description&gt;&lt;Description xml:lang=&quot;fr&quot;&gt;Females&lt;/Description&gt;&lt;/Code&gt;&lt;/CodeList&gt;&lt;CodeList id=&quot;CL_ABS_CENSUS2011_B09_SA1_SA_BPLP&quot; agencyID=&quot;ABS&quot;&gt;&lt;Name xml:lang=&quot;en&quot;&gt;Country of Birth of Person&lt;/Name&gt;&lt;Name xml:lang=&quot;fr&quot;&gt;Country of Birth of Person&lt;/Name&gt;&lt;Code value=&quot;TOT&quot;&gt;&lt;Description xml:lang=&quot;en&quot;&gt;Total&lt;/Description&gt;&lt;Description xml:lang=&quot;fr&quot;&gt;Total&lt;/Description&gt;&lt;/Code&gt;&lt;Code value=&quot;1101&quot; parentCode=&quot;TOT&quot;&gt;&lt;Description xml:lang=&quot;en&quot;&gt;Australia&lt;/Description&gt;&lt;Description xml:lang=&quot;fr&quot;&gt;Australia&lt;/Description&gt;&lt;/Code&gt;&lt;Code value=&quot;3202&quot; parentCode=&quot;TOT&quot;&gt;&lt;Description xml:lang=&quot;en&quot;&gt;Bosnia and Herzegovina&lt;/Description&gt;&lt;Description xml:lang=&quot;fr&quot;&gt;Bosnia and Herzegovina&lt;/Description&gt;&lt;/Code&gt;&lt;Code value=&quot;5102&quot; parentCode=&quot;TOT&quot;&gt;&lt;Description xml:lang=&quot;en&quot;&gt;Cambodia&lt;/Description&gt;&lt;Description xml:lang=&quot;fr&quot;&gt;Cambodia&lt;/Description&gt;&lt;/Code&gt;&lt;Code value=&quot;8102&quot; parentCode=&quot;TOT&quot;&gt;&lt;Description xml:lang=&quot;en&quot;&gt;Canada&lt;/Description&gt;&lt;Description xml:lang=&quot;fr&quot;&gt;Canada&lt;/Description&gt;&lt;/Code&gt;&lt;Code value=&quot;6101&quot; parentCode=&quot;TOT&quot;&gt;&lt;Description xml:lang=&quot;en&quot;&gt;China (excl. SARs and Taiwan)(b)&lt;/Description&gt;&lt;Description xml:lang=&quot;fr&quot;&gt;China (excl. SARs and Taiwan)(b)&lt;/Description&gt;&lt;/Code&gt;&lt;Code value=&quot;3204&quot; parentCode=&quot;TOT&quot;&gt;&lt;Description xml:lang=&quot;en&quot;&gt;Croatia&lt;/Description&gt;&lt;Description xml:lang=&quot;fr&quot;&gt;Croatia&lt;/Description&gt;&lt;/Code&gt;&lt;Code value=&quot;4102&quot; parentCode=&quot;TOT&quot;&gt;&lt;Description xml:lang=&quot;en&quot;&gt;Egypt&lt;/Description&gt;&lt;Description xml:lang=&quot;fr&quot;&gt;Egypt&lt;/Description&gt;&lt;/Code&gt;&lt;Code value=&quot;1502&quot; parentCode=&quot;TOT&quot;&gt;&lt;Description xml:lang=&quot;en&quot;&gt;Fiji&lt;/Description&gt;&lt;Description xml:lang=&quot;fr&quot;&gt;Fiji&lt;/Description&gt;&lt;/Code&gt;&lt;Code value=&quot;3206&quot; parentCode=&quot;TOT&quot;&gt;&lt;Description xml:lang=&quot;en&quot;&gt;Former Yugoslav Republic of Macedonia (FYROM)&lt;/Description&gt;&lt;Description xml:lang=&quot;fr&quot;&gt;Former Yugoslav Republic of Macedonia (FYROM)&lt;/Description&gt;&lt;/Code&gt;&lt;Code value=&quot;2304&quot; parentCode=&quot;TOT&quot;&gt;&lt;Description xml:lang=&quot;en&quot;&gt;Germany&lt;/Description&gt;&lt;Description xml:lang=&quot;fr&quot;&gt;Germany&lt;/Description&gt;&lt;/Code&gt;&lt;Code value=&quot;3207&quot; parentCode=&quot;TOT&quot;&gt;&lt;Description xml:lang=&quot;en&quot;&gt;Greece&lt;/Description&gt;&lt;Description xml:lang=&quot;fr&quot;&gt;Greece&lt;/Description&gt;&lt;/Code&gt;&lt;Code value=&quot;6102&quot; parentCode=&quot;TOT&quot;&gt;&lt;Description xml:lang=&quot;en&quot;&gt;Hong Kong (SAR of China)(b)&lt;/Description&gt;&lt;Description xml:lang=&quot;fr&quot;&gt;Hong Kong (SAR of China)(b)&lt;/Description&gt;&lt;/Code&gt;&lt;Code value=&quot;7103&quot; parentCode=&quot;TOT&quot;&gt;&lt;Description xml:lang=&quot;en&quot;&gt;India&lt;/Description&gt;&lt;Description xml:lang=&quot;fr&quot;&gt;India&lt;/Description&gt;&lt;/Code&gt;&lt;Code value=&quot;5202&quot; parentCode=&quot;TOT&quot;&gt;&lt;Description xml:lang=&quot;en&quot;&gt;Indonesia&lt;/Description&gt;&lt;Description xml:lang=&quot;fr&quot;&gt;Indonesia&lt;/Description&gt;&lt;/Code&gt;&lt;Code value=&quot;4204&quot; parentCode=&quot;TOT&quot;&gt;&lt;Description xml:lang=&quot;en&quot;&gt;Iraq&lt;/Description&gt;&lt;Description xml:lang=&quot;fr&quot;&gt;Iraq&lt;/Description&gt;&lt;/Code&gt;&lt;Code value=&quot;2201&quot; parentCode=&quot;TOT&quot;&gt;&lt;Description xml:lang=&quot;en&quot;&gt;Ireland&lt;/Description&gt;&lt;Description xml:lang=&quot;fr&quot;&gt;Ireland&lt;/Description&gt;&lt;/Code&gt;&lt;Code value=&quot;3104&quot; parentCode=&quot;TOT&quot;&gt;&lt;Description xml:lang=&quot;en&quot;&gt;Italy&lt;/Description&gt;&lt;Description xml:lang=&quot;fr&quot;&gt;Italy&lt;/Description&gt;&lt;/Code&gt;&lt;Code value=&quot;6201&quot; parentCode=&quot;TOT&quot;&gt;&lt;Description xml:lang=&quot;en&quot;&gt;Japan&lt;/Description&gt;&lt;Description xml:lang=&quot;fr&quot;&gt;Japan&lt;/Description&gt;&lt;/Code&gt;&lt;Code value=&quot;6203&quot; parentCode=&quot;TOT&quot;&gt;&lt;Description xml:lang=&quot;en&quot;&gt;Korea, Republic of (South)&lt;/Description&gt;&lt;Description xml:lang=&quot;fr&quot;&gt;Korea, Republic of (South)&lt;/Description&gt;&lt;/Code&gt;&lt;Code value=&quot;4208&quot; parentCode=&quot;TOT&quot;&gt;&lt;Description xml:lang=&quot;en&quot;&gt;Lebanon&lt;/Description&gt;&lt;Description xml:lang=&quot;fr&quot;&gt;Lebanon&lt;/Description&gt;&lt;/Code&gt;&lt;Code value=&quot;5203&quot; parentCode=&quot;TOT&quot;&gt;&lt;Description xml:lang=&quot;en&quot;&gt;Malaysia&lt;/Description&gt;&lt;Description xml:lang=&quot;fr&quot;&gt;Malaysia&lt;/Description&gt;&lt;/Code&gt;&lt;Code value=&quot;3105&quot; parentCode=&quot;TOT&quot;&gt;&lt;Description xml:lang=&quot;en&quot;&gt;Malta&lt;/Description&gt;&lt;Description xml:lang=&quot;fr&quot;&gt;Malta&lt;/Description&gt;&lt;/Code&gt;&lt;Code value=&quot;2308&quot; parentCode=&quot;TOT&quot;&gt;&lt;Description xml:lang=&quot;en&quot;&gt;Netherlands&lt;/Description&gt;&lt;Description xml:lang=&quot;fr&quot;&gt;Netherlands&lt;/Description&gt;&lt;/Code&gt;&lt;Code value=&quot;1201&quot; parentCode=&quot;TOT&quot;&gt;&lt;Description xml:lang=&quot;en&quot;&gt;New Zealand&lt;/Description&gt;&lt;Description xml:lang=&quot;fr&quot;&gt;New Zealand&lt;/Description&gt;&lt;/Code&gt;&lt;Code value=&quot;5204&quot; parentCode=&quot;TOT&quot;&gt;&lt;Description xml:lang=&quot;en&quot;&gt;Philippines&lt;/Description&gt;&lt;Description xml:lang=&quot;fr&quot;&gt;Philippines&lt;/Description&gt;&lt;/Code&gt;&lt;Code value=&quot;3307&quot; parentCode=&quot;TOT&quot;&gt;&lt;Description xml:lang=&quot;en&quot;&gt;Poland&lt;/Description&gt;&lt;Description xml:lang=&quot;fr&quot;&gt;Poland&lt;/Description&gt;&lt;/Code&gt;&lt;Code value=&quot;5205&quot; parentCode=&quot;TOT&quot;&gt;&lt;Description xml:lang=&quot;en&quot;&gt;Singapore&lt;/Description&gt;&lt;Description xml:lang=&quot;fr&quot;&gt;Singapore&lt;/Description&gt;&lt;/Code&gt;&lt;Code value=&quot;9225&quot; parentCode=&quot;TOT&quot;&gt;&lt;Description xml:lang=&quot;en&quot;&gt;South Africa&lt;/Description&gt;&lt;Description xml:lang=&quot;fr&quot;&gt;South Africa&lt;/Description&gt;&lt;/Code&gt;&lt;Code value=&quot;3200&quot; parentCode=&quot;TOT&quot;&gt;&lt;Description xml:lang=&quot;en&quot;&gt;South Eastern Europe, nfd(c)&lt;/Description&gt;&lt;Description xml:lang=&quot;fr&quot;&gt;South Eastern Europe, nfd(c)&lt;/Description&gt;&lt;/Code&gt;&lt;Code value=&quot;7107&quot; parentCode=&quot;TOT&quot;&gt;&lt;Description xml:lang=&quot;en&quot;&gt;Sri Lanka&lt;/Description&gt;&lt;Description xml:lang=&quot;fr&quot;&gt;Sri Lanka&lt;/Description&gt;&lt;/Code&gt;&lt;Code value=&quot;5104&quot; parentCode=&quot;TOT&quot;&gt;&lt;Description xml:lang=&quot;en&quot;&gt;Thailand&lt;/Description&gt;&lt;Description xml:lang=&quot;fr&quot;&gt;Thailand&lt;/Description&gt;&lt;/Code&gt;&lt;Code value=&quot;4215&quot; parentCode=&quot;TOT&quot;&gt;&lt;Description xml:lang=&quot;en&quot;&gt;Turkey&lt;/Description&gt;&lt;Description xml:lang=&quot;fr&quot;&gt;Turkey&lt;/Description&gt;&lt;/Code&gt;&lt;Code value=&quot;2100&quot; parentCode=&quot;TOT&quot;&gt;&lt;Description xml:lang=&quot;en&quot;&gt;United Kingdom, Channel Islands and Isle of Man(d)&lt;/Description&gt;&lt;Description xml:lang=&quot;fr&quot;&gt;United Kingdom, Channel Islands and Isle of Man(d)&lt;/Description&gt;&lt;/Code&gt;&lt;Code value=&quot;8104&quot; parentCode=&quot;TOT&quot;&gt;&lt;Description xml:lang=&quot;en&quot;&gt;United States of America&lt;/Description&gt;&lt;Description xml:lang=&quot;fr&quot;&gt;United States of America&lt;/Description&gt;&lt;/Code&gt;&lt;Code value=&quot;5105&quot; parentCode=&quot;TOT&quot;&gt;&lt;Description xml:lang=&quot;en&quot;&gt;Vietnam&lt;/Description&gt;&lt;Description xml:lang=&quot;fr&quot;&gt;Vietnam&lt;/Description&gt;&lt;/Code&gt;&lt;Code value=&quot;BE&quot; parentCode=&quot;TOT&quot;&gt;&lt;Description xml:lang=&quot;en&quot;&gt;Born elsewhere(e)&lt;/Description&gt;&lt;Description xml:lang=&quot;fr&quot;&gt;Born elsewhere(e)&lt;/Description&gt;&lt;/Code&gt;&lt;Code value=&quot;Z&quot; parentCode=&quot;TOT&quot;&gt;&lt;Description xml:lang=&quot;en&quot;&gt;Country of birth not stated&lt;/Description&gt;&lt;Description xml:lang=&quot;fr&quot;&gt;Country of birth not stated&lt;/Description&gt;&lt;/Code&gt;&lt;/CodeList&gt;&lt;CodeList id=&quot;CL_ABS_CENSUS2011_B09_SA1_SA_STATE&quot; agencyID=&quot;ABS&quot;&gt;&lt;Name xml:lang=&quot;en&quot;&gt;State&lt;/Name&gt;&lt;Name xml:lang=&quot;fr&quot;&gt;State&lt;/Name&gt;&lt;Code value=&quot;4&quot; parentCode=&quot;0&quot;&gt;&lt;Description xml:lang=&quot;en&quot;&gt;South Australia&lt;/Description&gt;&lt;Description xml:lang=&quot;fr&quot;&gt;South Australia&lt;/Description&gt;&lt;/Code&gt;&lt;Code value=&quot;0&quot;&gt;&lt;Description xml:lang=&quot;en&quot;&gt;Australia&lt;/Description&gt;&lt;Description xml:lang=&quot;fr&quot;&gt;Australia&lt;/Description&gt;&lt;/Code&gt;&lt;/CodeList&gt;&lt;CodeList id=&quot;CL_ABS_CENSUS2011_B09_SA1_SA_REGIONTYPE&quot; agencyID=&quot;ABS&quot;&gt;&lt;Name xml:lang=&quot;en&quot;&gt;Region Type&lt;/Name&gt;&lt;Name xml:lang=&quot;fr&quot;&gt;Region Type&lt;/Name&gt;&lt;Code value=&quot;SA1&quot;&gt;&lt;Description xml:lang=&quot;en&quot;&gt;Statistical Area Level 1&lt;/Description&gt;&lt;Description xml:lang=&quot;fr&quot;&gt;Statistical Area Level 1&lt;/Description&gt;&lt;/Code&gt;&lt;/CodeList&gt;&lt;CodeL
Input 1 does not match Pattern:[A-z][A-z0-9_\-]* for class:NCNameID
Input 3 does not match Pattern:[A-z][A-z0-9_\-]* for class:NCNameID
Input 2 does not match Pattern:[A-z][A-z0-9_\-]* for class:NCNameID
Loading Codelists
Codelist: ABS:CL_ATSI_BIRTHS_SUMM_MEASURE:1.0 already exists
Loading Concepts
Loading DataStructures
DS ABS:ATSI_BIRTHS_SUMM:1.0
Loading Dataflows
Loading Codelists
Codelist: ABS:CL_ATSI_FERTILITY_MEASURE:1.0 already exists
Loading Concepts
Loading DataStructures
DS ABS:ATSI_FERTILITY:1.0
Loading Dataflows
Loading Codelists
Codelist: ABS:CL_ALC_TYP:1.0 already exists
Loading Concepts
Loading DataStructures
DS ABS:ALC:1.0
Loading Dataflows
Loading Codelists
Codelist: ABS:CL_ABS_ACLD_LFSTATUS_SEX_ABS:1.0 already exists
Loading Concepts
Loading DataStructures
DS ABS:ABS_ACLD_LFSTATUS:1.0
Loading Dataflows
Loading Codelists
Codelist: ABS:CL_ABS_ACLD_TENURE_SEX_ABS:1.0 already exists
Loading Concepts
Loading DataStructures
DS ABS:ABS_ACLD_TENURE:1.0
Loading Dataflows
Loading Codelists
Codelist: ABS:CL_ABS_ACLD_UNPAIDASST_SEX_ABS:1.0 already exists
Loading Concepts
Loading DataStructures
DS ABS:ABS_ACLD_UNPAIDASST:1.0
Loading Dataflows
Loading Codelists
Codelist: ABS:CL_ABS_ACLD_VOLWORK_SEX_ABS:1.0 already exists
Loading Concepts
Loading DataStructures
DS ABS:ABS_ACLD_VOLWORK:1.0
Loading Dataflows
Loading Codelists
Codelist: ABS:CL_AMLPS_PART_2017_MEASURE:1.0 already exists
Loading Concepts
Loading DataStructures
DS ABS:AMLPS_PART_2017:1.0
Loading Dataflows
Loading Codelists
Codelist: ABS:CL_AMLPS_RESP_2017_RESPONSE_CAT:1.0 already exists
Loading Concepts
Loading DataStructures
DS ABS:AMLPS_RESP_2017:1.0
Loading Dataflows
Loading Codelists
Codelist: ABS:CL_ABS_CENSUS2011_B01_MEASURE:1.0 already exists
Loading Concepts
Loading DataStructures
DS ABS:ABS_CENSUS2011_B01:1.0
Loading Dataflows
Loading Codelists
Codelist: ABS:CL_ABS_CENSUS2011_B01_LGA_MEASURE:1.0 already exists
Loading Concepts
Loading DataStructures
DS ABS:ABS_CENSUS2011_B01_LGA:1.0
Loading Dataflows
Loading Codelists
Codelist: ABS:CL_ABS_CENSUS2011_B01_SA1_SA_MEASURE:1.0 already exists
Loading Concepts
Loading DataStructures
DS ABS:ABS_CENSUS2011_B01_SA1_SA:1.0
Loading Dataflows
Loading Codelists
Codelist: ABS:CL_ABS_CENSUS2011_B02_MEASURE:1.0 already exists
Loading Concepts
Loading DataStructures
DS ABS:ABS_CENSUS2011_B02:1.0
Loading Dataflows
Loading Codelists
Codelist: ABS:CL_ABS_CENSUS2011_B02_LGA_MEASURE:1.0 already exists
Loading Concepts
Loading DataStructures
DS ABS:ABS_CENSUS2011_B02_LGA:1.0
Loading Dataflows
Loading Codelists
Codelist: ABS:CL_ABS_CENSUS2011_B02_SA1_SA_MEASURE:1.0 already exists
Loading Concepts
Loading DataStructures
DS ABS:ABS_CENSUS2011_B02_SA1_SA:1.0
Loading Dataflows
Loading Codelists
Codelist: ABS:CL_ABS_CENSUS2011_B03_LGA_MEASURE:1.0 already exists
Loading Concepts
Loading DataStructures
DS ABS:ABS_CENSUS2011_B03_LGA:1.0
Loading Dataflows
Loading Codelists
Codelist: ABS:CL_ABS_CENSUS2011_B03_MEASURE:1.0 already exists
Loading Concepts
Loading DataStructures
DS ABS:ABS_CENSUS2011_B03:1.0
Loading Dataflows
Loading Codelists
Codelist: ABS:CL_ABS_CENSUS2011_B03_SA1_SA_MEASURE:1.0 already exists
Loading Concepts
Loading DataStructures
DS ABS:ABS_CENSUS2011_B03_SA1_SA:1.0
Loading Dataflows
Loading Codelists
Codelist: ABS:CL_ABS_CENSUS2011_B04_MEASURE:1.0 already exists
Loading Concepts
Loading DataStructures
DS ABS:ABS_CENSUS2011_B04:1.0
Loading Dataflows
Loading Codelists
Codelist: ABS:CL_ABS_CENSUS2011_B04_LGA_MEASURE:1.0 already exists
Loading Concepts
Loading DataStructures
DS ABS:ABS_CENSUS2011_B04_LGA:1.0
Loading Dataflows
Loading Codelists
Codelist: ABS:CL_ABS_CENSUS2011_B04_SA1_SA_MEASURE:1.0 already exists
Loading Concepts
Loading DataStructures
DS ABS:ABS_CENSUS2011_B04_SA1_SA:1.0
Loading Dataflows
Loading Codelists
Codelist: ABS:CL_ABS_CENSUS2011_B05_MEASURE:1.0 already exists
Loading Concepts
Loading DataStructures
DS ABS:ABS_CENSUS2011_B05:1.0
Loading Dataflows
Loading Codelists
Codelist: ABS:CL_ABS_CENSUS2011_B05_LGA_MEASURE:1.0 already exists
Loading Concepts
Loading DataStructures
DS ABS:ABS_CENSUS2011_B05_LGA:1.0
Loading Dataflows
Loading Codelists
Codelist: ABS:CL_ABS_CENSUS2011_B05_SA1_SA_MEASURE:1.0 already exists
Loading Concepts
Loading DataStructures
DS ABS:ABS_CENSUS2011_B05_SA1_SA:1.0
Loading Dataflows
Loading Codelists
Codelist: ABS:CL_ABS_CENSUS2011_B06_MEASURE:1.0 already exists
Loading Concepts
Loading DataStructures
DS ABS:ABS_CENSUS2011_B06:1.0
Loading Dataflows
Loading Codelists
Codelist: ABS:CL_ABS_CENSUS2011_B06_LGA_MEASURE:1.0 already exists
Loading Concepts
Loading DataStructures
DS ABS:ABS_CENSUS2011_B06_LGA:1.0
Loading Dataflows
Loading Codelists
Codelist: ABS:CL_ABS_CENSUS2011_B06_SA1_SA_MEASURE:1.0 already exists
Loading Concepts
Loading DataStructures
DS ABS:ABS_CENSUS2011_B06_SA1_SA:1.0
Loading Dataflows
Loading Codelists
Codelist: ABS:CL_ABS_CENSUS2011_B07_MEASURE:1.0 already exists
Loading Concepts
Loading DataStructures
DS ABS:ABS_CENSUS2011_B07:1.0
Loading Dataflows
Loading Codelists
Codelist: ABS:CL_ABS_CENSUS2011_B07_LGA_MEASURE:1.0 already exists
Loading Concepts
Loading DataStructures
DS ABS:ABS_CENSUS2011_B07_LGA:1.0
Loading Dataflows
Loading Codelists
Codelist: ABS:CL_ABS_CENSUS2011_B07_SA1_SA_MEASURE:1.0 already exists
Loading Concepts
Loading DataStructures
DS ABS:ABS_CENSUS2011_B07_SA1_SA:1.0
Loading Dataflows
Loading Codelists
Codelist: ABS:CL_ABS_CENSUS2011_B08_MEASURE:1.0 already exists
Loading Concepts
Loading DataStructures
DS ABS:ABS_CENSUS2011_B08:1.0
Loading Dataflows
Loading Codelists
Codelist: ABS:CL_ABS_CENSUS2011_B08_LGA_MEASURE:1.0 already exists
Loading Concepts
Loading DataStructures
DS ABS:ABS_CENSUS2011_B08_LGA:1.0
Loading Dataflows
Loading Codelists
Codelist: ABS:CL_ABS_CENSUS2011_B08_SA1_SA_MEASURE:1.0 already exists
Loading Concepts
Loading DataStructures
DS ABS:ABS_CENSUS2011_B08_SA1_SA:1.0
Loading Dataflows
Loading Codelists
Codelist: ABS:CL_ABS_CENSUS2011_B09_MEASURE:1.0 already exists
Loading Concepts
Loading DataStructures
DS ABS:ABS_CENSUS2011_B09:1.0
Loading Dataflows
Loading Codelists
Codelist: ABS:CL_ABS_CENSUS2011_B09_LGA_MEASURE:1.0 already exists
Loading Concepts
Loading DataStructures
DS ABS:ABS_CENSUS2011_B09_LGA:1.0
Loading Dataflows
Loading Codelists
Loading Concepts
Loading DataStructures
DS ABS:ABS_CENSUS2011_B09_SA1_SA:1.0
Reference
Agency:ABS
MID:STANDALONE_CONCEPT_SCHEME
MVers:null
ID:BPLP
Vers:1.0
Class:Concept
Pack:conceptscheme
Reference
Agency:ABS
MID:STANDALONE_CONCEPT_SCHEME
MVers:null
ID:STATE
Vers:1.0
Class:Concept
Pack:conceptscheme
Reference
Agency:ABS
MID:STANDALONE_CONCEPT_SCHEME
MVers:null
ID:REGIONTYPE
Vers:1.0
Class:Concept
Pack:conceptscheme
Reference
Agency:ABS
MID:STANDALONE_CONCEPT_SCHEME
MVers:null
ID:REGION
Vers:1.0
Class:Concept
Pack:conceptscheme
Reference
Agency:ABS
MID:STANDALONE_CONCEPT_SCHEME
MVers:null
ID:FREQUENCY
Vers:1.0
Class:Concept
Pack:conceptscheme
Reference
Agency:ABS
MID:STANDALONE_CONCEPT_SCHEME
MVers:null
ID:TIME
Vers:1.0
Class:Concept
Pack:conceptscheme
Reference
Agency:ABS
MID:STANDALONE_CONCEPT_SCHEME
MVers:null
ID:MEASURE
Vers:1.0
Class:Concept
Pack:conceptscheme
Reference
Agency:ABS
MID:STANDALONE_CONCEPT_SCHEME
MVers:null
ID:OBS_STATUS
Vers:1.0
Class:Concept
Pack:conceptscheme
Reference
Agency:ABS
MID:STANDALONE_CONCEPT_SCHEME
MVers:null
ID:TIME_FORMAT
Vers:1.0
Class:Concept
Pack:conceptscheme
Reference
Agency:ABS
MID:STANDALONE_CONCEPT_SCHEME
MVers:null
ID:OBS_VALUE
Vers:1.0
Class:Concept
Pack:conceptscheme
Loading Dataflows
Loading: B10 Country of Birth of Person by Year of Arrival in Australia
Header=&lt;message:Structure xmlns=&quot;http://www.SDMX.org/resources/SDMXML/schemas/v2_0/structure&quot; xmlns:common=&quot;http://www.SDMX.org/resources/SDMXML/schemas/v2_0/common&quot; xsi:schemaLocation=&quot;http://www.SDMX.org/resources/SDMXML/schemas/v2_0/structure http://www.sdmx.org/docs/2_0/SDMXStructure.xsd http://www.SDMX.org/resources/SDMXML/schemas/v2_0/message http://www.sdmx.org/docs/2_0/SDMXMessage.xsd&quot; xmlns:xsi=&quot;http://www.w3.org/2001/XMLSchema-instance&quot; xmlns:message=&quot;http://www.SDMX.org/resources/SDMXML/schemas/v2_0/message&quot;&gt;&lt;Header xmlns=&quot;http://www.SDMX.org/resources/SDMXML/schemas/v2_0/message&quot;&gt;&lt;ID&gt;none&lt;!--Statistical usage warning
ABS.Stat beta is continuing to be developed.  Data will be updated as soon as possible following its 11:30 am release on the ABS website.
--&gt;&lt;/ID&gt;&lt;Test&gt;false&lt;/Test&gt;&lt;Truncated&gt;false&lt;/Truncated&gt;&lt;Prepared&gt;2020-03-17T01:10:56&lt;/Prepared&gt;&lt;Sender id=&quot;ABS&quot;&gt;&lt;Name xml:lang=&quot;en&quot;&gt;Australian Bureau of Statistics&lt;/Name&gt;&lt;Name xml:lang=&quot;fr&quot;&gt;Australian Bureau of Statistics&lt;/Name&gt;&lt;/Sender&gt;&lt;/Header&gt;&lt;message:CodeLists&gt;&lt;CodeList id=&quot;CL_ABS_CENSUS2011_B10_MEASURE&quot; agencyID=&quot;ABS&quot;&gt;&lt;Name xml:lang=&quot;en&quot;&gt;Country of Birth of Person&lt;/Name&gt;&lt;Name xml:lang=&quot;fr&quot;&gt;Country of Birth of Person&lt;/Name&gt;&lt;Code value=&quot;TOT&quot;&gt;&lt;Description xml:lang=&quot;en&quot;&gt;Total&lt;/Description&gt;&lt;Description xml:lang=&quot;fr&quot;&gt;Total&lt;/Description&gt;&lt;/Code&gt;&lt;Code value=&quot;3202&quot; parentCode=&quot;TOT&quot;&gt;&lt;Description xml:lang=&quot;en&quot;&gt;Bosnia and Herzegovina&lt;/Description&gt;&lt;Description xml:lang=&quot;fr&quot;&gt;Bosnia and Herzegovina&lt;/Description&gt;&lt;/Code&gt;&lt;Code value=&quot;5102&quot; parentCode=&quot;TOT&quot;&gt;&lt;Description xml:lang=&quot;en&quot;&gt;Cambodia&lt;/Description&gt;&lt;Description xml:lang=&quot;fr&quot;&gt;Cambodia&lt;/Description&gt;&lt;/Code&gt;&lt;Code value=&quot;8102&quot; parentCode=&quot;TOT&quot;&gt;&lt;Description xml:lang=&quot;en&quot;&gt;Canada&lt;/Description&gt;&lt;Description xml:lang=&quot;fr&quot;&gt;Canada&lt;/Description&gt;&lt;/Code&gt;&lt;Code value=&quot;6101&quot; parentCode=&quot;TOT&quot;&gt;&lt;Description xml:lang=&quot;en&quot;&gt;China (excl. SARs and Taiwan)(b)&lt;/Description&gt;&lt;Description xml:lang=&quot;fr&quot;&gt;China (excl. SARs and Taiwan)(b)&lt;/Description&gt;&lt;/Code&gt;&lt;Code value=&quot;3204&quot; parentCode=&quot;TOT&quot;&gt;&lt;Description xml:lang=&quot;en&quot;&gt;Croatia&lt;/Description&gt;&lt;Description xml:lang=&quot;fr&quot;&gt;Croatia&lt;/Description&gt;&lt;/Code&gt;&lt;Code value=&quot;4102&quot; parentCode=&quot;TOT&quot;&gt;&lt;Description xml:lang=&quot;en&quot;&gt;Egypt&lt;/Description&gt;&lt;Description xml:lang=&quot;fr&quot;&gt;Egypt&lt;/Description&gt;&lt;/Code&gt;&lt;Code value=&quot;1502&quot; parentCode=&quot;TOT&quot;&gt;&lt;Description xml:lang=&quot;en&quot;&gt;Fiji&lt;/Description&gt;&lt;Description xml:lang=&quot;fr&quot;&gt;Fiji&lt;/Description&gt;&lt;/Code&gt;&lt;Code value=&quot;3206&quot; parentCode=&quot;TOT&quot;&gt;&lt;Description xml:lang=&quot;en&quot;&gt;Former Yugoslav Republic of Macedonia (FYROM)&lt;/Description&gt;&lt;Description xml:lang=&quot;fr&quot;&gt;Former Yugoslav Republic of Macedonia (FYROM)&lt;/Description&gt;&lt;/Code&gt;&lt;Code value=&quot;2304&quot; parentCode=&quot;TOT&quot;&gt;&lt;Description xml:lang=&quot;en&quot;&gt;Germany&lt;/Description&gt;&lt;Description xml:lang=&quot;fr&quot;&gt;Germany&lt;/Description&gt;&lt;/Code&gt;&lt;Code value=&quot;3207&quot; parentCode=&quot;TOT&quot;&gt;&lt;Description xml:lang=&quot;en&quot;&gt;Greece&lt;/Description&gt;&lt;Description xml:lang=&quot;fr&quot;&gt;Greece&lt;/Description&gt;&lt;/Code&gt;&lt;Code value=&quot;6102&quot; parentCode=&quot;TOT&quot;&gt;&lt;Description xml:lang=&quot;en&quot;&gt;Hong Kong (SAR of China)(b)&lt;/Description&gt;&lt;Description xml:lang=&quot;fr&quot;&gt;Hong Kong (SAR of China)(b)&lt;/Description&gt;&lt;/Code&gt;&lt;Code value=&quot;7103&quot; parentCode=&quot;TOT&quot;&gt;&lt;Description xml:lang=&quot;en&quot;&gt;India&lt;/Description&gt;&lt;Description xml:lang=&quot;fr&quot;&gt;India&lt;/Description&gt;&lt;/Code&gt;&lt;Code value=&quot;5202&quot; parentCode=&quot;TOT&quot;&gt;&lt;Description xml:lang=&quot;en&quot;&gt;Indonesia&lt;/Description&gt;&lt;Description xml:lang=&quot;fr&quot;&gt;Indonesia&lt;/Description&gt;&lt;/Code&gt;&lt;Code value=&quot;4204&quot; parentCode=&quot;TOT&quot;&gt;&lt;Description xml:lang=&quot;en&quot;&gt;Iraq&lt;/Description&gt;&lt;Description xml:lang=&quot;fr&quot;&gt;Iraq&lt;/Description&gt;&lt;/Code&gt;&lt;Code value=&quot;2201&quot; parentCode=&quot;TOT&quot;&gt;&lt;Description xml:lang=&quot;en&quot;&gt;Ireland&lt;/Description&gt;&lt;Description xml:lang=&quot;fr&quot;&gt;Ireland&lt;/Description&gt;&lt;/Code&gt;&lt;Code value=&quot;3104&quot; parentCode=&quot;TOT&quot;&gt;&lt;Description xml:lang=&quot;en&quot;&gt;Italy&lt;/Description&gt;&lt;Description xml:lang=&quot;fr&quot;&gt;Italy&lt;/Description&gt;&lt;/Code&gt;&lt;Code value=&quot;6201&quot; parentCode=&quot;TOT&quot;&gt;&lt;Description xml:lang=&quot;en&quot;&gt;Japan&lt;/Description&gt;&lt;Description xml:lang=&quot;fr&quot;&gt;Japan&lt;/Description&gt;&lt;/Code&gt;&lt;Code value=&quot;6203&quot; parentCode=&quot;TOT&quot;&gt;&lt;Description xml:lang=&quot;en&quot;&gt;Korea, Republic of (South)&lt;/Description&gt;&lt;Description xml:lang=&quot;fr&quot;&gt;Korea, Republic of (South)&lt;/Description&gt;&lt;/Code&gt;&lt;Code value=&quot;4208&quot; parentCode=&quot;TOT&quot;&gt;&lt;Description xml:lang=&quot;en&quot;&gt;Lebanon&lt;/Description&gt;&lt;Description xml:lang=&quot;fr&quot;&gt;Lebanon&lt;/Description&gt;&lt;/Code&gt;&lt;Code value=&quot;5203&quot; parentCode=&quot;TOT&quot;&gt;&lt;Description xml:lang=&quot;en&quot;&gt;Malaysia&lt;/Description&gt;&lt;Description xml:lang=&quot;fr&quot;&gt;Malaysia&lt;/Description&gt;&lt;/Code&gt;&lt;Code value=&quot;3105&quot; parentCode=&quot;TOT&quot;&gt;&lt;Description xml:lang=&quot;en&quot;&gt;Malta&lt;/Description&gt;&lt;Description xml:lang=&quot;fr&quot;&gt;Malta&lt;/Description&gt;&lt;/Code&gt;&lt;Code value=&quot;2308&quot; parentCode=&quot;TOT&quot;&gt;&lt;Description xml:lang=&quot;en&quot;&gt;Netherlands&lt;/Description&gt;&lt;Description xml:lang=&quot;fr&quot;&gt;Netherlands&lt;/Description&gt;&lt;/Code&gt;&lt;Code value=&quot;1201&quot; parentCode=&quot;TOT&quot;&gt;&lt;Description xml:lang=&quot;en&quot;&gt;New Zealand&lt;/Description&gt;&lt;Description xml:lang=&quot;fr&quot;&gt;New Zealand&lt;/Description&gt;&lt;/Code&gt;&lt;Code value=&quot;5204&quot; parentCode=&quot;TOT&quot;&gt;&lt;Description xml:lang=&quot;en&quot;&gt;Philippines&lt;/Description&gt;&lt;Description xml:lang=&quot;fr&quot;&gt;Philippines&lt;/Description&gt;&lt;/Code&gt;&lt;Code value=&quot;3307&quot; parentCode=&quot;TOT&quot;&gt;&lt;Description xml:lang=&quot;en&quot;&gt;Poland&lt;/Description&gt;&lt;Description xml:lang=&quot;fr&quot;&gt;Poland&lt;/Description&gt;&lt;/Code&gt;&lt;Code value=&quot;5205&quot; parentCode=&quot;TOT&quot;&gt;&lt;Description xml:lang=&quot;en&quot;&gt;Singapore&lt;/Description&gt;&lt;Description xml:lang=&quot;fr&quot;&gt;Singapore&lt;/Description&gt;&lt;/Code&gt;&lt;Code value=&quot;9225&quot; parentCode=&quot;TOT&quot;&gt;&lt;Description xml:lang=&quot;en&quot;&gt;South Africa&lt;/Description&gt;&lt;Description xml:lang=&quot;fr&quot;&gt;South Africa&lt;/Description&gt;&lt;/Code&gt;&lt;Code value=&quot;3200&quot; parentCode=&quot;TOT&quot;&gt;&lt;Description xml:lang=&quot;en&quot;&gt;South Eastern Europe, nfd(c)&lt;/Description&gt;&lt;Description xml:lang=&quot;fr&quot;&gt;South Eastern Europe, nfd(c)&lt;/Description&gt;&lt;/Code&gt;&lt;Code value=&quot;7107&quot; parentCode=&quot;TOT&quot;&gt;&lt;Description xml:lang=&quot;en&quot;&gt;Sri Lanka&lt;/Description&gt;&lt;Description xml:lang=&quot;fr&quot;&gt;Sri Lanka&lt;/Description&gt;&lt;/Code&gt;&lt;Code value=&quot;5104&quot; parentCode=&quot;TOT&quot;&gt;&lt;Description xml:lang=&quot;en&quot;&gt;Thailand&lt;/Description&gt;&lt;Description xml:lang=&quot;fr&quot;&gt;Thailand&lt;/Description&gt;&lt;/Code&gt;&lt;Code value=&quot;4215&quot; parentCode=&quot;TOT&quot;&gt;&lt;Description xml:lang=&quot;en&quot;&gt;Turkey&lt;/Description&gt;&lt;Description xml:lang=&quot;fr&quot;&gt;Turkey&lt;/Description&gt;&lt;/Code&gt;&lt;Code value=&quot;2100&quot; parentCode=&quot;TOT&quot;&gt;&lt;Description xml:lang=&quot;en&quot;&gt;United Kingdom, Channel Islands and Isle of Man(d)&lt;/Description&gt;&lt;Description xml:lang=&quot;fr&quot;&gt;United Kingdom, Channel Islands and Isle of Man(d)&lt;/Description&gt;&lt;/Code&gt;&lt;Code value=&quot;8104&quot; parentCode=&quot;TOT&quot;&gt;&lt;Description xml:lang=&quot;en&quot;&gt;United States of America&lt;/Description&gt;&lt;Description xml:lang=&quot;fr&quot;&gt;United States of America&lt;/Description&gt;&lt;/Code&gt;&lt;Code value=&quot;5105&quot; parentCode=&quot;TOT&quot;&gt;&lt;Description xml:lang=&quot;en&quot;&gt;Vietnam&lt;/Description&gt;&lt;Description xml:lang=&quot;fr&quot;&gt;Vietnam&lt;/Description&gt;&lt;/Code&gt;&lt;Code value=&quot;BE&quot; parentCode=&quot;TOT&quot;&gt;&lt;Description xml:lang=&quot;en&quot;&gt;Born elsewhere(e)&lt;/Description&gt;&lt;Description xml:lang=&quot;fr&quot;&gt;Born elsewhere(e)&lt;/Description&gt;&lt;/Code&gt;&lt;/CodeList&gt;&lt;CodeList id=&quot;CL_ABS_CENSUS2011_B10_YARRP&quot; agencyID=&quot;ABS&quot;&gt;&lt;Name xml:lang=&quot;en&quot;&gt;Year of Arrival in Australia&lt;/Name&gt;&lt;Name xml:lang=&quot;fr&quot;&gt;Year of Arrival in Australia&lt;/Name&gt;&lt;Code value=&quot;TOT&quot;&gt;&lt;Description xml:lang=&quot;en&quot;&gt;Total&lt;/Description&gt;&lt;Description xml:lang=&quot;fr&quot;&gt;Total&lt;/Description&gt;&lt;/Code&gt;&lt;Code value=&quot;1&quot; parentCode=&quot;TOT&quot;&gt;&lt;Description xml:lang=&quot;en&quot;&gt;Before 1941&lt;/Description&gt;&lt;Description xml:lang=&quot;fr&quot;&gt;Before 1941&lt;/Description&gt;&lt;/Code&gt;&lt;Code value=&quot;2&quot; parentCode=&quot;TOT&quot;&gt;&lt;Description xml:lang=&quot;en&quot;&gt;1941-1950&lt;/Description&gt;&lt;Description xml:lang=&quot;fr&quot;&gt;1941-1950&lt;/Description&gt;&lt;/Code&gt;&lt;Code value=&quot;3&quot; parentCode=&quot;TOT&quot;&gt;&lt;Description xml:lang=&quot;en&quot;&gt;1951-1960&lt;/Description&gt;&lt;Description xml:lang=&quot;fr&quot;&gt;1951-1960&lt;/Description&gt;&lt;/Code&gt;&lt;Code value=&quot;4&quot; parentCode=&quot;TOT&quot;&gt;&lt;Description xml:lang=&quot;en&quot;&gt;1961-1970&lt;/Description&gt;&lt;Description xml:lang=&quot;fr&quot;&gt;1961-1970&lt;/Description&gt;&lt;/Code&gt;&lt;Code value=&quot;5&quot; parentCode=&quot;TOT&quot;&gt;&lt;Description xml:lang=&quot;en&quot;&gt;1971-1980&lt;/Description&gt;&lt;Description xml:lang=&quot;fr&quot;&gt;1971-1980&lt;/Description&gt;&lt;/Code&gt;&lt;Code value=&quot;6&quot; parentCode=&quot;TOT&quot;&gt;&lt;Description xml:lang=&quot;en&quot;&gt;1981-1990&lt;/Description&gt;&lt;Description xml:lang=&quot;fr&quot;&gt;1981-1990&lt;/Description&gt;&lt;/Code&gt;&lt;Code value=&quot;7&quot; parentCode=&quot;TOT&quot;&gt;&lt;Description xml:lang=&quot;en&quot;&gt;1991-2000&lt;/Description&gt;&lt;Description xml:lang=&quot;fr&quot;&gt;1991-2000&lt;/Description&gt;&lt;/Code&gt;&lt;Code value=&quot;8&quot; parentCode=&quot;TOT&quot;&gt;&lt;Description xml:lang=&quot;en&quot;&gt;2001-2005&lt;/Description&gt;&lt;Description xml:lang=&quot;fr&quot;&gt;2001-2005&lt;/Description&gt;&lt;/Code&gt;&lt;Code value=&quot;2006&quot; parentCode=&quot;TOT&quot;&gt;&lt;Description xml:lang=&quot;en&quot;&gt;2006&lt;/Description&gt;&lt;Description xml:lang=&quot;fr&quot;&gt;2006&lt;/Description&gt;&lt;/Code&gt;&lt;Code value=&quot;2007&quot; parentCode=&quot;TO
Input 3202 does not match Pattern:[A-z][A-z0-9_\-]* for class:NCNameID
Input 5102 does not match Pattern:[A-z][A-z0-9_\-]* for class:NCNameID
Input 8102 does not match Pattern:[A-z][A-z0-9_\-]* for class:NCNameID
Input 6101 does not match Pattern:[A-z][A-z0-9_\-]* for class:NCNameID
Input 3204 does not match Pattern:[A-z][A-z0-9_\-]* for class:NCNameID
Input 4102 does not match Pattern:[A-z][A-z0-9_\-]* for class:NCNameID
Input 1502 does not match Pattern:[A-z][A-z0-9_\-]* for class:NCNameID
Input 3206 does not match Pattern:[A-z][A-z0-9_\-]* for class:NCNameID
Input 2304 does not match Pattern:[A-z][A-z0-9_\-]* for class:NCNameID
Input 3207 does not match Pattern:[A-z][A-z0-9_\-]* for class:NCNameID
Input 6102 does not match Pattern:[A-z][A-z0-9_\-]* for class:NCNameID
Input 7103 does not match Pattern:[A-z][A-z0-9_\-]* for class:NCNameID
Input 5202 does not match Pattern:[A-z][A-z0-9_\-]* for class:NCNameID
Input 4204 does not match Pattern:[A-z][A-z0-9_\-]* for class:NCNameID
Input 2201 does not match Pattern:[A-z][A-z0-9_\-]* for class:NCNameID
Input 3104 does not match Pattern:[A-z][A-z0-9_\-]* for class:NCNameID
Input 6201 does not match Pattern:[A-z][A-z0-9_\-]* for class:NCNameID
Input 6203 does not match Pattern:[A-z][A-z0-9_\-]* for class:NCNameID
Input 4208 does not match Pattern:[A-z][A-z0-9_\-]* for class:NCNameID
Input 5203 does not match Pattern:[A-z][A-z0-9_\-]* for class:NCNameID
Input 3105 does not match Pattern:[A-z][A-z0-9_\-]* for class:NCNameID
Input 2308 does not match Pattern:[A-z][A-z0-9_\-]* for class:NCNameID
Input 1201 does not match Pattern:[A-z][A-z0-9_\-]* for class:NCNameID
Input 5204 does not match Pattern:[A-z][A-z0-9_\-]* for class:NCNameID
Input 3307 does not match Pattern:[A-z][A-z0-9_\-]* for class:NCNameID
Input 5205 does not match Pattern:[A-z][A-z0-9_\-]* for class:NCNameID
Input 9225 does not match Pattern:[A-z][A-z0-9_\-]* for class:NCNameID
Input 3200 does not match Pattern:[A-z][A-z0-9_\-]* for class:NCNameID
Input 7107 does not match Pattern:[A-z][A-z0-9_\-]* for class:NCNameID
Input 5104 does not match Pattern:[A-z][A-z0-9_\-]* for class:NCNameID
Input 4215 does not match Pattern:[A-z][A-z0-9_\-]* for class:NCNameID
Input 2100 does not match Pattern:[A-z][A-z0-9_\-]* for class:NCNameID
Input 8104 does not match Pattern:[A-z][A-z0-9_\-]* for class:NCNameID
Input 5105 does not match Pattern:[A-z][A-z0-9_\-]* for class:NCNameID
Loading Codelists
Codelist: ABS:CL_ATSI_BIRTHS_SUMM_MEASURE:1.0 already exists
Loading Concepts
Loading DataStructures
DS ABS:ATSI_BIRTHS_SUMM:1.0
Loading Dataflows
Loading Codelists
Codelist: ABS:CL_ATSI_FERTILITY_MEASURE:1.0 already exists
Loading Concepts
Loading DataStructures
DS ABS:ATSI_FERTILITY:1.0
Loading Dataflows
Loading Codelists
Codelist: ABS:CL_ALC_TYP:1.0 already exists
Loading Concepts
Loading DataStructures
DS ABS:ALC:1.0
Loading Dataflows
Loading Codelists
Codelist: ABS:CL_ABS_ACLD_LFSTATUS_SEX_ABS:1.0 already exists
Loading Concepts
Loading DataStructures
DS ABS:ABS_ACLD_LFSTATUS:1.0
Loading Dataflows
Loading Codelists
Codelist: ABS:CL_ABS_ACLD_TENURE_SEX_ABS:1.0 already exists
Loading Concepts
Loading DataStructures
DS ABS:ABS_ACLD_TENURE:1.0
Loading Dataflows
Loading Codelists
Codelist: ABS:CL_ABS_ACLD_UNPAIDASST_SEX_ABS:1.0 already exists
Loading Concepts
Loading DataStructures
DS ABS:ABS_ACLD_UNPAIDASST:1.0
Loading Dataflows
Loading Codelists
Codelist: ABS:CL_ABS_ACLD_VOLWORK_SEX_ABS:1.0 already exists
Loading Concepts
Loading DataStructures
DS ABS:ABS_ACLD_VOLWORK:1.0
Loading Dataflows
Loading Codelists
Codelist: ABS:CL_AMLPS_PART_2017_MEASURE:1.0 already exists
Loading Concepts
Loading DataStructures
DS ABS:AMLPS_PART_2017:1.0
Loading Dataflows
Loading Codelists
Codelist: ABS:CL_AMLPS_RESP_2017_RESPONSE_CAT:1.0 already exists
Loading Concepts
Loading DataStructures
DS ABS:AMLPS_RESP_2017:1.0
Loading Dataflows
Loading Codelists
Codelist: ABS:CL_ABS_CENSUS2011_B01_MEASURE:1.0 already exists
Loading Concepts
Loading DataStructures
DS ABS:ABS_CENSUS2011_B01:1.0
Loading Dataflows
Loading Codelists
Codelist: ABS:CL_ABS_CENSUS2011_B01_LGA_MEASURE:1.0 already exists
Loading Concepts
Loading DataStructures
DS ABS:ABS_CENSUS2011_B01_LGA:1.0
Loading Dataflows
Loading Codelists
Codelist: ABS:CL_ABS_CENSUS2011_B01_SA1_SA_MEASURE:1.0 already exists
Loading Concepts
Loading DataStructures
DS ABS:ABS_CENSUS2011_B01_SA1_SA:1.0
Loading Dataflows
Loading Codelists
Codelist: ABS:CL_ABS_CENSUS2011_B02_MEASURE:1.0 already exists
Loading Concepts
Loading DataStructures
DS ABS:ABS_CENSUS2011_B02:1.0
Loading Dataflows
Loading Codelists
Codelist: ABS:CL_ABS_CENSUS2011_B02_LGA_MEASURE:1.0 already exists
Loading Concepts
Loading DataStructures
DS ABS:ABS_CENSUS2011_B02_LGA:1.0
Loading Dataflows
Loading Codelists
Codelist: ABS:CL_ABS_CENSUS2011_B02_SA1_SA_MEASURE:1.0 already exists
Loading Concepts
Loading DataStructures
DS ABS:ABS_CENSUS2011_B02_SA1_SA:1.0
Loading Dataflows
Loading Codelists
Codelist: ABS:CL_ABS_CENSUS2011_B03_LGA_MEASURE:1.0 already exists
Loading Concepts
Loading DataStructures
DS ABS:ABS_CENSUS2011_B03_LGA:1.0
Loading Dataflows
Loading Codelists
Codelist: ABS:CL_ABS_CENSUS2011_B03_MEASURE:1.0 already exists
Loading Concepts
Loading DataStructures
DS ABS:ABS_CENSUS2011_B03:1.0
Loading Dataflows
Loading Codelists
Codelist: ABS:CL_ABS_CENSUS2011_B03_SA1_SA_MEASURE:1.0 already exists
Loading Concepts
Loading DataStructures
DS ABS:ABS_CENSUS2011_B03_SA1_SA:1.0
Loading Dataflows
Loading Codelists
Codelist: ABS:CL_ABS_CENSUS2011_B04_MEASURE:1.0 already exists
Loading Concepts
Loading DataStructures
DS ABS:ABS_CENSUS2011_B04:1.0
Loading Dataflows
Loading Codelists
Codelist: ABS:CL_ABS_CENSUS2011_B04_LGA_MEASURE:1.0 already exists
Loading Concepts
Loading DataStructures
DS ABS:ABS_CENSUS2011_B04_LGA:1.0
Loading Dataflows
Loading Codelists
Codelist: ABS:CL_ABS_CENSUS2011_B04_SA1_SA_MEASURE:1.0 already exists
Loading Concepts
Loading DataStructures
DS ABS:ABS_CENSUS2011_B04_SA1_SA:1.0
Loading Dataflows
Loading Codelists
Codelist: ABS:CL_ABS_CENSUS2011_B05_MEASURE:1.0 already exists
Loading Concepts
Loading DataStructures
DS ABS:ABS_CENSUS2011_B05:1.0
Loading Dataflows
Loading Codelists
Codelist: ABS:CL_ABS_CENSUS2011_B05_LGA_MEASURE:1.0 already exists
Loading Concepts
Loading DataStructures
DS ABS:ABS_CENSUS2011_B05_LGA:1.0
Loading Dataflows
Loading Codelists
Codelist: ABS:CL_ABS_CENSUS2011_B05_SA1_SA_MEASURE:1.0 already exists
Loading Concepts
Loading DataStructures
DS ABS:ABS_CENSUS2011_B05_SA1_SA:1.0
Loading Dataflows
Loading Codelists
Codelist: ABS:CL_ABS_CENSUS2011_B06_MEASURE:1.0 already exists
Loading Concepts
Loading DataStructures
DS ABS:ABS_CENSUS2011_B06:1.0
Loading Dataflows
Loading Codelists
Codelist: ABS:CL_ABS_CENSUS2011_B06_LGA_MEASURE:1.0 already exists
Loading Concepts
Loading DataStructures
DS ABS:ABS_CENSUS2011_B06_LGA:1.0
Loading Dataflows
Loading Codelists
Codelist: ABS:CL_ABS_CENSUS2011_B06_SA1_SA_MEASURE:1.0 already exists
Loading Concepts
Loading DataStructures
DS ABS:ABS_CENSUS2011_B06_SA1_SA:1.0
Loading Dataflows
Loading Codelists
Codelist: ABS:CL_ABS_CENSUS2011_B07_MEASURE:1.0 already exists
Loading Concepts
Loading DataStructures
DS ABS:ABS_CENSUS2011_B07:1.0
Loading Dataflows
Loading Codelists
Codelist: ABS:CL_ABS_CENSUS2011_B07_LGA_MEASURE:1.0 already exists
Loading Concepts
Loading DataStructures
DS ABS:ABS_CENSUS2011_B07_LGA:1.0
Loading Dataflows
Loading Codelists
Codelist: ABS:CL_ABS_CENSUS2011_B07_SA1_SA_MEASURE:1.0 already exists
Loading Concepts
Loading DataStructures
DS ABS:ABS_CENSUS2011_B07_SA1_SA:1.0
Loading Dataflows
Loading Codelists
Codelist: ABS:CL_ABS_CENSUS2011_B08_MEASURE:1.0 already exists
Loading Concepts
Loading DataStructures
DS ABS:ABS_CENSUS2011_B08:1.0
Loading Dataflows
Loading Codelists
Codelist: ABS:CL_ABS_CENSUS2011_B08_LGA_MEASURE:1.0 already exists
Loading Concepts
Loading DataStructures
DS ABS:ABS_CENSUS2011_B08_LGA:1.0
Loading Dataflows
Loading Codelists
Codelist: ABS:CL_ABS_CENSUS2011_B08_SA1_SA_MEASURE:1.0 already exists
Loading Concepts
Loading DataStructures
DS ABS:ABS_CENSUS2011_B08_SA1_SA:1.0
Loading Dataflows
Loading Codelists
Codelist: ABS:CL_ABS_CENSUS2011_B09_MEASURE:1.0 already exists
Loading Concepts
Loading DataStructures
DS ABS:ABS_CENSUS2011_B09:1.0
Loading Dataflows
Loading Codelists
Codelist: ABS:CL_ABS_CENSUS2011_B09_LGA_MEASURE:1.0 already exists
Loading Concepts
Loading DataStructures
DS ABS:ABS_CENSUS2011_B09_LGA:1.0
Loading Dataflows
Loading Codelists
Codelist: ABS:CL_ABS_CENSUS2011_B09_SA1_SA_MEASURE:1.0 already exists
Loading Concepts
Loading DataStructures
DS ABS:ABS_CENSUS2011_B09_SA1_SA:1.0
Loading Dataflows
Loading Codelists
Loading Concepts
Loading DataStructures
DS ABS:ABS_CENSUS2011_B10:1.0
Reference
Agency:ABS
MID:STANDALONE_CONCEPT_SCHEME
MVers:null
ID:YARRP
Vers:1.0
Class:Concept
Pack:conceptscheme
Reference
Agency:ABS
MID:STANDALONE_CONCEPT_SCHEME
MVers:null
ID:STATE
Vers:1.0
Class:Concept
Pack:conceptscheme
Reference
Agency:ABS
MID:STANDALONE_CONCEPT_SCHEME
MVers:null
ID:REGIONTYPE
Vers:1.0
Class:Concept
Pack:conceptscheme
Reference
Agency:ABS
MID:STANDALONE_CONCEPT_SCHEME
MVers:null
ID:REGION
Vers:1.0
Class:Concept
Pack:conceptscheme
Reference
Agency:ABS
MID:STANDALONE_CONCEPT_SCHEME
MVers:null
ID:FREQUENCY
Vers:1.0
Class:Concept
Pack:conceptscheme
Reference
Agency:ABS
MID:STANDALONE_CONCEPT_SCHEME
MVers:null
ID:TIME
Vers:1.0
Class:Concept
Pack:conceptscheme
Reference
Agency:ABS
MID:STANDALONE_CONCEPT_SCHEME
MVers:null
ID:MEASURE
Vers:1.0
Class:Concept
Pack:conceptscheme
Reference
Agency:ABS
MID:STANDALONE_CONCEPT_SCHEME
MVers:null
ID:OBS_STATUS
Vers:1.0
Class:Concept
Pack:conceptscheme
Reference
Agency:ABS
MID:STANDALONE_CONCEPT_SCHEME
MVers:null
ID:TIME_FORMAT
Vers:1.0
Class:Concept
Pack:conceptscheme
Reference
Agency:ABS
MID:STANDALONE_CONCEPT_SCHEME
MVers:null
ID:OBS_VALUE
Vers:1.0
Class:Concept
Pack:conceptscheme
Loading Dataflows
Loading: B10 Country of Birth of Person by Year of Arrival in Australia (LGA)
Header=&lt;message:Structure xmlns=&quot;http://www.SDMX.org/resources/SDMXML/schemas/v2_0/structure&quot; xmlns:common=&quot;http://www.SDMX.org/resources/SDMXML/schemas/v2_0/common&quot; xsi:schemaLocation=&quot;http://www.SDMX.org/resources/SDMXML/schemas/v2_0/structure http://www.sdmx.org/docs/2_0/SDMXStructure.xsd http://www.SDMX.org/resources/SDMXML/schemas/v2_0/message http://www.sdmx.org/docs/2_0/SDMXMessage.xsd&quot; xmlns:xsi=&quot;http://www.w3.org/2001/XMLSchema-instance&quot; xmlns:message=&quot;http://www.SDMX.org/resources/SDMXML/schemas/v2_0/message&quot;&gt;&lt;Header xmlns=&quot;http://www.SDMX.org/resources/SDMXML/schemas/v2_0/message&quot;&gt;&lt;ID&gt;none&lt;!--Statistical usage warning
ABS.Stat beta is continuing to be developed.  Data will be updated as soon as possible following its 11:30 am release on the ABS website.
--&gt;&lt;/ID&gt;&lt;Test&gt;false&lt;/Test&gt;&lt;Truncated&gt;false&lt;/Truncated&gt;&lt;Prepared&gt;2020-03-17T01:12:11&lt;/Prepared&gt;&lt;Sender id=&quot;ABS&quot;&gt;&lt;Name xml:lang=&quot;en&quot;&gt;Australian Bureau of Statistics&lt;/Name&gt;&lt;Name xml:lang=&quot;fr&quot;&gt;Australian Bureau of Statistics&lt;/Name&gt;&lt;/Sender&gt;&lt;/Header&gt;&lt;message:CodeLists&gt;&lt;CodeList id=&quot;CL_ABS_CENSUS2011_B10_LGA_MEASURE&quot; agencyID=&quot;ABS&quot;&gt;&lt;Name xml:lang=&quot;en&quot;&gt;Country of Birth of Person&lt;/Name&gt;&lt;Name xml:lang=&quot;fr&quot;&gt;Country of Birth of Person&lt;/Name&gt;&lt;Code value=&quot;TOT&quot;&gt;&lt;Description xml:lang=&quot;en&quot;&gt;Total&lt;/Description&gt;&lt;Description xml:lang=&quot;fr&quot;&gt;Total&lt;/Description&gt;&lt;/Code&gt;&lt;Code value=&quot;3202&quot; parentCode=&quot;TOT&quot;&gt;&lt;Description xml:lang=&quot;en&quot;&gt;Bosnia and Herzegovina&lt;/Description&gt;&lt;Description xml:lang=&quot;fr&quot;&gt;Bosnia and Herzegovina&lt;/Description&gt;&lt;/Code&gt;&lt;Code value=&quot;5102&quot; parentCode=&quot;TOT&quot;&gt;&lt;Description xml:lang=&quot;en&quot;&gt;Cambodia&lt;/Description&gt;&lt;Description xml:lang=&quot;fr&quot;&gt;Cambodia&lt;/Description&gt;&lt;/Code&gt;&lt;Code value=&quot;8102&quot; parentCode=&quot;TOT&quot;&gt;&lt;Description xml:lang=&quot;en&quot;&gt;Canada&lt;/Description&gt;&lt;Description xml:lang=&quot;fr&quot;&gt;Canada&lt;/Description&gt;&lt;/Code&gt;&lt;Code value=&quot;6101&quot; parentCode=&quot;TOT&quot;&gt;&lt;Description xml:lang=&quot;en&quot;&gt;China (excl. SARs and Taiwan)(b)&lt;/Description&gt;&lt;Description xml:lang=&quot;fr&quot;&gt;China (excl. SARs and Taiwan)(b)&lt;/Description&gt;&lt;/Code&gt;&lt;Code value=&quot;3204&quot; parentCode=&quot;TOT&quot;&gt;&lt;Description xml:lang=&quot;en&quot;&gt;Croatia&lt;/Description&gt;&lt;Description xml:lang=&quot;fr&quot;&gt;Croatia&lt;/Description&gt;&lt;/Code&gt;&lt;Code value=&quot;4102&quot; parentCode=&quot;TOT&quot;&gt;&lt;Description xml:lang=&quot;en&quot;&gt;Egypt&lt;/Description&gt;&lt;Description xml:lang=&quot;fr&quot;&gt;Egypt&lt;/Description&gt;&lt;/Code&gt;&lt;Code value=&quot;1502&quot; parentCode=&quot;TOT&quot;&gt;&lt;Description xml:lang=&quot;en&quot;&gt;Fiji&lt;/Description&gt;&lt;Description xml:lang=&quot;fr&quot;&gt;Fiji&lt;/Description&gt;&lt;/Code&gt;&lt;Code value=&quot;3206&quot; parentCode=&quot;TOT&quot;&gt;&lt;Description xml:lang=&quot;en&quot;&gt;Former Yugoslav Republic of Macedonia (FYROM)&lt;/Description&gt;&lt;Description xml:lang=&quot;fr&quot;&gt;Former Yugoslav Republic of Macedonia (FYROM)&lt;/Description&gt;&lt;/Code&gt;&lt;Code value=&quot;2304&quot; parentCode=&quot;TOT&quot;&gt;&lt;Description xml:lang=&quot;en&quot;&gt;Germany&lt;/Description&gt;&lt;Description xml:lang=&quot;fr&quot;&gt;Germany&lt;/Description&gt;&lt;/Code&gt;&lt;Code value=&quot;3207&quot; parentCode=&quot;TOT&quot;&gt;&lt;Description xml:lang=&quot;en&quot;&gt;Greece&lt;/Description&gt;&lt;Description xml:lang=&quot;fr&quot;&gt;Greece&lt;/Description&gt;&lt;/Code&gt;&lt;Code value=&quot;6102&quot; parentCode=&quot;TOT&quot;&gt;&lt;Description xml:lang=&quot;en&quot;&gt;Hong Kong (SAR of China)(b)&lt;/Description&gt;&lt;Description xml:lang=&quot;fr&quot;&gt;Hong Kong (SAR of China)(b)&lt;/Description&gt;&lt;/Code&gt;&lt;Code value=&quot;7103&quot; parentCode=&quot;TOT&quot;&gt;&lt;Description xml:lang=&quot;en&quot;&gt;India&lt;/Description&gt;&lt;Description xml:lang=&quot;fr&quot;&gt;India&lt;/Description&gt;&lt;/Code&gt;&lt;Code value=&quot;5202&quot; parentCode=&quot;TOT&quot;&gt;&lt;Description xml:lang=&quot;en&quot;&gt;Indonesia&lt;/Description&gt;&lt;Description xml:lang=&quot;fr&quot;&gt;Indonesia&lt;/Description&gt;&lt;/Code&gt;&lt;Code value=&quot;4204&quot; parentCode=&quot;TOT&quot;&gt;&lt;Description xml:lang=&quot;en&quot;&gt;Iraq&lt;/Description&gt;&lt;Description xml:lang=&quot;fr&quot;&gt;Iraq&lt;/Description&gt;&lt;/Code&gt;&lt;Code value=&quot;2201&quot; parentCode=&quot;TOT&quot;&gt;&lt;Description xml:lang=&quot;en&quot;&gt;Ireland&lt;/Description&gt;&lt;Description xml:lang=&quot;fr&quot;&gt;Ireland&lt;/Description&gt;&lt;/Code&gt;&lt;Code value=&quot;3104&quot; parentCode=&quot;TOT&quot;&gt;&lt;Description xml:lang=&quot;en&quot;&gt;Italy&lt;/Description&gt;&lt;Description xml:lang=&quot;fr&quot;&gt;Italy&lt;/Description&gt;&lt;/Code&gt;&lt;Code value=&quot;6201&quot; parentCode=&quot;TOT&quot;&gt;&lt;Description xml:lang=&quot;en&quot;&gt;Japan&lt;/Description&gt;&lt;Description xml:lang=&quot;fr&quot;&gt;Japan&lt;/Description&gt;&lt;/Code&gt;&lt;Code value=&quot;6203&quot; parentCode=&quot;TOT&quot;&gt;&lt;Description xml:lang=&quot;en&quot;&gt;Korea, Republic of (South)&lt;/Description&gt;&lt;Description xml:lang=&quot;fr&quot;&gt;Korea, Republic of (South)&lt;/Description&gt;&lt;/Code&gt;&lt;Code value=&quot;4208&quot; parentCode=&quot;TOT&quot;&gt;&lt;Description xml:lang=&quot;en&quot;&gt;Lebanon&lt;/Description&gt;&lt;Description xml:lang=&quot;fr&quot;&gt;Lebanon&lt;/Description&gt;&lt;/Code&gt;&lt;Code value=&quot;5203&quot; parentCode=&quot;TOT&quot;&gt;&lt;Description xml:lang=&quot;en&quot;&gt;Malaysia&lt;/Description&gt;&lt;Description xml:lang=&quot;fr&quot;&gt;Malaysia&lt;/Description&gt;&lt;/Code&gt;&lt;Code value=&quot;3105&quot; parentCode=&quot;TOT&quot;&gt;&lt;Description xml:lang=&quot;en&quot;&gt;Malta&lt;/Description&gt;&lt;Description xml:lang=&quot;fr&quot;&gt;Malta&lt;/Description&gt;&lt;/Code&gt;&lt;Code value=&quot;2308&quot; parentCode=&quot;TOT&quot;&gt;&lt;Description xml:lang=&quot;en&quot;&gt;Netherlands&lt;/Description&gt;&lt;Description xml:lang=&quot;fr&quot;&gt;Netherlands&lt;/Description&gt;&lt;/Code&gt;&lt;Code value=&quot;1201&quot; parentCode=&quot;TOT&quot;&gt;&lt;Description xml:lang=&quot;en&quot;&gt;New Zealand&lt;/Description&gt;&lt;Description xml:lang=&quot;fr&quot;&gt;New Zealand&lt;/Description&gt;&lt;/Code&gt;&lt;Code value=&quot;5204&quot; parentCode=&quot;TOT&quot;&gt;&lt;Description xml:lang=&quot;en&quot;&gt;Philippines&lt;/Description&gt;&lt;Description xml:lang=&quot;fr&quot;&gt;Philippines&lt;/Description&gt;&lt;/Code&gt;&lt;Code value=&quot;3307&quot; parentCode=&quot;TOT&quot;&gt;&lt;Description xml:lang=&quot;en&quot;&gt;Poland&lt;/Description&gt;&lt;Description xml:lang=&quot;fr&quot;&gt;Poland&lt;/Description&gt;&lt;/Code&gt;&lt;Code value=&quot;5205&quot; parentCode=&quot;TOT&quot;&gt;&lt;Description xml:lang=&quot;en&quot;&gt;Singapore&lt;/Description&gt;&lt;Description xml:lang=&quot;fr&quot;&gt;Singapore&lt;/Description&gt;&lt;/Code&gt;&lt;Code value=&quot;9225&quot; parentCode=&quot;TOT&quot;&gt;&lt;Description xml:lang=&quot;en&quot;&gt;South Africa&lt;/Description&gt;&lt;Description xml:lang=&quot;fr&quot;&gt;South Africa&lt;/Description&gt;&lt;/Code&gt;&lt;Code value=&quot;3200&quot; parentCode=&quot;TOT&quot;&gt;&lt;Description xml:lang=&quot;en&quot;&gt;South Eastern Europe, nfd(c)&lt;/Description&gt;&lt;Description xml:lang=&quot;fr&quot;&gt;South Eastern Europe, nfd(c)&lt;/Description&gt;&lt;/Code&gt;&lt;Code value=&quot;7107&quot; parentCode=&quot;TOT&quot;&gt;&lt;Description xml:lang=&quot;en&quot;&gt;Sri Lanka&lt;/Description&gt;&lt;Description xml:lang=&quot;fr&quot;&gt;Sri Lanka&lt;/Description&gt;&lt;/Code&gt;&lt;Code value=&quot;5104&quot; parentCode=&quot;TOT&quot;&gt;&lt;Description xml:lang=&quot;en&quot;&gt;Thailand&lt;/Description&gt;&lt;Description xml:lang=&quot;fr&quot;&gt;Thailand&lt;/Description&gt;&lt;/Code&gt;&lt;Code value=&quot;4215&quot; parentCode=&quot;TOT&quot;&gt;&lt;Description xml:lang=&quot;en&quot;&gt;Turkey&lt;/Description&gt;&lt;Description xml:lang=&quot;fr&quot;&gt;Turkey&lt;/Description&gt;&lt;/Code&gt;&lt;Code value=&quot;2100&quot; parentCode=&quot;TOT&quot;&gt;&lt;Description xml:lang=&quot;en&quot;&gt;United Kingdom, Channel Islands and Isle of Man(d)&lt;/Description&gt;&lt;Description xml:lang=&quot;fr&quot;&gt;United Kingdom, Channel Islands and Isle of Man(d)&lt;/Description&gt;&lt;/Code&gt;&lt;Code value=&quot;8104&quot; parentCode=&quot;TOT&quot;&gt;&lt;Description xml:lang=&quot;en&quot;&gt;United States of America&lt;/Description&gt;&lt;Description xml:lang=&quot;fr&quot;&gt;United States of America&lt;/Description&gt;&lt;/Code&gt;&lt;Code value=&quot;5105&quot; parentCode=&quot;TOT&quot;&gt;&lt;Description xml:lang=&quot;en&quot;&gt;Vietnam&lt;/Description&gt;&lt;Description xml:lang=&quot;fr&quot;&gt;Vietnam&lt;/Description&gt;&lt;/Code&gt;&lt;Code value=&quot;BE&quot; parentCode=&quot;TOT&quot;&gt;&lt;Description xml:lang=&quot;en&quot;&gt;Born elsewhere(e)&lt;/Description&gt;&lt;Description xml:lang=&quot;fr&quot;&gt;Born elsewhere(e)&lt;/Description&gt;&lt;/Code&gt;&lt;/CodeList&gt;&lt;CodeList id=&quot;CL_ABS_CENSUS2011_B10_LGA_YARRP&quot; agencyID=&quot;ABS&quot;&gt;&lt;Name xml:lang=&quot;en&quot;&gt;Year of Arrival in Australia&lt;/Name&gt;&lt;Name xml:lang=&quot;fr&quot;&gt;Year of Arrival in Australia&lt;/Name&gt;&lt;Code value=&quot;TOT&quot;&gt;&lt;Description xml:lang=&quot;en&quot;&gt;Total&lt;/Description&gt;&lt;Description xml:lang=&quot;fr&quot;&gt;Total&lt;/Description&gt;&lt;/Code&gt;&lt;Code value=&quot;1&quot; parentCode=&quot;TOT&quot;&gt;&lt;Description xml:lang=&quot;en&quot;&gt;Before 1941&lt;/Description&gt;&lt;Description xml:lang=&quot;fr&quot;&gt;Before 1941&lt;/Description&gt;&lt;/Code&gt;&lt;Code value=&quot;2&quot; parentCode=&quot;TOT&quot;&gt;&lt;Description xml:lang=&quot;en&quot;&gt;1941-1950&lt;/Description&gt;&lt;Description xml:lang=&quot;fr&quot;&gt;1941-1950&lt;/Description&gt;&lt;/Code&gt;&lt;Code value=&quot;3&quot; parentCode=&quot;TOT&quot;&gt;&lt;Description xml:lang=&quot;en&quot;&gt;1951-1960&lt;/Description&gt;&lt;Description xml:lang=&quot;fr&quot;&gt;1951-1960&lt;/Description&gt;&lt;/Code&gt;&lt;Code value=&quot;4&quot; parentCode=&quot;TOT&quot;&gt;&lt;Description xml:lang=&quot;en&quot;&gt;1961-1970&lt;/Description&gt;&lt;Description xml:lang=&quot;fr&quot;&gt;1961-1970&lt;/Description&gt;&lt;/Code&gt;&lt;Code value=&quot;5&quot; parentCode=&quot;TOT&quot;&gt;&lt;Description xml:lang=&quot;en&quot;&gt;1971-1980&lt;/Description&gt;&lt;Description xml:lang=&quot;fr&quot;&gt;1971-1980&lt;/Description&gt;&lt;/Code&gt;&lt;Code value=&quot;6&quot; parentCode=&quot;TOT&quot;&gt;&lt;Description xml:lang=&quot;en&quot;&gt;1981-1990&lt;/Description&gt;&lt;Description xml:lang=&quot;fr&quot;&gt;1981-1990&lt;/Description&gt;&lt;/Code&gt;&lt;Code value=&quot;7&quot; parentCode=&quot;TOT&quot;&gt;&lt;Description xml:lang=&quot;en&quot;&gt;1991-2000&lt;/Description&gt;&lt;Description xml:lang=&quot;fr&quot;&gt;1991-2000&lt;/Description&gt;&lt;/Code&gt;&lt;Code value=&quot;8&quot; parentCode=&quot;TOT&quot;&gt;&lt;Description xml:lang=&quot;en&quot;&gt;2001-2005&lt;/Description&gt;&lt;Description xml:lang=&quot;fr&quot;&gt;2001-2005&lt;/Description&gt;&lt;/Code&gt;&lt;Code value=&quot;2006&quot; parentCode=&quot;TOT&quot;&gt;&lt;Description xml:lang=&quot;en&quot;&gt;2006&lt;/Description&gt;&lt;Description xml:lang=&quot;fr&quot;&gt;2006&lt;/Description&gt;&lt;/Code&gt;&lt;Code value=&quot;2007&quot; parent
Input 3202 does not match Pattern:[A-z][A-z0-9_\-]* for class:NCNameID
Input 5102 does not match Pattern:[A-z][A-z0-9_\-]* for class:NCNameID
Input 8102 does not match Pattern:[A-z][A-z0-9_\-]* for class:NCNameID
Input 6101 does not match Pattern:[A-z][A-z0-9_\-]* for class:NCNameID
Input 3204 does not match Pattern:[A-z][A-z0-9_\-]* for class:NCNameID
Input 4102 does not match Pattern:[A-z][A-z0-9_\-]* for class:NCNameID
Input 1502 does not match Pattern:[A-z][A-z0-9_\-]* for class:NCNameID
Input 3206 does not match Pattern:[A-z][A-z0-9_\-]* for class:NCNameID
Input 2304 does not match Pattern:[A-z][A-z0-9_\-]* for class:NCNameID
Input 3207 does not match Pattern:[A-z][A-z0-9_\-]* for class:NCNameID
Input 6102 does not match Pattern:[A-z][A-z0-9_\-]* for class:NCNameID
Input 7103 does not match Pattern:[A-z][A-z0-9_\-]* for class:NCNameID
Input 5202 does not match Pattern:[A-z][A-z0-9_\-]* for class:NCNameID
Input 4204 does not match Pattern:[A-z][A-z0-9_\-]* for class:NCNameID
Input 2201 does not match Pattern:[A-z][A-z0-9_\-]* for class:NCNameID
Input 3104 does not match Pattern:[A-z][A-z0-9_\-]* for class:NCNameID
Input 6201 does not match Pattern:[A-z][A-z0-9_\-]* for class:NCNameID
Input 6203 does not match Pattern:[A-z][A-z0-9_\-]* for class:NCNameID
Input 4208 does not match Pattern:[A-z][A-z0-9_\-]* for class:NCNameID
Input 5203 does not match Pattern:[A-z][A-z0-9_\-]* for class:NCNameID
Input 3105 does not match Pattern:[A-z][A-z0-9_\-]* for class:NCNameID
Input 2308 does not match Pattern:[A-z][A-z0-9_\-]* for class:NCNameID
Input 1201 does not match Pattern:[A-z][A-z0-9_\-]* for class:NCNameID
Input 5204 does not match Pattern:[A-z][A-z0-9_\-]* for class:NCNameID
Input 3307 does not match Pattern:[A-z][A-z0-9_\-]* for class:NCNameID
Input 5205 does not match Pattern:[A-z][A-z0-9_\-]* for class:NCNameID
Input 9225 does not match Pattern:[A-z][A-z0-9_\-]* for class:NCNameID
Input 3200 does not match Pattern:[A-z][A-z0-9_\-]* for class:NCNameID
Input 7107 does not match Pattern:[A-z][A-z0-9_\-]* for class:NCNameID
Input 5104 does not match Pattern:[A-z][A-z0-9_\-]* for class:NCNameID
Input 4215 does not match Pattern:[A-z][A-z0-9_\-]* for class:NCNameID
Input 2100 does not match Pattern:[A-z][A-z0-9_\-]* for class:NCNameID
Input 8104 does not match Pattern:[A-z][A-z0-9_\-]* for class:NCNameID
Input 5105 does not match Pattern:[A-z][A-z0-9_\-]* for class:NCNameID
Loading Codelists
Codelist: ABS:CL_ATSI_BIRTHS_SUMM_MEASURE:1.0 already exists
Loading Concepts
Loading DataStructures
DS ABS:ATSI_BIRTHS_SUMM:1.0
Loading Dataflows
Loading Codelists
Codelist: ABS:CL_ATSI_FERTILITY_MEASURE:1.0 already exists
Loading Concepts
Loading DataStructures
DS ABS:ATSI_FERTILITY:1.0
Loading Dataflows
Loading Codelists
Codelist: ABS:CL_ALC_TYP:1.0 already exists
Loading Concepts
Loading DataStructures
DS ABS:ALC:1.0
Loading Dataflows
Loading Codelists
Codelist: ABS:CL_ABS_ACLD_LFSTATUS_SEX_ABS:1.0 already exists
Loading Concepts
Loading DataStructures
DS ABS:ABS_ACLD_LFSTATUS:1.0
Loading Dataflows
Loading Codelists
Codelist: ABS:CL_ABS_ACLD_TENURE_SEX_ABS:1.0 already exists
Loading Concepts
Loading DataStructures
DS ABS:ABS_ACLD_TENURE:1.0
Loading Dataflows
Loading Codelists
Codelist: ABS:CL_ABS_ACLD_UNPAIDASST_SEX_ABS:1.0 already exists
Loading Concepts
Loading DataStructures
DS ABS:ABS_ACLD_UNPAIDASST:1.0
Loading Dataflows
Loading Codelists
Codelist: ABS:CL_ABS_ACLD_VOLWORK_SEX_ABS:1.0 already exists
Loading Concepts
Loading DataStructures
DS ABS:ABS_ACLD_VOLWORK:1.0
Loading Dataflows
Loading Codelists
Codelist: ABS:CL_AMLPS_PART_2017_MEASURE:1.0 already exists
Loading Concepts
Loading DataStructures
DS ABS:AMLPS_PART_2017:1.0
Loading Dataflows
Loading Codelists
Codelist: ABS:CL_AMLPS_RESP_2017_RESPONSE_CAT:1.0 already exists
Loading Concepts
Loading DataStructures
DS ABS:AMLPS_RESP_2017:1.0
Loading Dataflows
Loading Codelists
Codelist: ABS:CL_ABS_CENSUS2011_B01_MEASURE:1.0 already exists
Loading Concepts
Loading DataStructures
DS ABS:ABS_CENSUS2011_B01:1.0
Loading Dataflows
Loading Codelists
Codelist: ABS:CL_ABS_CENSUS2011_B01_LGA_MEASURE:1.0 already exists
Loading Concepts
Loading DataStructures
DS ABS:ABS_CENSUS2011_B01_LGA:1.0
Loading Dataflows
Loading Codelists
Codelist: ABS:CL_ABS_CENSUS2011_B01_SA1_SA_MEASURE:1.0 already exists
Loading Concepts
Loading DataStructures
DS ABS:ABS_CENSUS2011_B01_SA1_SA:1.0
Loading Dataflows
Loading Codelists
Codelist: ABS:CL_ABS_CENSUS2011_B02_MEASURE:1.0 already exists
Loading Concepts
Loading DataStructures
DS ABS:ABS_CENSUS2011_B02:1.0
Loading Dataflows
Loading Codelists
Codelist: ABS:CL_ABS_CENSUS2011_B02_LGA_MEASURE:1.0 already exists
Loading Concepts
Loading DataStructures
DS ABS:ABS_CENSUS2011_B02_LGA:1.0
Loading Dataflows
Loading Codelists
Codelist: ABS:CL_ABS_CENSUS2011_B02_SA1_SA_MEASURE:1.0 already exists
Loading Concepts
Loading DataStructures
DS ABS:ABS_CENSUS2011_B02_SA1_SA:1.0
Loading Dataflows
Loading Codelists
Codelist: ABS:CL_ABS_CENSUS2011_B03_LGA_MEASURE:1.0 already exists
Loading Concepts
Loading DataStructures
DS ABS:ABS_CENSUS2011_B03_LGA:1.0
Loading Dataflows
Loading Codelists
Codelist: ABS:CL_ABS_CENSUS2011_B03_MEASURE:1.0 already exists
Loading Concepts
Loading DataStructures
DS ABS:ABS_CENSUS2011_B03:1.0
Loading Dataflows
Loading Codelists
Codelist: ABS:CL_ABS_CENSUS2011_B03_SA1_SA_MEASURE:1.0 already exists
Loading Concepts
Loading DataStructures
DS ABS:ABS_CENSUS2011_B03_SA1_SA:1.0
Loading Dataflows
Loading Codelists
Codelist: ABS:CL_ABS_CENSUS2011_B04_MEASURE:1.0 already exists
Loading Concepts
Loading DataStructures
DS ABS:ABS_CENSUS2011_B04:1.0
Loading Dataflows
Loading Codelists
Codelist: ABS:CL_ABS_CENSUS2011_B04_LGA_MEASURE:1.0 already exists
Loading Concepts
Loading DataStructures
DS ABS:ABS_CENSUS2011_B04_LGA:1.0
Loading Dataflows
Loading Codelists
Codelist: ABS:CL_ABS_CENSUS2011_B04_SA1_SA_MEASURE:1.0 already exists
Loading Concepts
Loading DataStructures
DS ABS:ABS_CENSUS2011_B04_SA1_SA:1.0
Loading Dataflows
Loading Codelists
Codelist: ABS:CL_ABS_CENSUS2011_B05_MEASURE:1.0 already exists
Loading Concepts
Loading DataStructures
DS ABS:ABS_CENSUS2011_B05:1.0
Loading Dataflows
Loading Codelists
Codelist: ABS:CL_ABS_CENSUS2011_B05_LGA_MEASURE:1.0 already exists
Loading Concepts
Loading DataStructures
DS ABS:ABS_CENSUS2011_B05_LGA:1.0
Loading Dataflows
Loading Codelists
Codelist: ABS:CL_ABS_CENSUS2011_B05_SA1_SA_MEASURE:1.0 already exists
Loading Concepts
Loading DataStructures
DS ABS:ABS_CENSUS2011_B05_SA1_SA:1.0
Loading Dataflows
Loading Codelists
Codelist: ABS:CL_ABS_CENSUS2011_B06_MEASURE:1.0 already exists
Loading Concepts
Loading DataStructures
DS ABS:ABS_CENSUS2011_B06:1.0
Loading Dataflows
Loading Codelists
Codelist: ABS:CL_ABS_CENSUS2011_B06_LGA_MEASURE:1.0 already exists
Loading Concepts
Loading DataStructures
DS ABS:ABS_CENSUS2011_B06_LGA:1.0
Loading Dataflows
Loading Codelists
Codelist: ABS:CL_ABS_CENSUS2011_B06_SA1_SA_MEASURE:1.0 already exists
Loading Concepts
Loading DataStructures
DS ABS:ABS_CENSUS2011_B06_SA1_SA:1.0
Loading Dataflows
Loading Codelists
Codelist: ABS:CL_ABS_CENSUS2011_B07_MEASURE:1.0 already exists
Loading Concepts
Loading DataStructures
DS ABS:ABS_CENSUS2011_B07:1.0
Loading Dataflows
Loading Codelists
Codelist: ABS:CL_ABS_CENSUS2011_B07_LGA_MEASURE:1.0 already exists
Loading Concepts
Loading DataStructures
DS ABS:ABS_CENSUS2011_B07_LGA:1.0
Loading Dataflows
Loading Codelists
Codelist: ABS:CL_ABS_CENSUS2011_B07_SA1_SA_MEASURE:1.0 already exists
Loading Concepts
Loading DataStructures
DS ABS:ABS_CENSUS2011_B07_SA1_SA:1.0
Loading Dataflows
Loading Codelists
Codelist: ABS:CL_ABS_CENSUS2011_B08_MEASURE:1.0 already exists
Loading Concepts
Loading DataStructures
DS ABS:ABS_CENSUS2011_B08:1.0
Loading Dataflows
Loading Codelists
Codelist: ABS:CL_ABS_CENSUS2011_B08_LGA_MEASURE:1.0 already exists
Loading Concepts
Loading DataStructures
DS ABS:ABS_CENSUS2011_B08_LGA:1.0
Loading Dataflows
Loading Codelists
Codelist: ABS:CL_ABS_CENSUS2011_B08_SA1_SA_MEASURE:1.0 already exists
Loading Concepts
Loading DataStructures
DS ABS:ABS_CENSUS2011_B08_SA1_SA:1.0
Loading Dataflows
Loading Codelists
Codelist: ABS:CL_ABS_CENSUS2011_B09_MEASURE:1.0 already exists
Loading Concepts
Loading DataStructures
DS ABS:ABS_CENSUS2011_B09:1.0
Loading Dataflows
Loading Codelists
Codelist: ABS:CL_ABS_CENSUS2011_B09_LGA_MEASURE:1.0 already exists
Loading Concepts
Loading DataStructures
DS ABS:ABS_CENSUS2011_B09_LGA:1.0
Loading Dataflows
Loading Codelists
Codelist: ABS:CL_ABS_CENSUS2011_B09_SA1_SA_MEASURE:1.0 already exists
Loading Concepts
Loading DataStructures
DS ABS:ABS_CENSUS2011_B09_SA1_SA:1.0
Loading Dataflows
Loading Codelists
Codelist: ABS:CL_ABS_CENSUS2011_B10_MEASURE:1.0 already exists
Loading Concepts
Loading DataStructures
DS ABS:ABS_CENSUS2011_B10:1.0
Loading Dataflows
Loading Codelists
Loading Concepts
Loading DataStructures
DS ABS:ABS_CENSUS2011_B10_LGA:1.0
Reference
Agency:ABS
MID:STANDALONE_CONCEPT_SCHEME
MVers:null
ID:YARRP
Vers:1.0
Class:Concept
Pack:conceptscheme
Reference
Agency:ABS
MID:STANDALONE_CONCEPT_SCHEME
MVers:null
ID:STATE
Vers:1.0
Class:Concept
Pack:conceptscheme
Reference
Agency:ABS
MID:STANDALONE_CONCEPT_SCHEME
MVers:null
ID:REGIONTYPE
Vers:1.0
Class:Concept
Pack:conceptscheme
Reference
Agency:ABS
MID:STANDALONE_CONCEPT_SCHEME
MVers:null
ID:REGION
Vers:1.0
Class:Concept
Pack:conceptscheme
Reference
Agency:ABS
MID:STANDALONE_CONCEPT_SCHEME
MVers:null
ID:FREQUENCY
Vers:1.0
Class:Concept
Pack:conceptscheme
Reference
Agency:ABS
MID:STANDALONE_CONCEPT_SCHEME
MVers:null
ID:TIME
Vers:1.0
Class:Concept
Pack:conceptscheme
Reference
Agency:ABS
MID:STANDALONE_CONCEPT_SCHEME
MVers:null
ID:MEASURE
Vers:1.0
Class:Concept
Pack:conceptscheme
Reference
Agency:ABS
MID:STANDALONE_CONCEPT_SCHEME
MVers:null
ID:OBS_STATUS
Vers:1.0
Class:Concept
Pack:conceptscheme
Reference
Agency:ABS
MID:STANDALONE_CONCEPT_SCHEME
MVers:null
ID:TIME_FORMAT
Vers:1.0
Class:Concept
Pack:conceptscheme
Reference
Agency:ABS
MID:STANDALONE_CONCEPT_SCHEME
MVers:null
ID:OBS_VALUE
Vers:1.0
Class:Concept
Pack:conceptscheme
Loading Dataflows
Loading: B10 Country of Birth of Person by Year of Arrival in Australia(SA1 SA)
Header=&lt;message:Structure xmlns=&quot;http://www.SDMX.org/resources/SDMXML/schemas/v2_0/structure&quot; xmlns:common=&quot;http://www.SDMX.org/resources/SDMXML/schemas/v2_0/common&quot; xsi:schemaLocation=&quot;http://www.SDMX.org/resources/SDMXML/schemas/v2_0/structure http://www.sdmx.org/docs/2_0/SDMXStructure.xsd http://www.SDMX.org/resources/SDMXML/schemas/v2_0/message http://www.sdmx.org/docs/2_0/SDMXMessage.xsd&quot; xmlns:xsi=&quot;http://www.w3.org/2001/XMLSchema-instance&quot; xmlns:message=&quot;http://www.SDMX.org/resources/SDMXML/schemas/v2_0/message&quot;&gt;&lt;Header xmlns=&quot;http://www.SDMX.org/resources/SDMXML/schemas/v2_0/message&quot;&gt;&lt;ID&gt;none&lt;!--Statistical usage warning
ABS.Stat beta is continuing to be developed.  Data will be updated as soon as possible following its 11:30 am release on the ABS website.
--&gt;&lt;/ID&gt;&lt;Test&gt;false&lt;/Test&gt;&lt;Truncated&gt;false&lt;/Truncated&gt;&lt;Prepared&gt;2020-03-17T01:12:28&lt;/Prepared&gt;&lt;Sender id=&quot;ABS&quot;&gt;&lt;Name xml:lang=&quot;en&quot;&gt;Australian Bureau of Statistics&lt;/Name&gt;&lt;Name xml:lang=&quot;fr&quot;&gt;Australian Bureau of Statistics&lt;/Name&gt;&lt;/Sender&gt;&lt;/Header&gt;&lt;message:CodeLists&gt;&lt;CodeList id=&quot;CL_ABS_CENSUS2011_B10_SA1_SA_MEASURE&quot; agencyID=&quot;ABS&quot;&gt;&lt;Name xml:lang=&quot;en&quot;&gt;Country of Birth of Person&lt;/Name&gt;&lt;Name xml:lang=&quot;fr&quot;&gt;Country of Birth of Person&lt;/Name&gt;&lt;Code value=&quot;TOT&quot;&gt;&lt;Description xml:lang=&quot;en&quot;&gt;Total&lt;/Description&gt;&lt;Description xml:lang=&quot;fr&quot;&gt;Total&lt;/Description&gt;&lt;/Code&gt;&lt;Code value=&quot;3202&quot; parentCode=&quot;TOT&quot;&gt;&lt;Description xml:lang=&quot;en&quot;&gt;Bosnia and Herzegovina&lt;/Description&gt;&lt;Description xml:lang=&quot;fr&quot;&gt;Bosnia and Herzegovina&lt;/Description&gt;&lt;/Code&gt;&lt;Code value=&quot;5102&quot; parentCode=&quot;TOT&quot;&gt;&lt;Description xml:lang=&quot;en&quot;&gt;Cambodia&lt;/Description&gt;&lt;Description xml:lang=&quot;fr&quot;&gt;Cambodia&lt;/Description&gt;&lt;/Code&gt;&lt;Code value=&quot;8102&quot; parentCode=&quot;TOT&quot;&gt;&lt;Description xml:lang=&quot;en&quot;&gt;Canada&lt;/Description&gt;&lt;Description xml:lang=&quot;fr&quot;&gt;Canada&lt;/Description&gt;&lt;/Code&gt;&lt;Code value=&quot;6101&quot; parentCode=&quot;TOT&quot;&gt;&lt;Description xml:lang=&quot;en&quot;&gt;China (excl. SARs and Taiwan)(b)&lt;/Description&gt;&lt;Description xml:lang=&quot;fr&quot;&gt;China (excl. SARs and Taiwan)(b)&lt;/Description&gt;&lt;/Code&gt;&lt;Code value=&quot;3204&quot; parentCode=&quot;TOT&quot;&gt;&lt;Description xml:lang=&quot;en&quot;&gt;Croatia&lt;/Description&gt;&lt;Description xml:lang=&quot;fr&quot;&gt;Croatia&lt;/Description&gt;&lt;/Code&gt;&lt;Code value=&quot;4102&quot; parentCode=&quot;TOT&quot;&gt;&lt;Description xml:lang=&quot;en&quot;&gt;Egypt&lt;/Description&gt;&lt;Description xml:lang=&quot;fr&quot;&gt;Egypt&lt;/Description&gt;&lt;/Code&gt;&lt;Code value=&quot;1502&quot; parentCode=&quot;TOT&quot;&gt;&lt;Description xml:lang=&quot;en&quot;&gt;Fiji&lt;/Description&gt;&lt;Description xml:lang=&quot;fr&quot;&gt;Fiji&lt;/Description&gt;&lt;/Code&gt;&lt;Code value=&quot;3206&quot; parentCode=&quot;TOT&quot;&gt;&lt;Description xml:lang=&quot;en&quot;&gt;Former Yugoslav Republic of Macedonia (FYROM)&lt;/Description&gt;&lt;Description xml:lang=&quot;fr&quot;&gt;Former Yugoslav Republic of Macedonia (FYROM)&lt;/Description&gt;&lt;/Code&gt;&lt;Code value=&quot;2304&quot; parentCode=&quot;TOT&quot;&gt;&lt;Description xml:lang=&quot;en&quot;&gt;Germany&lt;/Description&gt;&lt;Description xml:lang=&quot;fr&quot;&gt;Germany&lt;/Description&gt;&lt;/Code&gt;&lt;Code value=&quot;3207&quot; parentCode=&quot;TOT&quot;&gt;&lt;Description xml:lang=&quot;en&quot;&gt;Greece&lt;/Description&gt;&lt;Description xml:lang=&quot;fr&quot;&gt;Greece&lt;/Description&gt;&lt;/Code&gt;&lt;Code value=&quot;6102&quot; parentCode=&quot;TOT&quot;&gt;&lt;Description xml:lang=&quot;en&quot;&gt;Hong Kong (SAR of China)(b)&lt;/Description&gt;&lt;Description xml:lang=&quot;fr&quot;&gt;Hong Kong (SAR of China)(b)&lt;/Description&gt;&lt;/Code&gt;&lt;Code value=&quot;7103&quot; parentCode=&quot;TOT&quot;&gt;&lt;Description xml:lang=&quot;en&quot;&gt;India&lt;/Description&gt;&lt;Description xml:lang=&quot;fr&quot;&gt;India&lt;/Description&gt;&lt;/Code&gt;&lt;Code value=&quot;5202&quot; parentCode=&quot;TOT&quot;&gt;&lt;Description xml:lang=&quot;en&quot;&gt;Indonesia&lt;/Description&gt;&lt;Description xml:lang=&quot;fr&quot;&gt;Indonesia&lt;/Description&gt;&lt;/Code&gt;&lt;Code value=&quot;4204&quot; parentCode=&quot;TOT&quot;&gt;&lt;Description xml:lang=&quot;en&quot;&gt;Iraq&lt;/Description&gt;&lt;Description xml:lang=&quot;fr&quot;&gt;Iraq&lt;/Description&gt;&lt;/Code&gt;&lt;Code value=&quot;2201&quot; parentCode=&quot;TOT&quot;&gt;&lt;Description xml:lang=&quot;en&quot;&gt;Ireland&lt;/Description&gt;&lt;Description xml:lang=&quot;fr&quot;&gt;Ireland&lt;/Description&gt;&lt;/Code&gt;&lt;Code value=&quot;3104&quot; parentCode=&quot;TOT&quot;&gt;&lt;Description xml:lang=&quot;en&quot;&gt;Italy&lt;/Description&gt;&lt;Description xml:lang=&quot;fr&quot;&gt;Italy&lt;/Description&gt;&lt;/Code&gt;&lt;Code value=&quot;6201&quot; parentCode=&quot;TOT&quot;&gt;&lt;Description xml:lang=&quot;en&quot;&gt;Japan&lt;/Description&gt;&lt;Description xml:lang=&quot;fr&quot;&gt;Japan&lt;/Description&gt;&lt;/Code&gt;&lt;Code value=&quot;6203&quot; parentCode=&quot;TOT&quot;&gt;&lt;Description xml:lang=&quot;en&quot;&gt;Korea, Republic of (South)&lt;/Description&gt;&lt;Description xml:lang=&quot;fr&quot;&gt;Korea, Republic of (South)&lt;/Description&gt;&lt;/Code&gt;&lt;Code value=&quot;4208&quot; parentCode=&quot;TOT&quot;&gt;&lt;Description xml:lang=&quot;en&quot;&gt;Lebanon&lt;/Description&gt;&lt;Description xml:lang=&quot;fr&quot;&gt;Lebanon&lt;/Description&gt;&lt;/Code&gt;&lt;Code value=&quot;5203&quot; parentCode=&quot;TOT&quot;&gt;&lt;Description xml:lang=&quot;en&quot;&gt;Malaysia&lt;/Description&gt;&lt;Description xml:lang=&quot;fr&quot;&gt;Malaysia&lt;/Description&gt;&lt;/Code&gt;&lt;Code value=&quot;3105&quot; parentCode=&quot;TOT&quot;&gt;&lt;Description xml:lang=&quot;en&quot;&gt;Malta&lt;/Description&gt;&lt;Description xml:lang=&quot;fr&quot;&gt;Malta&lt;/Description&gt;&lt;/Code&gt;&lt;Code value=&quot;2308&quot; parentCode=&quot;TOT&quot;&gt;&lt;Description xml:lang=&quot;en&quot;&gt;Netherlands&lt;/Description&gt;&lt;Description xml:lang=&quot;fr&quot;&gt;Netherlands&lt;/Description&gt;&lt;/Code&gt;&lt;Code value=&quot;1201&quot; parentCode=&quot;TOT&quot;&gt;&lt;Description xml:lang=&quot;en&quot;&gt;New Zealand&lt;/Description&gt;&lt;Description xml:lang=&quot;fr&quot;&gt;New Zealand&lt;/Description&gt;&lt;/Code&gt;&lt;Code value=&quot;5204&quot; parentCode=&quot;TOT&quot;&gt;&lt;Description xml:lang=&quot;en&quot;&gt;Philippines&lt;/Description&gt;&lt;Description xml:lang=&quot;fr&quot;&gt;Philippines&lt;/Description&gt;&lt;/Code&gt;&lt;Code value=&quot;3307&quot; parentCode=&quot;TOT&quot;&gt;&lt;Description xml:lang=&quot;en&quot;&gt;Poland&lt;/Description&gt;&lt;Description xml:lang=&quot;fr&quot;&gt;Poland&lt;/Description&gt;&lt;/Code&gt;&lt;Code value=&quot;5205&quot; parentCode=&quot;TOT&quot;&gt;&lt;Description xml:lang=&quot;en&quot;&gt;Singapore&lt;/Description&gt;&lt;Description xml:lang=&quot;fr&quot;&gt;Singapore&lt;/Description&gt;&lt;/Code&gt;&lt;Code value=&quot;9225&quot; parentCode=&quot;TOT&quot;&gt;&lt;Description xml:lang=&quot;en&quot;&gt;South Africa&lt;/Description&gt;&lt;Description xml:lang=&quot;fr&quot;&gt;South Africa&lt;/Description&gt;&lt;/Code&gt;&lt;Code value=&quot;3200&quot; parentCode=&quot;TOT&quot;&gt;&lt;Description xml:lang=&quot;en&quot;&gt;South Eastern Europe, nfd(c)&lt;/Description&gt;&lt;Description xml:lang=&quot;fr&quot;&gt;South Eastern Europe, nfd(c)&lt;/Description&gt;&lt;/Code&gt;&lt;Code value=&quot;7107&quot; parentCode=&quot;TOT&quot;&gt;&lt;Description xml:lang=&quot;en&quot;&gt;Sri Lanka&lt;/Description&gt;&lt;Description xml:lang=&quot;fr&quot;&gt;Sri Lanka&lt;/Description&gt;&lt;/Code&gt;&lt;Code value=&quot;5104&quot; parentCode=&quot;TOT&quot;&gt;&lt;Description xml:lang=&quot;en&quot;&gt;Thailand&lt;/Description&gt;&lt;Description xml:lang=&quot;fr&quot;&gt;Thailand&lt;/Description&gt;&lt;/Code&gt;&lt;Code value=&quot;4215&quot; parentCode=&quot;TOT&quot;&gt;&lt;Description xml:lang=&quot;en&quot;&gt;Turkey&lt;/Description&gt;&lt;Description xml:lang=&quot;fr&quot;&gt;Turkey&lt;/Description&gt;&lt;/Code&gt;&lt;Code value=&quot;2100&quot; parentCode=&quot;TOT&quot;&gt;&lt;Description xml:lang=&quot;en&quot;&gt;United Kingdom, Channel Islands and Isle of Man(d)&lt;/Description&gt;&lt;Description xml:lang=&quot;fr&quot;&gt;United Kingdom, Channel Islands and Isle of Man(d)&lt;/Description&gt;&lt;/Code&gt;&lt;Code value=&quot;8104&quot; parentCode=&quot;TOT&quot;&gt;&lt;Description xml:lang=&quot;en&quot;&gt;United States of America&lt;/Description&gt;&lt;Description xml:lang=&quot;fr&quot;&gt;United States of America&lt;/Description&gt;&lt;/Code&gt;&lt;Code value=&quot;5105&quot; parentCode=&quot;TOT&quot;&gt;&lt;Description xml:lang=&quot;en&quot;&gt;Vietnam&lt;/Description&gt;&lt;Description xml:lang=&quot;fr&quot;&gt;Vietnam&lt;/Description&gt;&lt;/Code&gt;&lt;Code value=&quot;BE&quot; parentCode=&quot;TOT&quot;&gt;&lt;Description xml:lang=&quot;en&quot;&gt;Born elsewhere(e)&lt;/Description&gt;&lt;Description xml:lang=&quot;fr&quot;&gt;Born elsewhere(e)&lt;/Description&gt;&lt;/Code&gt;&lt;/CodeList&gt;&lt;CodeList id=&quot;CL_ABS_CENSUS2011_B10_SA1_SA_YARRP&quot; agencyID=&quot;ABS&quot;&gt;&lt;Name xml:lang=&quot;en&quot;&gt;Year of Arrival in Australia&lt;/Name&gt;&lt;Name xml:lang=&quot;fr&quot;&gt;Year of Arrival in Australia&lt;/Name&gt;&lt;Code value=&quot;TOT&quot;&gt;&lt;Description xml:lang=&quot;en&quot;&gt;Total&lt;/Description&gt;&lt;Description xml:lang=&quot;fr&quot;&gt;Total&lt;/Description&gt;&lt;/Code&gt;&lt;Code value=&quot;1&quot; parentCode=&quot;TOT&quot;&gt;&lt;Description xml:lang=&quot;en&quot;&gt;Before 1941&lt;/Description&gt;&lt;Description xml:lang=&quot;fr&quot;&gt;Before 1941&lt;/Description&gt;&lt;/Code&gt;&lt;Code value=&quot;2&quot; parentCode=&quot;TOT&quot;&gt;&lt;Description xml:lang=&quot;en&quot;&gt;1941-1950&lt;/Description&gt;&lt;Description xml:lang=&quot;fr&quot;&gt;1941-1950&lt;/Description&gt;&lt;/Code&gt;&lt;Code value=&quot;3&quot; parentCode=&quot;TOT&quot;&gt;&lt;Description xml:lang=&quot;en&quot;&gt;1951-1960&lt;/Description&gt;&lt;Description xml:lang=&quot;fr&quot;&gt;1951-1960&lt;/Description&gt;&lt;/Code&gt;&lt;Code value=&quot;4&quot; parentCode=&quot;TOT&quot;&gt;&lt;Description xml:lang=&quot;en&quot;&gt;1961-1970&lt;/Description&gt;&lt;Description xml:lang=&quot;fr&quot;&gt;1961-1970&lt;/Description&gt;&lt;/Code&gt;&lt;Code value=&quot;5&quot; parentCode=&quot;TOT&quot;&gt;&lt;Description xml:lang=&quot;en&quot;&gt;1971-1980&lt;/Description&gt;&lt;Description xml:lang=&quot;fr&quot;&gt;1971-1980&lt;/Description&gt;&lt;/Code&gt;&lt;Code value=&quot;6&quot; parentCode=&quot;TOT&quot;&gt;&lt;Description xml:lang=&quot;en&quot;&gt;1981-1990&lt;/Description&gt;&lt;Description xml:lang=&quot;fr&quot;&gt;1981-1990&lt;/Description&gt;&lt;/Code&gt;&lt;Code value=&quot;7&quot; parentCode=&quot;TOT&quot;&gt;&lt;Description xml:lang=&quot;en&quot;&gt;1991-2000&lt;/Description&gt;&lt;Description xml:lang=&quot;fr&quot;&gt;1991-2000&lt;/Description&gt;&lt;/Code&gt;&lt;Code value=&quot;8&quot; parentCode=&quot;TOT&quot;&gt;&lt;Description xml:lang=&quot;en&quot;&gt;2001-2005&lt;/Description&gt;&lt;Description xml:lang=&quot;fr&quot;&gt;2001-2005&lt;/Description&gt;&lt;/Code&gt;&lt;Code value=&quot;2006&quot; parentCode=&quot;TOT&quot;&gt;&lt;Description xml:lang=&quot;en&quot;&gt;2006&lt;/Description&gt;&lt;Description xml:lang=&quot;fr&quot;&gt;2006&lt;/Description&gt;&lt;/Code&gt;&lt;Code value=&quot;2007&quot; 
Input 3202 does not match Pattern:[A-z][A-z0-9_\-]* for class:NCNameID
Input 5102 does not match Pattern:[A-z][A-z0-9_\-]* for class:NCNameID
Input 8102 does not match Pattern:[A-z][A-z0-9_\-]* for class:NCNameID
Input 6101 does not match Pattern:[A-z][A-z0-9_\-]* for class:NCNameID
Input 3204 does not match Pattern:[A-z][A-z0-9_\-]* for class:NCNameID
Input 4102 does not match Pattern:[A-z][A-z0-9_\-]* for class:NCNameID
Input 1502 does not match Pattern:[A-z][A-z0-9_\-]* for class:NCNameID
Input 3206 does not match Pattern:[A-z][A-z0-9_\-]* for class:NCNameID
Input 2304 does not match Pattern:[A-z][A-z0-9_\-]* for class:NCNameID
Input 3207 does not match Pattern:[A-z][A-z0-9_\-]* for class:NCNameID
Input 6102 does not match Pattern:[A-z][A-z0-9_\-]* for class:NCNameID
Input 7103 does not match Pattern:[A-z][A-z0-9_\-]* for class:NCNameID
Input 5202 does not match Pattern:[A-z][A-z0-9_\-]* for class:NCNameID
Input 4204 does not match Pattern:[A-z][A-z0-9_\-]* for class:NCNameID
Input 2201 does not match Pattern:[A-z][A-z0-9_\-]* for class:NCNameID
Input 3104 does not match Pattern:[A-z][A-z0-9_\-]* for class:NCNameID
Input 6201 does not match Pattern:[A-z][A-z0-9_\-]* for class:NCNameID
Input 6203 does not match Pattern:[A-z][A-z0-9_\-]* for class:NCNameID
Input 4208 does not match Pattern:[A-z][A-z0-9_\-]* for class:NCNameID
Input 5203 does not match Pattern:[A-z][A-z0-9_\-]* for class:NCNameID
Input 3105 does not match Pattern:[A-z][A-z0-9_\-]* for class:NCNameID
Input 2308 does not match Pattern:[A-z][A-z0-9_\-]* for class:NCNameID
Input 1201 does not match Pattern:[A-z][A-z0-9_\-]* for class:NCNameID
Input 5204 does not match Pattern:[A-z][A-z0-9_\-]* for class:NCNameID
Input 3307 does not match Pattern:[A-z][A-z0-9_\-]* for class:NCNameID
Input 5205 does not match Pattern:[A-z][A-z0-9_\-]* for class:NCNameID
Input 9225 does not match Pattern:[A-z][A-z0-9_\-]* for class:NCNameID
Input 3200 does not match Pattern:[A-z][A-z0-9_\-]* for class:NCNameID
Input 7107 does not match Pattern:[A-z][A-z0-9_\-]* for class:NCNameID
Input 5104 does not match Pattern:[A-z][A-z0-9_\-]* for class:NCNameID
Input 4215 does not match Pattern:[A-z][A-z0-9_\-]* for class:NCNameID
Input 2100 does not match Pattern:[A-z][A-z0-9_\-]* for class:NCNameID
Input 8104 does not match Pattern:[A-z][A-z0-9_\-]* for class:NCNameID
Input 5105 does not match Pattern:[A-z][A-z0-9_\-]* for class:NCNameID
Loading Codelists
Codelist: ABS:CL_ATSI_BIRTHS_SUMM_MEASURE:1.0 already exists
Loading Concepts
Loading DataStructures
DS ABS:ATSI_BIRTHS_SUMM:1.0
Loading Dataflows
Loading Codelists
Codelist: ABS:CL_ATSI_FERTILITY_MEASURE:1.0 already exists
Loading Concepts
Loading DataStructures
DS ABS:ATSI_FERTILITY:1.0
Loading Dataflows
Loading Codelists
Codelist: ABS:CL_ALC_TYP:1.0 already exists
Loading Concepts
Loading DataStructures
DS ABS:ALC:1.0
Loading Dataflows
Loading Codelists
Codelist: ABS:CL_ABS_ACLD_LFSTATUS_SEX_ABS:1.0 already exists
Loading Concepts
Loading DataStructures
DS ABS:ABS_ACLD_LFSTATUS:1.0
Loading Dataflows
Loading Codelists
Codelist: ABS:CL_ABS_ACLD_TENURE_SEX_ABS:1.0 already exists
Loading Concepts
Loading DataStructures
DS ABS:ABS_ACLD_TENURE:1.0
Loading Dataflows
Loading Codelists
Codelist: ABS:CL_ABS_ACLD_UNPAIDASST_SEX_ABS:1.0 already exists
Loading Concepts
Loading DataStructures
DS ABS:ABS_ACLD_UNPAIDASST:1.0
Loading Dataflows
Loading Codelists
Codelist: ABS:CL_ABS_ACLD_VOLWORK_SEX_ABS:1.0 already exists
Loading Concepts
Loading DataStructures
DS ABS:ABS_ACLD_VOLWORK:1.0
Loading Dataflows
Loading Codelists
Codelist: ABS:CL_AMLPS_PART_2017_MEASURE:1.0 already exists
Loading Concepts
Loading DataStructures
DS ABS:AMLPS_PART_2017:1.0
Loading Dataflows
Loading Codelists
Codelist: ABS:CL_AMLPS_RESP_2017_RESPONSE_CAT:1.0 already exists
Loading Concepts
Loading DataStructures
DS ABS:AMLPS_RESP_2017:1.0
Loading Dataflows
Loading Codelists
Codelist: ABS:CL_ABS_CENSUS2011_B01_MEASURE:1.0 already exists
Loading Concepts
Loading DataStructures
DS ABS:ABS_CENSUS2011_B01:1.0
Loading Dataflows
Loading Codelists
Codelist: ABS:CL_ABS_CENSUS2011_B01_LGA_MEASURE:1.0 already exists
Loading Concepts
Loading DataStructures
DS ABS:ABS_CENSUS2011_B01_LGA:1.0
Loading Dataflows
Loading Codelists
Codelist: ABS:CL_ABS_CENSUS2011_B01_SA1_SA_MEASURE:1.0 already exists
Loading Concepts
Loading DataStructures
DS ABS:ABS_CENSUS2011_B01_SA1_SA:1.0
Loading Dataflows
Loading Codelists
Codelist: ABS:CL_ABS_CENSUS2011_B02_MEASURE:1.0 already exists
Loading Concepts
Loading DataStructures
DS ABS:ABS_CENSUS2011_B02:1.0
Loading Dataflows
Loading Codelists
Codelist: ABS:CL_ABS_CENSUS2011_B02_LGA_MEASURE:1.0 already exists
Loading Concepts
Loading DataStructures
DS ABS:ABS_CENSUS2011_B02_LGA:1.0
Loading Dataflows
Loading Codelists
Codelist: ABS:CL_ABS_CENSUS2011_B02_SA1_SA_MEASURE:1.0 already exists
Loading Concepts
Loading DataStructures
DS ABS:ABS_CENSUS2011_B02_SA1_SA:1.0
Loading Dataflows
Loading Codelists
Codelist: ABS:CL_ABS_CENSUS2011_B03_LGA_MEASURE:1.0 already exists
Loading Concepts
Loading DataStructures
DS ABS:ABS_CENSUS2011_B03_LGA:1.0
Loading Dataflows
Loading Codelists
Codelist: ABS:CL_ABS_CENSUS2011_B03_MEASURE:1.0 already exists
Loading Concepts
Loading DataStructures
DS ABS:ABS_CENSUS2011_B03:1.0
Loading Dataflows
Loading Codelists
Codelist: ABS:CL_ABS_CENSUS2011_B03_SA1_SA_MEASURE:1.0 already exists
Loading Concepts
Loading DataStructures
DS ABS:ABS_CENSUS2011_B03_SA1_SA:1.0
Loading Dataflows
Loading Codelists
Codelist: ABS:CL_ABS_CENSUS2011_B04_MEASURE:1.0 already exists
Loading Concepts
Loading DataStructures
DS ABS:ABS_CENSUS2011_B04:1.0
Loading Dataflows
Loading Codelists
Codelist: ABS:CL_ABS_CENSUS2011_B04_LGA_MEASURE:1.0 already exists
Loading Concepts
Loading DataStructures
DS ABS:ABS_CENSUS2011_B04_LGA:1.0
Loading Dataflows
Loading Codelists
Codelist: ABS:CL_ABS_CENSUS2011_B04_SA1_SA_MEASURE:1.0 already exists
Loading Concepts
Loading DataStructures
DS ABS:ABS_CENSUS2011_B04_SA1_SA:1.0
Loading Dataflows
Loading Codelists
Codelist: ABS:CL_ABS_CENSUS2011_B05_MEASURE:1.0 already exists
Loading Concepts
Loading DataStructures
DS ABS:ABS_CENSUS2011_B05:1.0
Loading Dataflows
Loading Codelists
Codelist: ABS:CL_ABS_CENSUS2011_B05_LGA_MEASURE:1.0 already exists
Loading Concepts
Loading DataStructures
DS ABS:ABS_CENSUS2011_B05_LGA:1.0
Loading Dataflows
Loading Codelists
Codelist: ABS:CL_ABS_CENSUS2011_B05_SA1_SA_MEASURE:1.0 already exists
Loading Concepts
Loading DataStructures
DS ABS:ABS_CENSUS2011_B05_SA1_SA:1.0
Loading Dataflows
Loading Codelists
Codelist: ABS:CL_ABS_CENSUS2011_B06_MEASURE:1.0 already exists
Loading Concepts
Loading DataStructures
DS ABS:ABS_CENSUS2011_B06:1.0
Loading Dataflows
Loading Codelists
Codelist: ABS:CL_ABS_CENSUS2011_B06_LGA_MEASURE:1.0 already exists
Loading Concepts
Loading DataStructures
DS ABS:ABS_CENSUS2011_B06_LGA:1.0
Loading Dataflows
Loading Codelists
Codelist: ABS:CL_ABS_CENSUS2011_B06_SA1_SA_MEASURE:1.0 already exists
Loading Concepts
Loading DataStructures
DS ABS:ABS_CENSUS2011_B06_SA1_SA:1.0
Loading Dataflows
Loading Codelists
Codelist: ABS:CL_ABS_CENSUS2011_B07_MEASURE:1.0 already exists
Loading Concepts
Loading DataStructures
DS ABS:ABS_CENSUS2011_B07:1.0
Loading Dataflows
Loading Codelists
Codelist: ABS:CL_ABS_CENSUS2011_B07_LGA_MEASURE:1.0 already exists
Loading Concepts
Loading DataStructures
DS ABS:ABS_CENSUS2011_B07_LGA:1.0
Loading Dataflows
Loading Codelists
Codelist: ABS:CL_ABS_CENSUS2011_B07_SA1_SA_MEASURE:1.0 already exists
Loading Concepts
Loading DataStructures
DS ABS:ABS_CENSUS2011_B07_SA1_SA:1.0
Loading Dataflows
Loading Codelists
Codelist: ABS:CL_ABS_CENSUS2011_B08_MEASURE:1.0 already exists
Loading Concepts
Loading DataStructures
DS ABS:ABS_CENSUS2011_B08:1.0
Loading Dataflows
Loading Codelists
Codelist: ABS:CL_ABS_CENSUS2011_B08_LGA_MEASURE:1.0 already exists
Loading Concepts
Loading DataStructures
DS ABS:ABS_CENSUS2011_B08_LGA:1.0
Loading Dataflows
Loading Codelists
Codelist: ABS:CL_ABS_CENSUS2011_B08_SA1_SA_MEASURE:1.0 already exists
Loading Concepts
Loading DataStructures
DS ABS:ABS_CENSUS2011_B08_SA1_SA:1.0
Loading Dataflows
Loading Codelists
Codelist: ABS:CL_ABS_CENSUS2011_B09_MEASURE:1.0 already exists
Loading Concepts
Loading DataStructures
DS ABS:ABS_CENSUS2011_B09:1.0
Loading Dataflows
Loading Codelists
Codelist: ABS:CL_ABS_CENSUS2011_B09_LGA_MEASURE:1.0 already exists
Loading Concepts
Loading DataStructures
DS ABS:ABS_CENSUS2011_B09_LGA:1.0
Loading Dataflows
Loading Codelists
Codelist: ABS:CL_ABS_CENSUS2011_B09_SA1_SA_MEASURE:1.0 already exists
Loading Concepts
Loading DataStructures
DS ABS:ABS_CENSUS2011_B09_SA1_SA:1.0
Loading Dataflows
Loading Codelists
Codelist: ABS:CL_ABS_CENSUS2011_B10_MEASURE:1.0 already exists
Loading Concepts
Loading DataStructures
DS ABS:ABS_CENSUS2011_B10:1.0
Loading Dataflows
Loading Codelists
Codelist: ABS:CL_ABS_CENSUS2011_B10_LGA_MEASURE:1.0 already exists
Loading Concepts
Loading DataStructures
DS ABS:ABS_CENSUS2011_B10_LGA:1.0
Loading Dataflows
Loading Codelists
Loading Concepts
Loading DataStructures
DS ABS:ABS_CENSUS2011_B10_SA1_SA:1.0
Reference
Agency:ABS
MID:STANDALONE_CONCEPT_SCHEME
MVers:null
ID:YARRP
Vers:1.0
Class:Concept
Pack:conceptscheme
Reference
Agency:ABS
MID:STANDALONE_CONCEPT_SCHEME
MVers:null
ID:STATE
Vers:1.0
Class:Concept
Pack:conceptscheme
Reference
Agency:ABS
MID:STANDALONE_CONCEPT_SCHEME
MVers:null
ID:REGIONTYPE
Vers:1.0
Class:Concept
Pack:conceptscheme
Reference
Agency:ABS
MID:STANDALONE_CONCEPT_SCHEME
MVers:null
ID:REGION
Vers:1.0
Class:Concept
Pack:conceptscheme
Reference
Agency:ABS
MID:STANDALONE_CONCEPT_SCHEME
MVers:null
ID:FREQUENCY
Vers:1.0
Class:Concept
Pack:conceptscheme
Reference
Agency:ABS
MID:STANDALONE_CONCEPT_SCHEME
MVers:null
ID:TIME
Vers:1.0
Class:Concept
Pack:conceptscheme
Reference
Agency:ABS
MID:STANDALONE_CONCEPT_SCHEME
MVers:null
ID:MEASURE
Vers:1.0
Class:Concept
Pack:conceptscheme
Reference
Agency:ABS
MID:STANDALONE_CONCEPT_SCHEME
MVers:null
ID:OBS_STATUS
Vers:1.0
Class:Concept
Pack:conceptscheme
Reference
Agency:ABS
MID:STANDALONE_CONCEPT_SCHEME
MVers:null
ID:TIME_FORMAT
Vers:1.0
Class:Concept
Pack:conceptscheme
Reference
Agency:ABS
MID:STANDALONE_CONCEPT_SCHEME
MVers:null
ID:OBS_VALUE
Vers:1.0
Class:Concept
Pack:conceptscheme
Loading Dataflows
Loading: B11 Proficiency in Spoken English/Language by Year of Arrival in Australia by Sex
Header=&lt;message:Structure xmlns=&quot;http://www.SDMX.org/resources/SDMXML/schemas/v2_0/structure&quot; xmlns:common=&quot;http://www.SDMX.org/resources/SDMXML/schemas/v2_0/common&quot; xsi:schemaLocation=&quot;http://www.SDMX.org/resources/SDMXML/schemas/v2_0/structure http://www.sdmx.org/docs/2_0/SDMXStructure.xsd http://www.SDMX.org/resources/SDMXML/schemas/v2_0/message http://www.sdmx.org/docs/2_0/SDMXMessage.xsd&quot; xmlns:xsi=&quot;http://www.w3.org/2001/XMLSchema-instance&quot; xmlns:message=&quot;http://www.SDMX.org/resources/SDMXML/schemas/v2_0/message&quot;&gt;&lt;Header xmlns=&quot;http://www.SDMX.org/resources/SDMXML/schemas/v2_0/message&quot;&gt;&lt;ID&gt;none&lt;!--Statistical usage warning
ABS.Stat beta is continuing to be developed.  Data will be updated as soon as possible following its 11:30 am release on the ABS website.
--&gt;&lt;/ID&gt;&lt;Test&gt;false&lt;/Test&gt;&lt;Truncated&gt;false&lt;/Truncated&gt;&lt;Prepared&gt;2020-03-17T01:14:41&lt;/Prepared&gt;&lt;Sender id=&quot;ABS&quot;&gt;&lt;Name xml:lang=&quot;en&quot;&gt;Australian Bureau of Statistics&lt;/Name&gt;&lt;Name xml:lang=&quot;fr&quot;&gt;Australian Bureau of Statistics&lt;/Name&gt;&lt;/Sender&gt;&lt;/Header&gt;&lt;message:CodeLists&gt;&lt;CodeList id=&quot;CL_ABS_CENSUS2011_B11_MEASURE&quot; agencyID=&quot;ABS&quot;&gt;&lt;Name xml:lang=&quot;en&quot;&gt;Sex&lt;/Name&gt;&lt;Name xml:lang=&quot;fr&quot;&gt;Sex&lt;/Name&gt;&lt;Code value=&quot;1&quot; parentCode=&quot;3&quot;&gt;&lt;Description xml:lang=&quot;en&quot;&gt;Males&lt;/Description&gt;&lt;Description xml:lang=&quot;fr&quot;&gt;Males&lt;/Description&gt;&lt;/Code&gt;&lt;Code value=&quot;3&quot;&gt;&lt;Description xml:lang=&quot;en&quot;&gt;Persons&lt;/Description&gt;&lt;Description xml:lang=&quot;fr&quot;&gt;Persons&lt;/Description&gt;&lt;/Code&gt;&lt;Code value=&quot;2&quot; parentCode=&quot;3&quot;&gt;&lt;Description xml:lang=&quot;en&quot;&gt;Females&lt;/Description&gt;&lt;Description xml:lang=&quot;fr&quot;&gt;Females&lt;/Description&gt;&lt;/Code&gt;&lt;/CodeList&gt;&lt;CodeList id=&quot;CL_ABS_CENSUS2011_B11_ENGLP&quot; agencyID=&quot;ABS&quot;&gt;&lt;Name xml:lang=&quot;en&quot;&gt;Proficiency in Spoken English/Language&lt;/Name&gt;&lt;Name xml:lang=&quot;fr&quot;&gt;Proficiency in Spoken English/Language&lt;/Name&gt;&lt;Code value=&quot;OTH&quot;&gt;&lt;Description xml:lang=&quot;en&quot;&gt;Speaks other language and speaks English total&lt;/Description&gt;&lt;Description xml:lang=&quot;fr&quot;&gt;Speaks other language and speaks English total&lt;/Description&gt;&lt;/Code&gt;&lt;Code value=&quot;TOT&quot;&gt;&lt;Description xml:lang=&quot;en&quot;&gt;Total&lt;/Description&gt;&lt;Description xml:lang=&quot;fr&quot;&gt;Total&lt;/Description&gt;&lt;/Code&gt;&lt;Code value=&quot;2_3&quot; parentCode=&quot;OTH&quot;&gt;&lt;Description xml:lang=&quot;en&quot;&gt;Very well or well&lt;/Description&gt;&lt;Description xml:lang=&quot;fr&quot;&gt;Very well or well&lt;/Description&gt;&lt;/Code&gt;&lt;Code value=&quot;4_5&quot; parentCode=&quot;OTH&quot;&gt;&lt;Description xml:lang=&quot;en&quot;&gt;Not well or not at all&lt;/Description&gt;&lt;Description xml:lang=&quot;fr&quot;&gt;Not well or not at all&lt;/Description&gt;&lt;/Code&gt;&lt;Code value=&quot;Z&quot; parentCode=&quot;OTH&quot;&gt;&lt;Description xml:lang=&quot;en&quot;&gt;Proficiency in English not stated&lt;/Description&gt;&lt;Description xml:lang=&quot;fr&quot;&gt;Proficiency in English not stated&lt;/Description&gt;&lt;/Code&gt;&lt;Code value=&quot;1&quot; parentCode=&quot;TOT&quot;&gt;&lt;Description xml:lang=&quot;en&quot;&gt;Speaks English only&lt;/Description&gt;&lt;Description xml:lang=&quot;fr&quot;&gt;Speaks English only&lt;/Description&gt;&lt;/Code&gt;&lt;Code value=&quot;6&quot; parentCode=&quot;TOT&quot;&gt;&lt;Description xml:lang=&quot;en&quot;&gt;Language and proficiency in English not stated&lt;/Description&gt;&lt;Description xml:lang=&quot;fr&quot;&gt;Language and proficiency in English not stated&lt;/Description&gt;&lt;/Code&gt;&lt;/CodeList&gt;&lt;CodeList id=&quot;CL_ABS_CENSUS2011_B11_YARRP&quot; agencyID=&quot;ABS&quot;&gt;&lt;Name xml:lang=&quot;en&quot;&gt;Year of Arrival in Australia&lt;/Name&gt;&lt;Name xml:lang=&quot;fr&quot;&gt;Year of Arrival in Australia&lt;/Name&gt;&lt;Code value=&quot;TOT&quot;&gt;&lt;Description xml:lang=&quot;en&quot;&gt;Total&lt;/Description&gt;&lt;Description xml:lang=&quot;fr&quot;&gt;Total&lt;/Description&gt;&lt;/Code&gt;&lt;Code value=&quot;10&quot; parentCode=&quot;TOT&quot;&gt;&lt;Description xml:lang=&quot;en&quot;&gt;Before 1996&lt;/Description&gt;&lt;Description xml:lang=&quot;fr&quot;&gt;Before 1996&lt;/Description&gt;&lt;/Code&gt;&lt;Code value=&quot;11&quot; parentCode=&quot;TOT&quot;&gt;&lt;Description xml:lang=&quot;en&quot;&gt;1996 -2000&lt;/Description&gt;&lt;Description xml:lang=&quot;fr&quot;&gt;1996 -2000&lt;/Description&gt;&lt;/Code&gt;&lt;Code value=&quot;12&quot; parentCode=&quot;TOT&quot;&gt;&lt;Description xml:lang=&quot;en&quot;&gt;2001 -2005&lt;/Description&gt;&lt;Description xml:lang=&quot;fr&quot;&gt;2001 -2005&lt;/Description&gt;&lt;/Code&gt;&lt;Code value=&quot;2006&quot; parentCode=&quot;TOT&quot;&gt;&lt;Description xml:lang=&quot;en&quot;&gt;2006&lt;/Description&gt;&lt;Description xml:lang=&quot;fr&quot;&gt;2006&lt;/Description&gt;&lt;/Code&gt;&lt;Code value=&quot;2007&quot; parentCode=&quot;TOT&quot;&gt;&lt;Description xml:lang=&quot;en&quot;&gt;2007&lt;/Description&gt;&lt;Description xml:lang=&quot;fr&quot;&gt;2007&lt;/Description&gt;&lt;/Code&gt;&lt;Code value=&quot;2008&quot; parentCode=&quot;TOT&quot;&gt;&lt;Description xml:lang=&quot;en&quot;&gt;2008&lt;/Description&gt;&lt;Description xml:lang=&quot;fr&quot;&gt;2008&lt;/Description&gt;&lt;/Code&gt;&lt;Code value=&quot;2009&quot; parentCode=&quot;TOT&quot;&gt;&lt;Description xml:lang=&quot;en&quot;&gt;2009&lt;/Description&gt;&lt;Description xml:lang=&quot;fr&quot;&gt;2009&lt;/Description&gt;&lt;/Code&gt;&lt;Code value=&quot;2010&quot; parentCode=&quot;TOT&quot;&gt;&lt;Description xml:lang=&quot;en&quot;&gt;2010&lt;/Description&gt;&lt;Description xml:lang=&quot;fr&quot;&gt;2010&lt;/Description&gt;&lt;/Code&gt;&lt;Code value=&quot;2011&quot; parentCode=&quot;TOT&quot;&gt;&lt;Description xml:lang=&quot;en&quot;&gt;2011(b)&lt;/Description&gt;&lt;Description xml:lang=&quot;fr&quot;&gt;2011(b)&lt;/Description&gt;&lt;/Code&gt;&lt;Code value=&quot;Z&quot; parentCode=&quot;TOT&quot;&gt;&lt;Description xml:lang=&quot;en&quot;&gt;Not stated&lt;/Description&gt;&lt;Description xml:lang=&quot;fr&quot;&gt;Not stated&lt;/Description&gt;&lt;/Code&gt;&lt;/CodeList&gt;&lt;CodeList id=&quot;CL_ABS_CENSUS2011_B11_STATE&quot; agencyID=&quot;ABS&quot;&gt;&lt;Name xml:lang=&quot;en&quot;&gt;State&lt;/Name&gt;&lt;Name xml:lang=&quot;fr&quot;&gt;State&lt;/Name&gt;&lt;Code value=&quot;0&quot;&gt;&lt;Description xml:lang=&quot;en&quot;&gt;Australia&lt;/Description&gt;&lt;Description xml:lang=&quot;fr&quot;&gt;Australia&lt;/Description&gt;&lt;/Code&gt;&lt;Code value=&quot;1&quot; parentCode=&quot;0&quot;&gt;&lt;Description xml:lang=&quot;en&quot;&gt;New South Wales&lt;/Description&gt;&lt;Description xml:lang=&quot;fr&quot;&gt;New South Wales&lt;/Description&gt;&lt;/Code&gt;&lt;Code value=&quot;2&quot; parentCode=&quot;0&quot;&gt;&lt;Description xml:lang=&quot;en&quot;&gt;Victoria&lt;/Description&gt;&lt;Description xml:lang=&quot;fr&quot;&gt;Victoria&lt;/Description&gt;&lt;/Code&gt;&lt;Code value=&quot;3&quot; parentCode=&quot;0&quot;&gt;&lt;Description xml:lang=&quot;en&quot;&gt;Queensland&lt;/Description&gt;&lt;Description xml:lang=&quot;fr&quot;&gt;Queensland&lt;/Description&gt;&lt;/Code&gt;&lt;Code value=&quot;4&quot; parentCode=&quot;0&quot;&gt;&lt;Description xml:lang=&quot;en&quot;&gt;South Australia&lt;/Description&gt;&lt;Description xml:lang=&quot;fr&quot;&gt;South Australia&lt;/Description&gt;&lt;/Code&gt;&lt;Code value=&quot;5&quot; parentCode=&quot;0&quot;&gt;&lt;Description xml:lang=&quot;en&quot;&gt;Western Australia&lt;/Description&gt;&lt;Description xml:lang=&quot;fr&quot;&gt;Western Australia&lt;/Description&gt;&lt;/Code&gt;&lt;Code value=&quot;6&quot; parentCode=&quot;0&quot;&gt;&lt;Description xml:lang=&quot;en&quot;&gt;Tasmania&lt;/Description&gt;&lt;Description xml:lang=&quot;fr&quot;&gt;Tasmania&lt;/Description&gt;&lt;/Code&gt;&lt;Code value=&quot;7&quot; parentCode=&quot;0&quot;&gt;&lt;Description xml:lang=&quot;en&quot;&gt;Northern Territory&lt;/Description&gt;&lt;Description xml:lang=&quot;fr&quot;&gt;Northern Territory&lt;/Description&gt;&lt;/Code&gt;&lt;Code value=&quot;8&quot; parentCode=&quot;0&quot;&gt;&lt;Description xml:lang=&quot;en&quot;&gt;Australian Capital Territory&lt;/Description&gt;&lt;Description xml:lang=&quot;fr&quot;&gt;Australian Capital Territory&lt;/Description&gt;&lt;/Code&gt;&lt;Code value=&quot;9&quot; parentCode=&quot;0&quot;&gt;&lt;Description xml:lang=&quot;en&quot;&gt;Other Territories&lt;/Description&gt;&lt;Description xml:lang=&quot;fr&quot;&gt;Other Territories&lt;/Description&gt;&lt;/Code&gt;&lt;/CodeList&gt;&lt;CodeList id=&quot;CL_ABS_CENSUS2011_B11_REGIONTYPE&quot; agencyID=&quot;ABS&quot;&gt;&lt;Name xml:lang=&quot;en&quot;&gt;Region Type&lt;/Name&gt;&lt;Name xml:lang=&quot;fr&quot;&gt;Region Type&lt;/Name&gt;&lt;Code value=&quot;AUS&quot;&gt;&lt;Description xml:lang=&quot;en&quot;&gt;Australia&lt;/Description&gt;&lt;Description xml:lang=&quot;fr&quot;&gt;Australia&lt;/Description&gt;&lt;/Code&gt;&lt;Code value=&quot;STE&quot;&gt;&lt;Description xml:lang=&quot;en&quot;&gt;States and Territories&lt;/Description&gt;&lt;Description xml:lang=&quot;fr&quot;&gt;States and Territories&lt;/Description&gt;&lt;/Code&gt;&lt;Code value=&quot;SA4&quot;&gt;&lt;Description xml:lang=&quot;en&quot;&gt;Statistical Area Level 4&lt;/Description&gt;&lt;Description xml:lang=&quot;fr&quot;&gt;Statistical Area Level 4&lt;/Description&gt;&lt;/Code&gt;&lt;Code value=&quot;SA3&quot;&gt;&lt;Description xml:lang=&quot;en&quot;&gt;Statistical Area Level 3&lt;/Description&gt;&lt;Description xml:lang=&quot;fr&quot;&gt;Statistical Area Level 3&lt;/Description&gt;&lt;/Code&gt;&lt;Code value=&quot;SA2&quot;&gt;&lt;Description xml:lang=&quot;en&quot;&gt;Statistical Area Level 2&lt;/Description&gt;&lt;Description xml:lang=&quot;fr&quot;&gt;Statistical Area Level 2&lt;/Description&gt;&lt;/Code&gt;&lt;/CodeList&gt;&lt;CodeList id=&quot;CL_ABS_CENSUS2011_B11_REGION&quot; agencyID=&quot;ABS&quot;&gt;&lt;Name xml:lang=&quot;en&quot;&gt;Region&lt;/Name&gt;&lt;Name xml:lang=&quot;fr&quot;&gt;Region&lt;/Name&gt;&lt;Code value=&quot;0&quot;&gt;&lt;Description xml:lang=&quot;en&quot;&gt;Australia&lt;/Description&gt;&lt;Description xml:lang=&quot;fr&quot;&gt;Australia&lt;/Description&gt;&lt;/Code&gt;&lt;Code value=&quot;1&quot; parentCode=&quot;0&quot;&gt;&lt;Description xml:lang=&quot;en&quot;&gt;New South Wales&lt;/Description&gt;&lt;Description xml:lang=&quot;fr&quot;&gt;New South Wales&lt;/Description&gt;&lt;/Code&gt;&lt;Code value=&quot;101&quot; parentCode=&quot;1&quot;&gt;&lt;Description xml:lang=&quot;en&quot;&gt;Capital Region&lt;/Description&gt;&lt;Description xml:lang=&quot;fr&quot;&gt;Capital Region&lt;/Description&gt;&lt;/Code&gt;&lt;Code value=&quot;10101&quot; parentCode=&quot;101&quot;&gt;&lt;Description xml:lang=&quot;en&quot;&gt;Goulburn - Yass&lt;/Description&gt;&lt;Description xml:lang=&quot;fr&quot;&gt;Goulburn - Yass&lt;/Description&gt;&lt;/Code&gt;&lt;Code value=&quot;101011001&quot; parentCode=&quot;10101&quot;&gt;&lt;Description xml:lang=&quot;en&quot;&gt;Goulburn&lt;/Description&gt;&lt;Description xml:lang=&quot;fr&quot;&gt;Goulburn&lt;/Description&gt;&lt;/Code&gt;&lt;Code value=&quot;101011002&quot; parentCode=&quot;10101&quot;&gt;&lt;Description xml:lang=&quot;en&quot;&gt;Goulburn Region&lt;/Description&gt;&lt;Description xml:lang=&quot;fr&quot;&gt;Goulburn Region&lt;/Description&gt;&lt;/Code&gt;&lt;Code value=&quot;101011003&quot; parentCode=&quot;10101&quot;&gt;&lt;Description x
Input 1 does not match Pattern:[A-z][A-z0-9_\-]* for class:NCNameID
Input 3 does not match Pattern:[A-z][A-z0-9_\-]* for class:NCNameID
Input 2 does not match Pattern:[A-z][A-z0-9_\-]* for class:NCNameID
Loading Codelists
Codelist: ABS:CL_ATSI_BIRTHS_SUMM_MEASURE:1.0 already exists
Loading Concepts
Loading DataStructures
DS ABS:ATSI_BIRTHS_SUMM:1.0
Loading Dataflows
Loading Codelists
Codelist: ABS:CL_ATSI_FERTILITY_MEASURE:1.0 already exists
Loading Concepts
Loading DataStructures
DS ABS:ATSI_FERTILITY:1.0
Loading Dataflows
Loading Codelists
Codelist: ABS:CL_ALC_TYP:1.0 already exists
Loading Concepts
Loading DataStructures
DS ABS:ALC:1.0
Loading Dataflows
Loading Codelists
Codelist: ABS:CL_ABS_ACLD_LFSTATUS_SEX_ABS:1.0 already exists
Loading Concepts
Loading DataStructures
DS ABS:ABS_ACLD_LFSTATUS:1.0
Loading Dataflows
Loading Codelists
Codelist: ABS:CL_ABS_ACLD_TENURE_SEX_ABS:1.0 already exists
Loading Concepts
Loading DataStructures
DS ABS:ABS_ACLD_TENURE:1.0
Loading Dataflows
Loading Codelists
Codelist: ABS:CL_ABS_ACLD_UNPAIDASST_SEX_ABS:1.0 already exists
Loading Concepts
Loading DataStructures
DS ABS:ABS_ACLD_UNPAIDASST:1.0
Loading Dataflows
Loading Codelists
Codelist: ABS:CL_ABS_ACLD_VOLWORK_SEX_ABS:1.0 already exists
Loading Concepts
Loading DataStructures
DS ABS:ABS_ACLD_VOLWORK:1.0
Loading Dataflows
Loading Codelists
Codelist: ABS:CL_AMLPS_PART_2017_MEASURE:1.0 already exists
Loading Concepts
Loading DataStructures
DS ABS:AMLPS_PART_2017:1.0
Loading Dataflows
Loading Codelists
Codelist: ABS:CL_AMLPS_RESP_2017_RESPONSE_CAT:1.0 already exists
Loading Concepts
Loading DataStructures
DS ABS:AMLPS_RESP_2017:1.0
Loading Dataflows
Loading Codelists
Codelist: ABS:CL_ABS_CENSUS2011_B01_MEASURE:1.0 already exists
Loading Concepts
Loading DataStructures
DS ABS:ABS_CENSUS2011_B01:1.0
Loading Dataflows
Loading Codelists
Codelist: ABS:CL_ABS_CENSUS2011_B01_LGA_MEASURE:1.0 already exists
Loading Concepts
Loading DataStructures
DS ABS:ABS_CENSUS2011_B01_LGA:1.0
Loading Dataflows
Loading Codelists
Codelist: ABS:CL_ABS_CENSUS2011_B01_SA1_SA_MEASURE:1.0 already exists
Loading Concepts
Loading DataStructures
DS ABS:ABS_CENSUS2011_B01_SA1_SA:1.0
Loading Dataflows
Loading Codelists
Codelist: ABS:CL_ABS_CENSUS2011_B02_MEASURE:1.0 already exists
Loading Concepts
Loading DataStructures
DS ABS:ABS_CENSUS2011_B02:1.0
Loading Dataflows
Loading Codelists
Codelist: ABS:CL_ABS_CENSUS2011_B02_LGA_MEASURE:1.0 already exists
Loading Concepts
Loading DataStructures
DS ABS:ABS_CENSUS2011_B02_LGA:1.0
Loading Dataflows
Loading Codelists
Codelist: ABS:CL_ABS_CENSUS2011_B02_SA1_SA_MEASURE:1.0 already exists
Loading Concepts
Loading DataStructures
DS ABS:ABS_CENSUS2011_B02_SA1_SA:1.0
Loading Dataflows
Loading Codelists
Codelist: ABS:CL_ABS_CENSUS2011_B03_LGA_MEASURE:1.0 already exists
Loading Concepts
Loading DataStructures
DS ABS:ABS_CENSUS2011_B03_LGA:1.0
Loading Dataflows
Loading Codelists
Codelist: ABS:CL_ABS_CENSUS2011_B03_MEASURE:1.0 already exists
Loading Concepts
Loading DataStructures
DS ABS:ABS_CENSUS2011_B03:1.0
Loading Dataflows
Loading Codelists
Codelist: ABS:CL_ABS_CENSUS2011_B03_SA1_SA_MEASURE:1.0 already exists
Loading Concepts
Loading DataStructures
DS ABS:ABS_CENSUS2011_B03_SA1_SA:1.0
Loading Dataflows
Loading Codelists
Codelist: ABS:CL_ABS_CENSUS2011_B04_MEASURE:1.0 already exists
Loading Concepts
Loading DataStructures
DS ABS:ABS_CENSUS2011_B04:1.0
Loading Dataflows
Loading Codelists
Codelist: ABS:CL_ABS_CENSUS2011_B04_LGA_MEASURE:1.0 already exists
Loading Concepts
Loading DataStructures
DS ABS:ABS_CENSUS2011_B04_LGA:1.0
Loading Dataflows
Loading Codelists
Codelist: ABS:CL_ABS_CENSUS2011_B04_SA1_SA_MEASURE:1.0 already exists
Loading Concepts
Loading DataStructures
DS ABS:ABS_CENSUS2011_B04_SA1_SA:1.0
Loading Dataflows
Loading Codelists
Codelist: ABS:CL_ABS_CENSUS2011_B05_MEASURE:1.0 already exists
Loading Concepts
Loading DataStructures
DS ABS:ABS_CENSUS2011_B05:1.0
Loading Dataflows
Loading Codelists
Codelist: ABS:CL_ABS_CENSUS2011_B05_LGA_MEASURE:1.0 already exists
Loading Concepts
Loading DataStructures
DS ABS:ABS_CENSUS2011_B05_LGA:1.0
Loading Dataflows
Loading Codelists
Codelist: ABS:CL_ABS_CENSUS2011_B05_SA1_SA_MEASURE:1.0 already exists
Loading Concepts
Loading DataStructures
DS ABS:ABS_CENSUS2011_B05_SA1_SA:1.0
Loading Dataflows
Loading Codelists
Codelist: ABS:CL_ABS_CENSUS2011_B06_MEASURE:1.0 already exists
Loading Concepts
Loading DataStructures
DS ABS:ABS_CENSUS2011_B06:1.0
Loading Dataflows
Loading Codelists
Codelist: ABS:CL_ABS_CENSUS2011_B06_LGA_MEASURE:1.0 already exists
Loading Concepts
Loading DataStructures
DS ABS:ABS_CENSUS2011_B06_LGA:1.0
Loading Dataflows
Loading Codelists
Codelist: ABS:CL_ABS_CENSUS2011_B06_SA1_SA_MEASURE:1.0 already exists
Loading Concepts
Loading DataStructures
DS ABS:ABS_CENSUS2011_B06_SA1_SA:1.0
Loading Dataflows
Loading Codelists
Codelist: ABS:CL_ABS_CENSUS2011_B07_MEASURE:1.0 already exists
Loading Concepts
Loading DataStructures
DS ABS:ABS_CENSUS2011_B07:1.0
Loading Dataflows
Loading Codelists
Codelist: ABS:CL_ABS_CENSUS2011_B07_LGA_MEASURE:1.0 already exists
Loading Concepts
Loading DataStructures
DS ABS:ABS_CENSUS2011_B07_LGA:1.0
Loading Dataflows
Loading Codelists
Codelist: ABS:CL_ABS_CENSUS2011_B07_SA1_SA_MEASURE:1.0 already exists
Loading Concepts
Loading DataStructures
DS ABS:ABS_CENSUS2011_B07_SA1_SA:1.0
Loading Dataflows
Loading Codelists
Codelist: ABS:CL_ABS_CENSUS2011_B08_MEASURE:1.0 already exists
Loading Concepts
Loading DataStructures
DS ABS:ABS_CENSUS2011_B08:1.0
Loading Dataflows
Loading Codelists
Codelist: ABS:CL_ABS_CENSUS2011_B08_LGA_MEASURE:1.0 already exists
Loading Concepts
Loading DataStructures
DS ABS:ABS_CENSUS2011_B08_LGA:1.0
Loading Dataflows
Loading Codelists
Codelist: ABS:CL_ABS_CENSUS2011_B08_SA1_SA_MEASURE:1.0 already exists
Loading Concepts
Loading DataStructures
DS ABS:ABS_CENSUS2011_B08_SA1_SA:1.0
Loading Dataflows
Loading Codelists
Codelist: ABS:CL_ABS_CENSUS2011_B09_MEASURE:1.0 already exists
Loading Concepts
Loading DataStructures
DS ABS:ABS_CENSUS2011_B09:1.0
Loading Dataflows
Loading Codelists
Codelist: ABS:CL_ABS_CENSUS2011_B09_LGA_MEASURE:1.0 already exists
Loading Concepts
Loading DataStructures
DS ABS:ABS_CENSUS2011_B09_LGA:1.0
Loading Dataflows
Loading Codelists
Codelist: ABS:CL_ABS_CENSUS2011_B09_SA1_SA_MEASURE:1.0 already exists
Loading Concepts
Loading DataStructures
DS ABS:ABS_CENSUS2011_B09_SA1_SA:1.0
Loading Dataflows
Loading Codelists
Codelist: ABS:CL_ABS_CENSUS2011_B10_MEASURE:1.0 already exists
Loading Concepts
Loading DataStructures
DS ABS:ABS_CENSUS2011_B10:1.0
Loading Dataflows
Loading Codelists
Codelist: ABS:CL_ABS_CENSUS2011_B10_LGA_MEASURE:1.0 already exists
Loading Concepts
Loading DataStructures
DS ABS:ABS_CENSUS2011_B10_LGA:1.0
Loading Dataflows
Loading Codelists
Codelist: ABS:CL_ABS_CENSUS2011_B10_SA1_SA_MEASURE:1.0 already exists
Loading Concepts
Loading DataStructures
DS ABS:ABS_CENSUS2011_B10_SA1_SA:1.0
Loading Dataflows
Loading Codelists
Loading Concepts
Loading DataStructures
DS ABS:ABS_CENSUS2011_B11:1.0
Reference
Agency:ABS
MID:STANDALONE_CONCEPT_SCHEME
MVers:null
ID:ENGLP
Vers:1.0
Class:Concept
Pack:conceptscheme
Reference
Agency:ABS
MID:STANDALONE_CONCEPT_SCHEME
MVers:null
ID:YARRP
Vers:1.0
Class:Concept
Pack:conceptscheme
Reference
Agency:ABS
MID:STANDALONE_CONCEPT_SCHEME
MVers:null
ID:STATE
Vers:1.0
Class:Concept
Pack:conceptscheme
Reference
Agency:ABS
MID:STANDALONE_CONCEPT_SCHEME
MVers:null
ID:REGIONTYPE
Vers:1.0
Class:Concept
Pack:conceptscheme
Reference
Agency:ABS
MID:STANDALONE_CONCEPT_SCHEME
MVers:null
ID:REGION
Vers:1.0
Class:Concept
Pack:conceptscheme
Reference
Agency:ABS
MID:STANDALONE_CONCEPT_SCHEME
MVers:null
ID:FREQUENCY
Vers:1.0
Class:Concept
Pack:conceptscheme
Reference
Agency:ABS
MID:STANDALONE_CONCEPT_SCHEME
MVers:null
ID:TIME
Vers:1.0
Class:Concept
Pack:conceptscheme
Reference
Agency:ABS
MID:STANDALONE_CONCEPT_SCHEME
MVers:null
ID:MEASURE
Vers:1.0
Class:Concept
Pack:conceptscheme
Reference
Agency:ABS
MID:STANDALONE_CONCEPT_SCHEME
MVers:null
ID:OBS_STATUS
Vers:1.0
Class:Concept
Pack:conceptscheme
Reference
Agency:ABS
MID:STANDALONE_CONCEPT_SCHEME
MVers:null
ID:TIME_FORMAT
Vers:1.0
Class:Concept
Pack:conceptscheme
Reference
Agency:ABS
MID:STANDALONE_CONCEPT_SCHEME
MVers:null
ID:OBS_VALUE
Vers:1.0
Class:Concept
Pack:conceptscheme
Loading Dataflows
Loading: B11 Proficiency in Spoken English/Language by Year of Arrival in Australia by Sex (LGA)
Header=&lt;message:Structure xmlns=&quot;http://www.SDMX.org/resources/SDMXML/schemas/v2_0/structure&quot; xmlns:common=&quot;http://www.SDMX.org/resources/SDMXML/schemas/v2_0/common&quot; xsi:schemaLocation=&quot;http://www.SDMX.org/resources/SDMXML/schemas/v2_0/structure http://www.sdmx.org/docs/2_0/SDMXStructure.xsd http://www.SDMX.org/resources/SDMXML/schemas/v2_0/message http://www.sdmx.org/docs/2_0/SDMXMessage.xsd&quot; xmlns:xsi=&quot;http://www.w3.org/2001/XMLSchema-instance&quot; xmlns:message=&quot;http://www.SDMX.org/resources/SDMXML/schemas/v2_0/message&quot;&gt;&lt;Header xmlns=&quot;http://www.SDMX.org/resources/SDMXML/schemas/v2_0/message&quot;&gt;&lt;ID&gt;none&lt;!--Statistical usage warning
ABS.Stat beta is continuing to be developed.  Data will be updated as soon as possible following its 11:30 am release on the ABS website.
--&gt;&lt;/ID&gt;&lt;Test&gt;false&lt;/Test&gt;&lt;Truncated&gt;false&lt;/Truncated&gt;&lt;Prepared&gt;2020-03-17T01:15:56&lt;/Prepared&gt;&lt;Sender id=&quot;ABS&quot;&gt;&lt;Name xml:lang=&quot;en&quot;&gt;Australian Bureau of Statistics&lt;/Name&gt;&lt;Name xml:lang=&quot;fr&quot;&gt;Australian Bureau of Statistics&lt;/Name&gt;&lt;/Sender&gt;&lt;/Header&gt;&lt;message:CodeLists&gt;&lt;CodeList id=&quot;CL_ABS_CENSUS2011_B11_LGA_MEASURE&quot; agencyID=&quot;ABS&quot;&gt;&lt;Name xml:lang=&quot;en&quot;&gt;Sex&lt;/Name&gt;&lt;Name xml:lang=&quot;fr&quot;&gt;Sex&lt;/Name&gt;&lt;Code value=&quot;1&quot; parentCode=&quot;3&quot;&gt;&lt;Description xml:lang=&quot;en&quot;&gt;Males&lt;/Description&gt;&lt;Description xml:lang=&quot;fr&quot;&gt;Males&lt;/Description&gt;&lt;/Code&gt;&lt;Code value=&quot;3&quot;&gt;&lt;Description xml:lang=&quot;en&quot;&gt;Persons&lt;/Description&gt;&lt;Description xml:lang=&quot;fr&quot;&gt;Persons&lt;/Description&gt;&lt;/Code&gt;&lt;Code value=&quot;2&quot; parentCode=&quot;3&quot;&gt;&lt;Description xml:lang=&quot;en&quot;&gt;Females&lt;/Description&gt;&lt;Description xml:lang=&quot;fr&quot;&gt;Females&lt;/Description&gt;&lt;/Code&gt;&lt;/CodeList&gt;&lt;CodeList id=&quot;CL_ABS_CENSUS2011_B11_LGA_ENGLP&quot; agencyID=&quot;ABS&quot;&gt;&lt;Name xml:lang=&quot;en&quot;&gt;Proficiency in Spoken English/Language&lt;/Name&gt;&lt;Name xml:lang=&quot;fr&quot;&gt;Proficiency in Spoken English/Language&lt;/Name&gt;&lt;Code value=&quot;OTH&quot;&gt;&lt;Description xml:lang=&quot;en&quot;&gt;Speaks other language and speaks English total&lt;/Description&gt;&lt;Description xml:lang=&quot;fr&quot;&gt;Speaks other language and speaks English total&lt;/Description&gt;&lt;/Code&gt;&lt;Code value=&quot;TOT&quot;&gt;&lt;Description xml:lang=&quot;en&quot;&gt;Total&lt;/Description&gt;&lt;Description xml:lang=&quot;fr&quot;&gt;Total&lt;/Description&gt;&lt;/Code&gt;&lt;Code value=&quot;2_3&quot; parentCode=&quot;OTH&quot;&gt;&lt;Description xml:lang=&quot;en&quot;&gt;Very well or well&lt;/Description&gt;&lt;Description xml:lang=&quot;fr&quot;&gt;Very well or well&lt;/Description&gt;&lt;/Code&gt;&lt;Code value=&quot;4_5&quot; parentCode=&quot;OTH&quot;&gt;&lt;Description xml:lang=&quot;en&quot;&gt;Not well or not at all&lt;/Description&gt;&lt;Description xml:lang=&quot;fr&quot;&gt;Not well or not at all&lt;/Description&gt;&lt;/Code&gt;&lt;Code value=&quot;Z&quot; parentCode=&quot;OTH&quot;&gt;&lt;Description xml:lang=&quot;en&quot;&gt;Proficiency in English not stated&lt;/Description&gt;&lt;Description xml:lang=&quot;fr&quot;&gt;Proficiency in English not stated&lt;/Description&gt;&lt;/Code&gt;&lt;Code value=&quot;1&quot; parentCode=&quot;TOT&quot;&gt;&lt;Description xml:lang=&quot;en&quot;&gt;Speaks English only&lt;/Description&gt;&lt;Description xml:lang=&quot;fr&quot;&gt;Speaks English only&lt;/Description&gt;&lt;/Code&gt;&lt;Code value=&quot;6&quot; parentCode=&quot;TOT&quot;&gt;&lt;Description xml:lang=&quot;en&quot;&gt;Language and proficiency in English not stated&lt;/Description&gt;&lt;Description xml:lang=&quot;fr&quot;&gt;Language and proficiency in English not stated&lt;/Description&gt;&lt;/Code&gt;&lt;/CodeList&gt;&lt;CodeList id=&quot;CL_ABS_CENSUS2011_B11_LGA_YARRP&quot; agencyID=&quot;ABS&quot;&gt;&lt;Name xml:lang=&quot;en&quot;&gt;Year of Arrival in Australia&lt;/Name&gt;&lt;Name xml:lang=&quot;fr&quot;&gt;Year of Arrival in Australia&lt;/Name&gt;&lt;Code value=&quot;TOT&quot;&gt;&lt;Description xml:lang=&quot;en&quot;&gt;Total&lt;/Description&gt;&lt;Description xml:lang=&quot;fr&quot;&gt;Total&lt;/Description&gt;&lt;/Code&gt;&lt;Code value=&quot;10&quot; parentCode=&quot;TOT&quot;&gt;&lt;Description xml:lang=&quot;en&quot;&gt;Before 1996&lt;/Description&gt;&lt;Description xml:lang=&quot;fr&quot;&gt;Before 1996&lt;/Description&gt;&lt;/Code&gt;&lt;Code value=&quot;11&quot; parentCode=&quot;TOT&quot;&gt;&lt;Description xml:lang=&quot;en&quot;&gt;1996 -2000&lt;/Description&gt;&lt;Description xml:lang=&quot;fr&quot;&gt;1996 -2000&lt;/Description&gt;&lt;/Code&gt;&lt;Code value=&quot;12&quot; parentCode=&quot;TOT&quot;&gt;&lt;Description xml:lang=&quot;en&quot;&gt;2001 -2005&lt;/Description&gt;&lt;Description xml:lang=&quot;fr&quot;&gt;2001 -2005&lt;/Description&gt;&lt;/Code&gt;&lt;Code value=&quot;2006&quot; parentCode=&quot;TOT&quot;&gt;&lt;Description xml:lang=&quot;en&quot;&gt;2006&lt;/Description&gt;&lt;Description xml:lang=&quot;fr&quot;&gt;2006&lt;/Description&gt;&lt;/Code&gt;&lt;Code value=&quot;2007&quot; parentCode=&quot;TOT&quot;&gt;&lt;Description xml:lang=&quot;en&quot;&gt;2007&lt;/Description&gt;&lt;Description xml:lang=&quot;fr&quot;&gt;2007&lt;/Description&gt;&lt;/Code&gt;&lt;Code value=&quot;2008&quot; parentCode=&quot;TOT&quot;&gt;&lt;Description xml:lang=&quot;en&quot;&gt;2008&lt;/Description&gt;&lt;Description xml:lang=&quot;fr&quot;&gt;2008&lt;/Description&gt;&lt;/Code&gt;&lt;Code value=&quot;2009&quot; parentCode=&quot;TOT&quot;&gt;&lt;Description xml:lang=&quot;en&quot;&gt;2009&lt;/Description&gt;&lt;Description xml:lang=&quot;fr&quot;&gt;2009&lt;/Description&gt;&lt;/Code&gt;&lt;Code value=&quot;2010&quot; parentCode=&quot;TOT&quot;&gt;&lt;Description xml:lang=&quot;en&quot;&gt;2010&lt;/Description&gt;&lt;Description xml:lang=&quot;fr&quot;&gt;2010&lt;/Description&gt;&lt;/Code&gt;&lt;Code value=&quot;2011&quot; parentCode=&quot;TOT&quot;&gt;&lt;Description xml:lang=&quot;en&quot;&gt;2011(b)&lt;/Description&gt;&lt;Description xml:lang=&quot;fr&quot;&gt;2011(b)&lt;/Description&gt;&lt;/Code&gt;&lt;Code value=&quot;Z&quot; parentCode=&quot;TOT&quot;&gt;&lt;Description xml:lang=&quot;en&quot;&gt;Not stated&lt;/Description&gt;&lt;Description xml:lang=&quot;fr&quot;&gt;Not stated&lt;/Description&gt;&lt;/Code&gt;&lt;/CodeList&gt;&lt;CodeList id=&quot;CL_ABS_CENSUS2011_B11_LGA_STATE&quot; agencyID=&quot;ABS&quot;&gt;&lt;Name xml:lang=&quot;en&quot;&gt;State&lt;/Name&gt;&lt;Name xml:lang=&quot;fr&quot;&gt;State&lt;/Name&gt;&lt;Code value=&quot;1&quot; parentCode=&quot;0&quot;&gt;&lt;Description xml:lang=&quot;en&quot;&gt;New South Wales&lt;/Description&gt;&lt;Description xml:lang=&quot;fr&quot;&gt;New South Wales&lt;/Description&gt;&lt;/Code&gt;&lt;Code value=&quot;0&quot;&gt;&lt;Description xml:lang=&quot;en&quot;&gt;Australia&lt;/Description&gt;&lt;Description xml:lang=&quot;fr&quot;&gt;Australia&lt;/Description&gt;&lt;/Code&gt;&lt;Code value=&quot;2&quot; parentCode=&quot;0&quot;&gt;&lt;Description xml:lang=&quot;en&quot;&gt;Victoria&lt;/Description&gt;&lt;Description xml:lang=&quot;fr&quot;&gt;Victoria&lt;/Description&gt;&lt;/Code&gt;&lt;Code value=&quot;3&quot; parentCode=&quot;0&quot;&gt;&lt;Description xml:lang=&quot;en&quot;&gt;Queensland&lt;/Description&gt;&lt;Description xml:lang=&quot;fr&quot;&gt;Queensland&lt;/Description&gt;&lt;/Code&gt;&lt;Code value=&quot;4&quot; parentCode=&quot;0&quot;&gt;&lt;Description xml:lang=&quot;en&quot;&gt;South Australia&lt;/Description&gt;&lt;Description xml:lang=&quot;fr&quot;&gt;South Australia&lt;/Description&gt;&lt;/Code&gt;&lt;Code value=&quot;5&quot; parentCode=&quot;0&quot;&gt;&lt;Description xml:lang=&quot;en&quot;&gt;Western Australia&lt;/Description&gt;&lt;Description xml:lang=&quot;fr&quot;&gt;Western Australia&lt;/Description&gt;&lt;/Code&gt;&lt;Code value=&quot;6&quot; parentCode=&quot;0&quot;&gt;&lt;Description xml:lang=&quot;en&quot;&gt;Tasmania&lt;/Description&gt;&lt;Description xml:lang=&quot;fr&quot;&gt;Tasmania&lt;/Description&gt;&lt;/Code&gt;&lt;Code value=&quot;7&quot; parentCode=&quot;0&quot;&gt;&lt;Description xml:lang=&quot;en&quot;&gt;Northern Territory&lt;/Description&gt;&lt;Description xml:lang=&quot;fr&quot;&gt;Northern Territory&lt;/Description&gt;&lt;/Code&gt;&lt;Code value=&quot;8&quot; parentCode=&quot;0&quot;&gt;&lt;Description xml:lang=&quot;en&quot;&gt;Australian Capital Territory&lt;/Description&gt;&lt;Description xml:lang=&quot;fr&quot;&gt;Australian Capital Territory&lt;/Description&gt;&lt;/Code&gt;&lt;Code value=&quot;9&quot; parentCode=&quot;0&quot;&gt;&lt;Description xml:lang=&quot;en&quot;&gt;Other Territories&lt;/Description&gt;&lt;Description xml:lang=&quot;fr&quot;&gt;Other Territories&lt;/Description&gt;&lt;/Code&gt;&lt;/CodeList&gt;&lt;CodeList id=&quot;CL_ABS_CENSUS2011_B11_LGA_REGIONTYPE&quot; agencyID=&quot;ABS&quot;&gt;&lt;Name xml:lang=&quot;en&quot;&gt;Region Type&lt;/Name&gt;&lt;Name xml:lang=&quot;fr&quot;&gt;Region Type&lt;/Name&gt;&lt;Code value=&quot;LGA2011&quot; parentCode=&quot;LGA&quot;&gt;&lt;Description xml:lang=&quot;en&quot;&gt;Local Government Areas (2011)&lt;/Description&gt;&lt;Description xml:lang=&quot;fr&quot;&gt;Local Government Areas (2011)&lt;/Description&gt;&lt;/Code&gt;&lt;Code value=&quot;LGA&quot;&gt;&lt;Description xml:lang=&quot;en&quot;&gt;Local Government Areas&lt;/Description&gt;&lt;Description xml:lang=&quot;fr&quot;&gt;Local Government Areas&lt;/Description&gt;&lt;/Code&gt;&lt;/CodeList&gt;&lt;CodeList id=&quot;CL_ABS_CENSUS2011_B11_LGA_REGION&quot; agencyID=&quot;ABS&quot;&gt;&lt;Name xml:lang=&quot;en&quot;&gt;LGA 2011&lt;/Name&gt;&lt;Name xml:lang=&quot;fr&quot;&gt;LGA 2011&lt;/Name&gt;&lt;Code value=&quot;10050&quot; parentCode=&quot;1&quot;&gt;&lt;Description xml:lang=&quot;en&quot;&gt;Albury (C)&lt;/Description&gt;&lt;Description xml:lang=&quot;fr&quot;&gt;Albury (C)&lt;/Description&gt;&lt;/Code&gt;&lt;Code value=&quot;1&quot;&gt;&lt;Description xml:lang=&quot;en&quot;&gt;New South Wales&lt;/Description&gt;&lt;Description xml:lang=&quot;fr&quot;&gt;New South Wales&lt;/Description&gt;&lt;/Code&gt;&lt;Code value=&quot;10110&quot; parentCode=&quot;1&quot;&gt;&lt;Description xml:lang=&quot;en&quot;&gt;Armidale Dumaresq (A)&lt;/Description&gt;&lt;Description xml:lang=&quot;fr&quot;&gt;Armidale Dumaresq (A)&lt;/Description&gt;&lt;/Code&gt;&lt;Code value=&quot;10150&quot; parentCode=&quot;1&quot;&gt;&lt;Description xml:lang=&quot;en&quot;&gt;Ashfield (A)&lt;/Description&gt;&lt;Description xml:lang=&quot;fr&quot;&gt;Ashfield (A)&lt;/Description&gt;&lt;/Code&gt;&lt;Code value=&quot;10200&quot; parentCode=&quot;1&quot;&gt;&lt;Description xml:lang=&quot;en&quot;&gt;Auburn (C)&lt;/Description&gt;&lt;Description xml:lang=&quot;fr&quot;&gt;Auburn (C)&lt;/Description&gt;&lt;/Code&gt;&lt;Code value=&quot;10250&quot; parentCode=&quot;1&quot;&gt;&lt;Description xml:lang=&quot;en&quot;&gt;Ballina (A)&lt;/Description&gt;&lt;Description xml:lang=&quot;fr&quot;&gt;Ballina (A)&lt;/Description&gt;&lt;/Code&gt;&lt;Code value=&quot;10300&quot; parentCode=&quot;1&quot;&gt;&lt;Description xml:lang=&quot;en&quot;&gt;Balranald (A)&lt;/Description&gt;&lt;Description xml:lang=&quot;fr&quot;&gt;Balranald (A)&lt;/Description&gt;&lt;/Code&gt;&lt;Code value=&quot;10350&quot; parentCode=&quot;1&quot;&gt;&lt;Description xml:lang=&quot;en&quot;&gt;Bankstown (C)&lt;/Description&gt;&lt;Description xml:lang=&quot;fr&quot;&gt;Bankstown (C)&lt;/Description&gt;&lt;/Code&gt;&lt;Code value=&quot;10470&quot; parentCode=&quot;1&quot;&gt;&lt;Description xml:lang=&quot;en&quot;&gt;Bathurst Regional (A)&lt;/Description&gt;&lt;Description xml:lang=&quot;fr&quot;&gt;Bathurst Region
Input 1 does not match Pattern:[A-z][A-z0-9_\-]* for class:NCNameID
Input 3 does not match Pattern:[A-z][A-z0-9_\-]* for class:NCNameID
Input 2 does not match Pattern:[A-z][A-z0-9_\-]* for class:NCNameID
Loading Codelists
Codelist: ABS:CL_ATSI_BIRTHS_SUMM_MEASURE:1.0 already exists
Loading Concepts
Loading DataStructures
DS ABS:ATSI_BIRTHS_SUMM:1.0
Loading Dataflows
Loading Codelists
Codelist: ABS:CL_ATSI_FERTILITY_MEASURE:1.0 already exists
Loading Concepts
Loading DataStructures
DS ABS:ATSI_FERTILITY:1.0
Loading Dataflows
Loading Codelists
Codelist: ABS:CL_ALC_TYP:1.0 already exists
Loading Concepts
Loading DataStructures
DS ABS:ALC:1.0
Loading Dataflows
Loading Codelists
Codelist: ABS:CL_ABS_ACLD_LFSTATUS_SEX_ABS:1.0 already exists
Loading Concepts
Loading DataStructures
DS ABS:ABS_ACLD_LFSTATUS:1.0
Loading Dataflows
Loading Codelists
Codelist: ABS:CL_ABS_ACLD_TENURE_SEX_ABS:1.0 already exists
Loading Concepts
Loading DataStructures
DS ABS:ABS_ACLD_TENURE:1.0
Loading Dataflows
Loading Codelists
Codelist: ABS:CL_ABS_ACLD_UNPAIDASST_SEX_ABS:1.0 already exists
Loading Concepts
Loading DataStructures
DS ABS:ABS_ACLD_UNPAIDASST:1.0
Loading Dataflows
Loading Codelists
Codelist: ABS:CL_ABS_ACLD_VOLWORK_SEX_ABS:1.0 already exists
Loading Concepts
Loading DataStructures
DS ABS:ABS_ACLD_VOLWORK:1.0
Loading Dataflows
Loading Codelists
Codelist: ABS:CL_AMLPS_PART_2017_MEASURE:1.0 already exists
Loading Concepts
Loading DataStructures
DS ABS:AMLPS_PART_2017:1.0
Loading Dataflows
Loading Codelists
Codelist: ABS:CL_AMLPS_RESP_2017_RESPONSE_CAT:1.0 already exists
Loading Concepts
Loading DataStructures
DS ABS:AMLPS_RESP_2017:1.0
Loading Dataflows
Loading Codelists
Codelist: ABS:CL_ABS_CENSUS2011_B01_MEASURE:1.0 already exists
Loading Concepts
Loading DataStructures
DS ABS:ABS_CENSUS2011_B01:1.0
Loading Dataflows
Loading Codelists
Codelist: ABS:CL_ABS_CENSUS2011_B01_LGA_MEASURE:1.0 already exists
Loading Concepts
Loading DataStructures
DS ABS:ABS_CENSUS2011_B01_LGA:1.0
Loading Dataflows
Loading Codelists
Codelist: ABS:CL_ABS_CENSUS2011_B01_SA1_SA_MEASURE:1.0 already exists
Loading Concepts
Loading DataStructures
DS ABS:ABS_CENSUS2011_B01_SA1_SA:1.0
Loading Dataflows
Loading Codelists
Codelist: ABS:CL_ABS_CENSUS2011_B02_MEASURE:1.0 already exists
Loading Concepts
Loading DataStructures
DS ABS:ABS_CENSUS2011_B02:1.0
Loading Dataflows
Loading Codelists
Codelist: ABS:CL_ABS_CENSUS2011_B02_LGA_MEASURE:1.0 already exists
Loading Concepts
Loading DataStructures
DS ABS:ABS_CENSUS2011_B02_LGA:1.0
Loading Dataflows
Loading Codelists
Codelist: ABS:CL_ABS_CENSUS2011_B02_SA1_SA_MEASURE:1.0 already exists
Loading Concepts
Loading DataStructures
DS ABS:ABS_CENSUS2011_B02_SA1_SA:1.0
Loading Dataflows
Loading Codelists
Codelist: ABS:CL_ABS_CENSUS2011_B03_LGA_MEASURE:1.0 already exists
Loading Concepts
Loading DataStructures
DS ABS:ABS_CENSUS2011_B03_LGA:1.0
Loading Dataflows
Loading Codelists
Codelist: ABS:CL_ABS_CENSUS2011_B03_MEASURE:1.0 already exists
Loading Concepts
Loading DataStructures
DS ABS:ABS_CENSUS2011_B03:1.0
Loading Dataflows
Loading Codelists
Codelist: ABS:CL_ABS_CENSUS2011_B03_SA1_SA_MEASURE:1.0 already exists
Loading Concepts
Loading DataStructures
DS ABS:ABS_CENSUS2011_B03_SA1_SA:1.0
Loading Dataflows
Loading Codelists
Codelist: ABS:CL_ABS_CENSUS2011_B04_MEASURE:1.0 already exists
Loading Concepts
Loading DataStructures
DS ABS:ABS_CENSUS2011_B04:1.0
Loading Dataflows
Loading Codelists
Codelist: ABS:CL_ABS_CENSUS2011_B04_LGA_MEASURE:1.0 already exists
Loading Concepts
Loading DataStructures
DS ABS:ABS_CENSUS2011_B04_LGA:1.0
Loading Dataflows
Loading Codelists
Codelist: ABS:CL_ABS_CENSUS2011_B04_SA1_SA_MEASURE:1.0 already exists
Loading Concepts
Loading DataStructures
DS ABS:ABS_CENSUS2011_B04_SA1_SA:1.0
Loading Dataflows
Loading Codelists
Codelist: ABS:CL_ABS_CENSUS2011_B05_MEASURE:1.0 already exists
Loading Concepts
Loading DataStructures
DS ABS:ABS_CENSUS2011_B05:1.0
Loading Dataflows
Loading Codelists
Codelist: ABS:CL_ABS_CENSUS2011_B05_LGA_MEASURE:1.0 already exists
Loading Concepts
Loading DataStructures
DS ABS:ABS_CENSUS2011_B05_LGA:1.0
Loading Dataflows
Loading Codelists
Codelist: ABS:CL_ABS_CENSUS2011_B05_SA1_SA_MEASURE:1.0 already exists
Loading Concepts
Loading DataStructures
DS ABS:ABS_CENSUS2011_B05_SA1_SA:1.0
Loading Dataflows
Loading Codelists
Codelist: ABS:CL_ABS_CENSUS2011_B06_MEASURE:1.0 already exists
Loading Concepts
Loading DataStructures
DS ABS:ABS_CENSUS2011_B06:1.0
Loading Dataflows
Loading Codelists
Codelist: ABS:CL_ABS_CENSUS2011_B06_LGA_MEASURE:1.0 already exists
Loading Concepts
Loading DataStructures
DS ABS:ABS_CENSUS2011_B06_LGA:1.0
Loading Dataflows
Loading Codelists
Codelist: ABS:CL_ABS_CENSUS2011_B06_SA1_SA_MEASURE:1.0 already exists
Loading Concepts
Loading DataStructures
DS ABS:ABS_CENSUS2011_B06_SA1_SA:1.0
Loading Dataflows
Loading Codelists
Codelist: ABS:CL_ABS_CENSUS2011_B07_MEASURE:1.0 already exists
Loading Concepts
Loading DataStructures
DS ABS:ABS_CENSUS2011_B07:1.0
Loading Dataflows
Loading Codelists
Codelist: ABS:CL_ABS_CENSUS2011_B07_LGA_MEASURE:1.0 already exists
Loading Concepts
Loading DataStructures
DS ABS:ABS_CENSUS2011_B07_LGA:1.0
Loading Dataflows
Loading Codelists
Codelist: ABS:CL_ABS_CENSUS2011_B07_SA1_SA_MEASURE:1.0 already exists
Loading Concepts
Loading DataStructures
DS ABS:ABS_CENSUS2011_B07_SA1_SA:1.0
Loading Dataflows
Loading Codelists
Codelist: ABS:CL_ABS_CENSUS2011_B08_MEASURE:1.0 already exists
Loading Concepts
Loading DataStructures
DS ABS:ABS_CENSUS2011_B08:1.0
Loading Dataflows
Loading Codelists
Codelist: ABS:CL_ABS_CENSUS2011_B08_LGA_MEASURE:1.0 already exists
Loading Concepts
Loading DataStructures
DS ABS:ABS_CENSUS2011_B08_LGA:1.0
Loading Dataflows
Loading Codelists
Codelist: ABS:CL_ABS_CENSUS2011_B08_SA1_SA_MEASURE:1.0 already exists
Loading Concepts
Loading DataStructures
DS ABS:ABS_CENSUS2011_B08_SA1_SA:1.0
Loading Dataflows
Loading Codelists
Codelist: ABS:CL_ABS_CENSUS2011_B09_MEASURE:1.0 already exists
Loading Concepts
Loading DataStructures
DS ABS:ABS_CENSUS2011_B09:1.0
Loading Dataflows
Loading Codelists
Codelist: ABS:CL_ABS_CENSUS2011_B09_LGA_MEASURE:1.0 already exists
Loading Concepts
Loading DataStructures
DS ABS:ABS_CENSUS2011_B09_LGA:1.0
Loading Dataflows
Loading Codelists
Codelist: ABS:CL_ABS_CENSUS2011_B09_SA1_SA_MEASURE:1.0 already exists
Loading Concepts
Loading DataStructures
DS ABS:ABS_CENSUS2011_B09_SA1_SA:1.0
Loading Dataflows
Loading Codelists
Codelist: ABS:CL_ABS_CENSUS2011_B10_MEASURE:1.0 already exists
Loading Concepts
Loading DataStructures
DS ABS:ABS_CENSUS2011_B10:1.0
Loading Dataflows
Loading Codelists
Codelist: ABS:CL_ABS_CENSUS2011_B10_LGA_MEASURE:1.0 already exists
Loading Concepts
Loading DataStructures
DS ABS:ABS_CENSUS2011_B10_LGA:1.0
Loading Dataflows
Loading Codelists
Codelist: ABS:CL_ABS_CENSUS2011_B10_SA1_SA_MEASURE:1.0 already exists
Loading Concepts
Loading DataStructures
DS ABS:ABS_CENSUS2011_B10_SA1_SA:1.0
Loading Dataflows
Loading Codelists
Codelist: ABS:CL_ABS_CENSUS2011_B11_MEASURE:1.0 already exists
Loading Concepts
Loading DataStructures
DS ABS:ABS_CENSUS2011_B11:1.0
Loading Dataflows
Loading Codelists
Loading Concepts
Loading DataStructures
DS ABS:ABS_CENSUS2011_B11_LGA:1.0
Reference
Agency:ABS
MID:STANDALONE_CONCEPT_SCHEME
MVers:null
ID:ENGLP
Vers:1.0
Class:Concept
Pack:conceptscheme
Reference
Agency:ABS
MID:STANDALONE_CONCEPT_SCHEME
MVers:null
ID:YARRP
Vers:1.0
Class:Concept
Pack:conceptscheme
Reference
Agency:ABS
MID:STANDALONE_CONCEPT_SCHEME
MVers:null
ID:STATE
Vers:1.0
Class:Concept
Pack:conceptscheme
Reference
Agency:ABS
MID:STANDALONE_CONCEPT_SCHEME
MVers:null
ID:REGIONTYPE
Vers:1.0
Class:Concept
Pack:conceptscheme
Reference
Agency:ABS
MID:STANDALONE_CONCEPT_SCHEME
MVers:null
ID:REGION
Vers:1.0
Class:Concept
Pack:conceptscheme
Reference
Agency:ABS
MID:STANDALONE_CONCEPT_SCHEME
MVers:null
ID:FREQUENCY
Vers:1.0
Class:Concept
Pack:conceptscheme
Reference
Agency:ABS
MID:STANDALONE_CONCEPT_SCHEME
MVers:null
ID:TIME
Vers:1.0
Class:Concept
Pack:conceptscheme
Reference
Agency:ABS
MID:STANDALONE_CONCEPT_SCHEME
MVers:null
ID:MEASURE
Vers:1.0
Class:Concept
Pack:conceptscheme
Reference
Agency:ABS
MID:STANDALONE_CONCEPT_SCHEME
MVers:null
ID:OBS_STATUS
Vers:1.0
Class:Concept
Pack:conceptscheme
Reference
Agency:ABS
MID:STANDALONE_CONCEPT_SCHEME
MVers:null
ID:TIME_FORMAT
Vers:1.0
Class:Concept
Pack:conceptscheme
Reference
Agency:ABS
MID:STANDALONE_CONCEPT_SCHEME
MVers:null
ID:OBS_VALUE
Vers:1.0
Class:Concept
Pack:conceptscheme
Loading Dataflows
Loading: B11 Proficiency in Spoken English/Language by Year of Arrival in Australia by Sex(SA1 SA)
Header=&lt;message:Structure xmlns=&quot;http://www.SDMX.org/resources/SDMXML/schemas/v2_0/structure&quot; xmlns:common=&quot;http://www.SDMX.org/resources/SDMXML/schemas/v2_0/common&quot; xsi:schemaLocation=&quot;http://www.SDMX.org/resources/SDMXML/schemas/v2_0/structure http://www.sdmx.org/docs/2_0/SDMXStructure.xsd http://www.SDMX.org/resources/SDMXML/schemas/v2_0/message http://www.sdmx.org/docs/2_0/SDMXMessage.xsd&quot; xmlns:xsi=&quot;http://www.w3.org/2001/XMLSchema-instance&quot; xmlns:message=&quot;http://www.SDMX.org/resources/SDMXML/schemas/v2_0/message&quot;&gt;&lt;Header xmlns=&quot;http://www.SDMX.org/resources/SDMXML/schemas/v2_0/message&quot;&gt;&lt;ID&gt;none&lt;!--Statistical usage warning
ABS.Stat beta is continuing to be developed.  Data will be updated as soon as possible following its 11:30 am release on the ABS website.
--&gt;&lt;/ID&gt;&lt;Test&gt;false&lt;/Test&gt;&lt;Truncated&gt;false&lt;/Truncated&gt;&lt;Prepared&gt;2020-03-17T01:16:12&lt;/Prepared&gt;&lt;Sender id=&quot;ABS&quot;&gt;&lt;Name xml:lang=&quot;en&quot;&gt;Australian Bureau of Statistics&lt;/Name&gt;&lt;Name xml:lang=&quot;fr&quot;&gt;Australian Bureau of Statistics&lt;/Name&gt;&lt;/Sender&gt;&lt;/Header&gt;&lt;message:CodeLists&gt;&lt;CodeList id=&quot;CL_ABS_CENSUS2011_B11_SA1_SA_MEASURE&quot; agencyID=&quot;ABS&quot;&gt;&lt;Name xml:lang=&quot;en&quot;&gt;Sex&lt;/Name&gt;&lt;Name xml:lang=&quot;fr&quot;&gt;Sex&lt;/Name&gt;&lt;Code value=&quot;1&quot; parentCode=&quot;3&quot;&gt;&lt;Description xml:lang=&quot;en&quot;&gt;Males&lt;/Description&gt;&lt;Description xml:lang=&quot;fr&quot;&gt;Males&lt;/Description&gt;&lt;/Code&gt;&lt;Code value=&quot;3&quot;&gt;&lt;Description xml:lang=&quot;en&quot;&gt;Persons&lt;/Description&gt;&lt;Description xml:lang=&quot;fr&quot;&gt;Persons&lt;/Description&gt;&lt;/Code&gt;&lt;Code value=&quot;2&quot; parentCode=&quot;3&quot;&gt;&lt;Description xml:lang=&quot;en&quot;&gt;Females&lt;/Description&gt;&lt;Description xml:lang=&quot;fr&quot;&gt;Females&lt;/Description&gt;&lt;/Code&gt;&lt;/CodeList&gt;&lt;CodeList id=&quot;CL_ABS_CENSUS2011_B11_SA1_SA_ENGLP&quot; agencyID=&quot;ABS&quot;&gt;&lt;Name xml:lang=&quot;en&quot;&gt;Proficiency in Spoken English/Language&lt;/Name&gt;&lt;Name xml:lang=&quot;fr&quot;&gt;Proficiency in Spoken English/Language&lt;/Name&gt;&lt;Code value=&quot;OTH&quot;&gt;&lt;Description xml:lang=&quot;en&quot;&gt;Speaks other language and speaks English total&lt;/Description&gt;&lt;Description xml:lang=&quot;fr&quot;&gt;Speaks other language and speaks English total&lt;/Description&gt;&lt;/Code&gt;&lt;Code value=&quot;TOT&quot;&gt;&lt;Description xml:lang=&quot;en&quot;&gt;Total&lt;/Description&gt;&lt;Description xml:lang=&quot;fr&quot;&gt;Total&lt;/Description&gt;&lt;/Code&gt;&lt;Code value=&quot;2_3&quot; parentCode=&quot;OTH&quot;&gt;&lt;Description xml:lang=&quot;en&quot;&gt;Very well or well&lt;/Description&gt;&lt;Description xml:lang=&quot;fr&quot;&gt;Very well or well&lt;/Description&gt;&lt;/Code&gt;&lt;Code value=&quot;4_5&quot; parentCode=&quot;OTH&quot;&gt;&lt;Description xml:lang=&quot;en&quot;&gt;Not well or not at all&lt;/Description&gt;&lt;Description xml:lang=&quot;fr&quot;&gt;Not well or not at all&lt;/Description&gt;&lt;/Code&gt;&lt;Code value=&quot;Z&quot; parentCode=&quot;OTH&quot;&gt;&lt;Description xml:lang=&quot;en&quot;&gt;Proficiency in English not stated&lt;/Description&gt;&lt;Description xml:lang=&quot;fr&quot;&gt;Proficiency in English not stated&lt;/Description&gt;&lt;/Code&gt;&lt;Code value=&quot;1&quot; parentCode=&quot;TOT&quot;&gt;&lt;Description xml:lang=&quot;en&quot;&gt;Speaks English only&lt;/Description&gt;&lt;Description xml:lang=&quot;fr&quot;&gt;Speaks English only&lt;/Description&gt;&lt;/Code&gt;&lt;Code value=&quot;6&quot; parentCode=&quot;TOT&quot;&gt;&lt;Description xml:lang=&quot;en&quot;&gt;Language and proficiency in English not stated&lt;/Description&gt;&lt;Description xml:lang=&quot;fr&quot;&gt;Language and proficiency in English not stated&lt;/Description&gt;&lt;/Code&gt;&lt;/CodeList&gt;&lt;CodeList id=&quot;CL_ABS_CENSUS2011_B11_SA1_SA_YARRP&quot; agencyID=&quot;ABS&quot;&gt;&lt;Name xml:lang=&quot;en&quot;&gt;Year of Arrival in Australia&lt;/Name&gt;&lt;Name xml:lang=&quot;fr&quot;&gt;Year of Arrival in Australia&lt;/Name&gt;&lt;Code value=&quot;TOT&quot;&gt;&lt;Description xml:lang=&quot;en&quot;&gt;Total&lt;/Description&gt;&lt;Description xml:lang=&quot;fr&quot;&gt;Total&lt;/Description&gt;&lt;/Code&gt;&lt;Code value=&quot;10&quot; parentCode=&quot;TOT&quot;&gt;&lt;Description xml:lang=&quot;en&quot;&gt;Before 1996&lt;/Description&gt;&lt;Description xml:lang=&quot;fr&quot;&gt;Before 1996&lt;/Description&gt;&lt;/Code&gt;&lt;Code value=&quot;11&quot; parentCode=&quot;TOT&quot;&gt;&lt;Description xml:lang=&quot;en&quot;&gt;1996 -2000&lt;/Description&gt;&lt;Description xml:lang=&quot;fr&quot;&gt;1996 -2000&lt;/Description&gt;&lt;/Code&gt;&lt;Code value=&quot;12&quot; parentCode=&quot;TOT&quot;&gt;&lt;Description xml:lang=&quot;en&quot;&gt;2001 -2005&lt;/Description&gt;&lt;Description xml:lang=&quot;fr&quot;&gt;2001 -2005&lt;/Description&gt;&lt;/Code&gt;&lt;Code value=&quot;2006&quot; parentCode=&quot;TOT&quot;&gt;&lt;Description xml:lang=&quot;en&quot;&gt;2006&lt;/Description&gt;&lt;Description xml:lang=&quot;fr&quot;&gt;2006&lt;/Description&gt;&lt;/Code&gt;&lt;Code value=&quot;2007&quot; parentCode=&quot;TOT&quot;&gt;&lt;Description xml:lang=&quot;en&quot;&gt;2007&lt;/Description&gt;&lt;Description xml:lang=&quot;fr&quot;&gt;2007&lt;/Description&gt;&lt;/Code&gt;&lt;Code value=&quot;2008&quot; parentCode=&quot;TOT&quot;&gt;&lt;Description xml:lang=&quot;en&quot;&gt;2008&lt;/Description&gt;&lt;Description xml:lang=&quot;fr&quot;&gt;2008&lt;/Description&gt;&lt;/Code&gt;&lt;Code value=&quot;2009&quot; parentCode=&quot;TOT&quot;&gt;&lt;Description xml:lang=&quot;en&quot;&gt;2009&lt;/Description&gt;&lt;Description xml:lang=&quot;fr&quot;&gt;2009&lt;/Description&gt;&lt;/Code&gt;&lt;Code value=&quot;2010&quot; parentCode=&quot;TOT&quot;&gt;&lt;Description xml:lang=&quot;en&quot;&gt;2010&lt;/Description&gt;&lt;Description xml:lang=&quot;fr&quot;&gt;2010&lt;/Description&gt;&lt;/Code&gt;&lt;Code value=&quot;2011&quot; parentCode=&quot;TOT&quot;&gt;&lt;Description xml:lang=&quot;en&quot;&gt;2011(b)&lt;/Description&gt;&lt;Description xml:lang=&quot;fr&quot;&gt;2011(b)&lt;/Description&gt;&lt;/Code&gt;&lt;Code value=&quot;Z&quot; parentCode=&quot;TOT&quot;&gt;&lt;Description xml:lang=&quot;en&quot;&gt;Not stated&lt;/Description&gt;&lt;Description xml:lang=&quot;fr&quot;&gt;Not stated&lt;/Description&gt;&lt;/Code&gt;&lt;/CodeList&gt;&lt;CodeList id=&quot;CL_ABS_CENSUS2011_B11_SA1_SA_STATE&quot; agencyID=&quot;ABS&quot;&gt;&lt;Name xml:lang=&quot;en&quot;&gt;State&lt;/Name&gt;&lt;Name xml:lang=&quot;fr&quot;&gt;State&lt;/Name&gt;&lt;Code value=&quot;4&quot; parentCode=&quot;0&quot;&gt;&lt;Description xml:lang=&quot;en&quot;&gt;South Australia&lt;/Description&gt;&lt;Description xml:lang=&quot;fr&quot;&gt;South Australia&lt;/Description&gt;&lt;/Code&gt;&lt;Code value=&quot;0&quot;&gt;&lt;Description xml:lang=&quot;en&quot;&gt;Australia&lt;/Description&gt;&lt;Description xml:lang=&quot;fr&quot;&gt;Australia&lt;/Description&gt;&lt;/Code&gt;&lt;/CodeList&gt;&lt;CodeList id=&quot;CL_ABS_CENSUS2011_B11_SA1_SA_REGIONTYPE&quot; agencyID=&quot;ABS&quot;&gt;&lt;Name xml:lang=&quot;en&quot;&gt;Region Type&lt;/Name&gt;&lt;Name xml:lang=&quot;fr&quot;&gt;Region Type&lt;/Name&gt;&lt;Code value=&quot;SA1&quot;&gt;&lt;Description xml:lang=&quot;en&quot;&gt;Statistical Area Level 1&lt;/Description&gt;&lt;Description xml:lang=&quot;fr&quot;&gt;Statistical Area Level 1&lt;/Description&gt;&lt;/Code&gt;&lt;/CodeList&gt;&lt;CodeList id=&quot;CL_ABS_CENSUS2011_B11_SA1_SA_REGION&quot; agencyID=&quot;ABS&quot;&gt;&lt;Name xml:lang=&quot;en&quot;&gt;Region&lt;/Name&gt;&lt;Name xml:lang=&quot;fr&quot;&gt;Region&lt;/Name&gt;&lt;Code value=&quot;40101100101&quot; parentCode=&quot;401011001&quot;&gt;&lt;Description xml:lang=&quot;en&quot;&gt;40101100101&lt;/Description&gt;&lt;Description xml:lang=&quot;fr&quot;&gt;40101100101&lt;/Description&gt;&lt;/Code&gt;&lt;Code value=&quot;401011001&quot; parentCode=&quot;40101&quot;&gt;&lt;Description xml:lang=&quot;en&quot;&gt;Adelaide&lt;/Description&gt;&lt;Description xml:lang=&quot;fr&quot;&gt;Adelaide&lt;/Description&gt;&lt;/Code&gt;&lt;Code value=&quot;40101&quot; parentCode=&quot;401&quot;&gt;&lt;Description xml:lang=&quot;en&quot;&gt;Adelaide City&lt;/Description&gt;&lt;Description xml:lang=&quot;fr&quot;&gt;Adelaide City&lt;/Description&gt;&lt;/Code&gt;&lt;Code value=&quot;401&quot;&gt;&lt;Description xml:lang=&quot;en&quot;&gt;Adelaide - Central and Hills&lt;/Description&gt;&lt;Description xml:lang=&quot;fr&quot;&gt;Adelaide - Central and Hills&lt;/Description&gt;&lt;/Code&gt;&lt;Code value=&quot;40101100102&quot; parentCode=&quot;401011001&quot;&gt;&lt;Description xml:lang=&quot;en&quot;&gt;40101100102&lt;/Description&gt;&lt;Description xml:lang=&quot;fr&quot;&gt;40101100102&lt;/Description&gt;&lt;/Code&gt;&lt;Code value=&quot;40101100103&quot; parentCode=&quot;401011001&quot;&gt;&lt;Description xml:lang=&quot;en&quot;&gt;40101100103&lt;/Description&gt;&lt;Description xml:lang=&quot;fr&quot;&gt;40101100103&lt;/Description&gt;&lt;/Code&gt;&lt;Code value=&quot;40101100104&quot; parentCode=&quot;401011001&quot;&gt;&lt;Description xml:lang=&quot;en&quot;&gt;40101100104&lt;/Description&gt;&lt;Description xml:lang=&quot;fr&quot;&gt;40101100104&lt;/Description&gt;&lt;/Code&gt;&lt;Code value=&quot;40101100105&quot; parentCode=&quot;401011001&quot;&gt;&lt;Description xml:lang=&quot;en&quot;&gt;40101100105&lt;/Description&gt;&lt;Description xml:lang=&quot;fr&quot;&gt;40101100105&lt;/Description&gt;&lt;/Code&gt;&lt;Code value=&quot;40101100106&quot; parentCode=&quot;401011001&quot;&gt;&lt;Description xml:lang=&quot;en&quot;&gt;40101100106&lt;/Description&gt;&lt;Description xml:lang=&quot;fr&quot;&gt;40101100106&lt;/Description&gt;&lt;/Code&gt;&lt;Code value=&quot;40101100107&quot; parentCode=&quot;401011001&quot;&gt;&lt;Description xml:lang=&quot;en&quot;&gt;40101100107&lt;/Description&gt;&lt;Description xml:lang=&quot;fr&quot;&gt;40101100107&lt;/Description&gt;&lt;/Code&gt;&lt;Code value=&quot;40101100108&quot; parentCode=&quot;401011001&quot;&gt;&lt;Description xml:lang=&quot;en&quot;&gt;40101100108&lt;/Description&gt;&lt;Description xml:lang=&quot;fr&quot;&gt;40101100108&lt;/Description&gt;&lt;/Code&gt;&lt;Code value=&quot;40101100109&quot; parentCode=&quot;401011001&quot;&gt;&lt;Description xml:lang=&quot;en&quot;&gt;40101100109&lt;/Description&gt;&lt;Description xml:lang=&quot;fr&quot;&gt;40101100109&lt;/Description&gt;&lt;/Code&gt;&lt;Code value=&quot;40101100110&quot; parentCode=&quot;401011001&quot;&gt;&lt;Description xml:lang=&quot;en&quot;&gt;40101100110&lt;/Description&gt;&lt;Description xml:lang=&quot;fr&quot;&gt;40101100110&lt;/Description&gt;&lt;/Code&gt;&lt;Code value=&quot;40101100111&quot; parentCode=&quot;401011001&quot;&gt;&lt;Description xml:lang=&quot;en&quot;&gt;40101100111&lt;/Description&gt;&lt;Description xml:lang=&quot;fr&quot;&gt;40101100111&lt;/Description&gt;&lt;/Code&gt;&lt;Code value=&quot;40101100112&quot; parentCode=&quot;401011001&quot;&gt;&lt;Description xml:lang=&quot;en&quot;&gt;40101100112&lt;/Description&gt;&lt;Description xml:lang=&quot;fr&quot;&gt;40101100112&lt;/Description&gt;&lt;/Code&gt;&lt;Code value=&quot;40101100113&quot; parentCode=&quot;401011001&quot;&gt;&lt;Description xml:lang=&quot;en&quot;&gt;40101100113&lt;/Description&gt;&lt;Description xml:lang=&quot;fr&quot;&gt;40101100113&lt;/Description&gt;&lt;/Code&gt;&lt;Code value=&quot;40101100114&quot; parentCode=&quot;401011001&quot;&gt;&lt;Description xml:lang=&quot;en&quot;&gt;40101100114&lt;/Description&gt;&lt;Description xml:lang=&quot;fr&quot;&gt;40101100114&lt;/Descript
Input 1 does not match Pattern:[A-z][A-z0-9_\-]* for class:NCNameID
Input 3 does not match Pattern:[A-z][A-z0-9_\-]* for class:NCNameID
Input 2 does not match Pattern:[A-z][A-z0-9_\-]* for class:NCNameID
Loading Codelists
Codelist: ABS:CL_ATSI_BIRTHS_SUMM_MEASURE:1.0 already exists
Loading Concepts
Loading DataStructures
DS ABS:ATSI_BIRTHS_SUMM:1.0
Loading Dataflows
Loading Codelists
Codelist: ABS:CL_ATSI_FERTILITY_MEASURE:1.0 already exists
Loading Concepts
Loading DataStructures
DS ABS:ATSI_FERTILITY:1.0
Loading Dataflows
Loading Codelists
Codelist: ABS:CL_ALC_TYP:1.0 already exists
Loading Concepts
Loading DataStructures
DS ABS:ALC:1.0
Loading Dataflows
Loading Codelists
Codelist: ABS:CL_ABS_ACLD_LFSTATUS_SEX_ABS:1.0 already exists
Loading Concepts
Loading DataStructures
DS ABS:ABS_ACLD_LFSTATUS:1.0
Loading Dataflows
Loading Codelists
Codelist: ABS:CL_ABS_ACLD_TENURE_SEX_ABS:1.0 already exists
Loading Concepts
Loading DataStructures
DS ABS:ABS_ACLD_TENURE:1.0
Loading Dataflows
Loading Codelists
Codelist: ABS:CL_ABS_ACLD_UNPAIDASST_SEX_ABS:1.0 already exists
Loading Concepts
Loading DataStructures
DS ABS:ABS_ACLD_UNPAIDASST:1.0
Loading Dataflows
Loading Codelists
Codelist: ABS:CL_ABS_ACLD_VOLWORK_SEX_ABS:1.0 already exists
Loading Concepts
Loading DataStructures
DS ABS:ABS_ACLD_VOLWORK:1.0
Loading Dataflows
Loading Codelists
Codelist: ABS:CL_AMLPS_PART_2017_MEASURE:1.0 already exists
Loading Concepts
Loading DataStructures
DS ABS:AMLPS_PART_2017:1.0
Loading Dataflows
Loading Codelists
Codelist: ABS:CL_AMLPS_RESP_2017_RESPONSE_CAT:1.0 already exists
Loading Concepts
Loading DataStructures
DS ABS:AMLPS_RESP_2017:1.0
Loading Dataflows
Loading Codelists
Codelist: ABS:CL_ABS_CENSUS2011_B01_MEASURE:1.0 already exists
Loading Concepts
Loading DataStructures
DS ABS:ABS_CENSUS2011_B01:1.0
Loading Dataflows
Loading Codelists
Codelist: ABS:CL_ABS_CENSUS2011_B01_LGA_MEASURE:1.0 already exists
Loading Concepts
Loading DataStructures
DS ABS:ABS_CENSUS2011_B01_LGA:1.0
Loading Dataflows
Loading Codelists
Codelist: ABS:CL_ABS_CENSUS2011_B01_SA1_SA_MEASURE:1.0 already exists
Loading Concepts
Loading DataStructures
DS ABS:ABS_CENSUS2011_B01_SA1_SA:1.0
Loading Dataflows
Loading Codelists
Codelist: ABS:CL_ABS_CENSUS2011_B02_MEASURE:1.0 already exists
Loading Concepts
Loading DataStructures
DS ABS:ABS_CENSUS2011_B02:1.0
Loading Dataflows
Loading Codelists
Codelist: ABS:CL_ABS_CENSUS2011_B02_LGA_MEASURE:1.0 already exists
Loading Concepts
Loading DataStructures
DS ABS:ABS_CENSUS2011_B02_LGA:1.0
Loading Dataflows
Loading Codelists
Codelist: ABS:CL_ABS_CENSUS2011_B02_SA1_SA_MEASURE:1.0 already exists
Loading Concepts
Loading DataStructures
DS ABS:ABS_CENSUS2011_B02_SA1_SA:1.0
Loading Dataflows
Loading Codelists
Codelist: ABS:CL_ABS_CENSUS2011_B03_LGA_MEASURE:1.0 already exists
Loading Concepts
Loading DataStructures
DS ABS:ABS_CENSUS2011_B03_LGA:1.0
Loading Dataflows
Loading Codelists
Codelist: ABS:CL_ABS_CENSUS2011_B03_MEASURE:1.0 already exists
Loading Concepts
Loading DataStructures
DS ABS:ABS_CENSUS2011_B03:1.0
Loading Dataflows
Loading Codelists
Codelist: ABS:CL_ABS_CENSUS2011_B03_SA1_SA_MEASURE:1.0 already exists
Loading Concepts
Loading DataStructures
DS ABS:ABS_CENSUS2011_B03_SA1_SA:1.0
Loading Dataflows
Loading Codelists
Codelist: ABS:CL_ABS_CENSUS2011_B04_MEASURE:1.0 already exists
Loading Concepts
Loading DataStructures
DS ABS:ABS_CENSUS2011_B04:1.0
Loading Dataflows
Loading Codelists
Codelist: ABS:CL_ABS_CENSUS2011_B04_LGA_MEASURE:1.0 already exists
Loading Concepts
Loading DataStructures
DS ABS:ABS_CENSUS2011_B04_LGA:1.0
Loading Dataflows
Loading Codelists
Codelist: ABS:CL_ABS_CENSUS2011_B04_SA1_SA_MEASURE:1.0 already exists
Loading Concepts
Loading DataStructures
DS ABS:ABS_CENSUS2011_B04_SA1_SA:1.0
Loading Dataflows
Loading Codelists
Codelist: ABS:CL_ABS_CENSUS2011_B05_MEASURE:1.0 already exists
Loading Concepts
Loading DataStructures
DS ABS:ABS_CENSUS2011_B05:1.0
Loading Dataflows
Loading Codelists
Codelist: ABS:CL_ABS_CENSUS2011_B05_LGA_MEASURE:1.0 already exists
Loading Concepts
Loading DataStructures
DS ABS:ABS_CENSUS2011_B05_LGA:1.0
Loading Dataflows
Loading Codelists
Codelist: ABS:CL_ABS_CENSUS2011_B05_SA1_SA_MEASURE:1.0 already exists
Loading Concepts
Loading DataStructures
DS ABS:ABS_CENSUS2011_B05_SA1_SA:1.0
Loading Dataflows
Loading Codelists
Codelist: ABS:CL_ABS_CENSUS2011_B06_MEASURE:1.0 already exists
Loading Concepts
Loading DataStructures
DS ABS:ABS_CENSUS2011_B06:1.0
Loading Dataflows
Loading Codelists
Codelist: ABS:CL_ABS_CENSUS2011_B06_LGA_MEASURE:1.0 already exists
Loading Concepts
Loading DataStructures
DS ABS:ABS_CENSUS2011_B06_LGA:1.0
Loading Dataflows
Loading Codelists
Codelist: ABS:CL_ABS_CENSUS2011_B06_SA1_SA_MEASURE:1.0 already exists
Loading Concepts
Loading DataStructures
DS ABS:ABS_CENSUS2011_B06_SA1_SA:1.0
Loading Dataflows
Loading Codelists
Codelist: ABS:CL_ABS_CENSUS2011_B07_MEASURE:1.0 already exists
Loading Concepts
Loading DataStructures
DS ABS:ABS_CENSUS2011_B07:1.0
Loading Dataflows
Loading Codelists
Codelist: ABS:CL_ABS_CENSUS2011_B07_LGA_MEASURE:1.0 already exists
Loading Concepts
Loading DataStructures
DS ABS:ABS_CENSUS2011_B07_LGA:1.0
Loading Dataflows
Loading Codelists
Codelist: ABS:CL_ABS_CENSUS2011_B07_SA1_SA_MEASURE:1.0 already exists
Loading Concepts
Loading DataStructures
DS ABS:ABS_CENSUS2011_B07_SA1_SA:1.0
Loading Dataflows
Loading Codelists
Codelist: ABS:CL_ABS_CENSUS2011_B08_MEASURE:1.0 already exists
Loading Concepts
Loading DataStructures
DS ABS:ABS_CENSUS2011_B08:1.0
Loading Dataflows
Loading Codelists
Codelist: ABS:CL_ABS_CENSUS2011_B08_LGA_MEASURE:1.0 already exists
Loading Concepts
Loading DataStructures
DS ABS:ABS_CENSUS2011_B08_LGA:1.0
Loading Dataflows
Loading Codelists
Codelist: ABS:CL_ABS_CENSUS2011_B08_SA1_SA_MEASURE:1.0 already exists
Loading Concepts
Loading DataStructures
DS ABS:ABS_CENSUS2011_B08_SA1_SA:1.0
Loading Dataflows
Loading Codelists
Codelist: ABS:CL_ABS_CENSUS2011_B09_MEASURE:1.0 already exists
Loading Concepts
Loading DataStructures
DS ABS:ABS_CENSUS2011_B09:1.0
Loading Dataflows
Loading Codelists
Codelist: ABS:CL_ABS_CENSUS2011_B09_LGA_MEASURE:1.0 already exists
Loading Concepts
Loading DataStructures
DS ABS:ABS_CENSUS2011_B09_LGA:1.0
Loading Dataflows
Loading Codelists
Codelist: ABS:CL_ABS_CENSUS2011_B09_SA1_SA_MEASURE:1.0 already exists
Loading Concepts
Loading DataStructures
DS ABS:ABS_CENSUS2011_B09_SA1_SA:1.0
Loading Dataflows
Loading Codelists
Codelist: ABS:CL_ABS_CENSUS2011_B10_MEASURE:1.0 already exists
Loading Concepts
Loading DataStructures
DS ABS:ABS_CENSUS2011_B10:1.0
Loading Dataflows
Loading Codelists
Codelist: ABS:CL_ABS_CENSUS2011_B10_LGA_MEASURE:1.0 already exists
Loading Concepts
Loading DataStructures
DS ABS:ABS_CENSUS2011_B10_LGA:1.0
Loading Dataflows
Loading Codelists
Codelist: ABS:CL_ABS_CENSUS2011_B10_SA1_SA_MEASURE:1.0 already exists
Loading Concepts
Loading DataStructures
DS ABS:ABS_CENSUS2011_B10_SA1_SA:1.0
Loading Dataflows
Loading Codelists
Codelist: ABS:CL_ABS_CENSUS2011_B11_MEASURE:1.0 already exists
Loading Concepts
Loading DataStructures
DS ABS:ABS_CENSUS2011_B11:1.0
Loading Dataflows
Loading Codelists
Codelist: ABS:CL_ABS_CENSUS2011_B11_LGA_MEASURE:1.0 already exists
Loading Concepts
Loading DataStructures
DS ABS:ABS_CENSUS2011_B11_LGA:1.0
Loading Dataflows
Loading Codelists
Loading Concepts
Loading DataStructures
DS ABS:ABS_CENSUS2011_B11_SA1_SA:1.0
Reference
Agency:ABS
MID:STANDALONE_CONCEPT_SCHEME
MVers:null
ID:ENGLP
Vers:1.0
Class:Concept
Pack:conceptscheme
Reference
Agency:ABS
MID:STANDALONE_CONCEPT_SCHEME
MVers:null
ID:YARRP
Vers:1.0
Class:Concept
Pack:conceptscheme
Reference
Agency:ABS
MID:STANDALONE_CONCEPT_SCHEME
MVers:null
ID:STATE
Vers:1.0
Class:Concept
Pack:conceptscheme
Reference
Agency:ABS
MID:STANDALONE_CONCEPT_SCHEME
MVers:null
ID:REGIONTYPE
Vers:1.0
Class:Concept
Pack:conceptscheme
Reference
Agency:ABS
MID:STANDALONE_CONCEPT_SCHEME
MVers:null
ID:REGION
Vers:1.0
Class:Concept
Pack:conceptscheme
Reference
Agency:ABS
MID:STANDALONE_CONCEPT_SCHEME
MVers:null
ID:FREQUENCY
Vers:1.0
Class:Concept
Pack:conceptscheme
Reference
Agency:ABS
MID:STANDALONE_CONCEPT_SCHEME
MVers:null
ID:TIME
Vers:1.0
Class:Concept
Pack:conceptscheme
Reference
Agency:ABS
MID:STANDALONE_CONCEPT_SCHEME
MVers:null
ID:MEASURE
Vers:1.0
Class:Concept
Pack:conceptscheme
Reference
Agency:ABS
MID:STANDALONE_CONCEPT_SCHEME
MVers:null
ID:OBS_STATUS
Vers:1.0
Class:Concept
Pack:conceptscheme
Reference
Agency:ABS
MID:STANDALONE_CONCEPT_SCHEME
MVers:null
ID:TIME_FORMAT
Vers:1.0
Class:Concept
Pack:conceptscheme
Reference
Agency:ABS
MID:STANDALONE_CONCEPT_SCHEME
MVers:null
ID:OBS_VALUE
Vers:1.0
Class:Concept
Pack:conceptscheme
Loading Dataflows
Loading: B12 Proficiency in Spoken English/Language of Parents by Age of Dependent Children
Header=&lt;message:Structure xmlns=&quot;http://www.SDMX.org/resources/SDMXML/schemas/v2_0/structure&quot; xmlns:common=&quot;http://www.SDMX.org/resources/SDMXML/schemas/v2_0/common&quot; xsi:schemaLocation=&quot;http://www.SDMX.org/resources/SDMXML/schemas/v2_0/structure http://www.sdmx.org/docs/2_0/SDMXStructure.xsd http://www.SDMX.org/resources/SDMXML/schemas/v2_0/message http://www.sdmx.org/docs/2_0/SDMXMessage.xsd&quot; xmlns:xsi=&quot;http://www.w3.org/2001/XMLSchema-instance&quot; xmlns:message=&quot;http://www.SDMX.org/resources/SDMXML/schemas/v2_0/message&quot;&gt;&lt;Header xmlns=&quot;http://www.SDMX.org/resources/SDMXML/schemas/v2_0/message&quot;&gt;&lt;ID&gt;none&lt;!--Statistical usage warning
ABS.Stat beta is continuing to be developed.  Data will be updated as soon as possible following its 11:30 am release on the ABS website.
--&gt;&lt;/ID&gt;&lt;Test&gt;false&lt;/Test&gt;&lt;Truncated&gt;false&lt;/Truncated&gt;&lt;Prepared&gt;2020-03-17T01:18:28&lt;/Prepared&gt;&lt;Sender id=&quot;ABS&quot;&gt;&lt;Name xml:lang=&quot;en&quot;&gt;Australian Bureau of Statistics&lt;/Name&gt;&lt;Name xml:lang=&quot;fr&quot;&gt;Australian Bureau of Statistics&lt;/Name&gt;&lt;/Sender&gt;&lt;/Header&gt;&lt;message:CodeLists&gt;&lt;CodeList id=&quot;CL_ABS_CENSUS2011_B12_MEASURE&quot; agencyID=&quot;ABS&quot;&gt;&lt;Name xml:lang=&quot;en&quot;&gt;Age of Dependent Children&lt;/Name&gt;&lt;Name xml:lang=&quot;fr&quot;&gt;Age of Dependent Children&lt;/Name&gt;&lt;Code value=&quot;8&quot;&gt;&lt;Description xml:lang=&quot;en&quot;&gt;Total dependent children&lt;/Description&gt;&lt;Description xml:lang=&quot;fr&quot;&gt;Total dependent children&lt;/Description&gt;&lt;/Code&gt;&lt;Code value=&quot;1&quot; parentCode=&quot;8&quot;&gt;&lt;Description xml:lang=&quot;en&quot;&gt;Dependent children aged 0-4 years&lt;/Description&gt;&lt;Description xml:lang=&quot;fr&quot;&gt;Dependent children aged 0-4 years&lt;/Description&gt;&lt;/Code&gt;&lt;Code value=&quot;2&quot; parentCode=&quot;8&quot;&gt;&lt;Description xml:lang=&quot;en&quot;&gt;Dependent children aged 5-9 years&lt;/Description&gt;&lt;Description xml:lang=&quot;fr&quot;&gt;Dependent children aged 5-9 years&lt;/Description&gt;&lt;/Code&gt;&lt;Code value=&quot;3&quot; parentCode=&quot;8&quot;&gt;&lt;Description xml:lang=&quot;en&quot;&gt;Dependent children aged 10-12 years&lt;/Description&gt;&lt;Description xml:lang=&quot;fr&quot;&gt;Dependent children aged 10-12 years&lt;/Description&gt;&lt;/Code&gt;&lt;Code value=&quot;4&quot; parentCode=&quot;8&quot;&gt;&lt;Description xml:lang=&quot;en&quot;&gt;Dependent children aged 13-14 years&lt;/Description&gt;&lt;Description xml:lang=&quot;fr&quot;&gt;Dependent children aged 13-14 years&lt;/Description&gt;&lt;/Code&gt;&lt;Code value=&quot;5&quot; parentCode=&quot;8&quot;&gt;&lt;Description xml:lang=&quot;en&quot;&gt;Dependent children aged 15-17 years&lt;/Description&gt;&lt;Description xml:lang=&quot;fr&quot;&gt;Dependent children aged 15-17 years&lt;/Description&gt;&lt;/Code&gt;&lt;Code value=&quot;6&quot; parentCode=&quot;8&quot;&gt;&lt;Description xml:lang=&quot;en&quot;&gt;Dependent children aged 18-20 years&lt;/Description&gt;&lt;Description xml:lang=&quot;fr&quot;&gt;Dependent children aged 18-20 years&lt;/Description&gt;&lt;/Code&gt;&lt;Code value=&quot;7&quot; parentCode=&quot;8&quot;&gt;&lt;Description xml:lang=&quot;en&quot;&gt;Dependent children aged 21-24 years&lt;/Description&gt;&lt;Description xml:lang=&quot;fr&quot;&gt;Dependent children aged 21-24 years&lt;/Description&gt;&lt;/Code&gt;&lt;/CodeList&gt;&lt;CodeList id=&quot;CL_ABS_CENSUS2011_B12_FPENG&quot; agencyID=&quot;ABS&quot;&gt;&lt;Name xml:lang=&quot;en&quot;&gt;Proficiency in Spoken English/Language of Female Parent&lt;/Name&gt;&lt;Name xml:lang=&quot;fr&quot;&gt;Proficiency in Spoken English/Language of Female Parent&lt;/Name&gt;&lt;Code value=&quot;TOT&quot;&gt;&lt;Description xml:lang=&quot;en&quot;&gt;Total&lt;/Description&gt;&lt;Description xml:lang=&quot;fr&quot;&gt;Total&lt;/Description&gt;&lt;/Code&gt;&lt;Code value=&quot;2&quot; parentCode=&quot;OTH&quot;&gt;&lt;Description xml:lang=&quot;en&quot;&gt;Very well or well&lt;/Description&gt;&lt;Description xml:lang=&quot;fr&quot;&gt;Very well or well&lt;/Description&gt;&lt;/Code&gt;&lt;Code value=&quot;OTH&quot; parentCode=&quot;TOT&quot;&gt;&lt;Description xml:lang=&quot;en&quot;&gt;Speaks other language total&lt;/Description&gt;&lt;Description xml:lang=&quot;fr&quot;&gt;Speaks other language total&lt;/Description&gt;&lt;/Code&gt;&lt;Code value=&quot;4&quot; parentCode=&quot;OTH&quot;&gt;&lt;Description xml:lang=&quot;en&quot;&gt;Not well or not at all&lt;/Description&gt;&lt;Description xml:lang=&quot;fr&quot;&gt;Not well or not at all&lt;/Description&gt;&lt;/Code&gt;&lt;Code value=&quot;Z&quot; parentCode=&quot;OTH&quot;&gt;&lt;Description xml:lang=&quot;en&quot;&gt;Proficiency in English not stated&lt;/Description&gt;&lt;Description xml:lang=&quot;fr&quot;&gt;Proficiency in English not stated&lt;/Description&gt;&lt;/Code&gt;&lt;Code value=&quot;1&quot; parentCode=&quot;TOT&quot;&gt;&lt;Description xml:lang=&quot;en&quot;&gt;Speaks English only&lt;/Description&gt;&lt;Description xml:lang=&quot;fr&quot;&gt;Speaks English only&lt;/Description&gt;&lt;/Code&gt;&lt;Code value=&quot;6&quot; parentCode=&quot;TOT&quot;&gt;&lt;Description xml:lang=&quot;en&quot;&gt;Language and proficiency in English not stated&lt;/Description&gt;&lt;Description xml:lang=&quot;fr&quot;&gt;Language and proficiency in English not stated&lt;/Description&gt;&lt;/Code&gt;&lt;/CodeList&gt;&lt;CodeList id=&quot;CL_ABS_CENSUS2011_B12_MPENG&quot; agencyID=&quot;ABS&quot;&gt;&lt;Name xml:lang=&quot;en&quot;&gt;Proficiency in Spoken English/Language of Male Parent&lt;/Name&gt;&lt;Name xml:lang=&quot;fr&quot;&gt;Proficiency in Spoken English/Language of Male Parent&lt;/Name&gt;&lt;Code value=&quot;TOT&quot;&gt;&lt;Description xml:lang=&quot;en&quot;&gt;Total&lt;/Description&gt;&lt;Description xml:lang=&quot;fr&quot;&gt;Total&lt;/Description&gt;&lt;/Code&gt;&lt;Code value=&quot;2&quot; parentCode=&quot;OTH&quot;&gt;&lt;Description xml:lang=&quot;en&quot;&gt;Very well or well&lt;/Description&gt;&lt;Description xml:lang=&quot;fr&quot;&gt;Very well or well&lt;/Description&gt;&lt;/Code&gt;&lt;Code value=&quot;OTH&quot; parentCode=&quot;TOT&quot;&gt;&lt;Description xml:lang=&quot;en&quot;&gt;Speaks other language total&lt;/Description&gt;&lt;Description xml:lang=&quot;fr&quot;&gt;Speaks other language total&lt;/Description&gt;&lt;/Code&gt;&lt;Code value=&quot;4&quot; parentCode=&quot;OTH&quot;&gt;&lt;Description xml:lang=&quot;en&quot;&gt;Not well or not at all&lt;/Description&gt;&lt;Description xml:lang=&quot;fr&quot;&gt;Not well or not at all&lt;/Description&gt;&lt;/Code&gt;&lt;Code value=&quot;Z&quot; parentCode=&quot;OTH&quot;&gt;&lt;Description xml:lang=&quot;en&quot;&gt;Proficiency in English not stated&lt;/Description&gt;&lt;Description xml:lang=&quot;fr&quot;&gt;Proficiency in English not stated&lt;/Description&gt;&lt;/Code&gt;&lt;Code value=&quot;1&quot; parentCode=&quot;TOT&quot;&gt;&lt;Description xml:lang=&quot;en&quot;&gt;Speaks English only&lt;/Description&gt;&lt;Description xml:lang=&quot;fr&quot;&gt;Speaks English only&lt;/Description&gt;&lt;/Code&gt;&lt;Code value=&quot;6&quot; parentCode=&quot;TOT&quot;&gt;&lt;Description xml:lang=&quot;en&quot;&gt;Language and proficiency in English not stated&lt;/Description&gt;&lt;Description xml:lang=&quot;fr&quot;&gt;Language and proficiency in English not stated&lt;/Description&gt;&lt;/Code&gt;&lt;/CodeList&gt;&lt;CodeList id=&quot;CL_ABS_CENSUS2011_B12_STATE&quot; agencyID=&quot;ABS&quot;&gt;&lt;Name xml:lang=&quot;en&quot;&gt;State&lt;/Name&gt;&lt;Name xml:lang=&quot;fr&quot;&gt;State&lt;/Name&gt;&lt;Code value=&quot;0&quot;&gt;&lt;Description xml:lang=&quot;en&quot;&gt;Australia&lt;/Description&gt;&lt;Description xml:lang=&quot;fr&quot;&gt;Australia&lt;/Description&gt;&lt;/Code&gt;&lt;Code value=&quot;1&quot; parentCode=&quot;0&quot;&gt;&lt;Description xml:lang=&quot;en&quot;&gt;New South Wales&lt;/Description&gt;&lt;Description xml:lang=&quot;fr&quot;&gt;New South Wales&lt;/Description&gt;&lt;/Code&gt;&lt;Code value=&quot;2&quot; parentCode=&quot;0&quot;&gt;&lt;Description xml:lang=&quot;en&quot;&gt;Victoria&lt;/Description&gt;&lt;Description xml:lang=&quot;fr&quot;&gt;Victoria&lt;/Description&gt;&lt;/Code&gt;&lt;Code value=&quot;3&quot; parentCode=&quot;0&quot;&gt;&lt;Description xml:lang=&quot;en&quot;&gt;Queensland&lt;/Description&gt;&lt;Description xml:lang=&quot;fr&quot;&gt;Queensland&lt;/Description&gt;&lt;/Code&gt;&lt;Code value=&quot;4&quot; parentCode=&quot;0&quot;&gt;&lt;Description xml:lang=&quot;en&quot;&gt;South Australia&lt;/Description&gt;&lt;Description xml:lang=&quot;fr&quot;&gt;South Australia&lt;/Description&gt;&lt;/Code&gt;&lt;Code value=&quot;5&quot; parentCode=&quot;0&quot;&gt;&lt;Description xml:lang=&quot;en&quot;&gt;Western Australia&lt;/Description&gt;&lt;Description xml:lang=&quot;fr&quot;&gt;Western Australia&lt;/Description&gt;&lt;/Code&gt;&lt;Code value=&quot;6&quot; parentCode=&quot;0&quot;&gt;&lt;Description xml:lang=&quot;en&quot;&gt;Tasmania&lt;/Description&gt;&lt;Description xml:lang=&quot;fr&quot;&gt;Tasmania&lt;/Description&gt;&lt;/Code&gt;&lt;Code value=&quot;7&quot; parentCode=&quot;0&quot;&gt;&lt;Description xml:lang=&quot;en&quot;&gt;Northern Territory&lt;/Description&gt;&lt;Description xml:lang=&quot;fr&quot;&gt;Northern Territory&lt;/Description&gt;&lt;/Code&gt;&lt;Code value=&quot;8&quot; parentCode=&quot;0&quot;&gt;&lt;Description xml:lang=&quot;en&quot;&gt;Australian Capital Territory&lt;/Description&gt;&lt;Description xml:lang=&quot;fr&quot;&gt;Australian Capital Territory&lt;/Description&gt;&lt;/Code&gt;&lt;Code value=&quot;9&quot; parentCode=&quot;0&quot;&gt;&lt;Description xml:lang=&quot;en&quot;&gt;Other Territories&lt;/Description&gt;&lt;Description xml:lang=&quot;fr&quot;&gt;Other Territories&lt;/Description&gt;&lt;/Code&gt;&lt;/CodeList&gt;&lt;CodeList id=&quot;CL_ABS_CENSUS2011_B12_REGIONTYPE&quot; agencyID=&quot;ABS&quot;&gt;&lt;Name xml:lang=&quot;en&quot;&gt;Region Type&lt;/Name&gt;&lt;Name xml:lang=&quot;fr&quot;&gt;Region Type&lt;/Name&gt;&lt;Code value=&quot;AUS&quot;&gt;&lt;Description xml:lang=&quot;en&quot;&gt;Australia&lt;/Description&gt;&lt;Description xml:lang=&quot;fr&quot;&gt;Australia&lt;/Description&gt;&lt;/Code&gt;&lt;Code value=&quot;STE&quot;&gt;&lt;Description xml:lang=&quot;en&quot;&gt;States and Territories&lt;/Description&gt;&lt;Description xml:lang=&quot;fr&quot;&gt;States and Territories&lt;/Description&gt;&lt;/Code&gt;&lt;Code value=&quot;SA4&quot;&gt;&lt;Description xml:lang=&quot;en&quot;&gt;Statistical Area Level 4&lt;/Description&gt;&lt;Description xml:lang=&quot;fr&quot;&gt;Statistical Area Level 4&lt;/Description&gt;&lt;/Code&gt;&lt;Code value=&quot;SA3&quot;&gt;&lt;Description xml:lang=&quot;en&quot;&gt;Statistical Area Level 3&lt;/Description&gt;&lt;Description xml:lang=&quot;fr&quot;&gt;Statistical Area Level 3&lt;/Description&gt;&lt;/Code&gt;&lt;Code value=&quot;SA2&quot;&gt;&lt;Description xml:lang=&quot;en&quot;&gt;Statistical Area Level 2&lt;/Description&gt;&lt;Description xml:lang=&quot;fr&quot;&gt;Statistical Area Level 2&lt;/Description&gt;&lt;/Code&gt;&lt;/CodeList&gt;&lt;CodeList id=&quot;CL_ABS_CENSUS2011_B12_REGION&quot; agencyID=&quot;ABS&quot;&gt;&lt;Name xml:lang=&quot;en&quot;&gt;Region&lt;/Name&gt;&lt;Name xml:lang=&quot;fr&quot;&gt;Region&lt;/Name&gt;&lt;Code value=&quot;0&quot;&gt;&lt;Description xml:lang=&quot;en&quot;&gt;Australia&lt;/Description&gt;
Input 8 does not match Pattern:[A-z][A-z0-9_\-]* for class:NCNameID
Input 1 does not match Pattern:[A-z][A-z0-9_\-]* for class:NCNameID
Input 2 does not match Pattern:[A-z][A-z0-9_\-]* for class:NCNameID
Input 3 does not match Pattern:[A-z][A-z0-9_\-]* for class:NCNameID
Input 4 does not match Pattern:[A-z][A-z0-9_\-]* for class:NCNameID
Input 5 does not match Pattern:[A-z][A-z0-9_\-]* for class:NCNameID
Input 6 does not match Pattern:[A-z][A-z0-9_\-]* for class:NCNameID
Input 7 does not match Pattern:[A-z][A-z0-9_\-]* for class:NCNameID
Loading Codelists
Codelist: ABS:CL_ATSI_BIRTHS_SUMM_MEASURE:1.0 already exists
Loading Concepts
Loading DataStructures
DS ABS:ATSI_BIRTHS_SUMM:1.0
Loading Dataflows
Loading Codelists
Codelist: ABS:CL_ATSI_FERTILITY_MEASURE:1.0 already exists
Loading Concepts
Loading DataStructures
DS ABS:ATSI_FERTILITY:1.0
Loading Dataflows
Loading Codelists
Codelist: ABS:CL_ALC_TYP:1.0 already exists
Loading Concepts
Loading DataStructures
DS ABS:ALC:1.0
Loading Dataflows
Loading Codelists
Codelist: ABS:CL_ABS_ACLD_LFSTATUS_SEX_ABS:1.0 already exists
Loading Concepts
Loading DataStructures
DS ABS:ABS_ACLD_LFSTATUS:1.0
Loading Dataflows
Loading Codelists
Codelist: ABS:CL_ABS_ACLD_TENURE_SEX_ABS:1.0 already exists
Loading Concepts
Loading DataStructures
DS ABS:ABS_ACLD_TENURE:1.0
Loading Dataflows
Loading Codelists
Codelist: ABS:CL_ABS_ACLD_UNPAIDASST_SEX_ABS:1.0 already exists
Loading Concepts
Loading DataStructures
DS ABS:ABS_ACLD_UNPAIDASST:1.0
Loading Dataflows
Loading Codelists
Codelist: ABS:CL_ABS_ACLD_VOLWORK_SEX_ABS:1.0 already exists
Loading Concepts
Loading DataStructures
DS ABS:ABS_ACLD_VOLWORK:1.0
Loading Dataflows
Loading Codelists
Codelist: ABS:CL_AMLPS_PART_2017_MEASURE:1.0 already exists
Loading Concepts
Loading DataStructures
DS ABS:AMLPS_PART_2017:1.0
Loading Dataflows
Loading Codelists
Codelist: ABS:CL_AMLPS_RESP_2017_RESPONSE_CAT:1.0 already exists
Loading Concepts
Loading DataStructures
DS ABS:AMLPS_RESP_2017:1.0
Loading Dataflows
Loading Codelists
Codelist: ABS:CL_ABS_CENSUS2011_B01_MEASURE:1.0 already exists
Loading Concepts
Loading DataStructures
DS ABS:ABS_CENSUS2011_B01:1.0
Loading Dataflows
Loading Codelists
Codelist: ABS:CL_ABS_CENSUS2011_B01_LGA_MEASURE:1.0 already exists
Loading Concepts
Loading DataStructures
DS ABS:ABS_CENSUS2011_B01_LGA:1.0
Loading Dataflows
Loading Codelists
Codelist: ABS:CL_ABS_CENSUS2011_B01_SA1_SA_MEASURE:1.0 already exists
Loading Concepts
Loading DataStructures
DS ABS:ABS_CENSUS2011_B01_SA1_SA:1.0
Loading Dataflows
Loading Codelists
Codelist: ABS:CL_ABS_CENSUS2011_B02_MEASURE:1.0 already exists
Loading Concepts
Loading DataStructures
DS ABS:ABS_CENSUS2011_B02:1.0
Loading Dataflows
Loading Codelists
Codelist: ABS:CL_ABS_CENSUS2011_B02_LGA_MEASURE:1.0 already exists
Loading Concepts
Loading DataStructures
DS ABS:ABS_CENSUS2011_B02_LGA:1.0
Loading Dataflows
Loading Codelists
Codelist: ABS:CL_ABS_CENSUS2011_B02_SA1_SA_MEASURE:1.0 already exists
Loading Concepts
Loading DataStructures
DS ABS:ABS_CENSUS2011_B02_SA1_SA:1.0
Loading Dataflows
Loading Codelists
Codelist: ABS:CL_ABS_CENSUS2011_B03_LGA_MEASURE:1.0 already exists
Loading Concepts
Loading DataStructures
DS ABS:ABS_CENSUS2011_B03_LGA:1.0
Loading Dataflows
Loading Codelists
Codelist: ABS:CL_ABS_CENSUS2011_B03_MEASURE:1.0 already exists
Loading Concepts
Loading DataStructures
DS ABS:ABS_CENSUS2011_B03:1.0
Loading Dataflows
Loading Codelists
Codelist: ABS:CL_ABS_CENSUS2011_B03_SA1_SA_MEASURE:1.0 already exists
Loading Concepts
Loading DataStructures
DS ABS:ABS_CENSUS2011_B03_SA1_SA:1.0
Loading Dataflows
Loading Codelists
Codelist: ABS:CL_ABS_CENSUS2011_B04_MEASURE:1.0 already exists
Loading Concepts
Loading DataStructures
DS ABS:ABS_CENSUS2011_B04:1.0
Loading Dataflows
Loading Codelists
Codelist: ABS:CL_ABS_CENSUS2011_B04_LGA_MEASURE:1.0 already exists
Loading Concepts
Loading DataStructures
DS ABS:ABS_CENSUS2011_B04_LGA:1.0
Loading Dataflows
Loading Codelists
Codelist: ABS:CL_ABS_CENSUS2011_B04_SA1_SA_MEASURE:1.0 already exists
Loading Concepts
Loading DataStructures
DS ABS:ABS_CENSUS2011_B04_SA1_SA:1.0
Loading Dataflows
Loading Codelists
Codelist: ABS:CL_ABS_CENSUS2011_B05_MEASURE:1.0 already exists
Loading Concepts
Loading DataStructures
DS ABS:ABS_CENSUS2011_B05:1.0
Loading Dataflows
Loading Codelists
Codelist: ABS:CL_ABS_CENSUS2011_B05_LGA_MEASURE:1.0 already exists
Loading Concepts
Loading DataStructures
DS ABS:ABS_CENSUS2011_B05_LGA:1.0
Loading Dataflows
Loading Codelists
Codelist: ABS:CL_ABS_CENSUS2011_B05_SA1_SA_MEASURE:1.0 already exists
Loading Concepts
Loading DataStructures
DS ABS:ABS_CENSUS2011_B05_SA1_SA:1.0
Loading Dataflows
Loading Codelists
Codelist: ABS:CL_ABS_CENSUS2011_B06_MEASURE:1.0 already exists
Loading Concepts
Loading DataStructures
DS ABS:ABS_CENSUS2011_B06:1.0
Loading Dataflows
Loading Codelists
Codelist: ABS:CL_ABS_CENSUS2011_B06_LGA_MEASURE:1.0 already exists
Loading Concepts
Loading DataStructures
DS ABS:ABS_CENSUS2011_B06_LGA:1.0
Loading Dataflows
Loading Codelists
Codelist: ABS:CL_ABS_CENSUS2011_B06_SA1_SA_MEASURE:1.0 already exists
Loading Concepts
Loading DataStructures
DS ABS:ABS_CENSUS2011_B06_SA1_SA:1.0
Loading Dataflows
Loading Codelists
Codelist: ABS:CL_ABS_CENSUS2011_B07_MEASURE:1.0 already exists
Loading Concepts
Loading DataStructures
DS ABS:ABS_CENSUS2011_B07:1.0
Loading Dataflows
Loading Codelists
Codelist: ABS:CL_ABS_CENSUS2011_B07_LGA_MEASURE:1.0 already exists
Loading Concepts
Loading DataStructures
DS ABS:ABS_CENSUS2011_B07_LGA:1.0
Loading Dataflows
Loading Codelists
Codelist: ABS:CL_ABS_CENSUS2011_B07_SA1_SA_MEASURE:1.0 already exists
Loading Concepts
Loading DataStructures
DS ABS:ABS_CENSUS2011_B07_SA1_SA:1.0
Loading Dataflows
Loading Codelists
Codelist: ABS:CL_ABS_CENSUS2011_B08_MEASURE:1.0 already exists
Loading Concepts
Loading DataStructures
DS ABS:ABS_CENSUS2011_B08:1.0
Loading Dataflows
Loading Codelists
Codelist: ABS:CL_ABS_CENSUS2011_B08_LGA_MEASURE:1.0 already exists
Loading Concepts
Loading DataStructures
DS ABS:ABS_CENSUS2011_B08_LGA:1.0
Loading Dataflows
Loading Codelists
Codelist: ABS:CL_ABS_CENSUS2011_B08_SA1_SA_MEASURE:1.0 already exists
Loading Concepts
Loading DataStructures
DS ABS:ABS_CENSUS2011_B08_SA1_SA:1.0
Loading Dataflows
Loading Codelists
Codelist: ABS:CL_ABS_CENSUS2011_B09_MEASURE:1.0 already exists
Loading Concepts
Loading DataStructures
DS ABS:ABS_CENSUS2011_B09:1.0
Loading Dataflows
Loading Codelists
Codelist: ABS:CL_ABS_CENSUS2011_B09_LGA_MEASURE:1.0 already exists
Loading Concepts
Loading DataStructures
DS ABS:ABS_CENSUS2011_B09_LGA:1.0
Loading Dataflows
Loading Codelists
Codelist: ABS:CL_ABS_CENSUS2011_B09_SA1_SA_MEASURE:1.0 already exists
Loading Concepts
Loading DataStructures
DS ABS:ABS_CENSUS2011_B09_SA1_SA:1.0
Loading Dataflows
Loading Codelists
Codelist: ABS:CL_ABS_CENSUS2011_B10_MEASURE:1.0 already exists
Loading Concepts
Loading DataStructures
DS ABS:ABS_CENSUS2011_B10:1.0
Loading Dataflows
Loading Codelists
Codelist: ABS:CL_ABS_CENSUS2011_B10_LGA_MEASURE:1.0 already exists
Loading Concepts
Loading DataStructures
DS ABS:ABS_CENSUS2011_B10_LGA:1.0
Loading Dataflows
Loading Codelists
Codelist: ABS:CL_ABS_CENSUS2011_B10_SA1_SA_MEASURE:1.0 already exists
Loading Concepts
Loading DataStructures
DS ABS:ABS_CENSUS2011_B10_SA1_SA:1.0
Loading Dataflows
Loading Codelists
Codelist: ABS:CL_ABS_CENSUS2011_B11_MEASURE:1.0 already exists
Loading Concepts
Loading DataStructures
DS ABS:ABS_CENSUS2011_B11:1.0
Loading Dataflows
Loading Codelists
Codelist: ABS:CL_ABS_CENSUS2011_B11_LGA_MEASURE:1.0 already exists
Loading Concepts
Loading DataStructures
DS ABS:ABS_CENSUS2011_B11_LGA:1.0
Loading Dataflows
Loading Codelists
Codelist: ABS:CL_ABS_CENSUS2011_B11_SA1_SA_MEASURE:1.0 already exists
Loading Concepts
Loading DataStructures
DS ABS:ABS_CENSUS2011_B11_SA1_SA:1.0
Loading Dataflows
Loading Codelists
Loading Concepts
Loading DataStructures
DS ABS:ABS_CENSUS2011_B12:1.0
Reference
Agency:ABS
MID:STANDALONE_CONCEPT_SCHEME
MVers:null
ID:FPENG
Vers:1.0
Class:Concept
Pack:conceptscheme
Reference
Agency:ABS
MID:STANDALONE_CONCEPT_SCHEME
MVers:null
ID:MPENG
Vers:1.0
Class:Concept
Pack:conceptscheme
Reference
Agency:ABS
MID:STANDALONE_CONCEPT_SCHEME
MVers:null
ID:STATE
Vers:1.0
Class:Concept
Pack:conceptscheme
Reference
Agency:ABS
MID:STANDALONE_CONCEPT_SCHEME
MVers:null
ID:REGIONTYPE
Vers:1.0
Class:Concept
Pack:conceptscheme
Reference
Agency:ABS
MID:STANDALONE_CONCEPT_SCHEME
MVers:null
ID:REGION
Vers:1.0
Class:Concept
Pack:conceptscheme
Reference
Agency:ABS
MID:STANDALONE_CONCEPT_SCHEME
MVers:null
ID:FREQUENCY
Vers:1.0
Class:Concept
Pack:conceptscheme
Reference
Agency:ABS
MID:STANDALONE_CONCEPT_SCHEME
MVers:null
ID:TIME
Vers:1.0
Class:Concept
Pack:conceptscheme
Reference
Agency:ABS
MID:STANDALONE_CONCEPT_SCHEME
MVers:null
ID:MEASURE
Vers:1.0
Class:Concept
Pack:conceptscheme
Reference
Agency:ABS
MID:STANDALONE_CONCEPT_SCHEME
MVers:null
ID:OBS_STATUS
Vers:1.0
Class:Concept
Pack:conceptscheme
Reference
Agency:ABS
MID:STANDALONE_CONCEPT_SCHEME
MVers:null
ID:TIME_FORMAT
Vers:1.0
Class:Concept
Pack:conceptscheme
Reference
Agency:ABS
MID:STANDALONE_CONCEPT_SCHEME
MVers:null
ID:OBS_VALUE
Vers:1.0
Class:Concept
Pack:conceptscheme
Loading Dataflows
Loading: B12 Proficiency in Spoken English/Language of Parents by Age of Dependent Children (LGA)
Header=&lt;message:Structure xmlns=&quot;http://www.SDMX.org/resources/SDMXML/schemas/v2_0/structure&quot; xmlns:common=&quot;http://www.SDMX.org/resources/SDMXML/schemas/v2_0/common&quot; xsi:schemaLocation=&quot;http://www.SDMX.org/resources/SDMXML/schemas/v2_0/structure http://www.sdmx.org/docs/2_0/SDMXStructure.xsd http://www.SDMX.org/resources/SDMXML/schemas/v2_0/message http://www.sdmx.org/docs/2_0/SDMXMessage.xsd&quot; xmlns:xsi=&quot;http://www.w3.org/2001/XMLSchema-instance&quot; xmlns:message=&quot;http://www.SDMX.org/resources/SDMXML/schemas/v2_0/message&quot;&gt;&lt;Header xmlns=&quot;http://www.SDMX.org/resources/SDMXML/schemas/v2_0/message&quot;&gt;&lt;ID&gt;none&lt;!--Statistical usage warning
ABS.Stat beta is continuing to be developed.  Data will be updated as soon as possible following its 11:30 am release on the ABS website.
--&gt;&lt;/ID&gt;&lt;Test&gt;false&lt;/Test&gt;&lt;Truncated&gt;false&lt;/Truncated&gt;&lt;Prepared&gt;2020-03-17T01:19:43&lt;/Prepared&gt;&lt;Sender id=&quot;ABS&quot;&gt;&lt;Name xml:lang=&quot;en&quot;&gt;Australian Bureau of Statistics&lt;/Name&gt;&lt;Name xml:lang=&quot;fr&quot;&gt;Australian Bureau of Statistics&lt;/Name&gt;&lt;/Sender&gt;&lt;/Header&gt;&lt;message:CodeLists&gt;&lt;CodeList id=&quot;CL_ABS_CENSUS2011_B12_LGA_MEASURE&quot; agencyID=&quot;ABS&quot;&gt;&lt;Name xml:lang=&quot;en&quot;&gt;Age of Dependent Children&lt;/Name&gt;&lt;Name xml:lang=&quot;fr&quot;&gt;Age of Dependent Children&lt;/Name&gt;&lt;Code value=&quot;8&quot;&gt;&lt;Description xml:lang=&quot;en&quot;&gt;Total dependent children&lt;/Description&gt;&lt;Description xml:lang=&quot;fr&quot;&gt;Total dependent children&lt;/Description&gt;&lt;/Code&gt;&lt;Code value=&quot;1&quot; parentCode=&quot;8&quot;&gt;&lt;Description xml:lang=&quot;en&quot;&gt;Dependent children aged 0-4 years&lt;/Description&gt;&lt;Description xml:lang=&quot;fr&quot;&gt;Dependent children aged 0-4 years&lt;/Description&gt;&lt;/Code&gt;&lt;Code value=&quot;2&quot; parentCode=&quot;8&quot;&gt;&lt;Description xml:lang=&quot;en&quot;&gt;Dependent children aged 5-9 years&lt;/Description&gt;&lt;Description xml:lang=&quot;fr&quot;&gt;Dependent children aged 5-9 years&lt;/Description&gt;&lt;/Code&gt;&lt;Code value=&quot;3&quot; parentCode=&quot;8&quot;&gt;&lt;Description xml:lang=&quot;en&quot;&gt;Dependent children aged 10-12 years&lt;/Description&gt;&lt;Description xml:lang=&quot;fr&quot;&gt;Dependent children aged 10-12 years&lt;/Description&gt;&lt;/Code&gt;&lt;Code value=&quot;4&quot; parentCode=&quot;8&quot;&gt;&lt;Description xml:lang=&quot;en&quot;&gt;Dependent children aged 13-14 years&lt;/Description&gt;&lt;Description xml:lang=&quot;fr&quot;&gt;Dependent children aged 13-14 years&lt;/Description&gt;&lt;/Code&gt;&lt;Code value=&quot;5&quot; parentCode=&quot;8&quot;&gt;&lt;Description xml:lang=&quot;en&quot;&gt;Dependent children aged 15-17 years&lt;/Description&gt;&lt;Description xml:lang=&quot;fr&quot;&gt;Dependent children aged 15-17 years&lt;/Description&gt;&lt;/Code&gt;&lt;Code value=&quot;6&quot; parentCode=&quot;8&quot;&gt;&lt;Description xml:lang=&quot;en&quot;&gt;Dependent children aged 18-20 years&lt;/Description&gt;&lt;Description xml:lang=&quot;fr&quot;&gt;Dependent children aged 18-20 years&lt;/Description&gt;&lt;/Code&gt;&lt;Code value=&quot;7&quot; parentCode=&quot;8&quot;&gt;&lt;Description xml:lang=&quot;en&quot;&gt;Dependent children aged 21-24 years&lt;/Description&gt;&lt;Description xml:lang=&quot;fr&quot;&gt;Dependent children aged 21-24 years&lt;/Description&gt;&lt;/Code&gt;&lt;/CodeList&gt;&lt;CodeList id=&quot;CL_ABS_CENSUS2011_B12_LGA_FPENG&quot; agencyID=&quot;ABS&quot;&gt;&lt;Name xml:lang=&quot;en&quot;&gt;Proficiency in Spoken English/Language of Female Parent&lt;/Name&gt;&lt;Name xml:lang=&quot;fr&quot;&gt;Proficiency in Spoken English/Language of Female Parent&lt;/Name&gt;&lt;Code value=&quot;TOT&quot;&gt;&lt;Description xml:lang=&quot;en&quot;&gt;Total&lt;/Description&gt;&lt;Description xml:lang=&quot;fr&quot;&gt;Total&lt;/Description&gt;&lt;/Code&gt;&lt;Code value=&quot;2&quot; parentCode=&quot;OTH&quot;&gt;&lt;Description xml:lang=&quot;en&quot;&gt;Very well or well&lt;/Description&gt;&lt;Description xml:lang=&quot;fr&quot;&gt;Very well or well&lt;/Description&gt;&lt;/Code&gt;&lt;Code value=&quot;OTH&quot; parentCode=&quot;TOT&quot;&gt;&lt;Description xml:lang=&quot;en&quot;&gt;Speaks other language total&lt;/Description&gt;&lt;Description xml:lang=&quot;fr&quot;&gt;Speaks other language total&lt;/Description&gt;&lt;/Code&gt;&lt;Code value=&quot;4&quot; parentCode=&quot;OTH&quot;&gt;&lt;Description xml:lang=&quot;en&quot;&gt;Not well or not at all&lt;/Description&gt;&lt;Description xml:lang=&quot;fr&quot;&gt;Not well or not at all&lt;/Description&gt;&lt;/Code&gt;&lt;Code value=&quot;Z&quot; parentCode=&quot;OTH&quot;&gt;&lt;Description xml:lang=&quot;en&quot;&gt;Proficiency in English not stated&lt;/Description&gt;&lt;Description xml:lang=&quot;fr&quot;&gt;Proficiency in English not stated&lt;/Description&gt;&lt;/Code&gt;&lt;Code value=&quot;1&quot; parentCode=&quot;TOT&quot;&gt;&lt;Description xml:lang=&quot;en&quot;&gt;Speaks English only&lt;/Description&gt;&lt;Description xml:lang=&quot;fr&quot;&gt;Speaks English only&lt;/Description&gt;&lt;/Code&gt;&lt;Code value=&quot;6&quot; parentCode=&quot;TOT&quot;&gt;&lt;Description xml:lang=&quot;en&quot;&gt;Language and proficiency in English not stated&lt;/Description&gt;&lt;Description xml:lang=&quot;fr&quot;&gt;Language and proficiency in English not stated&lt;/Description&gt;&lt;/Code&gt;&lt;/CodeList&gt;&lt;CodeList id=&quot;CL_ABS_CENSUS2011_B12_LGA_MPENG&quot; agencyID=&quot;ABS&quot;&gt;&lt;Name xml:lang=&quot;en&quot;&gt;Proficiency in Spoken English/Language of Male Parent&lt;/Name&gt;&lt;Name xml:lang=&quot;fr&quot;&gt;Proficiency in Spoken English/Language of Male Parent&lt;/Name&gt;&lt;Code value=&quot;TOT&quot;&gt;&lt;Description xml:lang=&quot;en&quot;&gt;Total&lt;/Description&gt;&lt;Description xml:lang=&quot;fr&quot;&gt;Total&lt;/Description&gt;&lt;/Code&gt;&lt;Code value=&quot;2&quot; parentCode=&quot;OTH&quot;&gt;&lt;Description xml:lang=&quot;en&quot;&gt;Very well or well&lt;/Description&gt;&lt;Description xml:lang=&quot;fr&quot;&gt;Very well or well&lt;/Description&gt;&lt;/Code&gt;&lt;Code value=&quot;OTH&quot; parentCode=&quot;TOT&quot;&gt;&lt;Description xml:lang=&quot;en&quot;&gt;Speaks other language total&lt;/Description&gt;&lt;Description xml:lang=&quot;fr&quot;&gt;Speaks other language total&lt;/Description&gt;&lt;/Code&gt;&lt;Code value=&quot;4&quot; parentCode=&quot;OTH&quot;&gt;&lt;Description xml:lang=&quot;en&quot;&gt;Not well or not at all&lt;/Description&gt;&lt;Description xml:lang=&quot;fr&quot;&gt;Not well or not at all&lt;/Description&gt;&lt;/Code&gt;&lt;Code value=&quot;Z&quot; parentCode=&quot;OTH&quot;&gt;&lt;Description xml:lang=&quot;en&quot;&gt;Proficiency in English not stated&lt;/Description&gt;&lt;Description xml:lang=&quot;fr&quot;&gt;Proficiency in English not stated&lt;/Description&gt;&lt;/Code&gt;&lt;Code value=&quot;1&quot; parentCode=&quot;TOT&quot;&gt;&lt;Description xml:lang=&quot;en&quot;&gt;Speaks English only&lt;/Description&gt;&lt;Description xml:lang=&quot;fr&quot;&gt;Speaks English only&lt;/Description&gt;&lt;/Code&gt;&lt;Code value=&quot;6&quot; parentCode=&quot;TOT&quot;&gt;&lt;Description xml:lang=&quot;en&quot;&gt;Language and proficiency in English not stated&lt;/Description&gt;&lt;Description xml:lang=&quot;fr&quot;&gt;Language and proficiency in English not stated&lt;/Description&gt;&lt;/Code&gt;&lt;/CodeList&gt;&lt;CodeList id=&quot;CL_ABS_CENSUS2011_B12_LGA_STATE&quot; agencyID=&quot;ABS&quot;&gt;&lt;Name xml:lang=&quot;en&quot;&gt;State&lt;/Name&gt;&lt;Name xml:lang=&quot;fr&quot;&gt;State&lt;/Name&gt;&lt;Code value=&quot;1&quot; parentCode=&quot;0&quot;&gt;&lt;Description xml:lang=&quot;en&quot;&gt;New South Wales&lt;/Description&gt;&lt;Description xml:lang=&quot;fr&quot;&gt;New South Wales&lt;/Description&gt;&lt;/Code&gt;&lt;Code value=&quot;0&quot;&gt;&lt;Description xml:lang=&quot;en&quot;&gt;Australia&lt;/Description&gt;&lt;Description xml:lang=&quot;fr&quot;&gt;Australia&lt;/Description&gt;&lt;/Code&gt;&lt;Code value=&quot;2&quot; parentCode=&quot;0&quot;&gt;&lt;Description xml:lang=&quot;en&quot;&gt;Victoria&lt;/Description&gt;&lt;Description xml:lang=&quot;fr&quot;&gt;Victoria&lt;/Description&gt;&lt;/Code&gt;&lt;Code value=&quot;3&quot; parentCode=&quot;0&quot;&gt;&lt;Description xml:lang=&quot;en&quot;&gt;Queensland&lt;/Description&gt;&lt;Description xml:lang=&quot;fr&quot;&gt;Queensland&lt;/Description&gt;&lt;/Code&gt;&lt;Code value=&quot;4&quot; parentCode=&quot;0&quot;&gt;&lt;Description xml:lang=&quot;en&quot;&gt;South Australia&lt;/Description&gt;&lt;Description xml:lang=&quot;fr&quot;&gt;South Australia&lt;/Description&gt;&lt;/Code&gt;&lt;Code value=&quot;5&quot; parentCode=&quot;0&quot;&gt;&lt;Description xml:lang=&quot;en&quot;&gt;Western Australia&lt;/Description&gt;&lt;Description xml:lang=&quot;fr&quot;&gt;Western Australia&lt;/Description&gt;&lt;/Code&gt;&lt;Code value=&quot;6&quot; parentCode=&quot;0&quot;&gt;&lt;Description xml:lang=&quot;en&quot;&gt;Tasmania&lt;/Description&gt;&lt;Description xml:lang=&quot;fr&quot;&gt;Tasmania&lt;/Description&gt;&lt;/Code&gt;&lt;Code value=&quot;7&quot; parentCode=&quot;0&quot;&gt;&lt;Description xml:lang=&quot;en&quot;&gt;Northern Territory&lt;/Description&gt;&lt;Description xml:lang=&quot;fr&quot;&gt;Northern Territory&lt;/Description&gt;&lt;/Code&gt;&lt;Code value=&quot;8&quot; parentCode=&quot;0&quot;&gt;&lt;Description xml:lang=&quot;en&quot;&gt;Australian Capital Territory&lt;/Description&gt;&lt;Description xml:lang=&quot;fr&quot;&gt;Australian Capital Territory&lt;/Description&gt;&lt;/Code&gt;&lt;Code value=&quot;9&quot; parentCode=&quot;0&quot;&gt;&lt;Description xml:lang=&quot;en&quot;&gt;Other Territories&lt;/Description&gt;&lt;Description xml:lang=&quot;fr&quot;&gt;Other Territories&lt;/Description&gt;&lt;/Code&gt;&lt;/CodeList&gt;&lt;CodeList id=&quot;CL_ABS_CENSUS2011_B12_LGA_REGIONTYPE&quot; agencyID=&quot;ABS&quot;&gt;&lt;Name xml:lang=&quot;en&quot;&gt;Region Type&lt;/Name&gt;&lt;Name xml:lang=&quot;fr&quot;&gt;Region Type&lt;/Name&gt;&lt;Code value=&quot;LGA2011&quot; parentCode=&quot;LGA&quot;&gt;&lt;Description xml:lang=&quot;en&quot;&gt;Local Government Areas (2011)&lt;/Description&gt;&lt;Description xml:lang=&quot;fr&quot;&gt;Local Government Areas (2011)&lt;/Description&gt;&lt;/Code&gt;&lt;Code value=&quot;LGA&quot;&gt;&lt;Description xml:lang=&quot;en&quot;&gt;Local Government Areas&lt;/Description&gt;&lt;Description xml:lang=&quot;fr&quot;&gt;Local Government Areas&lt;/Description&gt;&lt;/Code&gt;&lt;/CodeList&gt;&lt;CodeList id=&quot;CL_ABS_CENSUS2011_B12_LGA_REGION&quot; agencyID=&quot;ABS&quot;&gt;&lt;Name xml:lang=&quot;en&quot;&gt;LGA 2011&lt;/Name&gt;&lt;Name xml:lang=&quot;fr&quot;&gt;LGA 2011&lt;/Name&gt;&lt;Code value=&quot;10050&quot; parentCode=&quot;1&quot;&gt;&lt;Description xml:lang=&quot;en&quot;&gt;Albury (C)&lt;/Description&gt;&lt;Description xml:lang=&quot;fr&quot;&gt;Albury (C)&lt;/Description&gt;&lt;/Code&gt;&lt;Code value=&quot;1&quot;&gt;&lt;Description xml:lang=&quot;en&quot;&gt;New South Wales&lt;/Description&gt;&lt;Description xml:lang=&quot;fr&quot;&gt;New South Wales&lt;/Description&gt;&lt;/Code&gt;&lt;Code value=&quot;10110&quot; parentCode=&quot;1&quot;&gt;&lt;Description xml:lang=&quot;en&quot;&gt;Armidale Dumaresq (A)&lt;/Description&gt;&lt;Description xml:lang=&quot;fr&quot;&gt;Armidale Dumaresq (A)&lt;/Description&gt;&lt;/Co
Input 8 does not match Pattern:[A-z][A-z0-9_\-]* for class:NCNameID
Input 1 does not match Pattern:[A-z][A-z0-9_\-]* for class:NCNameID
Input 2 does not match Pattern:[A-z][A-z0-9_\-]* for class:NCNameID
Input 3 does not match Pattern:[A-z][A-z0-9_\-]* for class:NCNameID
Input 4 does not match Pattern:[A-z][A-z0-9_\-]* for class:NCNameID
Input 5 does not match Pattern:[A-z][A-z0-9_\-]* for class:NCNameID
Input 6 does not match Pattern:[A-z][A-z0-9_\-]* for class:NCNameID
Input 7 does not match Pattern:[A-z][A-z0-9_\-]* for class:NCNameID
Loading Codelists
Codelist: ABS:CL_ATSI_BIRTHS_SUMM_MEASURE:1.0 already exists
Loading Concepts
Loading DataStructures
DS ABS:ATSI_BIRTHS_SUMM:1.0
Loading Dataflows
Loading Codelists
Codelist: ABS:CL_ATSI_FERTILITY_MEASURE:1.0 already exists
Loading Concepts
Loading DataStructures
DS ABS:ATSI_FERTILITY:1.0
Loading Dataflows
Loading Codelists
Codelist: ABS:CL_ALC_TYP:1.0 already exists
Loading Concepts
Loading DataStructures
DS ABS:ALC:1.0
Loading Dataflows
Loading Codelists
Codelist: ABS:CL_ABS_ACLD_LFSTATUS_SEX_ABS:1.0 already exists
Loading Concepts
Loading DataStructures
DS ABS:ABS_ACLD_LFSTATUS:1.0
Loading Dataflows
Loading Codelists
Codelist: ABS:CL_ABS_ACLD_TENURE_SEX_ABS:1.0 already exists
Loading Concepts
Loading DataStructures
DS ABS:ABS_ACLD_TENURE:1.0
Loading Dataflows
Loading Codelists
Codelist: ABS:CL_ABS_ACLD_UNPAIDASST_SEX_ABS:1.0 already exists
Loading Concepts
Loading DataStructures
DS ABS:ABS_ACLD_UNPAIDASST:1.0
Loading Dataflows
Loading Codelists
Codelist: ABS:CL_ABS_ACLD_VOLWORK_SEX_ABS:1.0 already exists
Loading Concepts
Loading DataStructures
DS ABS:ABS_ACLD_VOLWORK:1.0
Loading Dataflows
Loading Codelists
Codelist: ABS:CL_AMLPS_PART_2017_MEASURE:1.0 already exists
Loading Concepts
Loading DataStructures
DS ABS:AMLPS_PART_2017:1.0
Loading Dataflows
Loading Codelists
Codelist: ABS:CL_AMLPS_RESP_2017_RESPONSE_CAT:1.0 already exists
Loading Concepts
Loading DataStructures
DS ABS:AMLPS_RESP_2017:1.0
Loading Dataflows
Loading Codelists
Codelist: ABS:CL_ABS_CENSUS2011_B01_MEASURE:1.0 already exists
Loading Concepts
Loading DataStructures
DS ABS:ABS_CENSUS2011_B01:1.0
Loading Dataflows
Loading Codelists
Codelist: ABS:CL_ABS_CENSUS2011_B01_LGA_MEASURE:1.0 already exists
Loading Concepts
Loading DataStructures
DS ABS:ABS_CENSUS2011_B01_LGA:1.0
Loading Dataflows
Loading Codelists
Codelist: ABS:CL_ABS_CENSUS2011_B01_SA1_SA_MEASURE:1.0 already exists
Loading Concepts
Loading DataStructures
DS ABS:ABS_CENSUS2011_B01_SA1_SA:1.0
Loading Dataflows
Loading Codelists
Codelist: ABS:CL_ABS_CENSUS2011_B02_MEASURE:1.0 already exists
Loading Concepts
Loading DataStructures
DS ABS:ABS_CENSUS2011_B02:1.0
Loading Dataflows
Loading Codelists
Codelist: ABS:CL_ABS_CENSUS2011_B02_LGA_MEASURE:1.0 already exists
Loading Concepts
Loading DataStructures
DS ABS:ABS_CENSUS2011_B02_LGA:1.0
Loading Dataflows
Loading Codelists
Codelist: ABS:CL_ABS_CENSUS2011_B02_SA1_SA_MEASURE:1.0 already exists
Loading Concepts
Loading DataStructures
DS ABS:ABS_CENSUS2011_B02_SA1_SA:1.0
Loading Dataflows
Loading Codelists
Codelist: ABS:CL_ABS_CENSUS2011_B03_LGA_MEASURE:1.0 already exists
Loading Concepts
Loading DataStructures
DS ABS:ABS_CENSUS2011_B03_LGA:1.0
Loading Dataflows
Loading Codelists
Codelist: ABS:CL_ABS_CENSUS2011_B03_MEASURE:1.0 already exists
Loading Concepts
Loading DataStructures
DS ABS:ABS_CENSUS2011_B03:1.0
Loading Dataflows
Loading Codelists
Codelist: ABS:CL_ABS_CENSUS2011_B03_SA1_SA_MEASURE:1.0 already exists
Loading Concepts
Loading DataStructures
DS ABS:ABS_CENSUS2011_B03_SA1_SA:1.0
Loading Dataflows
Loading Codelists
Codelist: ABS:CL_ABS_CENSUS2011_B04_MEASURE:1.0 already exists
Loading Concepts
Loading DataStructures
DS ABS:ABS_CENSUS2011_B04:1.0
Loading Dataflows
Loading Codelists
Codelist: ABS:CL_ABS_CENSUS2011_B04_LGA_MEASURE:1.0 already exists
Loading Concepts
Loading DataStructures
DS ABS:ABS_CENSUS2011_B04_LGA:1.0
Loading Dataflows
Loading Codelists
Codelist: ABS:CL_ABS_CENSUS2011_B04_SA1_SA_MEASURE:1.0 already exists
Loading Concepts
Loading DataStructures
DS ABS:ABS_CENSUS2011_B04_SA1_SA:1.0
Loading Dataflows
Loading Codelists
Codelist: ABS:CL_ABS_CENSUS2011_B05_MEASURE:1.0 already exists
Loading Concepts
Loading DataStructures
DS ABS:ABS_CENSUS2011_B05:1.0
Loading Dataflows
Loading Codelists
Codelist: ABS:CL_ABS_CENSUS2011_B05_LGA_MEASURE:1.0 already exists
Loading Concepts
Loading DataStructures
DS ABS:ABS_CENSUS2011_B05_LGA:1.0
Loading Dataflows
Loading Codelists
Codelist: ABS:CL_ABS_CENSUS2011_B05_SA1_SA_MEASURE:1.0 already exists
Loading Concepts
Loading DataStructures
DS ABS:ABS_CENSUS2011_B05_SA1_SA:1.0
Loading Dataflows
Loading Codelists
Codelist: ABS:CL_ABS_CENSUS2011_B06_MEASURE:1.0 already exists
Loading Concepts
Loading DataStructures
DS ABS:ABS_CENSUS2011_B06:1.0
Loading Dataflows
Loading Codelists
Codelist: ABS:CL_ABS_CENSUS2011_B06_LGA_MEASURE:1.0 already exists
Loading Concepts
Loading DataStructures
DS ABS:ABS_CENSUS2011_B06_LGA:1.0
Loading Dataflows
Loading Codelists
Codelist: ABS:CL_ABS_CENSUS2011_B06_SA1_SA_MEASURE:1.0 already exists
Loading Concepts
Loading DataStructures
DS ABS:ABS_CENSUS2011_B06_SA1_SA:1.0
Loading Dataflows
Loading Codelists
Codelist: ABS:CL_ABS_CENSUS2011_B07_MEASURE:1.0 already exists
Loading Concepts
Loading DataStructures
DS ABS:ABS_CENSUS2011_B07:1.0
Loading Dataflows
Loading Codelists
Codelist: ABS:CL_ABS_CENSUS2011_B07_LGA_MEASURE:1.0 already exists
Loading Concepts
Loading DataStructures
DS ABS:ABS_CENSUS2011_B07_LGA:1.0
Loading Dataflows
Loading Codelists
Codelist: ABS:CL_ABS_CENSUS2011_B07_SA1_SA_MEASURE:1.0 already exists
Loading Concepts
Loading DataStructures
DS ABS:ABS_CENSUS2011_B07_SA1_SA:1.0
Loading Dataflows
Loading Codelists
Codelist: ABS:CL_ABS_CENSUS2011_B08_MEASURE:1.0 already exists
Loading Concepts
Loading DataStructures
DS ABS:ABS_CENSUS2011_B08:1.0
Loading Dataflows
Loading Codelists
Codelist: ABS:CL_ABS_CENSUS2011_B08_LGA_MEASURE:1.0 already exists
Loading Concepts
Loading DataStructures
DS ABS:ABS_CENSUS2011_B08_LGA:1.0
Loading Dataflows
Loading Codelists
Codelist: ABS:CL_ABS_CENSUS2011_B08_SA1_SA_MEASURE:1.0 already exists
Loading Concepts
Loading DataStructures
DS ABS:ABS_CENSUS2011_B08_SA1_SA:1.0
Loading Dataflows
Loading Codelists
Codelist: ABS:CL_ABS_CENSUS2011_B09_MEASURE:1.0 already exists
Loading Concepts
Loading DataStructures
DS ABS:ABS_CENSUS2011_B09:1.0
Loading Dataflows
Loading Codelists
Codelist: ABS:CL_ABS_CENSUS2011_B09_LGA_MEASURE:1.0 already exists
Loading Concepts
Loading DataStructures
DS ABS:ABS_CENSUS2011_B09_LGA:1.0
Loading Dataflows
Loading Codelists
Codelist: ABS:CL_ABS_CENSUS2011_B09_SA1_SA_MEASURE:1.0 already exists
Loading Concepts
Loading DataStructures
DS ABS:ABS_CENSUS2011_B09_SA1_SA:1.0
Loading Dataflows
Loading Codelists
Codelist: ABS:CL_ABS_CENSUS2011_B10_MEASURE:1.0 already exists
Loading Concepts
Loading DataStructures
DS ABS:ABS_CENSUS2011_B10:1.0
Loading Dataflows
Loading Codelists
Codelist: ABS:CL_ABS_CENSUS2011_B10_LGA_MEASURE:1.0 already exists
Loading Concepts
Loading DataStructures
DS ABS:ABS_CENSUS2011_B10_LGA:1.0
Loading Dataflows
Loading Codelists
Codelist: ABS:CL_ABS_CENSUS2011_B10_SA1_SA_MEASURE:1.0 already exists
Loading Concepts
Loading DataStructures
DS ABS:ABS_CENSUS2011_B10_SA1_SA:1.0
Loading Dataflows
Loading Codelists
Codelist: ABS:CL_ABS_CENSUS2011_B11_MEASURE:1.0 already exists
Loading Concepts
Loading DataStructures
DS ABS:ABS_CENSUS2011_B11:1.0
Loading Dataflows
Loading Codelists
Codelist: ABS:CL_ABS_CENSUS2011_B11_LGA_MEASURE:1.0 already exists
Loading Concepts
Loading DataStructures
DS ABS:ABS_CENSUS2011_B11_LGA:1.0
Loading Dataflows
Loading Codelists
Codelist: ABS:CL_ABS_CENSUS2011_B11_SA1_SA_MEASURE:1.0 already exists
Loading Concepts
Loading DataStructures
DS ABS:ABS_CENSUS2011_B11_SA1_SA:1.0
Loading Dataflows
Loading Codelists
Codelist: ABS:CL_ABS_CENSUS2011_B12_MEASURE:1.0 already exists
Loading Concepts
Loading DataStructures
DS ABS:ABS_CENSUS2011_B12:1.0
Loading Dataflows
Loading Codelists
Loading Concepts
Loading DataStructures
DS ABS:ABS_CENSUS2011_B12_LGA:1.0
Reference
Agency:ABS
MID:STANDALONE_CONCEPT_SCHEME
MVers:null
ID:FPENG
Vers:1.0
Class:Concept
Pack:conceptscheme
Reference
Agency:ABS
MID:STANDALONE_CONCEPT_SCHEME
MVers:null
ID:MPENG
Vers:1.0
Class:Concept
Pack:conceptscheme
Reference
Agency:ABS
MID:STANDALONE_CONCEPT_SCHEME
MVers:null
ID:STATE
Vers:1.0
Class:Concept
Pack:conceptscheme
Reference
Agency:ABS
MID:STANDALONE_CONCEPT_SCHEME
MVers:null
ID:REGIONTYPE
Vers:1.0
Class:Concept
Pack:conceptscheme
Reference
Agency:ABS
MID:STANDALONE_CONCEPT_SCHEME
MVers:null
ID:REGION
Vers:1.0
Class:Concept
Pack:conceptscheme
Reference
Agency:ABS
MID:STANDALONE_CONCEPT_SCHEME
MVers:null
ID:FREQUENCY
Vers:1.0
Class:Concept
Pack:conceptscheme
Reference
Agency:ABS
MID:STANDALONE_CONCEPT_SCHEME
MVers:null
ID:TIME
Vers:1.0
Class:Concept
Pack:conceptscheme
Reference
Agency:ABS
MID:STANDALONE_CONCEPT_SCHEME
MVers:null
ID:MEASURE
Vers:1.0
Class:Concept
Pack:conceptscheme
Reference
Agency:ABS
MID:STANDALONE_CONCEPT_SCHEME
MVers:null
ID:OBS_STATUS
Vers:1.0
Class:Concept
Pack:conceptscheme
Reference
Agency:ABS
MID:STANDALONE_CONCEPT_SCHEME
MVers:null
ID:TIME_FORMAT
Vers:1.0
Class:Concept
Pack:conceptscheme
Reference
Agency:ABS
MID:STANDALONE_CONCEPT_SCHEME
MVers:null
ID:OBS_VALUE
Vers:1.0
Class:Concept
Pack:conceptscheme
Loading Dataflows
Loading: B12 Proficiency in Spoken English/Language of Parents by Age of Dependent Children(SA1 SA)
Header=&lt;message:Structure xmlns=&quot;http://www.SDMX.org/resources/SDMXML/schemas/v2_0/structure&quot; xmlns:common=&quot;http://www.SDMX.org/resources/SDMXML/schemas/v2_0/common&quot; xsi:schemaLocation=&quot;http://www.SDMX.org/resources/SDMXML/schemas/v2_0/structure http://www.sdmx.org/docs/2_0/SDMXStructure.xsd http://www.SDMX.org/resources/SDMXML/schemas/v2_0/message http://www.sdmx.org/docs/2_0/SDMXMessage.xsd&quot; xmlns:xsi=&quot;http://www.w3.org/2001/XMLSchema-instance&quot; xmlns:message=&quot;http://www.SDMX.org/resources/SDMXML/schemas/v2_0/message&quot;&gt;&lt;Header xmlns=&quot;http://www.SDMX.org/resources/SDMXML/schemas/v2_0/message&quot;&gt;&lt;ID&gt;none&lt;!--Statistical usage warning
ABS.Stat beta is continuing to be developed.  Data will be updated as soon as possible following its 11:30 am release on the ABS website.
--&gt;&lt;/ID&gt;&lt;Test&gt;false&lt;/Test&gt;&lt;Truncated&gt;false&lt;/Truncated&gt;&lt;Prepared&gt;2020-03-17T01:19:59&lt;/Prepared&gt;&lt;Sender id=&quot;ABS&quot;&gt;&lt;Name xml:lang=&quot;en&quot;&gt;Australian Bureau of Statistics&lt;/Name&gt;&lt;Name xml:lang=&quot;fr&quot;&gt;Australian Bureau of Statistics&lt;/Name&gt;&lt;/Sender&gt;&lt;/Header&gt;&lt;message:CodeLists&gt;&lt;CodeList id=&quot;CL_ABS_CENSUS2011_B12_SA1_SA_MEASURE&quot; agencyID=&quot;ABS&quot;&gt;&lt;Name xml:lang=&quot;en&quot;&gt;Age of Dependent Children&lt;/Name&gt;&lt;Name xml:lang=&quot;fr&quot;&gt;Age of Dependent Children&lt;/Name&gt;&lt;Code value=&quot;8&quot;&gt;&lt;Description xml:lang=&quot;en&quot;&gt;Total dependent children&lt;/Description&gt;&lt;Description xml:lang=&quot;fr&quot;&gt;Total dependent children&lt;/Description&gt;&lt;/Code&gt;&lt;Code value=&quot;1&quot; parentCode=&quot;8&quot;&gt;&lt;Description xml:lang=&quot;en&quot;&gt;Dependent children aged 0-4 years&lt;/Description&gt;&lt;Description xml:lang=&quot;fr&quot;&gt;Dependent children aged 0-4 years&lt;/Description&gt;&lt;/Code&gt;&lt;Code value=&quot;2&quot; parentCode=&quot;8&quot;&gt;&lt;Description xml:lang=&quot;en&quot;&gt;Dependent children aged 5-9 years&lt;/Description&gt;&lt;Description xml:lang=&quot;fr&quot;&gt;Dependent children aged 5-9 years&lt;/Description&gt;&lt;/Code&gt;&lt;Code value=&quot;3&quot; parentCode=&quot;8&quot;&gt;&lt;Description xml:lang=&quot;en&quot;&gt;Dependent children aged 10-12 years&lt;/Description&gt;&lt;Description xml:lang=&quot;fr&quot;&gt;Dependent children aged 10-12 years&lt;/Description&gt;&lt;/Code&gt;&lt;Code value=&quot;4&quot; parentCode=&quot;8&quot;&gt;&lt;Description xml:lang=&quot;en&quot;&gt;Dependent children aged 13-14 years&lt;/Description&gt;&lt;Description xml:lang=&quot;fr&quot;&gt;Dependent children aged 13-14 years&lt;/Description&gt;&lt;/Code&gt;&lt;Code value=&quot;5&quot; parentCode=&quot;8&quot;&gt;&lt;Description xml:lang=&quot;en&quot;&gt;Dependent children aged 15-17 years&lt;/Description&gt;&lt;Description xml:lang=&quot;fr&quot;&gt;Dependent children aged 15-17 years&lt;/Description&gt;&lt;/Code&gt;&lt;Code value=&quot;6&quot; parentCode=&quot;8&quot;&gt;&lt;Description xml:lang=&quot;en&quot;&gt;Dependent children aged 18-20 years&lt;/Description&gt;&lt;Description xml:lang=&quot;fr&quot;&gt;Dependent children aged 18-20 years&lt;/Description&gt;&lt;/Code&gt;&lt;Code value=&quot;7&quot; parentCode=&quot;8&quot;&gt;&lt;Description xml:lang=&quot;en&quot;&gt;Dependent children aged 21-24 years&lt;/Description&gt;&lt;Description xml:lang=&quot;fr&quot;&gt;Dependent children aged 21-24 years&lt;/Description&gt;&lt;/Code&gt;&lt;/CodeList&gt;&lt;CodeList id=&quot;CL_ABS_CENSUS2011_B12_SA1_SA_FPENG&quot; agencyID=&quot;ABS&quot;&gt;&lt;Name xml:lang=&quot;en&quot;&gt;Proficiency in Spoken English/Language of Female Parent&lt;/Name&gt;&lt;Name xml:lang=&quot;fr&quot;&gt;Proficiency in Spoken English/Language of Female Parent&lt;/Name&gt;&lt;Code value=&quot;TOT&quot;&gt;&lt;Description xml:lang=&quot;en&quot;&gt;Total&lt;/Description&gt;&lt;Description xml:lang=&quot;fr&quot;&gt;Total&lt;/Description&gt;&lt;/Code&gt;&lt;Code value=&quot;2&quot; parentCode=&quot;OTH&quot;&gt;&lt;Description xml:lang=&quot;en&quot;&gt;Very well or well&lt;/Description&gt;&lt;Description xml:lang=&quot;fr&quot;&gt;Very well or well&lt;/Description&gt;&lt;/Code&gt;&lt;Code value=&quot;OTH&quot; parentCode=&quot;TOT&quot;&gt;&lt;Description xml:lang=&quot;en&quot;&gt;Speaks other language total&lt;/Description&gt;&lt;Description xml:lang=&quot;fr&quot;&gt;Speaks other language total&lt;/Description&gt;&lt;/Code&gt;&lt;Code value=&quot;4&quot; parentCode=&quot;OTH&quot;&gt;&lt;Description xml:lang=&quot;en&quot;&gt;Not well or not at all&lt;/Description&gt;&lt;Description xml:lang=&quot;fr&quot;&gt;Not well or not at all&lt;/Description&gt;&lt;/Code&gt;&lt;Code value=&quot;Z&quot; parentCode=&quot;OTH&quot;&gt;&lt;Description xml:lang=&quot;en&quot;&gt;Proficiency in English not stated&lt;/Description&gt;&lt;Description xml:lang=&quot;fr&quot;&gt;Proficiency in English not stated&lt;/Description&gt;&lt;/Code&gt;&lt;Code value=&quot;1&quot; parentCode=&quot;TOT&quot;&gt;&lt;Description xml:lang=&quot;en&quot;&gt;Speaks English only&lt;/Description&gt;&lt;Description xml:lang=&quot;fr&quot;&gt;Speaks English only&lt;/Description&gt;&lt;/Code&gt;&lt;Code value=&quot;6&quot; parentCode=&quot;TOT&quot;&gt;&lt;Description xml:lang=&quot;en&quot;&gt;Language and proficiency in English not stated&lt;/Description&gt;&lt;Description xml:lang=&quot;fr&quot;&gt;Language and proficiency in English not stated&lt;/Description&gt;&lt;/Code&gt;&lt;/CodeList&gt;&lt;CodeList id=&quot;CL_ABS_CENSUS2011_B12_SA1_SA_MPENG&quot; agencyID=&quot;ABS&quot;&gt;&lt;Name xml:lang=&quot;en&quot;&gt;Proficiency in Spoken English/Language of Male Parent&lt;/Name&gt;&lt;Name xml:lang=&quot;fr&quot;&gt;Proficiency in Spoken English/Language of Male Parent&lt;/Name&gt;&lt;Code value=&quot;TOT&quot;&gt;&lt;Description xml:lang=&quot;en&quot;&gt;Total&lt;/Description&gt;&lt;Description xml:lang=&quot;fr&quot;&gt;Total&lt;/Description&gt;&lt;/Code&gt;&lt;Code value=&quot;2&quot; parentCode=&quot;OTH&quot;&gt;&lt;Description xml:lang=&quot;en&quot;&gt;Very well or well&lt;/Description&gt;&lt;Description xml:lang=&quot;fr&quot;&gt;Very well or well&lt;/Description&gt;&lt;/Code&gt;&lt;Code value=&quot;OTH&quot; parentCode=&quot;TOT&quot;&gt;&lt;Description xml:lang=&quot;en&quot;&gt;Speaks other language total&lt;/Description&gt;&lt;Description xml:lang=&quot;fr&quot;&gt;Speaks other language total&lt;/Description&gt;&lt;/Code&gt;&lt;Code value=&quot;4&quot; parentCode=&quot;OTH&quot;&gt;&lt;Description xml:lang=&quot;en&quot;&gt;Not well or not at all&lt;/Description&gt;&lt;Description xml:lang=&quot;fr&quot;&gt;Not well or not at all&lt;/Description&gt;&lt;/Code&gt;&lt;Code value=&quot;Z&quot; parentCode=&quot;OTH&quot;&gt;&lt;Description xml:lang=&quot;en&quot;&gt;Proficiency in English not stated&lt;/Description&gt;&lt;Description xml:lang=&quot;fr&quot;&gt;Proficiency in English not stated&lt;/Description&gt;&lt;/Code&gt;&lt;Code value=&quot;1&quot; parentCode=&quot;TOT&quot;&gt;&lt;Description xml:lang=&quot;en&quot;&gt;Speaks English only&lt;/Description&gt;&lt;Description xml:lang=&quot;fr&quot;&gt;Speaks English only&lt;/Description&gt;&lt;/Code&gt;&lt;Code value=&quot;6&quot; parentCode=&quot;TOT&quot;&gt;&lt;Description xml:lang=&quot;en&quot;&gt;Language and proficiency in English not stated&lt;/Description&gt;&lt;Description xml:lang=&quot;fr&quot;&gt;Language and proficiency in English not stated&lt;/Description&gt;&lt;/Code&gt;&lt;/CodeList&gt;&lt;CodeList id=&quot;CL_ABS_CENSUS2011_B12_SA1_SA_STATE&quot; agencyID=&quot;ABS&quot;&gt;&lt;Name xml:lang=&quot;en&quot;&gt;State&lt;/Name&gt;&lt;Name xml:lang=&quot;fr&quot;&gt;State&lt;/Name&gt;&lt;Code value=&quot;4&quot; parentCode=&quot;0&quot;&gt;&lt;Description xml:lang=&quot;en&quot;&gt;South Australia&lt;/Description&gt;&lt;Description xml:lang=&quot;fr&quot;&gt;South Australia&lt;/Description&gt;&lt;/Code&gt;&lt;Code value=&quot;0&quot;&gt;&lt;Description xml:lang=&quot;en&quot;&gt;Australia&lt;/Description&gt;&lt;Description xml:lang=&quot;fr&quot;&gt;Australia&lt;/Description&gt;&lt;/Code&gt;&lt;/CodeList&gt;&lt;CodeList id=&quot;CL_ABS_CENSUS2011_B12_SA1_SA_REGIONTYPE&quot; agencyID=&quot;ABS&quot;&gt;&lt;Name xml:lang=&quot;en&quot;&gt;Region Type&lt;/Name&gt;&lt;Name xml:lang=&quot;fr&quot;&gt;Region Type&lt;/Name&gt;&lt;Code value=&quot;SA1&quot;&gt;&lt;Description xml:lang=&quot;en&quot;&gt;Statistical Area Level 1&lt;/Description&gt;&lt;Description xml:lang=&quot;fr&quot;&gt;Statistical Area Level 1&lt;/Description&gt;&lt;/Code&gt;&lt;/CodeList&gt;&lt;CodeList id=&quot;CL_ABS_CENSUS2011_B12_SA1_SA_REGION&quot; agencyID=&quot;ABS&quot;&gt;&lt;Name xml:lang=&quot;en&quot;&gt;Region&lt;/Name&gt;&lt;Name xml:lang=&quot;fr&quot;&gt;Region&lt;/Name&gt;&lt;Code value=&quot;40101100101&quot; parentCode=&quot;401011001&quot;&gt;&lt;Description xml:lang=&quot;en&quot;&gt;40101100101&lt;/Description&gt;&lt;Description xml:lang=&quot;fr&quot;&gt;40101100101&lt;/Description&gt;&lt;/Code&gt;&lt;Code value=&quot;401011001&quot; parentCode=&quot;40101&quot;&gt;&lt;Description xml:lang=&quot;en&quot;&gt;Adelaide&lt;/Description&gt;&lt;Description xml:lang=&quot;fr&quot;&gt;Adelaide&lt;/Description&gt;&lt;/Code&gt;&lt;Code value=&quot;40101&quot; parentCode=&quot;401&quot;&gt;&lt;Description xml:lang=&quot;en&quot;&gt;Adelaide City&lt;/Description&gt;&lt;Description xml:lang=&quot;fr&quot;&gt;Adelaide City&lt;/Description&gt;&lt;/Code&gt;&lt;Code value=&quot;401&quot;&gt;&lt;Description xml:lang=&quot;en&quot;&gt;Adelaide - Central and Hills&lt;/Description&gt;&lt;Description xml:lang=&quot;fr&quot;&gt;Adelaide - Central and Hills&lt;/Description&gt;&lt;/Code&gt;&lt;Code value=&quot;40101100102&quot; parentCode=&quot;401011001&quot;&gt;&lt;Description xml:lang=&quot;en&quot;&gt;40101100102&lt;/Description&gt;&lt;Description xml:lang=&quot;fr&quot;&gt;40101100102&lt;/Description&gt;&lt;/Code&gt;&lt;Code value=&quot;40101100103&quot; parentCode=&quot;401011001&quot;&gt;&lt;Description xml:lang=&quot;en&quot;&gt;40101100103&lt;/Description&gt;&lt;Description xml:lang=&quot;fr&quot;&gt;40101100103&lt;/Description&gt;&lt;/Code&gt;&lt;Code value=&quot;40101100104&quot; parentCode=&quot;401011001&quot;&gt;&lt;Description xml:lang=&quot;en&quot;&gt;40101100104&lt;/Description&gt;&lt;Description xml:lang=&quot;fr&quot;&gt;40101100104&lt;/Description&gt;&lt;/Code&gt;&lt;Code value=&quot;40101100105&quot; parentCode=&quot;401011001&quot;&gt;&lt;Description xml:lang=&quot;en&quot;&gt;40101100105&lt;/Description&gt;&lt;Description xml:lang=&quot;fr&quot;&gt;40101100105&lt;/Description&gt;&lt;/Code&gt;&lt;Code value=&quot;40101100106&quot; parentCode=&quot;401011001&quot;&gt;&lt;Description xml:lang=&quot;en&quot;&gt;40101100106&lt;/Description&gt;&lt;Description xml:lang=&quot;fr&quot;&gt;40101100106&lt;/Description&gt;&lt;/Code&gt;&lt;Code value=&quot;40101100107&quot; parentCode=&quot;401011001&quot;&gt;&lt;Description xml:lang=&quot;en&quot;&gt;40101100107&lt;/Description&gt;&lt;Description xml:lang=&quot;fr&quot;&gt;40101100107&lt;/Description&gt;&lt;/Code&gt;&lt;Code value=&quot;40101100108&quot; parentCode=&quot;401011001&quot;&gt;&lt;Description xml:lang=&quot;en&quot;&gt;40101100108&lt;/Description&gt;&lt;Description xml:lang=&quot;fr&quot;&gt;40101100108&lt;/Description&gt;&lt;/Code&gt;&lt;Code value=&quot;40101100109&quot; parentCode=&quot;401011001&quot;&gt;&lt;Description xml:lan
Input 8 does not match Pattern:[A-z][A-z0-9_\-]* for class:NCNameID
Input 1 does not match Pattern:[A-z][A-z0-9_\-]* for class:NCNameID
Input 2 does not match Pattern:[A-z][A-z0-9_\-]* for class:NCNameID
Input 3 does not match Pattern:[A-z][A-z0-9_\-]* for class:NCNameID
Input 4 does not match Pattern:[A-z][A-z0-9_\-]* for class:NCNameID
Input 5 does not match Pattern:[A-z][A-z0-9_\-]* for class:NCNameID
Input 6 does not match Pattern:[A-z][A-z0-9_\-]* for class:NCNameID
Input 7 does not match Pattern:[A-z][A-z0-9_\-]* for class:NCNameID
Loading Codelists
Codelist: ABS:CL_ATSI_BIRTHS_SUMM_MEASURE:1.0 already exists
Loading Concepts
Loading DataStructures
DS ABS:ATSI_BIRTHS_SUMM:1.0
Loading Dataflows
Loading Codelists
Codelist: ABS:CL_ATSI_FERTILITY_MEASURE:1.0 already exists
Loading Concepts
Loading DataStructures
DS ABS:ATSI_FERTILITY:1.0
Loading Dataflows
Loading Codelists
Codelist: ABS:CL_ALC_TYP:1.0 already exists
Loading Concepts
Loading DataStructures
DS ABS:ALC:1.0
Loading Dataflows
Loading Codelists
Codelist: ABS:CL_ABS_ACLD_LFSTATUS_SEX_ABS:1.0 already exists
Loading Concepts
Loading DataStructures
DS ABS:ABS_ACLD_LFSTATUS:1.0
Loading Dataflows
Loading Codelists
Codelist: ABS:CL_ABS_ACLD_TENURE_SEX_ABS:1.0 already exists
Loading Concepts
Loading DataStructures
DS ABS:ABS_ACLD_TENURE:1.0
Loading Dataflows
Loading Codelists
Codelist: ABS:CL_ABS_ACLD_UNPAIDASST_SEX_ABS:1.0 already exists
Loading Concepts
Loading DataStructures
DS ABS:ABS_ACLD_UNPAIDASST:1.0
Loading Dataflows
Loading Codelists
Codelist: ABS:CL_ABS_ACLD_VOLWORK_SEX_ABS:1.0 already exists
Loading Concepts
Loading DataStructures
DS ABS:ABS_ACLD_VOLWORK:1.0
Loading Dataflows
Loading Codelists
Codelist: ABS:CL_AMLPS_PART_2017_MEASURE:1.0 already exists
Loading Concepts
Loading DataStructures
DS ABS:AMLPS_PART_2017:1.0
Loading Dataflows
Loading Codelists
Codelist: ABS:CL_AMLPS_RESP_2017_RESPONSE_CAT:1.0 already exists
Loading Concepts
Loading DataStructures
DS ABS:AMLPS_RESP_2017:1.0
Loading Dataflows
Loading Codelists
Codelist: ABS:CL_ABS_CENSUS2011_B01_MEASURE:1.0 already exists
Loading Concepts
Loading DataStructures
DS ABS:ABS_CENSUS2011_B01:1.0
Loading Dataflows
Loading Codelists
Codelist: ABS:CL_ABS_CENSUS2011_B01_LGA_MEASURE:1.0 already exists
Loading Concepts
Loading DataStructures
DS ABS:ABS_CENSUS2011_B01_LGA:1.0
Loading Dataflows
Loading Codelists
Codelist: ABS:CL_ABS_CENSUS2011_B01_SA1_SA_MEASURE:1.0 already exists
Loading Concepts
Loading DataStructures
DS ABS:ABS_CENSUS2011_B01_SA1_SA:1.0
Loading Dataflows
Loading Codelists
Codelist: ABS:CL_ABS_CENSUS2011_B02_MEASURE:1.0 already exists
Loading Concepts
Loading DataStructures
DS ABS:ABS_CENSUS2011_B02:1.0
Loading Dataflows
Loading Codelists
Codelist: ABS:CL_ABS_CENSUS2011_B02_LGA_MEASURE:1.0 already exists
Loading Concepts
Loading DataStructures
DS ABS:ABS_CENSUS2011_B02_LGA:1.0
Loading Dataflows
Loading Codelists
Codelist: ABS:CL_ABS_CENSUS2011_B02_SA1_SA_MEASURE:1.0 already exists
Loading Concepts
Loading DataStructures
DS ABS:ABS_CENSUS2011_B02_SA1_SA:1.0
Loading Dataflows
Loading Codelists
Codelist: ABS:CL_ABS_CENSUS2011_B03_LGA_MEASURE:1.0 already exists
Loading Concepts
Loading DataStructures
DS ABS:ABS_CENSUS2011_B03_LGA:1.0
Loading Dataflows
Loading Codelists
Codelist: ABS:CL_ABS_CENSUS2011_B03_MEASURE:1.0 already exists
Loading Concepts
Loading DataStructures
DS ABS:ABS_CENSUS2011_B03:1.0
Loading Dataflows
Loading Codelists
Codelist: ABS:CL_ABS_CENSUS2011_B03_SA1_SA_MEASURE:1.0 already exists
Loading Concepts
Loading DataStructures
DS ABS:ABS_CENSUS2011_B03_SA1_SA:1.0
Loading Dataflows
Loading Codelists
Codelist: ABS:CL_ABS_CENSUS2011_B04_MEASURE:1.0 already exists
Loading Concepts
Loading DataStructures
DS ABS:ABS_CENSUS2011_B04:1.0
Loading Dataflows
Loading Codelists
Codelist: ABS:CL_ABS_CENSUS2011_B04_LGA_MEASURE:1.0 already exists
Loading Concepts
Loading DataStructures
DS ABS:ABS_CENSUS2011_B04_LGA:1.0
Loading Dataflows
Loading Codelists
Codelist: ABS:CL_ABS_CENSUS2011_B04_SA1_SA_MEASURE:1.0 already exists
Loading Concepts
Loading DataStructures
DS ABS:ABS_CENSUS2011_B04_SA1_SA:1.0
Loading Dataflows
Loading Codelists
Codelist: ABS:CL_ABS_CENSUS2011_B05_MEASURE:1.0 already exists
Loading Concepts
Loading DataStructures
DS ABS:ABS_CENSUS2011_B05:1.0
Loading Dataflows
Loading Codelists
Codelist: ABS:CL_ABS_CENSUS2011_B05_LGA_MEASURE:1.0 already exists
Loading Concepts
Loading DataStructures
DS ABS:ABS_CENSUS2011_B05_LGA:1.0
Loading Dataflows
Loading Codelists
Codelist: ABS:CL_ABS_CENSUS2011_B05_SA1_SA_MEASURE:1.0 already exists
Loading Concepts
Loading DataStructures
DS ABS:ABS_CENSUS2011_B05_SA1_SA:1.0
Loading Dataflows
Loading Codelists
Codelist: ABS:CL_ABS_CENSUS2011_B06_MEASURE:1.0 already exists
Loading Concepts
Loading DataStructures
DS ABS:ABS_CENSUS2011_B06:1.0
Loading Dataflows
Loading Codelists
Codelist: ABS:CL_ABS_CENSUS2011_B06_LGA_MEASURE:1.0 already exists
Loading Concepts
Loading DataStructures
DS ABS:ABS_CENSUS2011_B06_LGA:1.0
Loading Dataflows
Loading Codelists
Codelist: ABS:CL_ABS_CENSUS2011_B06_SA1_SA_MEASURE:1.0 already exists
Loading Concepts
Loading DataStructures
DS ABS:ABS_CENSUS2011_B06_SA1_SA:1.0
Loading Dataflows
Loading Codelists
Codelist: ABS:CL_ABS_CENSUS2011_B07_MEASURE:1.0 already exists
Loading Concepts
Loading DataStructures
DS ABS:ABS_CENSUS2011_B07:1.0
Loading Dataflows
Loading Codelists
Codelist: ABS:CL_ABS_CENSUS2011_B07_LGA_MEASURE:1.0 already exists
Loading Concepts
Loading DataStructures
DS ABS:ABS_CENSUS2011_B07_LGA:1.0
Loading Dataflows
Loading Codelists
Codelist: ABS:CL_ABS_CENSUS2011_B07_SA1_SA_MEASURE:1.0 already exists
Loading Concepts
Loading DataStructures
DS ABS:ABS_CENSUS2011_B07_SA1_SA:1.0
Loading Dataflows
Loading Codelists
Codelist: ABS:CL_ABS_CENSUS2011_B08_MEASURE:1.0 already exists
Loading Concepts
Loading DataStructures
DS ABS:ABS_CENSUS2011_B08:1.0
Loading Dataflows
Loading Codelists
Codelist: ABS:CL_ABS_CENSUS2011_B08_LGA_MEASURE:1.0 already exists
Loading Concepts
Loading DataStructures
DS ABS:ABS_CENSUS2011_B08_LGA:1.0
Loading Dataflows
Loading Codelists
Codelist: ABS:CL_ABS_CENSUS2011_B08_SA1_SA_MEASURE:1.0 already exists
Loading Concepts
Loading DataStructures
DS ABS:ABS_CENSUS2011_B08_SA1_SA:1.0
Loading Dataflows
Loading Codelists
Codelist: ABS:CL_ABS_CENSUS2011_B09_MEASURE:1.0 already exists
Loading Concepts
Loading DataStructures
DS ABS:ABS_CENSUS2011_B09:1.0
Loading Dataflows
Loading Codelists
Codelist: ABS:CL_ABS_CENSUS2011_B09_LGA_MEASURE:1.0 already exists
Loading Concepts
Loading DataStructures
DS ABS:ABS_CENSUS2011_B09_LGA:1.0
Loading Dataflows
Loading Codelists
Codelist: ABS:CL_ABS_CENSUS2011_B09_SA1_SA_MEASURE:1.0 already exists
Loading Concepts
Loading DataStructures
DS ABS:ABS_CENSUS2011_B09_SA1_SA:1.0
Loading Dataflows
Loading Codelists
Codelist: ABS:CL_ABS_CENSUS2011_B10_MEASURE:1.0 already exists
Loading Concepts
Loading DataStructures
DS ABS:ABS_CENSUS2011_B10:1.0
Loading Dataflows
Loading Codelists
Codelist: ABS:CL_ABS_CENSUS2011_B10_LGA_MEASURE:1.0 already exists
Loading Concepts
Loading DataStructures
DS ABS:ABS_CENSUS2011_B10_LGA:1.0
Loading Dataflows
Loading Codelists
Codelist: ABS:CL_ABS_CENSUS2011_B10_SA1_SA_MEASURE:1.0 already exists
Loading Concepts
Loading DataStructures
DS ABS:ABS_CENSUS2011_B10_SA1_SA:1.0
Loading Dataflows
Loading Codelists
Codelist: ABS:CL_ABS_CENSUS2011_B11_MEASURE:1.0 already exists
Loading Concepts
Loading DataStructures
DS ABS:ABS_CENSUS2011_B11:1.0
Loading Dataflows
Loading Codelists
Codelist: ABS:CL_ABS_CENSUS2011_B11_LGA_MEASURE:1.0 already exists
Loading Concepts
Loading DataStructures
DS ABS:ABS_CENSUS2011_B11_LGA:1.0
Loading Dataflows
Loading Codelists
Codelist: ABS:CL_ABS_CENSUS2011_B11_SA1_SA_MEASURE:1.0 already exists
Loading Concepts
Loading DataStructures
DS ABS:ABS_CENSUS2011_B11_SA1_SA:1.0
Loading Dataflows
Loading Codelists
Codelist: ABS:CL_ABS_CENSUS2011_B12_MEASURE:1.0 already exists
Loading Concepts
Loading DataStructures
DS ABS:ABS_CENSUS2011_B12:1.0
Loading Dataflows
Loading Codelists
Codelist: ABS:CL_ABS_CENSUS2011_B12_LGA_MEASURE:1.0 already exists
Loading Concepts
Loading DataStructures
DS ABS:ABS_CENSUS2011_B12_LGA:1.0
Loading Dataflows
Loading Codelists
Loading Concepts
Loading DataStructures
DS ABS:ABS_CENSUS2011_B12_SA1_SA:1.0
Reference
Agency:ABS
MID:STANDALONE_CONCEPT_SCHEME
MVers:null
ID:FPENG
Vers:1.0
Class:Concept
Pack:conceptscheme
Reference
Agency:ABS
MID:STANDALONE_CONCEPT_SCHEME
MVers:null
ID:MPENG
Vers:1.0
Class:Concept
Pack:conceptscheme
Reference
Agency:ABS
MID:STANDALONE_CONCEPT_SCHEME
MVers:null
ID:STATE
Vers:1.0
Class:Concept
Pack:conceptscheme
Reference
Agency:ABS
MID:STANDALONE_CONCEPT_SCHEME
MVers:null
ID:REGIONTYPE
Vers:1.0
Class:Concept
Pack:conceptscheme
Reference
Agency:ABS
MID:STANDALONE_CONCEPT_SCHEME
MVers:null
ID:REGION
Vers:1.0
Class:Concept
Pack:conceptscheme
Reference
Agency:ABS
MID:STANDALONE_CONCEPT_SCHEME
MVers:null
ID:FREQUENCY
Vers:1.0
Class:Concept
Pack:conceptscheme
Reference
Agency:ABS
MID:STANDALONE_CONCEPT_SCHEME
MVers:null
ID:TIME
Vers:1.0
Class:Concept
Pack:conceptscheme
Reference
Agency:ABS
MID:STANDALONE_CONCEPT_SCHEME
MVers:null
ID:MEASURE
Vers:1.0
Class:Concept
Pack:conceptscheme
Reference
Agency:ABS
MID:STANDALONE_CONCEPT_SCHEME
MVers:null
ID:OBS_STATUS
Vers:1.0
Class:Concept
Pack:conceptscheme
Reference
Agency:ABS
MID:STANDALONE_CONCEPT_SCHEME
MVers:null
ID:TIME_FORMAT
Vers:1.0
Class:Concept
Pack:conceptscheme
Reference
Agency:ABS
MID:STANDALONE_CONCEPT_SCHEME
MVers:null
ID:OBS_VALUE
Vers:1.0
Class:Concept
Pack:conceptscheme
Loading Dataflows
Loading: B13 Language Spoken at Home by Sex
Header=&lt;message:Structure xmlns=&quot;http://www.SDMX.org/resources/SDMXML/schemas/v2_0/structure&quot; xmlns:common=&quot;http://www.SDMX.org/resources/SDMXML/schemas/v2_0/common&quot; xsi:schemaLocation=&quot;http://www.SDMX.org/resources/SDMXML/schemas/v2_0/structure http://www.sdmx.org/docs/2_0/SDMXStructure.xsd http://www.SDMX.org/resources/SDMXML/schemas/v2_0/message http://www.sdmx.org/docs/2_0/SDMXMessage.xsd&quot; xmlns:xsi=&quot;http://www.w3.org/2001/XMLSchema-instance&quot; xmlns:message=&quot;http://www.SDMX.org/resources/SDMXML/schemas/v2_0/message&quot;&gt;&lt;Header xmlns=&quot;http://www.SDMX.org/resources/SDMXML/schemas/v2_0/message&quot;&gt;&lt;ID&gt;none&lt;!--Statistical usage warning
ABS.Stat beta is continuing to be developed.  Data will be updated as soon as possible following its 11:30 am release on the ABS website.
--&gt;&lt;/ID&gt;&lt;Test&gt;false&lt;/Test&gt;&lt;Truncated&gt;false&lt;/Truncated&gt;&lt;Prepared&gt;2020-03-17T01:22:12&lt;/Prepared&gt;&lt;Sender id=&quot;ABS&quot;&gt;&lt;Name xml:lang=&quot;en&quot;&gt;Australian Bureau of Statistics&lt;/Name&gt;&lt;Name xml:lang=&quot;fr&quot;&gt;Australian Bureau of Statistics&lt;/Name&gt;&lt;/Sender&gt;&lt;/Header&gt;&lt;message:CodeLists&gt;&lt;CodeList id=&quot;CL_ABS_CENSUS2011_B13_MEASURE&quot; agencyID=&quot;ABS&quot;&gt;&lt;Name xml:lang=&quot;en&quot;&gt;Sex&lt;/Name&gt;&lt;Name xml:lang=&quot;fr&quot;&gt;Sex&lt;/Name&gt;&lt;Code value=&quot;1&quot; parentCode=&quot;3&quot;&gt;&lt;Description xml:lang=&quot;en&quot;&gt;Males&lt;/Description&gt;&lt;Description xml:lang=&quot;fr&quot;&gt;Males&lt;/Description&gt;&lt;/Code&gt;&lt;Code value=&quot;3&quot;&gt;&lt;Description xml:lang=&quot;en&quot;&gt;Persons&lt;/Description&gt;&lt;Description xml:lang=&quot;fr&quot;&gt;Persons&lt;/Description&gt;&lt;/Code&gt;&lt;Code value=&quot;2&quot; parentCode=&quot;3&quot;&gt;&lt;Description xml:lang=&quot;en&quot;&gt;Females&lt;/Description&gt;&lt;Description xml:lang=&quot;fr&quot;&gt;Females&lt;/Description&gt;&lt;/Code&gt;&lt;/CodeList&gt;&lt;CodeList id=&quot;CL_ABS_CENSUS2011_B13_LANP&quot; agencyID=&quot;ABS&quot;&gt;&lt;Name xml:lang=&quot;en&quot;&gt;Language Spoken at Home&lt;/Name&gt;&lt;Name xml:lang=&quot;fr&quot;&gt;Language Spoken at Home&lt;/Name&gt;&lt;Code value=&quot;TOT&quot;&gt;&lt;Description xml:lang=&quot;en&quot;&gt;Total&lt;/Description&gt;&lt;Description xml:lang=&quot;fr&quot;&gt;Total&lt;/Description&gt;&lt;/Code&gt;&lt;Code value=&quot;7101&quot; parentCode=&quot;71&quot;&gt;&lt;Description xml:lang=&quot;en&quot;&gt;Cantonese&lt;/Description&gt;&lt;Description xml:lang=&quot;fr&quot;&gt;Cantonese&lt;/Description&gt;&lt;/Code&gt;&lt;Code value=&quot;71&quot; parentCode=&quot;LOTE&quot;&gt;&lt;Description xml:lang=&quot;en&quot;&gt;Chinese languages total&lt;/Description&gt;&lt;Description xml:lang=&quot;fr&quot;&gt;Chinese languages total&lt;/Description&gt;&lt;/Code&gt;&lt;Code value=&quot;LOTE&quot; parentCode=&quot;TOT&quot;&gt;&lt;Description xml:lang=&quot;en&quot;&gt;Speaks other language total&lt;/Description&gt;&lt;Description xml:lang=&quot;fr&quot;&gt;Speaks other language total&lt;/Description&gt;&lt;/Code&gt;&lt;Code value=&quot;7104&quot; parentCode=&quot;71&quot;&gt;&lt;Description xml:lang=&quot;en&quot;&gt;Mandarin&lt;/Description&gt;&lt;Description xml:lang=&quot;fr&quot;&gt;Mandarin&lt;/Description&gt;&lt;/Code&gt;&lt;Code value=&quot;7100&quot; parentCode=&quot;71&quot;&gt;&lt;Description xml:lang=&quot;en&quot;&gt;Other(b)&lt;/Description&gt;&lt;Description xml:lang=&quot;fr&quot;&gt;Other(b)&lt;/Description&gt;&lt;/Code&gt;&lt;Code value=&quot;5201&quot; parentCode=&quot;52&quot;&gt;&lt;Description xml:lang=&quot;en&quot;&gt;Bengali&lt;/Description&gt;&lt;Description xml:lang=&quot;fr&quot;&gt;Bengali&lt;/Description&gt;&lt;/Code&gt;&lt;Code value=&quot;52&quot; parentCode=&quot;LOTE&quot;&gt;&lt;Description xml:lang=&quot;en&quot;&gt;Indo-Aryan LanguagesTotal&lt;/Description&gt;&lt;Description xml:lang=&quot;fr&quot;&gt;Indo-Aryan LanguagesTotal&lt;/Description&gt;&lt;/Code&gt;&lt;Code value=&quot;5203&quot; parentCode=&quot;52&quot;&gt;&lt;Description xml:lang=&quot;en&quot;&gt;Hindi&lt;/Description&gt;&lt;Description xml:lang=&quot;fr&quot;&gt;Hindi&lt;/Description&gt;&lt;/Code&gt;&lt;Code value=&quot;5207&quot; parentCode=&quot;52&quot;&gt;&lt;Description xml:lang=&quot;en&quot;&gt;Punjabi&lt;/Description&gt;&lt;Description xml:lang=&quot;fr&quot;&gt;Punjabi&lt;/Description&gt;&lt;/Code&gt;&lt;Code value=&quot;5211&quot; parentCode=&quot;52&quot;&gt;&lt;Description xml:lang=&quot;en&quot;&gt;Sinhalese&lt;/Description&gt;&lt;Description xml:lang=&quot;fr&quot;&gt;Sinhalese&lt;/Description&gt;&lt;/Code&gt;&lt;Code value=&quot;5212&quot; parentCode=&quot;52&quot;&gt;&lt;Description xml:lang=&quot;en&quot;&gt;Urdu&lt;/Description&gt;&lt;Description xml:lang=&quot;fr&quot;&gt;Urdu&lt;/Description&gt;&lt;/Code&gt;&lt;Code value=&quot;5200&quot; parentCode=&quot;52&quot;&gt;&lt;Description xml:lang=&quot;en&quot;&gt;Other(c)&lt;/Description&gt;&lt;Description xml:lang=&quot;fr&quot;&gt;Other(c)&lt;/Description&gt;&lt;/Code&gt;&lt;Code value=&quot;4105&quot; parentCode=&quot;41&quot;&gt;&lt;Description xml:lang=&quot;en&quot;&gt;Dari&lt;/Description&gt;&lt;Description xml:lang=&quot;fr&quot;&gt;Dari&lt;/Description&gt;&lt;/Code&gt;&lt;Code value=&quot;41&quot; parentCode=&quot;LOTE&quot;&gt;&lt;Description xml:lang=&quot;en&quot;&gt;Iranic Languages total&lt;/Description&gt;&lt;Description xml:lang=&quot;fr&quot;&gt;Iranic Languages total&lt;/Description&gt;&lt;/Code&gt;&lt;Code value=&quot;4106&quot; parentCode=&quot;41&quot;&gt;&lt;Description xml:lang=&quot;en&quot;&gt;Persian (excluding Dari)&lt;/Description&gt;&lt;Description xml:lang=&quot;fr&quot;&gt;Persian (excluding Dari)&lt;/Description&gt;&lt;/Code&gt;&lt;Code value=&quot;4100&quot; parentCode=&quot;41&quot;&gt;&lt;Description xml:lang=&quot;en&quot;&gt;Other(d)&lt;/Description&gt;&lt;Description xml:lang=&quot;fr&quot;&gt;Other(d)&lt;/Description&gt;&lt;/Code&gt;&lt;Code value=&quot;6512&quot; parentCode=&quot;65&quot;&gt;&lt;Description xml:lang=&quot;en&quot;&gt;Filipino &lt;/Description&gt;&lt;Description xml:lang=&quot;fr&quot;&gt;Filipino &lt;/Description&gt;&lt;/Code&gt;&lt;Code value=&quot;65&quot; parentCode=&quot;LOTE&quot;&gt;&lt;Description xml:lang=&quot;en&quot;&gt;Southeast Asian Austronesian Languages total&lt;/Description&gt;&lt;Description xml:lang=&quot;fr&quot;&gt;Southeast Asian Austronesian Languages total&lt;/Description&gt;&lt;/Code&gt;&lt;Code value=&quot;6504&quot; parentCode=&quot;65&quot;&gt;&lt;Description xml:lang=&quot;en&quot;&gt;Indonesian&lt;/Description&gt;&lt;Description xml:lang=&quot;fr&quot;&gt;Indonesian&lt;/Description&gt;&lt;/Code&gt;&lt;Code value=&quot;6511&quot; parentCode=&quot;65&quot;&gt;&lt;Description xml:lang=&quot;en&quot;&gt;Tagalog&lt;/Description&gt;&lt;Description xml:lang=&quot;fr&quot;&gt;Tagalog&lt;/Description&gt;&lt;/Code&gt;&lt;Code value=&quot;6500&quot; parentCode=&quot;65&quot;&gt;&lt;Description xml:lang=&quot;en&quot;&gt;Other (e)&lt;/Description&gt;&lt;Description xml:lang=&quot;fr&quot;&gt;Other (e)&lt;/Description&gt;&lt;/Code&gt;&lt;Code value=&quot;4202&quot; parentCode=&quot;LOTE&quot;&gt;&lt;Description xml:lang=&quot;en&quot;&gt;Arabic&lt;/Description&gt;&lt;Description xml:lang=&quot;fr&quot;&gt;Arabic&lt;/Description&gt;&lt;/Code&gt;&lt;Code value=&quot;4206&quot; parentCode=&quot;LOTE&quot;&gt;&lt;Description xml:lang=&quot;en&quot;&gt;Assyrian&lt;/Description&gt;&lt;Description xml:lang=&quot;fr&quot;&gt;Assyrian&lt;/Description&gt;&lt;/Code&gt;&lt;Code value=&quot;8&quot; parentCode=&quot;LOTE&quot;&gt;&lt;Description xml:lang=&quot;en&quot;&gt;Australian Indigenous Languages &lt;/Description&gt;&lt;Description xml:lang=&quot;fr&quot;&gt;Australian Indigenous Languages &lt;/Description&gt;&lt;/Code&gt;&lt;Code value=&quot;3503&quot; parentCode=&quot;LOTE&quot;&gt;&lt;Description xml:lang=&quot;en&quot;&gt;Croatian&lt;/Description&gt;&lt;Description xml:lang=&quot;fr&quot;&gt;Croatian&lt;/Description&gt;&lt;/Code&gt;&lt;Code value=&quot;1401&quot; parentCode=&quot;LOTE&quot;&gt;&lt;Description xml:lang=&quot;en&quot;&gt;Dutch&lt;/Description&gt;&lt;Description xml:lang=&quot;fr&quot;&gt;Dutch&lt;/Description&gt;&lt;/Code&gt;&lt;Code value=&quot;2101&quot; parentCode=&quot;LOTE&quot;&gt;&lt;Description xml:lang=&quot;en&quot;&gt;French&lt;/Description&gt;&lt;Description xml:lang=&quot;fr&quot;&gt;French&lt;/Description&gt;&lt;/Code&gt;&lt;Code value=&quot;1301&quot; parentCode=&quot;LOTE&quot;&gt;&lt;Description xml:lang=&quot;en&quot;&gt;German&lt;/Description&gt;&lt;Description xml:lang=&quot;fr&quot;&gt;German&lt;/Description&gt;&lt;/Code&gt;&lt;Code value=&quot;2201&quot; parentCode=&quot;LOTE&quot;&gt;&lt;Description xml:lang=&quot;en&quot;&gt;Greek&lt;/Description&gt;&lt;Description xml:lang=&quot;fr&quot;&gt;Greek&lt;/Description&gt;&lt;/Code&gt;&lt;Code value=&quot;3301&quot; parentCode=&quot;LOTE&quot;&gt;&lt;Description xml:lang=&quot;en&quot;&gt;Hungarian&lt;/Description&gt;&lt;Description xml:lang=&quot;fr&quot;&gt;Hungarian&lt;/Description&gt;&lt;/Code&gt;&lt;Code value=&quot;2401&quot; parentCode=&quot;LOTE&quot;&gt;&lt;Description xml:lang=&quot;en&quot;&gt;Italian&lt;/Description&gt;&lt;Description xml:lang=&quot;fr&quot;&gt;Italian&lt;/Description&gt;&lt;/Code&gt;&lt;Code value=&quot;7201&quot; parentCode=&quot;LOTE&quot;&gt;&lt;Description xml:lang=&quot;en&quot;&gt;Japanese&lt;/Description&gt;&lt;Description xml:lang=&quot;fr&quot;&gt;Japanese&lt;/Description&gt;&lt;/Code&gt;&lt;Code value=&quot;6301&quot; parentCode=&quot;LOTE&quot;&gt;&lt;Description xml:lang=&quot;en&quot;&gt;Khmer&lt;/Description&gt;&lt;Description xml:lang=&quot;fr&quot;&gt;Khmer&lt;/Description&gt;&lt;/Code&gt;&lt;Code value=&quot;7301&quot; parentCode=&quot;LOTE&quot;&gt;&lt;Description xml:lang=&quot;en&quot;&gt;Korean&lt;/Description&gt;&lt;Description xml:lang=&quot;fr&quot;&gt;Korean&lt;/Description&gt;&lt;/Code&gt;&lt;Code value=&quot;3504&quot; parentCode=&quot;LOTE&quot;&gt;&lt;Description xml:lang=&quot;en&quot;&gt;Macedonian&lt;/Description&gt;&lt;Description xml:lang=&quot;fr&quot;&gt;Macedonian&lt;/Description&gt;&lt;/Code&gt;&lt;Code value=&quot;2501&quot; parentCode=&quot;LOTE&quot;&gt;&lt;Description xml:lang=&quot;en&quot;&gt;Maltese&lt;/Description&gt;&lt;Description xml:lang=&quot;fr&quot;&gt;Maltese&lt;/Description&gt;&lt;/Code&gt;&lt;Code value=&quot;3602&quot; parentCode=&quot;LOTE&quot;&gt;&lt;Description xml:lang=&quot;en&quot;&gt;Polish&lt;/Description&gt;&lt;Description xml:lang=&quot;fr&quot;&gt;Polish&lt;/Description&gt;&lt;/Code&gt;&lt;Code value=&quot;2302&quot; parentCode=&quot;LOTE&quot;&gt;&lt;Description xml:lang=&quot;en&quot;&gt;Portuguese&lt;/Description&gt;&lt;Description xml:lang=&quot;fr&quot;&gt;Portuguese&lt;/Description&gt;&lt;/Code&gt;&lt;Code value=&quot;3402&quot; parentCode=&quot;LOTE&quot;&gt;&lt;Description xml:lang=&quot;en&quot;&gt;Russian&lt;/Description&gt;&lt;Description xml:lang=&quot;fr&quot;&gt;Russian&lt;/Description&gt;&lt;/Code&gt;&lt;Code value=&quot;9308&quot; parentCode=&quot;LOTE&quot;&gt;&lt;Description xml:lang=&quot;en&quot;&gt;Samoan&lt;/Description&gt;&lt;Description xml:lang=&quot;fr&quot;&gt;Samoan&lt;/Description&gt;&lt;/Code&gt;&lt;Code value=&quot;3507&quot; parentCode=&quot;LOTE&quot;&gt;&lt;Description xml:lang=&quot;en&quot;&gt;Serbian&lt;/Description&gt;&lt;Description xml:lang=&quot;fr&quot;&gt;Serbian&lt;/Description&gt;&lt;/Code&gt;&lt;Code value=&quot;2303&quot; parentCode=&quot;LOTE&quot;&gt;&lt;Description xml:lang=&quot;en&quot;&gt;Spanish&lt;/Description&gt;&lt;Description xml:lang=&quot;fr&quot;&gt;Spanish&lt;/Description&gt;&lt;/Code&gt;&lt;Code value=&quot;5103&quot; parentCode=&quot;LOTE&quot;&gt;&lt;Description xml:lang=&quot;en&quot;&gt;Tamil&lt;/Description&gt;&lt;Description xml:lang=&quot;fr&quot;&gt;Tamil&lt;/Description&gt;&lt;/Code&gt;&lt;Code value=&quot;6402&quot; parentCode=&quot;LOTE&quot;&gt;&lt;Description xml:lang=&quot;en&quot;&gt;Thai&lt;/Description&gt;&lt;Descripti
Input 1 does not match Pattern:[A-z][A-z0-9_\-]* for class:NCNameID
Input 3 does not match Pattern:[A-z][A-z0-9_\-]* for class:NCNameID
Input 2 does not match Pattern:[A-z][A-z0-9_\-]* for class:NCNameID
Loading Codelists
Codelist: ABS:CL_ATSI_BIRTHS_SUMM_MEASURE:1.0 already exists
Loading Concepts
Loading DataStructures
DS ABS:ATSI_BIRTHS_SUMM:1.0
Loading Dataflows
Loading Codelists
Codelist: ABS:CL_ATSI_FERTILITY_MEASURE:1.0 already exists
Loading Concepts
Loading DataStructures
DS ABS:ATSI_FERTILITY:1.0
Loading Dataflows
Loading Codelists
Codelist: ABS:CL_ALC_TYP:1.0 already exists
Loading Concepts
Loading DataStructures
DS ABS:ALC:1.0
Loading Dataflows
Loading Codelists
Codelist: ABS:CL_ABS_ACLD_LFSTATUS_SEX_ABS:1.0 already exists
Loading Concepts
Loading DataStructures
DS ABS:ABS_ACLD_LFSTATUS:1.0
Loading Dataflows
Loading Codelists
Codelist: ABS:CL_ABS_ACLD_TENURE_SEX_ABS:1.0 already exists
Loading Concepts
Loading DataStructures
DS ABS:ABS_ACLD_TENURE:1.0
Loading Dataflows
Loading Codelists
Codelist: ABS:CL_ABS_ACLD_UNPAIDASST_SEX_ABS:1.0 already exists
Loading Concepts
Loading DataStructures
DS ABS:ABS_ACLD_UNPAIDASST:1.0
Loading Dataflows
Loading Codelists
Codelist: ABS:CL_ABS_ACLD_VOLWORK_SEX_ABS:1.0 already exists
Loading Concepts
Loading DataStructures
DS ABS:ABS_ACLD_VOLWORK:1.0
Loading Dataflows
Loading Codelists
Codelist: ABS:CL_AMLPS_PART_2017_MEASURE:1.0 already exists
Loading Concepts
Loading DataStructures
DS ABS:AMLPS_PART_2017:1.0
Loading Dataflows
Loading Codelists
Codelist: ABS:CL_AMLPS_RESP_2017_RESPONSE_CAT:1.0 already exists
Loading Concepts
Loading DataStructures
DS ABS:AMLPS_RESP_2017:1.0
Loading Dataflows
Loading Codelists
Codelist: ABS:CL_ABS_CENSUS2011_B01_MEASURE:1.0 already exists
Loading Concepts
Loading DataStructures
DS ABS:ABS_CENSUS2011_B01:1.0
Loading Dataflows
Loading Codelists
Codelist: ABS:CL_ABS_CENSUS2011_B01_LGA_MEASURE:1.0 already exists
Loading Concepts
Loading DataStructures
DS ABS:ABS_CENSUS2011_B01_LGA:1.0
Loading Dataflows
Loading Codelists
Codelist: ABS:CL_ABS_CENSUS2011_B01_SA1_SA_MEASURE:1.0 already exists
Loading Concepts
Loading DataStructures
DS ABS:ABS_CENSUS2011_B01_SA1_SA:1.0
Loading Dataflows
Loading Codelists
Codelist: ABS:CL_ABS_CENSUS2011_B02_MEASURE:1.0 already exists
Loading Concepts
Loading DataStructures
DS ABS:ABS_CENSUS2011_B02:1.0
Loading Dataflows
Loading Codelists
Codelist: ABS:CL_ABS_CENSUS2011_B02_LGA_MEASURE:1.0 already exists
Loading Concepts
Loading DataStructures
DS ABS:ABS_CENSUS2011_B02_LGA:1.0
Loading Dataflows
Loading Codelists
Codelist: ABS:CL_ABS_CENSUS2011_B02_SA1_SA_MEASURE:1.0 already exists
Loading Concepts
Loading DataStructures
DS ABS:ABS_CENSUS2011_B02_SA1_SA:1.0
Loading Dataflows
Loading Codelists
Codelist: ABS:CL_ABS_CENSUS2011_B03_LGA_MEASURE:1.0 already exists
Loading Concepts
Loading DataStructures
DS ABS:ABS_CENSUS2011_B03_LGA:1.0
Loading Dataflows
Loading Codelists
Codelist: ABS:CL_ABS_CENSUS2011_B03_MEASURE:1.0 already exists
Loading Concepts
Loading DataStructures
DS ABS:ABS_CENSUS2011_B03:1.0
Loading Dataflows
Loading Codelists
Codelist: ABS:CL_ABS_CENSUS2011_B03_SA1_SA_MEASURE:1.0 already exists
Loading Concepts
Loading DataStructures
DS ABS:ABS_CENSUS2011_B03_SA1_SA:1.0
Loading Dataflows
Loading Codelists
Codelist: ABS:CL_ABS_CENSUS2011_B04_MEASURE:1.0 already exists
Loading Concepts
Loading DataStructures
DS ABS:ABS_CENSUS2011_B04:1.0
Loading Dataflows
Loading Codelists
Codelist: ABS:CL_ABS_CENSUS2011_B04_LGA_MEASURE:1.0 already exists
Loading Concepts
Loading DataStructures
DS ABS:ABS_CENSUS2011_B04_LGA:1.0
Loading Dataflows
Loading Codelists
Codelist: ABS:CL_ABS_CENSUS2011_B04_SA1_SA_MEASURE:1.0 already exists
Loading Concepts
Loading DataStructures
DS ABS:ABS_CENSUS2011_B04_SA1_SA:1.0
Loading Dataflows
Loading Codelists
Codelist: ABS:CL_ABS_CENSUS2011_B05_MEASURE:1.0 already exists
Loading Concepts
Loading DataStructures
DS ABS:ABS_CENSUS2011_B05:1.0
Loading Dataflows
Loading Codelists
Codelist: ABS:CL_ABS_CENSUS2011_B05_LGA_MEASURE:1.0 already exists
Loading Concepts
Loading DataStructures
DS ABS:ABS_CENSUS2011_B05_LGA:1.0
Loading Dataflows
Loading Codelists
Codelist: ABS:CL_ABS_CENSUS2011_B05_SA1_SA_MEASURE:1.0 already exists
Loading Concepts
Loading DataStructures
DS ABS:ABS_CENSUS2011_B05_SA1_SA:1.0
Loading Dataflows
Loading Codelists
Codelist: ABS:CL_ABS_CENSUS2011_B06_MEASURE:1.0 already exists
Loading Concepts
Loading DataStructures
DS ABS:ABS_CENSUS2011_B06:1.0
Loading Dataflows
Loading Codelists
Codelist: ABS:CL_ABS_CENSUS2011_B06_LGA_MEASURE:1.0 already exists
Loading Concepts
Loading DataStructures
DS ABS:ABS_CENSUS2011_B06_LGA:1.0
Loading Dataflows
Loading Codelists
Codelist: ABS:CL_ABS_CENSUS2011_B06_SA1_SA_MEASURE:1.0 already exists
Loading Concepts
Loading DataStructures
DS ABS:ABS_CENSUS2011_B06_SA1_SA:1.0
Loading Dataflows
Loading Codelists
Codelist: ABS:CL_ABS_CENSUS2011_B07_MEASURE:1.0 already exists
Loading Concepts
Loading DataStructures
DS ABS:ABS_CENSUS2011_B07:1.0
Loading Dataflows
Loading Codelists
Codelist: ABS:CL_ABS_CENSUS2011_B07_LGA_MEASURE:1.0 already exists
Loading Concepts
Loading DataStructures
DS ABS:ABS_CENSUS2011_B07_LGA:1.0
Loading Dataflows
Loading Codelists
Codelist: ABS:CL_ABS_CENSUS2011_B07_SA1_SA_MEASURE:1.0 already exists
Loading Concepts
Loading DataStructures
DS ABS:ABS_CENSUS2011_B07_SA1_SA:1.0
Loading Dataflows
Loading Codelists
Codelist: ABS:CL_ABS_CENSUS2011_B08_MEASURE:1.0 already exists
Loading Concepts
Loading DataStructures
DS ABS:ABS_CENSUS2011_B08:1.0
Loading Dataflows
Loading Codelists
Codelist: ABS:CL_ABS_CENSUS2011_B08_LGA_MEASURE:1.0 already exists
Loading Concepts
Loading DataStructures
DS ABS:ABS_CENSUS2011_B08_LGA:1.0
Loading Dataflows
Loading Codelists
Codelist: ABS:CL_ABS_CENSUS2011_B08_SA1_SA_MEASURE:1.0 already exists
Loading Concepts
Loading DataStructures
DS ABS:ABS_CENSUS2011_B08_SA1_SA:1.0
Loading Dataflows
Loading Codelists
Codelist: ABS:CL_ABS_CENSUS2011_B09_MEASURE:1.0 already exists
Loading Concepts
Loading DataStructures
DS ABS:ABS_CENSUS2011_B09:1.0
Loading Dataflows
Loading Codelists
Codelist: ABS:CL_ABS_CENSUS2011_B09_LGA_MEASURE:1.0 already exists
Loading Concepts
Loading DataStructures
DS ABS:ABS_CENSUS2011_B09_LGA:1.0
Loading Dataflows
Loading Codelists
Codelist: ABS:CL_ABS_CENSUS2011_B09_SA1_SA_MEASURE:1.0 already exists
Loading Concepts
Loading DataStructures
DS ABS:ABS_CENSUS2011_B09_SA1_SA:1.0
Loading Dataflows
Loading Codelists
Codelist: ABS:CL_ABS_CENSUS2011_B10_MEASURE:1.0 already exists
Loading Concepts
Loading DataStructures
DS ABS:ABS_CENSUS2011_B10:1.0
Loading Dataflows
Loading Codelists
Codelist: ABS:CL_ABS_CENSUS2011_B10_LGA_MEASURE:1.0 already exists
Loading Concepts
Loading DataStructures
DS ABS:ABS_CENSUS2011_B10_LGA:1.0
Loading Dataflows
Loading Codelists
Codelist: ABS:CL_ABS_CENSUS2011_B10_SA1_SA_MEASURE:1.0 already exists
Loading Concepts
Loading DataStructures
DS ABS:ABS_CENSUS2011_B10_SA1_SA:1.0
Loading Dataflows
Loading Codelists
Codelist: ABS:CL_ABS_CENSUS2011_B11_MEASURE:1.0 already exists
Loading Concepts
Loading DataStructures
DS ABS:ABS_CENSUS2011_B11:1.0
Loading Dataflows
Loading Codelists
Codelist: ABS:CL_ABS_CENSUS2011_B11_LGA_MEASURE:1.0 already exists
Loading Concepts
Loading DataStructures
DS ABS:ABS_CENSUS2011_B11_LGA:1.0
Loading Dataflows
Loading Codelists
Codelist: ABS:CL_ABS_CENSUS2011_B11_SA1_SA_MEASURE:1.0 already exists
Loading Concepts
Loading DataStructures
DS ABS:ABS_CENSUS2011_B11_SA1_SA:1.0
Loading Dataflows
Loading Codelists
Codelist: ABS:CL_ABS_CENSUS2011_B12_MEASURE:1.0 already exists
Loading Concepts
Loading DataStructures
DS ABS:ABS_CENSUS2011_B12:1.0
Loading Dataflows
Loading Codelists
Codelist: ABS:CL_ABS_CENSUS2011_B12_LGA_MEASURE:1.0 already exists
Loading Concepts
Loading DataStructures
DS ABS:ABS_CENSUS2011_B12_LGA:1.0
Loading Dataflows
Loading Codelists
Codelist: ABS:CL_ABS_CENSUS2011_B12_SA1_SA_MEASURE:1.0 already exists
Loading Concepts
Loading DataStructures
DS ABS:ABS_CENSUS2011_B12_SA1_SA:1.0
Loading Dataflows
Loading Codelists
Loading Concepts
Loading DataStructures
DS ABS:ABS_CENSUS2011_B13:1.0
Reference
Agency:ABS
MID:STANDALONE_CONCEPT_SCHEME
MVers:null
ID:LANP
Vers:1.0
Class:Concept
Pack:conceptscheme
Reference
Agency:ABS
MID:STANDALONE_CONCEPT_SCHEME
MVers:null
ID:STATE
Vers:1.0
Class:Concept
Pack:conceptscheme
Reference
Agency:ABS
MID:STANDALONE_CONCEPT_SCHEME
MVers:null
ID:REGIONTYPE
Vers:1.0
Class:Concept
Pack:conceptscheme
Reference
Agency:ABS
MID:STANDALONE_CONCEPT_SCHEME
MVers:null
ID:REGION
Vers:1.0
Class:Concept
Pack:conceptscheme
Reference
Agency:ABS
MID:STANDALONE_CONCEPT_SCHEME
MVers:null
ID:FREQUENCY
Vers:1.0
Class:Concept
Pack:conceptscheme
Reference
Agency:ABS
MID:STANDALONE_CONCEPT_SCHEME
MVers:null
ID:TIME
Vers:1.0
Class:Concept
Pack:conceptscheme
Reference
Agency:ABS
MID:STANDALONE_CONCEPT_SCHEME
MVers:null
ID:MEASURE
Vers:1.0
Class:Concept
Pack:conceptscheme
Reference
Agency:ABS
MID:STANDALONE_CONCEPT_SCHEME
MVers:null
ID:OBS_STATUS
Vers:1.0
Class:Concept
Pack:conceptscheme
Reference
Agency:ABS
MID:STANDALONE_CONCEPT_SCHEME
MVers:null
ID:TIME_FORMAT
Vers:1.0
Class:Concept
Pack:conceptscheme
Reference
Agency:ABS
MID:STANDALONE_CONCEPT_SCHEME
MVers:null
ID:OBS_VALUE
Vers:1.0
Class:Concept
Pack:conceptscheme
Loading Dataflows
Loading: B13 Language Spoken at Home by Sex (LGA)
Header=&lt;message:Structure xmlns=&quot;http://www.SDMX.org/resources/SDMXML/schemas/v2_0/structure&quot; xmlns:common=&quot;http://www.SDMX.org/resources/SDMXML/schemas/v2_0/common&quot; xsi:schemaLocation=&quot;http://www.SDMX.org/resources/SDMXML/schemas/v2_0/structure http://www.sdmx.org/docs/2_0/SDMXStructure.xsd http://www.SDMX.org/resources/SDMXML/schemas/v2_0/message http://www.sdmx.org/docs/2_0/SDMXMessage.xsd&quot; xmlns:xsi=&quot;http://www.w3.org/2001/XMLSchema-instance&quot; xmlns:message=&quot;http://www.SDMX.org/resources/SDMXML/schemas/v2_0/message&quot;&gt;&lt;Header xmlns=&quot;http://www.SDMX.org/resources/SDMXML/schemas/v2_0/message&quot;&gt;&lt;ID&gt;none&lt;!--Statistical usage warning
ABS.Stat beta is continuing to be developed.  Data will be updated as soon as possible following its 11:30 am release on the ABS website.
--&gt;&lt;/ID&gt;&lt;Test&gt;false&lt;/Test&gt;&lt;Truncated&gt;false&lt;/Truncated&gt;&lt;Prepared&gt;2020-03-17T01:23:29&lt;/Prepared&gt;&lt;Sender id=&quot;ABS&quot;&gt;&lt;Name xml:lang=&quot;en&quot;&gt;Australian Bureau of Statistics&lt;/Name&gt;&lt;Name xml:lang=&quot;fr&quot;&gt;Australian Bureau of Statistics&lt;/Name&gt;&lt;/Sender&gt;&lt;/Header&gt;&lt;message:CodeLists&gt;&lt;CodeList id=&quot;CL_ABS_CENSUS2011_B13_LGA_MEASURE&quot; agencyID=&quot;ABS&quot;&gt;&lt;Name xml:lang=&quot;en&quot;&gt;Sex&lt;/Name&gt;&lt;Name xml:lang=&quot;fr&quot;&gt;Sex&lt;/Name&gt;&lt;Code value=&quot;1&quot; parentCode=&quot;3&quot;&gt;&lt;Description xml:lang=&quot;en&quot;&gt;Males&lt;/Description&gt;&lt;Description xml:lang=&quot;fr&quot;&gt;Males&lt;/Description&gt;&lt;/Code&gt;&lt;Code value=&quot;3&quot;&gt;&lt;Description xml:lang=&quot;en&quot;&gt;Persons&lt;/Description&gt;&lt;Description xml:lang=&quot;fr&quot;&gt;Persons&lt;/Description&gt;&lt;/Code&gt;&lt;Code value=&quot;2&quot; parentCode=&quot;3&quot;&gt;&lt;Description xml:lang=&quot;en&quot;&gt;Females&lt;/Description&gt;&lt;Description xml:lang=&quot;fr&quot;&gt;Females&lt;/Description&gt;&lt;/Code&gt;&lt;/CodeList&gt;&lt;CodeList id=&quot;CL_ABS_CENSUS2011_B13_LGA_LANP&quot; agencyID=&quot;ABS&quot;&gt;&lt;Name xml:lang=&quot;en&quot;&gt;Language Spoken at Home&lt;/Name&gt;&lt;Name xml:lang=&quot;fr&quot;&gt;Language Spoken at Home&lt;/Name&gt;&lt;Code value=&quot;TOT&quot;&gt;&lt;Description xml:lang=&quot;en&quot;&gt;Total&lt;/Description&gt;&lt;Description xml:lang=&quot;fr&quot;&gt;Total&lt;/Description&gt;&lt;/Code&gt;&lt;Code value=&quot;7101&quot; parentCode=&quot;71&quot;&gt;&lt;Description xml:lang=&quot;en&quot;&gt;Cantonese&lt;/Description&gt;&lt;Description xml:lang=&quot;fr&quot;&gt;Cantonese&lt;/Description&gt;&lt;/Code&gt;&lt;Code value=&quot;71&quot; parentCode=&quot;LOTE&quot;&gt;&lt;Description xml:lang=&quot;en&quot;&gt;Chinese languages total&lt;/Description&gt;&lt;Description xml:lang=&quot;fr&quot;&gt;Chinese languages total&lt;/Description&gt;&lt;/Code&gt;&lt;Code value=&quot;LOTE&quot; parentCode=&quot;TOT&quot;&gt;&lt;Description xml:lang=&quot;en&quot;&gt;Speaks other language total&lt;/Description&gt;&lt;Description xml:lang=&quot;fr&quot;&gt;Speaks other language total&lt;/Description&gt;&lt;/Code&gt;&lt;Code value=&quot;7104&quot; parentCode=&quot;71&quot;&gt;&lt;Description xml:lang=&quot;en&quot;&gt;Mandarin&lt;/Description&gt;&lt;Description xml:lang=&quot;fr&quot;&gt;Mandarin&lt;/Description&gt;&lt;/Code&gt;&lt;Code value=&quot;7100&quot; parentCode=&quot;71&quot;&gt;&lt;Description xml:lang=&quot;en&quot;&gt;Other(b)&lt;/Description&gt;&lt;Description xml:lang=&quot;fr&quot;&gt;Other(b)&lt;/Description&gt;&lt;/Code&gt;&lt;Code value=&quot;5201&quot; parentCode=&quot;52&quot;&gt;&lt;Description xml:lang=&quot;en&quot;&gt;Bengali&lt;/Description&gt;&lt;Description xml:lang=&quot;fr&quot;&gt;Bengali&lt;/Description&gt;&lt;/Code&gt;&lt;Code value=&quot;52&quot; parentCode=&quot;LOTE&quot;&gt;&lt;Description xml:lang=&quot;en&quot;&gt;Indo-Aryan LanguagesTotal&lt;/Description&gt;&lt;Description xml:lang=&quot;fr&quot;&gt;Indo-Aryan LanguagesTotal&lt;/Description&gt;&lt;/Code&gt;&lt;Code value=&quot;5203&quot; parentCode=&quot;52&quot;&gt;&lt;Description xml:lang=&quot;en&quot;&gt;Hindi&lt;/Description&gt;&lt;Description xml:lang=&quot;fr&quot;&gt;Hindi&lt;/Description&gt;&lt;/Code&gt;&lt;Code value=&quot;5207&quot; parentCode=&quot;52&quot;&gt;&lt;Description xml:lang=&quot;en&quot;&gt;Punjabi&lt;/Description&gt;&lt;Description xml:lang=&quot;fr&quot;&gt;Punjabi&lt;/Description&gt;&lt;/Code&gt;&lt;Code value=&quot;5211&quot; parentCode=&quot;52&quot;&gt;&lt;Description xml:lang=&quot;en&quot;&gt;Sinhalese&lt;/Description&gt;&lt;Description xml:lang=&quot;fr&quot;&gt;Sinhalese&lt;/Description&gt;&lt;/Code&gt;&lt;Code value=&quot;5212&quot; parentCode=&quot;52&quot;&gt;&lt;Description xml:lang=&quot;en&quot;&gt;Urdu&lt;/Description&gt;&lt;Description xml:lang=&quot;fr&quot;&gt;Urdu&lt;/Description&gt;&lt;/Code&gt;&lt;Code value=&quot;5200&quot; parentCode=&quot;52&quot;&gt;&lt;Description xml:lang=&quot;en&quot;&gt;Other(c)&lt;/Description&gt;&lt;Description xml:lang=&quot;fr&quot;&gt;Other(c)&lt;/Description&gt;&lt;/Code&gt;&lt;Code value=&quot;4105&quot; parentCode=&quot;41&quot;&gt;&lt;Description xml:lang=&quot;en&quot;&gt;Dari&lt;/Description&gt;&lt;Description xml:lang=&quot;fr&quot;&gt;Dari&lt;/Description&gt;&lt;/Code&gt;&lt;Code value=&quot;41&quot; parentCode=&quot;LOTE&quot;&gt;&lt;Description xml:lang=&quot;en&quot;&gt;Iranic Languages total&lt;/Description&gt;&lt;Description xml:lang=&quot;fr&quot;&gt;Iranic Languages total&lt;/Description&gt;&lt;/Code&gt;&lt;Code value=&quot;4106&quot; parentCode=&quot;41&quot;&gt;&lt;Description xml:lang=&quot;en&quot;&gt;Persian (excluding Dari)&lt;/Description&gt;&lt;Description xml:lang=&quot;fr&quot;&gt;Persian (excluding Dari)&lt;/Description&gt;&lt;/Code&gt;&lt;Code value=&quot;4100&quot; parentCode=&quot;41&quot;&gt;&lt;Description xml:lang=&quot;en&quot;&gt;Other(d)&lt;/Description&gt;&lt;Description xml:lang=&quot;fr&quot;&gt;Other(d)&lt;/Description&gt;&lt;/Code&gt;&lt;Code value=&quot;6512&quot; parentCode=&quot;65&quot;&gt;&lt;Description xml:lang=&quot;en&quot;&gt;Filipino &lt;/Description&gt;&lt;Description xml:lang=&quot;fr&quot;&gt;Filipino &lt;/Description&gt;&lt;/Code&gt;&lt;Code value=&quot;65&quot; parentCode=&quot;LOTE&quot;&gt;&lt;Description xml:lang=&quot;en&quot;&gt;Southeast Asian Austronesian Languages total&lt;/Description&gt;&lt;Description xml:lang=&quot;fr&quot;&gt;Southeast Asian Austronesian Languages total&lt;/Description&gt;&lt;/Code&gt;&lt;Code value=&quot;6504&quot; parentCode=&quot;65&quot;&gt;&lt;Description xml:lang=&quot;en&quot;&gt;Indonesian&lt;/Description&gt;&lt;Description xml:lang=&quot;fr&quot;&gt;Indonesian&lt;/Description&gt;&lt;/Code&gt;&lt;Code value=&quot;6511&quot; parentCode=&quot;65&quot;&gt;&lt;Description xml:lang=&quot;en&quot;&gt;Tagalog&lt;/Description&gt;&lt;Description xml:lang=&quot;fr&quot;&gt;Tagalog&lt;/Description&gt;&lt;/Code&gt;&lt;Code value=&quot;6500&quot; parentCode=&quot;65&quot;&gt;&lt;Description xml:lang=&quot;en&quot;&gt;Other (e)&lt;/Description&gt;&lt;Description xml:lang=&quot;fr&quot;&gt;Other (e)&lt;/Description&gt;&lt;/Code&gt;&lt;Code value=&quot;4202&quot; parentCode=&quot;LOTE&quot;&gt;&lt;Description xml:lang=&quot;en&quot;&gt;Arabic&lt;/Description&gt;&lt;Description xml:lang=&quot;fr&quot;&gt;Arabic&lt;/Description&gt;&lt;/Code&gt;&lt;Code value=&quot;4206&quot; parentCode=&quot;LOTE&quot;&gt;&lt;Description xml:lang=&quot;en&quot;&gt;Assyrian&lt;/Description&gt;&lt;Description xml:lang=&quot;fr&quot;&gt;Assyrian&lt;/Description&gt;&lt;/Code&gt;&lt;Code value=&quot;8&quot; parentCode=&quot;LOTE&quot;&gt;&lt;Description xml:lang=&quot;en&quot;&gt;Australian Indigenous Languages &lt;/Description&gt;&lt;Description xml:lang=&quot;fr&quot;&gt;Australian Indigenous Languages &lt;/Description&gt;&lt;/Code&gt;&lt;Code value=&quot;3503&quot; parentCode=&quot;LOTE&quot;&gt;&lt;Description xml:lang=&quot;en&quot;&gt;Croatian&lt;/Description&gt;&lt;Description xml:lang=&quot;fr&quot;&gt;Croatian&lt;/Description&gt;&lt;/Code&gt;&lt;Code value=&quot;1401&quot; parentCode=&quot;LOTE&quot;&gt;&lt;Description xml:lang=&quot;en&quot;&gt;Dutch&lt;/Description&gt;&lt;Description xml:lang=&quot;fr&quot;&gt;Dutch&lt;/Description&gt;&lt;/Code&gt;&lt;Code value=&quot;2101&quot; parentCode=&quot;LOTE&quot;&gt;&lt;Description xml:lang=&quot;en&quot;&gt;French&lt;/Description&gt;&lt;Description xml:lang=&quot;fr&quot;&gt;French&lt;/Description&gt;&lt;/Code&gt;&lt;Code value=&quot;1301&quot; parentCode=&quot;LOTE&quot;&gt;&lt;Description xml:lang=&quot;en&quot;&gt;German&lt;/Description&gt;&lt;Description xml:lang=&quot;fr&quot;&gt;German&lt;/Description&gt;&lt;/Code&gt;&lt;Code value=&quot;2201&quot; parentCode=&quot;LOTE&quot;&gt;&lt;Description xml:lang=&quot;en&quot;&gt;Greek&lt;/Description&gt;&lt;Description xml:lang=&quot;fr&quot;&gt;Greek&lt;/Description&gt;&lt;/Code&gt;&lt;Code value=&quot;3301&quot; parentCode=&quot;LOTE&quot;&gt;&lt;Description xml:lang=&quot;en&quot;&gt;Hungarian&lt;/Description&gt;&lt;Description xml:lang=&quot;fr&quot;&gt;Hungarian&lt;/Description&gt;&lt;/Code&gt;&lt;Code value=&quot;2401&quot; parentCode=&quot;LOTE&quot;&gt;&lt;Description xml:lang=&quot;en&quot;&gt;Italian&lt;/Description&gt;&lt;Description xml:lang=&quot;fr&quot;&gt;Italian&lt;/Description&gt;&lt;/Code&gt;&lt;Code value=&quot;7201&quot; parentCode=&quot;LOTE&quot;&gt;&lt;Description xml:lang=&quot;en&quot;&gt;Japanese&lt;/Description&gt;&lt;Description xml:lang=&quot;fr&quot;&gt;Japanese&lt;/Description&gt;&lt;/Code&gt;&lt;Code value=&quot;6301&quot; parentCode=&quot;LOTE&quot;&gt;&lt;Description xml:lang=&quot;en&quot;&gt;Khmer&lt;/Description&gt;&lt;Description xml:lang=&quot;fr&quot;&gt;Khmer&lt;/Description&gt;&lt;/Code&gt;&lt;Code value=&quot;7301&quot; parentCode=&quot;LOTE&quot;&gt;&lt;Description xml:lang=&quot;en&quot;&gt;Korean&lt;/Description&gt;&lt;Description xml:lang=&quot;fr&quot;&gt;Korean&lt;/Description&gt;&lt;/Code&gt;&lt;Code value=&quot;3504&quot; parentCode=&quot;LOTE&quot;&gt;&lt;Description xml:lang=&quot;en&quot;&gt;Macedonian&lt;/Description&gt;&lt;Description xml:lang=&quot;fr&quot;&gt;Macedonian&lt;/Description&gt;&lt;/Code&gt;&lt;Code value=&quot;2501&quot; parentCode=&quot;LOTE&quot;&gt;&lt;Description xml:lang=&quot;en&quot;&gt;Maltese&lt;/Description&gt;&lt;Description xml:lang=&quot;fr&quot;&gt;Maltese&lt;/Description&gt;&lt;/Code&gt;&lt;Code value=&quot;3602&quot; parentCode=&quot;LOTE&quot;&gt;&lt;Description xml:lang=&quot;en&quot;&gt;Polish&lt;/Description&gt;&lt;Description xml:lang=&quot;fr&quot;&gt;Polish&lt;/Description&gt;&lt;/Code&gt;&lt;Code value=&quot;2302&quot; parentCode=&quot;LOTE&quot;&gt;&lt;Description xml:lang=&quot;en&quot;&gt;Portuguese&lt;/Description&gt;&lt;Description xml:lang=&quot;fr&quot;&gt;Portuguese&lt;/Description&gt;&lt;/Code&gt;&lt;Code value=&quot;3402&quot; parentCode=&quot;LOTE&quot;&gt;&lt;Description xml:lang=&quot;en&quot;&gt;Russian&lt;/Description&gt;&lt;Description xml:lang=&quot;fr&quot;&gt;Russian&lt;/Description&gt;&lt;/Code&gt;&lt;Code value=&quot;9308&quot; parentCode=&quot;LOTE&quot;&gt;&lt;Description xml:lang=&quot;en&quot;&gt;Samoan&lt;/Description&gt;&lt;Description xml:lang=&quot;fr&quot;&gt;Samoan&lt;/Description&gt;&lt;/Code&gt;&lt;Code value=&quot;3507&quot; parentCode=&quot;LOTE&quot;&gt;&lt;Description xml:lang=&quot;en&quot;&gt;Serbian&lt;/Description&gt;&lt;Description xml:lang=&quot;fr&quot;&gt;Serbian&lt;/Description&gt;&lt;/Code&gt;&lt;Code value=&quot;2303&quot; parentCode=&quot;LOTE&quot;&gt;&lt;Description xml:lang=&quot;en&quot;&gt;Spanish&lt;/Description&gt;&lt;Description xml:lang=&quot;fr&quot;&gt;Spanish&lt;/Description&gt;&lt;/Code&gt;&lt;Code value=&quot;5103&quot; parentCode=&quot;LOTE&quot;&gt;&lt;Description xml:lang=&quot;en&quot;&gt;Tamil&lt;/Description&gt;&lt;Description xml:lang=&quot;fr&quot;&gt;Tamil&lt;/Description&gt;&lt;/Code&gt;&lt;Code value=&quot;6402&quot; parentCode=&quot;LOTE&quot;&gt;&lt;Description xml:lang=&quot;en&quot;&gt;Thai&lt;/Description&gt;&lt;D
Input 1 does not match Pattern:[A-z][A-z0-9_\-]* for class:NCNameID
Input 3 does not match Pattern:[A-z][A-z0-9_\-]* for class:NCNameID
Input 2 does not match Pattern:[A-z][A-z0-9_\-]* for class:NCNameID
Loading Codelists
Codelist: ABS:CL_ATSI_BIRTHS_SUMM_MEASURE:1.0 already exists
Loading Concepts
Loading DataStructures
DS ABS:ATSI_BIRTHS_SUMM:1.0
Loading Dataflows
Loading Codelists
Codelist: ABS:CL_ATSI_FERTILITY_MEASURE:1.0 already exists
Loading Concepts
Loading DataStructures
DS ABS:ATSI_FERTILITY:1.0
Loading Dataflows
Loading Codelists
Codelist: ABS:CL_ALC_TYP:1.0 already exists
Loading Concepts
Loading DataStructures
DS ABS:ALC:1.0
Loading Dataflows
Loading Codelists
Codelist: ABS:CL_ABS_ACLD_LFSTATUS_SEX_ABS:1.0 already exists
Loading Concepts
Loading DataStructures
DS ABS:ABS_ACLD_LFSTATUS:1.0
Loading Dataflows
Loading Codelists
Codelist: ABS:CL_ABS_ACLD_TENURE_SEX_ABS:1.0 already exists
Loading Concepts
Loading DataStructures
DS ABS:ABS_ACLD_TENURE:1.0
Loading Dataflows
Loading Codelists
Codelist: ABS:CL_ABS_ACLD_UNPAIDASST_SEX_ABS:1.0 already exists
Loading Concepts
Loading DataStructures
DS ABS:ABS_ACLD_UNPAIDASST:1.0
Loading Dataflows
Loading Codelists
Codelist: ABS:CL_ABS_ACLD_VOLWORK_SEX_ABS:1.0 already exists
Loading Concepts
Loading DataStructures
DS ABS:ABS_ACLD_VOLWORK:1.0
Loading Dataflows
Loading Codelists
Codelist: ABS:CL_AMLPS_PART_2017_MEASURE:1.0 already exists
Loading Concepts
Loading DataStructures
DS ABS:AMLPS_PART_2017:1.0
Loading Dataflows
Loading Codelists
Codelist: ABS:CL_AMLPS_RESP_2017_RESPONSE_CAT:1.0 already exists
Loading Concepts
Loading DataStructures
DS ABS:AMLPS_RESP_2017:1.0
Loading Dataflows
Loading Codelists
Codelist: ABS:CL_ABS_CENSUS2011_B01_MEASURE:1.0 already exists
Loading Concepts
Loading DataStructures
DS ABS:ABS_CENSUS2011_B01:1.0
Loading Dataflows
Loading Codelists
Codelist: ABS:CL_ABS_CENSUS2011_B01_LGA_MEASURE:1.0 already exists
Loading Concepts
Loading DataStructures
DS ABS:ABS_CENSUS2011_B01_LGA:1.0
Loading Dataflows
Loading Codelists
Codelist: ABS:CL_ABS_CENSUS2011_B01_SA1_SA_MEASURE:1.0 already exists
Loading Concepts
Loading DataStructures
DS ABS:ABS_CENSUS2011_B01_SA1_SA:1.0
Loading Dataflows
Loading Codelists
Codelist: ABS:CL_ABS_CENSUS2011_B02_MEASURE:1.0 already exists
Loading Concepts
Loading DataStructures
DS ABS:ABS_CENSUS2011_B02:1.0
Loading Dataflows
Loading Codelists
Codelist: ABS:CL_ABS_CENSUS2011_B02_LGA_MEASURE:1.0 already exists
Loading Concepts
Loading DataStructures
DS ABS:ABS_CENSUS2011_B02_LGA:1.0
Loading Dataflows
Loading Codelists
Codelist: ABS:CL_ABS_CENSUS2011_B02_SA1_SA_MEASURE:1.0 already exists
Loading Concepts
Loading DataStructures
DS ABS:ABS_CENSUS2011_B02_SA1_SA:1.0
Loading Dataflows
Loading Codelists
Codelist: ABS:CL_ABS_CENSUS2011_B03_LGA_MEASURE:1.0 already exists
Loading Concepts
Loading DataStructures
DS ABS:ABS_CENSUS2011_B03_LGA:1.0
Loading Dataflows
Loading Codelists
Codelist: ABS:CL_ABS_CENSUS2011_B03_MEASURE:1.0 already exists
Loading Concepts
Loading DataStructures
DS ABS:ABS_CENSUS2011_B03:1.0
Loading Dataflows
Loading Codelists
Codelist: ABS:CL_ABS_CENSUS2011_B03_SA1_SA_MEASURE:1.0 already exists
Loading Concepts
Loading DataStructures
DS ABS:ABS_CENSUS2011_B03_SA1_SA:1.0
Loading Dataflows
Loading Codelists
Codelist: ABS:CL_ABS_CENSUS2011_B04_MEASURE:1.0 already exists
Loading Concepts
Loading DataStructures
DS ABS:ABS_CENSUS2011_B04:1.0
Loading Dataflows
Loading Codelists
Codelist: ABS:CL_ABS_CENSUS2011_B04_LGA_MEASURE:1.0 already exists
Loading Concepts
Loading DataStructures
DS ABS:ABS_CENSUS2011_B04_LGA:1.0
Loading Dataflows
Loading Codelists
Codelist: ABS:CL_ABS_CENSUS2011_B04_SA1_SA_MEASURE:1.0 already exists
Loading Concepts
Loading DataStructures
DS ABS:ABS_CENSUS2011_B04_SA1_SA:1.0
Loading Dataflows
Loading Codelists
Codelist: ABS:CL_ABS_CENSUS2011_B05_MEASURE:1.0 already exists
Loading Concepts
Loading DataStructures
DS ABS:ABS_CENSUS2011_B05:1.0
Loading Dataflows
Loading Codelists
Codelist: ABS:CL_ABS_CENSUS2011_B05_LGA_MEASURE:1.0 already exists
Loading Concepts
Loading DataStructures
DS ABS:ABS_CENSUS2011_B05_LGA:1.0
Loading Dataflows
Loading Codelists
Codelist: ABS:CL_ABS_CENSUS2011_B05_SA1_SA_MEASURE:1.0 already exists
Loading Concepts
Loading DataStructures
DS ABS:ABS_CENSUS2011_B05_SA1_SA:1.0
Loading Dataflows
Loading Codelists
Codelist: ABS:CL_ABS_CENSUS2011_B06_MEASURE:1.0 already exists
Loading Concepts
Loading DataStructures
DS ABS:ABS_CENSUS2011_B06:1.0
Loading Dataflows
Loading Codelists
Codelist: ABS:CL_ABS_CENSUS2011_B06_LGA_MEASURE:1.0 already exists
Loading Concepts
Loading DataStructures
DS ABS:ABS_CENSUS2011_B06_LGA:1.0
Loading Dataflows
Loading Codelists
Codelist: ABS:CL_ABS_CENSUS2011_B06_SA1_SA_MEASURE:1.0 already exists
Loading Concepts
Loading DataStructures
DS ABS:ABS_CENSUS2011_B06_SA1_SA:1.0
Loading Dataflows
Loading Codelists
Codelist: ABS:CL_ABS_CENSUS2011_B07_MEASURE:1.0 already exists
Loading Concepts
Loading DataStructures
DS ABS:ABS_CENSUS2011_B07:1.0
Loading Dataflows
Loading Codelists
Codelist: ABS:CL_ABS_CENSUS2011_B07_LGA_MEASURE:1.0 already exists
Loading Concepts
Loading DataStructures
DS ABS:ABS_CENSUS2011_B07_LGA:1.0
Loading Dataflows
Loading Codelists
Codelist: ABS:CL_ABS_CENSUS2011_B07_SA1_SA_MEASURE:1.0 already exists
Loading Concepts
Loading DataStructures
DS ABS:ABS_CENSUS2011_B07_SA1_SA:1.0
Loading Dataflows
Loading Codelists
Codelist: ABS:CL_ABS_CENSUS2011_B08_MEASURE:1.0 already exists
Loading Concepts
Loading DataStructures
DS ABS:ABS_CENSUS2011_B08:1.0
Loading Dataflows
Loading Codelists
Codelist: ABS:CL_ABS_CENSUS2011_B08_LGA_MEASURE:1.0 already exists
Loading Concepts
Loading DataStructures
DS ABS:ABS_CENSUS2011_B08_LGA:1.0
Loading Dataflows
Loading Codelists
Codelist: ABS:CL_ABS_CENSUS2011_B08_SA1_SA_MEASURE:1.0 already exists
Loading Concepts
Loading DataStructures
DS ABS:ABS_CENSUS2011_B08_SA1_SA:1.0
Loading Dataflows
Loading Codelists
Codelist: ABS:CL_ABS_CENSUS2011_B09_MEASURE:1.0 already exists
Loading Concepts
Loading DataStructures
DS ABS:ABS_CENSUS2011_B09:1.0
Loading Dataflows
Loading Codelists
Codelist: ABS:CL_ABS_CENSUS2011_B09_LGA_MEASURE:1.0 already exists
Loading Concepts
Loading DataStructures
DS ABS:ABS_CENSUS2011_B09_LGA:1.0
Loading Dataflows
Loading Codelists
Codelist: ABS:CL_ABS_CENSUS2011_B09_SA1_SA_MEASURE:1.0 already exists
Loading Concepts
Loading DataStructures
DS ABS:ABS_CENSUS2011_B09_SA1_SA:1.0
Loading Dataflows
Loading Codelists
Codelist: ABS:CL_ABS_CENSUS2011_B10_MEASURE:1.0 already exists
Loading Concepts
Loading DataStructures
DS ABS:ABS_CENSUS2011_B10:1.0
Loading Dataflows
Loading Codelists
Codelist: ABS:CL_ABS_CENSUS2011_B10_LGA_MEASURE:1.0 already exists
Loading Concepts
Loading DataStructures
DS ABS:ABS_CENSUS2011_B10_LGA:1.0
Loading Dataflows
Loading Codelists
Codelist: ABS:CL_ABS_CENSUS2011_B10_SA1_SA_MEASURE:1.0 already exists
Loading Concepts
Loading DataStructures
DS ABS:ABS_CENSUS2011_B10_SA1_SA:1.0
Loading Dataflows
Loading Codelists
Codelist: ABS:CL_ABS_CENSUS2011_B11_MEASURE:1.0 already exists
Loading Concepts
Loading DataStructures
DS ABS:ABS_CENSUS2011_B11:1.0
Loading Dataflows
Loading Codelists
Codelist: ABS:CL_ABS_CENSUS2011_B11_LGA_MEASURE:1.0 already exists
Loading Concepts
Loading DataStructures
DS ABS:ABS_CENSUS2011_B11_LGA:1.0
Loading Dataflows
Loading Codelists
Codelist: ABS:CL_ABS_CENSUS2011_B11_SA1_SA_MEASURE:1.0 already exists
Loading Concepts
Loading DataStructures
DS ABS:ABS_CENSUS2011_B11_SA1_SA:1.0
Loading Dataflows
Loading Codelists
Codelist: ABS:CL_ABS_CENSUS2011_B12_MEASURE:1.0 already exists
Loading Concepts
Loading DataStructures
DS ABS:ABS_CENSUS2011_B12:1.0
Loading Dataflows
Loading Codelists
Codelist: ABS:CL_ABS_CENSUS2011_B12_LGA_MEASURE:1.0 already exists
Loading Concepts
Loading DataStructures
DS ABS:ABS_CENSUS2011_B12_LGA:1.0
Loading Dataflows
Loading Codelists
Codelist: ABS:CL_ABS_CENSUS2011_B12_SA1_SA_MEASURE:1.0 already exists
Loading Concepts
Loading DataStructures
DS ABS:ABS_CENSUS2011_B12_SA1_SA:1.0
Loading Dataflows
Loading Codelists
Codelist: ABS:CL_ABS_CENSUS2011_B13_MEASURE:1.0 already exists
Loading Concepts
Loading DataStructures
DS ABS:ABS_CENSUS2011_B13:1.0
Loading Dataflows
Loading Codelists
Loading Concepts
Loading DataStructures
DS ABS:ABS_CENSUS2011_B13_LGA:1.0
Reference
Agency:ABS
MID:STANDALONE_CONCEPT_SCHEME
MVers:null
ID:LANP
Vers:1.0
Class:Concept
Pack:conceptscheme
Reference
Agency:ABS
MID:STANDALONE_CONCEPT_SCHEME
MVers:null
ID:STATE
Vers:1.0
Class:Concept
Pack:conceptscheme
Reference
Agency:ABS
MID:STANDALONE_CONCEPT_SCHEME
MVers:null
ID:REGIONTYPE
Vers:1.0
Class:Concept
Pack:conceptscheme
Reference
Agency:ABS
MID:STANDALONE_CONCEPT_SCHEME
MVers:null
ID:REGION
Vers:1.0
Class:Concept
Pack:conceptscheme
Reference
Agency:ABS
MID:STANDALONE_CONCEPT_SCHEME
MVers:null
ID:FREQUENCY
Vers:1.0
Class:Concept
Pack:conceptscheme
Reference
Agency:ABS
MID:STANDALONE_CONCEPT_SCHEME
MVers:null
ID:TIME
Vers:1.0
Class:Concept
Pack:conceptscheme
Reference
Agency:ABS
MID:STANDALONE_CONCEPT_SCHEME
MVers:null
ID:MEASURE
Vers:1.0
Class:Concept
Pack:conceptscheme
Reference
Agency:ABS
MID:STANDALONE_CONCEPT_SCHEME
MVers:null
ID:OBS_STATUS
Vers:1.0
Class:Concept
Pack:conceptscheme
Reference
Agency:ABS
MID:STANDALONE_CONCEPT_SCHEME
MVers:null
ID:TIME_FORMAT
Vers:1.0
Class:Concept
Pack:conceptscheme
Reference
Agency:ABS
MID:STANDALONE_CONCEPT_SCHEME
MVers:null
ID:OBS_VALUE
Vers:1.0
Class:Concept
Pack:conceptscheme
Loading Dataflows
Loading: B13 Language Spoken at Home by Sex(SA1 SA)
Header=&lt;message:Structure xmlns=&quot;http://www.SDMX.org/resources/SDMXML/schemas/v2_0/structure&quot; xmlns:common=&quot;http://www.SDMX.org/resources/SDMXML/schemas/v2_0/common&quot; xsi:schemaLocation=&quot;http://www.SDMX.org/resources/SDMXML/schemas/v2_0/structure http://www.sdmx.org/docs/2_0/SDMXStructure.xsd http://www.SDMX.org/resources/SDMXML/schemas/v2_0/message http://www.sdmx.org/docs/2_0/SDMXMessage.xsd&quot; xmlns:xsi=&quot;http://www.w3.org/2001/XMLSchema-instance&quot; xmlns:message=&quot;http://www.SDMX.org/resources/SDMXML/schemas/v2_0/message&quot;&gt;&lt;Header xmlns=&quot;http://www.SDMX.org/resources/SDMXML/schemas/v2_0/message&quot;&gt;&lt;ID&gt;none&lt;!--Statistical usage warning
ABS.Stat beta is continuing to be developed.  Data will be updated as soon as possible following its 11:30 am release on the ABS website.
--&gt;&lt;/ID&gt;&lt;Test&gt;false&lt;/Test&gt;&lt;Truncated&gt;false&lt;/Truncated&gt;&lt;Prepared&gt;2020-03-17T01:23:46&lt;/Prepared&gt;&lt;Sender id=&quot;ABS&quot;&gt;&lt;Name xml:lang=&quot;en&quot;&gt;Australian Bureau of Statistics&lt;/Name&gt;&lt;Name xml:lang=&quot;fr&quot;&gt;Australian Bureau of Statistics&lt;/Name&gt;&lt;/Sender&gt;&lt;/Header&gt;&lt;message:CodeLists&gt;&lt;CodeList id=&quot;CL_ABS_CENSUS2011_B13_SA1_SA_MEASURE&quot; agencyID=&quot;ABS&quot;&gt;&lt;Name xml:lang=&quot;en&quot;&gt;Sex&lt;/Name&gt;&lt;Name xml:lang=&quot;fr&quot;&gt;Sex&lt;/Name&gt;&lt;Code value=&quot;1&quot; parentCode=&quot;3&quot;&gt;&lt;Description xml:lang=&quot;en&quot;&gt;Males&lt;/Description&gt;&lt;Description xml:lang=&quot;fr&quot;&gt;Males&lt;/Description&gt;&lt;/Code&gt;&lt;Code value=&quot;3&quot;&gt;&lt;Description xml:lang=&quot;en&quot;&gt;Persons&lt;/Description&gt;&lt;Description xml:lang=&quot;fr&quot;&gt;Persons&lt;/Description&gt;&lt;/Code&gt;&lt;Code value=&quot;2&quot; parentCode=&quot;3&quot;&gt;&lt;Description xml:lang=&quot;en&quot;&gt;Females&lt;/Description&gt;&lt;Description xml:lang=&quot;fr&quot;&gt;Females&lt;/Description&gt;&lt;/Code&gt;&lt;/CodeList&gt;&lt;CodeList id=&quot;CL_ABS_CENSUS2011_B13_SA1_SA_LANP&quot; agencyID=&quot;ABS&quot;&gt;&lt;Name xml:lang=&quot;en&quot;&gt;Language Spoken at Home&lt;/Name&gt;&lt;Name xml:lang=&quot;fr&quot;&gt;Language Spoken at Home&lt;/Name&gt;&lt;Code value=&quot;TOT&quot;&gt;&lt;Description xml:lang=&quot;en&quot;&gt;Total&lt;/Description&gt;&lt;Description xml:lang=&quot;fr&quot;&gt;Total&lt;/Description&gt;&lt;/Code&gt;&lt;Code value=&quot;7101&quot; parentCode=&quot;71&quot;&gt;&lt;Description xml:lang=&quot;en&quot;&gt;Cantonese&lt;/Description&gt;&lt;Description xml:lang=&quot;fr&quot;&gt;Cantonese&lt;/Description&gt;&lt;/Code&gt;&lt;Code value=&quot;71&quot; parentCode=&quot;LOTE&quot;&gt;&lt;Description xml:lang=&quot;en&quot;&gt;Chinese languages total&lt;/Description&gt;&lt;Description xml:lang=&quot;fr&quot;&gt;Chinese languages total&lt;/Description&gt;&lt;/Code&gt;&lt;Code value=&quot;LOTE&quot; parentCode=&quot;TOT&quot;&gt;&lt;Description xml:lang=&quot;en&quot;&gt;Speaks other language total&lt;/Description&gt;&lt;Description xml:lang=&quot;fr&quot;&gt;Speaks other language total&lt;/Description&gt;&lt;/Code&gt;&lt;Code value=&quot;7104&quot; parentCode=&quot;71&quot;&gt;&lt;Description xml:lang=&quot;en&quot;&gt;Mandarin&lt;/Description&gt;&lt;Description xml:lang=&quot;fr&quot;&gt;Mandarin&lt;/Description&gt;&lt;/Code&gt;&lt;Code value=&quot;7100&quot; parentCode=&quot;71&quot;&gt;&lt;Description xml:lang=&quot;en&quot;&gt;Other(b)&lt;/Description&gt;&lt;Description xml:lang=&quot;fr&quot;&gt;Other(b)&lt;/Description&gt;&lt;/Code&gt;&lt;Code value=&quot;5201&quot; parentCode=&quot;52&quot;&gt;&lt;Description xml:lang=&quot;en&quot;&gt;Bengali&lt;/Description&gt;&lt;Description xml:lang=&quot;fr&quot;&gt;Bengali&lt;/Description&gt;&lt;/Code&gt;&lt;Code value=&quot;52&quot; parentCode=&quot;LOTE&quot;&gt;&lt;Description xml:lang=&quot;en&quot;&gt;Indo-Aryan LanguagesTotal&lt;/Description&gt;&lt;Description xml:lang=&quot;fr&quot;&gt;Indo-Aryan LanguagesTotal&lt;/Description&gt;&lt;/Code&gt;&lt;Code value=&quot;5203&quot; parentCode=&quot;52&quot;&gt;&lt;Description xml:lang=&quot;en&quot;&gt;Hindi&lt;/Description&gt;&lt;Description xml:lang=&quot;fr&quot;&gt;Hindi&lt;/Description&gt;&lt;/Code&gt;&lt;Code value=&quot;5207&quot; parentCode=&quot;52&quot;&gt;&lt;Description xml:lang=&quot;en&quot;&gt;Punjabi&lt;/Description&gt;&lt;Description xml:lang=&quot;fr&quot;&gt;Punjabi&lt;/Description&gt;&lt;/Code&gt;&lt;Code value=&quot;5211&quot; parentCode=&quot;52&quot;&gt;&lt;Description xml:lang=&quot;en&quot;&gt;Sinhalese&lt;/Description&gt;&lt;Description xml:lang=&quot;fr&quot;&gt;Sinhalese&lt;/Description&gt;&lt;/Code&gt;&lt;Code value=&quot;5212&quot; parentCode=&quot;52&quot;&gt;&lt;Description xml:lang=&quot;en&quot;&gt;Urdu&lt;/Description&gt;&lt;Description xml:lang=&quot;fr&quot;&gt;Urdu&lt;/Description&gt;&lt;/Code&gt;&lt;Code value=&quot;5200&quot; parentCode=&quot;52&quot;&gt;&lt;Description xml:lang=&quot;en&quot;&gt;Other(c)&lt;/Description&gt;&lt;Description xml:lang=&quot;fr&quot;&gt;Other(c)&lt;/Description&gt;&lt;/Code&gt;&lt;Code value=&quot;4105&quot; parentCode=&quot;41&quot;&gt;&lt;Description xml:lang=&quot;en&quot;&gt;Dari&lt;/Description&gt;&lt;Description xml:lang=&quot;fr&quot;&gt;Dari&lt;/Description&gt;&lt;/Code&gt;&lt;Code value=&quot;41&quot; parentCode=&quot;LOTE&quot;&gt;&lt;Description xml:lang=&quot;en&quot;&gt;Iranic Languages total&lt;/Description&gt;&lt;Description xml:lang=&quot;fr&quot;&gt;Iranic Languages total&lt;/Description&gt;&lt;/Code&gt;&lt;Code value=&quot;4106&quot; parentCode=&quot;41&quot;&gt;&lt;Description xml:lang=&quot;en&quot;&gt;Persian (excluding Dari)&lt;/Description&gt;&lt;Description xml:lang=&quot;fr&quot;&gt;Persian (excluding Dari)&lt;/Description&gt;&lt;/Code&gt;&lt;Code value=&quot;4100&quot; parentCode=&quot;41&quot;&gt;&lt;Description xml:lang=&quot;en&quot;&gt;Other(d)&lt;/Description&gt;&lt;Description xml:lang=&quot;fr&quot;&gt;Other(d)&lt;/Description&gt;&lt;/Code&gt;&lt;Code value=&quot;6512&quot; parentCode=&quot;65&quot;&gt;&lt;Description xml:lang=&quot;en&quot;&gt;Filipino &lt;/Description&gt;&lt;Description xml:lang=&quot;fr&quot;&gt;Filipino &lt;/Description&gt;&lt;/Code&gt;&lt;Code value=&quot;65&quot; parentCode=&quot;LOTE&quot;&gt;&lt;Description xml:lang=&quot;en&quot;&gt;Southeast Asian Austronesian Languages total&lt;/Description&gt;&lt;Description xml:lang=&quot;fr&quot;&gt;Southeast Asian Austronesian Languages total&lt;/Description&gt;&lt;/Code&gt;&lt;Code value=&quot;6504&quot; parentCode=&quot;65&quot;&gt;&lt;Description xml:lang=&quot;en&quot;&gt;Indonesian&lt;/Description&gt;&lt;Description xml:lang=&quot;fr&quot;&gt;Indonesian&lt;/Description&gt;&lt;/Code&gt;&lt;Code value=&quot;6511&quot; parentCode=&quot;65&quot;&gt;&lt;Description xml:lang=&quot;en&quot;&gt;Tagalog&lt;/Description&gt;&lt;Description xml:lang=&quot;fr&quot;&gt;Tagalog&lt;/Description&gt;&lt;/Code&gt;&lt;Code value=&quot;6500&quot; parentCode=&quot;65&quot;&gt;&lt;Description xml:lang=&quot;en&quot;&gt;Other (e)&lt;/Description&gt;&lt;Description xml:lang=&quot;fr&quot;&gt;Other (e)&lt;/Description&gt;&lt;/Code&gt;&lt;Code value=&quot;4202&quot; parentCode=&quot;LOTE&quot;&gt;&lt;Description xml:lang=&quot;en&quot;&gt;Arabic&lt;/Description&gt;&lt;Description xml:lang=&quot;fr&quot;&gt;Arabic&lt;/Description&gt;&lt;/Code&gt;&lt;Code value=&quot;4206&quot; parentCode=&quot;LOTE&quot;&gt;&lt;Description xml:lang=&quot;en&quot;&gt;Assyrian&lt;/Description&gt;&lt;Description xml:lang=&quot;fr&quot;&gt;Assyrian&lt;/Description&gt;&lt;/Code&gt;&lt;Code value=&quot;8&quot; parentCode=&quot;LOTE&quot;&gt;&lt;Description xml:lang=&quot;en&quot;&gt;Australian Indigenous Languages &lt;/Description&gt;&lt;Description xml:lang=&quot;fr&quot;&gt;Australian Indigenous Languages &lt;/Description&gt;&lt;/Code&gt;&lt;Code value=&quot;3503&quot; parentCode=&quot;LOTE&quot;&gt;&lt;Description xml:lang=&quot;en&quot;&gt;Croatian&lt;/Description&gt;&lt;Description xml:lang=&quot;fr&quot;&gt;Croatian&lt;/Description&gt;&lt;/Code&gt;&lt;Code value=&quot;1401&quot; parentCode=&quot;LOTE&quot;&gt;&lt;Description xml:lang=&quot;en&quot;&gt;Dutch&lt;/Description&gt;&lt;Description xml:lang=&quot;fr&quot;&gt;Dutch&lt;/Description&gt;&lt;/Code&gt;&lt;Code value=&quot;2101&quot; parentCode=&quot;LOTE&quot;&gt;&lt;Description xml:lang=&quot;en&quot;&gt;French&lt;/Description&gt;&lt;Description xml:lang=&quot;fr&quot;&gt;French&lt;/Description&gt;&lt;/Code&gt;&lt;Code value=&quot;1301&quot; parentCode=&quot;LOTE&quot;&gt;&lt;Description xml:lang=&quot;en&quot;&gt;German&lt;/Description&gt;&lt;Description xml:lang=&quot;fr&quot;&gt;German&lt;/Description&gt;&lt;/Code&gt;&lt;Code value=&quot;2201&quot; parentCode=&quot;LOTE&quot;&gt;&lt;Description xml:lang=&quot;en&quot;&gt;Greek&lt;/Description&gt;&lt;Description xml:lang=&quot;fr&quot;&gt;Greek&lt;/Description&gt;&lt;/Code&gt;&lt;Code value=&quot;3301&quot; parentCode=&quot;LOTE&quot;&gt;&lt;Description xml:lang=&quot;en&quot;&gt;Hungarian&lt;/Description&gt;&lt;Description xml:lang=&quot;fr&quot;&gt;Hungarian&lt;/Description&gt;&lt;/Code&gt;&lt;Code value=&quot;2401&quot; parentCode=&quot;LOTE&quot;&gt;&lt;Description xml:lang=&quot;en&quot;&gt;Italian&lt;/Description&gt;&lt;Description xml:lang=&quot;fr&quot;&gt;Italian&lt;/Description&gt;&lt;/Code&gt;&lt;Code value=&quot;7201&quot; parentCode=&quot;LOTE&quot;&gt;&lt;Description xml:lang=&quot;en&quot;&gt;Japanese&lt;/Description&gt;&lt;Description xml:lang=&quot;fr&quot;&gt;Japanese&lt;/Description&gt;&lt;/Code&gt;&lt;Code value=&quot;6301&quot; parentCode=&quot;LOTE&quot;&gt;&lt;Description xml:lang=&quot;en&quot;&gt;Khmer&lt;/Description&gt;&lt;Description xml:lang=&quot;fr&quot;&gt;Khmer&lt;/Description&gt;&lt;/Code&gt;&lt;Code value=&quot;7301&quot; parentCode=&quot;LOTE&quot;&gt;&lt;Description xml:lang=&quot;en&quot;&gt;Korean&lt;/Description&gt;&lt;Description xml:lang=&quot;fr&quot;&gt;Korean&lt;/Description&gt;&lt;/Code&gt;&lt;Code value=&quot;3504&quot; parentCode=&quot;LOTE&quot;&gt;&lt;Description xml:lang=&quot;en&quot;&gt;Macedonian&lt;/Description&gt;&lt;Description xml:lang=&quot;fr&quot;&gt;Macedonian&lt;/Description&gt;&lt;/Code&gt;&lt;Code value=&quot;2501&quot; parentCode=&quot;LOTE&quot;&gt;&lt;Description xml:lang=&quot;en&quot;&gt;Maltese&lt;/Description&gt;&lt;Description xml:lang=&quot;fr&quot;&gt;Maltese&lt;/Description&gt;&lt;/Code&gt;&lt;Code value=&quot;3602&quot; parentCode=&quot;LOTE&quot;&gt;&lt;Description xml:lang=&quot;en&quot;&gt;Polish&lt;/Description&gt;&lt;Description xml:lang=&quot;fr&quot;&gt;Polish&lt;/Description&gt;&lt;/Code&gt;&lt;Code value=&quot;2302&quot; parentCode=&quot;LOTE&quot;&gt;&lt;Description xml:lang=&quot;en&quot;&gt;Portuguese&lt;/Description&gt;&lt;Description xml:lang=&quot;fr&quot;&gt;Portuguese&lt;/Description&gt;&lt;/Code&gt;&lt;Code value=&quot;3402&quot; parentCode=&quot;LOTE&quot;&gt;&lt;Description xml:lang=&quot;en&quot;&gt;Russian&lt;/Description&gt;&lt;Description xml:lang=&quot;fr&quot;&gt;Russian&lt;/Description&gt;&lt;/Code&gt;&lt;Code value=&quot;9308&quot; parentCode=&quot;LOTE&quot;&gt;&lt;Description xml:lang=&quot;en&quot;&gt;Samoan&lt;/Description&gt;&lt;Description xml:lang=&quot;fr&quot;&gt;Samoan&lt;/Description&gt;&lt;/Code&gt;&lt;Code value=&quot;3507&quot; parentCode=&quot;LOTE&quot;&gt;&lt;Description xml:lang=&quot;en&quot;&gt;Serbian&lt;/Description&gt;&lt;Description xml:lang=&quot;fr&quot;&gt;Serbian&lt;/Description&gt;&lt;/Code&gt;&lt;Code value=&quot;2303&quot; parentCode=&quot;LOTE&quot;&gt;&lt;Description xml:lang=&quot;en&quot;&gt;Spanish&lt;/Description&gt;&lt;Description xml:lang=&quot;fr&quot;&gt;Spanish&lt;/Description&gt;&lt;/Code&gt;&lt;Code value=&quot;5103&quot; parentCode=&quot;LOTE&quot;&gt;&lt;Description xml:lang=&quot;en&quot;&gt;Tamil&lt;/Description&gt;&lt;Description xml:lang=&quot;fr&quot;&gt;Tamil&lt;/Description&gt;&lt;/Code&gt;&lt;Code value=&quot;6402&quot; parentCode=&quot;LOTE&quot;&gt;&lt;Description xml:lang=&quot;en&quot;&gt;Thai&lt;/Descript
Input 1 does not match Pattern:[A-z][A-z0-9_\-]* for class:NCNameID
Input 3 does not match Pattern:[A-z][A-z0-9_\-]* for class:NCNameID
Input 2 does not match Pattern:[A-z][A-z0-9_\-]* for class:NCNameID
Loading Codelists
Codelist: ABS:CL_ATSI_BIRTHS_SUMM_MEASURE:1.0 already exists
Loading Concepts
Loading DataStructures
DS ABS:ATSI_BIRTHS_SUMM:1.0
Loading Dataflows
Loading Codelists
Codelist: ABS:CL_ATSI_FERTILITY_MEASURE:1.0 already exists
Loading Concepts
Loading DataStructures
DS ABS:ATSI_FERTILITY:1.0
Loading Dataflows
Loading Codelists
Codelist: ABS:CL_ALC_TYP:1.0 already exists
Loading Concepts
Loading DataStructures
DS ABS:ALC:1.0
Loading Dataflows
Loading Codelists
Codelist: ABS:CL_ABS_ACLD_LFSTATUS_SEX_ABS:1.0 already exists
Loading Concepts
Loading DataStructures
DS ABS:ABS_ACLD_LFSTATUS:1.0
Loading Dataflows
Loading Codelists
Codelist: ABS:CL_ABS_ACLD_TENURE_SEX_ABS:1.0 already exists
Loading Concepts
Loading DataStructures
DS ABS:ABS_ACLD_TENURE:1.0
Loading Dataflows
Loading Codelists
Codelist: ABS:CL_ABS_ACLD_UNPAIDASST_SEX_ABS:1.0 already exists
Loading Concepts
Loading DataStructures
DS ABS:ABS_ACLD_UNPAIDASST:1.0
Loading Dataflows
Loading Codelists
Codelist: ABS:CL_ABS_ACLD_VOLWORK_SEX_ABS:1.0 already exists
Loading Concepts
Loading DataStructures
DS ABS:ABS_ACLD_VOLWORK:1.0
Loading Dataflows
Loading Codelists
Codelist: ABS:CL_AMLPS_PART_2017_MEASURE:1.0 already exists
Loading Concepts
Loading DataStructures
DS ABS:AMLPS_PART_2017:1.0
Loading Dataflows
Loading Codelists
Codelist: ABS:CL_AMLPS_RESP_2017_RESPONSE_CAT:1.0 already exists
Loading Concepts
Loading DataStructures
DS ABS:AMLPS_RESP_2017:1.0
Loading Dataflows
Loading Codelists
Codelist: ABS:CL_ABS_CENSUS2011_B01_MEASURE:1.0 already exists
Loading Concepts
Loading DataStructures
DS ABS:ABS_CENSUS2011_B01:1.0
Loading Dataflows
Loading Codelists
Codelist: ABS:CL_ABS_CENSUS2011_B01_LGA_MEASURE:1.0 already exists
Loading Concepts
Loading DataStructures
DS ABS:ABS_CENSUS2011_B01_LGA:1.0
Loading Dataflows
Loading Codelists
Codelist: ABS:CL_ABS_CENSUS2011_B01_SA1_SA_MEASURE:1.0 already exists
Loading Concepts
Loading DataStructures
DS ABS:ABS_CENSUS2011_B01_SA1_SA:1.0
Loading Dataflows
Loading Codelists
Codelist: ABS:CL_ABS_CENSUS2011_B02_MEASURE:1.0 already exists
Loading Concepts
Loading DataStructures
DS ABS:ABS_CENSUS2011_B02:1.0
Loading Dataflows
Loading Codelists
Codelist: ABS:CL_ABS_CENSUS2011_B02_LGA_MEASURE:1.0 already exists
Loading Concepts
Loading DataStructures
DS ABS:ABS_CENSUS2011_B02_LGA:1.0
Loading Dataflows
Loading Codelists
Codelist: ABS:CL_ABS_CENSUS2011_B02_SA1_SA_MEASURE:1.0 already exists
Loading Concepts
Loading DataStructures
DS ABS:ABS_CENSUS2011_B02_SA1_SA:1.0
Loading Dataflows
Loading Codelists
Codelist: ABS:CL_ABS_CENSUS2011_B03_LGA_MEASURE:1.0 already exists
Loading Concepts
Loading DataStructures
DS ABS:ABS_CENSUS2011_B03_LGA:1.0
Loading Dataflows
Loading Codelists
Codelist: ABS:CL_ABS_CENSUS2011_B03_MEASURE:1.0 already exists
Loading Concepts
Loading DataStructures
DS ABS:ABS_CENSUS2011_B03:1.0
Loading Dataflows
Loading Codelists
Codelist: ABS:CL_ABS_CENSUS2011_B03_SA1_SA_MEASURE:1.0 already exists
Loading Concepts
Loading DataStructures
DS ABS:ABS_CENSUS2011_B03_SA1_SA:1.0
Loading Dataflows
Loading Codelists
Codelist: ABS:CL_ABS_CENSUS2011_B04_MEASURE:1.0 already exists
Loading Concepts
Loading DataStructures
DS ABS:ABS_CENSUS2011_B04:1.0
Loading Dataflows
Loading Codelists
Codelist: ABS:CL_ABS_CENSUS2011_B04_LGA_MEASURE:1.0 already exists
Loading Concepts
Loading DataStructures
DS ABS:ABS_CENSUS2011_B04_LGA:1.0
Loading Dataflows
Loading Codelists
Codelist: ABS:CL_ABS_CENSUS2011_B04_SA1_SA_MEASURE:1.0 already exists
Loading Concepts
Loading DataStructures
DS ABS:ABS_CENSUS2011_B04_SA1_SA:1.0
Loading Dataflows
Loading Codelists
Codelist: ABS:CL_ABS_CENSUS2011_B05_MEASURE:1.0 already exists
Loading Concepts
Loading DataStructures
DS ABS:ABS_CENSUS2011_B05:1.0
Loading Dataflows
Loading Codelists
Codelist: ABS:CL_ABS_CENSUS2011_B05_LGA_MEASURE:1.0 already exists
Loading Concepts
Loading DataStructures
DS ABS:ABS_CENSUS2011_B05_LGA:1.0
Loading Dataflows
Loading Codelists
Codelist: ABS:CL_ABS_CENSUS2011_B05_SA1_SA_MEASURE:1.0 already exists
Loading Concepts
Loading DataStructures
DS ABS:ABS_CENSUS2011_B05_SA1_SA:1.0
Loading Dataflows
Loading Codelists
Codelist: ABS:CL_ABS_CENSUS2011_B06_MEASURE:1.0 already exists
Loading Concepts
Loading DataStructures
DS ABS:ABS_CENSUS2011_B06:1.0
Loading Dataflows
Loading Codelists
Codelist: ABS:CL_ABS_CENSUS2011_B06_LGA_MEASURE:1.0 already exists
Loading Concepts
Loading DataStructures
DS ABS:ABS_CENSUS2011_B06_LGA:1.0
Loading Dataflows
Loading Codelists
Codelist: ABS:CL_ABS_CENSUS2011_B06_SA1_SA_MEASURE:1.0 already exists
Loading Concepts
Loading DataStructures
DS ABS:ABS_CENSUS2011_B06_SA1_SA:1.0
Loading Dataflows
Loading Codelists
Codelist: ABS:CL_ABS_CENSUS2011_B07_MEASURE:1.0 already exists
Loading Concepts
Loading DataStructures
DS ABS:ABS_CENSUS2011_B07:1.0
Loading Dataflows
Loading Codelists
Codelist: ABS:CL_ABS_CENSUS2011_B07_LGA_MEASURE:1.0 already exists
Loading Concepts
Loading DataStructures
DS ABS:ABS_CENSUS2011_B07_LGA:1.0
Loading Dataflows
Loading Codelists
Codelist: ABS:CL_ABS_CENSUS2011_B07_SA1_SA_MEASURE:1.0 already exists
Loading Concepts
Loading DataStructures
DS ABS:ABS_CENSUS2011_B07_SA1_SA:1.0
Loading Dataflows
Loading Codelists
Codelist: ABS:CL_ABS_CENSUS2011_B08_MEASURE:1.0 already exists
Loading Concepts
Loading DataStructures
DS ABS:ABS_CENSUS2011_B08:1.0
Loading Dataflows
Loading Codelists
Codelist: ABS:CL_ABS_CENSUS2011_B08_LGA_MEASURE:1.0 already exists
Loading Concepts
Loading DataStructures
DS ABS:ABS_CENSUS2011_B08_LGA:1.0
Loading Dataflows
Loading Codelists
Codelist: ABS:CL_ABS_CENSUS2011_B08_SA1_SA_MEASURE:1.0 already exists
Loading Concepts
Loading DataStructures
DS ABS:ABS_CENSUS2011_B08_SA1_SA:1.0
Loading Dataflows
Loading Codelists
Codelist: ABS:CL_ABS_CENSUS2011_B09_MEASURE:1.0 already exists
Loading Concepts
Loading DataStructures
DS ABS:ABS_CENSUS2011_B09:1.0
Loading Dataflows
Loading Codelists
Codelist: ABS:CL_ABS_CENSUS2011_B09_LGA_MEASURE:1.0 already exists
Loading Concepts
Loading DataStructures
DS ABS:ABS_CENSUS2011_B09_LGA:1.0
Loading Dataflows
Loading Codelists
Codelist: ABS:CL_ABS_CENSUS2011_B09_SA1_SA_MEASURE:1.0 already exists
Loading Concepts
Loading DataStructures
DS ABS:ABS_CENSUS2011_B09_SA1_SA:1.0
Loading Dataflows
Loading Codelists
Codelist: ABS:CL_ABS_CENSUS2011_B10_MEASURE:1.0 already exists
Loading Concepts
Loading DataStructures
DS ABS:ABS_CENSUS2011_B10:1.0
Loading Dataflows
Loading Codelists
Codelist: ABS:CL_ABS_CENSUS2011_B10_LGA_MEASURE:1.0 already exists
Loading Concepts
Loading DataStructures
DS ABS:ABS_CENSUS2011_B10_LGA:1.0
Loading Dataflows
Loading Codelists
Codelist: ABS:CL_ABS_CENSUS2011_B10_SA1_SA_MEASURE:1.0 already exists
Loading Concepts
Loading DataStructures
DS ABS:ABS_CENSUS2011_B10_SA1_SA:1.0
Loading Dataflows
Loading Codelists
Codelist: ABS:CL_ABS_CENSUS2011_B11_MEASURE:1.0 already exists
Loading Concepts
Loading DataStructures
DS ABS:ABS_CENSUS2011_B11:1.0
Loading Dataflows
Loading Codelists
Codelist: ABS:CL_ABS_CENSUS2011_B11_LGA_MEASURE:1.0 already exists
Loading Concepts
Loading DataStructures
DS ABS:ABS_CENSUS2011_B11_LGA:1.0
Loading Dataflows
Loading Codelists
Codelist: ABS:CL_ABS_CENSUS2011_B11_SA1_SA_MEASURE:1.0 already exists
Loading Concepts
Loading DataStructures
DS ABS:ABS_CENSUS2011_B11_SA1_SA:1.0
Loading Dataflows
Loading Codelists
Codelist: ABS:CL_ABS_CENSUS2011_B12_MEASURE:1.0 already exists
Loading Concepts
Loading DataStructures
DS ABS:ABS_CENSUS2011_B12:1.0
Loading Dataflows
Loading Codelists
Codelist: ABS:CL_ABS_CENSUS2011_B12_LGA_MEASURE:1.0 already exists
Loading Concepts
Loading DataStructures
DS ABS:ABS_CENSUS2011_B12_LGA:1.0
Loading Dataflows
Loading Codelists
Codelist: ABS:CL_ABS_CENSUS2011_B12_SA1_SA_MEASURE:1.0 already exists
Loading Concepts
Loading DataStructures
DS ABS:ABS_CENSUS2011_B12_SA1_SA:1.0
Loading Dataflows
Loading Codelists
Codelist: ABS:CL_ABS_CENSUS2011_B13_MEASURE:1.0 already exists
Loading Concepts
Loading DataStructures
DS ABS:ABS_CENSUS2011_B13:1.0
Loading Dataflows
Loading Codelists
Codelist: ABS:CL_ABS_CENSUS2011_B13_LGA_MEASURE:1.0 already exists
Loading Concepts
Loading DataStructures
DS ABS:ABS_CENSUS2011_B13_LGA:1.0
Loading Dataflows
Loading Codelists
Loading Concepts
Loading DataStructures
DS ABS:ABS_CENSUS2011_B13_SA1_SA:1.0
Reference
Agency:ABS
MID:STANDALONE_CONCEPT_SCHEME
MVers:null
ID:LANP
Vers:1.0
Class:Concept
Pack:conceptscheme
Reference
Agency:ABS
MID:STANDALONE_CONCEPT_SCHEME
MVers:null
ID:STATE
Vers:1.0
Class:Concept
Pack:conceptscheme
Reference
Agency:ABS
MID:STANDALONE_CONCEPT_SCHEME
MVers:null
ID:REGIONTYPE
Vers:1.0
Class:Concept
Pack:conceptscheme
Reference
Agency:ABS
MID:STANDALONE_CONCEPT_SCHEME
MVers:null
ID:REGION
Vers:1.0
Class:Concept
Pack:conceptscheme
Reference
Agency:ABS
MID:STANDALONE_CONCEPT_SCHEME
MVers:null
ID:FREQUENCY
Vers:1.0
Class:Concept
Pack:conceptscheme
Reference
Agency:ABS
MID:STANDALONE_CONCEPT_SCHEME
MVers:null
ID:TIME
Vers:1.0
Class:Concept
Pack:conceptscheme
Reference
Agency:ABS
MID:STANDALONE_CONCEPT_SCHEME
MVers:null
ID:MEASURE
Vers:1.0
Class:Concept
Pack:conceptscheme
Reference
Agency:ABS
MID:STANDALONE_CONCEPT_SCHEME
MVers:null
ID:OBS_STATUS
Vers:1.0
Class:Concept
Pack:conceptscheme
Reference
Agency:ABS
MID:STANDALONE_CONCEPT_SCHEME
MVers:null
ID:TIME_FORMAT
Vers:1.0
Class:Concept
Pack:conceptscheme
Reference
Agency:ABS
MID:STANDALONE_CONCEPT_SCHEME
MVers:null
ID:OBS_VALUE
Vers:1.0
Class:Concept
Pack:conceptscheme
Loading Dataflows
Loading: B14 Religious Affiliation by Sex
Header=&lt;message:Structure xmlns=&quot;http://www.SDMX.org/resources/SDMXML/schemas/v2_0/structure&quot; xmlns:common=&quot;http://www.SDMX.org/resources/SDMXML/schemas/v2_0/common&quot; xsi:schemaLocation=&quot;http://www.SDMX.org/resources/SDMXML/schemas/v2_0/structure http://www.sdmx.org/docs/2_0/SDMXStructure.xsd http://www.SDMX.org/resources/SDMXML/schemas/v2_0/message http://www.sdmx.org/docs/2_0/SDMXMessage.xsd&quot; xmlns:xsi=&quot;http://www.w3.org/2001/XMLSchema-instance&quot; xmlns:message=&quot;http://www.SDMX.org/resources/SDMXML/schemas/v2_0/message&quot;&gt;&lt;Header xmlns=&quot;http://www.SDMX.org/resources/SDMXML/schemas/v2_0/message&quot;&gt;&lt;ID&gt;none&lt;!--Statistical usage warning
ABS.Stat beta is continuing to be developed.  Data will be updated as soon as possible following its 11:30 am release on the ABS website.
--&gt;&lt;/ID&gt;&lt;Test&gt;false&lt;/Test&gt;&lt;Truncated&gt;false&lt;/Truncated&gt;&lt;Prepared&gt;2020-03-17T01:26:06&lt;/Prepared&gt;&lt;Sender id=&quot;ABS&quot;&gt;&lt;Name xml:lang=&quot;en&quot;&gt;Australian Bureau of Statistics&lt;/Name&gt;&lt;Name xml:lang=&quot;fr&quot;&gt;Australian Bureau of Statistics&lt;/Name&gt;&lt;/Sender&gt;&lt;/Header&gt;&lt;message:CodeLists&gt;&lt;CodeList id=&quot;CL_ABS_CENSUS2011_B14_MEASURE&quot; agencyID=&quot;ABS&quot;&gt;&lt;Name xml:lang=&quot;en&quot;&gt;Sex&lt;/Name&gt;&lt;Name xml:lang=&quot;fr&quot;&gt;Sex&lt;/Name&gt;&lt;Code value=&quot;1&quot; parentCode=&quot;3&quot;&gt;&lt;Description xml:lang=&quot;en&quot;&gt;Males&lt;/Description&gt;&lt;Description xml:lang=&quot;fr&quot;&gt;Males&lt;/Description&gt;&lt;/Code&gt;&lt;Code value=&quot;3&quot;&gt;&lt;Description xml:lang=&quot;en&quot;&gt;Persons&lt;/Description&gt;&lt;Description xml:lang=&quot;fr&quot;&gt;Persons&lt;/Description&gt;&lt;/Code&gt;&lt;Code value=&quot;2&quot; parentCode=&quot;3&quot;&gt;&lt;Description xml:lang=&quot;en&quot;&gt;Females&lt;/Description&gt;&lt;Description xml:lang=&quot;fr&quot;&gt;Females&lt;/Description&gt;&lt;/Code&gt;&lt;/CodeList&gt;&lt;CodeList id=&quot;CL_ABS_CENSUS2011_B14_RELP&quot; agencyID=&quot;ABS&quot;&gt;&lt;Name xml:lang=&quot;en&quot;&gt;Religious Affiliation&lt;/Name&gt;&lt;Name xml:lang=&quot;fr&quot;&gt;Religious Affiliation&lt;/Name&gt;&lt;Code value=&quot;TOT&quot;&gt;&lt;Description xml:lang=&quot;en&quot;&gt;Total&lt;/Description&gt;&lt;Description xml:lang=&quot;fr&quot;&gt;Total&lt;/Description&gt;&lt;/Code&gt;&lt;Code value=&quot;201&quot; parentCode=&quot;2&quot;&gt;&lt;Description xml:lang=&quot;en&quot;&gt;Anglican&lt;/Description&gt;&lt;Description xml:lang=&quot;fr&quot;&gt;Anglican&lt;/Description&gt;&lt;/Code&gt;&lt;Code value=&quot;2&quot; parentCode=&quot;TOT&quot;&gt;&lt;Description xml:lang=&quot;en&quot;&gt;Christianity total&lt;/Description&gt;&lt;Description xml:lang=&quot;fr&quot;&gt;Christianity total&lt;/Description&gt;&lt;/Code&gt;&lt;Code value=&quot;222&quot; parentCode=&quot;2&quot;&gt;&lt;Description xml:lang=&quot;en&quot;&gt;Assyrian Apostolic&lt;/Description&gt;&lt;Description xml:lang=&quot;fr&quot;&gt;Assyrian Apostolic&lt;/Description&gt;&lt;/Code&gt;&lt;Code value=&quot;203&quot; parentCode=&quot;2&quot;&gt;&lt;Description xml:lang=&quot;en&quot;&gt;Baptist&lt;/Description&gt;&lt;Description xml:lang=&quot;fr&quot;&gt;Baptist&lt;/Description&gt;&lt;/Code&gt;&lt;Code value=&quot;205&quot; parentCode=&quot;2&quot;&gt;&lt;Description xml:lang=&quot;en&quot;&gt;Brethren&lt;/Description&gt;&lt;Description xml:lang=&quot;fr&quot;&gt;Brethren&lt;/Description&gt;&lt;/Code&gt;&lt;Code value=&quot;207&quot; parentCode=&quot;2&quot;&gt;&lt;Description xml:lang=&quot;en&quot;&gt;Catholic&lt;/Description&gt;&lt;Description xml:lang=&quot;fr&quot;&gt;Catholic&lt;/Description&gt;&lt;/Code&gt;&lt;Code value=&quot;211&quot; parentCode=&quot;2&quot;&gt;&lt;Description xml:lang=&quot;en&quot;&gt;Churches of Christ&lt;/Description&gt;&lt;Description xml:lang=&quot;fr&quot;&gt;Churches of Christ&lt;/Description&gt;&lt;/Code&gt;&lt;Code value=&quot;223&quot; parentCode=&quot;2&quot;&gt;&lt;Description xml:lang=&quot;en&quot;&gt;Eastern Orthodox&lt;/Description&gt;&lt;Description xml:lang=&quot;fr&quot;&gt;Eastern Orthodox&lt;/Description&gt;&lt;/Code&gt;&lt;Code value=&quot;213&quot; parentCode=&quot;2&quot;&gt;&lt;Description xml:lang=&quot;en&quot;&gt;Jehovah&apos;s Witnesses&lt;/Description&gt;&lt;Description xml:lang=&quot;fr&quot;&gt;Jehovah&apos;s Witnesses&lt;/Description&gt;&lt;/Code&gt;&lt;Code value=&quot;215&quot; parentCode=&quot;2&quot;&gt;&lt;Description xml:lang=&quot;en&quot;&gt;Latter-day Saints&lt;/Description&gt;&lt;Description xml:lang=&quot;fr&quot;&gt;Latter-day Saints&lt;/Description&gt;&lt;/Code&gt;&lt;Code value=&quot;217&quot; parentCode=&quot;2&quot;&gt;&lt;Description xml:lang=&quot;en&quot;&gt;Lutheran&lt;/Description&gt;&lt;Description xml:lang=&quot;fr&quot;&gt;Lutheran&lt;/Description&gt;&lt;/Code&gt;&lt;Code value=&quot;221&quot; parentCode=&quot;2&quot;&gt;&lt;Description xml:lang=&quot;en&quot;&gt;Oriental Orthodox&lt;/Description&gt;&lt;Description xml:lang=&quot;fr&quot;&gt;Oriental Orthodox&lt;/Description&gt;&lt;/Code&gt;&lt;Code value=&quot;28&quot; parentCode=&quot;2&quot;&gt;&lt;Description xml:lang=&quot;en&quot;&gt;Other Protestant&lt;/Description&gt;&lt;Description xml:lang=&quot;fr&quot;&gt;Other Protestant&lt;/Description&gt;&lt;/Code&gt;&lt;Code value=&quot;24&quot; parentCode=&quot;2&quot;&gt;&lt;Description xml:lang=&quot;en&quot;&gt;Pentecostal&lt;/Description&gt;&lt;Description xml:lang=&quot;fr&quot;&gt;Pentecostal&lt;/Description&gt;&lt;/Code&gt;&lt;Code value=&quot;225&quot; parentCode=&quot;2&quot;&gt;&lt;Description xml:lang=&quot;en&quot;&gt;Presbyterian and Reformed&lt;/Description&gt;&lt;Description xml:lang=&quot;fr&quot;&gt;Presbyterian and Reformed&lt;/Description&gt;&lt;/Code&gt;&lt;Code value=&quot;227&quot; parentCode=&quot;2&quot;&gt;&lt;Description xml:lang=&quot;en&quot;&gt;Salvation Army&lt;/Description&gt;&lt;Description xml:lang=&quot;fr&quot;&gt;Salvation Army&lt;/Description&gt;&lt;/Code&gt;&lt;Code value=&quot;231&quot; parentCode=&quot;2&quot;&gt;&lt;Description xml:lang=&quot;en&quot;&gt;Seventh-day Adventist&lt;/Description&gt;&lt;Description xml:lang=&quot;fr&quot;&gt;Seventh-day Adventist&lt;/Description&gt;&lt;/Code&gt;&lt;Code value=&quot;233&quot; parentCode=&quot;2&quot;&gt;&lt;Description xml:lang=&quot;en&quot;&gt;Uniting Church&lt;/Description&gt;&lt;Description xml:lang=&quot;fr&quot;&gt;Uniting Church&lt;/Description&gt;&lt;/Code&gt;&lt;Code value=&quot;200&quot; parentCode=&quot;2&quot;&gt;&lt;Description xml:lang=&quot;en&quot;&gt;Christian, nfd(a)&lt;/Description&gt;&lt;Description xml:lang=&quot;fr&quot;&gt;Christian, nfd(a)&lt;/Description&gt;&lt;/Code&gt;&lt;Code value=&quot;29&quot; parentCode=&quot;2&quot;&gt;&lt;Description xml:lang=&quot;en&quot;&gt;Other Christian&lt;/Description&gt;&lt;Description xml:lang=&quot;fr&quot;&gt;Other Christian&lt;/Description&gt;&lt;/Code&gt;&lt;Code value=&quot;601&quot; parentCode=&quot;6&quot;&gt;&lt;Description xml:lang=&quot;en&quot;&gt;Australian Aboriginal Traditional Religions&lt;/Description&gt;&lt;Description xml:lang=&quot;fr&quot;&gt;Australian Aboriginal Traditional Religions&lt;/Description&gt;&lt;/Code&gt;&lt;Code value=&quot;6&quot; parentCode=&quot;TOT&quot;&gt;&lt;Description xml:lang=&quot;en&quot;&gt;Other Religions total&lt;/Description&gt;&lt;Description xml:lang=&quot;fr&quot;&gt;Other Religions total&lt;/Description&gt;&lt;/Code&gt;&lt;Code value=&quot;ORG&quot; parentCode=&quot;6&quot;&gt;&lt;Description xml:lang=&quot;en&quot;&gt;Other Religious Groups&lt;/Description&gt;&lt;Description xml:lang=&quot;fr&quot;&gt;Other Religious Groups&lt;/Description&gt;&lt;/Code&gt;&lt;Code value=&quot;101&quot; parentCode=&quot;TOT&quot;&gt;&lt;Description xml:lang=&quot;en&quot;&gt;Buddhism&lt;/Description&gt;&lt;Description xml:lang=&quot;fr&quot;&gt;Buddhism&lt;/Description&gt;&lt;/Code&gt;&lt;Code value=&quot;3&quot; parentCode=&quot;TOT&quot;&gt;&lt;Description xml:lang=&quot;en&quot;&gt;Hinduism&lt;/Description&gt;&lt;Description xml:lang=&quot;fr&quot;&gt;Hinduism&lt;/Description&gt;&lt;/Code&gt;&lt;Code value=&quot;4&quot; parentCode=&quot;TOT&quot;&gt;&lt;Description xml:lang=&quot;en&quot;&gt;Islam&lt;/Description&gt;&lt;Description xml:lang=&quot;fr&quot;&gt;Islam&lt;/Description&gt;&lt;/Code&gt;&lt;Code value=&quot;5&quot; parentCode=&quot;TOT&quot;&gt;&lt;Description xml:lang=&quot;en&quot;&gt;Judaism&lt;/Description&gt;&lt;Description xml:lang=&quot;fr&quot;&gt;Judaism&lt;/Description&gt;&lt;/Code&gt;&lt;Code value=&quot;7&quot; parentCode=&quot;TOT&quot;&gt;&lt;Description xml:lang=&quot;en&quot;&gt;No religion(b)&lt;/Description&gt;&lt;Description xml:lang=&quot;fr&quot;&gt;No religion(b)&lt;/Description&gt;&lt;/Code&gt;&lt;Code value=&quot;ORA&quot; parentCode=&quot;TOT&quot;&gt;&lt;Description xml:lang=&quot;en&quot;&gt;Other religious affiliation(c) &lt;/Description&gt;&lt;Description xml:lang=&quot;fr&quot;&gt;Other religious affiliation(c) &lt;/Description&gt;&lt;/Code&gt;&lt;Code value=&quot;Z&quot; parentCode=&quot;TOT&quot;&gt;&lt;Description xml:lang=&quot;en&quot;&gt;Religious affiliation not stated&lt;/Description&gt;&lt;Description xml:lang=&quot;fr&quot;&gt;Religious affiliation not stated&lt;/Description&gt;&lt;/Code&gt;&lt;/CodeList&gt;&lt;CodeList id=&quot;CL_ABS_CENSUS2011_B14_STATE&quot; agencyID=&quot;ABS&quot;&gt;&lt;Name xml:lang=&quot;en&quot;&gt;State&lt;/Name&gt;&lt;Name xml:lang=&quot;fr&quot;&gt;State&lt;/Name&gt;&lt;Code value=&quot;0&quot;&gt;&lt;Description xml:lang=&quot;en&quot;&gt;Australia&lt;/Description&gt;&lt;Description xml:lang=&quot;fr&quot;&gt;Australia&lt;/Description&gt;&lt;/Code&gt;&lt;Code value=&quot;1&quot; parentCode=&quot;0&quot;&gt;&lt;Description xml:lang=&quot;en&quot;&gt;New South Wales&lt;/Description&gt;&lt;Description xml:lang=&quot;fr&quot;&gt;New South Wales&lt;/Description&gt;&lt;/Code&gt;&lt;Code value=&quot;2&quot; parentCode=&quot;0&quot;&gt;&lt;Description xml:lang=&quot;en&quot;&gt;Victoria&lt;/Description&gt;&lt;Description xml:lang=&quot;fr&quot;&gt;Victoria&lt;/Description&gt;&lt;/Code&gt;&lt;Code value=&quot;3&quot; parentCode=&quot;0&quot;&gt;&lt;Description xml:lang=&quot;en&quot;&gt;Queensland&lt;/Description&gt;&lt;Description xml:lang=&quot;fr&quot;&gt;Queensland&lt;/Description&gt;&lt;/Code&gt;&lt;Code value=&quot;4&quot; parentCode=&quot;0&quot;&gt;&lt;Description xml:lang=&quot;en&quot;&gt;South Australia&lt;/Description&gt;&lt;Description xml:lang=&quot;fr&quot;&gt;South Australia&lt;/Description&gt;&lt;/Code&gt;&lt;Code value=&quot;5&quot; parentCode=&quot;0&quot;&gt;&lt;Description xml:lang=&quot;en&quot;&gt;Western Australia&lt;/Description&gt;&lt;Description xml:lang=&quot;fr&quot;&gt;Western Australia&lt;/Description&gt;&lt;/Code&gt;&lt;Code value=&quot;6&quot; parentCode=&quot;0&quot;&gt;&lt;Description xml:lang=&quot;en&quot;&gt;Tasmania&lt;/Description&gt;&lt;Description xml:lang=&quot;fr&quot;&gt;Tasmania&lt;/Description&gt;&lt;/Code&gt;&lt;Code value=&quot;7&quot; parentCode=&quot;0&quot;&gt;&lt;Description xml:lang=&quot;en&quot;&gt;Northern Territory&lt;/Description&gt;&lt;Description xml:lang=&quot;fr&quot;&gt;Northern Territory&lt;/Description&gt;&lt;/Code&gt;&lt;Code value=&quot;8&quot; parentCode=&quot;0&quot;&gt;&lt;Description xml:lang=&quot;en&quot;&gt;Australian Capital Territory&lt;/Description&gt;&lt;Description xml:lang=&quot;fr&quot;&gt;Australian Capital Territory&lt;/Description&gt;&lt;/Code&gt;&lt;Code value=&quot;9&quot; parentCode=&quot;0&quot;&gt;&lt;Description xml:lang=&quot;en&quot;&gt;Other Territories&lt;/Description&gt;&lt;Description xml:lang=&quot;fr&quot;&gt;Other Territories&lt;/Description&gt;&lt;/Code&gt;&lt;/CodeList&gt;&lt;CodeList id=&quot;CL_ABS_CENSUS2011_B14_REGIONTYPE&quot; agencyID=&quot;ABS&quot;&gt;&lt;Name xml:lang=&quot;en&quot;&gt;Region Type&lt;/Name&gt;&lt;Name xml:lang=&quot;fr&quot;&gt;Reg
Input 1 does not match Pattern:[A-z][A-z0-9_\-]* for class:NCNameID
Input 3 does not match Pattern:[A-z][A-z0-9_\-]* for class:NCNameID
Input 2 does not match Pattern:[A-z][A-z0-9_\-]* for class:NCNameID
Loading Codelists
Codelist: ABS:CL_ATSI_BIRTHS_SUMM_MEASURE:1.0 already exists
Loading Concepts
Loading DataStructures
DS ABS:ATSI_BIRTHS_SUMM:1.0
Loading Dataflows
Loading Codelists
Codelist: ABS:CL_ATSI_FERTILITY_MEASURE:1.0 already exists
Loading Concepts
Loading DataStructures
DS ABS:ATSI_FERTILITY:1.0
Loading Dataflows
Loading Codelists
Codelist: ABS:CL_ALC_TYP:1.0 already exists
Loading Concepts
Loading DataStructures
DS ABS:ALC:1.0
Loading Dataflows
Loading Codelists
Codelist: ABS:CL_ABS_ACLD_LFSTATUS_SEX_ABS:1.0 already exists
Loading Concepts
Loading DataStructures
DS ABS:ABS_ACLD_LFSTATUS:1.0
Loading Dataflows
Loading Codelists
Codelist: ABS:CL_ABS_ACLD_TENURE_SEX_ABS:1.0 already exists
Loading Concepts
Loading DataStructures
DS ABS:ABS_ACLD_TENURE:1.0
Loading Dataflows
Loading Codelists
Codelist: ABS:CL_ABS_ACLD_UNPAIDASST_SEX_ABS:1.0 already exists
Loading Concepts
Loading DataStructures
DS ABS:ABS_ACLD_UNPAIDASST:1.0
Loading Dataflows
Loading Codelists
Codelist: ABS:CL_ABS_ACLD_VOLWORK_SEX_ABS:1.0 already exists
Loading Concepts
Loading DataStructures
DS ABS:ABS_ACLD_VOLWORK:1.0
Loading Dataflows
Loading Codelists
Codelist: ABS:CL_AMLPS_PART_2017_MEASURE:1.0 already exists
Loading Concepts
Loading DataStructures
DS ABS:AMLPS_PART_2017:1.0
Loading Dataflows
Loading Codelists
Codelist: ABS:CL_AMLPS_RESP_2017_RESPONSE_CAT:1.0 already exists
Loading Concepts
Loading DataStructures
DS ABS:AMLPS_RESP_2017:1.0
Loading Dataflows
Loading Codelists
Codelist: ABS:CL_ABS_CENSUS2011_B01_MEASURE:1.0 already exists
Loading Concepts
Loading DataStructures
DS ABS:ABS_CENSUS2011_B01:1.0
Loading Dataflows
Loading Codelists
Codelist: ABS:CL_ABS_CENSUS2011_B01_LGA_MEASURE:1.0 already exists
Loading Concepts
Loading DataStructures
DS ABS:ABS_CENSUS2011_B01_LGA:1.0
Loading Dataflows
Loading Codelists
Codelist: ABS:CL_ABS_CENSUS2011_B01_SA1_SA_MEASURE:1.0 already exists
Loading Concepts
Loading DataStructures
DS ABS:ABS_CENSUS2011_B01_SA1_SA:1.0
Loading Dataflows
Loading Codelists
Codelist: ABS:CL_ABS_CENSUS2011_B02_MEASURE:1.0 already exists
Loading Concepts
Loading DataStructures
DS ABS:ABS_CENSUS2011_B02:1.0
Loading Dataflows
Loading Codelists
Codelist: ABS:CL_ABS_CENSUS2011_B02_LGA_MEASURE:1.0 already exists
Loading Concepts
Loading DataStructures
DS ABS:ABS_CENSUS2011_B02_LGA:1.0
Loading Dataflows
Loading Codelists
Codelist: ABS:CL_ABS_CENSUS2011_B02_SA1_SA_MEASURE:1.0 already exists
Loading Concepts
Loading DataStructures
DS ABS:ABS_CENSUS2011_B02_SA1_SA:1.0
Loading Dataflows
Loading Codelists
Codelist: ABS:CL_ABS_CENSUS2011_B03_LGA_MEASURE:1.0 already exists
Loading Concepts
Loading DataStructures
DS ABS:ABS_CENSUS2011_B03_LGA:1.0
Loading Dataflows
Loading Codelists
Codelist: ABS:CL_ABS_CENSUS2011_B03_MEASURE:1.0 already exists
Loading Concepts
Loading DataStructures
DS ABS:ABS_CENSUS2011_B03:1.0
Loading Dataflows
Loading Codelists
Codelist: ABS:CL_ABS_CENSUS2011_B03_SA1_SA_MEASURE:1.0 already exists
Loading Concepts
Loading DataStructures
DS ABS:ABS_CENSUS2011_B03_SA1_SA:1.0
Loading Dataflows
Loading Codelists
Codelist: ABS:CL_ABS_CENSUS2011_B04_MEASURE:1.0 already exists
Loading Concepts
Loading DataStructures
DS ABS:ABS_CENSUS2011_B04:1.0
Loading Dataflows
Loading Codelists
Codelist: ABS:CL_ABS_CENSUS2011_B04_LGA_MEASURE:1.0 already exists
Loading Concepts
Loading DataStructures
DS ABS:ABS_CENSUS2011_B04_LGA:1.0
Loading Dataflows
Loading Codelists
Codelist: ABS:CL_ABS_CENSUS2011_B04_SA1_SA_MEASURE:1.0 already exists
Loading Concepts
Loading DataStructures
DS ABS:ABS_CENSUS2011_B04_SA1_SA:1.0
Loading Dataflows
Loading Codelists
Codelist: ABS:CL_ABS_CENSUS2011_B05_MEASURE:1.0 already exists
Loading Concepts
Loading DataStructures
DS ABS:ABS_CENSUS2011_B05:1.0
Loading Dataflows
Loading Codelists
Codelist: ABS:CL_ABS_CENSUS2011_B05_LGA_MEASURE:1.0 already exists
Loading Concepts
Loading DataStructures
DS ABS:ABS_CENSUS2011_B05_LGA:1.0
Loading Dataflows
Loading Codelists
Codelist: ABS:CL_ABS_CENSUS2011_B05_SA1_SA_MEASURE:1.0 already exists
Loading Concepts
Loading DataStructures
DS ABS:ABS_CENSUS2011_B05_SA1_SA:1.0
Loading Dataflows
Loading Codelists
Codelist: ABS:CL_ABS_CENSUS2011_B06_MEASURE:1.0 already exists
Loading Concepts
Loading DataStructures
DS ABS:ABS_CENSUS2011_B06:1.0
Loading Dataflows
Loading Codelists
Codelist: ABS:CL_ABS_CENSUS2011_B06_LGA_MEASURE:1.0 already exists
Loading Concepts
Loading DataStructures
DS ABS:ABS_CENSUS2011_B06_LGA:1.0
Loading Dataflows
Loading Codelists
Codelist: ABS:CL_ABS_CENSUS2011_B06_SA1_SA_MEASURE:1.0 already exists
Loading Concepts
Loading DataStructures
DS ABS:ABS_CENSUS2011_B06_SA1_SA:1.0
Loading Dataflows
Loading Codelists
Codelist: ABS:CL_ABS_CENSUS2011_B07_MEASURE:1.0 already exists
Loading Concepts
Loading DataStructures
DS ABS:ABS_CENSUS2011_B07:1.0
Loading Dataflows
Loading Codelists
Codelist: ABS:CL_ABS_CENSUS2011_B07_LGA_MEASURE:1.0 already exists
Loading Concepts
Loading DataStructures
DS ABS:ABS_CENSUS2011_B07_LGA:1.0
Loading Dataflows
Loading Codelists
Codelist: ABS:CL_ABS_CENSUS2011_B07_SA1_SA_MEASURE:1.0 already exists
Loading Concepts
Loading DataStructures
DS ABS:ABS_CENSUS2011_B07_SA1_SA:1.0
Loading Dataflows
Loading Codelists
Codelist: ABS:CL_ABS_CENSUS2011_B08_MEASURE:1.0 already exists
Loading Concepts
Loading DataStructures
DS ABS:ABS_CENSUS2011_B08:1.0
Loading Dataflows
Loading Codelists
Codelist: ABS:CL_ABS_CENSUS2011_B08_LGA_MEASURE:1.0 already exists
Loading Concepts
Loading DataStructures
DS ABS:ABS_CENSUS2011_B08_LGA:1.0
Loading Dataflows
Loading Codelists
Codelist: ABS:CL_ABS_CENSUS2011_B08_SA1_SA_MEASURE:1.0 already exists
Loading Concepts
Loading DataStructures
DS ABS:ABS_CENSUS2011_B08_SA1_SA:1.0
Loading Dataflows
Loading Codelists
Codelist: ABS:CL_ABS_CENSUS2011_B09_MEASURE:1.0 already exists
Loading Concepts
Loading DataStructures
DS ABS:ABS_CENSUS2011_B09:1.0
Loading Dataflows
Loading Codelists
Codelist: ABS:CL_ABS_CENSUS2011_B09_LGA_MEASURE:1.0 already exists
Loading Concepts
Loading DataStructures
DS ABS:ABS_CENSUS2011_B09_LGA:1.0
Loading Dataflows
Loading Codelists
Codelist: ABS:CL_ABS_CENSUS2011_B09_SA1_SA_MEASURE:1.0 already exists
Loading Concepts
Loading DataStructures
DS ABS:ABS_CENSUS2011_B09_SA1_SA:1.0
Loading Dataflows
Loading Codelists
Codelist: ABS:CL_ABS_CENSUS2011_B10_MEASURE:1.0 already exists
Loading Concepts
Loading DataStructures
DS ABS:ABS_CENSUS2011_B10:1.0
Loading Dataflows
Loading Codelists
Codelist: ABS:CL_ABS_CENSUS2011_B10_LGA_MEASURE:1.0 already exists
Loading Concepts
Loading DataStructures
DS ABS:ABS_CENSUS2011_B10_LGA:1.0
Loading Dataflows
Loading Codelists
Codelist: ABS:CL_ABS_CENSUS2011_B10_SA1_SA_MEASURE:1.0 already exists
Loading Concepts
Loading DataStructures
DS ABS:ABS_CENSUS2011_B10_SA1_SA:1.0
Loading Dataflows
Loading Codelists
Codelist: ABS:CL_ABS_CENSUS2011_B11_MEASURE:1.0 already exists
Loading Concepts
Loading DataStructures
DS ABS:ABS_CENSUS2011_B11:1.0
Loading Dataflows
Loading Codelists
Codelist: ABS:CL_ABS_CENSUS2011_B11_LGA_MEASURE:1.0 already exists
Loading Concepts
Loading DataStructures
DS ABS:ABS_CENSUS2011_B11_LGA:1.0
Loading Dataflows
Loading Codelists
Codelist: ABS:CL_ABS_CENSUS2011_B11_SA1_SA_MEASURE:1.0 already exists
Loading Concepts
Loading DataStructures
DS ABS:ABS_CENSUS2011_B11_SA1_SA:1.0
Loading Dataflows
Loading Codelists
Codelist: ABS:CL_ABS_CENSUS2011_B12_MEASURE:1.0 already exists
Loading Concepts
Loading DataStructures
DS ABS:ABS_CENSUS2011_B12:1.0
Loading Dataflows
Loading Codelists
Codelist: ABS:CL_ABS_CENSUS2011_B12_LGA_MEASURE:1.0 already exists
Loading Concepts
Loading DataStructures
DS ABS:ABS_CENSUS2011_B12_LGA:1.0
Loading Dataflows
Loading Codelists
Codelist: ABS:CL_ABS_CENSUS2011_B12_SA1_SA_MEASURE:1.0 already exists
Loading Concepts
Loading DataStructures
DS ABS:ABS_CENSUS2011_B12_SA1_SA:1.0
Loading Dataflows
Loading Codelists
Codelist: ABS:CL_ABS_CENSUS2011_B13_MEASURE:1.0 already exists
Loading Concepts
Loading DataStructures
DS ABS:ABS_CENSUS2011_B13:1.0
Loading Dataflows
Loading Codelists
Codelist: ABS:CL_ABS_CENSUS2011_B13_LGA_MEASURE:1.0 already exists
Loading Concepts
Loading DataStructures
DS ABS:ABS_CENSUS2011_B13_LGA:1.0
Loading Dataflows
Loading Codelists
Codelist: ABS:CL_ABS_CENSUS2011_B13_SA1_SA_MEASURE:1.0 already exists
Loading Concepts
Loading DataStructures
DS ABS:ABS_CENSUS2011_B13_SA1_SA:1.0
Loading Dataflows
Loading Codelists
Loading Concepts
Loading DataStructures
DS ABS:ABS_CENSUS2011_B14:1.0
Reference
Agency:ABS
MID:STANDALONE_CONCEPT_SCHEME
MVers:null
ID:RELP
Vers:1.0
Class:Concept
Pack:conceptscheme
Reference
Agency:ABS
MID:STANDALONE_CONCEPT_SCHEME
MVers:null
ID:STATE
Vers:1.0
Class:Concept
Pack:conceptscheme
Reference
Agency:ABS
MID:STANDALONE_CONCEPT_SCHEME
MVers:null
ID:REGIONTYPE
Vers:1.0
Class:Concept
Pack:conceptscheme
Reference
Agency:ABS
MID:STANDALONE_CONCEPT_SCHEME
MVers:null
ID:REGION
Vers:1.0
Class:Concept
Pack:conceptscheme
Reference
Agency:ABS
MID:STANDALONE_CONCEPT_SCHEME
MVers:null
ID:FREQUENCY
Vers:1.0
Class:Concept
Pack:conceptscheme
Reference
Agency:ABS
MID:STANDALONE_CONCEPT_SCHEME
MVers:null
ID:TIME
Vers:1.0
Class:Concept
Pack:conceptscheme
Reference
Agency:ABS
MID:STANDALONE_CONCEPT_SCHEME
MVers:null
ID:MEASURE
Vers:1.0
Class:Concept
Pack:conceptscheme
Reference
Agency:ABS
MID:STANDALONE_CONCEPT_SCHEME
MVers:null
ID:OBS_STATUS
Vers:1.0
Class:Concept
Pack:conceptscheme
Reference
Agency:ABS
MID:STANDALONE_CONCEPT_SCHEME
MVers:null
ID:TIME_FORMAT
Vers:1.0
Class:Concept
Pack:conceptscheme
Reference
Agency:ABS
MID:STANDALONE_CONCEPT_SCHEME
MVers:null
ID:OBS_VALUE
Vers:1.0
Class:Concept
Pack:conceptscheme
Loading Dataflows
Loading: B14 Religious Affiliation by Sex (LGA)
</system-out>
    <system-err>javax.persistence.NoResultException: getSingleResult() did not retrieve any entities.
	at org.eclipse.persistence.internal.jpa.QueryImpl.throwNoResultException(QueryImpl.java:985)
	at org.eclipse.persistence.internal.jpa.QueryImpl.getSingleResult(QueryImpl.java:535)
	at org.eclipse.persistence.internal.jpa.EJBQueryImpl.getSingleResult(EJBQueryImpl.java:404)
	at sdmx.gateway.util.ConceptSchemeUtil.findDatabaseConceptScheme(ConceptSchemeUtil.java:49)
	at sdmx.gateway.services.DatabaseRegistry.loadConcepts(DatabaseRegistry.java:202)
	at sdmx.gateway.services.DatabaseRegistry.load(DatabaseRegistry.java:89)
	at LoadABSDotStatStructure.doTest(LoadABSDotStatStructure.java:202)
	at java.base/jdk.internal.reflect.NativeMethodAccessorImpl.invoke0(Native Method)
	at java.base/jdk.internal.reflect.NativeMethodAccessorImpl.invoke(NativeMethodAccessorImpl.java:62)
	at java.base/jdk.internal.reflect.DelegatingMethodAccessorImpl.invoke(DelegatingMethodAccessorImpl.java:43)
	at java.base/java.lang.reflect.Method.invoke(Method.java:566)
	at org.junit.runners.model.FrameworkMethod$1.runReflectiveCall(FrameworkMethod.java:50)
	at org.junit.internal.runners.model.ReflectiveCallable.run(ReflectiveCallable.java:12)
	at org.junit.runners.model.FrameworkMethod.invokeExplosively(FrameworkMethod.java:47)
	at org.junit.internal.runners.statements.InvokeMethod.evaluate(InvokeMethod.java:17)
	at org.junit.runners.ParentRunner.runLeaf(ParentRunner.java:325)
	at org.junit.runners.BlockJUnit4ClassRunner.runChild(BlockJUnit4ClassRunner.java:78)
	at org.junit.runners.BlockJUnit4ClassRunner.runChild(BlockJUnit4ClassRunner.java:57)
	at org.junit.runners.ParentRunner$3.run(ParentRunner.java:290)
	at org.junit.runners.ParentRunner$1.schedule(ParentRunner.java:71)
	at org.junit.runners.ParentRunner.runChildren(ParentRunner.java:288)
	at org.junit.runners.ParentRunner.access$000(ParentRunner.java:58)
	at org.junit.runners.ParentRunner$2.evaluate(ParentRunner.java:268)
	at org.junit.internal.runners.statements.RunBefores.evaluate(RunBefores.java:26)
	at org.junit.internal.runners.statements.RunAfters.evaluate(RunAfters.java:27)
	at org.junit.runners.ParentRunner.run(ParentRunner.java:363)
	at org.apache.maven.surefire.junit4.JUnit4Provider.execute(JUnit4Provider.java:252)
	at org.apache.maven.surefire.junit4.JUnit4Provider.executeTestSet(JUnit4Provider.java:141)
	at org.apache.maven.surefire.junit4.JUnit4Provider.invoke(JUnit4Provider.java:112)
	at java.base/jdk.internal.reflect.NativeMethodAccessorImpl.invoke0(Native Method)
	at java.base/jdk.internal.reflect.NativeMethodAccessorImpl.invoke(NativeMethodAccessorImpl.java:62)
	at java.base/jdk.internal.reflect.DelegatingMethodAccessorImpl.invoke(DelegatingMethodAccessorImpl.java:43)
	at java.base/java.lang.reflect.Method.invoke(Method.java:566)
	at org.apache.maven.surefire.util.ReflectionUtils.invokeMethodWithArray(ReflectionUtils.java:189)
	at org.apache.maven.surefire.booter.ProviderFactory$ProviderProxy.invoke(ProviderFactory.java:165)
	at org.apache.maven.surefire.booter.ProviderFactory.invokeProvider(ProviderFactory.java:85)
	at org.apache.maven.surefire.booter.ForkedBooter.runSuitesInProcess(ForkedBooter.java:115)
	at org.apache.maven.surefire.booter.ForkedBooter.main(ForkedBooter.java:75)
javax.persistence.NoResultException: getSingleResult() did not retrieve any entities.
	at org.eclipse.persistence.internal.jpa.QueryImpl.throwNoResultException(QueryImpl.java:985)
	at org.eclipse.persistence.internal.jpa.QueryImpl.getSingleResult(QueryImpl.java:535)
	at org.eclipse.persistence.internal.jpa.EJBQueryImpl.getSingleResult(EJBQueryImpl.java:404)
	at sdmx.gateway.util.ConceptSchemeUtil.findDatabaseConceptScheme(ConceptSchemeUtil.java:49)
	at sdmx.gateway.services.DatabaseRegistry.loadConcepts(DatabaseRegistry.java:202)
	at sdmx.gateway.services.DatabaseRegistry.load(DatabaseRegistry.java:89)
	at LoadABSDotStatStructure.doTest(LoadABSDotStatStructure.java:202)
	at java.base/jdk.internal.reflect.NativeMethodAccessorImpl.invoke0(Native Method)
	at java.base/jdk.internal.reflect.NativeMethodAccessorImpl.invoke(NativeMethodAccessorImpl.java:62)
	at java.base/jdk.internal.reflect.DelegatingMethodAccessorImpl.invoke(DelegatingMethodAccessorImpl.java:43)
	at java.base/java.lang.reflect.Method.invoke(Method.java:566)
	at org.junit.runners.model.FrameworkMethod$1.runReflectiveCall(FrameworkMethod.java:50)
	at org.junit.internal.runners.model.ReflectiveCallable.run(ReflectiveCallable.java:12)
	at org.junit.runners.model.FrameworkMethod.invokeExplosively(FrameworkMethod.java:47)
	at org.junit.internal.runners.statements.InvokeMethod.evaluate(InvokeMethod.java:17)
	at org.junit.runners.ParentRunner.runLeaf(ParentRunner.java:325)
	at org.junit.runners.BlockJUnit4ClassRunner.runChild(BlockJUnit4ClassRunner.java:78)
	at org.junit.runners.BlockJUnit4ClassRunner.runChild(BlockJUnit4ClassRunner.java:57)
	at org.junit.runners.ParentRunner$3.run(ParentRunner.java:290)
	at org.junit.runners.ParentRunner$1.schedule(ParentRunner.java:71)
	at org.junit.runners.ParentRunner.runChildren(ParentRunner.java:288)
	at org.junit.runners.ParentRunner.access$000(ParentRunner.java:58)
	at org.junit.runners.ParentRunner$2.evaluate(ParentRunner.java:268)
	at org.junit.internal.runners.statements.RunBefores.evaluate(RunBefores.java:26)
	at org.junit.internal.runners.statements.RunAfters.evaluate(RunAfters.java:27)
	at org.junit.runners.ParentRunner.run(ParentRunner.java:363)
	at org.apache.maven.surefire.junit4.JUnit4Provider.execute(JUnit4Provider.java:252)
	at org.apache.maven.surefire.junit4.JUnit4Provider.executeTestSet(JUnit4Provider.java:141)
	at org.apache.maven.surefire.junit4.JUnit4Provider.invoke(JUnit4Provider.java:112)
	at java.base/jdk.internal.reflect.NativeMethodAccessorImpl.invoke0(Native Method)
	at java.base/jdk.internal.reflect.NativeMethodAccessorImpl.invoke(NativeMethodAccessorImpl.java:62)
	at java.base/jdk.internal.reflect.DelegatingMethodAccessorImpl.invoke(DelegatingMethodAccessorImpl.java:43)
	at java.base/java.lang.reflect.Method.invoke(Method.java:566)
	at org.apache.maven.surefire.util.ReflectionUtils.invokeMethodWithArray(ReflectionUtils.java:189)
	at org.apache.maven.surefire.booter.ProviderFactory$ProviderProxy.invoke(ProviderFactory.java:165)
	at org.apache.maven.surefire.booter.ProviderFactory.invokeProvider(ProviderFactory.java:85)
	at org.apache.maven.surefire.booter.ForkedBooter.runSuitesInProcess(ForkedBooter.java:115)
	at org.apache.maven.surefire.booter.ForkedBooter.main(ForkedBooter.java:75)
javax.persistence.NoResultException: getSingleResult() did not retrieve any entities.
	at org.eclipse.persistence.internal.jpa.QueryImpl.throwNoResultException(QueryImpl.java:985)
	at org.eclipse.persistence.internal.jpa.QueryImpl.getSingleResult(QueryImpl.java:535)
	at org.eclipse.persistence.internal.jpa.EJBQueryImpl.getSingleResult(EJBQueryImpl.java:404)
	at sdmx.gateway.util.ConceptSchemeUtil.findDatabaseConceptScheme(ConceptSchemeUtil.java:49)
	at sdmx.gateway.services.DatabaseRegistry.loadConcepts(DatabaseRegistry.java:202)
	at sdmx.gateway.services.DatabaseRegistry.load(DatabaseRegistry.java:89)
	at LoadABSDotStatStructure.doTest(LoadABSDotStatStructure.java:202)
	at java.base/jdk.internal.reflect.NativeMethodAccessorImpl.invoke0(Native Method)
	at java.base/jdk.internal.reflect.NativeMethodAccessorImpl.invoke(NativeMethodAccessorImpl.java:62)
	at java.base/jdk.internal.reflect.DelegatingMethodAccessorImpl.invoke(DelegatingMethodAccessorImpl.java:43)
	at java.base/java.lang.reflect.Method.invoke(Method.java:566)
	at org.junit.runners.model.FrameworkMethod$1.runReflectiveCall(FrameworkMethod.java:50)
	at org.junit.internal.runners.model.ReflectiveCallable.run(ReflectiveCallable.java:12)
	at org.junit.runners.model.FrameworkMethod.invokeExplosively(FrameworkMethod.java:47)
	at org.junit.internal.runners.statements.InvokeMethod.evaluate(InvokeMethod.java:17)
	at org.junit.runners.ParentRunner.runLeaf(ParentRunner.java:325)
	at org.junit.runners.BlockJUnit4ClassRunner.runChild(BlockJUnit4ClassRunner.java:78)
	at org.junit.runners.BlockJUnit4ClassRunner.runChild(BlockJUnit4ClassRunner.java:57)
	at org.junit.runners.ParentRunner$3.run(ParentRunner.java:290)
	at org.junit.runners.ParentRunner$1.schedule(ParentRunner.java:71)
	at org.junit.runners.ParentRunner.runChildren(ParentRunner.java:288)
	at org.junit.runners.ParentRunner.access$000(ParentRunner.java:58)
	at org.junit.runners.ParentRunner$2.evaluate(ParentRunner.java:268)
	at org.junit.internal.runners.statements.RunBefores.evaluate(RunBefores.java:26)
	at org.junit.internal.runners.statements.RunAfters.evaluate(RunAfters.java:27)
	at org.junit.runners.ParentRunner.run(ParentRunner.java:363)
	at org.apache.maven.surefire.junit4.JUnit4Provider.execute(JUnit4Provider.java:252)
	at org.apache.maven.surefire.junit4.JUnit4Provider.executeTestSet(JUnit4Provider.java:141)
	at org.apache.maven.surefire.junit4.JUnit4Provider.invoke(JUnit4Provider.java:112)
	at java.base/jdk.internal.reflect.NativeMethodAccessorImpl.invoke0(Native Method)
	at java.base/jdk.internal.reflect.NativeMethodAccessorImpl.invoke(NativeMethodAccessorImpl.java:62)
	at java.base/jdk.internal.reflect.DelegatingMethodAccessorImpl.invoke(DelegatingMethodAccessorImpl.java:43)
	at java.base/java.lang.reflect.Method.invoke(Method.java:566)
	at org.apache.maven.surefire.util.ReflectionUtils.invokeMethodWithArray(ReflectionUtils.java:189)
	at org.apache.maven.surefire.booter.ProviderFactory$ProviderProxy.invoke(ProviderFactory.java:165)
	at org.apache.maven.surefire.booter.ProviderFactory.invokeProvider(ProviderFactory.java:85)
	at org.apache.maven.surefire.booter.ForkedBooter.runSuitesInProcess(ForkedBooter.java:115)
	at org.apache.maven.surefire.booter.ForkedBooter.main(ForkedBooter.java:75)
javax.persistence.NoResultException: getSingleResult() did not retrieve any entities.
	at org.eclipse.persistence.internal.jpa.QueryImpl.throwNoResultException(QueryImpl.java:985)
	at org.eclipse.persistence.internal.jpa.QueryImpl.getSingleResult(QueryImpl.java:535)
	at org.eclipse.persistence.internal.jpa.EJBQueryImpl.getSingleResult(EJBQueryImpl.java:404)
	at sdmx.gateway.util.ConceptSchemeUtil.findDatabaseConceptScheme(ConceptSchemeUtil.java:49)
	at sdmx.gateway.services.DatabaseRegistry.loadConcepts(DatabaseRegistry.java:202)
	at sdmx.gateway.services.DatabaseRegistry.load(DatabaseRegistry.java:89)
	at LoadABSDotStatStructure.doTest(LoadABSDotStatStructure.java:202)
	at java.base/jdk.internal.reflect.NativeMethodAccessorImpl.invoke0(Native Method)
	at java.base/jdk.internal.reflect.NativeMethodAccessorImpl.invoke(NativeMethodAccessorImpl.java:62)
	at java.base/jdk.internal.reflect.DelegatingMethodAccessorImpl.invoke(DelegatingMethodAccessorImpl.java:43)
	at java.base/java.lang.reflect.Method.invoke(Method.java:566)
	at org.junit.runners.model.FrameworkMethod$1.runReflectiveCall(FrameworkMethod.java:50)
	at org.junit.internal.runners.model.ReflectiveCallable.run(ReflectiveCallable.java:12)
	at org.junit.runners.model.FrameworkMethod.invokeExplosively(FrameworkMethod.java:47)
	at org.junit.internal.runners.statements.InvokeMethod.evaluate(InvokeMethod.java:17)
	at org.junit.runners.ParentRunner.runLeaf(ParentRunner.java:325)
	at org.junit.runners.BlockJUnit4ClassRunner.runChild(BlockJUnit4ClassRunner.java:78)
	at org.junit.runners.BlockJUnit4ClassRunner.runChild(BlockJUnit4ClassRunner.java:57)
	at org.junit.runners.ParentRunner$3.run(ParentRunner.java:290)
	at org.junit.runners.ParentRunner$1.schedule(ParentRunner.java:71)
	at org.junit.runners.ParentRunner.runChildren(ParentRunner.java:288)
	at org.junit.runners.ParentRunner.access$000(ParentRunner.java:58)
	at org.junit.runners.ParentRunner$2.evaluate(ParentRunner.java:268)
	at org.junit.internal.runners.statements.RunBefores.evaluate(RunBefores.java:26)
	at org.junit.internal.runners.statements.RunAfters.evaluate(RunAfters.java:27)
	at org.junit.runners.ParentRunner.run(ParentRunner.java:363)
	at org.apache.maven.surefire.junit4.JUnit4Provider.execute(JUnit4Provider.java:252)
	at org.apache.maven.surefire.junit4.JUnit4Provider.executeTestSet(JUnit4Provider.java:141)
	at org.apache.maven.surefire.junit4.JUnit4Provider.invoke(JUnit4Provider.java:112)
	at java.base/jdk.internal.reflect.NativeMethodAccessorImpl.invoke0(Native Method)
	at java.base/jdk.internal.reflect.NativeMethodAccessorImpl.invoke(NativeMethodAccessorImpl.java:62)
	at java.base/jdk.internal.reflect.DelegatingMethodAccessorImpl.invoke(DelegatingMethodAccessorImpl.java:43)
	at java.base/java.lang.reflect.Method.invoke(Method.java:566)
	at org.apache.maven.surefire.util.ReflectionUtils.invokeMethodWithArray(ReflectionUtils.java:189)
	at org.apache.maven.surefire.booter.ProviderFactory$ProviderProxy.invoke(ProviderFactory.java:165)
	at org.apache.maven.surefire.booter.ProviderFactory.invokeProvider(ProviderFactory.java:85)
	at org.apache.maven.surefire.booter.ForkedBooter.runSuitesInProcess(ForkedBooter.java:115)
	at org.apache.maven.surefire.booter.ForkedBooter.main(ForkedBooter.java:75)
javax.persistence.NoResultException: getSingleResult() did not retrieve any entities.
	at org.eclipse.persistence.internal.jpa.QueryImpl.throwNoResultException(QueryImpl.java:985)
	at org.eclipse.persistence.internal.jpa.QueryImpl.getSingleResult(QueryImpl.java:535)
	at org.eclipse.persistence.internal.jpa.EJBQueryImpl.getSingleResult(EJBQueryImpl.java:404)
	at sdmx.gateway.util.ConceptSchemeUtil.findDatabaseConceptScheme(ConceptSchemeUtil.java:49)
	at sdmx.gateway.services.DatabaseRegistry.loadConcepts(DatabaseRegistry.java:202)
	at sdmx.gateway.services.DatabaseRegistry.load(DatabaseRegistry.java:89)
	at LoadABSDotStatStructure.doTest(LoadABSDotStatStructure.java:202)
	at java.base/jdk.internal.reflect.NativeMethodAccessorImpl.invoke0(Native Method)
	at java.base/jdk.internal.reflect.NativeMethodAccessorImpl.invoke(NativeMethodAccessorImpl.java:62)
	at java.base/jdk.internal.reflect.DelegatingMethodAccessorImpl.invoke(DelegatingMethodAccessorImpl.java:43)
	at java.base/java.lang.reflect.Method.invoke(Method.java:566)
	at org.junit.runners.model.FrameworkMethod$1.runReflectiveCall(FrameworkMethod.java:50)
	at org.junit.internal.runners.model.ReflectiveCallable.run(ReflectiveCallable.java:12)
	at org.junit.runners.model.FrameworkMethod.invokeExplosively(FrameworkMethod.java:47)
	at org.junit.internal.runners.statements.InvokeMethod.evaluate(InvokeMethod.java:17)
	at org.junit.runners.ParentRunner.runLeaf(ParentRunner.java:325)
	at org.junit.runners.BlockJUnit4ClassRunner.runChild(BlockJUnit4ClassRunner.java:78)
	at org.junit.runners.BlockJUnit4ClassRunner.runChild(BlockJUnit4ClassRunner.java:57)
	at org.junit.runners.ParentRunner$3.run(ParentRunner.java:290)
	at org.junit.runners.ParentRunner$1.schedule(ParentRunner.java:71)
	at org.junit.runners.ParentRunner.runChildren(ParentRunner.java:288)
	at org.junit.runners.ParentRunner.access$000(ParentRunner.java:58)
	at org.junit.runners.ParentRunner$2.evaluate(ParentRunner.java:268)
	at org.junit.internal.runners.statements.RunBefores.evaluate(RunBefores.java:26)
	at org.junit.internal.runners.statements.RunAfters.evaluate(RunAfters.java:27)
	at org.junit.runners.ParentRunner.run(ParentRunner.java:363)
	at org.apache.maven.surefire.junit4.JUnit4Provider.execute(JUnit4Provider.java:252)
	at org.apache.maven.surefire.junit4.JUnit4Provider.executeTestSet(JUnit4Provider.java:141)
	at org.apache.maven.surefire.junit4.JUnit4Provider.invoke(JUnit4Provider.java:112)
	at java.base/jdk.internal.reflect.NativeMethodAccessorImpl.invoke0(Native Method)
	at java.base/jdk.internal.reflect.NativeMethodAccessorImpl.invoke(NativeMethodAccessorImpl.java:62)
	at java.base/jdk.internal.reflect.DelegatingMethodAccessorImpl.invoke(DelegatingMethodAccessorImpl.java:43)
	at java.base/java.lang.reflect.Method.invoke(Method.java:566)
	at org.apache.maven.surefire.util.ReflectionUtils.invokeMethodWithArray(ReflectionUtils.java:189)
	at org.apache.maven.surefire.booter.ProviderFactory$ProviderProxy.invoke(ProviderFactory.java:165)
	at org.apache.maven.surefire.booter.ProviderFactory.invokeProvider(ProviderFactory.java:85)
	at org.apache.maven.surefire.booter.ForkedBooter.runSuitesInProcess(ForkedBooter.java:115)
	at org.apache.maven.surefire.booter.ForkedBooter.main(ForkedBooter.java:75)
javax.persistence.NoResultException: getSingleResult() did not retrieve any entities.
	at org.eclipse.persistence.internal.jpa.QueryImpl.throwNoResultException(QueryImpl.java:985)
	at org.eclipse.persistence.internal.jpa.QueryImpl.getSingleResult(QueryImpl.java:535)
	at org.eclipse.persistence.internal.jpa.EJBQueryImpl.getSingleResult(EJBQueryImpl.java:404)
	at sdmx.gateway.util.ConceptSchemeUtil.findDatabaseConceptScheme(ConceptSchemeUtil.java:49)
	at sdmx.gateway.services.DatabaseRegistry.loadConcepts(DatabaseRegistry.java:202)
	at sdmx.gateway.services.DatabaseRegistry.load(DatabaseRegistry.java:89)
	at LoadABSDotStatStructure.doTest(LoadABSDotStatStructure.java:202)
	at java.base/jdk.internal.reflect.NativeMethodAccessorImpl.invoke0(Native Method)
	at java.base/jdk.internal.reflect.NativeMethodAccessorImpl.invoke(NativeMethodAccessorImpl.java:62)
	at java.base/jdk.internal.reflect.DelegatingMethodAccessorImpl.invoke(DelegatingMethodAccessorImpl.java:43)
	at java.base/java.lang.reflect.Method.invoke(Method.java:566)
	at org.junit.runners.model.FrameworkMethod$1.runReflectiveCall(FrameworkMethod.java:50)
	at org.junit.internal.runners.model.ReflectiveCallable.run(ReflectiveCallable.java:12)
	at org.junit.runners.model.FrameworkMethod.invokeExplosively(FrameworkMethod.java:47)
	at org.junit.internal.runners.statements.InvokeMethod.evaluate(InvokeMethod.java:17)
	at org.junit.runners.ParentRunner.runLeaf(ParentRunner.java:325)
	at org.junit.runners.BlockJUnit4ClassRunner.runChild(BlockJUnit4ClassRunner.java:78)
	at org.junit.runners.BlockJUnit4ClassRunner.runChild(BlockJUnit4ClassRunner.java:57)
	at org.junit.runners.ParentRunner$3.run(ParentRunner.java:290)
	at org.junit.runners.ParentRunner$1.schedule(ParentRunner.java:71)
	at org.junit.runners.ParentRunner.runChildren(ParentRunner.java:288)
	at org.junit.runners.ParentRunner.access$000(ParentRunner.java:58)
	at org.junit.runners.ParentRunner$2.evaluate(ParentRunner.java:268)
	at org.junit.internal.runners.statements.RunBefores.evaluate(RunBefores.java:26)
	at org.junit.internal.runners.statements.RunAfters.evaluate(RunAfters.java:27)
	at org.junit.runners.ParentRunner.run(ParentRunner.java:363)
	at org.apache.maven.surefire.junit4.JUnit4Provider.execute(JUnit4Provider.java:252)
	at org.apache.maven.surefire.junit4.JUnit4Provider.executeTestSet(JUnit4Provider.java:141)
	at org.apache.maven.surefire.junit4.JUnit4Provider.invoke(JUnit4Provider.java:112)
	at java.base/jdk.internal.reflect.NativeMethodAccessorImpl.invoke0(Native Method)
	at java.base/jdk.internal.reflect.NativeMethodAccessorImpl.invoke(NativeMethodAccessorImpl.java:62)
	at java.base/jdk.internal.reflect.DelegatingMethodAccessorImpl.invoke(DelegatingMethodAccessorImpl.java:43)
	at java.base/java.lang.reflect.Method.invoke(Method.java:566)
	at org.apache.maven.surefire.util.ReflectionUtils.invokeMethodWithArray(ReflectionUtils.java:189)
	at org.apache.maven.surefire.booter.ProviderFactory$ProviderProxy.invoke(ProviderFactory.java:165)
	at org.apache.maven.surefire.booter.ProviderFactory.invokeProvider(ProviderFactory.java:85)
	at org.apache.maven.surefire.booter.ForkedBooter.runSuitesInProcess(ForkedBooter.java:115)
	at org.apache.maven.surefire.booter.ForkedBooter.main(ForkedBooter.java:75)
javax.persistence.NoResultException: getSingleResult() did not retrieve any entities.
	at org.eclipse.persistence.internal.jpa.QueryImpl.throwNoResultException(QueryImpl.java:985)
	at org.eclipse.persistence.internal.jpa.QueryImpl.getSingleResult(QueryImpl.java:535)
	at org.eclipse.persistence.internal.jpa.EJBQueryImpl.getSingleResult(EJBQueryImpl.java:404)
	at sdmx.gateway.util.ConceptSchemeUtil.findDatabaseConceptScheme(ConceptSchemeUtil.java:49)
	at sdmx.gateway.services.DatabaseRegistry.loadConcepts(DatabaseRegistry.java:202)
	at sdmx.gateway.services.DatabaseRegistry.load(DatabaseRegistry.java:89)
	at LoadABSDotStatStructure.doTest(LoadABSDotStatStructure.java:202)
	at java.base/jdk.internal.reflect.NativeMethodAccessorImpl.invoke0(Native Method)
	at java.base/jdk.internal.reflect.NativeMethodAccessorImpl.invoke(NativeMethodAccessorImpl.java:62)
	at java.base/jdk.internal.reflect.DelegatingMethodAccessorImpl.invoke(DelegatingMethodAccessorImpl.java:43)
	at java.base/java.lang.reflect.Method.invoke(Method.java:566)
	at org.junit.runners.model.FrameworkMethod$1.runReflectiveCall(FrameworkMethod.java:50)
	at org.junit.internal.runners.model.ReflectiveCallable.run(ReflectiveCallable.java:12)
	at org.junit.runners.model.FrameworkMethod.invokeExplosively(FrameworkMethod.java:47)
	at org.junit.internal.runners.statements.InvokeMethod.evaluate(InvokeMethod.java:17)
	at org.junit.runners.ParentRunner.runLeaf(ParentRunner.java:325)
	at org.junit.runners.BlockJUnit4ClassRunner.runChild(BlockJUnit4ClassRunner.java:78)
	at org.junit.runners.BlockJUnit4ClassRunner.runChild(BlockJUnit4ClassRunner.java:57)
	at org.junit.runners.ParentRunner$3.run(ParentRunner.java:290)
	at org.junit.runners.ParentRunner$1.schedule(ParentRunner.java:71)
	at org.junit.runners.ParentRunner.runChildren(ParentRunner.java:288)
	at org.junit.runners.ParentRunner.access$000(ParentRunner.java:58)
	at org.junit.runners.ParentRunner$2.evaluate(ParentRunner.java:268)
	at org.junit.internal.runners.statements.RunBefores.evaluate(RunBefores.java:26)
	at org.junit.internal.runners.statements.RunAfters.evaluate(RunAfters.java:27)
	at org.junit.runners.ParentRunner.run(ParentRunner.java:363)
	at org.apache.maven.surefire.junit4.JUnit4Provider.execute(JUnit4Provider.java:252)
	at org.apache.maven.surefire.junit4.JUnit4Provider.executeTestSet(JUnit4Provider.java:141)
	at org.apache.maven.surefire.junit4.JUnit4Provider.invoke(JUnit4Provider.java:112)
	at java.base/jdk.internal.reflect.NativeMethodAccessorImpl.invoke0(Native Method)
	at java.base/jdk.internal.reflect.NativeMethodAccessorImpl.invoke(NativeMethodAccessorImpl.java:62)
	at java.base/jdk.internal.reflect.DelegatingMethodAccessorImpl.invoke(DelegatingMethodAccessorImpl.java:43)
	at java.base/java.lang.reflect.Method.invoke(Method.java:566)
	at org.apache.maven.surefire.util.ReflectionUtils.invokeMethodWithArray(ReflectionUtils.java:189)
	at org.apache.maven.surefire.booter.ProviderFactory$ProviderProxy.invoke(ProviderFactory.java:165)
	at org.apache.maven.surefire.booter.ProviderFactory.invokeProvider(ProviderFactory.java:85)
	at org.apache.maven.surefire.booter.ForkedBooter.runSuitesInProcess(ForkedBooter.java:115)
	at org.apache.maven.surefire.booter.ForkedBooter.main(ForkedBooter.java:75)
javax.persistence.NoResultException: getSingleResult() did not retrieve any entities.
	at org.eclipse.persistence.internal.jpa.QueryImpl.throwNoResultException(QueryImpl.java:985)
	at org.eclipse.persistence.internal.jpa.QueryImpl.getSingleResult(QueryImpl.java:535)
	at org.eclipse.persistence.internal.jpa.EJBQueryImpl.getSingleResult(EJBQueryImpl.java:404)
	at sdmx.gateway.util.ConceptSchemeUtil.findDatabaseConceptScheme(ConceptSchemeUtil.java:49)
	at sdmx.gateway.services.DatabaseRegistry.loadConcepts(DatabaseRegistry.java:202)
	at sdmx.gateway.services.DatabaseRegistry.load(DatabaseRegistry.java:89)
	at LoadABSDotStatStructure.doTest(LoadABSDotStatStructure.java:202)
	at java.base/jdk.internal.reflect.NativeMethodAccessorImpl.invoke0(Native Method)
	at java.base/jdk.internal.reflect.NativeMethodAccessorImpl.invoke(NativeMethodAccessorImpl.java:62)
	at java.base/jdk.internal.reflect.DelegatingMethodAccessorImpl.invoke(DelegatingMethodAccessorImpl.java:43)
	at java.base/java.lang.reflect.Method.invoke(Method.java:566)
	at org.junit.runners.model.FrameworkMethod$1.runReflectiveCall(FrameworkMethod.java:50)
	at org.junit.internal.runners.model.ReflectiveCallable.run(ReflectiveCallable.java:12)
	at org.junit.runners.model.FrameworkMethod.invokeExplosively(FrameworkMethod.java:47)
	at org.junit.internal.runners.statements.InvokeMethod.evaluate(InvokeMethod.java:17)
	at org.junit.runners.ParentRunner.runLeaf(ParentRunner.java:325)
	at org.junit.runners.BlockJUnit4ClassRunner.runChild(BlockJUnit4ClassRunner.java:78)
	at org.junit.runners.BlockJUnit4ClassRunner.runChild(BlockJUnit4ClassRunner.java:57)
	at org.junit.runners.ParentRunner$3.run(ParentRunner.java:290)
	at org.junit.runners.ParentRunner$1.schedule(ParentRunner.java:71)
	at org.junit.runners.ParentRunner.runChildren(ParentRunner.java:288)
	at org.junit.runners.ParentRunner.access$000(ParentRunner.java:58)
	at org.junit.runners.ParentRunner$2.evaluate(ParentRunner.java:268)
	at org.junit.internal.runners.statements.RunBefores.evaluate(RunBefores.java:26)
	at org.junit.internal.runners.statements.RunAfters.evaluate(RunAfters.java:27)
	at org.junit.runners.ParentRunner.run(ParentRunner.java:363)
	at org.apache.maven.surefire.junit4.JUnit4Provider.execute(JUnit4Provider.java:252)
	at org.apache.maven.surefire.junit4.JUnit4Provider.executeTestSet(JUnit4Provider.java:141)
	at org.apache.maven.surefire.junit4.JUnit4Provider.invoke(JUnit4Provider.java:112)
	at java.base/jdk.internal.reflect.NativeMethodAccessorImpl.invoke0(Native Method)
	at java.base/jdk.internal.reflect.NativeMethodAccessorImpl.invoke(NativeMethodAccessorImpl.java:62)
	at java.base/jdk.internal.reflect.DelegatingMethodAccessorImpl.invoke(DelegatingMethodAccessorImpl.java:43)
	at java.base/java.lang.reflect.Method.invoke(Method.java:566)
	at org.apache.maven.surefire.util.ReflectionUtils.invokeMethodWithArray(ReflectionUtils.java:189)
	at org.apache.maven.surefire.booter.ProviderFactory$ProviderProxy.invoke(ProviderFactory.java:165)
	at org.apache.maven.surefire.booter.ProviderFactory.invokeProvider(ProviderFactory.java:85)
	at org.apache.maven.surefire.booter.ForkedBooter.runSuitesInProcess(ForkedBooter.java:115)
	at org.apache.maven.surefire.booter.ForkedBooter.main(ForkedBooter.java:75)
javax.persistence.NoResultException: getSingleResult() did not retrieve any entities.
	at org.eclipse.persistence.internal.jpa.QueryImpl.throwNoResultException(QueryImpl.java:985)
	at org.eclipse.persistence.internal.jpa.QueryImpl.getSingleResult(QueryImpl.java:535)
	at org.eclipse.persistence.internal.jpa.EJBQueryImpl.getSingleResult(EJBQueryImpl.java:404)
	at sdmx.gateway.util.ConceptSchemeUtil.findDatabaseConceptScheme(ConceptSchemeUtil.java:49)
	at sdmx.gateway.services.DatabaseRegistry.loadConcepts(DatabaseRegistry.java:202)
	at sdmx.gateway.services.DatabaseRegistry.load(DatabaseRegistry.java:89)
	at LoadABSDotStatStructure.doTest(LoadABSDotStatStructure.java:202)
	at java.base/jdk.internal.reflect.NativeMethodAccessorImpl.invoke0(Native Method)
	at java.base/jdk.internal.reflect.NativeMethodAccessorImpl.invoke(NativeMethodAccessorImpl.java:62)
	at java.base/jdk.internal.reflect.DelegatingMethodAccessorImpl.invoke(DelegatingMethodAccessorImpl.java:43)
	at java.base/java.lang.reflect.Method.invoke(Method.java:566)
	at org.junit.runners.model.FrameworkMethod$1.runReflectiveCall(FrameworkMethod.java:50)
	at org.junit.internal.runners.model.ReflectiveCallable.run(ReflectiveCallable.java:12)
	at org.junit.runners.model.FrameworkMethod.invokeExplosively(FrameworkMethod.java:47)
	at org.junit.internal.runners.statements.InvokeMethod.evaluate(InvokeMethod.java:17)
	at org.junit.runners.ParentRunner.runLeaf(ParentRunner.java:325)
	at org.junit.runners.BlockJUnit4ClassRunner.runChild(BlockJUnit4ClassRunner.java:78)
	at org.junit.runners.BlockJUnit4ClassRunner.runChild(BlockJUnit4ClassRunner.java:57)
	at org.junit.runners.ParentRunner$3.run(ParentRunner.java:290)
	at org.junit.runners.ParentRunner$1.schedule(ParentRunner.java:71)
	at org.junit.runners.ParentRunner.runChildren(ParentRunner.java:288)
	at org.junit.runners.ParentRunner.access$000(ParentRunner.java:58)
	at org.junit.runners.ParentRunner$2.evaluate(ParentRunner.java:268)
	at org.junit.internal.runners.statements.RunBefores.evaluate(RunBefores.java:26)
	at org.junit.internal.runners.statements.RunAfters.evaluate(RunAfters.java:27)
	at org.junit.runners.ParentRunner.run(ParentRunner.java:363)
	at org.apache.maven.surefire.junit4.JUnit4Provider.execute(JUnit4Provider.java:252)
	at org.apache.maven.surefire.junit4.JUnit4Provider.executeTestSet(JUnit4Provider.java:141)
	at org.apache.maven.surefire.junit4.JUnit4Provider.invoke(JUnit4Provider.java:112)
	at java.base/jdk.internal.reflect.NativeMethodAccessorImpl.invoke0(Native Method)
	at java.base/jdk.internal.reflect.NativeMethodAccessorImpl.invoke(NativeMethodAccessorImpl.java:62)
	at java.base/jdk.internal.reflect.DelegatingMethodAccessorImpl.invoke(DelegatingMethodAccessorImpl.java:43)
	at java.base/java.lang.reflect.Method.invoke(Method.java:566)
	at org.apache.maven.surefire.util.ReflectionUtils.invokeMethodWithArray(ReflectionUtils.java:189)
	at org.apache.maven.surefire.booter.ProviderFactory$ProviderProxy.invoke(ProviderFactory.java:165)
	at org.apache.maven.surefire.booter.ProviderFactory.invokeProvider(ProviderFactory.java:85)
	at org.apache.maven.surefire.booter.ForkedBooter.runSuitesInProcess(ForkedBooter.java:115)
	at org.apache.maven.surefire.booter.ForkedBooter.main(ForkedBooter.java:75)
javax.persistence.NoResultException: getSingleResult() did not retrieve any entities.
	at org.eclipse.persistence.internal.jpa.QueryImpl.throwNoResultException(QueryImpl.java:985)
	at org.eclipse.persistence.internal.jpa.QueryImpl.getSingleResult(QueryImpl.java:535)
	at org.eclipse.persistence.internal.jpa.EJBQueryImpl.getSingleResult(EJBQueryImpl.java:404)
	at sdmx.gateway.util.ConceptSchemeUtil.findDatabaseConceptScheme(ConceptSchemeUtil.java:49)
	at sdmx.gateway.services.DatabaseRegistry.loadConcepts(DatabaseRegistry.java:202)
	at sdmx.gateway.services.DatabaseRegistry.load(DatabaseRegistry.java:89)
	at LoadABSDotStatStructure.doTest(LoadABSDotStatStructure.java:202)
	at java.base/jdk.internal.reflect.NativeMethodAccessorImpl.invoke0(Native Method)
	at java.base/jdk.internal.reflect.NativeMethodAccessorImpl.invoke(NativeMethodAccessorImpl.java:62)
	at java.base/jdk.internal.reflect.DelegatingMethodAccessorImpl.invoke(DelegatingMethodAccessorImpl.java:43)
	at java.base/java.lang.reflect.Method.invoke(Method.java:566)
	at org.junit.runners.model.FrameworkMethod$1.runReflectiveCall(FrameworkMethod.java:50)
	at org.junit.internal.runners.model.ReflectiveCallable.run(ReflectiveCallable.java:12)
	at org.junit.runners.model.FrameworkMethod.invokeExplosively(FrameworkMethod.java:47)
	at org.junit.internal.runners.statements.InvokeMethod.evaluate(InvokeMethod.java:17)
	at org.junit.runners.ParentRunner.runLeaf(ParentRunner.java:325)
	at org.junit.runners.BlockJUnit4ClassRunner.runChild(BlockJUnit4ClassRunner.java:78)
	at org.junit.runners.BlockJUnit4ClassRunner.runChild(BlockJUnit4ClassRunner.java:57)
	at org.junit.runners.ParentRunner$3.run(ParentRunner.java:290)
	at org.junit.runners.ParentRunner$1.schedule(ParentRunner.java:71)
	at org.junit.runners.ParentRunner.runChildren(ParentRunner.java:288)
	at org.junit.runners.ParentRunner.access$000(ParentRunner.java:58)
	at org.junit.runners.ParentRunner$2.evaluate(ParentRunner.java:268)
	at org.junit.internal.runners.statements.RunBefores.evaluate(RunBefores.java:26)
	at org.junit.internal.runners.statements.RunAfters.evaluate(RunAfters.java:27)
	at org.junit.runners.ParentRunner.run(ParentRunner.java:363)
	at org.apache.maven.surefire.junit4.JUnit4Provider.execute(JUnit4Provider.java:252)
	at org.apache.maven.surefire.junit4.JUnit4Provider.executeTestSet(JUnit4Provider.java:141)
	at org.apache.maven.surefire.junit4.JUnit4Provider.invoke(JUnit4Provider.java:112)
	at java.base/jdk.internal.reflect.NativeMethodAccessorImpl.invoke0(Native Method)
	at java.base/jdk.internal.reflect.NativeMethodAccessorImpl.invoke(NativeMethodAccessorImpl.java:62)
	at java.base/jdk.internal.reflect.DelegatingMethodAccessorImpl.invoke(DelegatingMethodAccessorImpl.java:43)
	at java.base/java.lang.reflect.Method.invoke(Method.java:566)
	at org.apache.maven.surefire.util.ReflectionUtils.invokeMethodWithArray(ReflectionUtils.java:189)
	at org.apache.maven.surefire.booter.ProviderFactory$ProviderProxy.invoke(ProviderFactory.java:165)
	at org.apache.maven.surefire.booter.ProviderFactory.invokeProvider(ProviderFactory.java:85)
	at org.apache.maven.surefire.booter.ForkedBooter.runSuitesInProcess(ForkedBooter.java:115)
	at org.apache.maven.surefire.booter.ForkedBooter.main(ForkedBooter.java:75)
javax.persistence.NoResultException: getSingleResult() did not retrieve any entities.
	at org.eclipse.persistence.internal.jpa.QueryImpl.throwNoResultException(QueryImpl.java:985)
	at org.eclipse.persistence.internal.jpa.QueryImpl.getSingleResult(QueryImpl.java:535)
	at org.eclipse.persistence.internal.jpa.EJBQueryImpl.getSingleResult(EJBQueryImpl.java:404)
	at sdmx.gateway.util.ConceptSchemeUtil.findDatabaseConceptScheme(ConceptSchemeUtil.java:49)
	at sdmx.gateway.services.DatabaseRegistry.loadConcepts(DatabaseRegistry.java:202)
	at sdmx.gateway.services.DatabaseRegistry.load(DatabaseRegistry.java:89)
	at LoadABSDotStatStructure.doTest(LoadABSDotStatStructure.java:202)
	at java.base/jdk.internal.reflect.NativeMethodAccessorImpl.invoke0(Native Method)
	at java.base/jdk.internal.reflect.NativeMethodAccessorImpl.invoke(NativeMethodAccessorImpl.java:62)
	at java.base/jdk.internal.reflect.DelegatingMethodAccessorImpl.invoke(DelegatingMethodAccessorImpl.java:43)
	at java.base/java.lang.reflect.Method.invoke(Method.java:566)
	at org.junit.runners.model.FrameworkMethod$1.runReflectiveCall(FrameworkMethod.java:50)
	at org.junit.internal.runners.model.ReflectiveCallable.run(ReflectiveCallable.java:12)
	at org.junit.runners.model.FrameworkMethod.invokeExplosively(FrameworkMethod.java:47)
	at org.junit.internal.runners.statements.InvokeMethod.evaluate(InvokeMethod.java:17)
	at org.junit.runners.ParentRunner.runLeaf(ParentRunner.java:325)
	at org.junit.runners.BlockJUnit4ClassRunner.runChild(BlockJUnit4ClassRunner.java:78)
	at org.junit.runners.BlockJUnit4ClassRunner.runChild(BlockJUnit4ClassRunner.java:57)
	at org.junit.runners.ParentRunner$3.run(ParentRunner.java:290)
	at org.junit.runners.ParentRunner$1.schedule(ParentRunner.java:71)
	at org.junit.runners.ParentRunner.runChildren(ParentRunner.java:288)
	at org.junit.runners.ParentRunner.access$000(ParentRunner.java:58)
	at org.junit.runners.ParentRunner$2.evaluate(ParentRunner.java:268)
	at org.junit.internal.runners.statements.RunBefores.evaluate(RunBefores.java:26)
	at org.junit.internal.runners.statements.RunAfters.evaluate(RunAfters.java:27)
	at org.junit.runners.ParentRunner.run(ParentRunner.java:363)
	at org.apache.maven.surefire.junit4.JUnit4Provider.execute(JUnit4Provider.java:252)
	at org.apache.maven.surefire.junit4.JUnit4Provider.executeTestSet(JUnit4Provider.java:141)
	at org.apache.maven.surefire.junit4.JUnit4Provider.invoke(JUnit4Provider.java:112)
	at java.base/jdk.internal.reflect.NativeMethodAccessorImpl.invoke0(Native Method)
	at java.base/jdk.internal.reflect.NativeMethodAccessorImpl.invoke(NativeMethodAccessorImpl.java:62)
	at java.base/jdk.internal.reflect.DelegatingMethodAccessorImpl.invoke(DelegatingMethodAccessorImpl.java:43)
	at java.base/java.lang.reflect.Method.invoke(Method.java:566)
	at org.apache.maven.surefire.util.ReflectionUtils.invokeMethodWithArray(ReflectionUtils.java:189)
	at org.apache.maven.surefire.booter.ProviderFactory$ProviderProxy.invoke(ProviderFactory.java:165)
	at org.apache.maven.surefire.booter.ProviderFactory.invokeProvider(ProviderFactory.java:85)
	at org.apache.maven.surefire.booter.ForkedBooter.runSuitesInProcess(ForkedBooter.java:115)
	at org.apache.maven.surefire.booter.ForkedBooter.main(ForkedBooter.java:75)
javax.persistence.NoResultException: getSingleResult() did not retrieve any entities.
	at org.eclipse.persistence.internal.jpa.QueryImpl.throwNoResultException(QueryImpl.java:985)
	at org.eclipse.persistence.internal.jpa.QueryImpl.getSingleResult(QueryImpl.java:535)
	at org.eclipse.persistence.internal.jpa.EJBQueryImpl.getSingleResult(EJBQueryImpl.java:404)
	at sdmx.gateway.util.ConceptSchemeUtil.findDatabaseConceptScheme(ConceptSchemeUtil.java:49)
	at sdmx.gateway.services.DatabaseRegistry.loadConcepts(DatabaseRegistry.java:202)
	at sdmx.gateway.services.DatabaseRegistry.load(DatabaseRegistry.java:89)
	at LoadABSDotStatStructure.doTest(LoadABSDotStatStructure.java:202)
	at java.base/jdk.internal.reflect.NativeMethodAccessorImpl.invoke0(Native Method)
	at java.base/jdk.internal.reflect.NativeMethodAccessorImpl.invoke(NativeMethodAccessorImpl.java:62)
	at java.base/jdk.internal.reflect.DelegatingMethodAccessorImpl.invoke(DelegatingMethodAccessorImpl.java:43)
	at java.base/java.lang.reflect.Method.invoke(Method.java:566)
	at org.junit.runners.model.FrameworkMethod$1.runReflectiveCall(FrameworkMethod.java:50)
	at org.junit.internal.runners.model.ReflectiveCallable.run(ReflectiveCallable.java:12)
	at org.junit.runners.model.FrameworkMethod.invokeExplosively(FrameworkMethod.java:47)
	at org.junit.internal.runners.statements.InvokeMethod.evaluate(InvokeMethod.java:17)
	at org.junit.runners.ParentRunner.runLeaf(ParentRunner.java:325)
	at org.junit.runners.BlockJUnit4ClassRunner.runChild(BlockJUnit4ClassRunner.java:78)
	at org.junit.runners.BlockJUnit4ClassRunner.runChild(BlockJUnit4ClassRunner.java:57)
	at org.junit.runners.ParentRunner$3.run(ParentRunner.java:290)
	at org.junit.runners.ParentRunner$1.schedule(ParentRunner.java:71)
	at org.junit.runners.ParentRunner.runChildren(ParentRunner.java:288)
	at org.junit.runners.ParentRunner.access$000(ParentRunner.java:58)
	at org.junit.runners.ParentRunner$2.evaluate(ParentRunner.java:268)
	at org.junit.internal.runners.statements.RunBefores.evaluate(RunBefores.java:26)
	at org.junit.internal.runners.statements.RunAfters.evaluate(RunAfters.java:27)
	at org.junit.runners.ParentRunner.run(ParentRunner.java:363)
	at org.apache.maven.surefire.junit4.JUnit4Provider.execute(JUnit4Provider.java:252)
	at org.apache.maven.surefire.junit4.JUnit4Provider.executeTestSet(JUnit4Provider.java:141)
	at org.apache.maven.surefire.junit4.JUnit4Provider.invoke(JUnit4Provider.java:112)
	at java.base/jdk.internal.reflect.NativeMethodAccessorImpl.invoke0(Native Method)
	at java.base/jdk.internal.reflect.NativeMethodAccessorImpl.invoke(NativeMethodAccessorImpl.java:62)
	at java.base/jdk.internal.reflect.DelegatingMethodAccessorImpl.invoke(DelegatingMethodAccessorImpl.java:43)
	at java.base/java.lang.reflect.Method.invoke(Method.java:566)
	at org.apache.maven.surefire.util.ReflectionUtils.invokeMethodWithArray(ReflectionUtils.java:189)
	at org.apache.maven.surefire.booter.ProviderFactory$ProviderProxy.invoke(ProviderFactory.java:165)
	at org.apache.maven.surefire.booter.ProviderFactory.invokeProvider(ProviderFactory.java:85)
	at org.apache.maven.surefire.booter.ForkedBooter.runSuitesInProcess(ForkedBooter.java:115)
	at org.apache.maven.surefire.booter.ForkedBooter.main(ForkedBooter.java:75)
javax.persistence.NoResultException: getSingleResult() did not retrieve any entities.
	at org.eclipse.persistence.internal.jpa.QueryImpl.throwNoResultException(QueryImpl.java:985)
	at org.eclipse.persistence.internal.jpa.QueryImpl.getSingleResult(QueryImpl.java:535)
	at org.eclipse.persistence.internal.jpa.EJBQueryImpl.getSingleResult(EJBQueryImpl.java:404)
	at sdmx.gateway.util.ConceptSchemeUtil.findDatabaseConceptScheme(ConceptSchemeUtil.java:49)
	at sdmx.gateway.services.DatabaseRegistry.loadConcepts(DatabaseRegistry.java:202)
	at sdmx.gateway.services.DatabaseRegistry.load(DatabaseRegistry.java:89)
	at LoadABSDotStatStructure.doTest(LoadABSDotStatStructure.java:202)
	at java.base/jdk.internal.reflect.NativeMethodAccessorImpl.invoke0(Native Method)
	at java.base/jdk.internal.reflect.NativeMethodAccessorImpl.invoke(NativeMethodAccessorImpl.java:62)
	at java.base/jdk.internal.reflect.DelegatingMethodAccessorImpl.invoke(DelegatingMethodAccessorImpl.java:43)
	at java.base/java.lang.reflect.Method.invoke(Method.java:566)
	at org.junit.runners.model.FrameworkMethod$1.runReflectiveCall(FrameworkMethod.java:50)
	at org.junit.internal.runners.model.ReflectiveCallable.run(ReflectiveCallable.java:12)
	at org.junit.runners.model.FrameworkMethod.invokeExplosively(FrameworkMethod.java:47)
	at org.junit.internal.runners.statements.InvokeMethod.evaluate(InvokeMethod.java:17)
	at org.junit.runners.ParentRunner.runLeaf(ParentRunner.java:325)
	at org.junit.runners.BlockJUnit4ClassRunner.runChild(BlockJUnit4ClassRunner.java:78)
	at org.junit.runners.BlockJUnit4ClassRunner.runChild(BlockJUnit4ClassRunner.java:57)
	at org.junit.runners.ParentRunner$3.run(ParentRunner.java:290)
	at org.junit.runners.ParentRunner$1.schedule(ParentRunner.java:71)
	at org.junit.runners.ParentRunner.runChildren(ParentRunner.java:288)
	at org.junit.runners.ParentRunner.access$000(ParentRunner.java:58)
	at org.junit.runners.ParentRunner$2.evaluate(ParentRunner.java:268)
	at org.junit.internal.runners.statements.RunBefores.evaluate(RunBefores.java:26)
	at org.junit.internal.runners.statements.RunAfters.evaluate(RunAfters.java:27)
	at org.junit.runners.ParentRunner.run(ParentRunner.java:363)
	at org.apache.maven.surefire.junit4.JUnit4Provider.execute(JUnit4Provider.java:252)
	at org.apache.maven.surefire.junit4.JUnit4Provider.executeTestSet(JUnit4Provider.java:141)
	at org.apache.maven.surefire.junit4.JUnit4Provider.invoke(JUnit4Provider.java:112)
	at java.base/jdk.internal.reflect.NativeMethodAccessorImpl.invoke0(Native Method)
	at java.base/jdk.internal.reflect.NativeMethodAccessorImpl.invoke(NativeMethodAccessorImpl.java:62)
	at java.base/jdk.internal.reflect.DelegatingMethodAccessorImpl.invoke(DelegatingMethodAccessorImpl.java:43)
	at java.base/java.lang.reflect.Method.invoke(Method.java:566)
	at org.apache.maven.surefire.util.ReflectionUtils.invokeMethodWithArray(ReflectionUtils.java:189)
	at org.apache.maven.surefire.booter.ProviderFactory$ProviderProxy.invoke(ProviderFactory.java:165)
	at org.apache.maven.surefire.booter.ProviderFactory.invokeProvider(ProviderFactory.java:85)
	at org.apache.maven.surefire.booter.ForkedBooter.runSuitesInProcess(ForkedBooter.java:115)
	at org.apache.maven.surefire.booter.ForkedBooter.main(ForkedBooter.java:75)
javax.persistence.NoResultException: getSingleResult() did not retrieve any entities.
	at org.eclipse.persistence.internal.jpa.QueryImpl.throwNoResultException(QueryImpl.java:985)
	at org.eclipse.persistence.internal.jpa.QueryImpl.getSingleResult(QueryImpl.java:535)
	at org.eclipse.persistence.internal.jpa.EJBQueryImpl.getSingleResult(EJBQueryImpl.java:404)
	at sdmx.gateway.util.ConceptSchemeUtil.findDatabaseConceptScheme(ConceptSchemeUtil.java:49)
	at sdmx.gateway.services.DatabaseRegistry.loadConcepts(DatabaseRegistry.java:202)
	at sdmx.gateway.services.DatabaseRegistry.load(DatabaseRegistry.java:89)
	at LoadABSDotStatStructure.doTest(LoadABSDotStatStructure.java:202)
	at java.base/jdk.internal.reflect.NativeMethodAccessorImpl.invoke0(Native Method)
	at java.base/jdk.internal.reflect.NativeMethodAccessorImpl.invoke(NativeMethodAccessorImpl.java:62)
	at java.base/jdk.internal.reflect.DelegatingMethodAccessorImpl.invoke(DelegatingMethodAccessorImpl.java:43)
	at java.base/java.lang.reflect.Method.invoke(Method.java:566)
	at org.junit.runners.model.FrameworkMethod$1.runReflectiveCall(FrameworkMethod.java:50)
	at org.junit.internal.runners.model.ReflectiveCallable.run(ReflectiveCallable.java:12)
	at org.junit.runners.model.FrameworkMethod.invokeExplosively(FrameworkMethod.java:47)
	at org.junit.internal.runners.statements.InvokeMethod.evaluate(InvokeMethod.java:17)
	at org.junit.runners.ParentRunner.runLeaf(ParentRunner.java:325)
	at org.junit.runners.BlockJUnit4ClassRunner.runChild(BlockJUnit4ClassRunner.java:78)
	at org.junit.runners.BlockJUnit4ClassRunner.runChild(BlockJUnit4ClassRunner.java:57)
	at org.junit.runners.ParentRunner$3.run(ParentRunner.java:290)
	at org.junit.runners.ParentRunner$1.schedule(ParentRunner.java:71)
	at org.junit.runners.ParentRunner.runChildren(ParentRunner.java:288)
	at org.junit.runners.ParentRunner.access$000(ParentRunner.java:58)
	at org.junit.runners.ParentRunner$2.evaluate(ParentRunner.java:268)
	at org.junit.internal.runners.statements.RunBefores.evaluate(RunBefores.java:26)
	at org.junit.internal.runners.statements.RunAfters.evaluate(RunAfters.java:27)
	at org.junit.runners.ParentRunner.run(ParentRunner.java:363)
	at org.apache.maven.surefire.junit4.JUnit4Provider.execute(JUnit4Provider.java:252)
	at org.apache.maven.surefire.junit4.JUnit4Provider.executeTestSet(JUnit4Provider.java:141)
	at org.apache.maven.surefire.junit4.JUnit4Provider.invoke(JUnit4Provider.java:112)
	at java.base/jdk.internal.reflect.NativeMethodAccessorImpl.invoke0(Native Method)
	at java.base/jdk.internal.reflect.NativeMethodAccessorImpl.invoke(NativeMethodAccessorImpl.java:62)
	at java.base/jdk.internal.reflect.DelegatingMethodAccessorImpl.invoke(DelegatingMethodAccessorImpl.java:43)
	at java.base/java.lang.reflect.Method.invoke(Method.java:566)
	at org.apache.maven.surefire.util.ReflectionUtils.invokeMethodWithArray(ReflectionUtils.java:189)
	at org.apache.maven.surefire.booter.ProviderFactory$ProviderProxy.invoke(ProviderFactory.java:165)
	at org.apache.maven.surefire.booter.ProviderFactory.invokeProvider(ProviderFactory.java:85)
	at org.apache.maven.surefire.booter.ForkedBooter.runSuitesInProcess(ForkedBooter.java:115)
	at org.apache.maven.surefire.booter.ForkedBooter.main(ForkedBooter.java:75)
javax.persistence.NoResultException: getSingleResult() did not retrieve any entities.
	at org.eclipse.persistence.internal.jpa.QueryImpl.throwNoResultException(QueryImpl.java:985)
	at org.eclipse.persistence.internal.jpa.QueryImpl.getSingleResult(QueryImpl.java:535)
	at org.eclipse.persistence.internal.jpa.EJBQueryImpl.getSingleResult(EJBQueryImpl.java:404)
	at sdmx.gateway.util.ConceptSchemeUtil.findDatabaseConceptScheme(ConceptSchemeUtil.java:49)
	at sdmx.gateway.services.DatabaseRegistry.loadConcepts(DatabaseRegistry.java:202)
	at sdmx.gateway.services.DatabaseRegistry.load(DatabaseRegistry.java:89)
	at LoadABSDotStatStructure.doTest(LoadABSDotStatStructure.java:202)
	at java.base/jdk.internal.reflect.NativeMethodAccessorImpl.invoke0(Native Method)
	at java.base/jdk.internal.reflect.NativeMethodAccessorImpl.invoke(NativeMethodAccessorImpl.java:62)
	at java.base/jdk.internal.reflect.DelegatingMethodAccessorImpl.invoke(DelegatingMethodAccessorImpl.java:43)
	at java.base/java.lang.reflect.Method.invoke(Method.java:566)
	at org.junit.runners.model.FrameworkMethod$1.runReflectiveCall(FrameworkMethod.java:50)
	at org.junit.internal.runners.model.ReflectiveCallable.run(ReflectiveCallable.java:12)
	at org.junit.runners.model.FrameworkMethod.invokeExplosively(FrameworkMethod.java:47)
	at org.junit.internal.runners.statements.InvokeMethod.evaluate(InvokeMethod.java:17)
	at org.junit.runners.ParentRunner.runLeaf(ParentRunner.java:325)
	at org.junit.runners.BlockJUnit4ClassRunner.runChild(BlockJUnit4ClassRunner.java:78)
	at org.junit.runners.BlockJUnit4ClassRunner.runChild(BlockJUnit4ClassRunner.java:57)
	at org.junit.runners.ParentRunner$3.run(ParentRunner.java:290)
	at org.junit.runners.ParentRunner$1.schedule(ParentRunner.java:71)
	at org.junit.runners.ParentRunner.runChildren(ParentRunner.java:288)
	at org.junit.runners.ParentRunner.access$000(ParentRunner.java:58)
	at org.junit.runners.ParentRunner$2.evaluate(ParentRunner.java:268)
	at org.junit.internal.runners.statements.RunBefores.evaluate(RunBefores.java:26)
	at org.junit.internal.runners.statements.RunAfters.evaluate(RunAfters.java:27)
	at org.junit.runners.ParentRunner.run(ParentRunner.java:363)
	at org.apache.maven.surefire.junit4.JUnit4Provider.execute(JUnit4Provider.java:252)
	at org.apache.maven.surefire.junit4.JUnit4Provider.executeTestSet(JUnit4Provider.java:141)
	at org.apache.maven.surefire.junit4.JUnit4Provider.invoke(JUnit4Provider.java:112)
	at java.base/jdk.internal.reflect.NativeMethodAccessorImpl.invoke0(Native Method)
	at java.base/jdk.internal.reflect.NativeMethodAccessorImpl.invoke(NativeMethodAccessorImpl.java:62)
	at java.base/jdk.internal.reflect.DelegatingMethodAccessorImpl.invoke(DelegatingMethodAccessorImpl.java:43)
	at java.base/java.lang.reflect.Method.invoke(Method.java:566)
	at org.apache.maven.surefire.util.ReflectionUtils.invokeMethodWithArray(ReflectionUtils.java:189)
	at org.apache.maven.surefire.booter.ProviderFactory$ProviderProxy.invoke(ProviderFactory.java:165)
	at org.apache.maven.surefire.booter.ProviderFactory.invokeProvider(ProviderFactory.java:85)
	at org.apache.maven.surefire.booter.ForkedBooter.runSuitesInProcess(ForkedBooter.java:115)
	at org.apache.maven.surefire.booter.ForkedBooter.main(ForkedBooter.java:75)
javax.persistence.NoResultException: getSingleResult() did not retrieve any entities.
	at org.eclipse.persistence.internal.jpa.QueryImpl.throwNoResultException(QueryImpl.java:985)
	at org.eclipse.persistence.internal.jpa.QueryImpl.getSingleResult(QueryImpl.java:535)
	at org.eclipse.persistence.internal.jpa.EJBQueryImpl.getSingleResult(EJBQueryImpl.java:404)
	at sdmx.gateway.util.ConceptSchemeUtil.findDatabaseConceptScheme(ConceptSchemeUtil.java:49)
	at sdmx.gateway.services.DatabaseRegistry.loadConcepts(DatabaseRegistry.java:202)
	at sdmx.gateway.services.DatabaseRegistry.load(DatabaseRegistry.java:89)
	at LoadABSDotStatStructure.doTest(LoadABSDotStatStructure.java:202)
	at java.base/jdk.internal.reflect.NativeMethodAccessorImpl.invoke0(Native Method)
	at java.base/jdk.internal.reflect.NativeMethodAccessorImpl.invoke(NativeMethodAccessorImpl.java:62)
	at java.base/jdk.internal.reflect.DelegatingMethodAccessorImpl.invoke(DelegatingMethodAccessorImpl.java:43)
	at java.base/java.lang.reflect.Method.invoke(Method.java:566)
	at org.junit.runners.model.FrameworkMethod$1.runReflectiveCall(FrameworkMethod.java:50)
	at org.junit.internal.runners.model.ReflectiveCallable.run(ReflectiveCallable.java:12)
	at org.junit.runners.model.FrameworkMethod.invokeExplosively(FrameworkMethod.java:47)
	at org.junit.internal.runners.statements.InvokeMethod.evaluate(InvokeMethod.java:17)
	at org.junit.runners.ParentRunner.runLeaf(ParentRunner.java:325)
	at org.junit.runners.BlockJUnit4ClassRunner.runChild(BlockJUnit4ClassRunner.java:78)
	at org.junit.runners.BlockJUnit4ClassRunner.runChild(BlockJUnit4ClassRunner.java:57)
	at org.junit.runners.ParentRunner$3.run(ParentRunner.java:290)
	at org.junit.runners.ParentRunner$1.schedule(ParentRunner.java:71)
	at org.junit.runners.ParentRunner.runChildren(ParentRunner.java:288)
	at org.junit.runners.ParentRunner.access$000(ParentRunner.java:58)
	at org.junit.runners.ParentRunner$2.evaluate(ParentRunner.java:268)
	at org.junit.internal.runners.statements.RunBefores.evaluate(RunBefores.java:26)
	at org.junit.internal.runners.statements.RunAfters.evaluate(RunAfters.java:27)
	at org.junit.runners.ParentRunner.run(ParentRunner.java:363)
	at org.apache.maven.surefire.junit4.JUnit4Provider.execute(JUnit4Provider.java:252)
	at org.apache.maven.surefire.junit4.JUnit4Provider.executeTestSet(JUnit4Provider.java:141)
	at org.apache.maven.surefire.junit4.JUnit4Provider.invoke(JUnit4Provider.java:112)
	at java.base/jdk.internal.reflect.NativeMethodAccessorImpl.invoke0(Native Method)
	at java.base/jdk.internal.reflect.NativeMethodAccessorImpl.invoke(NativeMethodAccessorImpl.java:62)
	at java.base/jdk.internal.reflect.DelegatingMethodAccessorImpl.invoke(DelegatingMethodAccessorImpl.java:43)
	at java.base/java.lang.reflect.Method.invoke(Method.java:566)
	at org.apache.maven.surefire.util.ReflectionUtils.invokeMethodWithArray(ReflectionUtils.java:189)
	at org.apache.maven.surefire.booter.ProviderFactory$ProviderProxy.invoke(ProviderFactory.java:165)
	at org.apache.maven.surefire.booter.ProviderFactory.invokeProvider(ProviderFactory.java:85)
	at org.apache.maven.surefire.booter.ForkedBooter.runSuitesInProcess(ForkedBooter.java:115)
	at org.apache.maven.surefire.booter.ForkedBooter.main(ForkedBooter.java:75)
javax.persistence.NoResultException: getSingleResult() did not retrieve any entities.
	at org.eclipse.persistence.internal.jpa.QueryImpl.throwNoResultException(QueryImpl.java:985)
	at org.eclipse.persistence.internal.jpa.QueryImpl.getSingleResult(QueryImpl.java:535)
	at org.eclipse.persistence.internal.jpa.EJBQueryImpl.getSingleResult(EJBQueryImpl.java:404)
	at sdmx.gateway.util.ConceptSchemeUtil.findDatabaseConceptScheme(ConceptSchemeUtil.java:49)
	at sdmx.gateway.services.DatabaseRegistry.loadConcepts(DatabaseRegistry.java:202)
	at sdmx.gateway.services.DatabaseRegistry.load(DatabaseRegistry.java:89)
	at LoadABSDotStatStructure.doTest(LoadABSDotStatStructure.java:202)
	at java.base/jdk.internal.reflect.NativeMethodAccessorImpl.invoke0(Native Method)
	at java.base/jdk.internal.reflect.NativeMethodAccessorImpl.invoke(NativeMethodAccessorImpl.java:62)
	at java.base/jdk.internal.reflect.DelegatingMethodAccessorImpl.invoke(DelegatingMethodAccessorImpl.java:43)
	at java.base/java.lang.reflect.Method.invoke(Method.java:566)
	at org.junit.runners.model.FrameworkMethod$1.runReflectiveCall(FrameworkMethod.java:50)
	at org.junit.internal.runners.model.ReflectiveCallable.run(ReflectiveCallable.java:12)
	at org.junit.runners.model.FrameworkMethod.invokeExplosively(FrameworkMethod.java:47)
	at org.junit.internal.runners.statements.InvokeMethod.evaluate(InvokeMethod.java:17)
	at org.junit.runners.ParentRunner.runLeaf(ParentRunner.java:325)
	at org.junit.runners.BlockJUnit4ClassRunner.runChild(BlockJUnit4ClassRunner.java:78)
	at org.junit.runners.BlockJUnit4ClassRunner.runChild(BlockJUnit4ClassRunner.java:57)
	at org.junit.runners.ParentRunner$3.run(ParentRunner.java:290)
	at org.junit.runners.ParentRunner$1.schedule(ParentRunner.java:71)
	at org.junit.runners.ParentRunner.runChildren(ParentRunner.java:288)
	at org.junit.runners.ParentRunner.access$000(ParentRunner.java:58)
	at org.junit.runners.ParentRunner$2.evaluate(ParentRunner.java:268)
	at org.junit.internal.runners.statements.RunBefores.evaluate(RunBefores.java:26)
	at org.junit.internal.runners.statements.RunAfters.evaluate(RunAfters.java:27)
	at org.junit.runners.ParentRunner.run(ParentRunner.java:363)
	at org.apache.maven.surefire.junit4.JUnit4Provider.execute(JUnit4Provider.java:252)
	at org.apache.maven.surefire.junit4.JUnit4Provider.executeTestSet(JUnit4Provider.java:141)
	at org.apache.maven.surefire.junit4.JUnit4Provider.invoke(JUnit4Provider.java:112)
	at java.base/jdk.internal.reflect.NativeMethodAccessorImpl.invoke0(Native Method)
	at java.base/jdk.internal.reflect.NativeMethodAccessorImpl.invoke(NativeMethodAccessorImpl.java:62)
	at java.base/jdk.internal.reflect.DelegatingMethodAccessorImpl.invoke(DelegatingMethodAccessorImpl.java:43)
	at java.base/java.lang.reflect.Method.invoke(Method.java:566)
	at org.apache.maven.surefire.util.ReflectionUtils.invokeMethodWithArray(ReflectionUtils.java:189)
	at org.apache.maven.surefire.booter.ProviderFactory$ProviderProxy.invoke(ProviderFactory.java:165)
	at org.apache.maven.surefire.booter.ProviderFactory.invokeProvider(ProviderFactory.java:85)
	at org.apache.maven.surefire.booter.ForkedBooter.runSuitesInProcess(ForkedBooter.java:115)
	at org.apache.maven.surefire.booter.ForkedBooter.main(ForkedBooter.java:75)
javax.persistence.NoResultException: getSingleResult() did not retrieve any entities.
	at org.eclipse.persistence.internal.jpa.QueryImpl.throwNoResultException(QueryImpl.java:985)
	at org.eclipse.persistence.internal.jpa.QueryImpl.getSingleResult(QueryImpl.java:535)
	at org.eclipse.persistence.internal.jpa.EJBQueryImpl.getSingleResult(EJBQueryImpl.java:404)
	at sdmx.gateway.util.ConceptSchemeUtil.findDatabaseConceptScheme(ConceptSchemeUtil.java:49)
	at sdmx.gateway.services.DatabaseRegistry.loadConcepts(DatabaseRegistry.java:202)
	at sdmx.gateway.services.DatabaseRegistry.load(DatabaseRegistry.java:89)
	at LoadABSDotStatStructure.doTest(LoadABSDotStatStructure.java:202)
	at java.base/jdk.internal.reflect.NativeMethodAccessorImpl.invoke0(Native Method)
	at java.base/jdk.internal.reflect.NativeMethodAccessorImpl.invoke(NativeMethodAccessorImpl.java:62)
	at java.base/jdk.internal.reflect.DelegatingMethodAccessorImpl.invoke(DelegatingMethodAccessorImpl.java:43)
	at java.base/java.lang.reflect.Method.invoke(Method.java:566)
	at org.junit.runners.model.FrameworkMethod$1.runReflectiveCall(FrameworkMethod.java:50)
	at org.junit.internal.runners.model.ReflectiveCallable.run(ReflectiveCallable.java:12)
	at org.junit.runners.model.FrameworkMethod.invokeExplosively(FrameworkMethod.java:47)
	at org.junit.internal.runners.statements.InvokeMethod.evaluate(InvokeMethod.java:17)
	at org.junit.runners.ParentRunner.runLeaf(ParentRunner.java:325)
	at org.junit.runners.BlockJUnit4ClassRunner.runChild(BlockJUnit4ClassRunner.java:78)
	at org.junit.runners.BlockJUnit4ClassRunner.runChild(BlockJUnit4ClassRunner.java:57)
	at org.junit.runners.ParentRunner$3.run(ParentRunner.java:290)
	at org.junit.runners.ParentRunner$1.schedule(ParentRunner.java:71)
	at org.junit.runners.ParentRunner.runChildren(ParentRunner.java:288)
	at org.junit.runners.ParentRunner.access$000(ParentRunner.java:58)
	at org.junit.runners.ParentRunner$2.evaluate(ParentRunner.java:268)
	at org.junit.internal.runners.statements.RunBefores.evaluate(RunBefores.java:26)
	at org.junit.internal.runners.statements.RunAfters.evaluate(RunAfters.java:27)
	at org.junit.runners.ParentRunner.run(ParentRunner.java:363)
	at org.apache.maven.surefire.junit4.JUnit4Provider.execute(JUnit4Provider.java:252)
	at org.apache.maven.surefire.junit4.JUnit4Provider.executeTestSet(JUnit4Provider.java:141)
	at org.apache.maven.surefire.junit4.JUnit4Provider.invoke(JUnit4Provider.java:112)
	at java.base/jdk.internal.reflect.NativeMethodAccessorImpl.invoke0(Native Method)
	at java.base/jdk.internal.reflect.NativeMethodAccessorImpl.invoke(NativeMethodAccessorImpl.java:62)
	at java.base/jdk.internal.reflect.DelegatingMethodAccessorImpl.invoke(DelegatingMethodAccessorImpl.java:43)
	at java.base/java.lang.reflect.Method.invoke(Method.java:566)
	at org.apache.maven.surefire.util.ReflectionUtils.invokeMethodWithArray(ReflectionUtils.java:189)
	at org.apache.maven.surefire.booter.ProviderFactory$ProviderProxy.invoke(ProviderFactory.java:165)
	at org.apache.maven.surefire.booter.ProviderFactory.invokeProvider(ProviderFactory.java:85)
	at org.apache.maven.surefire.booter.ForkedBooter.runSuitesInProcess(ForkedBooter.java:115)
	at org.apache.maven.surefire.booter.ForkedBooter.main(ForkedBooter.java:75)
javax.persistence.NoResultException: getSingleResult() did not retrieve any entities.
	at org.eclipse.persistence.internal.jpa.QueryImpl.throwNoResultException(QueryImpl.java:985)
	at org.eclipse.persistence.internal.jpa.QueryImpl.getSingleResult(QueryImpl.java:535)
	at org.eclipse.persistence.internal.jpa.EJBQueryImpl.getSingleResult(EJBQueryImpl.java:404)
	at sdmx.gateway.util.ConceptSchemeUtil.findDatabaseConceptScheme(ConceptSchemeUtil.java:49)
	at sdmx.gateway.services.DatabaseRegistry.loadConcepts(DatabaseRegistry.java:202)
	at sdmx.gateway.services.DatabaseRegistry.load(DatabaseRegistry.java:89)
	at LoadABSDotStatStructure.doTest(LoadABSDotStatStructure.java:202)
	at java.base/jdk.internal.reflect.NativeMethodAccessorImpl.invoke0(Native Method)
	at java.base/jdk.internal.reflect.NativeMethodAccessorImpl.invoke(NativeMethodAccessorImpl.java:62)
	at java.base/jdk.internal.reflect.DelegatingMethodAccessorImpl.invoke(DelegatingMethodAccessorImpl.java:43)
	at java.base/java.lang.reflect.Method.invoke(Method.java:566)
	at org.junit.runners.model.FrameworkMethod$1.runReflectiveCall(FrameworkMethod.java:50)
	at org.junit.internal.runners.model.ReflectiveCallable.run(ReflectiveCallable.java:12)
	at org.junit.runners.model.FrameworkMethod.invokeExplosively(FrameworkMethod.java:47)
	at org.junit.internal.runners.statements.InvokeMethod.evaluate(InvokeMethod.java:17)
	at org.junit.runners.ParentRunner.runLeaf(ParentRunner.java:325)
	at org.junit.runners.BlockJUnit4ClassRunner.runChild(BlockJUnit4ClassRunner.java:78)
	at org.junit.runners.BlockJUnit4ClassRunner.runChild(BlockJUnit4ClassRunner.java:57)
	at org.junit.runners.ParentRunner$3.run(ParentRunner.java:290)
	at org.junit.runners.ParentRunner$1.schedule(ParentRunner.java:71)
	at org.junit.runners.ParentRunner.runChildren(ParentRunner.java:288)
	at org.junit.runners.ParentRunner.access$000(ParentRunner.java:58)
	at org.junit.runners.ParentRunner$2.evaluate(ParentRunner.java:268)
	at org.junit.internal.runners.statements.RunBefores.evaluate(RunBefores.java:26)
	at org.junit.internal.runners.statements.RunAfters.evaluate(RunAfters.java:27)
	at org.junit.runners.ParentRunner.run(ParentRunner.java:363)
	at org.apache.maven.surefire.junit4.JUnit4Provider.execute(JUnit4Provider.java:252)
	at org.apache.maven.surefire.junit4.JUnit4Provider.executeTestSet(JUnit4Provider.java:141)
	at org.apache.maven.surefire.junit4.JUnit4Provider.invoke(JUnit4Provider.java:112)
	at java.base/jdk.internal.reflect.NativeMethodAccessorImpl.invoke0(Native Method)
	at java.base/jdk.internal.reflect.NativeMethodAccessorImpl.invoke(NativeMethodAccessorImpl.java:62)
	at java.base/jdk.internal.reflect.DelegatingMethodAccessorImpl.invoke(DelegatingMethodAccessorImpl.java:43)
	at java.base/java.lang.reflect.Method.invoke(Method.java:566)
	at org.apache.maven.surefire.util.ReflectionUtils.invokeMethodWithArray(ReflectionUtils.java:189)
	at org.apache.maven.surefire.booter.ProviderFactory$ProviderProxy.invoke(ProviderFactory.java:165)
	at org.apache.maven.surefire.booter.ProviderFactory.invokeProvider(ProviderFactory.java:85)
	at org.apache.maven.surefire.booter.ForkedBooter.runSuitesInProcess(ForkedBooter.java:115)
	at org.apache.maven.surefire.booter.ForkedBooter.main(ForkedBooter.java:75)
javax.persistence.NoResultException: getSingleResult() did not retrieve any entities.
	at org.eclipse.persistence.internal.jpa.QueryImpl.throwNoResultException(QueryImpl.java:985)
	at org.eclipse.persistence.internal.jpa.QueryImpl.getSingleResult(QueryImpl.java:535)
	at org.eclipse.persistence.internal.jpa.EJBQueryImpl.getSingleResult(EJBQueryImpl.java:404)
	at sdmx.gateway.util.ConceptSchemeUtil.findDatabaseConceptScheme(ConceptSchemeUtil.java:49)
	at sdmx.gateway.services.DatabaseRegistry.loadConcepts(DatabaseRegistry.java:202)
	at sdmx.gateway.services.DatabaseRegistry.load(DatabaseRegistry.java:89)
	at LoadABSDotStatStructure.doTest(LoadABSDotStatStructure.java:202)
	at java.base/jdk.internal.reflect.NativeMethodAccessorImpl.invoke0(Native Method)
	at java.base/jdk.internal.reflect.NativeMethodAccessorImpl.invoke(NativeMethodAccessorImpl.java:62)
	at java.base/jdk.internal.reflect.DelegatingMethodAccessorImpl.invoke(DelegatingMethodAccessorImpl.java:43)
	at java.base/java.lang.reflect.Method.invoke(Method.java:566)
	at org.junit.runners.model.FrameworkMethod$1.runReflectiveCall(FrameworkMethod.java:50)
	at org.junit.internal.runners.model.ReflectiveCallable.run(ReflectiveCallable.java:12)
	at org.junit.runners.model.FrameworkMethod.invokeExplosively(FrameworkMethod.java:47)
	at org.junit.internal.runners.statements.InvokeMethod.evaluate(InvokeMethod.java:17)
	at org.junit.runners.ParentRunner.runLeaf(ParentRunner.java:325)
	at org.junit.runners.BlockJUnit4ClassRunner.runChild(BlockJUnit4ClassRunner.java:78)
	at org.junit.runners.BlockJUnit4ClassRunner.runChild(BlockJUnit4ClassRunner.java:57)
	at org.junit.runners.ParentRunner$3.run(ParentRunner.java:290)
	at org.junit.runners.ParentRunner$1.schedule(ParentRunner.java:71)
	at org.junit.runners.ParentRunner.runChildren(ParentRunner.java:288)
	at org.junit.runners.ParentRunner.access$000(ParentRunner.java:58)
	at org.junit.runners.ParentRunner$2.evaluate(ParentRunner.java:268)
	at org.junit.internal.runners.statements.RunBefores.evaluate(RunBefores.java:26)
	at org.junit.internal.runners.statements.RunAfters.evaluate(RunAfters.java:27)
	at org.junit.runners.ParentRunner.run(ParentRunner.java:363)
	at org.apache.maven.surefire.junit4.JUnit4Provider.execute(JUnit4Provider.java:252)
	at org.apache.maven.surefire.junit4.JUnit4Provider.executeTestSet(JUnit4Provider.java:141)
	at org.apache.maven.surefire.junit4.JUnit4Provider.invoke(JUnit4Provider.java:112)
	at java.base/jdk.internal.reflect.NativeMethodAccessorImpl.invoke0(Native Method)
	at java.base/jdk.internal.reflect.NativeMethodAccessorImpl.invoke(NativeMethodAccessorImpl.java:62)
	at java.base/jdk.internal.reflect.DelegatingMethodAccessorImpl.invoke(DelegatingMethodAccessorImpl.java:43)
	at java.base/java.lang.reflect.Method.invoke(Method.java:566)
	at org.apache.maven.surefire.util.ReflectionUtils.invokeMethodWithArray(ReflectionUtils.java:189)
	at org.apache.maven.surefire.booter.ProviderFactory$ProviderProxy.invoke(ProviderFactory.java:165)
	at org.apache.maven.surefire.booter.ProviderFactory.invokeProvider(ProviderFactory.java:85)
	at org.apache.maven.surefire.booter.ForkedBooter.runSuitesInProcess(ForkedBooter.java:115)
	at org.apache.maven.surefire.booter.ForkedBooter.main(ForkedBooter.java:75)
javax.persistence.NoResultException: getSingleResult() did not retrieve any entities.
	at org.eclipse.persistence.internal.jpa.QueryImpl.throwNoResultException(QueryImpl.java:985)
	at org.eclipse.persistence.internal.jpa.QueryImpl.getSingleResult(QueryImpl.java:535)
	at org.eclipse.persistence.internal.jpa.EJBQueryImpl.getSingleResult(EJBQueryImpl.java:404)
	at sdmx.gateway.util.ConceptSchemeUtil.findDatabaseConceptScheme(ConceptSchemeUtil.java:49)
	at sdmx.gateway.services.DatabaseRegistry.loadConcepts(DatabaseRegistry.java:202)
	at sdmx.gateway.services.DatabaseRegistry.load(DatabaseRegistry.java:89)
	at LoadABSDotStatStructure.doTest(LoadABSDotStatStructure.java:202)
	at java.base/jdk.internal.reflect.NativeMethodAccessorImpl.invoke0(Native Method)
	at java.base/jdk.internal.reflect.NativeMethodAccessorImpl.invoke(NativeMethodAccessorImpl.java:62)
	at java.base/jdk.internal.reflect.DelegatingMethodAccessorImpl.invoke(DelegatingMethodAccessorImpl.java:43)
	at java.base/java.lang.reflect.Method.invoke(Method.java:566)
	at org.junit.runners.model.FrameworkMethod$1.runReflectiveCall(FrameworkMethod.java:50)
	at org.junit.internal.runners.model.ReflectiveCallable.run(ReflectiveCallable.java:12)
	at org.junit.runners.model.FrameworkMethod.invokeExplosively(FrameworkMethod.java:47)
	at org.junit.internal.runners.statements.InvokeMethod.evaluate(InvokeMethod.java:17)
	at org.junit.runners.ParentRunner.runLeaf(ParentRunner.java:325)
	at org.junit.runners.BlockJUnit4ClassRunner.runChild(BlockJUnit4ClassRunner.java:78)
	at org.junit.runners.BlockJUnit4ClassRunner.runChild(BlockJUnit4ClassRunner.java:57)
	at org.junit.runners.ParentRunner$3.run(ParentRunner.java:290)
	at org.junit.runners.ParentRunner$1.schedule(ParentRunner.java:71)
	at org.junit.runners.ParentRunner.runChildren(ParentRunner.java:288)
	at org.junit.runners.ParentRunner.access$000(ParentRunner.java:58)
	at org.junit.runners.ParentRunner$2.evaluate(ParentRunner.java:268)
	at org.junit.internal.runners.statements.RunBefores.evaluate(RunBefores.java:26)
	at org.junit.internal.runners.statements.RunAfters.evaluate(RunAfters.java:27)
	at org.junit.runners.ParentRunner.run(ParentRunner.java:363)
	at org.apache.maven.surefire.junit4.JUnit4Provider.execute(JUnit4Provider.java:252)
	at org.apache.maven.surefire.junit4.JUnit4Provider.executeTestSet(JUnit4Provider.java:141)
	at org.apache.maven.surefire.junit4.JUnit4Provider.invoke(JUnit4Provider.java:112)
	at java.base/jdk.internal.reflect.NativeMethodAccessorImpl.invoke0(Native Method)
	at java.base/jdk.internal.reflect.NativeMethodAccessorImpl.invoke(NativeMethodAccessorImpl.java:62)
	at java.base/jdk.internal.reflect.DelegatingMethodAccessorImpl.invoke(DelegatingMethodAccessorImpl.java:43)
	at java.base/java.lang.reflect.Method.invoke(Method.java:566)
	at org.apache.maven.surefire.util.ReflectionUtils.invokeMethodWithArray(ReflectionUtils.java:189)
	at org.apache.maven.surefire.booter.ProviderFactory$ProviderProxy.invoke(ProviderFactory.java:165)
	at org.apache.maven.surefire.booter.ProviderFactory.invokeProvider(ProviderFactory.java:85)
	at org.apache.maven.surefire.booter.ForkedBooter.runSuitesInProcess(ForkedBooter.java:115)
	at org.apache.maven.surefire.booter.ForkedBooter.main(ForkedBooter.java:75)
javax.persistence.NoResultException: getSingleResult() did not retrieve any entities.
	at org.eclipse.persistence.internal.jpa.QueryImpl.throwNoResultException(QueryImpl.java:985)
	at org.eclipse.persistence.internal.jpa.QueryImpl.getSingleResult(QueryImpl.java:535)
	at org.eclipse.persistence.internal.jpa.EJBQueryImpl.getSingleResult(EJBQueryImpl.java:404)
	at sdmx.gateway.util.ConceptSchemeUtil.findDatabaseConceptScheme(ConceptSchemeUtil.java:49)
	at sdmx.gateway.services.DatabaseRegistry.loadConcepts(DatabaseRegistry.java:202)
	at sdmx.gateway.services.DatabaseRegistry.load(DatabaseRegistry.java:89)
	at LoadABSDotStatStructure.doTest(LoadABSDotStatStructure.java:202)
	at java.base/jdk.internal.reflect.NativeMethodAccessorImpl.invoke0(Native Method)
	at java.base/jdk.internal.reflect.NativeMethodAccessorImpl.invoke(NativeMethodAccessorImpl.java:62)
	at java.base/jdk.internal.reflect.DelegatingMethodAccessorImpl.invoke(DelegatingMethodAccessorImpl.java:43)
	at java.base/java.lang.reflect.Method.invoke(Method.java:566)
	at org.junit.runners.model.FrameworkMethod$1.runReflectiveCall(FrameworkMethod.java:50)
	at org.junit.internal.runners.model.ReflectiveCallable.run(ReflectiveCallable.java:12)
	at org.junit.runners.model.FrameworkMethod.invokeExplosively(FrameworkMethod.java:47)
	at org.junit.internal.runners.statements.InvokeMethod.evaluate(InvokeMethod.java:17)
	at org.junit.runners.ParentRunner.runLeaf(ParentRunner.java:325)
	at org.junit.runners.BlockJUnit4ClassRunner.runChild(BlockJUnit4ClassRunner.java:78)
	at org.junit.runners.BlockJUnit4ClassRunner.runChild(BlockJUnit4ClassRunner.java:57)
	at org.junit.runners.ParentRunner$3.run(ParentRunner.java:290)
	at org.junit.runners.ParentRunner$1.schedule(ParentRunner.java:71)
	at org.junit.runners.ParentRunner.runChildren(ParentRunner.java:288)
	at org.junit.runners.ParentRunner.access$000(ParentRunner.java:58)
	at org.junit.runners.ParentRunner$2.evaluate(ParentRunner.java:268)
	at org.junit.internal.runners.statements.RunBefores.evaluate(RunBefores.java:26)
	at org.junit.internal.runners.statements.RunAfters.evaluate(RunAfters.java:27)
	at org.junit.runners.ParentRunner.run(ParentRunner.java:363)
	at org.apache.maven.surefire.junit4.JUnit4Provider.execute(JUnit4Provider.java:252)
	at org.apache.maven.surefire.junit4.JUnit4Provider.executeTestSet(JUnit4Provider.java:141)
	at org.apache.maven.surefire.junit4.JUnit4Provider.invoke(JUnit4Provider.java:112)
	at java.base/jdk.internal.reflect.NativeMethodAccessorImpl.invoke0(Native Method)
	at java.base/jdk.internal.reflect.NativeMethodAccessorImpl.invoke(NativeMethodAccessorImpl.java:62)
	at java.base/jdk.internal.reflect.DelegatingMethodAccessorImpl.invoke(DelegatingMethodAccessorImpl.java:43)
	at java.base/java.lang.reflect.Method.invoke(Method.java:566)
	at org.apache.maven.surefire.util.ReflectionUtils.invokeMethodWithArray(ReflectionUtils.java:189)
	at org.apache.maven.surefire.booter.ProviderFactory$ProviderProxy.invoke(ProviderFactory.java:165)
	at org.apache.maven.surefire.booter.ProviderFactory.invokeProvider(ProviderFactory.java:85)
	at org.apache.maven.surefire.booter.ForkedBooter.runSuitesInProcess(ForkedBooter.java:115)
	at org.apache.maven.surefire.booter.ForkedBooter.main(ForkedBooter.java:75)
javax.persistence.NoResultException: getSingleResult() did not retrieve any entities.
	at org.eclipse.persistence.internal.jpa.QueryImpl.throwNoResultException(QueryImpl.java:985)
	at org.eclipse.persistence.internal.jpa.QueryImpl.getSingleResult(QueryImpl.java:535)
	at org.eclipse.persistence.internal.jpa.EJBQueryImpl.getSingleResult(EJBQueryImpl.java:404)
	at sdmx.gateway.util.ConceptSchemeUtil.findDatabaseConceptScheme(ConceptSchemeUtil.java:49)
	at sdmx.gateway.services.DatabaseRegistry.loadConcepts(DatabaseRegistry.java:202)
	at sdmx.gateway.services.DatabaseRegistry.load(DatabaseRegistry.java:89)
	at LoadABSDotStatStructure.doTest(LoadABSDotStatStructure.java:202)
	at java.base/jdk.internal.reflect.NativeMethodAccessorImpl.invoke0(Native Method)
	at java.base/jdk.internal.reflect.NativeMethodAccessorImpl.invoke(NativeMethodAccessorImpl.java:62)
	at java.base/jdk.internal.reflect.DelegatingMethodAccessorImpl.invoke(DelegatingMethodAccessorImpl.java:43)
	at java.base/java.lang.reflect.Method.invoke(Method.java:566)
	at org.junit.runners.model.FrameworkMethod$1.runReflectiveCall(FrameworkMethod.java:50)
	at org.junit.internal.runners.model.ReflectiveCallable.run(ReflectiveCallable.java:12)
	at org.junit.runners.model.FrameworkMethod.invokeExplosively(FrameworkMethod.java:47)
	at org.junit.internal.runners.statements.InvokeMethod.evaluate(InvokeMethod.java:17)
	at org.junit.runners.ParentRunner.runLeaf(ParentRunner.java:325)
	at org.junit.runners.BlockJUnit4ClassRunner.runChild(BlockJUnit4ClassRunner.java:78)
	at org.junit.runners.BlockJUnit4ClassRunner.runChild(BlockJUnit4ClassRunner.java:57)
	at org.junit.runners.ParentRunner$3.run(ParentRunner.java:290)
	at org.junit.runners.ParentRunner$1.schedule(ParentRunner.java:71)
	at org.junit.runners.ParentRunner.runChildren(ParentRunner.java:288)
	at org.junit.runners.ParentRunner.access$000(ParentRunner.java:58)
	at org.junit.runners.ParentRunner$2.evaluate(ParentRunner.java:268)
	at org.junit.internal.runners.statements.RunBefores.evaluate(RunBefores.java:26)
	at org.junit.internal.runners.statements.RunAfters.evaluate(RunAfters.java:27)
	at org.junit.runners.ParentRunner.run(ParentRunner.java:363)
	at org.apache.maven.surefire.junit4.JUnit4Provider.execute(JUnit4Provider.java:252)
	at org.apache.maven.surefire.junit4.JUnit4Provider.executeTestSet(JUnit4Provider.java:141)
	at org.apache.maven.surefire.junit4.JUnit4Provider.invoke(JUnit4Provider.java:112)
	at java.base/jdk.internal.reflect.NativeMethodAccessorImpl.invoke0(Native Method)
	at java.base/jdk.internal.reflect.NativeMethodAccessorImpl.invoke(NativeMethodAccessorImpl.java:62)
	at java.base/jdk.internal.reflect.DelegatingMethodAccessorImpl.invoke(DelegatingMethodAccessorImpl.java:43)
	at java.base/java.lang.reflect.Method.invoke(Method.java:566)
	at org.apache.maven.surefire.util.ReflectionUtils.invokeMethodWithArray(ReflectionUtils.java:189)
	at org.apache.maven.surefire.booter.ProviderFactory$ProviderProxy.invoke(ProviderFactory.java:165)
	at org.apache.maven.surefire.booter.ProviderFactory.invokeProvider(ProviderFactory.java:85)
	at org.apache.maven.surefire.booter.ForkedBooter.runSuitesInProcess(ForkedBooter.java:115)
	at org.apache.maven.surefire.booter.ForkedBooter.main(ForkedBooter.java:75)
javax.persistence.NoResultException: getSingleResult() did not retrieve any entities.
	at org.eclipse.persistence.internal.jpa.QueryImpl.throwNoResultException(QueryImpl.java:985)
	at org.eclipse.persistence.internal.jpa.QueryImpl.getSingleResult(QueryImpl.java:535)
	at org.eclipse.persistence.internal.jpa.EJBQueryImpl.getSingleResult(EJBQueryImpl.java:404)
	at sdmx.gateway.util.ConceptSchemeUtil.findDatabaseConceptScheme(ConceptSchemeUtil.java:49)
	at sdmx.gateway.services.DatabaseRegistry.loadConcepts(DatabaseRegistry.java:202)
	at sdmx.gateway.services.DatabaseRegistry.load(DatabaseRegistry.java:89)
	at LoadABSDotStatStructure.doTest(LoadABSDotStatStructure.java:202)
	at java.base/jdk.internal.reflect.NativeMethodAccessorImpl.invoke0(Native Method)
	at java.base/jdk.internal.reflect.NativeMethodAccessorImpl.invoke(NativeMethodAccessorImpl.java:62)
	at java.base/jdk.internal.reflect.DelegatingMethodAccessorImpl.invoke(DelegatingMethodAccessorImpl.java:43)
	at java.base/java.lang.reflect.Method.invoke(Method.java:566)
	at org.junit.runners.model.FrameworkMethod$1.runReflectiveCall(FrameworkMethod.java:50)
	at org.junit.internal.runners.model.ReflectiveCallable.run(ReflectiveCallable.java:12)
	at org.junit.runners.model.FrameworkMethod.invokeExplosively(FrameworkMethod.java:47)
	at org.junit.internal.runners.statements.InvokeMethod.evaluate(InvokeMethod.java:17)
	at org.junit.runners.ParentRunner.runLeaf(ParentRunner.java:325)
	at org.junit.runners.BlockJUnit4ClassRunner.runChild(BlockJUnit4ClassRunner.java:78)
	at org.junit.runners.BlockJUnit4ClassRunner.runChild(BlockJUnit4ClassRunner.java:57)
	at org.junit.runners.ParentRunner$3.run(ParentRunner.java:290)
	at org.junit.runners.ParentRunner$1.schedule(ParentRunner.java:71)
	at org.junit.runners.ParentRunner.runChildren(ParentRunner.java:288)
	at org.junit.runners.ParentRunner.access$000(ParentRunner.java:58)
	at org.junit.runners.ParentRunner$2.evaluate(ParentRunner.java:268)
	at org.junit.internal.runners.statements.RunBefores.evaluate(RunBefores.java:26)
	at org.junit.internal.runners.statements.RunAfters.evaluate(RunAfters.java:27)
	at org.junit.runners.ParentRunner.run(ParentRunner.java:363)
	at org.apache.maven.surefire.junit4.JUnit4Provider.execute(JUnit4Provider.java:252)
	at org.apache.maven.surefire.junit4.JUnit4Provider.executeTestSet(JUnit4Provider.java:141)
	at org.apache.maven.surefire.junit4.JUnit4Provider.invoke(JUnit4Provider.java:112)
	at java.base/jdk.internal.reflect.NativeMethodAccessorImpl.invoke0(Native Method)
	at java.base/jdk.internal.reflect.NativeMethodAccessorImpl.invoke(NativeMethodAccessorImpl.java:62)
	at java.base/jdk.internal.reflect.DelegatingMethodAccessorImpl.invoke(DelegatingMethodAccessorImpl.java:43)
	at java.base/java.lang.reflect.Method.invoke(Method.java:566)
	at org.apache.maven.surefire.util.ReflectionUtils.invokeMethodWithArray(ReflectionUtils.java:189)
	at org.apache.maven.surefire.booter.ProviderFactory$ProviderProxy.invoke(ProviderFactory.java:165)
	at org.apache.maven.surefire.booter.ProviderFactory.invokeProvider(ProviderFactory.java:85)
	at org.apache.maven.surefire.booter.ForkedBooter.runSuitesInProcess(ForkedBooter.java:115)
	at org.apache.maven.surefire.booter.ForkedBooter.main(ForkedBooter.java:75)
javax.persistence.NoResultException: getSingleResult() did not retrieve any entities.
	at org.eclipse.persistence.internal.jpa.QueryImpl.throwNoResultException(QueryImpl.java:985)
	at org.eclipse.persistence.internal.jpa.QueryImpl.getSingleResult(QueryImpl.java:535)
	at org.eclipse.persistence.internal.jpa.EJBQueryImpl.getSingleResult(EJBQueryImpl.java:404)
	at sdmx.gateway.util.ConceptSchemeUtil.findDatabaseConceptScheme(ConceptSchemeUtil.java:49)
	at sdmx.gateway.services.DatabaseRegistry.loadConcepts(DatabaseRegistry.java:202)
	at sdmx.gateway.services.DatabaseRegistry.load(DatabaseRegistry.java:89)
	at LoadABSDotStatStructure.doTest(LoadABSDotStatStructure.java:202)
	at java.base/jdk.internal.reflect.NativeMethodAccessorImpl.invoke0(Native Method)
	at java.base/jdk.internal.reflect.NativeMethodAccessorImpl.invoke(NativeMethodAccessorImpl.java:62)
	at java.base/jdk.internal.reflect.DelegatingMethodAccessorImpl.invoke(DelegatingMethodAccessorImpl.java:43)
	at java.base/java.lang.reflect.Method.invoke(Method.java:566)
	at org.junit.runners.model.FrameworkMethod$1.runReflectiveCall(FrameworkMethod.java:50)
	at org.junit.internal.runners.model.ReflectiveCallable.run(ReflectiveCallable.java:12)
	at org.junit.runners.model.FrameworkMethod.invokeExplosively(FrameworkMethod.java:47)
	at org.junit.internal.runners.statements.InvokeMethod.evaluate(InvokeMethod.java:17)
	at org.junit.runners.ParentRunner.runLeaf(ParentRunner.java:325)
	at org.junit.runners.BlockJUnit4ClassRunner.runChild(BlockJUnit4ClassRunner.java:78)
	at org.junit.runners.BlockJUnit4ClassRunner.runChild(BlockJUnit4ClassRunner.java:57)
	at org.junit.runners.ParentRunner$3.run(ParentRunner.java:290)
	at org.junit.runners.ParentRunner$1.schedule(ParentRunner.java:71)
	at org.junit.runners.ParentRunner.runChildren(ParentRunner.java:288)
	at org.junit.runners.ParentRunner.access$000(ParentRunner.java:58)
	at org.junit.runners.ParentRunner$2.evaluate(ParentRunner.java:268)
	at org.junit.internal.runners.statements.RunBefores.evaluate(RunBefores.java:26)
	at org.junit.internal.runners.statements.RunAfters.evaluate(RunAfters.java:27)
	at org.junit.runners.ParentRunner.run(ParentRunner.java:363)
	at org.apache.maven.surefire.junit4.JUnit4Provider.execute(JUnit4Provider.java:252)
	at org.apache.maven.surefire.junit4.JUnit4Provider.executeTestSet(JUnit4Provider.java:141)
	at org.apache.maven.surefire.junit4.JUnit4Provider.invoke(JUnit4Provider.java:112)
	at java.base/jdk.internal.reflect.NativeMethodAccessorImpl.invoke0(Native Method)
	at java.base/jdk.internal.reflect.NativeMethodAccessorImpl.invoke(NativeMethodAccessorImpl.java:62)
	at java.base/jdk.internal.reflect.DelegatingMethodAccessorImpl.invoke(DelegatingMethodAccessorImpl.java:43)
	at java.base/java.lang.reflect.Method.invoke(Method.java:566)
	at org.apache.maven.surefire.util.ReflectionUtils.invokeMethodWithArray(ReflectionUtils.java:189)
	at org.apache.maven.surefire.booter.ProviderFactory$ProviderProxy.invoke(ProviderFactory.java:165)
	at org.apache.maven.surefire.booter.ProviderFactory.invokeProvider(ProviderFactory.java:85)
	at org.apache.maven.surefire.booter.ForkedBooter.runSuitesInProcess(ForkedBooter.java:115)
	at org.apache.maven.surefire.booter.ForkedBooter.main(ForkedBooter.java:75)
javax.persistence.NoResultException: getSingleResult() did not retrieve any entities.
	at org.eclipse.persistence.internal.jpa.QueryImpl.throwNoResultException(QueryImpl.java:985)
	at org.eclipse.persistence.internal.jpa.QueryImpl.getSingleResult(QueryImpl.java:535)
	at org.eclipse.persistence.internal.jpa.EJBQueryImpl.getSingleResult(EJBQueryImpl.java:404)
	at sdmx.gateway.util.ConceptSchemeUtil.findDatabaseConceptScheme(ConceptSchemeUtil.java:49)
	at sdmx.gateway.services.DatabaseRegistry.loadConcepts(DatabaseRegistry.java:202)
	at sdmx.gateway.services.DatabaseRegistry.load(DatabaseRegistry.java:89)
	at LoadABSDotStatStructure.doTest(LoadABSDotStatStructure.java:202)
	at java.base/jdk.internal.reflect.NativeMethodAccessorImpl.invoke0(Native Method)
	at java.base/jdk.internal.reflect.NativeMethodAccessorImpl.invoke(NativeMethodAccessorImpl.java:62)
	at java.base/jdk.internal.reflect.DelegatingMethodAccessorImpl.invoke(DelegatingMethodAccessorImpl.java:43)
	at java.base/java.lang.reflect.Method.invoke(Method.java:566)
	at org.junit.runners.model.FrameworkMethod$1.runReflectiveCall(FrameworkMethod.java:50)
	at org.junit.internal.runners.model.ReflectiveCallable.run(ReflectiveCallable.java:12)
	at org.junit.runners.model.FrameworkMethod.invokeExplosively(FrameworkMethod.java:47)
	at org.junit.internal.runners.statements.InvokeMethod.evaluate(InvokeMethod.java:17)
	at org.junit.runners.ParentRunner.runLeaf(ParentRunner.java:325)
	at org.junit.runners.BlockJUnit4ClassRunner.runChild(BlockJUnit4ClassRunner.java:78)
	at org.junit.runners.BlockJUnit4ClassRunner.runChild(BlockJUnit4ClassRunner.java:57)
	at org.junit.runners.ParentRunner$3.run(ParentRunner.java:290)
	at org.junit.runners.ParentRunner$1.schedule(ParentRunner.java:71)
	at org.junit.runners.ParentRunner.runChildren(ParentRunner.java:288)
	at org.junit.runners.ParentRunner.access$000(ParentRunner.java:58)
	at org.junit.runners.ParentRunner$2.evaluate(ParentRunner.java:268)
	at org.junit.internal.runners.statements.RunBefores.evaluate(RunBefores.java:26)
	at org.junit.internal.runners.statements.RunAfters.evaluate(RunAfters.java:27)
	at org.junit.runners.ParentRunner.run(ParentRunner.java:363)
	at org.apache.maven.surefire.junit4.JUnit4Provider.execute(JUnit4Provider.java:252)
	at org.apache.maven.surefire.junit4.JUnit4Provider.executeTestSet(JUnit4Provider.java:141)
	at org.apache.maven.surefire.junit4.JUnit4Provider.invoke(JUnit4Provider.java:112)
	at java.base/jdk.internal.reflect.NativeMethodAccessorImpl.invoke0(Native Method)
	at java.base/jdk.internal.reflect.NativeMethodAccessorImpl.invoke(NativeMethodAccessorImpl.java:62)
	at java.base/jdk.internal.reflect.DelegatingMethodAccessorImpl.invoke(DelegatingMethodAccessorImpl.java:43)
	at java.base/java.lang.reflect.Method.invoke(Method.java:566)
	at org.apache.maven.surefire.util.ReflectionUtils.invokeMethodWithArray(ReflectionUtils.java:189)
	at org.apache.maven.surefire.booter.ProviderFactory$ProviderProxy.invoke(ProviderFactory.java:165)
	at org.apache.maven.surefire.booter.ProviderFactory.invokeProvider(ProviderFactory.java:85)
	at org.apache.maven.surefire.booter.ForkedBooter.runSuitesInProcess(ForkedBooter.java:115)
	at org.apache.maven.surefire.booter.ForkedBooter.main(ForkedBooter.java:75)
javax.persistence.NoResultException: getSingleResult() did not retrieve any entities.
	at org.eclipse.persistence.internal.jpa.QueryImpl.throwNoResultException(QueryImpl.java:985)
	at org.eclipse.persistence.internal.jpa.QueryImpl.getSingleResult(QueryImpl.java:535)
	at org.eclipse.persistence.internal.jpa.EJBQueryImpl.getSingleResult(EJBQueryImpl.java:404)
	at sdmx.gateway.util.ConceptSchemeUtil.findDatabaseConceptScheme(ConceptSchemeUtil.java:49)
	at sdmx.gateway.services.DatabaseRegistry.loadConcepts(DatabaseRegistry.java:202)
	at sdmx.gateway.services.DatabaseRegistry.load(DatabaseRegistry.java:89)
	at LoadABSDotStatStructure.doTest(LoadABSDotStatStructure.java:202)
	at java.base/jdk.internal.reflect.NativeMethodAccessorImpl.invoke0(Native Method)
	at java.base/jdk.internal.reflect.NativeMethodAccessorImpl.invoke(NativeMethodAccessorImpl.java:62)
	at java.base/jdk.internal.reflect.DelegatingMethodAccessorImpl.invoke(DelegatingMethodAccessorImpl.java:43)
	at java.base/java.lang.reflect.Method.invoke(Method.java:566)
	at org.junit.runners.model.FrameworkMethod$1.runReflectiveCall(FrameworkMethod.java:50)
	at org.junit.internal.runners.model.ReflectiveCallable.run(ReflectiveCallable.java:12)
	at org.junit.runners.model.FrameworkMethod.invokeExplosively(FrameworkMethod.java:47)
	at org.junit.internal.runners.statements.InvokeMethod.evaluate(InvokeMethod.java:17)
	at org.junit.runners.ParentRunner.runLeaf(ParentRunner.java:325)
	at org.junit.runners.BlockJUnit4ClassRunner.runChild(BlockJUnit4ClassRunner.java:78)
	at org.junit.runners.BlockJUnit4ClassRunner.runChild(BlockJUnit4ClassRunner.java:57)
	at org.junit.runners.ParentRunner$3.run(ParentRunner.java:290)
	at org.junit.runners.ParentRunner$1.schedule(ParentRunner.java:71)
	at org.junit.runners.ParentRunner.runChildren(ParentRunner.java:288)
	at org.junit.runners.ParentRunner.access$000(ParentRunner.java:58)
	at org.junit.runners.ParentRunner$2.evaluate(ParentRunner.java:268)
	at org.junit.internal.runners.statements.RunBefores.evaluate(RunBefores.java:26)
	at org.junit.internal.runners.statements.RunAfters.evaluate(RunAfters.java:27)
	at org.junit.runners.ParentRunner.run(ParentRunner.java:363)
	at org.apache.maven.surefire.junit4.JUnit4Provider.execute(JUnit4Provider.java:252)
	at org.apache.maven.surefire.junit4.JUnit4Provider.executeTestSet(JUnit4Provider.java:141)
	at org.apache.maven.surefire.junit4.JUnit4Provider.invoke(JUnit4Provider.java:112)
	at java.base/jdk.internal.reflect.NativeMethodAccessorImpl.invoke0(Native Method)
	at java.base/jdk.internal.reflect.NativeMethodAccessorImpl.invoke(NativeMethodAccessorImpl.java:62)
	at java.base/jdk.internal.reflect.DelegatingMethodAccessorImpl.invoke(DelegatingMethodAccessorImpl.java:43)
	at java.base/java.lang.reflect.Method.invoke(Method.java:566)
	at org.apache.maven.surefire.util.ReflectionUtils.invokeMethodWithArray(ReflectionUtils.java:189)
	at org.apache.maven.surefire.booter.ProviderFactory$ProviderProxy.invoke(ProviderFactory.java:165)
	at org.apache.maven.surefire.booter.ProviderFactory.invokeProvider(ProviderFactory.java:85)
	at org.apache.maven.surefire.booter.ForkedBooter.runSuitesInProcess(ForkedBooter.java:115)
	at org.apache.maven.surefire.booter.ForkedBooter.main(ForkedBooter.java:75)
javax.persistence.NoResultException: getSingleResult() did not retrieve any entities.
	at org.eclipse.persistence.internal.jpa.QueryImpl.throwNoResultException(QueryImpl.java:985)
	at org.eclipse.persistence.internal.jpa.QueryImpl.getSingleResult(QueryImpl.java:535)
	at org.eclipse.persistence.internal.jpa.EJBQueryImpl.getSingleResult(EJBQueryImpl.java:404)
	at sdmx.gateway.util.ConceptSchemeUtil.findDatabaseConceptScheme(ConceptSchemeUtil.java:49)
	at sdmx.gateway.services.DatabaseRegistry.loadConcepts(DatabaseRegistry.java:202)
	at sdmx.gateway.services.DatabaseRegistry.load(DatabaseRegistry.java:89)
	at LoadABSDotStatStructure.doTest(LoadABSDotStatStructure.java:202)
	at java.base/jdk.internal.reflect.NativeMethodAccessorImpl.invoke0(Native Method)
	at java.base/jdk.internal.reflect.NativeMethodAccessorImpl.invoke(NativeMethodAccessorImpl.java:62)
	at java.base/jdk.internal.reflect.DelegatingMethodAccessorImpl.invoke(DelegatingMethodAccessorImpl.java:43)
	at java.base/java.lang.reflect.Method.invoke(Method.java:566)
	at org.junit.runners.model.FrameworkMethod$1.runReflectiveCall(FrameworkMethod.java:50)
	at org.junit.internal.runners.model.ReflectiveCallable.run(ReflectiveCallable.java:12)
	at org.junit.runners.model.FrameworkMethod.invokeExplosively(FrameworkMethod.java:47)
	at org.junit.internal.runners.statements.InvokeMethod.evaluate(InvokeMethod.java:17)
	at org.junit.runners.ParentRunner.runLeaf(ParentRunner.java:325)
	at org.junit.runners.BlockJUnit4ClassRunner.runChild(BlockJUnit4ClassRunner.java:78)
	at org.junit.runners.BlockJUnit4ClassRunner.runChild(BlockJUnit4ClassRunner.java:57)
	at org.junit.runners.ParentRunner$3.run(ParentRunner.java:290)
	at org.junit.runners.ParentRunner$1.schedule(ParentRunner.java:71)
	at org.junit.runners.ParentRunner.runChildren(ParentRunner.java:288)
	at org.junit.runners.ParentRunner.access$000(ParentRunner.java:58)
	at org.junit.runners.ParentRunner$2.evaluate(ParentRunner.java:268)
	at org.junit.internal.runners.statements.RunBefores.evaluate(RunBefores.java:26)
	at org.junit.internal.runners.statements.RunAfters.evaluate(RunAfters.java:27)
	at org.junit.runners.ParentRunner.run(ParentRunner.java:363)
	at org.apache.maven.surefire.junit4.JUnit4Provider.execute(JUnit4Provider.java:252)
	at org.apache.maven.surefire.junit4.JUnit4Provider.executeTestSet(JUnit4Provider.java:141)
	at org.apache.maven.surefire.junit4.JUnit4Provider.invoke(JUnit4Provider.java:112)
	at java.base/jdk.internal.reflect.NativeMethodAccessorImpl.invoke0(Native Method)
	at java.base/jdk.internal.reflect.NativeMethodAccessorImpl.invoke(NativeMethodAccessorImpl.java:62)
	at java.base/jdk.internal.reflect.DelegatingMethodAccessorImpl.invoke(DelegatingMethodAccessorImpl.java:43)
	at java.base/java.lang.reflect.Method.invoke(Method.java:566)
	at org.apache.maven.surefire.util.ReflectionUtils.invokeMethodWithArray(ReflectionUtils.java:189)
	at org.apache.maven.surefire.booter.ProviderFactory$ProviderProxy.invoke(ProviderFactory.java:165)
	at org.apache.maven.surefire.booter.ProviderFactory.invokeProvider(ProviderFactory.java:85)
	at org.apache.maven.surefire.booter.ForkedBooter.runSuitesInProcess(ForkedBooter.java:115)
	at org.apache.maven.surefire.booter.ForkedBooter.main(ForkedBooter.java:75)
javax.persistence.NoResultException: getSingleResult() did not retrieve any entities.
	at org.eclipse.persistence.internal.jpa.QueryImpl.throwNoResultException(QueryImpl.java:985)
	at org.eclipse.persistence.internal.jpa.QueryImpl.getSingleResult(QueryImpl.java:535)
	at org.eclipse.persistence.internal.jpa.EJBQueryImpl.getSingleResult(EJBQueryImpl.java:404)
	at sdmx.gateway.util.ConceptSchemeUtil.findDatabaseConceptScheme(ConceptSchemeUtil.java:49)
	at sdmx.gateway.services.DatabaseRegistry.loadConcepts(DatabaseRegistry.java:202)
	at sdmx.gateway.services.DatabaseRegistry.load(DatabaseRegistry.java:89)
	at LoadABSDotStatStructure.doTest(LoadABSDotStatStructure.java:202)
	at java.base/jdk.internal.reflect.NativeMethodAccessorImpl.invoke0(Native Method)
	at java.base/jdk.internal.reflect.NativeMethodAccessorImpl.invoke(NativeMethodAccessorImpl.java:62)
	at java.base/jdk.internal.reflect.DelegatingMethodAccessorImpl.invoke(DelegatingMethodAccessorImpl.java:43)
	at java.base/java.lang.reflect.Method.invoke(Method.java:566)
	at org.junit.runners.model.FrameworkMethod$1.runReflectiveCall(FrameworkMethod.java:50)
	at org.junit.internal.runners.model.ReflectiveCallable.run(ReflectiveCallable.java:12)
	at org.junit.runners.model.FrameworkMethod.invokeExplosively(FrameworkMethod.java:47)
	at org.junit.internal.runners.statements.InvokeMethod.evaluate(InvokeMethod.java:17)
	at org.junit.runners.ParentRunner.runLeaf(ParentRunner.java:325)
	at org.junit.runners.BlockJUnit4ClassRunner.runChild(BlockJUnit4ClassRunner.java:78)
	at org.junit.runners.BlockJUnit4ClassRunner.runChild(BlockJUnit4ClassRunner.java:57)
	at org.junit.runners.ParentRunner$3.run(ParentRunner.java:290)
	at org.junit.runners.ParentRunner$1.schedule(ParentRunner.java:71)
	at org.junit.runners.ParentRunner.runChildren(ParentRunner.java:288)
	at org.junit.runners.ParentRunner.access$000(ParentRunner.java:58)
	at org.junit.runners.ParentRunner$2.evaluate(ParentRunner.java:268)
	at org.junit.internal.runners.statements.RunBefores.evaluate(RunBefores.java:26)
	at org.junit.internal.runners.statements.RunAfters.evaluate(RunAfters.java:27)
	at org.junit.runners.ParentRunner.run(ParentRunner.java:363)
	at org.apache.maven.surefire.junit4.JUnit4Provider.execute(JUnit4Provider.java:252)
	at org.apache.maven.surefire.junit4.JUnit4Provider.executeTestSet(JUnit4Provider.java:141)
	at org.apache.maven.surefire.junit4.JUnit4Provider.invoke(JUnit4Provider.java:112)
	at java.base/jdk.internal.reflect.NativeMethodAccessorImpl.invoke0(Native Method)
	at java.base/jdk.internal.reflect.NativeMethodAccessorImpl.invoke(NativeMethodAccessorImpl.java:62)
	at java.base/jdk.internal.reflect.DelegatingMethodAccessorImpl.invoke(DelegatingMethodAccessorImpl.java:43)
	at java.base/java.lang.reflect.Method.invoke(Method.java:566)
	at org.apache.maven.surefire.util.ReflectionUtils.invokeMethodWithArray(ReflectionUtils.java:189)
	at org.apache.maven.surefire.booter.ProviderFactory$ProviderProxy.invoke(ProviderFactory.java:165)
	at org.apache.maven.surefire.booter.ProviderFactory.invokeProvider(ProviderFactory.java:85)
	at org.apache.maven.surefire.booter.ForkedBooter.runSuitesInProcess(ForkedBooter.java:115)
	at org.apache.maven.surefire.booter.ForkedBooter.main(ForkedBooter.java:75)
javax.persistence.NoResultException: getSingleResult() did not retrieve any entities.
	at org.eclipse.persistence.internal.jpa.QueryImpl.throwNoResultException(QueryImpl.java:985)
	at org.eclipse.persistence.internal.jpa.QueryImpl.getSingleResult(QueryImpl.java:535)
	at org.eclipse.persistence.internal.jpa.EJBQueryImpl.getSingleResult(EJBQueryImpl.java:404)
	at sdmx.gateway.util.ConceptSchemeUtil.findDatabaseConceptScheme(ConceptSchemeUtil.java:49)
	at sdmx.gateway.services.DatabaseRegistry.loadConcepts(DatabaseRegistry.java:202)
	at sdmx.gateway.services.DatabaseRegistry.load(DatabaseRegistry.java:89)
	at LoadABSDotStatStructure.doTest(LoadABSDotStatStructure.java:202)
	at java.base/jdk.internal.reflect.NativeMethodAccessorImpl.invoke0(Native Method)
	at java.base/jdk.internal.reflect.NativeMethodAccessorImpl.invoke(NativeMethodAccessorImpl.java:62)
	at java.base/jdk.internal.reflect.DelegatingMethodAccessorImpl.invoke(DelegatingMethodAccessorImpl.java:43)
	at java.base/java.lang.reflect.Method.invoke(Method.java:566)
	at org.junit.runners.model.FrameworkMethod$1.runReflectiveCall(FrameworkMethod.java:50)
	at org.junit.internal.runners.model.ReflectiveCallable.run(ReflectiveCallable.java:12)
	at org.junit.runners.model.FrameworkMethod.invokeExplosively(FrameworkMethod.java:47)
	at org.junit.internal.runners.statements.InvokeMethod.evaluate(InvokeMethod.java:17)
	at org.junit.runners.ParentRunner.runLeaf(ParentRunner.java:325)
	at org.junit.runners.BlockJUnit4ClassRunner.runChild(BlockJUnit4ClassRunner.java:78)
	at org.junit.runners.BlockJUnit4ClassRunner.runChild(BlockJUnit4ClassRunner.java:57)
	at org.junit.runners.ParentRunner$3.run(ParentRunner.java:290)
	at org.junit.runners.ParentRunner$1.schedule(ParentRunner.java:71)
	at org.junit.runners.ParentRunner.runChildren(ParentRunner.java:288)
	at org.junit.runners.ParentRunner.access$000(ParentRunner.java:58)
	at org.junit.runners.ParentRunner$2.evaluate(ParentRunner.java:268)
	at org.junit.internal.runners.statements.RunBefores.evaluate(RunBefores.java:26)
	at org.junit.internal.runners.statements.RunAfters.evaluate(RunAfters.java:27)
	at org.junit.runners.ParentRunner.run(ParentRunner.java:363)
	at org.apache.maven.surefire.junit4.JUnit4Provider.execute(JUnit4Provider.java:252)
	at org.apache.maven.surefire.junit4.JUnit4Provider.executeTestSet(JUnit4Provider.java:141)
	at org.apache.maven.surefire.junit4.JUnit4Provider.invoke(JUnit4Provider.java:112)
	at java.base/jdk.internal.reflect.NativeMethodAccessorImpl.invoke0(Native Method)
	at java.base/jdk.internal.reflect.NativeMethodAccessorImpl.invoke(NativeMethodAccessorImpl.java:62)
	at java.base/jdk.internal.reflect.DelegatingMethodAccessorImpl.invoke(DelegatingMethodAccessorImpl.java:43)
	at java.base/java.lang.reflect.Method.invoke(Method.java:566)
	at org.apache.maven.surefire.util.ReflectionUtils.invokeMethodWithArray(ReflectionUtils.java:189)
	at org.apache.maven.surefire.booter.ProviderFactory$ProviderProxy.invoke(ProviderFactory.java:165)
	at org.apache.maven.surefire.booter.ProviderFactory.invokeProvider(ProviderFactory.java:85)
	at org.apache.maven.surefire.booter.ForkedBooter.runSuitesInProcess(ForkedBooter.java:115)
	at org.apache.maven.surefire.booter.ForkedBooter.main(ForkedBooter.java:75)
javax.persistence.NoResultException: getSingleResult() did not retrieve any entities.
	at org.eclipse.persistence.internal.jpa.QueryImpl.throwNoResultException(QueryImpl.java:985)
	at org.eclipse.persistence.internal.jpa.QueryImpl.getSingleResult(QueryImpl.java:535)
	at org.eclipse.persistence.internal.jpa.EJBQueryImpl.getSingleResult(EJBQueryImpl.java:404)
	at sdmx.gateway.util.ConceptSchemeUtil.findDatabaseConceptScheme(ConceptSchemeUtil.java:49)
	at sdmx.gateway.services.DatabaseRegistry.loadConcepts(DatabaseRegistry.java:202)
	at sdmx.gateway.services.DatabaseRegistry.load(DatabaseRegistry.java:89)
	at LoadABSDotStatStructure.doTest(LoadABSDotStatStructure.java:202)
	at java.base/jdk.internal.reflect.NativeMethodAccessorImpl.invoke0(Native Method)
	at java.base/jdk.internal.reflect.NativeMethodAccessorImpl.invoke(NativeMethodAccessorImpl.java:62)
	at java.base/jdk.internal.reflect.DelegatingMethodAccessorImpl.invoke(DelegatingMethodAccessorImpl.java:43)
	at java.base/java.lang.reflect.Method.invoke(Method.java:566)
	at org.junit.runners.model.FrameworkMethod$1.runReflectiveCall(FrameworkMethod.java:50)
	at org.junit.internal.runners.model.ReflectiveCallable.run(ReflectiveCallable.java:12)
	at org.junit.runners.model.FrameworkMethod.invokeExplosively(FrameworkMethod.java:47)
	at org.junit.internal.runners.statements.InvokeMethod.evaluate(InvokeMethod.java:17)
	at org.junit.runners.ParentRunner.runLeaf(ParentRunner.java:325)
	at org.junit.runners.BlockJUnit4ClassRunner.runChild(BlockJUnit4ClassRunner.java:78)
	at org.junit.runners.BlockJUnit4ClassRunner.runChild(BlockJUnit4ClassRunner.java:57)
	at org.junit.runners.ParentRunner$3.run(ParentRunner.java:290)
	at org.junit.runners.ParentRunner$1.schedule(ParentRunner.java:71)
	at org.junit.runners.ParentRunner.runChildren(ParentRunner.java:288)
	at org.junit.runners.ParentRunner.access$000(ParentRunner.java:58)
	at org.junit.runners.ParentRunner$2.evaluate(ParentRunner.java:268)
	at org.junit.internal.runners.statements.RunBefores.evaluate(RunBefores.java:26)
	at org.junit.internal.runners.statements.RunAfters.evaluate(RunAfters.java:27)
	at org.junit.runners.ParentRunner.run(ParentRunner.java:363)
	at org.apache.maven.surefire.junit4.JUnit4Provider.execute(JUnit4Provider.java:252)
	at org.apache.maven.surefire.junit4.JUnit4Provider.executeTestSet(JUnit4Provider.java:141)
	at org.apache.maven.surefire.junit4.JUnit4Provider.invoke(JUnit4Provider.java:112)
	at java.base/jdk.internal.reflect.NativeMethodAccessorImpl.invoke0(Native Method)
	at java.base/jdk.internal.reflect.NativeMethodAccessorImpl.invoke(NativeMethodAccessorImpl.java:62)
	at java.base/jdk.internal.reflect.DelegatingMethodAccessorImpl.invoke(DelegatingMethodAccessorImpl.java:43)
	at java.base/java.lang.reflect.Method.invoke(Method.java:566)
	at org.apache.maven.surefire.util.ReflectionUtils.invokeMethodWithArray(ReflectionUtils.java:189)
	at org.apache.maven.surefire.booter.ProviderFactory$ProviderProxy.invoke(ProviderFactory.java:165)
	at org.apache.maven.surefire.booter.ProviderFactory.invokeProvider(ProviderFactory.java:85)
	at org.apache.maven.surefire.booter.ForkedBooter.runSuitesInProcess(ForkedBooter.java:115)
	at org.apache.maven.surefire.booter.ForkedBooter.main(ForkedBooter.java:75)
javax.persistence.NoResultException: getSingleResult() did not retrieve any entities.
	at org.eclipse.persistence.internal.jpa.QueryImpl.throwNoResultException(QueryImpl.java:985)
	at org.eclipse.persistence.internal.jpa.QueryImpl.getSingleResult(QueryImpl.java:535)
	at org.eclipse.persistence.internal.jpa.EJBQueryImpl.getSingleResult(EJBQueryImpl.java:404)
	at sdmx.gateway.util.ConceptSchemeUtil.findDatabaseConceptScheme(ConceptSchemeUtil.java:49)
	at sdmx.gateway.services.DatabaseRegistry.loadConcepts(DatabaseRegistry.java:202)
	at sdmx.gateway.services.DatabaseRegistry.load(DatabaseRegistry.java:89)
	at LoadABSDotStatStructure.doTest(LoadABSDotStatStructure.java:202)
	at java.base/jdk.internal.reflect.NativeMethodAccessorImpl.invoke0(Native Method)
	at java.base/jdk.internal.reflect.NativeMethodAccessorImpl.invoke(NativeMethodAccessorImpl.java:62)
	at java.base/jdk.internal.reflect.DelegatingMethodAccessorImpl.invoke(DelegatingMethodAccessorImpl.java:43)
	at java.base/java.lang.reflect.Method.invoke(Method.java:566)
	at org.junit.runners.model.FrameworkMethod$1.runReflectiveCall(FrameworkMethod.java:50)
	at org.junit.internal.runners.model.ReflectiveCallable.run(ReflectiveCallable.java:12)
	at org.junit.runners.model.FrameworkMethod.invokeExplosively(FrameworkMethod.java:47)
	at org.junit.internal.runners.statements.InvokeMethod.evaluate(InvokeMethod.java:17)
	at org.junit.runners.ParentRunner.runLeaf(ParentRunner.java:325)
	at org.junit.runners.BlockJUnit4ClassRunner.runChild(BlockJUnit4ClassRunner.java:78)
	at org.junit.runners.BlockJUnit4ClassRunner.runChild(BlockJUnit4ClassRunner.java:57)
	at org.junit.runners.ParentRunner$3.run(ParentRunner.java:290)
	at org.junit.runners.ParentRunner$1.schedule(ParentRunner.java:71)
	at org.junit.runners.ParentRunner.runChildren(ParentRunner.java:288)
	at org.junit.runners.ParentRunner.access$000(ParentRunner.java:58)
	at org.junit.runners.ParentRunner$2.evaluate(ParentRunner.java:268)
	at org.junit.internal.runners.statements.RunBefores.evaluate(RunBefores.java:26)
	at org.junit.internal.runners.statements.RunAfters.evaluate(RunAfters.java:27)
	at org.junit.runners.ParentRunner.run(ParentRunner.java:363)
	at org.apache.maven.surefire.junit4.JUnit4Provider.execute(JUnit4Provider.java:252)
	at org.apache.maven.surefire.junit4.JUnit4Provider.executeTestSet(JUnit4Provider.java:141)
	at org.apache.maven.surefire.junit4.JUnit4Provider.invoke(JUnit4Provider.java:112)
	at java.base/jdk.internal.reflect.NativeMethodAccessorImpl.invoke0(Native Method)
	at java.base/jdk.internal.reflect.NativeMethodAccessorImpl.invoke(NativeMethodAccessorImpl.java:62)
	at java.base/jdk.internal.reflect.DelegatingMethodAccessorImpl.invoke(DelegatingMethodAccessorImpl.java:43)
	at java.base/java.lang.reflect.Method.invoke(Method.java:566)
	at org.apache.maven.surefire.util.ReflectionUtils.invokeMethodWithArray(ReflectionUtils.java:189)
	at org.apache.maven.surefire.booter.ProviderFactory$ProviderProxy.invoke(ProviderFactory.java:165)
	at org.apache.maven.surefire.booter.ProviderFactory.invokeProvider(ProviderFactory.java:85)
	at org.apache.maven.surefire.booter.ForkedBooter.runSuitesInProcess(ForkedBooter.java:115)
	at org.apache.maven.surefire.booter.ForkedBooter.main(ForkedBooter.java:75)
javax.persistence.NoResultException: getSingleResult() did not retrieve any entities.
	at org.eclipse.persistence.internal.jpa.QueryImpl.throwNoResultException(QueryImpl.java:985)
	at org.eclipse.persistence.internal.jpa.QueryImpl.getSingleResult(QueryImpl.java:535)
	at org.eclipse.persistence.internal.jpa.EJBQueryImpl.getSingleResult(EJBQueryImpl.java:404)
	at sdmx.gateway.util.ConceptSchemeUtil.findDatabaseConceptScheme(ConceptSchemeUtil.java:49)
	at sdmx.gateway.services.DatabaseRegistry.loadConcepts(DatabaseRegistry.java:202)
	at sdmx.gateway.services.DatabaseRegistry.load(DatabaseRegistry.java:89)
	at LoadABSDotStatStructure.doTest(LoadABSDotStatStructure.java:202)
	at java.base/jdk.internal.reflect.NativeMethodAccessorImpl.invoke0(Native Method)
	at java.base/jdk.internal.reflect.NativeMethodAccessorImpl.invoke(NativeMethodAccessorImpl.java:62)
	at java.base/jdk.internal.reflect.DelegatingMethodAccessorImpl.invoke(DelegatingMethodAccessorImpl.java:43)
	at java.base/java.lang.reflect.Method.invoke(Method.java:566)
	at org.junit.runners.model.FrameworkMethod$1.runReflectiveCall(FrameworkMethod.java:50)
	at org.junit.internal.runners.model.ReflectiveCallable.run(ReflectiveCallable.java:12)
	at org.junit.runners.model.FrameworkMethod.invokeExplosively(FrameworkMethod.java:47)
	at org.junit.internal.runners.statements.InvokeMethod.evaluate(InvokeMethod.java:17)
	at org.junit.runners.ParentRunner.runLeaf(ParentRunner.java:325)
	at org.junit.runners.BlockJUnit4ClassRunner.runChild(BlockJUnit4ClassRunner.java:78)
	at org.junit.runners.BlockJUnit4ClassRunner.runChild(BlockJUnit4ClassRunner.java:57)
	at org.junit.runners.ParentRunner$3.run(ParentRunner.java:290)
	at org.junit.runners.ParentRunner$1.schedule(ParentRunner.java:71)
	at org.junit.runners.ParentRunner.runChildren(ParentRunner.java:288)
	at org.junit.runners.ParentRunner.access$000(ParentRunner.java:58)
	at org.junit.runners.ParentRunner$2.evaluate(ParentRunner.java:268)
	at org.junit.internal.runners.statements.RunBefores.evaluate(RunBefores.java:26)
	at org.junit.internal.runners.statements.RunAfters.evaluate(RunAfters.java:27)
	at org.junit.runners.ParentRunner.run(ParentRunner.java:363)
	at org.apache.maven.surefire.junit4.JUnit4Provider.execute(JUnit4Provider.java:252)
	at org.apache.maven.surefire.junit4.JUnit4Provider.executeTestSet(JUnit4Provider.java:141)
	at org.apache.maven.surefire.junit4.JUnit4Provider.invoke(JUnit4Provider.java:112)
	at java.base/jdk.internal.reflect.NativeMethodAccessorImpl.invoke0(Native Method)
	at java.base/jdk.internal.reflect.NativeMethodAccessorImpl.invoke(NativeMethodAccessorImpl.java:62)
	at java.base/jdk.internal.reflect.DelegatingMethodAccessorImpl.invoke(DelegatingMethodAccessorImpl.java:43)
	at java.base/java.lang.reflect.Method.invoke(Method.java:566)
	at org.apache.maven.surefire.util.ReflectionUtils.invokeMethodWithArray(ReflectionUtils.java:189)
	at org.apache.maven.surefire.booter.ProviderFactory$ProviderProxy.invoke(ProviderFactory.java:165)
	at org.apache.maven.surefire.booter.ProviderFactory.invokeProvider(ProviderFactory.java:85)
	at org.apache.maven.surefire.booter.ForkedBooter.runSuitesInProcess(ForkedBooter.java:115)
	at org.apache.maven.surefire.booter.ForkedBooter.main(ForkedBooter.java:75)
javax.persistence.NoResultException: getSingleResult() did not retrieve any entities.
	at org.eclipse.persistence.internal.jpa.QueryImpl.throwNoResultException(QueryImpl.java:985)
	at org.eclipse.persistence.internal.jpa.QueryImpl.getSingleResult(QueryImpl.java:535)
	at org.eclipse.persistence.internal.jpa.EJBQueryImpl.getSingleResult(EJBQueryImpl.java:404)
	at sdmx.gateway.util.ConceptSchemeUtil.findDatabaseConceptScheme(ConceptSchemeUtil.java:49)
	at sdmx.gateway.services.DatabaseRegistry.loadConcepts(DatabaseRegistry.java:202)
	at sdmx.gateway.services.DatabaseRegistry.load(DatabaseRegistry.java:89)
	at LoadABSDotStatStructure.doTest(LoadABSDotStatStructure.java:202)
	at java.base/jdk.internal.reflect.NativeMethodAccessorImpl.invoke0(Native Method)
	at java.base/jdk.internal.reflect.NativeMethodAccessorImpl.invoke(NativeMethodAccessorImpl.java:62)
	at java.base/jdk.internal.reflect.DelegatingMethodAccessorImpl.invoke(DelegatingMethodAccessorImpl.java:43)
	at java.base/java.lang.reflect.Method.invoke(Method.java:566)
	at org.junit.runners.model.FrameworkMethod$1.runReflectiveCall(FrameworkMethod.java:50)
	at org.junit.internal.runners.model.ReflectiveCallable.run(ReflectiveCallable.java:12)
	at org.junit.runners.model.FrameworkMethod.invokeExplosively(FrameworkMethod.java:47)
	at org.junit.internal.runners.statements.InvokeMethod.evaluate(InvokeMethod.java:17)
	at org.junit.runners.ParentRunner.runLeaf(ParentRunner.java:325)
	at org.junit.runners.BlockJUnit4ClassRunner.runChild(BlockJUnit4ClassRunner.java:78)
	at org.junit.runners.BlockJUnit4ClassRunner.runChild(BlockJUnit4ClassRunner.java:57)
	at org.junit.runners.ParentRunner$3.run(ParentRunner.java:290)
	at org.junit.runners.ParentRunner$1.schedule(ParentRunner.java:71)
	at org.junit.runners.ParentRunner.runChildren(ParentRunner.java:288)
	at org.junit.runners.ParentRunner.access$000(ParentRunner.java:58)
	at org.junit.runners.ParentRunner$2.evaluate(ParentRunner.java:268)
	at org.junit.internal.runners.statements.RunBefores.evaluate(RunBefores.java:26)
	at org.junit.internal.runners.statements.RunAfters.evaluate(RunAfters.java:27)
	at org.junit.runners.ParentRunner.run(ParentRunner.java:363)
	at org.apache.maven.surefire.junit4.JUnit4Provider.execute(JUnit4Provider.java:252)
	at org.apache.maven.surefire.junit4.JUnit4Provider.executeTestSet(JUnit4Provider.java:141)
	at org.apache.maven.surefire.junit4.JUnit4Provider.invoke(JUnit4Provider.java:112)
	at java.base/jdk.internal.reflect.NativeMethodAccessorImpl.invoke0(Native Method)
	at java.base/jdk.internal.reflect.NativeMethodAccessorImpl.invoke(NativeMethodAccessorImpl.java:62)
	at java.base/jdk.internal.reflect.DelegatingMethodAccessorImpl.invoke(DelegatingMethodAccessorImpl.java:43)
	at java.base/java.lang.reflect.Method.invoke(Method.java:566)
	at org.apache.maven.surefire.util.ReflectionUtils.invokeMethodWithArray(ReflectionUtils.java:189)
	at org.apache.maven.surefire.booter.ProviderFactory$ProviderProxy.invoke(ProviderFactory.java:165)
	at org.apache.maven.surefire.booter.ProviderFactory.invokeProvider(ProviderFactory.java:85)
	at org.apache.maven.surefire.booter.ForkedBooter.runSuitesInProcess(ForkedBooter.java:115)
	at org.apache.maven.surefire.booter.ForkedBooter.main(ForkedBooter.java:75)
javax.persistence.NoResultException: getSingleResult() did not retrieve any entities.
	at org.eclipse.persistence.internal.jpa.QueryImpl.throwNoResultException(QueryImpl.java:985)
	at org.eclipse.persistence.internal.jpa.QueryImpl.getSingleResult(QueryImpl.java:535)
	at org.eclipse.persistence.internal.jpa.EJBQueryImpl.getSingleResult(EJBQueryImpl.java:404)
	at sdmx.gateway.util.ConceptSchemeUtil.findDatabaseConceptScheme(ConceptSchemeUtil.java:49)
	at sdmx.gateway.services.DatabaseRegistry.loadConcepts(DatabaseRegistry.java:202)
	at sdmx.gateway.services.DatabaseRegistry.load(DatabaseRegistry.java:89)
	at LoadABSDotStatStructure.doTest(LoadABSDotStatStructure.java:202)
	at java.base/jdk.internal.reflect.NativeMethodAccessorImpl.invoke0(Native Method)
	at java.base/jdk.internal.reflect.NativeMethodAccessorImpl.invoke(NativeMethodAccessorImpl.java:62)
	at java.base/jdk.internal.reflect.DelegatingMethodAccessorImpl.invoke(DelegatingMethodAccessorImpl.java:43)
	at java.base/java.lang.reflect.Method.invoke(Method.java:566)
	at org.junit.runners.model.FrameworkMethod$1.runReflectiveCall(FrameworkMethod.java:50)
	at org.junit.internal.runners.model.ReflectiveCallable.run(ReflectiveCallable.java:12)
	at org.junit.runners.model.FrameworkMethod.invokeExplosively(FrameworkMethod.java:47)
	at org.junit.internal.runners.statements.InvokeMethod.evaluate(InvokeMethod.java:17)
	at org.junit.runners.ParentRunner.runLeaf(ParentRunner.java:325)
	at org.junit.runners.BlockJUnit4ClassRunner.runChild(BlockJUnit4ClassRunner.java:78)
	at org.junit.runners.BlockJUnit4ClassRunner.runChild(BlockJUnit4ClassRunner.java:57)
	at org.junit.runners.ParentRunner$3.run(ParentRunner.java:290)
	at org.junit.runners.ParentRunner$1.schedule(ParentRunner.java:71)
	at org.junit.runners.ParentRunner.runChildren(ParentRunner.java:288)
	at org.junit.runners.ParentRunner.access$000(ParentRunner.java:58)
	at org.junit.runners.ParentRunner$2.evaluate(ParentRunner.java:268)
	at org.junit.internal.runners.statements.RunBefores.evaluate(RunBefores.java:26)
	at org.junit.internal.runners.statements.RunAfters.evaluate(RunAfters.java:27)
	at org.junit.runners.ParentRunner.run(ParentRunner.java:363)
	at org.apache.maven.surefire.junit4.JUnit4Provider.execute(JUnit4Provider.java:252)
	at org.apache.maven.surefire.junit4.JUnit4Provider.executeTestSet(JUnit4Provider.java:141)
	at org.apache.maven.surefire.junit4.JUnit4Provider.invoke(JUnit4Provider.java:112)
	at java.base/jdk.internal.reflect.NativeMethodAccessorImpl.invoke0(Native Method)
	at java.base/jdk.internal.reflect.NativeMethodAccessorImpl.invoke(NativeMethodAccessorImpl.java:62)
	at java.base/jdk.internal.reflect.DelegatingMethodAccessorImpl.invoke(DelegatingMethodAccessorImpl.java:43)
	at java.base/java.lang.reflect.Method.invoke(Method.java:566)
	at org.apache.maven.surefire.util.ReflectionUtils.invokeMethodWithArray(ReflectionUtils.java:189)
	at org.apache.maven.surefire.booter.ProviderFactory$ProviderProxy.invoke(ProviderFactory.java:165)
	at org.apache.maven.surefire.booter.ProviderFactory.invokeProvider(ProviderFactory.java:85)
	at org.apache.maven.surefire.booter.ForkedBooter.runSuitesInProcess(ForkedBooter.java:115)
	at org.apache.maven.surefire.booter.ForkedBooter.main(ForkedBooter.java:75)
javax.persistence.NoResultException: getSingleResult() did not retrieve any entities.
	at org.eclipse.persistence.internal.jpa.QueryImpl.throwNoResultException(QueryImpl.java:985)
	at org.eclipse.persistence.internal.jpa.QueryImpl.getSingleResult(QueryImpl.java:535)
	at org.eclipse.persistence.internal.jpa.EJBQueryImpl.getSingleResult(EJBQueryImpl.java:404)
	at sdmx.gateway.util.ConceptSchemeUtil.findDatabaseConceptScheme(ConceptSchemeUtil.java:49)
	at sdmx.gateway.services.DatabaseRegistry.loadConcepts(DatabaseRegistry.java:202)
	at sdmx.gateway.services.DatabaseRegistry.load(DatabaseRegistry.java:89)
	at LoadABSDotStatStructure.doTest(LoadABSDotStatStructure.java:202)
	at java.base/jdk.internal.reflect.NativeMethodAccessorImpl.invoke0(Native Method)
	at java.base/jdk.internal.reflect.NativeMethodAccessorImpl.invoke(NativeMethodAccessorImpl.java:62)
	at java.base/jdk.internal.reflect.DelegatingMethodAccessorImpl.invoke(DelegatingMethodAccessorImpl.java:43)
	at java.base/java.lang.reflect.Method.invoke(Method.java:566)
	at org.junit.runners.model.FrameworkMethod$1.runReflectiveCall(FrameworkMethod.java:50)
	at org.junit.internal.runners.model.ReflectiveCallable.run(ReflectiveCallable.java:12)
	at org.junit.runners.model.FrameworkMethod.invokeExplosively(FrameworkMethod.java:47)
	at org.junit.internal.runners.statements.InvokeMethod.evaluate(InvokeMethod.java:17)
	at org.junit.runners.ParentRunner.runLeaf(ParentRunner.java:325)
	at org.junit.runners.BlockJUnit4ClassRunner.runChild(BlockJUnit4ClassRunner.java:78)
	at org.junit.runners.BlockJUnit4ClassRunner.runChild(BlockJUnit4ClassRunner.java:57)
	at org.junit.runners.ParentRunner$3.run(ParentRunner.java:290)
	at org.junit.runners.ParentRunner$1.schedule(ParentRunner.java:71)
	at org.junit.runners.ParentRunner.runChildren(ParentRunner.java:288)
	at org.junit.runners.ParentRunner.access$000(ParentRunner.java:58)
	at org.junit.runners.ParentRunner$2.evaluate(ParentRunner.java:268)
	at org.junit.internal.runners.statements.RunBefores.evaluate(RunBefores.java:26)
	at org.junit.internal.runners.statements.RunAfters.evaluate(RunAfters.java:27)
	at org.junit.runners.ParentRunner.run(ParentRunner.java:363)
	at org.apache.maven.surefire.junit4.JUnit4Provider.execute(JUnit4Provider.java:252)
	at org.apache.maven.surefire.junit4.JUnit4Provider.executeTestSet(JUnit4Provider.java:141)
	at org.apache.maven.surefire.junit4.JUnit4Provider.invoke(JUnit4Provider.java:112)
	at java.base/jdk.internal.reflect.NativeMethodAccessorImpl.invoke0(Native Method)
	at java.base/jdk.internal.reflect.NativeMethodAccessorImpl.invoke(NativeMethodAccessorImpl.java:62)
	at java.base/jdk.internal.reflect.DelegatingMethodAccessorImpl.invoke(DelegatingMethodAccessorImpl.java:43)
	at java.base/java.lang.reflect.Method.invoke(Method.java:566)
	at org.apache.maven.surefire.util.ReflectionUtils.invokeMethodWithArray(ReflectionUtils.java:189)
	at org.apache.maven.surefire.booter.ProviderFactory$ProviderProxy.invoke(ProviderFactory.java:165)
	at org.apache.maven.surefire.booter.ProviderFactory.invokeProvider(ProviderFactory.java:85)
	at org.apache.maven.surefire.booter.ForkedBooter.runSuitesInProcess(ForkedBooter.java:115)
	at org.apache.maven.surefire.booter.ForkedBooter.main(ForkedBooter.java:75)
javax.persistence.NoResultException: getSingleResult() did not retrieve any entities.
	at org.eclipse.persistence.internal.jpa.QueryImpl.throwNoResultException(QueryImpl.java:985)
	at org.eclipse.persistence.internal.jpa.QueryImpl.getSingleResult(QueryImpl.java:535)
	at org.eclipse.persistence.internal.jpa.EJBQueryImpl.getSingleResult(EJBQueryImpl.java:404)
	at sdmx.gateway.util.ConceptSchemeUtil.findDatabaseConceptScheme(ConceptSchemeUtil.java:49)
	at sdmx.gateway.services.DatabaseRegistry.loadConcepts(DatabaseRegistry.java:202)
	at sdmx.gateway.services.DatabaseRegistry.load(DatabaseRegistry.java:89)
	at LoadABSDotStatStructure.doTest(LoadABSDotStatStructure.java:202)
	at java.base/jdk.internal.reflect.NativeMethodAccessorImpl.invoke0(Native Method)
	at java.base/jdk.internal.reflect.NativeMethodAccessorImpl.invoke(NativeMethodAccessorImpl.java:62)
	at java.base/jdk.internal.reflect.DelegatingMethodAccessorImpl.invoke(DelegatingMethodAccessorImpl.java:43)
	at java.base/java.lang.reflect.Method.invoke(Method.java:566)
	at org.junit.runners.model.FrameworkMethod$1.runReflectiveCall(FrameworkMethod.java:50)
	at org.junit.internal.runners.model.ReflectiveCallable.run(ReflectiveCallable.java:12)
	at org.junit.runners.model.FrameworkMethod.invokeExplosively(FrameworkMethod.java:47)
	at org.junit.internal.runners.statements.InvokeMethod.evaluate(InvokeMethod.java:17)
	at org.junit.runners.ParentRunner.runLeaf(ParentRunner.java:325)
	at org.junit.runners.BlockJUnit4ClassRunner.runChild(BlockJUnit4ClassRunner.java:78)
	at org.junit.runners.BlockJUnit4ClassRunner.runChild(BlockJUnit4ClassRunner.java:57)
	at org.junit.runners.ParentRunner$3.run(ParentRunner.java:290)
	at org.junit.runners.ParentRunner$1.schedule(ParentRunner.java:71)
	at org.junit.runners.ParentRunner.runChildren(ParentRunner.java:288)
	at org.junit.runners.ParentRunner.access$000(ParentRunner.java:58)
	at org.junit.runners.ParentRunner$2.evaluate(ParentRunner.java:268)
	at org.junit.internal.runners.statements.RunBefores.evaluate(RunBefores.java:26)
	at org.junit.internal.runners.statements.RunAfters.evaluate(RunAfters.java:27)
	at org.junit.runners.ParentRunner.run(ParentRunner.java:363)
	at org.apache.maven.surefire.junit4.JUnit4Provider.execute(JUnit4Provider.java:252)
	at org.apache.maven.surefire.junit4.JUnit4Provider.executeTestSet(JUnit4Provider.java:141)
	at org.apache.maven.surefire.junit4.JUnit4Provider.invoke(JUnit4Provider.java:112)
	at java.base/jdk.internal.reflect.NativeMethodAccessorImpl.invoke0(Native Method)
	at java.base/jdk.internal.reflect.NativeMethodAccessorImpl.invoke(NativeMethodAccessorImpl.java:62)
	at java.base/jdk.internal.reflect.DelegatingMethodAccessorImpl.invoke(DelegatingMethodAccessorImpl.java:43)
	at java.base/java.lang.reflect.Method.invoke(Method.java:566)
	at org.apache.maven.surefire.util.ReflectionUtils.invokeMethodWithArray(ReflectionUtils.java:189)
	at org.apache.maven.surefire.booter.ProviderFactory$ProviderProxy.invoke(ProviderFactory.java:165)
	at org.apache.maven.surefire.booter.ProviderFactory.invokeProvider(ProviderFactory.java:85)
	at org.apache.maven.surefire.booter.ForkedBooter.runSuitesInProcess(ForkedBooter.java:115)
	at org.apache.maven.surefire.booter.ForkedBooter.main(ForkedBooter.java:75)
javax.persistence.NoResultException: getSingleResult() did not retrieve any entities.
	at org.eclipse.persistence.internal.jpa.QueryImpl.throwNoResultException(QueryImpl.java:985)
	at org.eclipse.persistence.internal.jpa.QueryImpl.getSingleResult(QueryImpl.java:535)
	at org.eclipse.persistence.internal.jpa.EJBQueryImpl.getSingleResult(EJBQueryImpl.java:404)
	at sdmx.gateway.util.ConceptSchemeUtil.findDatabaseConceptScheme(ConceptSchemeUtil.java:49)
	at sdmx.gateway.services.DatabaseRegistry.loadConcepts(DatabaseRegistry.java:202)
	at sdmx.gateway.services.DatabaseRegistry.load(DatabaseRegistry.java:89)
	at LoadABSDotStatStructure.doTest(LoadABSDotStatStructure.java:202)
	at java.base/jdk.internal.reflect.NativeMethodAccessorImpl.invoke0(Native Method)
	at java.base/jdk.internal.reflect.NativeMethodAccessorImpl.invoke(NativeMethodAccessorImpl.java:62)
	at java.base/jdk.internal.reflect.DelegatingMethodAccessorImpl.invoke(DelegatingMethodAccessorImpl.java:43)
	at java.base/java.lang.reflect.Method.invoke(Method.java:566)
	at org.junit.runners.model.FrameworkMethod$1.runReflectiveCall(FrameworkMethod.java:50)
	at org.junit.internal.runners.model.ReflectiveCallable.run(ReflectiveCallable.java:12)
	at org.junit.runners.model.FrameworkMethod.invokeExplosively(FrameworkMethod.java:47)
	at org.junit.internal.runners.statements.InvokeMethod.evaluate(InvokeMethod.java:17)
	at org.junit.runners.ParentRunner.runLeaf(ParentRunner.java:325)
	at org.junit.runners.BlockJUnit4ClassRunner.runChild(BlockJUnit4ClassRunner.java:78)
	at org.junit.runners.BlockJUnit4ClassRunner.runChild(BlockJUnit4ClassRunner.java:57)
	at org.junit.runners.ParentRunner$3.run(ParentRunner.java:290)
	at org.junit.runners.ParentRunner$1.schedule(ParentRunner.java:71)
	at org.junit.runners.ParentRunner.runChildren(ParentRunner.java:288)
	at org.junit.runners.ParentRunner.access$000(ParentRunner.java:58)
	at org.junit.runners.ParentRunner$2.evaluate(ParentRunner.java:268)
	at org.junit.internal.runners.statements.RunBefores.evaluate(RunBefores.java:26)
	at org.junit.internal.runners.statements.RunAfters.evaluate(RunAfters.java:27)
	at org.junit.runners.ParentRunner.run(ParentRunner.java:363)
	at org.apache.maven.surefire.junit4.JUnit4Provider.execute(JUnit4Provider.java:252)
	at org.apache.maven.surefire.junit4.JUnit4Provider.executeTestSet(JUnit4Provider.java:141)
	at org.apache.maven.surefire.junit4.JUnit4Provider.invoke(JUnit4Provider.java:112)
	at java.base/jdk.internal.reflect.NativeMethodAccessorImpl.invoke0(Native Method)
	at java.base/jdk.internal.reflect.NativeMethodAccessorImpl.invoke(NativeMethodAccessorImpl.java:62)
	at java.base/jdk.internal.reflect.DelegatingMethodAccessorImpl.invoke(DelegatingMethodAccessorImpl.java:43)
	at java.base/java.lang.reflect.Method.invoke(Method.java:566)
	at org.apache.maven.surefire.util.ReflectionUtils.invokeMethodWithArray(ReflectionUtils.java:189)
	at org.apache.maven.surefire.booter.ProviderFactory$ProviderProxy.invoke(ProviderFactory.java:165)
	at org.apache.maven.surefire.booter.ProviderFactory.invokeProvider(ProviderFactory.java:85)
	at org.apache.maven.surefire.booter.ForkedBooter.runSuitesInProcess(ForkedBooter.java:115)
	at org.apache.maven.surefire.booter.ForkedBooter.main(ForkedBooter.java:75)
javax.persistence.NoResultException: getSingleResult() did not retrieve any entities.
	at org.eclipse.persistence.internal.jpa.QueryImpl.throwNoResultException(QueryImpl.java:985)
	at org.eclipse.persistence.internal.jpa.QueryImpl.getSingleResult(QueryImpl.java:535)
	at org.eclipse.persistence.internal.jpa.EJBQueryImpl.getSingleResult(EJBQueryImpl.java:404)
	at sdmx.gateway.util.ConceptSchemeUtil.findDatabaseConceptScheme(ConceptSchemeUtil.java:49)
	at sdmx.gateway.services.DatabaseRegistry.loadConcepts(DatabaseRegistry.java:202)
	at sdmx.gateway.services.DatabaseRegistry.load(DatabaseRegistry.java:89)
	at LoadABSDotStatStructure.doTest(LoadABSDotStatStructure.java:202)
	at java.base/jdk.internal.reflect.NativeMethodAccessorImpl.invoke0(Native Method)
	at java.base/jdk.internal.reflect.NativeMethodAccessorImpl.invoke(NativeMethodAccessorImpl.java:62)
	at java.base/jdk.internal.reflect.DelegatingMethodAccessorImpl.invoke(DelegatingMethodAccessorImpl.java:43)
	at java.base/java.lang.reflect.Method.invoke(Method.java:566)
	at org.junit.runners.model.FrameworkMethod$1.runReflectiveCall(FrameworkMethod.java:50)
	at org.junit.internal.runners.model.ReflectiveCallable.run(ReflectiveCallable.java:12)
	at org.junit.runners.model.FrameworkMethod.invokeExplosively(FrameworkMethod.java:47)
	at org.junit.internal.runners.statements.InvokeMethod.evaluate(InvokeMethod.java:17)
	at org.junit.runners.ParentRunner.runLeaf(ParentRunner.java:325)
	at org.junit.runners.BlockJUnit4ClassRunner.runChild(BlockJUnit4ClassRunner.java:78)
	at org.junit.runners.BlockJUnit4ClassRunner.runChild(BlockJUnit4ClassRunner.java:57)
	at org.junit.runners.ParentRunner$3.run(ParentRunner.java:290)
	at org.junit.runners.ParentRunner$1.schedule(ParentRunner.java:71)
	at org.junit.runners.ParentRunner.runChildren(ParentRunner.java:288)
	at org.junit.runners.ParentRunner.access$000(ParentRunner.java:58)
	at org.junit.runners.ParentRunner$2.evaluate(ParentRunner.java:268)
	at org.junit.internal.runners.statements.RunBefores.evaluate(RunBefores.java:26)
	at org.junit.internal.runners.statements.RunAfters.evaluate(RunAfters.java:27)
	at org.junit.runners.ParentRunner.run(ParentRunner.java:363)
	at org.apache.maven.surefire.junit4.JUnit4Provider.execute(JUnit4Provider.java:252)
	at org.apache.maven.surefire.junit4.JUnit4Provider.executeTestSet(JUnit4Provider.java:141)
	at org.apache.maven.surefire.junit4.JUnit4Provider.invoke(JUnit4Provider.java:112)
	at java.base/jdk.internal.reflect.NativeMethodAccessorImpl.invoke0(Native Method)
	at java.base/jdk.internal.reflect.NativeMethodAccessorImpl.invoke(NativeMethodAccessorImpl.java:62)
	at java.base/jdk.internal.reflect.DelegatingMethodAccessorImpl.invoke(DelegatingMethodAccessorImpl.java:43)
	at java.base/java.lang.reflect.Method.invoke(Method.java:566)
	at org.apache.maven.surefire.util.ReflectionUtils.invokeMethodWithArray(ReflectionUtils.java:189)
	at org.apache.maven.surefire.booter.ProviderFactory$ProviderProxy.invoke(ProviderFactory.java:165)
	at org.apache.maven.surefire.booter.ProviderFactory.invokeProvider(ProviderFactory.java:85)
	at org.apache.maven.surefire.booter.ForkedBooter.runSuitesInProcess(ForkedBooter.java:115)
	at org.apache.maven.surefire.booter.ForkedBooter.main(ForkedBooter.java:75)
javax.persistence.NoResultException: getSingleResult() did not retrieve any entities.
	at org.eclipse.persistence.internal.jpa.QueryImpl.throwNoResultException(QueryImpl.java:985)
	at org.eclipse.persistence.internal.jpa.QueryImpl.getSingleResult(QueryImpl.java:535)
	at org.eclipse.persistence.internal.jpa.EJBQueryImpl.getSingleResult(EJBQueryImpl.java:404)
	at sdmx.gateway.util.ConceptSchemeUtil.findDatabaseConceptScheme(ConceptSchemeUtil.java:49)
	at sdmx.gateway.services.DatabaseRegistry.loadConcepts(DatabaseRegistry.java:202)
	at sdmx.gateway.services.DatabaseRegistry.load(DatabaseRegistry.java:89)
	at LoadABSDotStatStructure.doTest(LoadABSDotStatStructure.java:202)
	at java.base/jdk.internal.reflect.NativeMethodAccessorImpl.invoke0(Native Method)
	at java.base/jdk.internal.reflect.NativeMethodAccessorImpl.invoke(NativeMethodAccessorImpl.java:62)
	at java.base/jdk.internal.reflect.DelegatingMethodAccessorImpl.invoke(DelegatingMethodAccessorImpl.java:43)
	at java.base/java.lang.reflect.Method.invoke(Method.java:566)
	at org.junit.runners.model.FrameworkMethod$1.runReflectiveCall(FrameworkMethod.java:50)
	at org.junit.internal.runners.model.ReflectiveCallable.run(ReflectiveCallable.java:12)
	at org.junit.runners.model.FrameworkMethod.invokeExplosively(FrameworkMethod.java:47)
	at org.junit.internal.runners.statements.InvokeMethod.evaluate(InvokeMethod.java:17)
	at org.junit.runners.ParentRunner.runLeaf(ParentRunner.java:325)
	at org.junit.runners.BlockJUnit4ClassRunner.runChild(BlockJUnit4ClassRunner.java:78)
	at org.junit.runners.BlockJUnit4ClassRunner.runChild(BlockJUnit4ClassRunner.java:57)
	at org.junit.runners.ParentRunner$3.run(ParentRunner.java:290)
	at org.junit.runners.ParentRunner$1.schedule(ParentRunner.java:71)
	at org.junit.runners.ParentRunner.runChildren(ParentRunner.java:288)
	at org.junit.runners.ParentRunner.access$000(ParentRunner.java:58)
	at org.junit.runners.ParentRunner$2.evaluate(ParentRunner.java:268)
	at org.junit.internal.runners.statements.RunBefores.evaluate(RunBefores.java:26)
	at org.junit.internal.runners.statements.RunAfters.evaluate(RunAfters.java:27)
	at org.junit.runners.ParentRunner.run(ParentRunner.java:363)
	at org.apache.maven.surefire.junit4.JUnit4Provider.execute(JUnit4Provider.java:252)
	at org.apache.maven.surefire.junit4.JUnit4Provider.executeTestSet(JUnit4Provider.java:141)
	at org.apache.maven.surefire.junit4.JUnit4Provider.invoke(JUnit4Provider.java:112)
	at java.base/jdk.internal.reflect.NativeMethodAccessorImpl.invoke0(Native Method)
	at java.base/jdk.internal.reflect.NativeMethodAccessorImpl.invoke(NativeMethodAccessorImpl.java:62)
	at java.base/jdk.internal.reflect.DelegatingMethodAccessorImpl.invoke(DelegatingMethodAccessorImpl.java:43)
	at java.base/java.lang.reflect.Method.invoke(Method.java:566)
	at org.apache.maven.surefire.util.ReflectionUtils.invokeMethodWithArray(ReflectionUtils.java:189)
	at org.apache.maven.surefire.booter.ProviderFactory$ProviderProxy.invoke(ProviderFactory.java:165)
	at org.apache.maven.surefire.booter.ProviderFactory.invokeProvider(ProviderFactory.java:85)
	at org.apache.maven.surefire.booter.ForkedBooter.runSuitesInProcess(ForkedBooter.java:115)
	at org.apache.maven.surefire.booter.ForkedBooter.main(ForkedBooter.java:75)
javax.persistence.NoResultException: getSingleResult() did not retrieve any entities.
	at org.eclipse.persistence.internal.jpa.QueryImpl.throwNoResultException(QueryImpl.java:985)
	at org.eclipse.persistence.internal.jpa.QueryImpl.getSingleResult(QueryImpl.java:535)
	at org.eclipse.persistence.internal.jpa.EJBQueryImpl.getSingleResult(EJBQueryImpl.java:404)
	at sdmx.gateway.util.ConceptSchemeUtil.findDatabaseConceptScheme(ConceptSchemeUtil.java:49)
	at sdmx.gateway.services.DatabaseRegistry.loadConcepts(DatabaseRegistry.java:202)
	at sdmx.gateway.services.DatabaseRegistry.load(DatabaseRegistry.java:89)
	at LoadABSDotStatStructure.doTest(LoadABSDotStatStructure.java:202)
	at java.base/jdk.internal.reflect.NativeMethodAccessorImpl.invoke0(Native Method)
	at java.base/jdk.internal.reflect.NativeMethodAccessorImpl.invoke(NativeMethodAccessorImpl.java:62)
	at java.base/jdk.internal.reflect.DelegatingMethodAccessorImpl.invoke(DelegatingMethodAccessorImpl.java:43)
	at java.base/java.lang.reflect.Method.invoke(Method.java:566)
	at org.junit.runners.model.FrameworkMethod$1.runReflectiveCall(FrameworkMethod.java:50)
	at org.junit.internal.runners.model.ReflectiveCallable.run(ReflectiveCallable.java:12)
	at org.junit.runners.model.FrameworkMethod.invokeExplosively(FrameworkMethod.java:47)
	at org.junit.internal.runners.statements.InvokeMethod.evaluate(InvokeMethod.java:17)
	at org.junit.runners.ParentRunner.runLeaf(ParentRunner.java:325)
	at org.junit.runners.BlockJUnit4ClassRunner.runChild(BlockJUnit4ClassRunner.java:78)
	at org.junit.runners.BlockJUnit4ClassRunner.runChild(BlockJUnit4ClassRunner.java:57)
	at org.junit.runners.ParentRunner$3.run(ParentRunner.java:290)
	at org.junit.runners.ParentRunner$1.schedule(ParentRunner.java:71)
	at org.junit.runners.ParentRunner.runChildren(ParentRunner.java:288)
	at org.junit.runners.ParentRunner.access$000(ParentRunner.java:58)
	at org.junit.runners.ParentRunner$2.evaluate(ParentRunner.java:268)
	at org.junit.internal.runners.statements.RunBefores.evaluate(RunBefores.java:26)
	at org.junit.internal.runners.statements.RunAfters.evaluate(RunAfters.java:27)
	at org.junit.runners.ParentRunner.run(ParentRunner.java:363)
	at org.apache.maven.surefire.junit4.JUnit4Provider.execute(JUnit4Provider.java:252)
	at org.apache.maven.surefire.junit4.JUnit4Provider.executeTestSet(JUnit4Provider.java:141)
	at org.apache.maven.surefire.junit4.JUnit4Provider.invoke(JUnit4Provider.java:112)
	at java.base/jdk.internal.reflect.NativeMethodAccessorImpl.invoke0(Native Method)
	at java.base/jdk.internal.reflect.NativeMethodAccessorImpl.invoke(NativeMethodAccessorImpl.java:62)
	at java.base/jdk.internal.reflect.DelegatingMethodAccessorImpl.invoke(DelegatingMethodAccessorImpl.java:43)
	at java.base/java.lang.reflect.Method.invoke(Method.java:566)
	at org.apache.maven.surefire.util.ReflectionUtils.invokeMethodWithArray(ReflectionUtils.java:189)
	at org.apache.maven.surefire.booter.ProviderFactory$ProviderProxy.invoke(ProviderFactory.java:165)
	at org.apache.maven.surefire.booter.ProviderFactory.invokeProvider(ProviderFactory.java:85)
	at org.apache.maven.surefire.booter.ForkedBooter.runSuitesInProcess(ForkedBooter.java:115)
	at org.apache.maven.surefire.booter.ForkedBooter.main(ForkedBooter.java:75)
javax.persistence.NoResultException: getSingleResult() did not retrieve any entities.
	at org.eclipse.persistence.internal.jpa.QueryImpl.throwNoResultException(QueryImpl.java:985)
	at org.eclipse.persistence.internal.jpa.QueryImpl.getSingleResult(QueryImpl.java:535)
	at org.eclipse.persistence.internal.jpa.EJBQueryImpl.getSingleResult(EJBQueryImpl.java:404)
	at sdmx.gateway.util.ConceptSchemeUtil.findDatabaseConceptScheme(ConceptSchemeUtil.java:49)
	at sdmx.gateway.services.DatabaseRegistry.loadConcepts(DatabaseRegistry.java:202)
	at sdmx.gateway.services.DatabaseRegistry.load(DatabaseRegistry.java:89)
	at LoadABSDotStatStructure.doTest(LoadABSDotStatStructure.java:202)
	at java.base/jdk.internal.reflect.NativeMethodAccessorImpl.invoke0(Native Method)
	at java.base/jdk.internal.reflect.NativeMethodAccessorImpl.invoke(NativeMethodAccessorImpl.java:62)
	at java.base/jdk.internal.reflect.DelegatingMethodAccessorImpl.invoke(DelegatingMethodAccessorImpl.java:43)
	at java.base/java.lang.reflect.Method.invoke(Method.java:566)
	at org.junit.runners.model.FrameworkMethod$1.runReflectiveCall(FrameworkMethod.java:50)
	at org.junit.internal.runners.model.ReflectiveCallable.run(ReflectiveCallable.java:12)
	at org.junit.runners.model.FrameworkMethod.invokeExplosively(FrameworkMethod.java:47)
	at org.junit.internal.runners.statements.InvokeMethod.evaluate(InvokeMethod.java:17)
	at org.junit.runners.ParentRunner.runLeaf(ParentRunner.java:325)
	at org.junit.runners.BlockJUnit4ClassRunner.runChild(BlockJUnit4ClassRunner.java:78)
	at org.junit.runners.BlockJUnit4ClassRunner.runChild(BlockJUnit4ClassRunner.java:57)
	at org.junit.runners.ParentRunner$3.run(ParentRunner.java:290)
	at org.junit.runners.ParentRunner$1.schedule(ParentRunner.java:71)
	at org.junit.runners.ParentRunner.runChildren(ParentRunner.java:288)
	at org.junit.runners.ParentRunner.access$000(ParentRunner.java:58)
	at org.junit.runners.ParentRunner$2.evaluate(ParentRunner.java:268)
	at org.junit.internal.runners.statements.RunBefores.evaluate(RunBefores.java:26)
	at org.junit.internal.runners.statements.RunAfters.evaluate(RunAfters.java:27)
	at org.junit.runners.ParentRunner.run(ParentRunner.java:363)
	at org.apache.maven.surefire.junit4.JUnit4Provider.execute(JUnit4Provider.java:252)
	at org.apache.maven.surefire.junit4.JUnit4Provider.executeTestSet(JUnit4Provider.java:141)
	at org.apache.maven.surefire.junit4.JUnit4Provider.invoke(JUnit4Provider.java:112)
	at java.base/jdk.internal.reflect.NativeMethodAccessorImpl.invoke0(Native Method)
	at java.base/jdk.internal.reflect.NativeMethodAccessorImpl.invoke(NativeMethodAccessorImpl.java:62)
	at java.base/jdk.internal.reflect.DelegatingMethodAccessorImpl.invoke(DelegatingMethodAccessorImpl.java:43)
	at java.base/java.lang.reflect.Method.invoke(Method.java:566)
	at org.apache.maven.surefire.util.ReflectionUtils.invokeMethodWithArray(ReflectionUtils.java:189)
	at org.apache.maven.surefire.booter.ProviderFactory$ProviderProxy.invoke(ProviderFactory.java:165)
	at org.apache.maven.surefire.booter.ProviderFactory.invokeProvider(ProviderFactory.java:85)
	at org.apache.maven.surefire.booter.ForkedBooter.runSuitesInProcess(ForkedBooter.java:115)
	at org.apache.maven.surefire.booter.ForkedBooter.main(ForkedBooter.java:75)
javax.persistence.NoResultException: getSingleResult() did not retrieve any entities.
	at org.eclipse.persistence.internal.jpa.QueryImpl.throwNoResultException(QueryImpl.java:985)
	at org.eclipse.persistence.internal.jpa.QueryImpl.getSingleResult(QueryImpl.java:535)
	at org.eclipse.persistence.internal.jpa.EJBQueryImpl.getSingleResult(EJBQueryImpl.java:404)
	at sdmx.gateway.util.ConceptSchemeUtil.findDatabaseConceptScheme(ConceptSchemeUtil.java:49)
	at sdmx.gateway.services.DatabaseRegistry.loadConcepts(DatabaseRegistry.java:202)
	at sdmx.gateway.services.DatabaseRegistry.load(DatabaseRegistry.java:89)
	at LoadABSDotStatStructure.doTest(LoadABSDotStatStructure.java:202)
	at java.base/jdk.internal.reflect.NativeMethodAccessorImpl.invoke0(Native Method)
	at java.base/jdk.internal.reflect.NativeMethodAccessorImpl.invoke(NativeMethodAccessorImpl.java:62)
	at java.base/jdk.internal.reflect.DelegatingMethodAccessorImpl.invoke(DelegatingMethodAccessorImpl.java:43)
	at java.base/java.lang.reflect.Method.invoke(Method.java:566)
	at org.junit.runners.model.FrameworkMethod$1.runReflectiveCall(FrameworkMethod.java:50)
	at org.junit.internal.runners.model.ReflectiveCallable.run(ReflectiveCallable.java:12)
	at org.junit.runners.model.FrameworkMethod.invokeExplosively(FrameworkMethod.java:47)
	at org.junit.internal.runners.statements.InvokeMethod.evaluate(InvokeMethod.java:17)
	at org.junit.runners.ParentRunner.runLeaf(ParentRunner.java:325)
	at org.junit.runners.BlockJUnit4ClassRunner.runChild(BlockJUnit4ClassRunner.java:78)
	at org.junit.runners.BlockJUnit4ClassRunner.runChild(BlockJUnit4ClassRunner.java:57)
	at org.junit.runners.ParentRunner$3.run(ParentRunner.java:290)
	at org.junit.runners.ParentRunner$1.schedule(ParentRunner.java:71)
	at org.junit.runners.ParentRunner.runChildren(ParentRunner.java:288)
	at org.junit.runners.ParentRunner.access$000(ParentRunner.java:58)
	at org.junit.runners.ParentRunner$2.evaluate(ParentRunner.java:268)
	at org.junit.internal.runners.statements.RunBefores.evaluate(RunBefores.java:26)
	at org.junit.internal.runners.statements.RunAfters.evaluate(RunAfters.java:27)
	at org.junit.runners.ParentRunner.run(ParentRunner.java:363)
	at org.apache.maven.surefire.junit4.JUnit4Provider.execute(JUnit4Provider.java:252)
	at org.apache.maven.surefire.junit4.JUnit4Provider.executeTestSet(JUnit4Provider.java:141)
	at org.apache.maven.surefire.junit4.JUnit4Provider.invoke(JUnit4Provider.java:112)
	at java.base/jdk.internal.reflect.NativeMethodAccessorImpl.invoke0(Native Method)
	at java.base/jdk.internal.reflect.NativeMethodAccessorImpl.invoke(NativeMethodAccessorImpl.java:62)
	at java.base/jdk.internal.reflect.DelegatingMethodAccessorImpl.invoke(DelegatingMethodAccessorImpl.java:43)
	at java.base/java.lang.reflect.Method.invoke(Method.java:566)
	at org.apache.maven.surefire.util.ReflectionUtils.invokeMethodWithArray(ReflectionUtils.java:189)
	at org.apache.maven.surefire.booter.ProviderFactory$ProviderProxy.invoke(ProviderFactory.java:165)
	at org.apache.maven.surefire.booter.ProviderFactory.invokeProvider(ProviderFactory.java:85)
	at org.apache.maven.surefire.booter.ForkedBooter.runSuitesInProcess(ForkedBooter.java:115)
	at org.apache.maven.surefire.booter.ForkedBooter.main(ForkedBooter.java:75)
javax.persistence.NoResultException: getSingleResult() did not retrieve any entities.
	at org.eclipse.persistence.internal.jpa.QueryImpl.throwNoResultException(QueryImpl.java:985)
	at org.eclipse.persistence.internal.jpa.QueryImpl.getSingleResult(QueryImpl.java:535)
	at org.eclipse.persistence.internal.jpa.EJBQueryImpl.getSingleResult(EJBQueryImpl.java:404)
	at sdmx.gateway.util.ConceptSchemeUtil.findDatabaseConceptScheme(ConceptSchemeUtil.java:49)
	at sdmx.gateway.services.DatabaseRegistry.loadConcepts(DatabaseRegistry.java:202)
	at sdmx.gateway.services.DatabaseRegistry.load(DatabaseRegistry.java:89)
	at LoadABSDotStatStructure.doTest(LoadABSDotStatStructure.java:202)
	at java.base/jdk.internal.reflect.NativeMethodAccessorImpl.invoke0(Native Method)
	at java.base/jdk.internal.reflect.NativeMethodAccessorImpl.invoke(NativeMethodAccessorImpl.java:62)
	at java.base/jdk.internal.reflect.DelegatingMethodAccessorImpl.invoke(DelegatingMethodAccessorImpl.java:43)
	at java.base/java.lang.reflect.Method.invoke(Method.java:566)
	at org.junit.runners.model.FrameworkMethod$1.runReflectiveCall(FrameworkMethod.java:50)
	at org.junit.internal.runners.model.ReflectiveCallable.run(ReflectiveCallable.java:12)
	at org.junit.runners.model.FrameworkMethod.invokeExplosively(FrameworkMethod.java:47)
	at org.junit.internal.runners.statements.InvokeMethod.evaluate(InvokeMethod.java:17)
	at org.junit.runners.ParentRunner.runLeaf(ParentRunner.java:325)
	at org.junit.runners.BlockJUnit4ClassRunner.runChild(BlockJUnit4ClassRunner.java:78)
	at org.junit.runners.BlockJUnit4ClassRunner.runChild(BlockJUnit4ClassRunner.java:57)
	at org.junit.runners.ParentRunner$3.run(ParentRunner.java:290)
	at org.junit.runners.ParentRunner$1.schedule(ParentRunner.java:71)
	at org.junit.runners.ParentRunner.runChildren(ParentRunner.java:288)
	at org.junit.runners.ParentRunner.access$000(ParentRunner.java:58)
	at org.junit.runners.ParentRunner$2.evaluate(ParentRunner.java:268)
	at org.junit.internal.runners.statements.RunBefores.evaluate(RunBefores.java:26)
	at org.junit.internal.runners.statements.RunAfters.evaluate(RunAfters.java:27)
	at org.junit.runners.ParentRunner.run(ParentRunner.java:363)
	at org.apache.maven.surefire.junit4.JUnit4Provider.execute(JUnit4Provider.java:252)
	at org.apache.maven.surefire.junit4.JUnit4Provider.executeTestSet(JUnit4Provider.java:141)
	at org.apache.maven.surefire.junit4.JUnit4Provider.invoke(JUnit4Provider.java:112)
	at java.base/jdk.internal.reflect.NativeMethodAccessorImpl.invoke0(Native Method)
	at java.base/jdk.internal.reflect.NativeMethodAccessorImpl.invoke(NativeMethodAccessorImpl.java:62)
	at java.base/jdk.internal.reflect.DelegatingMethodAccessorImpl.invoke(DelegatingMethodAccessorImpl.java:43)
	at java.base/java.lang.reflect.Method.invoke(Method.java:566)
	at org.apache.maven.surefire.util.ReflectionUtils.invokeMethodWithArray(ReflectionUtils.java:189)
	at org.apache.maven.surefire.booter.ProviderFactory$ProviderProxy.invoke(ProviderFactory.java:165)
	at org.apache.maven.surefire.booter.ProviderFactory.invokeProvider(ProviderFactory.java:85)
	at org.apache.maven.surefire.booter.ForkedBooter.runSuitesInProcess(ForkedBooter.java:115)
	at org.apache.maven.surefire.booter.ForkedBooter.main(ForkedBooter.java:75)
javax.persistence.NoResultException: getSingleResult() did not retrieve any entities.
	at org.eclipse.persistence.internal.jpa.QueryImpl.throwNoResultException(QueryImpl.java:985)
	at org.eclipse.persistence.internal.jpa.QueryImpl.getSingleResult(QueryImpl.java:535)
	at org.eclipse.persistence.internal.jpa.EJBQueryImpl.getSingleResult(EJBQueryImpl.java:404)
	at sdmx.gateway.util.ConceptSchemeUtil.findDatabaseConceptScheme(ConceptSchemeUtil.java:49)
	at sdmx.gateway.services.DatabaseRegistry.loadConcepts(DatabaseRegistry.java:202)
	at sdmx.gateway.services.DatabaseRegistry.load(DatabaseRegistry.java:89)
	at LoadABSDotStatStructure.doTest(LoadABSDotStatStructure.java:202)
	at java.base/jdk.internal.reflect.NativeMethodAccessorImpl.invoke0(Native Method)
	at java.base/jdk.internal.reflect.NativeMethodAccessorImpl.invoke(NativeMethodAccessorImpl.java:62)
	at java.base/jdk.internal.reflect.DelegatingMethodAccessorImpl.invoke(DelegatingMethodAccessorImpl.java:43)
	at java.base/java.lang.reflect.Method.invoke(Method.java:566)
	at org.junit.runners.model.FrameworkMethod$1.runReflectiveCall(FrameworkMethod.java:50)
	at org.junit.internal.runners.model.ReflectiveCallable.run(ReflectiveCallable.java:12)
	at org.junit.runners.model.FrameworkMethod.invokeExplosively(FrameworkMethod.java:47)
	at org.junit.internal.runners.statements.InvokeMethod.evaluate(InvokeMethod.java:17)
	at org.junit.runners.ParentRunner.runLeaf(ParentRunner.java:325)
	at org.junit.runners.BlockJUnit4ClassRunner.runChild(BlockJUnit4ClassRunner.java:78)
	at org.junit.runners.BlockJUnit4ClassRunner.runChild(BlockJUnit4ClassRunner.java:57)
	at org.junit.runners.ParentRunner$3.run(ParentRunner.java:290)
	at org.junit.runners.ParentRunner$1.schedule(ParentRunner.java:71)
	at org.junit.runners.ParentRunner.runChildren(ParentRunner.java:288)
	at org.junit.runners.ParentRunner.access$000(ParentRunner.java:58)
	at org.junit.runners.ParentRunner$2.evaluate(ParentRunner.java:268)
	at org.junit.internal.runners.statements.RunBefores.evaluate(RunBefores.java:26)
	at org.junit.internal.runners.statements.RunAfters.evaluate(RunAfters.java:27)
	at org.junit.runners.ParentRunner.run(ParentRunner.java:363)
	at org.apache.maven.surefire.junit4.JUnit4Provider.execute(JUnit4Provider.java:252)
	at org.apache.maven.surefire.junit4.JUnit4Provider.executeTestSet(JUnit4Provider.java:141)
	at org.apache.maven.surefire.junit4.JUnit4Provider.invoke(JUnit4Provider.java:112)
	at java.base/jdk.internal.reflect.NativeMethodAccessorImpl.invoke0(Native Method)
	at java.base/jdk.internal.reflect.NativeMethodAccessorImpl.invoke(NativeMethodAccessorImpl.java:62)
	at java.base/jdk.internal.reflect.DelegatingMethodAccessorImpl.invoke(DelegatingMethodAccessorImpl.java:43)
	at java.base/java.lang.reflect.Method.invoke(Method.java:566)
	at org.apache.maven.surefire.util.ReflectionUtils.invokeMethodWithArray(ReflectionUtils.java:189)
	at org.apache.maven.surefire.booter.ProviderFactory$ProviderProxy.invoke(ProviderFactory.java:165)
	at org.apache.maven.surefire.booter.ProviderFactory.invokeProvider(ProviderFactory.java:85)
	at org.apache.maven.surefire.booter.ForkedBooter.runSuitesInProcess(ForkedBooter.java:115)
	at org.apache.maven.surefire.booter.ForkedBooter.main(ForkedBooter.java:75)
java.net.UnknownHostException: stat.data.abs.gov.au: Name or service not known
	at java.base/java.net.Inet6AddressImpl.lookupAllHostAddr(Native Method)
	at java.base/java.net.InetAddress$PlatformNameService.lookupAllHostAddr(InetAddress.java:929)
	at java.base/java.net.InetAddress.getAddressesFromNameService(InetAddress.java:1515)
	at java.base/java.net.InetAddress$NameServiceAddresses.get(InetAddress.java:848)
	at java.base/java.net.InetAddress.getAllByName0(InetAddress.java:1505)
	at java.base/java.net.InetAddress.getAllByName(InetAddress.java:1364)
	at java.base/java.net.InetAddress.getAllByName(InetAddress.java:1298)
	at org.apache.http.impl.conn.SystemDefaultDnsResolver.resolve(SystemDefaultDnsResolver.java:45)
	at org.apache.http.impl.conn.DefaultClientConnectionOperator.resolveHostname(DefaultClientConnectionOperator.java:263)
	at org.apache.http.impl.conn.DefaultClientConnectionOperator.openConnection(DefaultClientConnectionOperator.java:162)
	at org.apache.http.impl.conn.ManagedClientConnectionImpl.open(ManagedClientConnectionImpl.java:326)
	at org.apache.http.impl.client.DefaultRequestDirector.tryConnect(DefaultRequestDirector.java:605)
	at org.apache.http.impl.client.DefaultRequestDirector.execute(DefaultRequestDirector.java:440)
	at org.apache.http.impl.client.AbstractHttpClient.doExecute(AbstractHttpClient.java:835)
	at org.apache.http.impl.client.CloseableHttpClient.execute(CloseableHttpClient.java:72)
	at org.apache.http.impl.client.CloseableHttpClient.execute(CloseableHttpClient.java:221)
	at org.apache.http.impl.client.CloseableHttpClient.execute(CloseableHttpClient.java:165)
	at org.apache.http.impl.client.CloseableHttpClient.execute(CloseableHttpClient.java:140)
	at sdmx.net.service.sdw.Sdmx20SOAPQueryable.query2(Sdmx20SOAPQueryable.java:198)
	at sdmx.net.service.sdw.Sdmx20SOAPQueryable.find(Sdmx20SOAPQueryable.java:330)
	at LoadABSDotStatStructure.doTest(LoadABSDotStatStructure.java:196)
	at java.base/jdk.internal.reflect.NativeMethodAccessorImpl.invoke0(Native Method)
	at java.base/jdk.internal.reflect.NativeMethodAccessorImpl.invoke(NativeMethodAccessorImpl.java:62)
	at java.base/jdk.internal.reflect.DelegatingMethodAccessorImpl.invoke(DelegatingMethodAccessorImpl.java:43)
	at java.base/java.lang.reflect.Method.invoke(Method.java:566)
	at org.junit.runners.model.FrameworkMethod$1.runReflectiveCall(FrameworkMethod.java:50)
	at org.junit.internal.runners.model.ReflectiveCallable.run(ReflectiveCallable.java:12)
	at org.junit.runners.model.FrameworkMethod.invokeExplosively(FrameworkMethod.java:47)
	at org.junit.internal.runners.statements.InvokeMethod.evaluate(InvokeMethod.java:17)
	at org.junit.runners.ParentRunner.runLeaf(ParentRunner.java:325)
	at org.junit.runners.BlockJUnit4ClassRunner.runChild(BlockJUnit4ClassRunner.java:78)
	at org.junit.runners.BlockJUnit4ClassRunner.runChild(BlockJUnit4ClassRunner.java:57)
	at org.junit.runners.ParentRunner$3.run(ParentRunner.java:290)
	at org.junit.runners.ParentRunner$1.schedule(ParentRunner.java:71)
	at org.junit.runners.ParentRunner.runChildren(ParentRunner.java:288)
	at org.junit.runners.ParentRunner.access$000(ParentRunner.java:58)
	at org.junit.runners.ParentRunner$2.evaluate(ParentRunner.java:268)
	at org.junit.internal.runners.statements.RunBefores.evaluate(RunBefores.java:26)
	at org.junit.internal.runners.statements.RunAfters.evaluate(RunAfters.java:27)
	at org.junit.runners.ParentRunner.run(ParentRunner.java:363)
	at org.apache.maven.surefire.junit4.JUnit4Provider.execute(JUnit4Provider.java:252)
	at org.apache.maven.surefire.junit4.JUnit4Provider.executeTestSet(JUnit4Provider.java:141)
	at org.apache.maven.surefire.junit4.JUnit4Provider.invoke(JUnit4Provider.java:112)
	at java.base/jdk.internal.reflect.NativeMethodAccessorImpl.invoke0(Native Method)
	at java.base/jdk.internal.reflect.NativeMethodAccessorImpl.invoke(NativeMethodAccessorImpl.java:62)
	at java.base/jdk.internal.reflect.DelegatingMethodAccessorImpl.invoke(DelegatingMethodAccessorImpl.java:43)
	at java.base/java.lang.reflect.Method.invoke(Method.java:566)
	at org.apache.maven.surefire.util.ReflectionUtils.invokeMethodWithArray(ReflectionUtils.java:189)
	at org.apache.maven.surefire.booter.ProviderFactory$ProviderProxy.invoke(ProviderFactory.java:165)
	at org.apache.maven.surefire.booter.ProviderFactory.invokeProvider(ProviderFactory.java:85)
	at org.apache.maven.surefire.booter.ForkedBooter.runSuitesInProcess(ForkedBooter.java:115)
	at org.apache.maven.surefire.booter.ForkedBooter.main(ForkedBooter.java:75)
</system-err>
  </testcase>
  <testcase classname="LoadABSDotStatStructure" name="testLoadStructure" time="0"/>
</testsuite>