<?xml version="1.0" encoding="UTF-8" ?>
<testsuite tests="1" failures="0" name="LoadABSDotStatData" time="206.931" errors="1" skipped="0">
  <properties>
    <property name="java.runtime.name" value="OpenJDK Runtime Environment"/>
    <property name="java.vm.version" value="11.0.6+10-post-Ubuntu-1ubuntu118.04.1"/>
    <property name="sun.boot.library.path" value="/usr/lib/jvm/java-11-openjdk-amd64/lib"/>
    <property name="maven.multiModuleProjectDirectory" value="/home/james/Documents/NetBeansProjects/sdmx-gateway"/>
    <property name="java.vm.vendor" value="Ubuntu"/>
    <property name="java.vendor.url" value="https://ubuntu.com/"/>
    <property name="guice.disable.misplaced.annotation.check" value="true"/>
    <property name="path.separator" value=":"/>
    <property name="java.vm.name" value="OpenJDK 64-Bit Server VM"/>
    <property name="sun.os.patch.level" value="unknown"/>
    <property name="user.country" value="AU"/>
    <property name="sun.java.launcher" value="SUN_STANDARD"/>
    <property name="test" value="LoadABSDotStatData"/>
    <property name="java.vm.specification.name" value="Java Virtual Machine Specification"/>
    <property name="user.dir" value="/home/james/Documents/NetBeansProjects/sdmx-gateway"/>
    <property name="java.vm.compressedOopsMode" value="32-bit"/>
    <property name="java.runtime.version" value="11.0.6+10-post-Ubuntu-1ubuntu118.04.1"/>
    <property name="java.awt.graphicsenv" value="sun.awt.X11GraphicsEnvironment"/>
    <property name="os.arch" value="amd64"/>
    <property name="java.io.tmpdir" value="/tmp"/>
    <property name="line.separator" value="
"/>
    <property name="java.vm.specification.vendor" value="Oracle Corporation"/>
    <property name="os.name" value="Linux"/>
    <property name="maven.ext.class.path" value="/home/james/netbeans-11.3/netbeans/java/maven-nblib/netbeans-eventspy.jar"/>
    <property name="classworlds.conf" value="/home/james/netbeans-11.3/netbeans/java/maven/bin/m2.conf"/>
    <property name="sun.jnu.encoding" value="UTF-8"/>
    <property name="java.library.path" value="/usr/java/packages/lib:/usr/lib/x86_64-linux-gnu/jni:/lib/x86_64-linux-gnu:/usr/lib/x86_64-linux-gnu:/usr/lib/jni:/lib:/usr/lib"/>
    <property name="jdk.debug" value="release"/>
    <property name="java.class.version" value="55.0"/>
    <property name="java.specification.name" value="Java Platform API Specification"/>
    <property name="sun.management.compiler" value="HotSpot 64-Bit Tiered Compilers"/>
    <property name="os.version" value="4.15.0-91-generic"/>
    <property name="user.home" value="/home/james"/>
    <property name="user.timezone" value="Australia/Perth"/>
    <property name="java.awt.printerjob" value="sun.print.PSPrinterJob"/>
    <property name="file.encoding" value="UTF-8"/>
    <property name="java.specification.version" value="11"/>
    <property name="user.name" value="james"/>
    <property name="java.class.path" value="/home/james/netbeans-11.3/netbeans/java/maven/boot/plexus-classworlds-2.5.2.jar"/>
    <property name="java.vm.specification.version" value="11"/>
    <property name="sun.arch.data.model" value="64"/>
    <property name="sun.java.command" value="org.codehaus.plexus.classworlds.launcher.Launcher -Dtest=LoadABSDotStatData -Dmaven.ext.class.path=/home/james/netbeans-11.3/netbeans/java/maven-nblib/netbeans-eventspy.jar test-compile surefire:test"/>
    <property name="java.home" value="/usr/lib/jvm/java-11-openjdk-amd64"/>
    <property name="user.language" value="en"/>
    <property name="java.specification.vendor" value="Oracle Corporation"/>
    <property name="awt.toolkit" value="sun.awt.X11.XToolkit"/>
    <property name="java.vm.info" value="mixed mode, sharing"/>
    <property name="java.version" value="11.0.6"/>
    <property name="securerandom.source" value="file:/dev/./urandom"/>
    <property name="java.vendor" value="Ubuntu"/>
    <property name="maven.home" value="/home/james/netbeans-11.3/netbeans/java/maven"/>
    <property name="file.separator" value="/"/>
    <property name="java.version.date" value="2020-01-14"/>
    <property name="java.vendor.url.bug" value="https://bugs.launchpad.net/ubuntu/+source/openjdk-lts"/>
    <property name="sun.io.unicode.encoding" value="UnicodeLittle"/>
    <property name="sun.cpu.endian" value="little"/>
    <property name="sun.desktop" value="gnome"/>
    <property name="sun.cpu.isalist" value=""/>
  </properties>
  <testcase classname="LoadABSDotStatData" name="loadALC" time="206.931">
    <error type="java.lang.NullPointerException">java.lang.NullPointerException
	at LoadABSDotStatData.loadALC(LoadABSDotStatData.java:118)
	at java.base/jdk.internal.reflect.NativeMethodAccessorImpl.invoke0(Native Method)
	at java.base/jdk.internal.reflect.NativeMethodAccessorImpl.invoke(NativeMethodAccessorImpl.java:62)
	at java.base/jdk.internal.reflect.DelegatingMethodAccessorImpl.invoke(DelegatingMethodAccessorImpl.java:43)
	at java.base/java.lang.reflect.Method.invoke(Method.java:566)
	at org.junit.runners.model.FrameworkMethod$1.runReflectiveCall(FrameworkMethod.java:50)
	at org.junit.internal.runners.model.ReflectiveCallable.run(ReflectiveCallable.java:12)
	at org.junit.runners.model.FrameworkMethod.invokeExplosively(FrameworkMethod.java:47)
	at org.junit.internal.runners.statements.InvokeMethod.evaluate(InvokeMethod.java:17)
	at org.junit.runners.ParentRunner.runLeaf(ParentRunner.java:325)
	at org.junit.runners.BlockJUnit4ClassRunner.runChild(BlockJUnit4ClassRunner.java:78)
	at org.junit.runners.BlockJUnit4ClassRunner.runChild(BlockJUnit4ClassRunner.java:57)
	at org.junit.runners.ParentRunner$3.run(ParentRunner.java:290)
	at org.junit.runners.ParentRunner$1.schedule(ParentRunner.java:71)
	at org.junit.runners.ParentRunner.runChildren(ParentRunner.java:288)
	at org.junit.runners.ParentRunner.access$000(ParentRunner.java:58)
	at org.junit.runners.ParentRunner$2.evaluate(ParentRunner.java:268)
	at org.junit.internal.runners.statements.RunBefores.evaluate(RunBefores.java:26)
	at org.junit.internal.runners.statements.RunAfters.evaluate(RunAfters.java:27)
	at org.junit.runners.ParentRunner.run(ParentRunner.java:363)
	at org.apache.maven.surefire.junit4.JUnit4Provider.execute(JUnit4Provider.java:252)
	at org.apache.maven.surefire.junit4.JUnit4Provider.executeTestSet(JUnit4Provider.java:141)
	at org.apache.maven.surefire.junit4.JUnit4Provider.invoke(JUnit4Provider.java:112)
	at java.base/jdk.internal.reflect.NativeMethodAccessorImpl.invoke0(Native Method)
	at java.base/jdk.internal.reflect.NativeMethodAccessorImpl.invoke(NativeMethodAccessorImpl.java:62)
	at java.base/jdk.internal.reflect.DelegatingMethodAccessorImpl.invoke(DelegatingMethodAccessorImpl.java:43)
	at java.base/java.lang.reflect.Method.invoke(Method.java:566)
	at org.apache.maven.surefire.util.ReflectionUtils.invokeMethodWithArray(ReflectionUtils.java:189)
	at org.apache.maven.surefire.booter.ProviderFactory$ProviderProxy.invoke(ProviderFactory.java:165)
	at org.apache.maven.surefire.booter.ProviderFactory.invokeProvider(ProviderFactory.java:85)
	at org.apache.maven.surefire.booter.ForkedBooter.runSuitesInProcess(ForkedBooter.java:115)
	at org.apache.maven.surefire.booter.ForkedBooter.main(ForkedBooter.java:75)
</error>
    <system-out>&lt;soapenv:Envelope xmlns:soapenv=&quot;http://schemas.xmlsoap.org/soap/envelope/&quot; xmlns:sdmx=&quot;http://stats.oecd.org/OECDStatWS/SDMX/&quot;&gt;&lt;soapenv:Header&gt;&lt;/soapenv:Header&gt;&lt;soapenv:Body&gt;&lt;sdmx:GetDataStructureDefinition&gt;&lt;sdmx:QueryMessage&gt;&lt;message:QueryMessage xmlns:message=&quot;http://www.SDMX.org/resources/SDMXML/schemas/v2_0/message&quot;&gt;&lt;Header xmlns=&quot;http://www.SDMX.org/resources/SDMXML/schemas/v2_0/message&quot;&gt;&lt;message:ID&gt;none&lt;/message:ID&gt;&lt;message:Test&gt;false&lt;/message:Test&gt;&lt;message:Prepared&gt;2016-08-19T00:04:18+08:00&lt;/message:Prepared&gt;&lt;message:Sender id=&quot;Sdmx-Sax&quot; /&gt;&lt;message:Receiver id=&quot;ABS&quot; /&gt;&lt;/Header&gt;&lt;message:Query&gt;&lt;query:KeyFamilyWhere xmlns:query=&quot;http://www.SDMX.org/resources/SDMXML/schemas/v2_0/query&quot;&gt;&lt;query:And /&gt;&lt;/query:KeyFamilyWhere&gt;&lt;/message:Query&gt;&lt;/message:QueryMessage&gt;&lt;/sdmx:QueryMessage&gt;&lt;/sdmx:GetDataStructureDefinition&gt;&lt;/soapenv:Body&gt;&lt;/soapenv:Envelope&gt;
Header=&lt;message:Structure xmlns=&quot;http://www.SDMX.org/resources/SDMXML/schemas/v2_0/structure&quot; xmlns:common=&quot;http://www.SDMX.org/resources/SDMXML/schemas/v2_0/common&quot; xsi:schemaLocation=&quot;http://www.SDMX.org/resources/SDMXML/schemas/v2_0/structure http://www.sdmx.org/docs/2_0/SDMXStructure.xsd http://www.SDMX.org/resources/SDMXML/schemas/v2_0/message http://www.sdmx.org/docs/2_0/SDMXMessage.xsd&quot; xmlns:xsi=&quot;http://www.w3.org/2001/XMLSchema-instance&quot; xmlns:message=&quot;http://www.SDMX.org/resources/SDMXML/schemas/v2_0/message&quot;&gt;&lt;Header xmlns=&quot;http://www.SDMX.org/resources/SDMXML/schemas/v2_0/message&quot;&gt;&lt;ID&gt;none&lt;!--Statistical usage warning
ABS.Stat beta is continuing to be developed.  Data will be updated as soon as possible following its 11:30 am release on the ABS website.
--&gt;&lt;/ID&gt;&lt;Test&gt;false&lt;/Test&gt;&lt;Truncated&gt;false&lt;/Truncated&gt;&lt;Prepared&gt;2020-03-19T13:23:01&lt;/Prepared&gt;&lt;Sender id=&quot;ABS&quot;&gt;&lt;Name xml:lang=&quot;en&quot;&gt;Australian Bureau of Statistics&lt;/Name&gt;&lt;Name xml:lang=&quot;fr&quot;&gt;Australian Bureau of Statistics&lt;/Name&gt;&lt;/Sender&gt;&lt;/Header&gt;&lt;message:KeyFamilies&gt;&lt;KeyFamily id=&quot;ATSI_BIRTHS_SUMM&quot; agencyID=&quot;ABS&quot;&gt;&lt;Name xml:lang=&quot;en&quot;&gt;Aboriginal and Torres Strait Islander births and confinements, summary, by state&lt;/Name&gt;&lt;Name xml:lang=&quot;fr&quot;&gt;Aboriginal and Torres Strait Islander births and confinements, summary, by state&lt;/Name&gt;&lt;Annotations&gt;&lt;common:Annotation&gt;&lt;common:AnnotationTitle&gt;Statistical usage warning&lt;/common:AnnotationTitle&gt;&lt;common:AnnotationText&gt;ABS.Stat beta is continuing to be developed.  Data will be updated as soon as possible following its 11:30 am release on the ABS website.&lt;/common:AnnotationText&gt;&lt;/common:Annotation&gt;&lt;/Annotations&gt;&lt;/KeyFamily&gt;&lt;KeyFamily id=&quot;ATSI_FERTILITY&quot; agencyID=&quot;ABS&quot;&gt;&lt;Name xml:lang=&quot;en&quot;&gt;Aboriginal and Torres Strait Islander fertility, by age, by state&lt;/Name&gt;&lt;Name xml:lang=&quot;fr&quot;&gt;Aboriginal and Torres Strait Islander fertility, by age, by state&lt;/Name&gt;&lt;Annotations&gt;&lt;common:Annotation&gt;&lt;common:AnnotationTitle&gt;Statistical usage warning&lt;/common:AnnotationTitle&gt;&lt;common:AnnotationText&gt;ABS.Stat beta is continuing to be developed.  Data will be updated as soon as possible following its 11:30 am release on the ABS website.&lt;/common:AnnotationText&gt;&lt;/common:Annotation&gt;&lt;/Annotations&gt;&lt;/KeyFamily&gt;&lt;KeyFamily id=&quot;ALC&quot; agencyID=&quot;ABS&quot;&gt;&lt;Name xml:lang=&quot;en&quot;&gt;Apparent Consumption of Alcohol, Australia&lt;/Name&gt;&lt;Name xml:lang=&quot;fr&quot;&gt;Apparent Consumption of Alcohol, Australia&lt;/Name&gt;&lt;Annotations&gt;&lt;common:Annotation&gt;&lt;common:AnnotationTitle&gt;Statistical usage warning&lt;/common:AnnotationTitle&gt;&lt;common:AnnotationText&gt;ABS.Stat beta is continuing to be developed.  Data will be updated as soon as possible following its 11:30 am release on the ABS website.&lt;/common:AnnotationText&gt;&lt;/common:Annotation&gt;&lt;/Annotations&gt;&lt;/KeyFamily&gt;&lt;KeyFamily id=&quot;ABS_ACLD_LFSTATUS&quot; agencyID=&quot;ABS&quot;&gt;&lt;Name xml:lang=&quot;en&quot;&gt;Australian Census Longitudinal Dataset (ACLD): Labour force status, 2006-2011&lt;/Name&gt;&lt;Name xml:lang=&quot;fr&quot;&gt;Australian Census Longitudinal Dataset (ACLD): Labour force status, 2006-2011&lt;/Name&gt;&lt;Annotations&gt;&lt;common:Annotation&gt;&lt;common:AnnotationTitle&gt;Statistical usage warning&lt;/common:AnnotationTitle&gt;&lt;common:AnnotationText&gt;ABS.Stat beta is continuing to be developed.  Data will be updated as soon as possible following its 11:30 am release on the ABS website.&lt;/common:AnnotationText&gt;&lt;/common:Annotation&gt;&lt;/Annotations&gt;&lt;/KeyFamily&gt;&lt;KeyFamily id=&quot;ABS_ACLD_TENURE&quot; agencyID=&quot;ABS&quot;&gt;&lt;Name xml:lang=&quot;en&quot;&gt;Australian Census Longitudinal Dataset (ACLD): Tenure and landlord type, 2006-2011&lt;/Name&gt;&lt;Name xml:lang=&quot;fr&quot;&gt;Australian Census Longitudinal Dataset (ACLD): Tenure and landlord type, 2006-2011&lt;/Name&gt;&lt;Annotations&gt;&lt;common:Annotation&gt;&lt;common:AnnotationTitle&gt;Statistical usage warning&lt;/common:AnnotationTitle&gt;&lt;common:AnnotationText&gt;ABS.Stat beta is continuing to be developed.  Data will be updated as soon as possible following its 11:30 am release on the ABS website.&lt;/common:AnnotationText&gt;&lt;/common:Annotation&gt;&lt;/Annotations&gt;&lt;/KeyFamily&gt;&lt;KeyFamily id=&quot;ABS_ACLD_UNPAIDASST&quot; agencyID=&quot;ABS&quot;&gt;&lt;Name xml:lang=&quot;en&quot;&gt;Australian Census Longitudinal Dataset (ACLD): Unpaid assistance to a person with disability, 2006-2011&lt;/Name&gt;&lt;Name xml:lang=&quot;fr&quot;&gt;Australian Census Longitudinal Dataset (ACLD): Unpaid assistance to a person with disability, 2006-2011&lt;/Name&gt;&lt;Annotations&gt;&lt;common:Annotation&gt;&lt;common:AnnotationTitle&gt;Statistical usage warning&lt;/common:AnnotationTitle&gt;&lt;common:AnnotationText&gt;ABS.Stat beta is continuing to be developed.  Data will be updated as soon as possible following its 11:30 am release on the ABS website.&lt;/common:AnnotationText&gt;&lt;/common:Annotation&gt;&lt;/Annotations&gt;&lt;/KeyFamily&gt;&lt;KeyFamily id=&quot;ABS_ACLD_VOLWORK&quot; agencyID=&quot;ABS&quot;&gt;&lt;Name xml:lang=&quot;en&quot;&gt;Australian Census Longitudinal Dataset (ACLD): Voluntary work for an organisation or group, 2006-2011&lt;/Name&gt;&lt;Name xml:lang=&quot;fr&quot;&gt;Australian Census Longitudinal Dataset (ACLD): Voluntary work for an organisation or group, 2006-2011&lt;/Name&gt;&lt;Annotations&gt;&lt;common:Annotation&gt;&lt;common:AnnotationTitle&gt;Statistical usage warning&lt;/common:AnnotationTitle&gt;&lt;common:AnnotationText&gt;ABS.Stat beta is continuing to be developed.  Data will be updated as soon as possible following its 11:30 am release on the ABS website.&lt;/common:AnnotationText&gt;&lt;/common:Annotation&gt;&lt;/Annotations&gt;&lt;/KeyFamily&gt;&lt;KeyFamily id=&quot;AMLPS_PART_2017&quot; agencyID=&quot;ABS&quot;&gt;&lt;Name xml:lang=&quot;en&quot;&gt;Australian Marriage Law Postal Survey 2017 - Participation&lt;/Name&gt;&lt;Name xml:lang=&quot;fr&quot;&gt;Australian Marriage Law Postal Survey 2017 - Participation&lt;/Name&gt;&lt;Annotations&gt;&lt;common:Annotation&gt;&lt;common:AnnotationTitle&gt;Statistical usage warning&lt;/common:AnnotationTitle&gt;&lt;common:AnnotationText&gt;ABS.Stat beta is continuing to be developed.  Data will be updated as soon as possible following its 11:30 am release on the ABS website.&lt;/common:AnnotationText&gt;&lt;/common:Annotation&gt;&lt;/Annotations&gt;&lt;/KeyFamily&gt;&lt;KeyFamily id=&quot;AMLPS_RESP_2017&quot; agencyID=&quot;ABS&quot;&gt;&lt;Name xml:lang=&quot;en&quot;&gt;Australian Marriage Law Postal Survey 2017 - Response&lt;/Name&gt;&lt;Name xml:lang=&quot;fr&quot;&gt;Australian Marriage Law Postal Survey 2017 - Response&lt;/Name&gt;&lt;Annotations&gt;&lt;common:Annotation&gt;&lt;common:AnnotationTitle&gt;Statistical usage warning&lt;/common:AnnotationTitle&gt;&lt;common:AnnotationText&gt;ABS.Stat beta is continuing to be developed.  Data will be updated as soon as possible following its 11:30 am release on the ABS website.&lt;/common:AnnotationText&gt;&lt;/common:Annotation&gt;&lt;/Annotations&gt;&lt;/KeyFamily&gt;&lt;KeyFamily id=&quot;ABS_CENSUS2011_B01&quot; agencyID=&quot;ABS&quot;&gt;&lt;Name xml:lang=&quot;en&quot;&gt;B01 Selected Person Characteristics&lt;/Name&gt;&lt;Name xml:lang=&quot;fr&quot;&gt;B01 Selected Person Characteristics&lt;/Name&gt;&lt;Annotations&gt;&lt;common:Annotation&gt;&lt;common:AnnotationTitle&gt;Statistical usage warning&lt;/common:AnnotationTitle&gt;&lt;common:AnnotationText&gt;ABS.Stat beta is continuing to be developed.  Data will be updated as soon as possible following its 11:30 am release on the ABS website.&lt;/common:AnnotationText&gt;&lt;/common:Annotation&gt;&lt;/Annotations&gt;&lt;/KeyFamily&gt;&lt;KeyFamily id=&quot;ABS_CENSUS2011_B01_LGA&quot; agencyID=&quot;ABS&quot;&gt;&lt;Name xml:lang=&quot;en&quot;&gt;B01 Selected Person Characteristics (LGA)&lt;/Name&gt;&lt;Name xml:lang=&quot;fr&quot;&gt;B01 Selected Person Characteristics (LGA)&lt;/Name&gt;&lt;Annotations&gt;&lt;common:Annotation&gt;&lt;common:AnnotationTitle&gt;Statistical usage warning&lt;/common:AnnotationTitle&gt;&lt;common:AnnotationText&gt;ABS.Stat beta is continuing to be developed.  Data will be updated as soon as possible following its 11:30 am release on the ABS website.&lt;/common:AnnotationText&gt;&lt;/common:Annotation&gt;&lt;/Annotations&gt;&lt;/KeyFamily&gt;&lt;KeyFamily id=&quot;ABS_CENSUS2011_B01_SA1_SA&quot; agencyID=&quot;ABS&quot;&gt;&lt;Name xml:lang=&quot;en&quot;&gt;B01 Selected Person Characteristics(SA1 SA)&lt;/Name&gt;&lt;Name xml:lang=&quot;fr&quot;&gt;B01 Selected Person Characteristics(SA1 SA)&lt;/Name&gt;&lt;Annotations&gt;&lt;common:Annotation&gt;&lt;common:AnnotationTitle&gt;Statistical usage warning&lt;/common:AnnotationTitle&gt;&lt;common:AnnotationText&gt;ABS.Stat beta is continuing to be developed.  Data will be updated as soon as possible following its 11:30 am release on the ABS website.&lt;/common:AnnotationText&gt;&lt;/common:Annotation&gt;&lt;/Annotations&gt;&lt;/KeyFamily&gt;&lt;KeyFamily id=&quot;ABS_CENSUS2011_B02&quot; agencyID=&quot;ABS&quot;&gt;&lt;Name xml:lang=&quot;en&quot;&gt;B02 Selected Medians and Averages&lt;/Name&gt;&lt;Name xml:lang=&quot;fr&quot;&gt;B02 Selected Medians and Averages&lt;/Name&gt;&lt;Annotations&gt;&lt;common:Annotation&gt;&lt;common:AnnotationTitle&gt;Statistical usage warning&lt;/common:AnnotationTitle&gt;&lt;common:AnnotationText&gt;ABS.Stat beta is continuing to be develo
&lt;soapenv:Envelope xmlns:soapenv=&quot;http://schemas.xmlsoap.org/soap/envelope/&quot; xmlns:sdmx=&quot;http://stats.oecd.org/OECDStatWS/SDMX/&quot;&gt;&lt;soapenv:Header/&gt;&lt;soapenv:Body&gt;&lt;sdmx:GetDataStructureDefinition&gt;&lt;!--Optional:--&gt;&lt;sdmx:QueryMessage&gt;&lt;message:QueryMessage xsi:schemaLocation=&quot;http://www.SDMX.org/resources/SDMXML/schemas/v2_0/queryhttp://www.sdmx.org/docs/2_0/SDMXQuery.xsd http://www.SDMX.org/resources/SDMXML/schemas/v2_0/message http://www.sdmx.org/docs/2_0/SDMXMessage.xsd&quot; xmlns=&quot;http://www.SDMX.org/resources/SDMXML/schemas/v2_0/query&quot; xmlns:message=&quot;http://www.SDMX.org/resources/SDMXML/schemas/v2_0/message&quot; xmlns:xsi=&quot;http://www.w3.org/2001/XMLSchema-instance&quot;&gt;&lt;Header xmlns=&quot;http://www.SDMX.org/resources/SDMXML/schemas/v2_0/message&quot;&gt;&lt;ID&gt;none&lt;/ID&gt;&lt;Test&gt;false&lt;/Test&gt;&lt;Prepared&gt;2012-06-01T09:33:53&lt;/Prepared&gt;&lt;Sender id=&quot;YourID&quot;&gt;&lt;Name xml:lang=&quot;en&quot;&gt;Your English Name&lt;/Name&gt;&lt;/Sender&gt;&lt;Receiver id=&quot;ABS&quot;&gt;&lt;Name xml:lang=&quot;en&quot;&gt;Australian Bureau of Statistics&lt;/Name&gt;&lt;Name xml:lang=&quot;fr&quot;&gt;Australian Bureau of Statistics&lt;/Name&gt;&lt;/Receiver&gt;&lt;/Header&gt;&lt;message:Query&gt;&lt;KeyFamilyWhere&gt;&lt;Or&gt;&lt;KeyFamily&gt;ATSI_BIRTHS_SUMM&lt;/KeyFamily&gt;&lt;/Or&gt;&lt;/KeyFamilyWhere&gt;&lt;/message:Query&gt;&lt;/message:QueryMessage&gt;&lt;/sdmx:QueryMessage&gt;&lt;/sdmx:GetDataStructureDefinition&gt;&lt;/soapenv:Body&gt;&lt;/soapenv:Envelope&gt;
Header=&lt;message:Structure xmlns=&quot;http://www.SDMX.org/resources/SDMXML/schemas/v2_0/structure&quot; xmlns:common=&quot;http://www.SDMX.org/resources/SDMXML/schemas/v2_0/common&quot; xsi:schemaLocation=&quot;http://www.SDMX.org/resources/SDMXML/schemas/v2_0/structure http://www.sdmx.org/docs/2_0/SDMXStructure.xsd http://www.SDMX.org/resources/SDMXML/schemas/v2_0/message http://www.sdmx.org/docs/2_0/SDMXMessage.xsd&quot; xmlns:xsi=&quot;http://www.w3.org/2001/XMLSchema-instance&quot; xmlns:message=&quot;http://www.SDMX.org/resources/SDMXML/schemas/v2_0/message&quot;&gt;&lt;Header xmlns=&quot;http://www.SDMX.org/resources/SDMXML/schemas/v2_0/message&quot;&gt;&lt;ID&gt;none&lt;!--Statistical usage warning
ABS.Stat beta is continuing to be developed.  Data will be updated as soon as possible following its 11:30 am release on the ABS website.
--&gt;&lt;/ID&gt;&lt;Test&gt;false&lt;/Test&gt;&lt;Truncated&gt;false&lt;/Truncated&gt;&lt;Prepared&gt;2020-03-19T13:23:04&lt;/Prepared&gt;&lt;Sender id=&quot;ABS&quot;&gt;&lt;Name xml:lang=&quot;en&quot;&gt;Australian Bureau of Statistics&lt;/Name&gt;&lt;Name xml:lang=&quot;fr&quot;&gt;Australian Bureau of Statistics&lt;/Name&gt;&lt;/Sender&gt;&lt;/Header&gt;&lt;message:CodeLists&gt;&lt;CodeList id=&quot;CL_ATSI_BIRTHS_SUMM_MEASURE&quot; agencyID=&quot;ABS&quot;&gt;&lt;Name xml:lang=&quot;en&quot;&gt;Measure&lt;/Name&gt;&lt;Name xml:lang=&quot;fr&quot;&gt;Measure&lt;/Name&gt;&lt;Code value=&quot;1&quot;&gt;&lt;Description xml:lang=&quot;en&quot;&gt;Births&lt;/Description&gt;&lt;Description xml:lang=&quot;fr&quot;&gt;Births&lt;/Description&gt;&lt;/Code&gt;&lt;Code value=&quot;4&quot;&gt;&lt;Description xml:lang=&quot;en&quot;&gt;Male births&lt;/Description&gt;&lt;Description xml:lang=&quot;fr&quot;&gt;Male births&lt;/Description&gt;&lt;/Code&gt;&lt;Code value=&quot;5&quot;&gt;&lt;Description xml:lang=&quot;en&quot;&gt;Female births&lt;/Description&gt;&lt;Description xml:lang=&quot;fr&quot;&gt;Female births&lt;/Description&gt;&lt;/Code&gt;&lt;Code value=&quot;7&quot;&gt;&lt;Description xml:lang=&quot;en&quot;&gt;Nuptial births&lt;/Description&gt;&lt;Description xml:lang=&quot;fr&quot;&gt;Nuptial births&lt;/Description&gt;&lt;/Code&gt;&lt;Code value=&quot;8&quot;&gt;&lt;Description xml:lang=&quot;en&quot;&gt;Ex-nuptial births&lt;/Description&gt;&lt;Description xml:lang=&quot;fr&quot;&gt;Ex-nuptial births&lt;/Description&gt;&lt;/Code&gt;&lt;Code value=&quot;9&quot;&gt;&lt;Description xml:lang=&quot;en&quot;&gt;Ex-nuptial, paternity acknowledged births&lt;/Description&gt;&lt;Description xml:lang=&quot;fr&quot;&gt;Ex-nuptial, paternity acknowledged births&lt;/Description&gt;&lt;/Code&gt;&lt;Code value=&quot;10&quot;&gt;&lt;Description xml:lang=&quot;en&quot;&gt;Ex-nuptial, paternity not acknowledged births&lt;/Description&gt;&lt;Description xml:lang=&quot;fr&quot;&gt;Ex-nuptial, paternity not acknowledged births&lt;/Description&gt;&lt;/Code&gt;&lt;Code value=&quot;13&quot;&gt;&lt;Description xml:lang=&quot;en&quot;&gt;Confinements&lt;/Description&gt;&lt;Description xml:lang=&quot;fr&quot;&gt;Confinements&lt;/Description&gt;&lt;/Code&gt;&lt;Code value=&quot;14&quot;&gt;&lt;Description xml:lang=&quot;en&quot;&gt;Median age of mother&lt;/Description&gt;&lt;Description xml:lang=&quot;fr&quot;&gt;Median age of mother&lt;/Description&gt;&lt;/Code&gt;&lt;Code value=&quot;15&quot;&gt;&lt;Description xml:lang=&quot;en&quot;&gt;Median age of father&lt;/Description&gt;&lt;Description xml:lang=&quot;fr&quot;&gt;Median age of father&lt;/Description&gt;&lt;/Code&gt;&lt;Code value=&quot;18&quot;&gt;&lt;Description xml:lang=&quot;en&quot;&gt;Births where both parents are Aboriginal or Torres Strait Islander&lt;/Description&gt;&lt;Description xml:lang=&quot;fr&quot;&gt;Births where both are parents Aboriginal or Torres Strait Islander&lt;/Description&gt;&lt;/Code&gt;&lt;Code value=&quot;19&quot;&gt;&lt;Description xml:lang=&quot;en&quot;&gt;Births where only mother is Aboriginal or Torres Strait Islander&lt;/Description&gt;&lt;Description xml:lang=&quot;fr&quot;&gt;Births where only mother is Aboriginal or Torres Strait Islander&lt;/Description&gt;&lt;/Code&gt;&lt;Code value=&quot;20&quot;&gt;&lt;Description xml:lang=&quot;en&quot;&gt;Births where only father is Aboriginal or Torres Strait Islander&lt;/Description&gt;&lt;Description xml:lang=&quot;fr&quot;&gt;Births where only father is Aboriginal or Torres Strait Islander&lt;/Description&gt;&lt;/Code&gt;&lt;/CodeList&gt;&lt;CodeList id=&quot;CL_ATSI_BIRTHS_SUMM_INDIGENOUS_STATUS&quot; agencyID=&quot;ABS&quot;&gt;&lt;Name xml:lang=&quot;en&quot;&gt;Indigenous status&lt;/Name&gt;&lt;Name xml:lang=&quot;fr&quot;&gt;Indigenous status&lt;/Name&gt;&lt;Code value=&quot;IM&quot;&gt;&lt;Description xml:lang=&quot;en&quot;&gt;Births to Aboriginal and Torres Strait Islander mothers&lt;/Description&gt;&lt;Description xml:lang=&quot;fr&quot;&gt;Births to Aboriginal and Torres Strait Islander mothers&lt;/Description&gt;&lt;/Code&gt;&lt;Code value=&quot;IB&quot;&gt;&lt;Description xml:lang=&quot;en&quot;&gt;Aboriginal and Torres Strait Islander births&lt;/Description&gt;&lt;Description xml:lang=&quot;fr&quot;&gt;Aboriginal and Torres Strait Islander births&lt;/Description&gt;&lt;/Code&gt;&lt;/CodeList&gt;&lt;CodeList id=&quot;CL_ATSI_BIRTHS_SUMM_ASGS_2011&quot; agencyID=&quot;ABS&quot;&gt;&lt;Name xml:lang=&quot;en&quot;&gt;Region&lt;/Name&gt;&lt;Name xml:lang=&quot;fr&quot;&gt;Region&lt;/Name&gt;&lt;Code value=&quot;0&quot;&gt;&lt;Description xml:lang=&quot;en&quot;&gt;Australia&lt;/Description&gt;&lt;Description xml:lang=&quot;fr&quot;&gt;Australia&lt;/Description&gt;&lt;/Code&gt;&lt;Code value=&quot;1&quot; parentCode=&quot;0&quot;&gt;&lt;Description xml:lang=&quot;en&quot;&gt;New South Wales&lt;/Description&gt;&lt;Description xml:lang=&quot;fr&quot;&gt;New South Wales&lt;/Description&gt;&lt;/Code&gt;&lt;Code value=&quot;2&quot; parentCode=&quot;0&quot;&gt;&lt;Description xml:lang=&quot;en&quot;&gt;Victoria&lt;/Description&gt;&lt;Description xml:lang=&quot;fr&quot;&gt;Victoria&lt;/Description&gt;&lt;/Code&gt;&lt;Code value=&quot;3&quot; parentCode=&quot;0&quot;&gt;&lt;Description xml:lang=&quot;en&quot;&gt;Queensland&lt;/Description&gt;&lt;Description xml:lang=&quot;fr&quot;&gt;Queensland&lt;/Description&gt;&lt;/Code&gt;&lt;Code value=&quot;4&quot; parentCode=&quot;0&quot;&gt;&lt;Description xml:lang=&quot;en&quot;&gt;South Australia&lt;/Description&gt;&lt;Description xml:lang=&quot;fr&quot;&gt;South Australia&lt;/Description&gt;&lt;/Code&gt;&lt;Code value=&quot;5&quot; parentCode=&quot;0&quot;&gt;&lt;Description xml:lang=&quot;en&quot;&gt;Western Australia&lt;/Description&gt;&lt;Description xml:lang=&quot;fr&quot;&gt;Western Australia&lt;/Description&gt;&lt;/Code&gt;&lt;Code value=&quot;6&quot; parentCode=&quot;0&quot;&gt;&lt;Description xml:lang=&quot;en&quot;&gt;Tasmania&lt;/Description&gt;&lt;Description xml:lang=&quot;fr&quot;&gt;Tasmania&lt;/Description&gt;&lt;/Code&gt;&lt;Code value=&quot;7&quot; parentCode=&quot;0&quot;&gt;&lt;Description xml:lang=&quot;en&quot;&gt;Northern Territory&lt;/Description&gt;&lt;Description xml:lang=&quot;fr&quot;&gt;Northern Territory&lt;/Description&gt;&lt;/Code&gt;&lt;/CodeList&gt;&lt;CodeList id=&quot;CL_ATSI_BIRTHS_SUMM_FREQUENCY&quot; agencyID=&quot;ABS&quot;&gt;&lt;Name xml:lang=&quot;en&quot;&gt;Frequency&lt;/Name&gt;&lt;Name xml:lang=&quot;fr&quot;&gt;Fréquence&lt;/Name&gt;&lt;Code value=&quot;A&quot;&gt;&lt;Description xml:lang=&quot;en&quot;&gt;Annual&lt;/Description&gt;&lt;Description xml:lang=&quot;fr&quot;&gt;Annuelle&lt;/Description&gt;&lt;/Code&gt;&lt;/CodeList&gt;&lt;CodeList id=&quot;CL_ATSI_BIRTHS_SUMM_TIME&quot; agencyID=&quot;ABS&quot;&gt;&lt;Name xml:lang=&quot;en&quot;&gt;Time&lt;/Name&gt;&lt;Name xml:lang=&quot;fr&quot;&gt;Temps&lt;/Name&gt;&lt;Code value=&quot;2001&quot;&gt;&lt;Description xml:lang=&quot;en&quot;&gt;2001&lt;/Description&gt;&lt;Description xml:lang=&quot;fr&quot;&gt;2001&lt;/Description&gt;&lt;/Code&gt;&lt;Code value=&quot;2002&quot;&gt;&lt;Description xml:lang=&quot;en&quot;&gt;2002&lt;/Description&gt;&lt;Description xml:lang=&quot;fr&quot;&gt;2002&lt;/Description&gt;&lt;/Code&gt;&lt;Code value=&quot;2003&quot;&gt;&lt;Description xml:lang=&quot;en&quot;&gt;2003&lt;/Description&gt;&lt;Description xml:lang=&quot;fr&quot;&gt;2003&lt;/Description&gt;&lt;/Code&gt;&lt;Code value=&quot;2004&quot;&gt;&lt;Description xml:lang=&quot;en&quot;&gt;2004&lt;/Description&gt;&lt;Description xml:lang=&quot;fr&quot;&gt;2004&lt;/Description&gt;&lt;/Code&gt;&lt;Code value=&quot;2005&quot;&gt;&lt;Description xml:lang=&quot;en&quot;&gt;2005&lt;/Description&gt;&lt;Description xml:lang=&quot;fr&quot;&gt;2005&lt;/Description&gt;&lt;/Code&gt;&lt;Code value=&quot;2006&quot;&gt;&lt;Description xml:lang=&quot;en&quot;&gt;2006&lt;/Description&gt;&lt;Description xml:lang=&quot;fr&quot;&gt;2006&lt;/Description&gt;&lt;/Code&gt;&lt;Code value=&quot;2007&quot;&gt;&lt;Description xml:lang=&quot;en&quot;&gt;2007&lt;/Description&gt;&lt;Description xml:lang=&quot;fr&quot;&gt;2007&lt;/Description&gt;&lt;/Code&gt;&lt;Code value=&quot;2008&quot;&gt;&lt;Description xml:lang=&quot;en&quot;&gt;2008&lt;/Description&gt;&lt;Description xml:lang=&quot;fr&quot;&gt;2008&lt;/Description&gt;&lt;/Code&gt;&lt;Code value=&quot;2009&quot;&gt;&lt;Description xml:lang=&quot;en&quot;&gt;2009&lt;/Description&gt;&lt;Description xml:lang=&quot;fr&quot;&gt;2009&lt;/Description&gt;&lt;/Code&gt;&lt;Code value=&quot;2010&quot;&gt;&lt;Description xml:lang=&quot;en&quot;&gt;2010&lt;/Description&gt;&lt;Description xml:lang=&quot;fr&quot;&gt;2010&lt;/Description&gt;&lt;/Code&gt;&lt;Code value=&quot;2011&quot;&gt;&lt;Description xml:lang=&quot;en&quot;&gt;2011&lt;/Description&gt;&lt;Description xml:lang=&quot;fr&quot;&gt;2011&lt;/Description&gt;&lt;/Code&gt;&lt;Code value=&quot;2012&quot;&gt;&lt;Description xml:lang=&quot;en&quot;&gt;2012&lt;/Description&gt;&lt;Description xml:lang=&quot;fr&quot;&gt;2012&lt;/Description&gt;&lt;/Code&gt;&lt;Code value=&quot;2013&quot;&gt;&lt;Description xml:lang=&quot;en&quot;&gt;2013&lt;/Description&gt;&lt;Description xml:lang=&quot;fr&quot;&gt;2013&lt;/Description&gt;&lt;/Code&gt;&lt;Code value=&quot;2014&quot;&gt;&lt;Description xml:lang=&quot;en&quot;&gt;2014&lt;/Description&gt;&lt;Description xml:lang=&quot;fr&quot;&gt;2014&lt;/Description&gt;&lt;/Code&gt;&lt;Code value=&quot;2015&quot;&gt;&lt;Description xml:lang=&quot;en&quot;&gt;2015&lt;/Description&gt;&lt;Description xml:lang=&quot;fr&quot;&gt;2015&lt;/Description&gt;&lt;/Code&gt;&lt;Code value=&quot;2016&quot;&gt;&lt;Description xml:lang=&quot;en&quot;&gt;2016&lt;/Description&gt;&lt;Description xml:lang=&quot;fr&quot;&gt;2016&lt;/Description&gt;&lt;/Code&gt;&lt;Code value=&quot;2017&quot;&gt;&lt;Description xml:lang=&quot;en&quot;&gt;2017&lt;/Description&gt;&lt;Description xml:lang=&quot;fr&quot;&gt;2017&lt;/Description&gt;&lt;/Code&gt;&lt;Code value=&quot;2018&quot;&gt;&lt;Description xml:lang=&quot;en&quot;&gt;2018&lt;/Description&gt;&lt;Description xml:lang=&quot;fr&quot;&gt;2018&lt;/Description&gt;&lt;/Code&gt;&lt;/CodeList&gt;&lt;CodeList id=&quot;CL_ATSI_BIRTHS_SUMM_OBS_STATUS&quot; agencyID=&quot;ABS&quot;&gt;&lt;Name xml:lang=&quot;en&quot;&gt;Observation Status&lt;/Name&gt;&lt;/CodeList&gt;&lt;CodeList id=&quot;CL_ATSI_BIRTHS_SUMM_UNIT&quot; agencyID=&quot;ABS&quot;&gt;&lt;Name xml:lang=&quot;en&quot;&gt;ATSI_BIRTHS_SUMM_UNIT codelist&lt;/Name&gt;&lt;Code value=&quot;AED&quot; parentCode=&quot;AED&quot;&gt;&lt;Description xml:lang=&quot;en&quot;&gt;UAE Dirham&lt;/Description&gt;&lt;Description xml:lang=&quot;fr&quot;&gt;Dirham des Émirats arabes unis&lt;/Description&gt;&lt;/Code&gt;&lt;Code value=&quot;AFA&quot; parentCode=&quot;AFA&quot;&gt;&lt;Description xml:lang=&quot;en&quot;&gt;Afghani&lt;/Description&gt;&lt;Description xml:lang=&quot;fr&quot;&gt;Afghani&lt;/Description&gt;&lt;
Input 1 does not match Pattern:[A-z][A-z0-9_\-]* for class:NCNameID
Input 4 does not match Pattern:[A-z][A-z0-9_\-]* for class:NCNameID
Input 5 does not match Pattern:[A-z][A-z0-9_\-]* for class:NCNameID
Input 7 does not match Pattern:[A-z][A-z0-9_\-]* for class:NCNameID
Input 8 does not match Pattern:[A-z][A-z0-9_\-]* for class:NCNameID
Input 9 does not match Pattern:[A-z][A-z0-9_\-]* for class:NCNameID
Input 10 does not match Pattern:[A-z][A-z0-9_\-]* for class:NCNameID
Input 13 does not match Pattern:[A-z][A-z0-9_\-]* for class:NCNameID
Input 14 does not match Pattern:[A-z][A-z0-9_\-]* for class:NCNameID
Input 15 does not match Pattern:[A-z][A-z0-9_\-]* for class:NCNameID
Input 18 does not match Pattern:[A-z][A-z0-9_\-]* for class:NCNameID
Input 19 does not match Pattern:[A-z][A-z0-9_\-]* for class:NCNameID
Input 20 does not match Pattern:[A-z][A-z0-9_\-]* for class:NCNameID
SELECT * FROM pg_catalog.pg_tables WHERE schemaname != &apos;pg_catalog&apos; AND schemaname != &apos;information_schema&apos; and schemaname like &apos;flow_ATSI_BIRTHS_SUMM&apos;;
Create Dataflow ATSI_BIRTHS_SUMM
create table if not exists &quot;flow_ATSI_BIRTHS_SUMM&quot; (&quot;INDIGENOUS_STATUS&quot; varchar(300),&quot;ASGS_2011&quot; varchar(300),&quot;FREQUENCY&quot; varchar(300),&quot;TIME&quot; varchar(300),&quot;MEASURE&quot; varchar(300),&quot;OBS_STATUS&quot; varchar(300),&quot;TIME_FORMAT&quot; varchar(300),&quot;UNIT&quot; varchar(300),&quot;REFERENCEPERIOD&quot; varchar(300),&quot;POWERCODE&quot; varchar(300),&quot;OBS_VALUE&quot; double precision);
&lt;soap12:Envelope xmlns:xsi=&quot;http://www.w3.org/2001/XMLSchema-instance&quot; xmlns:xsd=&quot;http://www.w3.org/2001/XMLSchema&quot; xmlns:soap12=&quot;http://www.w3.org/2003/05/soap-envelope&quot;&gt;
  &lt;soap12:Body&gt;
    &lt;GetCompactData xmlns=&quot;http://stats.oecd.org/OECDStatWS/SDMX/&quot;&gt;
      &lt;QueryMessage&gt;&lt;message:QueryMessage xmlns:message=&quot;http://www.SDMX.org/resources/SDMXML/schemas/v2_0/message&quot;&gt;&lt;Header xmlns=&quot;http://www.SDMX.org/resources/SDMXML/schemas/v2_0/message&quot;&gt;&lt;message:ID&gt;none&lt;/message:ID&gt;&lt;message:Test&gt;false&lt;/message:Test&gt;&lt;message:Prepared&gt;2016-08-19T00:11:33+08:00&lt;/message:Prepared&gt;&lt;message:Sender id=&quot;Sdmx-Sax&quot; /&gt;&lt;message:Receiver id=&quot;ABS&quot; /&gt;&lt;/Header&gt;&lt;message:Query&gt;&lt;DataWhere xmlns=&quot;http://www.SDMX.org/resources/SDMXML/schemas/v2_0/query&quot;&gt;&lt;And&gt;&lt;DataSet&gt;ATSI_BIRTHS_SUMM&lt;/DataSet&gt;&lt;Time&gt;&lt;StartTime&gt;1000-02-01&lt;/StartTime&gt;&lt;EndTime&gt;2020-04-19&lt;/EndTime&gt;&lt;/Time&gt;&lt;Or&gt;&lt;Dimension id=&quot;INDIGENOUS_STATUS&quot;&gt;IM&lt;/Dimension&gt;&lt;Dimension id=&quot;INDIGENOUS_STATUS&quot;&gt;IM&lt;/Dimension&gt;&lt;Dimension id=&quot;INDIGENOUS_STATUS&quot;&gt;IB&lt;/Dimension&gt;&lt;/Or&gt;&lt;Or&gt;&lt;Dimension id=&quot;ASGS_2011&quot;&gt;0&lt;/Dimension&gt;&lt;/Or&gt;&lt;Or&gt;&lt;Dimension id=&quot;FREQUENCY&quot;&gt;A&lt;/Dimension&gt;&lt;/Or&gt;&lt;Or&gt;&lt;Dimension id=&quot;MEASURE&quot;&gt;1&lt;/Dimension&gt;&lt;Dimension id=&quot;MEASURE&quot;&gt;4&lt;/Dimension&gt;&lt;Dimension id=&quot;MEASURE&quot;&gt;5&lt;/Dimension&gt;&lt;Dimension id=&quot;MEASURE&quot;&gt;7&lt;/Dimension&gt;&lt;Dimension id=&quot;MEASURE&quot;&gt;8&lt;/Dimension&gt;&lt;Dimension id=&quot;MEASURE&quot;&gt;9&lt;/Dimension&gt;&lt;Dimension id=&quot;MEASURE&quot;&gt;10&lt;/Dimension&gt;&lt;Dimension id=&quot;MEASURE&quot;&gt;13&lt;/Dimension&gt;&lt;Dimension id=&quot;MEASURE&quot;&gt;14&lt;/Dimension&gt;&lt;Dimension id=&quot;MEASURE&quot;&gt;15&lt;/Dimension&gt;&lt;Dimension id=&quot;MEASURE&quot;&gt;18&lt;/Dimension&gt;&lt;Dimension id=&quot;MEASURE&quot;&gt;19&lt;/Dimension&gt;&lt;Dimension id=&quot;MEASURE&quot;&gt;20&lt;/Dimension&gt;&lt;/Or&gt;&lt;/And&gt;&lt;/DataWhere&gt;&lt;/message:Query&gt;&lt;/message:QueryMessage&gt;
&lt;/QueryMessage&gt;
&lt;/GetCompactData&gt;
&lt;/soap12:Body&gt;
&lt;/soap12:Envelope&gt;
Header=&lt;message:CompactData xmlns=&quot;http://www.SDMX.org/resources/SDMXML/schemas/v2_0/message&quot; xmlns:common=&quot;http://www.SDMX.org/resources/SDMXML/schemas/v2_0/common&quot; xmlns:compact=&quot;http://www.SDMX.org/resources/SDMXML/schemas/v2_0/compact&quot; xmlns:ABS=&quot;http://oecd.stat.org/Data&quot; xmlns:xsi=&quot;http://www.w3.org/2001/XMLSchema-instance&quot; xsi:schemaLocation=&quot;http://www.SDMX.org/resources/SDMXML/schemas/v2_0/message http://www.sdmx.org/docs/2_0/SDMXMessage.xsd http://oecd.stat.org/Data http://stat.data.abs.gov.au/restsdmx/sdmx.ashx/GetSchema/ATSI_BIRTHS_SUMM&quot; xmlns:message=&quot;http://www.SDMX.org/resources/SDMXML/schemas/v2_0/message&quot;&gt;&lt;Header&gt;&lt;ID&gt;none&lt;/ID&gt;&lt;Test&gt;false&lt;/Test&gt;&lt;Truncated&gt;false&lt;/Truncated&gt;&lt;Prepared&gt;2020-03-19T13:23:10&lt;/Prepared&gt;&lt;Sender id=&quot;ABS&quot;&gt;&lt;Name xml:lang=&quot;en&quot;&gt;Australian Bureau of Statistics&lt;/Name&gt;&lt;Name xml:lang=&quot;fr&quot;&gt;Australian Bureau of Statistics&lt;/Name&gt;&lt;/Sender&gt;&lt;/Header&gt;&lt;ABS:DataSet keyFamilyURI=&quot;http://stat.data.abs.gov.au/restsdmx/sdmx.ashx/GetKeyFamily/ATSI_BIRTHS_SUMM&quot; xmlns:ABS=&quot;http://oecd.stat.org/Data&quot;&gt;&lt;ABS:Series MEASURE=&quot;1&quot; INDIGENOUS_STATUS=&quot;IM&quot; ASGS_2011=&quot;0&quot; FREQUENCY=&quot;A&quot; TIME_FORMAT=&quot;P1Y&quot; UNIT=&quot;NUM&quot; POWERCODE=&quot;0&quot;&gt;&lt;ABS:Obs TIME=&quot;2001&quot; OBS_VALUE=&quot;8334&quot; /&gt;&lt;ABS:Obs TIME=&quot;2002&quot; OBS_VALUE=&quot;8292&quot; /&gt;&lt;ABS:Obs TIME=&quot;2003&quot; OBS_VALUE=&quot;8567&quot; /&gt;&lt;ABS:Obs TIME=&quot;2004&quot; OBS_VALUE=&quot;8599&quot; /&gt;&lt;ABS:Obs TIME=&quot;2005&quot; OBS_VALUE=&quot;9058&quot; /&gt;&lt;ABS:Obs TIME=&quot;2006&quot; OBS_VALUE=&quot;9387&quot; /&gt;&lt;ABS:Obs TIME=&quot;2007&quot; OBS_VALUE=&quot;11021&quot; /&gt;&lt;ABS:Obs TIME=&quot;2008&quot; OBS_VALUE=&quot;11776&quot; /&gt;&lt;ABS:Obs TIME=&quot;2009&quot; OBS_VALUE=&quot;12426&quot; /&gt;&lt;ABS:Obs TIME=&quot;2010&quot; OBS_VALUE=&quot;12860&quot; /&gt;&lt;ABS:Obs TIME=&quot;2011&quot; OBS_VALUE=&quot;12874&quot; /&gt;&lt;ABS:Obs TIME=&quot;2012&quot; OBS_VALUE=&quot;13092&quot; /&gt;&lt;ABS:Obs TIME=&quot;2013&quot; OBS_VALUE=&quot;13171&quot; /&gt;&lt;ABS:Obs TIME=&quot;2014&quot; OBS_VALUE=&quot;12768&quot; /&gt;&lt;ABS:Obs TIME=&quot;2015&quot; OBS_VALUE=&quot;13439&quot; /&gt;&lt;ABS:Obs TIME=&quot;2016&quot; OBS_VALUE=&quot;13192&quot; /&gt;&lt;ABS:Obs TIME=&quot;2017&quot; OBS_VALUE=&quot;14371&quot; /&gt;&lt;ABS:Obs TIME=&quot;2018&quot; OBS_VALUE=&quot;15372&quot; /&gt;&lt;/ABS:Series&gt;&lt;ABS:Series MEASURE=&quot;4&quot; INDIGENOUS_STATUS=&quot;IM&quot; ASGS_2011=&quot;0&quot; FREQUENCY=&quot;A&quot; TIME_FORMAT=&quot;P1Y&quot; UNIT=&quot;NUM&quot; POWERCODE=&quot;0&quot;&gt;&lt;ABS:Obs TIME=&quot;2001&quot; OBS_VALUE=&quot;4279&quot; /&gt;&lt;ABS:Obs TIME=&quot;2002&quot; OBS_VALUE=&quot;4269&quot; /&gt;&lt;ABS:Obs TIME=&quot;2003&quot; OBS_VALUE=&quot;4354&quot; /&gt;&lt;ABS:Obs TIME=&quot;2004&quot; OBS_VALUE=&quot;4456&quot; /&gt;&lt;ABS:Obs TIME=&quot;2005&quot; OBS_VALUE=&quot;4639&quot; /&gt;&lt;ABS:Obs TIME=&quot;2006&quot; OBS_VALUE=&quot;4717&quot; /&gt;&lt;ABS:Obs TIME=&quot;2007&quot; OBS_VALUE=&quot;5695&quot; /&gt;&lt;ABS:Obs TIME=&quot;2008&quot; OBS_VALUE=&quot;6074&quot; /&gt;&lt;ABS:Obs TIME=&quot;2009&quot; OBS_VALUE=&quot;6377&quot; /&gt;&lt;ABS:Obs TIME=&quot;2010&quot; OBS_VALUE=&quot;6737&quot; /&gt;&lt;ABS:Obs TIME=&quot;2011&quot; OBS_VALUE=&quot;6558&quot; /&gt;&lt;ABS:Obs TIME=&quot;2012&quot; OBS_VALUE=&quot;6688&quot; /&gt;&lt;ABS:Obs TIME=&quot;2013&quot; OBS_VALUE=&quot;6853&quot; /&gt;&lt;ABS:Obs TIME=&quot;2014&quot; OBS_VALUE=&quot;6648&quot; /&gt;&lt;ABS:Obs TIME=&quot;2015&quot; OBS_VALUE=&quot;6816&quot; /&gt;&lt;ABS:Obs TIME=&quot;2016&quot; OBS_VALUE=&quot;6804&quot; /&gt;&lt;ABS:Obs TIME=&quot;2017&quot; OBS_VALUE=&quot;7403&quot; /&gt;&lt;ABS:Obs TIME=&quot;2018&quot; OBS_VALUE=&quot;7875&quot; /&gt;&lt;/ABS:Series&gt;&lt;ABS:Series MEASURE=&quot;5&quot; INDIGENOUS_STATUS=&quot;IM&quot; ASGS_2011=&quot;0&quot; FREQUENCY=&quot;A&quot; TIME_FORMAT=&quot;P1Y&quot; UNIT=&quot;NUM&quot; POWERCODE=&quot;0&quot;&gt;&lt;ABS:Obs TIME=&quot;2001&quot; OBS_VALUE=&quot;4055&quot; /&gt;&lt;ABS:Obs TIME=&quot;2002&quot; OBS_VALUE=&quot;4023&quot; /&gt;&lt;ABS:Obs TIME=&quot;2003&quot; OBS_VALUE=&quot;4213&quot; /&gt;&lt;ABS:Obs TIME=&quot;2004&quot; OBS_VALUE=&quot;4143&quot; /&gt;&lt;ABS:Obs TIME=&quot;2005&quot; OBS_VALUE=&quot;4419&quot; /&gt;&lt;ABS:Obs TIME=&quot;2006&quot; OBS_VALUE=&quot;4670&quot; /&gt;&lt;ABS:Obs TIME=&quot;2007&quot; OBS_VALUE=&quot;5326&quot; /&gt;&lt;ABS:Obs TIME=&quot;2008&quot; OBS_VALUE=&quot;5702&quot; /&gt;&lt;ABS:Obs TIME=&quot;2009&quot; OBS_VALUE=&quot;6049&quot; /&gt;&lt;ABS:Obs TIME=&quot;2010&quot; OBS_VALUE=&quot;6123&quot; /&gt;&lt;ABS:Obs TIME=&quot;2011&quot; OBS_VALUE=&quot;6316&quot; /&gt;&lt;ABS:Obs TIME=&quot;2012&quot; OBS_VALUE=&quot;6404&quot; /&gt;&lt;ABS:Obs TIME=&quot;2013&quot; OBS_VALUE=&quot;6318&quot; /&gt;&lt;ABS:Obs TIME=&quot;2014&quot; OBS_VALUE=&quot;6120&quot; /&gt;&lt;ABS:Obs TIME=&quot;2015&quot; OBS_VALUE=&quot;6623&quot; /&gt;&lt;ABS:Obs TIME=&quot;2016&quot; OBS_VALUE=&quot;6388&quot; /&gt;&lt;ABS:Obs TIME=&quot;2017&quot; OBS_VALUE=&quot;6968&quot; /&gt;&lt;ABS:Obs TIME=&quot;2018&quot; OBS_VALUE=&quot;7497&quot; /&gt;&lt;/ABS:Series&gt;&lt;ABS:Series MEASURE=&quot;7&quot; INDIGENOUS_STATUS=&quot;IM&quot; ASGS_2011=&quot;0&quot; FREQUENCY=&quot;A&quot; TIME_FORMAT=&quot;P1Y&quot; UNIT=&quot;PCT&quot; POWERCODE=&quot;0&quot;&gt;&lt;ABS:Obs TIME=&quot;2001&quot; OBS_VALUE=&quot;14&quot; /&gt;&lt;ABS:Obs TIME=&quot;2002&quot; OBS_VALUE=&quot;14&quot; /&gt;&lt;ABS:Obs TIME=&quot;2003&quot; OBS_VALUE=&quot;14&quot; /&gt;&lt;ABS:Obs TIME=&quot;2004&quot; OBS_VALUE=&quot;13&quot; /&gt;&lt;ABS:Obs TIME=&quot;2005&quot; OBS_VALUE=&quot;14&quot; /&gt;&lt;ABS:Obs TIME=&quot;2006&quot; OBS_VALUE=&quot;13&quot; /&gt;&lt;ABS:Obs TIME=&quot;2007&quot; OBS_VALUE=&quot;15&quot; /&gt;&lt;ABS:Obs TIME=&quot;2008&quot; OBS_VALUE=&quot;12&quot; /&gt;&lt;ABS:Obs TIME=&quot;2009&quot; OBS_VALUE=&quot;11&quot; /&gt;&lt;ABS:Obs TIME=&quot;2010&quot; OBS_VALUE=&quot;12&quot; /&gt;&lt;ABS:Obs TIME=&quot;2011&quot; OBS_VALUE=&quot;12&quot; /&gt;&lt;ABS:Obs TIME=&quot;2012&quot; OBS_VALUE=&quot;12&quot; /&gt;&lt;ABS:Obs TIME=&quot;2013&quot; OBS_VALUE=&quot;13&quot; /&gt;&lt;ABS:Obs TIME=&quot;2014&quot; OBS_VALUE=&quot;13&quot; /&gt;&lt;ABS:Obs TIME=&quot;2015&quot; OBS_VALUE=&quot;12&quot; /&gt;&lt;ABS:Obs TIME=&quot;2016&quot; OBS_VALUE=&quot;14&quot; /&gt;&lt;ABS:Obs TIME=&quot;2017&quot; OBS_VALUE=&quot;13&quot; /&gt;&lt;ABS:Obs TIME=&quot;2018&quot; OBS_VALUE=&quot;13&quot; /&gt;&lt;/ABS:Series&gt;&lt;ABS:Series MEASURE=&quot;8&quot; INDIGENOUS_STATUS=&quot;IM&quot; ASGS_2011=&quot;0&quot; FREQUENCY=&quot;A&quot; TIME_FORMAT=&quot;P1Y&quot; UNIT=&quot;PCT&quot; POWERCODE=&quot;0&quot;&gt;&lt;ABS:Obs TIME=&quot;2001&quot; OBS_VALUE=&quot;86&quot; /&gt;&lt;ABS:Obs TIME=&quot;2002&quot; OBS_VALUE=&quot;86&quot; /&gt;&lt;ABS:Obs TIME=&quot;2003&quot; OBS_VALUE=&quot;86&quot; /&gt;&lt;ABS:Obs TIME=&quot;2004&quot; OBS_VALUE=&quot;87&quot; /&gt;&lt;ABS:Obs TIME=&quot;2005&quot; OBS_VALUE=&quot;86&quot; /&gt;&lt;ABS:Obs TIME=&quot;2006&quot; OBS_VALUE=&quot;87&quot; /&gt;&lt;ABS:Obs TIME=&quot;2007&quot; OBS_VALUE=&quot;85&quot; /&gt;&lt;ABS:Obs TIME=&quot;2008&quot; OBS_VALUE=&quot;88&quot; /&gt;&lt;ABS:Obs TIME=&quot;2009&quot; OBS_VALUE=&quot;89&quot; /&gt;&lt;ABS:Obs TIME=&quot;2010&quot; OBS_VALUE=&quot;88&quot; /&gt;&lt;ABS:Obs TIME=&quot;2011&quot; OBS_VALUE=&quot;88&quot; /&gt;&lt;ABS:Obs TIME=&quot;2012&quot; OBS_VALUE=&quot;88&quot; /&gt;&lt;ABS:Obs TIME=&quot;2013&quot; OBS_VALUE=&quot;87&quot; /&gt;&lt;ABS:Obs TIME=&quot;2014&quot; OBS_VALUE=&quot;87&quot; /&gt;&lt;ABS:Obs TIME=&quot;2015&quot; OBS_VALUE=&quot;88&quot; /&gt;&lt;ABS:Obs TIME=&quot;2016&quot; OBS_VALUE=&quot;86&quot; /&gt;&lt;ABS:Obs TIME=&quot;2017&quot; OBS_VALUE=&quot;87&quot; /&gt;&lt;ABS:Obs TIME=&quot;2018&quot; OBS_VALUE=&quot;87&quot; /&gt;&lt;/ABS:Series&gt;&lt;ABS:Series MEASURE=&quot;9&quot; INDIGENOUS_STATUS=&quot;IM&quot; ASGS_2011=&quot;0&quot; FREQUENCY=&quot;A&quot; TIME_FORMAT=&quot;P1Y&quot; UNIT=&quot;PCT&quot; POWERCODE=&quot;0&quot;&gt;&lt;ABS:Obs TIME=&quot;2001&quot; OBS_VALUE=&quot;64&quot; /&gt;&lt;ABS:Obs TIME=&quot;2002&quot; OBS_VALUE=&quot;64&quot; /&gt;&lt;ABS:Obs TIME=&quot;2003&quot; OBS_VALUE=&quot;63&quot; /&gt;&lt;ABS:Obs TIME=&quot;2004&quot; OBS_VALUE=&quot;66&quot; /&gt;&lt;ABS:Obs TIME=&quot;2005&quot; OBS_VALUE=&quot;68&quot; /&gt;&lt;ABS:Obs TIME=&quot;2006&quot; OBS_VALUE=&quot;68&quot; /&gt;&lt;ABS:Obs TIME=&quot;2007&quot; OBS_VALUE=&quot;67&quot; /&gt;&lt;ABS:Obs TIME=&quot;2008&quot; OBS_VALUE=&quot;71&quot; /&gt;&lt;ABS:Obs TIME=&quot;2009&quot; OBS_VALUE=&quot;67&quot; /&gt;&lt;ABS:Obs TIME=&quot;2010&quot; OBS_VALUE=&quot;68&quot; /&gt;&lt;ABS:Obs TIME=&quot;2011&quot; OBS_VALUE=&quot;68&quot; /&gt;&lt;ABS:Obs TIME=&quot;2012&quot; OBS_VALUE=&quot;69&quot; /&gt;&lt;ABS:Obs TIME=&quot;2013&quot; OBS_VALUE=&quot;69&quot; /&gt;&lt;ABS:Obs TIME=&quot;2014&quot; OBS_VALUE=&quot;68&quot; /&gt;&lt;ABS:Obs TIME=&quot;2015&quot; OBS_VALUE=&quot;67&quot; /&gt;&lt;ABS:Obs TIME=&quot;2016&quot; OBS_VALUE=&quot;67&quot; /&gt;&lt;ABS:Obs TIME=&quot;2017&quot; OBS_VALUE=&quot;67&quot; /&gt;&lt;ABS:Obs TIME=&quot;2018&quot; OBS_VALUE=&quot;64&quot; /&gt;&lt;/ABS:Series&gt;&lt;ABS:Series MEASURE=&quot;10&quot; INDIGENOUS_STATUS=&quot;IM&quot; ASGS_2011=&quot;0&quot; FREQUENCY=&quot;A&quot; TIME_FORMAT=&quot;P1Y&quot; UNIT=&quot;PCT&quot; POWERCODE=&quot;0&quot;&gt;&lt;ABS:Obs TIME=&quot;2001&quot; OBS_VALUE=&quot;22&quot; /&gt;&lt;ABS:Obs TIME=&quot;2002&quot; OBS_VALUE=&quot;22&quot; /&gt;&lt;ABS:Obs TIME=&quot;2003&quot; OBS_VALUE=&quot;23&quot; /&gt;&lt;ABS:Obs TIME=&quot;2004&quot; OBS_VALUE=&quot;21&quot; /&gt;&lt;ABS:Obs TIME=&quot;2005&quot; OBS_VALUE=&quot;19&quot; /&gt;&lt;ABS:Obs TIME=&quot;2006&quot; OBS_VALUE=&quot;19&quot; /&gt;&lt;ABS:Obs TIME=&quot;2007&quot; OBS_VALUE=&quot;18&quot; /&gt;&lt;ABS:Obs TIME=&quot;2008&quot; OBS_VALUE=&quot;17&quot; /&gt;&lt;ABS:Obs TIME=&quot;2009&quot; OBS_VALUE=&quot;21&quot; /&gt;&lt;ABS:Obs TIME=&quot;2010&quot; OBS_VALUE=&quot;20&quot; /&gt;&lt;ABS:Obs TIME=&quot;2011&quot; OBS_VALUE=&quot;20&quot; /&gt;&lt;ABS:Obs TIME=&quot;2012&quot; OBS_VALUE=&quot;19&quot; /&gt;&lt;ABS:Obs TIME=&quot;2013&quot; OBS_VALUE=&quot;18&quot; /&gt;&lt;ABS:Obs TIME=&quot;2014&quot; OBS_VALUE=&quot;20&quot; /&gt;&lt;ABS:Obs TIME=&quot;2015&quot; OBS_VALUE=&quot;20&quot; /&gt;&lt;ABS:Obs TIME=&quot;2016&quot; OBS_VALUE=&quot;19&quot; /&gt;&lt;ABS:Obs TIME=&quot;2017&quot; OBS_VALUE=&quot;20&quot; /&gt;&lt;ABS:Obs TIME=&quot;2018&quot; OBS_VALUE=&quot;22&quot; /&gt;&lt;/ABS:Series&gt;&lt;ABS:Series MEASURE=&quot;13&quot; INDIGENOUS_STATUS=&quot;IM&quot; ASGS_2011=&quot;0&quot; FREQUENCY=&quot;A&quot; TIME_FORMAT=&quot;P1Y&quot; UNIT=&quot;NUM&quot; POWERCODE=&quot;0&quot;&gt;&lt;ABS:Obs TIME=&quot;2001&quot; OBS_VALUE=&quot;8231&quot; /&gt;&lt;ABS:Obs TIME=&quot;2002&quot; OBS_VALUE=&quot;8182&quot; /&gt;&lt;ABS:Obs TIME=&quot;2003&quot; OBS_VALUE=&quot;8457&quot; /&gt;&lt;ABS:Obs TIME=&quot;2004&quot; OBS_VALUE=&quot;8510&quot; /&gt;&lt;ABS:Obs TIME=&quot;2005&quot; OBS_VALUE=&quot;8946&quot; /&gt;&lt;ABS:Obs TIME=&quot;2006&quot; OBS_VALUE=&quot;9277&quot; /&gt;&lt;ABS:Obs TIME=&quot;2007&quot; OBS_VALUE=&quot;10899&quot; /&gt;&lt;ABS:Obs TIME=&quot;2008&quot; OBS_VALUE=&quot;11630&quot; /&gt;&lt;ABS:Obs TIME=&quot;2009&quot; OBS_VALUE=&quot;12289&quot; /&gt;&lt;ABS:Obs TIME=&quot;2010&quot; OBS_VALUE=&quot;12708&quot; /&gt;&lt;ABS:Obs TIME=&quot;2011&quot; OBS_VALUE=&quot;12715&quot; /&gt;&lt;ABS:Obs TIME=&quot;2012&quot; OBS_VALUE=&quot;12946&quot; /&gt;&lt;ABS:Obs TIME=&quot;2013&quot; OBS_VALUE=&quot;13005&quot; /&gt;&lt;ABS:Obs TIME=&quot;2014&quot; OBS_VALUE=&quot;12627&quot; /&gt;&lt;ABS:Obs TIME=&quot;2015&quot; OBS_VALUE=&quot;13258&quot; /&gt;&lt;ABS:Obs TIME=&quot;2016&quot; OBS_VALUE=&quot;13025&quot; /&gt;&lt;ABS:Obs TIME=&quot;2017&quot; OBS_VALUE=&quot;14165&quot; /&gt;&lt;ABS:Obs TIME=&quot;2018&quot; OBS_VALUE=&quot;15154&quot; /&gt;&lt;/ABS:Series&gt;&lt;ABS:Series MEASURE=&quot;14&quot; INDIGENOUS_STATUS=&quot;IM&quot; ASGS_2011=&quot;0&quot; FREQUENCY=&quot;A&quot; TIME_FORMAT=&quot;P1Y&quot; UNIT=&quot;YEARS&quot; POWERCODE=&quot;0&quot;&gt;&lt;ABS:Obs TIME=&quot;2001&quot; OBS_VALUE=&quot;24.7&quot; /&gt;&lt;ABS:Obs TIME=&quot;2002&quot; OBS_VALUE=&quot;24.6&quot; /&gt;&lt;ABS:Obs TIME=&quot;2003&quot; OBS_VALUE=&quot;24.6&quot; /&gt;&lt;ABS:Obs TIME=&quot;2004&quot; OBS_VALUE=&quot;24.6&quot; /&gt;&lt;ABS:Obs TIME=&quot;2005&quot; OBS_VALUE=&quot;24.5&quot; /&gt;&lt;ABS:Obs TIME=&quot;2006&quot; OBS_VALUE=&quot;24.6&quot; /&gt;&lt;ABS:Obs TIME=&quot;2007&quot; OBS_VALUE=&quot;24.7&quot; /&gt;&lt;ABS:Obs TIME=&quot;2008&quot; OBS_VALUE=&quot;24.6&quot; /&gt;&lt;ABS:Obs TIME=&quot;2009&quot; OBS_VALUE=&quot;24.5&quot;
Inserting 414 obs
&lt;soap12:Envelope xmlns:xsi=&quot;http://www.w3.org/2001/XMLSchema-instance&quot; xmlns:xsd=&quot;http://www.w3.org/2001/XMLSchema&quot; xmlns:soap12=&quot;http://www.w3.org/2003/05/soap-envelope&quot;&gt;
  &lt;soap12:Body&gt;
    &lt;GetCompactData xmlns=&quot;http://stats.oecd.org/OECDStatWS/SDMX/&quot;&gt;
      &lt;QueryMessage&gt;&lt;message:QueryMessage xmlns:message=&quot;http://www.SDMX.org/resources/SDMXML/schemas/v2_0/message&quot;&gt;&lt;Header xmlns=&quot;http://www.SDMX.org/resources/SDMXML/schemas/v2_0/message&quot;&gt;&lt;message:ID&gt;none&lt;/message:ID&gt;&lt;message:Test&gt;false&lt;/message:Test&gt;&lt;message:Prepared&gt;2016-08-19T00:11:33+08:00&lt;/message:Prepared&gt;&lt;message:Sender id=&quot;Sdmx-Sax&quot; /&gt;&lt;message:Receiver id=&quot;ABS&quot; /&gt;&lt;/Header&gt;&lt;message:Query&gt;&lt;DataWhere xmlns=&quot;http://www.SDMX.org/resources/SDMXML/schemas/v2_0/query&quot;&gt;&lt;And&gt;&lt;DataSet&gt;ATSI_BIRTHS_SUMM&lt;/DataSet&gt;&lt;Time&gt;&lt;StartTime&gt;1000-02-01&lt;/StartTime&gt;&lt;EndTime&gt;2020-04-19&lt;/EndTime&gt;&lt;/Time&gt;&lt;Or&gt;&lt;Dimension id=&quot;INDIGENOUS_STATUS&quot;&gt;IM&lt;/Dimension&gt;&lt;Dimension id=&quot;INDIGENOUS_STATUS&quot;&gt;IM&lt;/Dimension&gt;&lt;Dimension id=&quot;INDIGENOUS_STATUS&quot;&gt;IB&lt;/Dimension&gt;&lt;/Or&gt;&lt;Or&gt;&lt;Dimension id=&quot;ASGS_2011&quot;&gt;1&lt;/Dimension&gt;&lt;/Or&gt;&lt;Or&gt;&lt;Dimension id=&quot;FREQUENCY&quot;&gt;A&lt;/Dimension&gt;&lt;/Or&gt;&lt;Or&gt;&lt;Dimension id=&quot;MEASURE&quot;&gt;1&lt;/Dimension&gt;&lt;Dimension id=&quot;MEASURE&quot;&gt;4&lt;/Dimension&gt;&lt;Dimension id=&quot;MEASURE&quot;&gt;5&lt;/Dimension&gt;&lt;Dimension id=&quot;MEASURE&quot;&gt;7&lt;/Dimension&gt;&lt;Dimension id=&quot;MEASURE&quot;&gt;8&lt;/Dimension&gt;&lt;Dimension id=&quot;MEASURE&quot;&gt;9&lt;/Dimension&gt;&lt;Dimension id=&quot;MEASURE&quot;&gt;10&lt;/Dimension&gt;&lt;Dimension id=&quot;MEASURE&quot;&gt;13&lt;/Dimension&gt;&lt;Dimension id=&quot;MEASURE&quot;&gt;14&lt;/Dimension&gt;&lt;Dimension id=&quot;MEASURE&quot;&gt;15&lt;/Dimension&gt;&lt;Dimension id=&quot;MEASURE&quot;&gt;18&lt;/Dimension&gt;&lt;Dimension id=&quot;MEASURE&quot;&gt;19&lt;/Dimension&gt;&lt;Dimension id=&quot;MEASURE&quot;&gt;20&lt;/Dimension&gt;&lt;/Or&gt;&lt;/And&gt;&lt;/DataWhere&gt;&lt;/message:Query&gt;&lt;/message:QueryMessage&gt;
&lt;/QueryMessage&gt;
&lt;/GetCompactData&gt;
&lt;/soap12:Body&gt;
&lt;/soap12:Envelope&gt;
Header=&lt;message:CompactData xmlns=&quot;http://www.SDMX.org/resources/SDMXML/schemas/v2_0/message&quot; xmlns:common=&quot;http://www.SDMX.org/resources/SDMXML/schemas/v2_0/common&quot; xmlns:compact=&quot;http://www.SDMX.org/resources/SDMXML/schemas/v2_0/compact&quot; xmlns:ABS=&quot;http://oecd.stat.org/Data&quot; xmlns:xsi=&quot;http://www.w3.org/2001/XMLSchema-instance&quot; xsi:schemaLocation=&quot;http://www.SDMX.org/resources/SDMXML/schemas/v2_0/message http://www.sdmx.org/docs/2_0/SDMXMessage.xsd http://oecd.stat.org/Data http://stat.data.abs.gov.au/restsdmx/sdmx.ashx/GetSchema/ATSI_BIRTHS_SUMM&quot; xmlns:message=&quot;http://www.SDMX.org/resources/SDMXML/schemas/v2_0/message&quot;&gt;&lt;Header&gt;&lt;ID&gt;none&lt;/ID&gt;&lt;Test&gt;false&lt;/Test&gt;&lt;Truncated&gt;false&lt;/Truncated&gt;&lt;Prepared&gt;2020-03-19T13:23:15&lt;/Prepared&gt;&lt;Sender id=&quot;ABS&quot;&gt;&lt;Name xml:lang=&quot;en&quot;&gt;Australian Bureau of Statistics&lt;/Name&gt;&lt;Name xml:lang=&quot;fr&quot;&gt;Australian Bureau of Statistics&lt;/Name&gt;&lt;/Sender&gt;&lt;/Header&gt;&lt;ABS:DataSet keyFamilyURI=&quot;http://stat.data.abs.gov.au/restsdmx/sdmx.ashx/GetKeyFamily/ATSI_BIRTHS_SUMM&quot; xmlns:ABS=&quot;http://oecd.stat.org/Data&quot;&gt;&lt;ABS:Series MEASURE=&quot;1&quot; INDIGENOUS_STATUS=&quot;IM&quot; ASGS_2011=&quot;1&quot; FREQUENCY=&quot;A&quot; TIME_FORMAT=&quot;P1Y&quot; UNIT=&quot;NUM&quot; POWERCODE=&quot;0&quot;&gt;&lt;ABS:Obs TIME=&quot;2001&quot; OBS_VALUE=&quot;2009&quot; /&gt;&lt;ABS:Obs TIME=&quot;2002&quot; OBS_VALUE=&quot;2149&quot; /&gt;&lt;ABS:Obs TIME=&quot;2003&quot; OBS_VALUE=&quot;2076&quot; /&gt;&lt;ABS:Obs TIME=&quot;2004&quot; OBS_VALUE=&quot;2290&quot; /&gt;&lt;ABS:Obs TIME=&quot;2005&quot; OBS_VALUE=&quot;2454&quot; /&gt;&lt;ABS:Obs TIME=&quot;2006&quot; OBS_VALUE=&quot;2772&quot; /&gt;&lt;ABS:Obs TIME=&quot;2007&quot; OBS_VALUE=&quot;3221&quot; /&gt;&lt;ABS:Obs TIME=&quot;2008&quot; OBS_VALUE=&quot;3411&quot; /&gt;&lt;ABS:Obs TIME=&quot;2009&quot; OBS_VALUE=&quot;3477&quot; /&gt;&lt;ABS:Obs TIME=&quot;2010&quot; OBS_VALUE=&quot;3844&quot; /&gt;&lt;ABS:Obs TIME=&quot;2011&quot; OBS_VALUE=&quot;3749&quot; /&gt;&lt;ABS:Obs TIME=&quot;2012&quot; OBS_VALUE=&quot;3586&quot; /&gt;&lt;ABS:Obs TIME=&quot;2013&quot; OBS_VALUE=&quot;3917&quot; /&gt;&lt;ABS:Obs TIME=&quot;2014&quot; OBS_VALUE=&quot;3320&quot; /&gt;&lt;ABS:Obs TIME=&quot;2015&quot; OBS_VALUE=&quot;4046&quot; /&gt;&lt;ABS:Obs TIME=&quot;2016&quot; OBS_VALUE=&quot;3856&quot; /&gt;&lt;ABS:Obs TIME=&quot;2017&quot; OBS_VALUE=&quot;4027&quot; /&gt;&lt;ABS:Obs TIME=&quot;2018&quot; OBS_VALUE=&quot;4912&quot; /&gt;&lt;/ABS:Series&gt;&lt;ABS:Series MEASURE=&quot;4&quot; INDIGENOUS_STATUS=&quot;IM&quot; ASGS_2011=&quot;1&quot; FREQUENCY=&quot;A&quot; TIME_FORMAT=&quot;P1Y&quot; UNIT=&quot;NUM&quot; POWERCODE=&quot;0&quot;&gt;&lt;ABS:Obs TIME=&quot;2001&quot; OBS_VALUE=&quot;1039&quot; /&gt;&lt;ABS:Obs TIME=&quot;2002&quot; OBS_VALUE=&quot;1120&quot; /&gt;&lt;ABS:Obs TIME=&quot;2003&quot; OBS_VALUE=&quot;1023&quot; /&gt;&lt;ABS:Obs TIME=&quot;2004&quot; OBS_VALUE=&quot;1244&quot; /&gt;&lt;ABS:Obs TIME=&quot;2005&quot; OBS_VALUE=&quot;1250&quot; /&gt;&lt;ABS:Obs TIME=&quot;2006&quot; OBS_VALUE=&quot;1426&quot; /&gt;&lt;ABS:Obs TIME=&quot;2007&quot; OBS_VALUE=&quot;1660&quot; /&gt;&lt;ABS:Obs TIME=&quot;2008&quot; OBS_VALUE=&quot;1754&quot; /&gt;&lt;ABS:Obs TIME=&quot;2009&quot; OBS_VALUE=&quot;1763&quot; /&gt;&lt;ABS:Obs TIME=&quot;2010&quot; OBS_VALUE=&quot;2029&quot; /&gt;&lt;ABS:Obs TIME=&quot;2011&quot; OBS_VALUE=&quot;1946&quot; /&gt;&lt;ABS:Obs TIME=&quot;2012&quot; OBS_VALUE=&quot;1809&quot; /&gt;&lt;ABS:Obs TIME=&quot;2013&quot; OBS_VALUE=&quot;2084&quot; /&gt;&lt;ABS:Obs TIME=&quot;2014&quot; OBS_VALUE=&quot;1756&quot; /&gt;&lt;ABS:Obs TIME=&quot;2015&quot; OBS_VALUE=&quot;2008&quot; /&gt;&lt;ABS:Obs TIME=&quot;2016&quot; OBS_VALUE=&quot;1955&quot; /&gt;&lt;ABS:Obs TIME=&quot;2017&quot; OBS_VALUE=&quot;2062&quot; /&gt;&lt;ABS:Obs TIME=&quot;2018&quot; OBS_VALUE=&quot;2487&quot; /&gt;&lt;/ABS:Series&gt;&lt;ABS:Series MEASURE=&quot;5&quot; INDIGENOUS_STATUS=&quot;IM&quot; ASGS_2011=&quot;1&quot; FREQUENCY=&quot;A&quot; TIME_FORMAT=&quot;P1Y&quot; UNIT=&quot;NUM&quot; POWERCODE=&quot;0&quot;&gt;&lt;ABS:Obs TIME=&quot;2001&quot; OBS_VALUE=&quot;970&quot; /&gt;&lt;ABS:Obs TIME=&quot;2002&quot; OBS_VALUE=&quot;1029&quot; /&gt;&lt;ABS:Obs TIME=&quot;2003&quot; OBS_VALUE=&quot;1053&quot; /&gt;&lt;ABS:Obs TIME=&quot;2004&quot; OBS_VALUE=&quot;1046&quot; /&gt;&lt;ABS:Obs TIME=&quot;2005&quot; OBS_VALUE=&quot;1204&quot; /&gt;&lt;ABS:Obs TIME=&quot;2006&quot; OBS_VALUE=&quot;1346&quot; /&gt;&lt;ABS:Obs TIME=&quot;2007&quot; OBS_VALUE=&quot;1561&quot; /&gt;&lt;ABS:Obs TIME=&quot;2008&quot; OBS_VALUE=&quot;1657&quot; /&gt;&lt;ABS:Obs TIME=&quot;2009&quot; OBS_VALUE=&quot;1714&quot; /&gt;&lt;ABS:Obs TIME=&quot;2010&quot; OBS_VALUE=&quot;1815&quot; /&gt;&lt;ABS:Obs TIME=&quot;2011&quot; OBS_VALUE=&quot;1803&quot; /&gt;&lt;ABS:Obs TIME=&quot;2012&quot; OBS_VALUE=&quot;1777&quot; /&gt;&lt;ABS:Obs TIME=&quot;2013&quot; OBS_VALUE=&quot;1833&quot; /&gt;&lt;ABS:Obs TIME=&quot;2014&quot; OBS_VALUE=&quot;1564&quot; /&gt;&lt;ABS:Obs TIME=&quot;2015&quot; OBS_VALUE=&quot;2038&quot; /&gt;&lt;ABS:Obs TIME=&quot;2016&quot; OBS_VALUE=&quot;1901&quot; /&gt;&lt;ABS:Obs TIME=&quot;2017&quot; OBS_VALUE=&quot;1965&quot; /&gt;&lt;ABS:Obs TIME=&quot;2018&quot; OBS_VALUE=&quot;2425&quot; /&gt;&lt;/ABS:Series&gt;&lt;ABS:Series MEASURE=&quot;7&quot; INDIGENOUS_STATUS=&quot;IM&quot; ASGS_2011=&quot;1&quot; FREQUENCY=&quot;A&quot; TIME_FORMAT=&quot;P1Y&quot; UNIT=&quot;PCT&quot; POWERCODE=&quot;0&quot;&gt;&lt;ABS:Obs TIME=&quot;2001&quot; OBS_VALUE=&quot;19&quot; /&gt;&lt;ABS:Obs TIME=&quot;2002&quot; OBS_VALUE=&quot;18&quot; /&gt;&lt;ABS:Obs TIME=&quot;2003&quot; OBS_VALUE=&quot;20&quot; /&gt;&lt;ABS:Obs TIME=&quot;2004&quot; OBS_VALUE=&quot;17&quot; /&gt;&lt;ABS:Obs TIME=&quot;2005&quot; OBS_VALUE=&quot;17&quot; /&gt;&lt;ABS:Obs TIME=&quot;2006&quot; OBS_VALUE=&quot;17&quot; /&gt;&lt;ABS:Obs TIME=&quot;2007&quot; OBS_VALUE=&quot;21&quot; /&gt;&lt;ABS:Obs TIME=&quot;2008&quot; OBS_VALUE=&quot;14&quot; /&gt;&lt;ABS:Obs TIME=&quot;2009&quot; OBS_VALUE=&quot;15&quot; /&gt;&lt;ABS:Obs TIME=&quot;2010&quot; OBS_VALUE=&quot;15&quot; /&gt;&lt;ABS:Obs TIME=&quot;2011&quot; OBS_VALUE=&quot;15&quot; /&gt;&lt;ABS:Obs TIME=&quot;2012&quot; OBS_VALUE=&quot;16&quot; /&gt;&lt;ABS:Obs TIME=&quot;2013&quot; OBS_VALUE=&quot;16&quot; /&gt;&lt;ABS:Obs TIME=&quot;2014&quot; OBS_VALUE=&quot;18&quot; /&gt;&lt;ABS:Obs TIME=&quot;2015&quot; OBS_VALUE=&quot;16&quot; /&gt;&lt;ABS:Obs TIME=&quot;2016&quot; OBS_VALUE=&quot;17&quot; /&gt;&lt;ABS:Obs TIME=&quot;2017&quot; OBS_VALUE=&quot;15&quot; /&gt;&lt;ABS:Obs TIME=&quot;2018&quot; OBS_VALUE=&quot;17&quot; /&gt;&lt;/ABS:Series&gt;&lt;ABS:Series MEASURE=&quot;8&quot; INDIGENOUS_STATUS=&quot;IM&quot; ASGS_2011=&quot;1&quot; FREQUENCY=&quot;A&quot; TIME_FORMAT=&quot;P1Y&quot; UNIT=&quot;PCT&quot; POWERCODE=&quot;0&quot;&gt;&lt;ABS:Obs TIME=&quot;2001&quot; OBS_VALUE=&quot;81&quot; /&gt;&lt;ABS:Obs TIME=&quot;2002&quot; OBS_VALUE=&quot;82&quot; /&gt;&lt;ABS:Obs TIME=&quot;2003&quot; OBS_VALUE=&quot;80&quot; /&gt;&lt;ABS:Obs TIME=&quot;2004&quot; OBS_VALUE=&quot;83&quot; /&gt;&lt;ABS:Obs TIME=&quot;2005&quot; OBS_VALUE=&quot;83&quot; /&gt;&lt;ABS:Obs TIME=&quot;2006&quot; OBS_VALUE=&quot;83&quot; /&gt;&lt;ABS:Obs TIME=&quot;2007&quot; OBS_VALUE=&quot;79&quot; /&gt;&lt;ABS:Obs TIME=&quot;2008&quot; OBS_VALUE=&quot;86&quot; /&gt;&lt;ABS:Obs TIME=&quot;2009&quot; OBS_VALUE=&quot;85&quot; /&gt;&lt;ABS:Obs TIME=&quot;2010&quot; OBS_VALUE=&quot;85&quot; /&gt;&lt;ABS:Obs TIME=&quot;2011&quot; OBS_VALUE=&quot;85&quot; /&gt;&lt;ABS:Obs TIME=&quot;2012&quot; OBS_VALUE=&quot;84&quot; /&gt;&lt;ABS:Obs TIME=&quot;2013&quot; OBS_VALUE=&quot;84&quot; /&gt;&lt;ABS:Obs TIME=&quot;2014&quot; OBS_VALUE=&quot;82&quot; /&gt;&lt;ABS:Obs TIME=&quot;2015&quot; OBS_VALUE=&quot;84&quot; /&gt;&lt;ABS:Obs TIME=&quot;2016&quot; OBS_VALUE=&quot;83&quot; /&gt;&lt;ABS:Obs TIME=&quot;2017&quot; OBS_VALUE=&quot;85&quot; /&gt;&lt;ABS:Obs TIME=&quot;2018&quot; OBS_VALUE=&quot;83&quot; /&gt;&lt;/ABS:Series&gt;&lt;ABS:Series MEASURE=&quot;9&quot; INDIGENOUS_STATUS=&quot;IM&quot; ASGS_2011=&quot;1&quot; FREQUENCY=&quot;A&quot; TIME_FORMAT=&quot;P1Y&quot; UNIT=&quot;PCT&quot; POWERCODE=&quot;0&quot;&gt;&lt;ABS:Obs TIME=&quot;2001&quot; OBS_VALUE=&quot;66&quot; /&gt;&lt;ABS:Obs TIME=&quot;2002&quot; OBS_VALUE=&quot;67&quot; /&gt;&lt;ABS:Obs TIME=&quot;2003&quot; OBS_VALUE=&quot;65&quot; /&gt;&lt;ABS:Obs TIME=&quot;2004&quot; OBS_VALUE=&quot;68&quot; /&gt;&lt;ABS:Obs TIME=&quot;2005&quot; OBS_VALUE=&quot;67&quot; /&gt;&lt;ABS:Obs TIME=&quot;2006&quot; OBS_VALUE=&quot;67&quot; /&gt;&lt;ABS:Obs TIME=&quot;2007&quot; OBS_VALUE=&quot;63&quot; /&gt;&lt;ABS:Obs TIME=&quot;2008&quot; OBS_VALUE=&quot;71&quot; /&gt;&lt;ABS:Obs TIME=&quot;2009&quot; OBS_VALUE=&quot;68&quot; /&gt;&lt;ABS:Obs TIME=&quot;2010&quot; OBS_VALUE=&quot;67&quot; /&gt;&lt;ABS:Obs TIME=&quot;2011&quot; OBS_VALUE=&quot;68&quot; /&gt;&lt;ABS:Obs TIME=&quot;2012&quot; OBS_VALUE=&quot;68&quot; /&gt;&lt;ABS:Obs TIME=&quot;2013&quot; OBS_VALUE=&quot;70&quot; /&gt;&lt;ABS:Obs TIME=&quot;2014&quot; OBS_VALUE=&quot;69&quot; /&gt;&lt;ABS:Obs TIME=&quot;2015&quot; OBS_VALUE=&quot;66&quot; /&gt;&lt;ABS:Obs TIME=&quot;2016&quot; OBS_VALUE=&quot;66&quot; /&gt;&lt;ABS:Obs TIME=&quot;2017&quot; OBS_VALUE=&quot;68&quot; /&gt;&lt;ABS:Obs TIME=&quot;2018&quot; OBS_VALUE=&quot;64&quot; /&gt;&lt;/ABS:Series&gt;&lt;ABS:Series MEASURE=&quot;10&quot; INDIGENOUS_STATUS=&quot;IM&quot; ASGS_2011=&quot;1&quot; FREQUENCY=&quot;A&quot; TIME_FORMAT=&quot;P1Y&quot; UNIT=&quot;PCT&quot; POWERCODE=&quot;0&quot;&gt;&lt;ABS:Obs TIME=&quot;2001&quot; OBS_VALUE=&quot;15&quot; /&gt;&lt;ABS:Obs TIME=&quot;2002&quot; OBS_VALUE=&quot;15&quot; /&gt;&lt;ABS:Obs TIME=&quot;2003&quot; OBS_VALUE=&quot;15&quot; /&gt;&lt;ABS:Obs TIME=&quot;2004&quot; OBS_VALUE=&quot;15&quot; /&gt;&lt;ABS:Obs TIME=&quot;2005&quot; OBS_VALUE=&quot;16&quot; /&gt;&lt;ABS:Obs TIME=&quot;2006&quot; OBS_VALUE=&quot;16&quot; /&gt;&lt;ABS:Obs TIME=&quot;2007&quot; OBS_VALUE=&quot;16&quot; /&gt;&lt;ABS:Obs TIME=&quot;2008&quot; OBS_VALUE=&quot;15&quot; /&gt;&lt;ABS:Obs TIME=&quot;2009&quot; OBS_VALUE=&quot;17&quot; /&gt;&lt;ABS:Obs TIME=&quot;2010&quot; OBS_VALUE=&quot;18&quot; /&gt;&lt;ABS:Obs TIME=&quot;2011&quot; OBS_VALUE=&quot;17&quot; /&gt;&lt;ABS:Obs TIME=&quot;2012&quot; OBS_VALUE=&quot;16&quot; /&gt;&lt;ABS:Obs TIME=&quot;2013&quot; OBS_VALUE=&quot;14&quot; /&gt;&lt;ABS:Obs TIME=&quot;2014&quot; OBS_VALUE=&quot;14&quot; /&gt;&lt;ABS:Obs TIME=&quot;2015&quot; OBS_VALUE=&quot;18&quot; /&gt;&lt;ABS:Obs TIME=&quot;2016&quot; OBS_VALUE=&quot;17&quot; /&gt;&lt;ABS:Obs TIME=&quot;2017&quot; OBS_VALUE=&quot;17&quot; /&gt;&lt;ABS:Obs TIME=&quot;2018&quot; OBS_VALUE=&quot;19&quot; /&gt;&lt;/ABS:Series&gt;&lt;ABS:Series MEASURE=&quot;13&quot; INDIGENOUS_STATUS=&quot;IM&quot; ASGS_2011=&quot;1&quot; FREQUENCY=&quot;A&quot; TIME_FORMAT=&quot;P1Y&quot; UNIT=&quot;NUM&quot; POWERCODE=&quot;0&quot;&gt;&lt;ABS:Obs TIME=&quot;2001&quot; OBS_VALUE=&quot;1978&quot; /&gt;&lt;ABS:Obs TIME=&quot;2002&quot; OBS_VALUE=&quot;2117&quot; /&gt;&lt;ABS:Obs TIME=&quot;2003&quot; OBS_VALUE=&quot;2044&quot; /&gt;&lt;ABS:Obs TIME=&quot;2004&quot; OBS_VALUE=&quot;2262&quot; /&gt;&lt;ABS:Obs TIME=&quot;2005&quot; OBS_VALUE=&quot;2426&quot; /&gt;&lt;ABS:Obs TIME=&quot;2006&quot; OBS_VALUE=&quot;2725&quot; /&gt;&lt;ABS:Obs TIME=&quot;2007&quot; OBS_VALUE=&quot;3181&quot; /&gt;&lt;ABS:Obs TIME=&quot;2008&quot; OBS_VALUE=&quot;3369&quot; /&gt;&lt;ABS:Obs TIME=&quot;2009&quot; OBS_VALUE=&quot;3436&quot; /&gt;&lt;ABS:Obs TIME=&quot;2010&quot; OBS_VALUE=&quot;3794&quot; /&gt;&lt;ABS:Obs TIME=&quot;2011&quot; OBS_VALUE=&quot;3703&quot; /&gt;&lt;ABS:Obs TIME=&quot;2012&quot; OBS_VALUE=&quot;3537&quot; /&gt;&lt;ABS:Obs TIME=&quot;2013&quot; OBS_VALUE=&quot;3857&quot; /&gt;&lt;ABS:Obs TIME=&quot;2014&quot; OBS_VALUE=&quot;3282&quot; /&gt;&lt;ABS:Obs TIME=&quot;2015&quot; OBS_VALUE=&quot;3983&quot; /&gt;&lt;ABS:Obs TIME=&quot;2016&quot; OBS_VALUE=&quot;3802&quot; /&gt;&lt;ABS:Obs TIME=&quot;2017&quot; OBS_VALUE=&quot;3958&quot; /&gt;&lt;ABS:Obs TIME=&quot;2018&quot; OBS_VALUE=&quot;4834&quot; /&gt;&lt;/ABS:Series&gt;&lt;ABS:Series MEASURE=&quot;14&quot; INDIGENOUS_STATUS=&quot;IM&quot; ASGS_2011=&quot;1&quot; FREQUENCY=&quot;A&quot; TIME_FORMAT=&quot;P1Y&quot; UNIT=&quot;YEARS&quot; POWERCODE=&quot;0&quot;&gt;&lt;ABS:Obs TIME=&quot;2001&quot; OBS_VALUE=&quot;25&quot; /&gt;&lt;ABS:Obs TIME=&quot;2002&quot; OBS_VALUE=&quot;25&quot; /&gt;&lt;ABS:Obs TIME=&quot;2003&quot; OBS_VALUE=&quot;24.8&quot; /&gt;&lt;ABS:Obs TIME=&quot;2004&quot; OBS_VALUE=&quot;24.7&quot; /&gt;&lt;ABS:Obs TIME=&quot;2005&quot; OBS_VALUE=&quot;24.8&quot; /&gt;&lt;ABS:Obs TIME=&quot;2006&quot; OBS_VALUE=&quot;24.8&quot; /&gt;&lt;ABS:Obs TIME=&quot;2007&quot; OBS_VALUE=&quot;25.4&quot; /&gt;&lt;ABS:Obs TIME=&quot;2008&quot; OBS_VALUE=&quot;24.8&quot; /&gt;&lt;ABS:Obs TIME=&quot;2009&quot; OBS_VALUE=&quot;24.6&quot; /&gt;&lt;ABS:Obs TIME=&quot;2010&quot; OBS_V
Inserting 414 obs
&lt;soap12:Envelope xmlns:xsi=&quot;http://www.w3.org/2001/XMLSchema-instance&quot; xmlns:xsd=&quot;http://www.w3.org/2001/XMLSchema&quot; xmlns:soap12=&quot;http://www.w3.org/2003/05/soap-envelope&quot;&gt;
  &lt;soap12:Body&gt;
    &lt;GetCompactData xmlns=&quot;http://stats.oecd.org/OECDStatWS/SDMX/&quot;&gt;
      &lt;QueryMessage&gt;&lt;message:QueryMessage xmlns:message=&quot;http://www.SDMX.org/resources/SDMXML/schemas/v2_0/message&quot;&gt;&lt;Header xmlns=&quot;http://www.SDMX.org/resources/SDMXML/schemas/v2_0/message&quot;&gt;&lt;message:ID&gt;none&lt;/message:ID&gt;&lt;message:Test&gt;false&lt;/message:Test&gt;&lt;message:Prepared&gt;2016-08-19T00:11:33+08:00&lt;/message:Prepared&gt;&lt;message:Sender id=&quot;Sdmx-Sax&quot; /&gt;&lt;message:Receiver id=&quot;ABS&quot; /&gt;&lt;/Header&gt;&lt;message:Query&gt;&lt;DataWhere xmlns=&quot;http://www.SDMX.org/resources/SDMXML/schemas/v2_0/query&quot;&gt;&lt;And&gt;&lt;DataSet&gt;ATSI_BIRTHS_SUMM&lt;/DataSet&gt;&lt;Time&gt;&lt;StartTime&gt;1000-02-01&lt;/StartTime&gt;&lt;EndTime&gt;2020-04-19&lt;/EndTime&gt;&lt;/Time&gt;&lt;Or&gt;&lt;Dimension id=&quot;INDIGENOUS_STATUS&quot;&gt;IM&lt;/Dimension&gt;&lt;Dimension id=&quot;INDIGENOUS_STATUS&quot;&gt;IM&lt;/Dimension&gt;&lt;Dimension id=&quot;INDIGENOUS_STATUS&quot;&gt;IB&lt;/Dimension&gt;&lt;/Or&gt;&lt;Or&gt;&lt;Dimension id=&quot;ASGS_2011&quot;&gt;2&lt;/Dimension&gt;&lt;/Or&gt;&lt;Or&gt;&lt;Dimension id=&quot;FREQUENCY&quot;&gt;A&lt;/Dimension&gt;&lt;/Or&gt;&lt;Or&gt;&lt;Dimension id=&quot;MEASURE&quot;&gt;1&lt;/Dimension&gt;&lt;Dimension id=&quot;MEASURE&quot;&gt;4&lt;/Dimension&gt;&lt;Dimension id=&quot;MEASURE&quot;&gt;5&lt;/Dimension&gt;&lt;Dimension id=&quot;MEASURE&quot;&gt;7&lt;/Dimension&gt;&lt;Dimension id=&quot;MEASURE&quot;&gt;8&lt;/Dimension&gt;&lt;Dimension id=&quot;MEASURE&quot;&gt;9&lt;/Dimension&gt;&lt;Dimension id=&quot;MEASURE&quot;&gt;10&lt;/Dimension&gt;&lt;Dimension id=&quot;MEASURE&quot;&gt;13&lt;/Dimension&gt;&lt;Dimension id=&quot;MEASURE&quot;&gt;14&lt;/Dimension&gt;&lt;Dimension id=&quot;MEASURE&quot;&gt;15&lt;/Dimension&gt;&lt;Dimension id=&quot;MEASURE&quot;&gt;18&lt;/Dimension&gt;&lt;Dimension id=&quot;MEASURE&quot;&gt;19&lt;/Dimension&gt;&lt;Dimension id=&quot;MEASURE&quot;&gt;20&lt;/Dimension&gt;&lt;/Or&gt;&lt;/And&gt;&lt;/DataWhere&gt;&lt;/message:Query&gt;&lt;/message:QueryMessage&gt;
&lt;/QueryMessage&gt;
&lt;/GetCompactData&gt;
&lt;/soap12:Body&gt;
&lt;/soap12:Envelope&gt;
Header=&lt;message:CompactData xmlns=&quot;http://www.SDMX.org/resources/SDMXML/schemas/v2_0/message&quot; xmlns:common=&quot;http://www.SDMX.org/resources/SDMXML/schemas/v2_0/common&quot; xmlns:compact=&quot;http://www.SDMX.org/resources/SDMXML/schemas/v2_0/compact&quot; xmlns:ABS=&quot;http://oecd.stat.org/Data&quot; xmlns:xsi=&quot;http://www.w3.org/2001/XMLSchema-instance&quot; xsi:schemaLocation=&quot;http://www.SDMX.org/resources/SDMXML/schemas/v2_0/message http://www.sdmx.org/docs/2_0/SDMXMessage.xsd http://oecd.stat.org/Data http://stat.data.abs.gov.au/restsdmx/sdmx.ashx/GetSchema/ATSI_BIRTHS_SUMM&quot; xmlns:message=&quot;http://www.SDMX.org/resources/SDMXML/schemas/v2_0/message&quot;&gt;&lt;Header&gt;&lt;ID&gt;none&lt;/ID&gt;&lt;Test&gt;false&lt;/Test&gt;&lt;Truncated&gt;false&lt;/Truncated&gt;&lt;Prepared&gt;2020-03-19T13:23:21&lt;/Prepared&gt;&lt;Sender id=&quot;ABS&quot;&gt;&lt;Name xml:lang=&quot;en&quot;&gt;Australian Bureau of Statistics&lt;/Name&gt;&lt;Name xml:lang=&quot;fr&quot;&gt;Australian Bureau of Statistics&lt;/Name&gt;&lt;/Sender&gt;&lt;/Header&gt;&lt;ABS:DataSet keyFamilyURI=&quot;http://stat.data.abs.gov.au/restsdmx/sdmx.ashx/GetKeyFamily/ATSI_BIRTHS_SUMM&quot; xmlns:ABS=&quot;http://oecd.stat.org/Data&quot;&gt;&lt;ABS:Series MEASURE=&quot;1&quot; INDIGENOUS_STATUS=&quot;IM&quot; ASGS_2011=&quot;2&quot; FREQUENCY=&quot;A&quot; TIME_FORMAT=&quot;P1Y&quot; UNIT=&quot;NUM&quot; POWERCODE=&quot;0&quot;&gt;&lt;ABS:Obs TIME=&quot;2001&quot; OBS_VALUE=&quot;302&quot; /&gt;&lt;ABS:Obs TIME=&quot;2002&quot; OBS_VALUE=&quot;344&quot; /&gt;&lt;ABS:Obs TIME=&quot;2003&quot; OBS_VALUE=&quot;435&quot; /&gt;&lt;ABS:Obs TIME=&quot;2004&quot; OBS_VALUE=&quot;429&quot; /&gt;&lt;ABS:Obs TIME=&quot;2005&quot; OBS_VALUE=&quot;484&quot; /&gt;&lt;ABS:Obs TIME=&quot;2006&quot; OBS_VALUE=&quot;459&quot; /&gt;&lt;ABS:Obs TIME=&quot;2007&quot; OBS_VALUE=&quot;638&quot; /&gt;&lt;ABS:Obs TIME=&quot;2008&quot; OBS_VALUE=&quot;649&quot; /&gt;&lt;ABS:Obs TIME=&quot;2009&quot; OBS_VALUE=&quot;679&quot; /&gt;&lt;ABS:Obs TIME=&quot;2010&quot; OBS_VALUE=&quot;592&quot; /&gt;&lt;ABS:Obs TIME=&quot;2011&quot; OBS_VALUE=&quot;738&quot; /&gt;&lt;ABS:Obs TIME=&quot;2012&quot; OBS_VALUE=&quot;828&quot; /&gt;&lt;ABS:Obs TIME=&quot;2013&quot; OBS_VALUE=&quot;865&quot; /&gt;&lt;ABS:Obs TIME=&quot;2014&quot; OBS_VALUE=&quot;851&quot; /&gt;&lt;ABS:Obs TIME=&quot;2015&quot; OBS_VALUE=&quot;773&quot; /&gt;&lt;ABS:Obs TIME=&quot;2016&quot; OBS_VALUE=&quot;923&quot; /&gt;&lt;ABS:Obs TIME=&quot;2017&quot; OBS_VALUE=&quot;1045&quot; /&gt;&lt;ABS:Obs TIME=&quot;2018&quot; OBS_VALUE=&quot;1053&quot; /&gt;&lt;/ABS:Series&gt;&lt;ABS:Series MEASURE=&quot;4&quot; INDIGENOUS_STATUS=&quot;IM&quot; ASGS_2011=&quot;2&quot; FREQUENCY=&quot;A&quot; TIME_FORMAT=&quot;P1Y&quot; UNIT=&quot;NUM&quot; POWERCODE=&quot;0&quot;&gt;&lt;ABS:Obs TIME=&quot;2001&quot; OBS_VALUE=&quot;163&quot; /&gt;&lt;ABS:Obs TIME=&quot;2002&quot; OBS_VALUE=&quot;167&quot; /&gt;&lt;ABS:Obs TIME=&quot;2003&quot; OBS_VALUE=&quot;234&quot; /&gt;&lt;ABS:Obs TIME=&quot;2004&quot; OBS_VALUE=&quot;203&quot; /&gt;&lt;ABS:Obs TIME=&quot;2005&quot; OBS_VALUE=&quot;237&quot; /&gt;&lt;ABS:Obs TIME=&quot;2006&quot; OBS_VALUE=&quot;218&quot; /&gt;&lt;ABS:Obs TIME=&quot;2007&quot; OBS_VALUE=&quot;343&quot; /&gt;&lt;ABS:Obs TIME=&quot;2008&quot; OBS_VALUE=&quot;350&quot; /&gt;&lt;ABS:Obs TIME=&quot;2009&quot; OBS_VALUE=&quot;354&quot; /&gt;&lt;ABS:Obs TIME=&quot;2010&quot; OBS_VALUE=&quot;312&quot; /&gt;&lt;ABS:Obs TIME=&quot;2011&quot; OBS_VALUE=&quot;371&quot; /&gt;&lt;ABS:Obs TIME=&quot;2012&quot; OBS_VALUE=&quot;409&quot; /&gt;&lt;ABS:Obs TIME=&quot;2013&quot; OBS_VALUE=&quot;440&quot; /&gt;&lt;ABS:Obs TIME=&quot;2014&quot; OBS_VALUE=&quot;436&quot; /&gt;&lt;ABS:Obs TIME=&quot;2015&quot; OBS_VALUE=&quot;409&quot; /&gt;&lt;ABS:Obs TIME=&quot;2016&quot; OBS_VALUE=&quot;458&quot; /&gt;&lt;ABS:Obs TIME=&quot;2017&quot; OBS_VALUE=&quot;536&quot; /&gt;&lt;ABS:Obs TIME=&quot;2018&quot; OBS_VALUE=&quot;548&quot; /&gt;&lt;/ABS:Series&gt;&lt;ABS:Series MEASURE=&quot;5&quot; INDIGENOUS_STATUS=&quot;IM&quot; ASGS_2011=&quot;2&quot; FREQUENCY=&quot;A&quot; TIME_FORMAT=&quot;P1Y&quot; UNIT=&quot;NUM&quot; POWERCODE=&quot;0&quot;&gt;&lt;ABS:Obs TIME=&quot;2001&quot; OBS_VALUE=&quot;139&quot; /&gt;&lt;ABS:Obs TIME=&quot;2002&quot; OBS_VALUE=&quot;177&quot; /&gt;&lt;ABS:Obs TIME=&quot;2003&quot; OBS_VALUE=&quot;201&quot; /&gt;&lt;ABS:Obs TIME=&quot;2004&quot; OBS_VALUE=&quot;226&quot; /&gt;&lt;ABS:Obs TIME=&quot;2005&quot; OBS_VALUE=&quot;247&quot; /&gt;&lt;ABS:Obs TIME=&quot;2006&quot; OBS_VALUE=&quot;241&quot; /&gt;&lt;ABS:Obs TIME=&quot;2007&quot; OBS_VALUE=&quot;295&quot; /&gt;&lt;ABS:Obs TIME=&quot;2008&quot; OBS_VALUE=&quot;299&quot; /&gt;&lt;ABS:Obs TIME=&quot;2009&quot; OBS_VALUE=&quot;325&quot; /&gt;&lt;ABS:Obs TIME=&quot;2010&quot; OBS_VALUE=&quot;280&quot; /&gt;&lt;ABS:Obs TIME=&quot;2011&quot; OBS_VALUE=&quot;367&quot; /&gt;&lt;ABS:Obs TIME=&quot;2012&quot; OBS_VALUE=&quot;419&quot; /&gt;&lt;ABS:Obs TIME=&quot;2013&quot; OBS_VALUE=&quot;425&quot; /&gt;&lt;ABS:Obs TIME=&quot;2014&quot; OBS_VALUE=&quot;415&quot; /&gt;&lt;ABS:Obs TIME=&quot;2015&quot; OBS_VALUE=&quot;364&quot; /&gt;&lt;ABS:Obs TIME=&quot;2016&quot; OBS_VALUE=&quot;465&quot; /&gt;&lt;ABS:Obs TIME=&quot;2017&quot; OBS_VALUE=&quot;509&quot; /&gt;&lt;ABS:Obs TIME=&quot;2018&quot; OBS_VALUE=&quot;505&quot; /&gt;&lt;/ABS:Series&gt;&lt;ABS:Series MEASURE=&quot;7&quot; INDIGENOUS_STATUS=&quot;IM&quot; ASGS_2011=&quot;2&quot; FREQUENCY=&quot;A&quot; TIME_FORMAT=&quot;P1Y&quot; UNIT=&quot;PCT&quot; POWERCODE=&quot;0&quot;&gt;&lt;ABS:Obs TIME=&quot;2001&quot; OBS_VALUE=&quot;22&quot; /&gt;&lt;ABS:Obs TIME=&quot;2002&quot; OBS_VALUE=&quot;21&quot; /&gt;&lt;ABS:Obs TIME=&quot;2003&quot; OBS_VALUE=&quot;19&quot; /&gt;&lt;ABS:Obs TIME=&quot;2004&quot; OBS_VALUE=&quot;18&quot; /&gt;&lt;ABS:Obs TIME=&quot;2005&quot; OBS_VALUE=&quot;20&quot; /&gt;&lt;ABS:Obs TIME=&quot;2006&quot; OBS_VALUE=&quot;20&quot; /&gt;&lt;ABS:Obs TIME=&quot;2007&quot; OBS_VALUE=&quot;21&quot; /&gt;&lt;ABS:Obs TIME=&quot;2008&quot; OBS_VALUE=&quot;22&quot; /&gt;&lt;ABS:Obs TIME=&quot;2009&quot; OBS_VALUE=&quot;22&quot; /&gt;&lt;ABS:Obs TIME=&quot;2010&quot; OBS_VALUE=&quot;21&quot; /&gt;&lt;ABS:Obs TIME=&quot;2011&quot; OBS_VALUE=&quot;22&quot; /&gt;&lt;ABS:Obs TIME=&quot;2012&quot; OBS_VALUE=&quot;15&quot; /&gt;&lt;ABS:Obs TIME=&quot;2013&quot; OBS_VALUE=&quot;18&quot; /&gt;&lt;ABS:Obs TIME=&quot;2014&quot; OBS_VALUE=&quot;18&quot; /&gt;&lt;ABS:Obs TIME=&quot;2015&quot; OBS_VALUE=&quot;17&quot; /&gt;&lt;ABS:Obs TIME=&quot;2016&quot; OBS_VALUE=&quot;19&quot; /&gt;&lt;ABS:Obs TIME=&quot;2017&quot; OBS_VALUE=&quot;17&quot; /&gt;&lt;ABS:Obs TIME=&quot;2018&quot; OBS_VALUE=&quot;18&quot; /&gt;&lt;/ABS:Series&gt;&lt;ABS:Series MEASURE=&quot;8&quot; INDIGENOUS_STATUS=&quot;IM&quot; ASGS_2011=&quot;2&quot; FREQUENCY=&quot;A&quot; TIME_FORMAT=&quot;P1Y&quot; UNIT=&quot;PCT&quot; POWERCODE=&quot;0&quot;&gt;&lt;ABS:Obs TIME=&quot;2001&quot; OBS_VALUE=&quot;78&quot; /&gt;&lt;ABS:Obs TIME=&quot;2002&quot; OBS_VALUE=&quot;79&quot; /&gt;&lt;ABS:Obs TIME=&quot;2003&quot; OBS_VALUE=&quot;81&quot; /&gt;&lt;ABS:Obs TIME=&quot;2004&quot; OBS_VALUE=&quot;82&quot; /&gt;&lt;ABS:Obs TIME=&quot;2005&quot; OBS_VALUE=&quot;80&quot; /&gt;&lt;ABS:Obs TIME=&quot;2006&quot; OBS_VALUE=&quot;80&quot; /&gt;&lt;ABS:Obs TIME=&quot;2007&quot; OBS_VALUE=&quot;79&quot; /&gt;&lt;ABS:Obs TIME=&quot;2008&quot; OBS_VALUE=&quot;78&quot; /&gt;&lt;ABS:Obs TIME=&quot;2009&quot; OBS_VALUE=&quot;78&quot; /&gt;&lt;ABS:Obs TIME=&quot;2010&quot; OBS_VALUE=&quot;79&quot; /&gt;&lt;ABS:Obs TIME=&quot;2011&quot; OBS_VALUE=&quot;78&quot; /&gt;&lt;ABS:Obs TIME=&quot;2012&quot; OBS_VALUE=&quot;85&quot; /&gt;&lt;ABS:Obs TIME=&quot;2013&quot; OBS_VALUE=&quot;82&quot; /&gt;&lt;ABS:Obs TIME=&quot;2014&quot; OBS_VALUE=&quot;82&quot; /&gt;&lt;ABS:Obs TIME=&quot;2015&quot; OBS_VALUE=&quot;83&quot; /&gt;&lt;ABS:Obs TIME=&quot;2016&quot; OBS_VALUE=&quot;81&quot; /&gt;&lt;ABS:Obs TIME=&quot;2017&quot; OBS_VALUE=&quot;83&quot; /&gt;&lt;ABS:Obs TIME=&quot;2018&quot; OBS_VALUE=&quot;82&quot; /&gt;&lt;/ABS:Series&gt;&lt;ABS:Series MEASURE=&quot;9&quot; INDIGENOUS_STATUS=&quot;IM&quot; ASGS_2011=&quot;2&quot; FREQUENCY=&quot;A&quot; TIME_FORMAT=&quot;P1Y&quot; UNIT=&quot;PCT&quot; POWERCODE=&quot;0&quot;&gt;&lt;ABS:Obs TIME=&quot;2001&quot; OBS_VALUE=&quot;70&quot; /&gt;&lt;ABS:Obs TIME=&quot;2002&quot; OBS_VALUE=&quot;71&quot; /&gt;&lt;ABS:Obs TIME=&quot;2003&quot; OBS_VALUE=&quot;73&quot; /&gt;&lt;ABS:Obs TIME=&quot;2004&quot; OBS_VALUE=&quot;72&quot; /&gt;&lt;ABS:Obs TIME=&quot;2005&quot; OBS_VALUE=&quot;75&quot; /&gt;&lt;ABS:Obs TIME=&quot;2006&quot; OBS_VALUE=&quot;74&quot; /&gt;&lt;ABS:Obs TIME=&quot;2007&quot; OBS_VALUE=&quot;72&quot; /&gt;&lt;ABS:Obs TIME=&quot;2008&quot; OBS_VALUE=&quot;70&quot; /&gt;&lt;ABS:Obs TIME=&quot;2009&quot; OBS_VALUE=&quot;70&quot; /&gt;&lt;ABS:Obs TIME=&quot;2010&quot; OBS_VALUE=&quot;69&quot; /&gt;&lt;ABS:Obs TIME=&quot;2011&quot; OBS_VALUE=&quot;64&quot; /&gt;&lt;ABS:Obs TIME=&quot;2012&quot; OBS_VALUE=&quot;72&quot; /&gt;&lt;ABS:Obs TIME=&quot;2013&quot; OBS_VALUE=&quot;71&quot; /&gt;&lt;ABS:Obs TIME=&quot;2014&quot; OBS_VALUE=&quot;70&quot; /&gt;&lt;ABS:Obs TIME=&quot;2015&quot; OBS_VALUE=&quot;73&quot; /&gt;&lt;ABS:Obs TIME=&quot;2016&quot; OBS_VALUE=&quot;72&quot; /&gt;&lt;ABS:Obs TIME=&quot;2017&quot; OBS_VALUE=&quot;71&quot; /&gt;&lt;ABS:Obs TIME=&quot;2018&quot; OBS_VALUE=&quot;68&quot; /&gt;&lt;/ABS:Series&gt;&lt;ABS:Series MEASURE=&quot;10&quot; INDIGENOUS_STATUS=&quot;IM&quot; ASGS_2011=&quot;2&quot; FREQUENCY=&quot;A&quot; TIME_FORMAT=&quot;P1Y&quot; UNIT=&quot;PCT&quot; POWERCODE=&quot;0&quot;&gt;&lt;ABS:Obs TIME=&quot;2001&quot; OBS_VALUE=&quot;8&quot; /&gt;&lt;ABS:Obs TIME=&quot;2002&quot; OBS_VALUE=&quot;9&quot; /&gt;&lt;ABS:Obs TIME=&quot;2003&quot; OBS_VALUE=&quot;8&quot; /&gt;&lt;ABS:Obs TIME=&quot;2004&quot; OBS_VALUE=&quot;10&quot; /&gt;&lt;ABS:Obs TIME=&quot;2005&quot; OBS_VALUE=&quot;6&quot; /&gt;&lt;ABS:Obs TIME=&quot;2006&quot; OBS_VALUE=&quot;6&quot; /&gt;&lt;ABS:Obs TIME=&quot;2007&quot; OBS_VALUE=&quot;7&quot; /&gt;&lt;ABS:Obs TIME=&quot;2008&quot; OBS_VALUE=&quot;8&quot; /&gt;&lt;ABS:Obs TIME=&quot;2009&quot; OBS_VALUE=&quot;9&quot; /&gt;&lt;ABS:Obs TIME=&quot;2010&quot; OBS_VALUE=&quot;10&quot; /&gt;&lt;ABS:Obs TIME=&quot;2011&quot; OBS_VALUE=&quot;14&quot; /&gt;&lt;ABS:Obs TIME=&quot;2012&quot; OBS_VALUE=&quot;12&quot; /&gt;&lt;ABS:Obs TIME=&quot;2013&quot; OBS_VALUE=&quot;12&quot; /&gt;&lt;ABS:Obs TIME=&quot;2014&quot; OBS_VALUE=&quot;12&quot; /&gt;&lt;ABS:Obs TIME=&quot;2015&quot; OBS_VALUE=&quot;9&quot; /&gt;&lt;ABS:Obs TIME=&quot;2016&quot; OBS_VALUE=&quot;9&quot; /&gt;&lt;ABS:Obs TIME=&quot;2017&quot; OBS_VALUE=&quot;12&quot; /&gt;&lt;ABS:Obs TIME=&quot;2018&quot; OBS_VALUE=&quot;14&quot; /&gt;&lt;/ABS:Series&gt;&lt;ABS:Series MEASURE=&quot;13&quot; INDIGENOUS_STATUS=&quot;IM&quot; ASGS_2011=&quot;2&quot; FREQUENCY=&quot;A&quot; TIME_FORMAT=&quot;P1Y&quot; UNIT=&quot;NUM&quot; POWERCODE=&quot;0&quot;&gt;&lt;ABS:Obs TIME=&quot;2001&quot; OBS_VALUE=&quot;300&quot; /&gt;&lt;ABS:Obs TIME=&quot;2002&quot; OBS_VALUE=&quot;341&quot; /&gt;&lt;ABS:Obs TIME=&quot;2003&quot; OBS_VALUE=&quot;429&quot; /&gt;&lt;ABS:Obs TIME=&quot;2004&quot; OBS_VALUE=&quot;421&quot; /&gt;&lt;ABS:Obs TIME=&quot;2005&quot; OBS_VALUE=&quot;477&quot; /&gt;&lt;ABS:Obs TIME=&quot;2006&quot; OBS_VALUE=&quot;456&quot; /&gt;&lt;ABS:Obs TIME=&quot;2007&quot; OBS_VALUE=&quot;631&quot; /&gt;&lt;ABS:Obs TIME=&quot;2008&quot; OBS_VALUE=&quot;643&quot; /&gt;&lt;ABS:Obs TIME=&quot;2009&quot; OBS_VALUE=&quot;672&quot; /&gt;&lt;ABS:Obs TIME=&quot;2010&quot; OBS_VALUE=&quot;584&quot; /&gt;&lt;ABS:Obs TIME=&quot;2011&quot; OBS_VALUE=&quot;729&quot; /&gt;&lt;ABS:Obs TIME=&quot;2012&quot; OBS_VALUE=&quot;817&quot; /&gt;&lt;ABS:Obs TIME=&quot;2013&quot; OBS_VALUE=&quot;859&quot; /&gt;&lt;ABS:Obs TIME=&quot;2014&quot; OBS_VALUE=&quot;841&quot; /&gt;&lt;ABS:Obs TIME=&quot;2015&quot; OBS_VALUE=&quot;762&quot; /&gt;&lt;ABS:Obs TIME=&quot;2016&quot; OBS_VALUE=&quot;914&quot; /&gt;&lt;ABS:Obs TIME=&quot;2017&quot; OBS_VALUE=&quot;1033&quot; /&gt;&lt;ABS:Obs TIME=&quot;2018&quot; OBS_VALUE=&quot;1032&quot; /&gt;&lt;/ABS:Series&gt;&lt;ABS:Series MEASURE=&quot;14&quot; INDIGENOUS_STATUS=&quot;IM&quot; ASGS_2011=&quot;2&quot; FREQUENCY=&quot;A&quot; TIME_FORMAT=&quot;P1Y&quot; UNIT=&quot;YEARS&quot; POWERCODE=&quot;0&quot;&gt;&lt;ABS:Obs TIME=&quot;2001&quot; OBS_VALUE=&quot;25.7&quot; /&gt;&lt;ABS:Obs TIME=&quot;2002&quot; OBS_VALUE=&quot;26.7&quot; /&gt;&lt;ABS:Obs TIME=&quot;2003&quot; OBS_VALUE=&quot;25.9&quot; /&gt;&lt;ABS:Obs TIME=&quot;2004&quot; OBS_VALUE=&quot;24.9&quot; /&gt;&lt;ABS:Obs TIME=&quot;2005&quot; OBS_VALUE=&quot;25.5&quot; /&gt;&lt;ABS:Obs TIME=&quot;2006&quot; OBS_VALUE=&quot;25.4&quot; /&gt;&lt;ABS:Obs TIME=&quot;2007&quot; OBS_VALUE=&quot;26&quot; /&gt;&lt;ABS:Obs TIME=&quot;2008&quot; OBS_VALUE=&quot;25.8&quot; /&gt;&lt;ABS:Obs TIME=&quot;2009&quot; OBS_VALUE=&quot;26&quot; /&gt;&lt;ABS:Obs TIME=&quot;2010&quot; OBS_VALUE=&quot;26.5&quot; /&gt;&lt;ABS:Obs TIME=&quot;2011&quot; OBS_VALUE=&quot;26.1&quot; /&gt;&lt;ABS:Obs TIME=&quot;2012&quot; OB
Inserting 414 obs
&lt;soap12:Envelope xmlns:xsi=&quot;http://www.w3.org/2001/XMLSchema-instance&quot; xmlns:xsd=&quot;http://www.w3.org/2001/XMLSchema&quot; xmlns:soap12=&quot;http://www.w3.org/2003/05/soap-envelope&quot;&gt;
  &lt;soap12:Body&gt;
    &lt;GetCompactData xmlns=&quot;http://stats.oecd.org/OECDStatWS/SDMX/&quot;&gt;
      &lt;QueryMessage&gt;&lt;message:QueryMessage xmlns:message=&quot;http://www.SDMX.org/resources/SDMXML/schemas/v2_0/message&quot;&gt;&lt;Header xmlns=&quot;http://www.SDMX.org/resources/SDMXML/schemas/v2_0/message&quot;&gt;&lt;message:ID&gt;none&lt;/message:ID&gt;&lt;message:Test&gt;false&lt;/message:Test&gt;&lt;message:Prepared&gt;2016-08-19T00:11:33+08:00&lt;/message:Prepared&gt;&lt;message:Sender id=&quot;Sdmx-Sax&quot; /&gt;&lt;message:Receiver id=&quot;ABS&quot; /&gt;&lt;/Header&gt;&lt;message:Query&gt;&lt;DataWhere xmlns=&quot;http://www.SDMX.org/resources/SDMXML/schemas/v2_0/query&quot;&gt;&lt;And&gt;&lt;DataSet&gt;ATSI_BIRTHS_SUMM&lt;/DataSet&gt;&lt;Time&gt;&lt;StartTime&gt;1000-02-01&lt;/StartTime&gt;&lt;EndTime&gt;2020-04-19&lt;/EndTime&gt;&lt;/Time&gt;&lt;Or&gt;&lt;Dimension id=&quot;INDIGENOUS_STATUS&quot;&gt;IM&lt;/Dimension&gt;&lt;Dimension id=&quot;INDIGENOUS_STATUS&quot;&gt;IM&lt;/Dimension&gt;&lt;Dimension id=&quot;INDIGENOUS_STATUS&quot;&gt;IB&lt;/Dimension&gt;&lt;/Or&gt;&lt;Or&gt;&lt;Dimension id=&quot;ASGS_2011&quot;&gt;3&lt;/Dimension&gt;&lt;/Or&gt;&lt;Or&gt;&lt;Dimension id=&quot;FREQUENCY&quot;&gt;A&lt;/Dimension&gt;&lt;/Or&gt;&lt;Or&gt;&lt;Dimension id=&quot;MEASURE&quot;&gt;1&lt;/Dimension&gt;&lt;Dimension id=&quot;MEASURE&quot;&gt;4&lt;/Dimension&gt;&lt;Dimension id=&quot;MEASURE&quot;&gt;5&lt;/Dimension&gt;&lt;Dimension id=&quot;MEASURE&quot;&gt;7&lt;/Dimension&gt;&lt;Dimension id=&quot;MEASURE&quot;&gt;8&lt;/Dimension&gt;&lt;Dimension id=&quot;MEASURE&quot;&gt;9&lt;/Dimension&gt;&lt;Dimension id=&quot;MEASURE&quot;&gt;10&lt;/Dimension&gt;&lt;Dimension id=&quot;MEASURE&quot;&gt;13&lt;/Dimension&gt;&lt;Dimension id=&quot;MEASURE&quot;&gt;14&lt;/Dimension&gt;&lt;Dimension id=&quot;MEASURE&quot;&gt;15&lt;/Dimension&gt;&lt;Dimension id=&quot;MEASURE&quot;&gt;18&lt;/Dimension&gt;&lt;Dimension id=&quot;MEASURE&quot;&gt;19&lt;/Dimension&gt;&lt;Dimension id=&quot;MEASURE&quot;&gt;20&lt;/Dimension&gt;&lt;/Or&gt;&lt;/And&gt;&lt;/DataWhere&gt;&lt;/message:Query&gt;&lt;/message:QueryMessage&gt;
&lt;/QueryMessage&gt;
&lt;/GetCompactData&gt;
&lt;/soap12:Body&gt;
&lt;/soap12:Envelope&gt;
Header=&lt;message:CompactData xmlns=&quot;http://www.SDMX.org/resources/SDMXML/schemas/v2_0/message&quot; xmlns:common=&quot;http://www.SDMX.org/resources/SDMXML/schemas/v2_0/common&quot; xmlns:compact=&quot;http://www.SDMX.org/resources/SDMXML/schemas/v2_0/compact&quot; xmlns:ABS=&quot;http://oecd.stat.org/Data&quot; xmlns:xsi=&quot;http://www.w3.org/2001/XMLSchema-instance&quot; xsi:schemaLocation=&quot;http://www.SDMX.org/resources/SDMXML/schemas/v2_0/message http://www.sdmx.org/docs/2_0/SDMXMessage.xsd http://oecd.stat.org/Data http://stat.data.abs.gov.au/restsdmx/sdmx.ashx/GetSchema/ATSI_BIRTHS_SUMM&quot; xmlns:message=&quot;http://www.SDMX.org/resources/SDMXML/schemas/v2_0/message&quot;&gt;&lt;Header&gt;&lt;ID&gt;none&lt;/ID&gt;&lt;Test&gt;false&lt;/Test&gt;&lt;Truncated&gt;false&lt;/Truncated&gt;&lt;Prepared&gt;2020-03-19T13:23:26&lt;/Prepared&gt;&lt;Sender id=&quot;ABS&quot;&gt;&lt;Name xml:lang=&quot;en&quot;&gt;Australian Bureau of Statistics&lt;/Name&gt;&lt;Name xml:lang=&quot;fr&quot;&gt;Australian Bureau of Statistics&lt;/Name&gt;&lt;/Sender&gt;&lt;/Header&gt;&lt;ABS:DataSet keyFamilyURI=&quot;http://stat.data.abs.gov.au/restsdmx/sdmx.ashx/GetKeyFamily/ATSI_BIRTHS_SUMM&quot; xmlns:ABS=&quot;http://oecd.stat.org/Data&quot;&gt;&lt;ABS:Series MEASURE=&quot;1&quot; INDIGENOUS_STATUS=&quot;IM&quot; ASGS_2011=&quot;3&quot; FREQUENCY=&quot;A&quot; TIME_FORMAT=&quot;P1Y&quot; UNIT=&quot;NUM&quot; POWERCODE=&quot;0&quot;&gt;&lt;ABS:Obs TIME=&quot;2001&quot; OBS_VALUE=&quot;2427&quot; /&gt;&lt;ABS:Obs TIME=&quot;2002&quot; OBS_VALUE=&quot;2438&quot; /&gt;&lt;ABS:Obs TIME=&quot;2003&quot; OBS_VALUE=&quot;2480&quot; /&gt;&lt;ABS:Obs TIME=&quot;2004&quot; OBS_VALUE=&quot;2376&quot; /&gt;&lt;ABS:Obs TIME=&quot;2005&quot; OBS_VALUE=&quot;2577&quot; /&gt;&lt;ABS:Obs TIME=&quot;2006&quot; OBS_VALUE=&quot;2384&quot; /&gt;&lt;ABS:Obs TIME=&quot;2007&quot; OBS_VALUE=&quot;3161&quot; /&gt;&lt;ABS:Obs TIME=&quot;2008&quot; OBS_VALUE=&quot;3323&quot; /&gt;&lt;ABS:Obs TIME=&quot;2009&quot; OBS_VALUE=&quot;4007&quot; /&gt;&lt;ABS:Obs TIME=&quot;2010&quot; OBS_VALUE=&quot;4103&quot; /&gt;&lt;ABS:Obs TIME=&quot;2011&quot; OBS_VALUE=&quot;3905&quot; /&gt;&lt;ABS:Obs TIME=&quot;2012&quot; OBS_VALUE=&quot;4071&quot; /&gt;&lt;ABS:Obs TIME=&quot;2013&quot; OBS_VALUE=&quot;3765&quot; /&gt;&lt;ABS:Obs TIME=&quot;2014&quot; OBS_VALUE=&quot;3896&quot; /&gt;&lt;ABS:Obs TIME=&quot;2015&quot; OBS_VALUE=&quot;3853&quot; /&gt;&lt;ABS:Obs TIME=&quot;2016&quot; OBS_VALUE=&quot;3815&quot; /&gt;&lt;ABS:Obs TIME=&quot;2017&quot; OBS_VALUE=&quot;4697&quot; /&gt;&lt;ABS:Obs TIME=&quot;2018&quot; OBS_VALUE=&quot;4535&quot; /&gt;&lt;/ABS:Series&gt;&lt;ABS:Series MEASURE=&quot;4&quot; INDIGENOUS_STATUS=&quot;IM&quot; ASGS_2011=&quot;3&quot; FREQUENCY=&quot;A&quot; TIME_FORMAT=&quot;P1Y&quot; UNIT=&quot;NUM&quot; POWERCODE=&quot;0&quot;&gt;&lt;ABS:Obs TIME=&quot;2001&quot; OBS_VALUE=&quot;1243&quot; /&gt;&lt;ABS:Obs TIME=&quot;2002&quot; OBS_VALUE=&quot;1244&quot; /&gt;&lt;ABS:Obs TIME=&quot;2003&quot; OBS_VALUE=&quot;1266&quot; /&gt;&lt;ABS:Obs TIME=&quot;2004&quot; OBS_VALUE=&quot;1239&quot; /&gt;&lt;ABS:Obs TIME=&quot;2005&quot; OBS_VALUE=&quot;1333&quot; /&gt;&lt;ABS:Obs TIME=&quot;2006&quot; OBS_VALUE=&quot;1162&quot; /&gt;&lt;ABS:Obs TIME=&quot;2007&quot; OBS_VALUE=&quot;1615&quot; /&gt;&lt;ABS:Obs TIME=&quot;2008&quot; OBS_VALUE=&quot;1744&quot; /&gt;&lt;ABS:Obs TIME=&quot;2009&quot; OBS_VALUE=&quot;2072&quot; /&gt;&lt;ABS:Obs TIME=&quot;2010&quot; OBS_VALUE=&quot;2165&quot; /&gt;&lt;ABS:Obs TIME=&quot;2011&quot; OBS_VALUE=&quot;1937&quot; /&gt;&lt;ABS:Obs TIME=&quot;2012&quot; OBS_VALUE=&quot;2089&quot; /&gt;&lt;ABS:Obs TIME=&quot;2013&quot; OBS_VALUE=&quot;1951&quot; /&gt;&lt;ABS:Obs TIME=&quot;2014&quot; OBS_VALUE=&quot;1992&quot; /&gt;&lt;ABS:Obs TIME=&quot;2015&quot; OBS_VALUE=&quot;1960&quot; /&gt;&lt;ABS:Obs TIME=&quot;2016&quot; OBS_VALUE=&quot;1964&quot; /&gt;&lt;ABS:Obs TIME=&quot;2017&quot; OBS_VALUE=&quot;2408&quot; /&gt;&lt;ABS:Obs TIME=&quot;2018&quot; OBS_VALUE=&quot;2315&quot; /&gt;&lt;/ABS:Series&gt;&lt;ABS:Series MEASURE=&quot;5&quot; INDIGENOUS_STATUS=&quot;IM&quot; ASGS_2011=&quot;3&quot; FREQUENCY=&quot;A&quot; TIME_FORMAT=&quot;P1Y&quot; UNIT=&quot;NUM&quot; POWERCODE=&quot;0&quot;&gt;&lt;ABS:Obs TIME=&quot;2001&quot; OBS_VALUE=&quot;1184&quot; /&gt;&lt;ABS:Obs TIME=&quot;2002&quot; OBS_VALUE=&quot;1194&quot; /&gt;&lt;ABS:Obs TIME=&quot;2003&quot; OBS_VALUE=&quot;1214&quot; /&gt;&lt;ABS:Obs TIME=&quot;2004&quot; OBS_VALUE=&quot;1137&quot; /&gt;&lt;ABS:Obs TIME=&quot;2005&quot; OBS_VALUE=&quot;1244&quot; /&gt;&lt;ABS:Obs TIME=&quot;2006&quot; OBS_VALUE=&quot;1222&quot; /&gt;&lt;ABS:Obs TIME=&quot;2007&quot; OBS_VALUE=&quot;1546&quot; /&gt;&lt;ABS:Obs TIME=&quot;2008&quot; OBS_VALUE=&quot;1579&quot; /&gt;&lt;ABS:Obs TIME=&quot;2009&quot; OBS_VALUE=&quot;1935&quot; /&gt;&lt;ABS:Obs TIME=&quot;2010&quot; OBS_VALUE=&quot;1938&quot; /&gt;&lt;ABS:Obs TIME=&quot;2011&quot; OBS_VALUE=&quot;1968&quot; /&gt;&lt;ABS:Obs TIME=&quot;2012&quot; OBS_VALUE=&quot;1982&quot; /&gt;&lt;ABS:Obs TIME=&quot;2013&quot; OBS_VALUE=&quot;1814&quot; /&gt;&lt;ABS:Obs TIME=&quot;2014&quot; OBS_VALUE=&quot;1904&quot; /&gt;&lt;ABS:Obs TIME=&quot;2015&quot; OBS_VALUE=&quot;1893&quot; /&gt;&lt;ABS:Obs TIME=&quot;2016&quot; OBS_VALUE=&quot;1851&quot; /&gt;&lt;ABS:Obs TIME=&quot;2017&quot; OBS_VALUE=&quot;2289&quot; /&gt;&lt;ABS:Obs TIME=&quot;2018&quot; OBS_VALUE=&quot;2220&quot; /&gt;&lt;/ABS:Series&gt;&lt;ABS:Series MEASURE=&quot;7&quot; INDIGENOUS_STATUS=&quot;IM&quot; ASGS_2011=&quot;3&quot; FREQUENCY=&quot;A&quot; TIME_FORMAT=&quot;P1Y&quot; UNIT=&quot;PCT&quot; POWERCODE=&quot;0&quot;&gt;&lt;ABS:Obs TIME=&quot;2001&quot; OBS_VALUE=&quot;17&quot; /&gt;&lt;ABS:Obs TIME=&quot;2002&quot; OBS_VALUE=&quot;17&quot; /&gt;&lt;ABS:Obs TIME=&quot;2003&quot; OBS_VALUE=&quot;17&quot; /&gt;&lt;ABS:Obs TIME=&quot;2004&quot; OBS_VALUE=&quot;16&quot; /&gt;&lt;ABS:Obs TIME=&quot;2005&quot; OBS_VALUE=&quot;16&quot; /&gt;&lt;ABS:Obs TIME=&quot;2006&quot; OBS_VALUE=&quot;16&quot; /&gt;&lt;ABS:Obs TIME=&quot;2007&quot; OBS_VALUE=&quot;16&quot; /&gt;&lt;ABS:Obs TIME=&quot;2008&quot; OBS_VALUE=&quot;13&quot; /&gt;&lt;ABS:Obs TIME=&quot;2009&quot; OBS_VALUE=&quot;11&quot; /&gt;&lt;ABS:Obs TIME=&quot;2010&quot; OBS_VALUE=&quot;11&quot; /&gt;&lt;ABS:Obs TIME=&quot;2011&quot; OBS_VALUE=&quot;13&quot; /&gt;&lt;ABS:Obs TIME=&quot;2012&quot; OBS_VALUE=&quot;12&quot; /&gt;&lt;ABS:Obs TIME=&quot;2013&quot; OBS_VALUE=&quot;14&quot; /&gt;&lt;ABS:Obs TIME=&quot;2014&quot; OBS_VALUE=&quot;12&quot; /&gt;&lt;ABS:Obs TIME=&quot;2015&quot; OBS_VALUE=&quot;12&quot; /&gt;&lt;ABS:Obs TIME=&quot;2016&quot; OBS_VALUE=&quot;16&quot; /&gt;&lt;ABS:Obs TIME=&quot;2017&quot; OBS_VALUE=&quot;13&quot; /&gt;&lt;ABS:Obs TIME=&quot;2018&quot; OBS_VALUE=&quot;14&quot; /&gt;&lt;/ABS:Series&gt;&lt;ABS:Series MEASURE=&quot;8&quot; INDIGENOUS_STATUS=&quot;IM&quot; ASGS_2011=&quot;3&quot; FREQUENCY=&quot;A&quot; TIME_FORMAT=&quot;P1Y&quot; UNIT=&quot;PCT&quot; POWERCODE=&quot;0&quot;&gt;&lt;ABS:Obs TIME=&quot;2001&quot; OBS_VALUE=&quot;83&quot; /&gt;&lt;ABS:Obs TIME=&quot;2002&quot; OBS_VALUE=&quot;83&quot; /&gt;&lt;ABS:Obs TIME=&quot;2003&quot; OBS_VALUE=&quot;83&quot; /&gt;&lt;ABS:Obs TIME=&quot;2004&quot; OBS_VALUE=&quot;84&quot; /&gt;&lt;ABS:Obs TIME=&quot;2005&quot; OBS_VALUE=&quot;84&quot; /&gt;&lt;ABS:Obs TIME=&quot;2006&quot; OBS_VALUE=&quot;84&quot; /&gt;&lt;ABS:Obs TIME=&quot;2007&quot; OBS_VALUE=&quot;84&quot; /&gt;&lt;ABS:Obs TIME=&quot;2008&quot; OBS_VALUE=&quot;87&quot; /&gt;&lt;ABS:Obs TIME=&quot;2009&quot; OBS_VALUE=&quot;89&quot; /&gt;&lt;ABS:Obs TIME=&quot;2010&quot; OBS_VALUE=&quot;89&quot; /&gt;&lt;ABS:Obs TIME=&quot;2011&quot; OBS_VALUE=&quot;87&quot; /&gt;&lt;ABS:Obs TIME=&quot;2012&quot; OBS_VALUE=&quot;88&quot; /&gt;&lt;ABS:Obs TIME=&quot;2013&quot; OBS_VALUE=&quot;86&quot; /&gt;&lt;ABS:Obs TIME=&quot;2014&quot; OBS_VALUE=&quot;88&quot; /&gt;&lt;ABS:Obs TIME=&quot;2015&quot; OBS_VALUE=&quot;88&quot; /&gt;&lt;ABS:Obs TIME=&quot;2016&quot; OBS_VALUE=&quot;84&quot; /&gt;&lt;ABS:Obs TIME=&quot;2017&quot; OBS_VALUE=&quot;87&quot; /&gt;&lt;ABS:Obs TIME=&quot;2018&quot; OBS_VALUE=&quot;86&quot; /&gt;&lt;/ABS:Series&gt;&lt;ABS:Series MEASURE=&quot;9&quot; INDIGENOUS_STATUS=&quot;IM&quot; ASGS_2011=&quot;3&quot; FREQUENCY=&quot;A&quot; TIME_FORMAT=&quot;P1Y&quot; UNIT=&quot;PCT&quot; POWERCODE=&quot;0&quot;&gt;&lt;ABS:Obs TIME=&quot;2001&quot; OBS_VALUE=&quot;65&quot; /&gt;&lt;ABS:Obs TIME=&quot;2002&quot; OBS_VALUE=&quot;63&quot; /&gt;&lt;ABS:Obs TIME=&quot;2003&quot; OBS_VALUE=&quot;62&quot; /&gt;&lt;ABS:Obs TIME=&quot;2004&quot; OBS_VALUE=&quot;68&quot; /&gt;&lt;ABS:Obs TIME=&quot;2005&quot; OBS_VALUE=&quot;73&quot; /&gt;&lt;ABS:Obs TIME=&quot;2006&quot; OBS_VALUE=&quot;73&quot; /&gt;&lt;ABS:Obs TIME=&quot;2007&quot; OBS_VALUE=&quot;73&quot; /&gt;&lt;ABS:Obs TIME=&quot;2008&quot; OBS_VALUE=&quot;73&quot; /&gt;&lt;ABS:Obs TIME=&quot;2009&quot; OBS_VALUE=&quot;65&quot; /&gt;&lt;ABS:Obs TIME=&quot;2010&quot; OBS_VALUE=&quot;69&quot; /&gt;&lt;ABS:Obs TIME=&quot;2011&quot; OBS_VALUE=&quot;69&quot; /&gt;&lt;ABS:Obs TIME=&quot;2012&quot; OBS_VALUE=&quot;70&quot; /&gt;&lt;ABS:Obs TIME=&quot;2013&quot; OBS_VALUE=&quot;69&quot; /&gt;&lt;ABS:Obs TIME=&quot;2014&quot; OBS_VALUE=&quot;69&quot; /&gt;&lt;ABS:Obs TIME=&quot;2015&quot; OBS_VALUE=&quot;70&quot; /&gt;&lt;ABS:Obs TIME=&quot;2016&quot; OBS_VALUE=&quot;69&quot; /&gt;&lt;ABS:Obs TIME=&quot;2017&quot; OBS_VALUE=&quot;66&quot; /&gt;&lt;ABS:Obs TIME=&quot;2018&quot; OBS_VALUE=&quot;64&quot; /&gt;&lt;/ABS:Series&gt;&lt;ABS:Series MEASURE=&quot;10&quot; INDIGENOUS_STATUS=&quot;IM&quot; ASGS_2011=&quot;3&quot; FREQUENCY=&quot;A&quot; TIME_FORMAT=&quot;P1Y&quot; UNIT=&quot;PCT&quot; POWERCODE=&quot;0&quot;&gt;&lt;ABS:Obs TIME=&quot;2001&quot; OBS_VALUE=&quot;19&quot; /&gt;&lt;ABS:Obs TIME=&quot;2002&quot; OBS_VALUE=&quot;20&quot; /&gt;&lt;ABS:Obs TIME=&quot;2003&quot; OBS_VALUE=&quot;21&quot; /&gt;&lt;ABS:Obs TIME=&quot;2004&quot; OBS_VALUE=&quot;16&quot; /&gt;&lt;ABS:Obs TIME=&quot;2005&quot; OBS_VALUE=&quot;11&quot; /&gt;&lt;ABS:Obs TIME=&quot;2006&quot; OBS_VALUE=&quot;11&quot; /&gt;&lt;ABS:Obs TIME=&quot;2007&quot; OBS_VALUE=&quot;11&quot; /&gt;&lt;ABS:Obs TIME=&quot;2008&quot; OBS_VALUE=&quot;14&quot; /&gt;&lt;ABS:Obs TIME=&quot;2009&quot; OBS_VALUE=&quot;24&quot; /&gt;&lt;ABS:Obs TIME=&quot;2010&quot; OBS_VALUE=&quot;20&quot; /&gt;&lt;ABS:Obs TIME=&quot;2011&quot; OBS_VALUE=&quot;18&quot; /&gt;&lt;ABS:Obs TIME=&quot;2012&quot; OBS_VALUE=&quot;18&quot; /&gt;&lt;ABS:Obs TIME=&quot;2013&quot; OBS_VALUE=&quot;18&quot; /&gt;&lt;ABS:Obs TIME=&quot;2014&quot; OBS_VALUE=&quot;19&quot; /&gt;&lt;ABS:Obs TIME=&quot;2015&quot; OBS_VALUE=&quot;18&quot; /&gt;&lt;ABS:Obs TIME=&quot;2016&quot; OBS_VALUE=&quot;15&quot; /&gt;&lt;ABS:Obs TIME=&quot;2017&quot; OBS_VALUE=&quot;21&quot; /&gt;&lt;ABS:Obs TIME=&quot;2018&quot; OBS_VALUE=&quot;22&quot; /&gt;&lt;/ABS:Series&gt;&lt;ABS:Series MEASURE=&quot;13&quot; INDIGENOUS_STATUS=&quot;IM&quot; ASGS_2011=&quot;3&quot; FREQUENCY=&quot;A&quot; TIME_FORMAT=&quot;P1Y&quot; UNIT=&quot;NUM&quot; POWERCODE=&quot;0&quot;&gt;&lt;ABS:Obs TIME=&quot;2001&quot; OBS_VALUE=&quot;2391&quot; /&gt;&lt;ABS:Obs TIME=&quot;2002&quot; OBS_VALUE=&quot;2407&quot; /&gt;&lt;ABS:Obs TIME=&quot;2003&quot; OBS_VALUE=&quot;2447&quot; /&gt;&lt;ABS:Obs TIME=&quot;2004&quot; OBS_VALUE=&quot;2361&quot; /&gt;&lt;ABS:Obs TIME=&quot;2005&quot; OBS_VALUE=&quot;2546&quot; /&gt;&lt;ABS:Obs TIME=&quot;2006&quot; OBS_VALUE=&quot;2360&quot; /&gt;&lt;ABS:Obs TIME=&quot;2007&quot; OBS_VALUE=&quot;3129&quot; /&gt;&lt;ABS:Obs TIME=&quot;2008&quot; OBS_VALUE=&quot;3274&quot; /&gt;&lt;ABS:Obs TIME=&quot;2009&quot; OBS_VALUE=&quot;3970&quot; /&gt;&lt;ABS:Obs TIME=&quot;2010&quot; OBS_VALUE=&quot;4059&quot; /&gt;&lt;ABS:Obs TIME=&quot;2011&quot; OBS_VALUE=&quot;3854&quot; /&gt;&lt;ABS:Obs TIME=&quot;2012&quot; OBS_VALUE=&quot;4026&quot; /&gt;&lt;ABS:Obs TIME=&quot;2013&quot; OBS_VALUE=&quot;3722&quot; /&gt;&lt;ABS:Obs TIME=&quot;2014&quot; OBS_VALUE=&quot;3854&quot; /&gt;&lt;ABS:Obs TIME=&quot;2015&quot; OBS_VALUE=&quot;3804&quot; /&gt;&lt;ABS:Obs TIME=&quot;2016&quot; OBS_VALUE=&quot;3771&quot; /&gt;&lt;ABS:Obs TIME=&quot;2017&quot; OBS_VALUE=&quot;4641&quot; /&gt;&lt;ABS:Obs TIME=&quot;2018&quot; OBS_VALUE=&quot;4469&quot; /&gt;&lt;/ABS:Series&gt;&lt;ABS:Series MEASURE=&quot;14&quot; INDIGENOUS_STATUS=&quot;IM&quot; ASGS_2011=&quot;3&quot; FREQUENCY=&quot;A&quot; TIME_FORMAT=&quot;P1Y&quot; UNIT=&quot;YEARS&quot; POWERCODE=&quot;0&quot;&gt;&lt;ABS:Obs TIME=&quot;2001&quot; OBS_VALUE=&quot;24.9&quot; /&gt;&lt;ABS:Obs TIME=&quot;2002&quot; OBS_VALUE=&quot;24.8&quot; /&gt;&lt;ABS:Obs TIME=&quot;2003&quot; OBS_VALUE=&quot;24.9&quot; /&gt;&lt;ABS:Obs TIME=&quot;2004&quot; OBS_VALUE=&quot;25.1&quot; /&gt;&lt;ABS:Obs TIME=&quot;2005&quot; OBS_VALUE=&quot;24.9&quot; /&gt;&lt;ABS:Obs TIME=&quot;2006&quot; OBS_VALUE=&quot;25&quot; /&gt;&lt;ABS:Obs TIME=&quot;2007&quot; OBS_VALUE=&quot;24.8&quot; /&gt;&lt;ABS:Obs TIME=&quot;2008&quot; OBS_VALUE=&quot;24.7&quot; /&gt;&lt;ABS:Obs TIME=&quot;2009&quot; OBS_VALUE=&quot;24.4&quot; /&gt;&lt;ABS:Obs TIME=&quot;2010&quot; OB
Inserting 414 obs
&lt;soap12:Envelope xmlns:xsi=&quot;http://www.w3.org/2001/XMLSchema-instance&quot; xmlns:xsd=&quot;http://www.w3.org/2001/XMLSchema&quot; xmlns:soap12=&quot;http://www.w3.org/2003/05/soap-envelope&quot;&gt;
  &lt;soap12:Body&gt;
    &lt;GetCompactData xmlns=&quot;http://stats.oecd.org/OECDStatWS/SDMX/&quot;&gt;
      &lt;QueryMessage&gt;&lt;message:QueryMessage xmlns:message=&quot;http://www.SDMX.org/resources/SDMXML/schemas/v2_0/message&quot;&gt;&lt;Header xmlns=&quot;http://www.SDMX.org/resources/SDMXML/schemas/v2_0/message&quot;&gt;&lt;message:ID&gt;none&lt;/message:ID&gt;&lt;message:Test&gt;false&lt;/message:Test&gt;&lt;message:Prepared&gt;2016-08-19T00:11:33+08:00&lt;/message:Prepared&gt;&lt;message:Sender id=&quot;Sdmx-Sax&quot; /&gt;&lt;message:Receiver id=&quot;ABS&quot; /&gt;&lt;/Header&gt;&lt;message:Query&gt;&lt;DataWhere xmlns=&quot;http://www.SDMX.org/resources/SDMXML/schemas/v2_0/query&quot;&gt;&lt;And&gt;&lt;DataSet&gt;ATSI_BIRTHS_SUMM&lt;/DataSet&gt;&lt;Time&gt;&lt;StartTime&gt;1000-02-01&lt;/StartTime&gt;&lt;EndTime&gt;2020-04-19&lt;/EndTime&gt;&lt;/Time&gt;&lt;Or&gt;&lt;Dimension id=&quot;INDIGENOUS_STATUS&quot;&gt;IM&lt;/Dimension&gt;&lt;Dimension id=&quot;INDIGENOUS_STATUS&quot;&gt;IM&lt;/Dimension&gt;&lt;Dimension id=&quot;INDIGENOUS_STATUS&quot;&gt;IB&lt;/Dimension&gt;&lt;/Or&gt;&lt;Or&gt;&lt;Dimension id=&quot;ASGS_2011&quot;&gt;4&lt;/Dimension&gt;&lt;/Or&gt;&lt;Or&gt;&lt;Dimension id=&quot;FREQUENCY&quot;&gt;A&lt;/Dimension&gt;&lt;/Or&gt;&lt;Or&gt;&lt;Dimension id=&quot;MEASURE&quot;&gt;1&lt;/Dimension&gt;&lt;Dimension id=&quot;MEASURE&quot;&gt;4&lt;/Dimension&gt;&lt;Dimension id=&quot;MEASURE&quot;&gt;5&lt;/Dimension&gt;&lt;Dimension id=&quot;MEASURE&quot;&gt;7&lt;/Dimension&gt;&lt;Dimension id=&quot;MEASURE&quot;&gt;8&lt;/Dimension&gt;&lt;Dimension id=&quot;MEASURE&quot;&gt;9&lt;/Dimension&gt;&lt;Dimension id=&quot;MEASURE&quot;&gt;10&lt;/Dimension&gt;&lt;Dimension id=&quot;MEASURE&quot;&gt;13&lt;/Dimension&gt;&lt;Dimension id=&quot;MEASURE&quot;&gt;14&lt;/Dimension&gt;&lt;Dimension id=&quot;MEASURE&quot;&gt;15&lt;/Dimension&gt;&lt;Dimension id=&quot;MEASURE&quot;&gt;18&lt;/Dimension&gt;&lt;Dimension id=&quot;MEASURE&quot;&gt;19&lt;/Dimension&gt;&lt;Dimension id=&quot;MEASURE&quot;&gt;20&lt;/Dimension&gt;&lt;/Or&gt;&lt;/And&gt;&lt;/DataWhere&gt;&lt;/message:Query&gt;&lt;/message:QueryMessage&gt;
&lt;/QueryMessage&gt;
&lt;/GetCompactData&gt;
&lt;/soap12:Body&gt;
&lt;/soap12:Envelope&gt;
Header=&lt;message:CompactData xmlns=&quot;http://www.SDMX.org/resources/SDMXML/schemas/v2_0/message&quot; xmlns:common=&quot;http://www.SDMX.org/resources/SDMXML/schemas/v2_0/common&quot; xmlns:compact=&quot;http://www.SDMX.org/resources/SDMXML/schemas/v2_0/compact&quot; xmlns:ABS=&quot;http://oecd.stat.org/Data&quot; xmlns:xsi=&quot;http://www.w3.org/2001/XMLSchema-instance&quot; xsi:schemaLocation=&quot;http://www.SDMX.org/resources/SDMXML/schemas/v2_0/message http://www.sdmx.org/docs/2_0/SDMXMessage.xsd http://oecd.stat.org/Data http://stat.data.abs.gov.au/restsdmx/sdmx.ashx/GetSchema/ATSI_BIRTHS_SUMM&quot; xmlns:message=&quot;http://www.SDMX.org/resources/SDMXML/schemas/v2_0/message&quot;&gt;&lt;Header&gt;&lt;ID&gt;none&lt;/ID&gt;&lt;Test&gt;false&lt;/Test&gt;&lt;Truncated&gt;false&lt;/Truncated&gt;&lt;Prepared&gt;2020-03-19T13:23:32&lt;/Prepared&gt;&lt;Sender id=&quot;ABS&quot;&gt;&lt;Name xml:lang=&quot;en&quot;&gt;Australian Bureau of Statistics&lt;/Name&gt;&lt;Name xml:lang=&quot;fr&quot;&gt;Australian Bureau of Statistics&lt;/Name&gt;&lt;/Sender&gt;&lt;/Header&gt;&lt;ABS:DataSet keyFamilyURI=&quot;http://stat.data.abs.gov.au/restsdmx/sdmx.ashx/GetKeyFamily/ATSI_BIRTHS_SUMM&quot; xmlns:ABS=&quot;http://oecd.stat.org/Data&quot;&gt;&lt;ABS:Series MEASURE=&quot;1&quot; INDIGENOUS_STATUS=&quot;IM&quot; ASGS_2011=&quot;4&quot; FREQUENCY=&quot;A&quot; TIME_FORMAT=&quot;P1Y&quot; UNIT=&quot;NUM&quot; POWERCODE=&quot;0&quot;&gt;&lt;ABS:Obs TIME=&quot;2001&quot; OBS_VALUE=&quot;430&quot; /&gt;&lt;ABS:Obs TIME=&quot;2002&quot; OBS_VALUE=&quot;490&quot; /&gt;&lt;ABS:Obs TIME=&quot;2003&quot; OBS_VALUE=&quot;433&quot; /&gt;&lt;ABS:Obs TIME=&quot;2004&quot; OBS_VALUE=&quot;461&quot; /&gt;&lt;ABS:Obs TIME=&quot;2005&quot; OBS_VALUE=&quot;499&quot; /&gt;&lt;ABS:Obs TIME=&quot;2006&quot; OBS_VALUE=&quot;549&quot; /&gt;&lt;ABS:Obs TIME=&quot;2007&quot; OBS_VALUE=&quot;599&quot; /&gt;&lt;ABS:Obs TIME=&quot;2008&quot; OBS_VALUE=&quot;719&quot; /&gt;&lt;ABS:Obs TIME=&quot;2009&quot; OBS_VALUE=&quot;653&quot; /&gt;&lt;ABS:Obs TIME=&quot;2010&quot; OBS_VALUE=&quot;705&quot; /&gt;&lt;ABS:Obs TIME=&quot;2011&quot; OBS_VALUE=&quot;697&quot; /&gt;&lt;ABS:Obs TIME=&quot;2012&quot; OBS_VALUE=&quot;660&quot; /&gt;&lt;ABS:Obs TIME=&quot;2013&quot; OBS_VALUE=&quot;706&quot; /&gt;&lt;ABS:Obs TIME=&quot;2014&quot; OBS_VALUE=&quot;673&quot; /&gt;&lt;ABS:Obs TIME=&quot;2015&quot; OBS_VALUE=&quot;687&quot; /&gt;&lt;ABS:Obs TIME=&quot;2016&quot; OBS_VALUE=&quot;699&quot; /&gt;&lt;ABS:Obs TIME=&quot;2017&quot; OBS_VALUE=&quot;738&quot; /&gt;&lt;ABS:Obs TIME=&quot;2018&quot; OBS_VALUE=&quot;809&quot; /&gt;&lt;/ABS:Series&gt;&lt;ABS:Series MEASURE=&quot;4&quot; INDIGENOUS_STATUS=&quot;IM&quot; ASGS_2011=&quot;4&quot; FREQUENCY=&quot;A&quot; TIME_FORMAT=&quot;P1Y&quot; UNIT=&quot;NUM&quot; POWERCODE=&quot;0&quot;&gt;&lt;ABS:Obs TIME=&quot;2001&quot; OBS_VALUE=&quot;211&quot; /&gt;&lt;ABS:Obs TIME=&quot;2002&quot; OBS_VALUE=&quot;245&quot; /&gt;&lt;ABS:Obs TIME=&quot;2003&quot; OBS_VALUE=&quot;221&quot; /&gt;&lt;ABS:Obs TIME=&quot;2004&quot; OBS_VALUE=&quot;224&quot; /&gt;&lt;ABS:Obs TIME=&quot;2005&quot; OBS_VALUE=&quot;249&quot; /&gt;&lt;ABS:Obs TIME=&quot;2006&quot; OBS_VALUE=&quot;304&quot; /&gt;&lt;ABS:Obs TIME=&quot;2007&quot; OBS_VALUE=&quot;309&quot; /&gt;&lt;ABS:Obs TIME=&quot;2008&quot; OBS_VALUE=&quot;375&quot; /&gt;&lt;ABS:Obs TIME=&quot;2009&quot; OBS_VALUE=&quot;339&quot; /&gt;&lt;ABS:Obs TIME=&quot;2010&quot; OBS_VALUE=&quot;354&quot; /&gt;&lt;ABS:Obs TIME=&quot;2011&quot; OBS_VALUE=&quot;357&quot; /&gt;&lt;ABS:Obs TIME=&quot;2012&quot; OBS_VALUE=&quot;353&quot; /&gt;&lt;ABS:Obs TIME=&quot;2013&quot; OBS_VALUE=&quot;358&quot; /&gt;&lt;ABS:Obs TIME=&quot;2014&quot; OBS_VALUE=&quot;349&quot; /&gt;&lt;ABS:Obs TIME=&quot;2015&quot; OBS_VALUE=&quot;342&quot; /&gt;&lt;ABS:Obs TIME=&quot;2016&quot; OBS_VALUE=&quot;394&quot; /&gt;&lt;ABS:Obs TIME=&quot;2017&quot; OBS_VALUE=&quot;390&quot; /&gt;&lt;ABS:Obs TIME=&quot;2018&quot; OBS_VALUE=&quot;416&quot; /&gt;&lt;/ABS:Series&gt;&lt;ABS:Series MEASURE=&quot;5&quot; INDIGENOUS_STATUS=&quot;IM&quot; ASGS_2011=&quot;4&quot; FREQUENCY=&quot;A&quot; TIME_FORMAT=&quot;P1Y&quot; UNIT=&quot;NUM&quot; POWERCODE=&quot;0&quot;&gt;&lt;ABS:Obs TIME=&quot;2001&quot; OBS_VALUE=&quot;219&quot; /&gt;&lt;ABS:Obs TIME=&quot;2002&quot; OBS_VALUE=&quot;245&quot; /&gt;&lt;ABS:Obs TIME=&quot;2003&quot; OBS_VALUE=&quot;212&quot; /&gt;&lt;ABS:Obs TIME=&quot;2004&quot; OBS_VALUE=&quot;237&quot; /&gt;&lt;ABS:Obs TIME=&quot;2005&quot; OBS_VALUE=&quot;250&quot; /&gt;&lt;ABS:Obs TIME=&quot;2006&quot; OBS_VALUE=&quot;245&quot; /&gt;&lt;ABS:Obs TIME=&quot;2007&quot; OBS_VALUE=&quot;290&quot; /&gt;&lt;ABS:Obs TIME=&quot;2008&quot; OBS_VALUE=&quot;344&quot; /&gt;&lt;ABS:Obs TIME=&quot;2009&quot; OBS_VALUE=&quot;314&quot; /&gt;&lt;ABS:Obs TIME=&quot;2010&quot; OBS_VALUE=&quot;351&quot; /&gt;&lt;ABS:Obs TIME=&quot;2011&quot; OBS_VALUE=&quot;340&quot; /&gt;&lt;ABS:Obs TIME=&quot;2012&quot; OBS_VALUE=&quot;307&quot; /&gt;&lt;ABS:Obs TIME=&quot;2013&quot; OBS_VALUE=&quot;348&quot; /&gt;&lt;ABS:Obs TIME=&quot;2014&quot; OBS_VALUE=&quot;324&quot; /&gt;&lt;ABS:Obs TIME=&quot;2015&quot; OBS_VALUE=&quot;345&quot; /&gt;&lt;ABS:Obs TIME=&quot;2016&quot; OBS_VALUE=&quot;305&quot; /&gt;&lt;ABS:Obs TIME=&quot;2017&quot; OBS_VALUE=&quot;348&quot; /&gt;&lt;ABS:Obs TIME=&quot;2018&quot; OBS_VALUE=&quot;393&quot; /&gt;&lt;/ABS:Series&gt;&lt;ABS:Series MEASURE=&quot;7&quot; INDIGENOUS_STATUS=&quot;IM&quot; ASGS_2011=&quot;4&quot; FREQUENCY=&quot;A&quot; TIME_FORMAT=&quot;P1Y&quot; UNIT=&quot;PCT&quot; POWERCODE=&quot;0&quot;&gt;&lt;ABS:Obs TIME=&quot;2001&quot; OBS_VALUE=&quot;13&quot; /&gt;&lt;ABS:Obs TIME=&quot;2002&quot; OBS_VALUE=&quot;11&quot; /&gt;&lt;ABS:Obs TIME=&quot;2003&quot; OBS_VALUE=&quot;12&quot; /&gt;&lt;ABS:Obs TIME=&quot;2004&quot; OBS_VALUE=&quot;11&quot; /&gt;&lt;ABS:Obs TIME=&quot;2005&quot; OBS_VALUE=&quot;12&quot; /&gt;&lt;ABS:Obs TIME=&quot;2006&quot; OBS_VALUE=&quot;10&quot; /&gt;&lt;ABS:Obs TIME=&quot;2007&quot; OBS_VALUE=&quot;9&quot; /&gt;&lt;ABS:Obs TIME=&quot;2008&quot; OBS_VALUE=&quot;11&quot; /&gt;&lt;ABS:Obs TIME=&quot;2009&quot; OBS_VALUE=&quot;9&quot; /&gt;&lt;ABS:Obs TIME=&quot;2010&quot; OBS_VALUE=&quot;10&quot; /&gt;&lt;ABS:Obs TIME=&quot;2011&quot; OBS_VALUE=&quot;11&quot; /&gt;&lt;ABS:Obs TIME=&quot;2012&quot; OBS_VALUE=&quot;10&quot; /&gt;&lt;ABS:Obs TIME=&quot;2013&quot; OBS_VALUE=&quot;10&quot; /&gt;&lt;ABS:Obs TIME=&quot;2014&quot; OBS_VALUE=&quot;11&quot; /&gt;&lt;ABS:Obs TIME=&quot;2015&quot; OBS_VALUE=&quot;13&quot; /&gt;&lt;ABS:Obs TIME=&quot;2016&quot; OBS_VALUE=&quot;12&quot; /&gt;&lt;ABS:Obs TIME=&quot;2017&quot; OBS_VALUE=&quot;12&quot; /&gt;&lt;ABS:Obs TIME=&quot;2018&quot; OBS_VALUE=&quot;10&quot; /&gt;&lt;/ABS:Series&gt;&lt;ABS:Series MEASURE=&quot;8&quot; INDIGENOUS_STATUS=&quot;IM&quot; ASGS_2011=&quot;4&quot; FREQUENCY=&quot;A&quot; TIME_FORMAT=&quot;P1Y&quot; UNIT=&quot;PCT&quot; POWERCODE=&quot;0&quot;&gt;&lt;ABS:Obs TIME=&quot;2001&quot; OBS_VALUE=&quot;87&quot; /&gt;&lt;ABS:Obs TIME=&quot;2002&quot; OBS_VALUE=&quot;89&quot; /&gt;&lt;ABS:Obs TIME=&quot;2003&quot; OBS_VALUE=&quot;88&quot; /&gt;&lt;ABS:Obs TIME=&quot;2004&quot; OBS_VALUE=&quot;89&quot; /&gt;&lt;ABS:Obs TIME=&quot;2005&quot; OBS_VALUE=&quot;88&quot; /&gt;&lt;ABS:Obs TIME=&quot;2006&quot; OBS_VALUE=&quot;90&quot; /&gt;&lt;ABS:Obs TIME=&quot;2007&quot; OBS_VALUE=&quot;91&quot; /&gt;&lt;ABS:Obs TIME=&quot;2008&quot; OBS_VALUE=&quot;89&quot; /&gt;&lt;ABS:Obs TIME=&quot;2009&quot; OBS_VALUE=&quot;91&quot; /&gt;&lt;ABS:Obs TIME=&quot;2010&quot; OBS_VALUE=&quot;90&quot; /&gt;&lt;ABS:Obs TIME=&quot;2011&quot; OBS_VALUE=&quot;89&quot; /&gt;&lt;ABS:Obs TIME=&quot;2012&quot; OBS_VALUE=&quot;90&quot; /&gt;&lt;ABS:Obs TIME=&quot;2013&quot; OBS_VALUE=&quot;90&quot; /&gt;&lt;ABS:Obs TIME=&quot;2014&quot; OBS_VALUE=&quot;89&quot; /&gt;&lt;ABS:Obs TIME=&quot;2015&quot; OBS_VALUE=&quot;87&quot; /&gt;&lt;ABS:Obs TIME=&quot;2016&quot; OBS_VALUE=&quot;88&quot; /&gt;&lt;ABS:Obs TIME=&quot;2017&quot; OBS_VALUE=&quot;88&quot; /&gt;&lt;ABS:Obs TIME=&quot;2018&quot; OBS_VALUE=&quot;90&quot; /&gt;&lt;/ABS:Series&gt;&lt;ABS:Series MEASURE=&quot;9&quot; INDIGENOUS_STATUS=&quot;IM&quot; ASGS_2011=&quot;4&quot; FREQUENCY=&quot;A&quot; TIME_FORMAT=&quot;P1Y&quot; UNIT=&quot;PCT&quot; POWERCODE=&quot;0&quot;&gt;&lt;ABS:Obs TIME=&quot;2001&quot; OBS_VALUE=&quot;73&quot; /&gt;&lt;ABS:Obs TIME=&quot;2002&quot; OBS_VALUE=&quot;71&quot; /&gt;&lt;ABS:Obs TIME=&quot;2003&quot; OBS_VALUE=&quot;73&quot; /&gt;&lt;ABS:Obs TIME=&quot;2004&quot; OBS_VALUE=&quot;71&quot; /&gt;&lt;ABS:Obs TIME=&quot;2005&quot; OBS_VALUE=&quot;71&quot; /&gt;&lt;ABS:Obs TIME=&quot;2006&quot; OBS_VALUE=&quot;72&quot; /&gt;&lt;ABS:Obs TIME=&quot;2007&quot; OBS_VALUE=&quot;74&quot; /&gt;&lt;ABS:Obs TIME=&quot;2008&quot; OBS_VALUE=&quot;72&quot; /&gt;&lt;ABS:Obs TIME=&quot;2009&quot; OBS_VALUE=&quot;72&quot; /&gt;&lt;ABS:Obs TIME=&quot;2010&quot; OBS_VALUE=&quot;70&quot; /&gt;&lt;ABS:Obs TIME=&quot;2011&quot; OBS_VALUE=&quot;73&quot; /&gt;&lt;ABS:Obs TIME=&quot;2012&quot; OBS_VALUE=&quot;73&quot; /&gt;&lt;ABS:Obs TIME=&quot;2013&quot; OBS_VALUE=&quot;74&quot; /&gt;&lt;ABS:Obs TIME=&quot;2014&quot; OBS_VALUE=&quot;72&quot; /&gt;&lt;ABS:Obs TIME=&quot;2015&quot; OBS_VALUE=&quot;72&quot; /&gt;&lt;ABS:Obs TIME=&quot;2016&quot; OBS_VALUE=&quot;76&quot; /&gt;&lt;ABS:Obs TIME=&quot;2017&quot; OBS_VALUE=&quot;72&quot; /&gt;&lt;ABS:Obs TIME=&quot;2018&quot; OBS_VALUE=&quot;71&quot; /&gt;&lt;/ABS:Series&gt;&lt;ABS:Series MEASURE=&quot;10&quot; INDIGENOUS_STATUS=&quot;IM&quot; ASGS_2011=&quot;4&quot; FREQUENCY=&quot;A&quot; TIME_FORMAT=&quot;P1Y&quot; UNIT=&quot;PCT&quot; POWERCODE=&quot;0&quot;&gt;&lt;ABS:Obs TIME=&quot;2001&quot; OBS_VALUE=&quot;14&quot; /&gt;&lt;ABS:Obs TIME=&quot;2002&quot; OBS_VALUE=&quot;18&quot; /&gt;&lt;ABS:Obs TIME=&quot;2003&quot; OBS_VALUE=&quot;15&quot; /&gt;&lt;ABS:Obs TIME=&quot;2004&quot; OBS_VALUE=&quot;19&quot; /&gt;&lt;ABS:Obs TIME=&quot;2005&quot; OBS_VALUE=&quot;17&quot; /&gt;&lt;ABS:Obs TIME=&quot;2006&quot; OBS_VALUE=&quot;19&quot; /&gt;&lt;ABS:Obs TIME=&quot;2007&quot; OBS_VALUE=&quot;18&quot; /&gt;&lt;ABS:Obs TIME=&quot;2008&quot; OBS_VALUE=&quot;18&quot; /&gt;&lt;ABS:Obs TIME=&quot;2009&quot; OBS_VALUE=&quot;19&quot; /&gt;&lt;ABS:Obs TIME=&quot;2010&quot; OBS_VALUE=&quot;20&quot; /&gt;&lt;ABS:Obs TIME=&quot;2011&quot; OBS_VALUE=&quot;16&quot; /&gt;&lt;ABS:Obs TIME=&quot;2012&quot; OBS_VALUE=&quot;17&quot; /&gt;&lt;ABS:Obs TIME=&quot;2013&quot; OBS_VALUE=&quot;16&quot; /&gt;&lt;ABS:Obs TIME=&quot;2014&quot; OBS_VALUE=&quot;18&quot; /&gt;&lt;ABS:Obs TIME=&quot;2015&quot; OBS_VALUE=&quot;15&quot; /&gt;&lt;ABS:Obs TIME=&quot;2016&quot; OBS_VALUE=&quot;12&quot; /&gt;&lt;ABS:Obs TIME=&quot;2017&quot; OBS_VALUE=&quot;16&quot; /&gt;&lt;ABS:Obs TIME=&quot;2018&quot; OBS_VALUE=&quot;18&quot; /&gt;&lt;/ABS:Series&gt;&lt;ABS:Series MEASURE=&quot;13&quot; INDIGENOUS_STATUS=&quot;IM&quot; ASGS_2011=&quot;4&quot; FREQUENCY=&quot;A&quot; TIME_FORMAT=&quot;P1Y&quot; UNIT=&quot;NUM&quot; POWERCODE=&quot;0&quot;&gt;&lt;ABS:Obs TIME=&quot;2001&quot; OBS_VALUE=&quot;427&quot; /&gt;&lt;ABS:Obs TIME=&quot;2002&quot; OBS_VALUE=&quot;484&quot; /&gt;&lt;ABS:Obs TIME=&quot;2003&quot; OBS_VALUE=&quot;429&quot; /&gt;&lt;ABS:Obs TIME=&quot;2004&quot; OBS_VALUE=&quot;456&quot; /&gt;&lt;ABS:Obs TIME=&quot;2005&quot; OBS_VALUE=&quot;489&quot; /&gt;&lt;ABS:Obs TIME=&quot;2006&quot; OBS_VALUE=&quot;542&quot; /&gt;&lt;ABS:Obs TIME=&quot;2007&quot; OBS_VALUE=&quot;591&quot; /&gt;&lt;ABS:Obs TIME=&quot;2008&quot; OBS_VALUE=&quot;710&quot; /&gt;&lt;ABS:Obs TIME=&quot;2009&quot; OBS_VALUE=&quot;644&quot; /&gt;&lt;ABS:Obs TIME=&quot;2010&quot; OBS_VALUE=&quot;700&quot; /&gt;&lt;ABS:Obs TIME=&quot;2011&quot; OBS_VALUE=&quot;687&quot; /&gt;&lt;ABS:Obs TIME=&quot;2012&quot; OBS_VALUE=&quot;653&quot; /&gt;&lt;ABS:Obs TIME=&quot;2013&quot; OBS_VALUE=&quot;699&quot; /&gt;&lt;ABS:Obs TIME=&quot;2014&quot; OBS_VALUE=&quot;665&quot; /&gt;&lt;ABS:Obs TIME=&quot;2015&quot; OBS_VALUE=&quot;676&quot; /&gt;&lt;ABS:Obs TIME=&quot;2016&quot; OBS_VALUE=&quot;691&quot; /&gt;&lt;ABS:Obs TIME=&quot;2017&quot; OBS_VALUE=&quot;728&quot; /&gt;&lt;ABS:Obs TIME=&quot;2018&quot; OBS_VALUE=&quot;803&quot; /&gt;&lt;/ABS:Series&gt;&lt;ABS:Series MEASURE=&quot;14&quot; INDIGENOUS_STATUS=&quot;IM&quot; ASGS_2011=&quot;4&quot; FREQUENCY=&quot;A&quot; TIME_FORMAT=&quot;P1Y&quot; UNIT=&quot;YEARS&quot; POWERCODE=&quot;0&quot;&gt;&lt;ABS:Obs TIME=&quot;2001&quot; OBS_VALUE=&quot;25.9&quot; /&gt;&lt;ABS:Obs TIME=&quot;2002&quot; OBS_VALUE=&quot;25.1&quot; /&gt;&lt;ABS:Obs TIME=&quot;2003&quot; OBS_VALUE=&quot;24.8&quot; /&gt;&lt;ABS:Obs TIME=&quot;2004&quot; OBS_VALUE=&quot;25&quot; /&gt;&lt;ABS:Obs TIME=&quot;2005&quot; OBS_VALUE=&quot;23.4&quot; /&gt;&lt;ABS:Obs TIME=&quot;2006&quot; OBS_VALUE=&quot;24.7&quot; /&gt;&lt;ABS:Obs TIME=&quot;2007&quot; OBS_VALUE=&quot;24.3&quot; /&gt;&lt;ABS:Obs TIME=&quot;2008&quot; OBS_VALUE=&quot;24.6&quot; /&gt;&lt;ABS:Obs TIME=&quot;2009&quot; OBS_VALUE=&quot;24.3&quot; /&gt;&lt;ABS:Obs TIME=&quot;2010&quot; OBS_VALUE=&quot;24.5&quot; /&gt;&lt;ABS:Obs TIME=&quot;2011&quot; OBS_VALUE=&quot;24.6&quot; /&gt;&lt;ABS:Obs TIME=&quot;20
Inserting 414 obs
&lt;soap12:Envelope xmlns:xsi=&quot;http://www.w3.org/2001/XMLSchema-instance&quot; xmlns:xsd=&quot;http://www.w3.org/2001/XMLSchema&quot; xmlns:soap12=&quot;http://www.w3.org/2003/05/soap-envelope&quot;&gt;
  &lt;soap12:Body&gt;
    &lt;GetCompactData xmlns=&quot;http://stats.oecd.org/OECDStatWS/SDMX/&quot;&gt;
      &lt;QueryMessage&gt;&lt;message:QueryMessage xmlns:message=&quot;http://www.SDMX.org/resources/SDMXML/schemas/v2_0/message&quot;&gt;&lt;Header xmlns=&quot;http://www.SDMX.org/resources/SDMXML/schemas/v2_0/message&quot;&gt;&lt;message:ID&gt;none&lt;/message:ID&gt;&lt;message:Test&gt;false&lt;/message:Test&gt;&lt;message:Prepared&gt;2016-08-19T00:11:33+08:00&lt;/message:Prepared&gt;&lt;message:Sender id=&quot;Sdmx-Sax&quot; /&gt;&lt;message:Receiver id=&quot;ABS&quot; /&gt;&lt;/Header&gt;&lt;message:Query&gt;&lt;DataWhere xmlns=&quot;http://www.SDMX.org/resources/SDMXML/schemas/v2_0/query&quot;&gt;&lt;And&gt;&lt;DataSet&gt;ATSI_BIRTHS_SUMM&lt;/DataSet&gt;&lt;Time&gt;&lt;StartTime&gt;1000-02-01&lt;/StartTime&gt;&lt;EndTime&gt;2020-04-19&lt;/EndTime&gt;&lt;/Time&gt;&lt;Or&gt;&lt;Dimension id=&quot;INDIGENOUS_STATUS&quot;&gt;IM&lt;/Dimension&gt;&lt;Dimension id=&quot;INDIGENOUS_STATUS&quot;&gt;IM&lt;/Dimension&gt;&lt;Dimension id=&quot;INDIGENOUS_STATUS&quot;&gt;IB&lt;/Dimension&gt;&lt;/Or&gt;&lt;Or&gt;&lt;Dimension id=&quot;ASGS_2011&quot;&gt;5&lt;/Dimension&gt;&lt;/Or&gt;&lt;Or&gt;&lt;Dimension id=&quot;FREQUENCY&quot;&gt;A&lt;/Dimension&gt;&lt;/Or&gt;&lt;Or&gt;&lt;Dimension id=&quot;MEASURE&quot;&gt;1&lt;/Dimension&gt;&lt;Dimension id=&quot;MEASURE&quot;&gt;4&lt;/Dimension&gt;&lt;Dimension id=&quot;MEASURE&quot;&gt;5&lt;/Dimension&gt;&lt;Dimension id=&quot;MEASURE&quot;&gt;7&lt;/Dimension&gt;&lt;Dimension id=&quot;MEASURE&quot;&gt;8&lt;/Dimension&gt;&lt;Dimension id=&quot;MEASURE&quot;&gt;9&lt;/Dimension&gt;&lt;Dimension id=&quot;MEASURE&quot;&gt;10&lt;/Dimension&gt;&lt;Dimension id=&quot;MEASURE&quot;&gt;13&lt;/Dimension&gt;&lt;Dimension id=&quot;MEASURE&quot;&gt;14&lt;/Dimension&gt;&lt;Dimension id=&quot;MEASURE&quot;&gt;15&lt;/Dimension&gt;&lt;Dimension id=&quot;MEASURE&quot;&gt;18&lt;/Dimension&gt;&lt;Dimension id=&quot;MEASURE&quot;&gt;19&lt;/Dimension&gt;&lt;Dimension id=&quot;MEASURE&quot;&gt;20&lt;/Dimension&gt;&lt;/Or&gt;&lt;/And&gt;&lt;/DataWhere&gt;&lt;/message:Query&gt;&lt;/message:QueryMessage&gt;
&lt;/QueryMessage&gt;
&lt;/GetCompactData&gt;
&lt;/soap12:Body&gt;
&lt;/soap12:Envelope&gt;
Header=&lt;message:CompactData xmlns=&quot;http://www.SDMX.org/resources/SDMXML/schemas/v2_0/message&quot; xmlns:common=&quot;http://www.SDMX.org/resources/SDMXML/schemas/v2_0/common&quot; xmlns:compact=&quot;http://www.SDMX.org/resources/SDMXML/schemas/v2_0/compact&quot; xmlns:ABS=&quot;http://oecd.stat.org/Data&quot; xmlns:xsi=&quot;http://www.w3.org/2001/XMLSchema-instance&quot; xsi:schemaLocation=&quot;http://www.SDMX.org/resources/SDMXML/schemas/v2_0/message http://www.sdmx.org/docs/2_0/SDMXMessage.xsd http://oecd.stat.org/Data http://stat.data.abs.gov.au/restsdmx/sdmx.ashx/GetSchema/ATSI_BIRTHS_SUMM&quot; xmlns:message=&quot;http://www.SDMX.org/resources/SDMXML/schemas/v2_0/message&quot;&gt;&lt;Header&gt;&lt;ID&gt;none&lt;/ID&gt;&lt;Test&gt;false&lt;/Test&gt;&lt;Truncated&gt;false&lt;/Truncated&gt;&lt;Prepared&gt;2020-03-19T13:23:37&lt;/Prepared&gt;&lt;Sender id=&quot;ABS&quot;&gt;&lt;Name xml:lang=&quot;en&quot;&gt;Australian Bureau of Statistics&lt;/Name&gt;&lt;Name xml:lang=&quot;fr&quot;&gt;Australian Bureau of Statistics&lt;/Name&gt;&lt;/Sender&gt;&lt;/Header&gt;&lt;ABS:DataSet keyFamilyURI=&quot;http://stat.data.abs.gov.au/restsdmx/sdmx.ashx/GetKeyFamily/ATSI_BIRTHS_SUMM&quot; xmlns:ABS=&quot;http://oecd.stat.org/Data&quot;&gt;&lt;ABS:Series MEASURE=&quot;1&quot; INDIGENOUS_STATUS=&quot;IM&quot; ASGS_2011=&quot;5&quot; FREQUENCY=&quot;A&quot; TIME_FORMAT=&quot;P1Y&quot; UNIT=&quot;NUM&quot; POWERCODE=&quot;0&quot;&gt;&lt;ABS:Obs TIME=&quot;2001&quot; OBS_VALUE=&quot;1267&quot; /&gt;&lt;ABS:Obs TIME=&quot;2002&quot; OBS_VALUE=&quot;1138&quot; /&gt;&lt;ABS:Obs TIME=&quot;2003&quot; OBS_VALUE=&quot;1355&quot; /&gt;&lt;ABS:Obs TIME=&quot;2004&quot; OBS_VALUE=&quot;1371&quot; /&gt;&lt;ABS:Obs TIME=&quot;2005&quot; OBS_VALUE=&quot;1378&quot; /&gt;&lt;ABS:Obs TIME=&quot;2006&quot; OBS_VALUE=&quot;1460&quot; /&gt;&lt;ABS:Obs TIME=&quot;2007&quot; OBS_VALUE=&quot;1646&quot; /&gt;&lt;ABS:Obs TIME=&quot;2008&quot; OBS_VALUE=&quot;1932&quot; /&gt;&lt;ABS:Obs TIME=&quot;2009&quot; OBS_VALUE=&quot;1908&quot; /&gt;&lt;ABS:Obs TIME=&quot;2010&quot; OBS_VALUE=&quot;1815&quot; /&gt;&lt;ABS:Obs TIME=&quot;2011&quot; OBS_VALUE=&quot;1973&quot; /&gt;&lt;ABS:Obs TIME=&quot;2012&quot; OBS_VALUE=&quot;2056&quot; /&gt;&lt;ABS:Obs TIME=&quot;2013&quot; OBS_VALUE=&quot;2194&quot; /&gt;&lt;ABS:Obs TIME=&quot;2014&quot; OBS_VALUE=&quot;2254&quot; /&gt;&lt;ABS:Obs TIME=&quot;2015&quot; OBS_VALUE=&quot;2434&quot; /&gt;&lt;ABS:Obs TIME=&quot;2016&quot; OBS_VALUE=&quot;2210&quot; /&gt;&lt;ABS:Obs TIME=&quot;2017&quot; OBS_VALUE=&quot;2133&quot; /&gt;&lt;ABS:Obs TIME=&quot;2018&quot; OBS_VALUE=&quot;2097&quot; /&gt;&lt;/ABS:Series&gt;&lt;ABS:Series MEASURE=&quot;4&quot; INDIGENOUS_STATUS=&quot;IM&quot; ASGS_2011=&quot;5&quot; FREQUENCY=&quot;A&quot; TIME_FORMAT=&quot;P1Y&quot; UNIT=&quot;NUM&quot; POWERCODE=&quot;0&quot;&gt;&lt;ABS:Obs TIME=&quot;2001&quot; OBS_VALUE=&quot;617&quot; /&gt;&lt;ABS:Obs TIME=&quot;2002&quot; OBS_VALUE=&quot;600&quot; /&gt;&lt;ABS:Obs TIME=&quot;2003&quot; OBS_VALUE=&quot;671&quot; /&gt;&lt;ABS:Obs TIME=&quot;2004&quot; OBS_VALUE=&quot;670&quot; /&gt;&lt;ABS:Obs TIME=&quot;2005&quot; OBS_VALUE=&quot;725&quot; /&gt;&lt;ABS:Obs TIME=&quot;2006&quot; OBS_VALUE=&quot;733&quot; /&gt;&lt;ABS:Obs TIME=&quot;2007&quot; OBS_VALUE=&quot;839&quot; /&gt;&lt;ABS:Obs TIME=&quot;2008&quot; OBS_VALUE=&quot;942&quot; /&gt;&lt;ABS:Obs TIME=&quot;2009&quot; OBS_VALUE=&quot;973&quot; /&gt;&lt;ABS:Obs TIME=&quot;2010&quot; OBS_VALUE=&quot;944&quot; /&gt;&lt;ABS:Obs TIME=&quot;2011&quot; OBS_VALUE=&quot;1031&quot; /&gt;&lt;ABS:Obs TIME=&quot;2012&quot; OBS_VALUE=&quot;1067&quot; /&gt;&lt;ABS:Obs TIME=&quot;2013&quot; OBS_VALUE=&quot;1158&quot; /&gt;&lt;ABS:Obs TIME=&quot;2014&quot; OBS_VALUE=&quot;1184&quot; /&gt;&lt;ABS:Obs TIME=&quot;2015&quot; OBS_VALUE=&quot;1212&quot; /&gt;&lt;ABS:Obs TIME=&quot;2016&quot; OBS_VALUE=&quot;1162&quot; /&gt;&lt;ABS:Obs TIME=&quot;2017&quot; OBS_VALUE=&quot;1093&quot; /&gt;&lt;ABS:Obs TIME=&quot;2018&quot; OBS_VALUE=&quot;1101&quot; /&gt;&lt;/ABS:Series&gt;&lt;ABS:Series MEASURE=&quot;5&quot; INDIGENOUS_STATUS=&quot;IM&quot; ASGS_2011=&quot;5&quot; FREQUENCY=&quot;A&quot; TIME_FORMAT=&quot;P1Y&quot; UNIT=&quot;NUM&quot; POWERCODE=&quot;0&quot;&gt;&lt;ABS:Obs TIME=&quot;2001&quot; OBS_VALUE=&quot;650&quot; /&gt;&lt;ABS:Obs TIME=&quot;2002&quot; OBS_VALUE=&quot;538&quot; /&gt;&lt;ABS:Obs TIME=&quot;2003&quot; OBS_VALUE=&quot;684&quot; /&gt;&lt;ABS:Obs TIME=&quot;2004&quot; OBS_VALUE=&quot;701&quot; /&gt;&lt;ABS:Obs TIME=&quot;2005&quot; OBS_VALUE=&quot;653&quot; /&gt;&lt;ABS:Obs TIME=&quot;2006&quot; OBS_VALUE=&quot;727&quot; /&gt;&lt;ABS:Obs TIME=&quot;2007&quot; OBS_VALUE=&quot;807&quot; /&gt;&lt;ABS:Obs TIME=&quot;2008&quot; OBS_VALUE=&quot;990&quot; /&gt;&lt;ABS:Obs TIME=&quot;2009&quot; OBS_VALUE=&quot;935&quot; /&gt;&lt;ABS:Obs TIME=&quot;2010&quot; OBS_VALUE=&quot;871&quot; /&gt;&lt;ABS:Obs TIME=&quot;2011&quot; OBS_VALUE=&quot;942&quot; /&gt;&lt;ABS:Obs TIME=&quot;2012&quot; OBS_VALUE=&quot;989&quot; /&gt;&lt;ABS:Obs TIME=&quot;2013&quot; OBS_VALUE=&quot;1036&quot; /&gt;&lt;ABS:Obs TIME=&quot;2014&quot; OBS_VALUE=&quot;1070&quot; /&gt;&lt;ABS:Obs TIME=&quot;2015&quot; OBS_VALUE=&quot;1222&quot; /&gt;&lt;ABS:Obs TIME=&quot;2016&quot; OBS_VALUE=&quot;1048&quot; /&gt;&lt;ABS:Obs TIME=&quot;2017&quot; OBS_VALUE=&quot;1040&quot; /&gt;&lt;ABS:Obs TIME=&quot;2018&quot; OBS_VALUE=&quot;996&quot; /&gt;&lt;/ABS:Series&gt;&lt;ABS:Series MEASURE=&quot;7&quot; INDIGENOUS_STATUS=&quot;IM&quot; ASGS_2011=&quot;5&quot; FREQUENCY=&quot;A&quot; TIME_FORMAT=&quot;P1Y&quot; UNIT=&quot;PCT&quot; POWERCODE=&quot;0&quot;&gt;&lt;ABS:Obs TIME=&quot;2001&quot; OBS_VALUE=&quot;10&quot; /&gt;&lt;ABS:Obs TIME=&quot;2002&quot; OBS_VALUE=&quot;12&quot; /&gt;&lt;ABS:Obs TIME=&quot;2003&quot; OBS_VALUE=&quot;8&quot; /&gt;&lt;ABS:Obs TIME=&quot;2004&quot; OBS_VALUE=&quot;8&quot; /&gt;&lt;ABS:Obs TIME=&quot;2005&quot; OBS_VALUE=&quot;10&quot; /&gt;&lt;ABS:Obs TIME=&quot;2006&quot; OBS_VALUE=&quot;9&quot; /&gt;&lt;ABS:Obs TIME=&quot;2007&quot; OBS_VALUE=&quot;8&quot; /&gt;&lt;ABS:Obs TIME=&quot;2008&quot; OBS_VALUE=&quot;10&quot; /&gt;&lt;ABS:Obs TIME=&quot;2009&quot; OBS_VALUE=&quot;7&quot; /&gt;&lt;ABS:Obs TIME=&quot;2010&quot; OBS_VALUE=&quot;10&quot; /&gt;&lt;ABS:Obs TIME=&quot;2011&quot; OBS_VALUE=&quot;9&quot; /&gt;&lt;ABS:Obs TIME=&quot;2012&quot; OBS_VALUE=&quot;8&quot; /&gt;&lt;ABS:Obs TIME=&quot;2013&quot; OBS_VALUE=&quot;7&quot; /&gt;&lt;ABS:Obs TIME=&quot;2014&quot; OBS_VALUE=&quot;9&quot; /&gt;&lt;ABS:Obs TIME=&quot;2015&quot; OBS_VALUE=&quot;7&quot; /&gt;&lt;ABS:Obs TIME=&quot;2016&quot; OBS_VALUE=&quot;7&quot; /&gt;&lt;ABS:Obs TIME=&quot;2017&quot; OBS_VALUE=&quot;7&quot; /&gt;&lt;ABS:Obs TIME=&quot;2018&quot; OBS_VALUE=&quot;8&quot; /&gt;&lt;/ABS:Series&gt;&lt;ABS:Series MEASURE=&quot;8&quot; INDIGENOUS_STATUS=&quot;IM&quot; ASGS_2011=&quot;5&quot; FREQUENCY=&quot;A&quot; TIME_FORMAT=&quot;P1Y&quot; UNIT=&quot;PCT&quot; POWERCODE=&quot;0&quot;&gt;&lt;ABS:Obs TIME=&quot;2001&quot; OBS_VALUE=&quot;90&quot; /&gt;&lt;ABS:Obs TIME=&quot;2002&quot; OBS_VALUE=&quot;88&quot; /&gt;&lt;ABS:Obs TIME=&quot;2003&quot; OBS_VALUE=&quot;92&quot; /&gt;&lt;ABS:Obs TIME=&quot;2004&quot; OBS_VALUE=&quot;92&quot; /&gt;&lt;ABS:Obs TIME=&quot;2005&quot; OBS_VALUE=&quot;90&quot; /&gt;&lt;ABS:Obs TIME=&quot;2006&quot; OBS_VALUE=&quot;91&quot; /&gt;&lt;ABS:Obs TIME=&quot;2007&quot; OBS_VALUE=&quot;92&quot; /&gt;&lt;ABS:Obs TIME=&quot;2008&quot; OBS_VALUE=&quot;90&quot; /&gt;&lt;ABS:Obs TIME=&quot;2009&quot; OBS_VALUE=&quot;93&quot; /&gt;&lt;ABS:Obs TIME=&quot;2010&quot; OBS_VALUE=&quot;90&quot; /&gt;&lt;ABS:Obs TIME=&quot;2011&quot; OBS_VALUE=&quot;91&quot; /&gt;&lt;ABS:Obs TIME=&quot;2012&quot; OBS_VALUE=&quot;92&quot; /&gt;&lt;ABS:Obs TIME=&quot;2013&quot; OBS_VALUE=&quot;93&quot; /&gt;&lt;ABS:Obs TIME=&quot;2014&quot; OBS_VALUE=&quot;91&quot; /&gt;&lt;ABS:Obs TIME=&quot;2015&quot; OBS_VALUE=&quot;93&quot; /&gt;&lt;ABS:Obs TIME=&quot;2016&quot; OBS_VALUE=&quot;93&quot; /&gt;&lt;ABS:Obs TIME=&quot;2017&quot; OBS_VALUE=&quot;93&quot; /&gt;&lt;ABS:Obs TIME=&quot;2018&quot; OBS_VALUE=&quot;92&quot; /&gt;&lt;/ABS:Series&gt;&lt;ABS:Series MEASURE=&quot;9&quot; INDIGENOUS_STATUS=&quot;IM&quot; ASGS_2011=&quot;5&quot; FREQUENCY=&quot;A&quot; TIME_FORMAT=&quot;P1Y&quot; UNIT=&quot;PCT&quot; POWERCODE=&quot;0&quot;&gt;&lt;ABS:Obs TIME=&quot;2001&quot; OBS_VALUE=&quot;73&quot; /&gt;&lt;ABS:Obs TIME=&quot;2002&quot; OBS_VALUE=&quot;73&quot; /&gt;&lt;ABS:Obs TIME=&quot;2003&quot; OBS_VALUE=&quot;75&quot; /&gt;&lt;ABS:Obs TIME=&quot;2004&quot; OBS_VALUE=&quot;74&quot; /&gt;&lt;ABS:Obs TIME=&quot;2005&quot; OBS_VALUE=&quot;74&quot; /&gt;&lt;ABS:Obs TIME=&quot;2006&quot; OBS_VALUE=&quot;75&quot; /&gt;&lt;ABS:Obs TIME=&quot;2007&quot; OBS_VALUE=&quot;73&quot; /&gt;&lt;ABS:Obs TIME=&quot;2008&quot; OBS_VALUE=&quot;73&quot; /&gt;&lt;ABS:Obs TIME=&quot;2009&quot; OBS_VALUE=&quot;74&quot; /&gt;&lt;ABS:Obs TIME=&quot;2010&quot; OBS_VALUE=&quot;73&quot; /&gt;&lt;ABS:Obs TIME=&quot;2011&quot; OBS_VALUE=&quot;69&quot; /&gt;&lt;ABS:Obs TIME=&quot;2012&quot; OBS_VALUE=&quot;70&quot; /&gt;&lt;ABS:Obs TIME=&quot;2013&quot; OBS_VALUE=&quot;70&quot; /&gt;&lt;ABS:Obs TIME=&quot;2014&quot; OBS_VALUE=&quot;70&quot; /&gt;&lt;ABS:Obs TIME=&quot;2015&quot; OBS_VALUE=&quot;68&quot; /&gt;&lt;ABS:Obs TIME=&quot;2016&quot; OBS_VALUE=&quot;66&quot; /&gt;&lt;ABS:Obs TIME=&quot;2017&quot; OBS_VALUE=&quot;69&quot; /&gt;&lt;ABS:Obs TIME=&quot;2018&quot; OBS_VALUE=&quot;71&quot; /&gt;&lt;/ABS:Series&gt;&lt;ABS:Series MEASURE=&quot;10&quot; INDIGENOUS_STATUS=&quot;IM&quot; ASGS_2011=&quot;5&quot; FREQUENCY=&quot;A&quot; TIME_FORMAT=&quot;P1Y&quot; UNIT=&quot;PCT&quot; POWERCODE=&quot;0&quot;&gt;&lt;ABS:Obs TIME=&quot;2001&quot; OBS_VALUE=&quot;17&quot; /&gt;&lt;ABS:Obs TIME=&quot;2002&quot; OBS_VALUE=&quot;15&quot; /&gt;&lt;ABS:Obs TIME=&quot;2003&quot; OBS_VALUE=&quot;17&quot; /&gt;&lt;ABS:Obs TIME=&quot;2004&quot; OBS_VALUE=&quot;17&quot; /&gt;&lt;ABS:Obs TIME=&quot;2005&quot; OBS_VALUE=&quot;16&quot; /&gt;&lt;ABS:Obs TIME=&quot;2006&quot; OBS_VALUE=&quot;16&quot; /&gt;&lt;ABS:Obs TIME=&quot;2007&quot; OBS_VALUE=&quot;18&quot; /&gt;&lt;ABS:Obs TIME=&quot;2008&quot; OBS_VALUE=&quot;17&quot; /&gt;&lt;ABS:Obs TIME=&quot;2009&quot; OBS_VALUE=&quot;18&quot; /&gt;&lt;ABS:Obs TIME=&quot;2010&quot; OBS_VALUE=&quot;18&quot; /&gt;&lt;ABS:Obs TIME=&quot;2011&quot; OBS_VALUE=&quot;22&quot; /&gt;&lt;ABS:Obs TIME=&quot;2012&quot; OBS_VALUE=&quot;22&quot; /&gt;&lt;ABS:Obs TIME=&quot;2013&quot; OBS_VALUE=&quot;23&quot; /&gt;&lt;ABS:Obs TIME=&quot;2014&quot; OBS_VALUE=&quot;21&quot; /&gt;&lt;ABS:Obs TIME=&quot;2015&quot; OBS_VALUE=&quot;25&quot; /&gt;&lt;ABS:Obs TIME=&quot;2016&quot; OBS_VALUE=&quot;26&quot; /&gt;&lt;ABS:Obs TIME=&quot;2017&quot; OBS_VALUE=&quot;23&quot; /&gt;&lt;ABS:Obs TIME=&quot;2018&quot; OBS_VALUE=&quot;21&quot; /&gt;&lt;/ABS:Series&gt;&lt;ABS:Series MEASURE=&quot;13&quot; INDIGENOUS_STATUS=&quot;IM&quot; ASGS_2011=&quot;5&quot; FREQUENCY=&quot;A&quot; TIME_FORMAT=&quot;P1Y&quot; UNIT=&quot;NUM&quot; POWERCODE=&quot;0&quot;&gt;&lt;ABS:Obs TIME=&quot;2001&quot; OBS_VALUE=&quot;1255&quot; /&gt;&lt;ABS:Obs TIME=&quot;2002&quot; OBS_VALUE=&quot;1122&quot; /&gt;&lt;ABS:Obs TIME=&quot;2003&quot; OBS_VALUE=&quot;1335&quot; /&gt;&lt;ABS:Obs TIME=&quot;2004&quot; OBS_VALUE=&quot;1354&quot; /&gt;&lt;ABS:Obs TIME=&quot;2005&quot; OBS_VALUE=&quot;1357&quot; /&gt;&lt;ABS:Obs TIME=&quot;2006&quot; OBS_VALUE=&quot;1446&quot; /&gt;&lt;ABS:Obs TIME=&quot;2007&quot; OBS_VALUE=&quot;1628&quot; /&gt;&lt;ABS:Obs TIME=&quot;2008&quot; OBS_VALUE=&quot;1916&quot; /&gt;&lt;ABS:Obs TIME=&quot;2009&quot; OBS_VALUE=&quot;1887&quot; /&gt;&lt;ABS:Obs TIME=&quot;2010&quot; OBS_VALUE=&quot;1793&quot; /&gt;&lt;ABS:Obs TIME=&quot;2011&quot; OBS_VALUE=&quot;1956&quot; /&gt;&lt;ABS:Obs TIME=&quot;2012&quot; OBS_VALUE=&quot;2032&quot; /&gt;&lt;ABS:Obs TIME=&quot;2013&quot; OBS_VALUE=&quot;2163&quot; /&gt;&lt;ABS:Obs TIME=&quot;2014&quot; OBS_VALUE=&quot;2230&quot; /&gt;&lt;ABS:Obs TIME=&quot;2015&quot; OBS_VALUE=&quot;2406&quot; /&gt;&lt;ABS:Obs TIME=&quot;2016&quot; OBS_VALUE=&quot;2181&quot; /&gt;&lt;ABS:Obs TIME=&quot;2017&quot; OBS_VALUE=&quot;2095&quot; /&gt;&lt;ABS:Obs TIME=&quot;2018&quot; OBS_VALUE=&quot;2072&quot; /&gt;&lt;/ABS:Series&gt;&lt;ABS:Series MEASURE=&quot;14&quot; INDIGENOUS_STATUS=&quot;IM&quot; ASGS_2011=&quot;5&quot; FREQUENCY=&quot;A&quot; TIME_FORMAT=&quot;P1Y&quot; UNIT=&quot;YEARS&quot; POWERCODE=&quot;0&quot;&gt;&lt;ABS:Obs TIME=&quot;2001&quot; OBS_VALUE=&quot;24.3&quot; /&gt;&lt;ABS:Obs TIME=&quot;2002&quot; OBS_VALUE=&quot;24.2&quot; /&gt;&lt;ABS:Obs TIME=&quot;2003&quot; OBS_VALUE=&quot;24.1&quot; /&gt;&lt;ABS:Obs TIME=&quot;2004&quot; OBS_VALUE=&quot;24.1&quot; /&gt;&lt;ABS:Obs TIME=&quot;2005&quot; OBS_VALUE=&quot;23.7&quot; /&gt;&lt;ABS:Obs TIME=&quot;2006&quot; OBS_VALUE=&quot;24&quot; /&gt;&lt;ABS:Obs TIME=&quot;2007&quot; OBS_VALUE=&quot;23.9&quot; /&gt;&lt;ABS:Obs TIME=&quot;2008&quot; OBS_VALUE=&quot;24.2&quot; /&gt;&lt;ABS:Obs TIME=&quot;2009&quot; OBS_VALUE=&quot;24.2&quot; /&gt;&lt;ABS:Obs TIME=&quot;2010&quot; OBS_VALUE=&quot;24.2&quot; /&gt;&lt;ABS:Obs TIME=&quot;2011
Inserting 414 obs
&lt;soap12:Envelope xmlns:xsi=&quot;http://www.w3.org/2001/XMLSchema-instance&quot; xmlns:xsd=&quot;http://www.w3.org/2001/XMLSchema&quot; xmlns:soap12=&quot;http://www.w3.org/2003/05/soap-envelope&quot;&gt;
  &lt;soap12:Body&gt;
    &lt;GetCompactData xmlns=&quot;http://stats.oecd.org/OECDStatWS/SDMX/&quot;&gt;
      &lt;QueryMessage&gt;&lt;message:QueryMessage xmlns:message=&quot;http://www.SDMX.org/resources/SDMXML/schemas/v2_0/message&quot;&gt;&lt;Header xmlns=&quot;http://www.SDMX.org/resources/SDMXML/schemas/v2_0/message&quot;&gt;&lt;message:ID&gt;none&lt;/message:ID&gt;&lt;message:Test&gt;false&lt;/message:Test&gt;&lt;message:Prepared&gt;2016-08-19T00:11:33+08:00&lt;/message:Prepared&gt;&lt;message:Sender id=&quot;Sdmx-Sax&quot; /&gt;&lt;message:Receiver id=&quot;ABS&quot; /&gt;&lt;/Header&gt;&lt;message:Query&gt;&lt;DataWhere xmlns=&quot;http://www.SDMX.org/resources/SDMXML/schemas/v2_0/query&quot;&gt;&lt;And&gt;&lt;DataSet&gt;ATSI_BIRTHS_SUMM&lt;/DataSet&gt;&lt;Time&gt;&lt;StartTime&gt;1000-02-01&lt;/StartTime&gt;&lt;EndTime&gt;2020-04-19&lt;/EndTime&gt;&lt;/Time&gt;&lt;Or&gt;&lt;Dimension id=&quot;INDIGENOUS_STATUS&quot;&gt;IM&lt;/Dimension&gt;&lt;Dimension id=&quot;INDIGENOUS_STATUS&quot;&gt;IM&lt;/Dimension&gt;&lt;Dimension id=&quot;INDIGENOUS_STATUS&quot;&gt;IB&lt;/Dimension&gt;&lt;/Or&gt;&lt;Or&gt;&lt;Dimension id=&quot;ASGS_2011&quot;&gt;6&lt;/Dimension&gt;&lt;/Or&gt;&lt;Or&gt;&lt;Dimension id=&quot;FREQUENCY&quot;&gt;A&lt;/Dimension&gt;&lt;/Or&gt;&lt;Or&gt;&lt;Dimension id=&quot;MEASURE&quot;&gt;1&lt;/Dimension&gt;&lt;Dimension id=&quot;MEASURE&quot;&gt;4&lt;/Dimension&gt;&lt;Dimension id=&quot;MEASURE&quot;&gt;5&lt;/Dimension&gt;&lt;Dimension id=&quot;MEASURE&quot;&gt;7&lt;/Dimension&gt;&lt;Dimension id=&quot;MEASURE&quot;&gt;8&lt;/Dimension&gt;&lt;Dimension id=&quot;MEASURE&quot;&gt;9&lt;/Dimension&gt;&lt;Dimension id=&quot;MEASURE&quot;&gt;10&lt;/Dimension&gt;&lt;Dimension id=&quot;MEASURE&quot;&gt;13&lt;/Dimension&gt;&lt;Dimension id=&quot;MEASURE&quot;&gt;14&lt;/Dimension&gt;&lt;Dimension id=&quot;MEASURE&quot;&gt;15&lt;/Dimension&gt;&lt;Dimension id=&quot;MEASURE&quot;&gt;18&lt;/Dimension&gt;&lt;Dimension id=&quot;MEASURE&quot;&gt;19&lt;/Dimension&gt;&lt;Dimension id=&quot;MEASURE&quot;&gt;20&lt;/Dimension&gt;&lt;/Or&gt;&lt;/And&gt;&lt;/DataWhere&gt;&lt;/message:Query&gt;&lt;/message:QueryMessage&gt;
&lt;/QueryMessage&gt;
&lt;/GetCompactData&gt;
&lt;/soap12:Body&gt;
&lt;/soap12:Envelope&gt;
Header=&lt;message:CompactData xmlns=&quot;http://www.SDMX.org/resources/SDMXML/schemas/v2_0/message&quot; xmlns:common=&quot;http://www.SDMX.org/resources/SDMXML/schemas/v2_0/common&quot; xmlns:compact=&quot;http://www.SDMX.org/resources/SDMXML/schemas/v2_0/compact&quot; xmlns:ABS=&quot;http://oecd.stat.org/Data&quot; xmlns:xsi=&quot;http://www.w3.org/2001/XMLSchema-instance&quot; xsi:schemaLocation=&quot;http://www.SDMX.org/resources/SDMXML/schemas/v2_0/message http://www.sdmx.org/docs/2_0/SDMXMessage.xsd http://oecd.stat.org/Data http://stat.data.abs.gov.au/restsdmx/sdmx.ashx/GetSchema/ATSI_BIRTHS_SUMM&quot; xmlns:message=&quot;http://www.SDMX.org/resources/SDMXML/schemas/v2_0/message&quot;&gt;&lt;Header&gt;&lt;ID&gt;none&lt;/ID&gt;&lt;Test&gt;false&lt;/Test&gt;&lt;Truncated&gt;false&lt;/Truncated&gt;&lt;Prepared&gt;2020-03-19T13:23:43&lt;/Prepared&gt;&lt;Sender id=&quot;ABS&quot;&gt;&lt;Name xml:lang=&quot;en&quot;&gt;Australian Bureau of Statistics&lt;/Name&gt;&lt;Name xml:lang=&quot;fr&quot;&gt;Australian Bureau of Statistics&lt;/Name&gt;&lt;/Sender&gt;&lt;/Header&gt;&lt;ABS:DataSet keyFamilyURI=&quot;http://stat.data.abs.gov.au/restsdmx/sdmx.ashx/GetKeyFamily/ATSI_BIRTHS_SUMM&quot; xmlns:ABS=&quot;http://oecd.stat.org/Data&quot;&gt;&lt;ABS:Series MEASURE=&quot;1&quot; INDIGENOUS_STATUS=&quot;IM&quot; ASGS_2011=&quot;6&quot; FREQUENCY=&quot;A&quot; TIME_FORMAT=&quot;P1Y&quot; UNIT=&quot;NUM&quot; POWERCODE=&quot;0&quot;&gt;&lt;ABS:Obs TIME=&quot;2001&quot; OBS_VALUE=&quot;266&quot; /&gt;&lt;ABS:Obs TIME=&quot;2002&quot; OBS_VALUE=&quot;237&quot; /&gt;&lt;ABS:Obs TIME=&quot;2003&quot; OBS_VALUE=&quot;217&quot; /&gt;&lt;ABS:Obs TIME=&quot;2004&quot; OBS_VALUE=&quot;200&quot; /&gt;&lt;ABS:Obs TIME=&quot;2005&quot; OBS_VALUE=&quot;243&quot; /&gt;&lt;ABS:Obs TIME=&quot;2006&quot; OBS_VALUE=&quot;229&quot; /&gt;&lt;ABS:Obs TIME=&quot;2007&quot; OBS_VALUE=&quot;182&quot; /&gt;&lt;ABS:Obs TIME=&quot;2008&quot; OBS_VALUE=&quot;232&quot; /&gt;&lt;ABS:Obs TIME=&quot;2009&quot; OBS_VALUE=&quot;218&quot; /&gt;&lt;ABS:Obs TIME=&quot;2010&quot; OBS_VALUE=&quot;278&quot; /&gt;&lt;ABS:Obs TIME=&quot;2011&quot; OBS_VALUE=&quot;290&quot; /&gt;&lt;ABS:Obs TIME=&quot;2012&quot; OBS_VALUE=&quot;341&quot; /&gt;&lt;ABS:Obs TIME=&quot;2013&quot; OBS_VALUE=&quot;314&quot; /&gt;&lt;ABS:Obs TIME=&quot;2014&quot; OBS_VALUE=&quot;325&quot; /&gt;&lt;ABS:Obs TIME=&quot;2015&quot; OBS_VALUE=&quot;301&quot; /&gt;&lt;ABS:Obs TIME=&quot;2016&quot; OBS_VALUE=&quot;339&quot; /&gt;&lt;ABS:Obs TIME=&quot;2017&quot; OBS_VALUE=&quot;371&quot; /&gt;&lt;ABS:Obs TIME=&quot;2018&quot; OBS_VALUE=&quot;332&quot; /&gt;&lt;/ABS:Series&gt;&lt;ABS:Series MEASURE=&quot;4&quot; INDIGENOUS_STATUS=&quot;IM&quot; ASGS_2011=&quot;6&quot; FREQUENCY=&quot;A&quot; TIME_FORMAT=&quot;P1Y&quot; UNIT=&quot;NUM&quot; POWERCODE=&quot;0&quot;&gt;&lt;ABS:Obs TIME=&quot;2001&quot; OBS_VALUE=&quot;151&quot; /&gt;&lt;ABS:Obs TIME=&quot;2002&quot; OBS_VALUE=&quot;132&quot; /&gt;&lt;ABS:Obs TIME=&quot;2003&quot; OBS_VALUE=&quot;113&quot; /&gt;&lt;ABS:Obs TIME=&quot;2004&quot; OBS_VALUE=&quot;111&quot; /&gt;&lt;ABS:Obs TIME=&quot;2005&quot; OBS_VALUE=&quot;117&quot; /&gt;&lt;ABS:Obs TIME=&quot;2006&quot; OBS_VALUE=&quot;101&quot; /&gt;&lt;ABS:Obs TIME=&quot;2007&quot; OBS_VALUE=&quot;97&quot; /&gt;&lt;ABS:Obs TIME=&quot;2008&quot; OBS_VALUE=&quot;123&quot; /&gt;&lt;ABS:Obs TIME=&quot;2009&quot; OBS_VALUE=&quot;104&quot; /&gt;&lt;ABS:Obs TIME=&quot;2010&quot; OBS_VALUE=&quot;138&quot; /&gt;&lt;ABS:Obs TIME=&quot;2011&quot; OBS_VALUE=&quot;151&quot; /&gt;&lt;ABS:Obs TIME=&quot;2012&quot; OBS_VALUE=&quot;160&quot; /&gt;&lt;ABS:Obs TIME=&quot;2013&quot; OBS_VALUE=&quot;156&quot; /&gt;&lt;ABS:Obs TIME=&quot;2014&quot; OBS_VALUE=&quot;168&quot; /&gt;&lt;ABS:Obs TIME=&quot;2015&quot; OBS_VALUE=&quot;153&quot; /&gt;&lt;ABS:Obs TIME=&quot;2016&quot; OBS_VALUE=&quot;185&quot; /&gt;&lt;ABS:Obs TIME=&quot;2017&quot; OBS_VALUE=&quot;197&quot; /&gt;&lt;ABS:Obs TIME=&quot;2018&quot; OBS_VALUE=&quot;169&quot; /&gt;&lt;/ABS:Series&gt;&lt;ABS:Series MEASURE=&quot;5&quot; INDIGENOUS_STATUS=&quot;IM&quot; ASGS_2011=&quot;6&quot; FREQUENCY=&quot;A&quot; TIME_FORMAT=&quot;P1Y&quot; UNIT=&quot;NUM&quot; POWERCODE=&quot;0&quot;&gt;&lt;ABS:Obs TIME=&quot;2001&quot; OBS_VALUE=&quot;115&quot; /&gt;&lt;ABS:Obs TIME=&quot;2002&quot; OBS_VALUE=&quot;105&quot; /&gt;&lt;ABS:Obs TIME=&quot;2003&quot; OBS_VALUE=&quot;104&quot; /&gt;&lt;ABS:Obs TIME=&quot;2004&quot; OBS_VALUE=&quot;89&quot; /&gt;&lt;ABS:Obs TIME=&quot;2005&quot; OBS_VALUE=&quot;126&quot; /&gt;&lt;ABS:Obs TIME=&quot;2006&quot; OBS_VALUE=&quot;128&quot; /&gt;&lt;ABS:Obs TIME=&quot;2007&quot; OBS_VALUE=&quot;85&quot; /&gt;&lt;ABS:Obs TIME=&quot;2008&quot; OBS_VALUE=&quot;109&quot; /&gt;&lt;ABS:Obs TIME=&quot;2009&quot; OBS_VALUE=&quot;114&quot; /&gt;&lt;ABS:Obs TIME=&quot;2010&quot; OBS_VALUE=&quot;140&quot; /&gt;&lt;ABS:Obs TIME=&quot;2011&quot; OBS_VALUE=&quot;139&quot; /&gt;&lt;ABS:Obs TIME=&quot;2012&quot; OBS_VALUE=&quot;181&quot; /&gt;&lt;ABS:Obs TIME=&quot;2013&quot; OBS_VALUE=&quot;158&quot; /&gt;&lt;ABS:Obs TIME=&quot;2014&quot; OBS_VALUE=&quot;157&quot; /&gt;&lt;ABS:Obs TIME=&quot;2015&quot; OBS_VALUE=&quot;148&quot; /&gt;&lt;ABS:Obs TIME=&quot;2016&quot; OBS_VALUE=&quot;154&quot; /&gt;&lt;ABS:Obs TIME=&quot;2017&quot; OBS_VALUE=&quot;174&quot; /&gt;&lt;ABS:Obs TIME=&quot;2018&quot; OBS_VALUE=&quot;163&quot; /&gt;&lt;/ABS:Series&gt;&lt;ABS:Series MEASURE=&quot;7&quot; INDIGENOUS_STATUS=&quot;IM&quot; ASGS_2011=&quot;6&quot; FREQUENCY=&quot;A&quot; TIME_FORMAT=&quot;P1Y&quot; UNIT=&quot;PCT&quot; POWERCODE=&quot;0&quot;&gt;&lt;ABS:Obs TIME=&quot;2001&quot; OBS_VALUE=&quot;30&quot; /&gt;&lt;ABS:Obs TIME=&quot;2002&quot; OBS_VALUE=&quot;29&quot; /&gt;&lt;ABS:Obs TIME=&quot;2003&quot; OBS_VALUE=&quot;29&quot; /&gt;&lt;ABS:Obs TIME=&quot;2004&quot; OBS_VALUE=&quot;26&quot; /&gt;&lt;ABS:Obs TIME=&quot;2005&quot; OBS_VALUE=&quot;27&quot; /&gt;&lt;ABS:Obs TIME=&quot;2006&quot; OBS_VALUE=&quot;25&quot; /&gt;&lt;ABS:Obs TIME=&quot;2007&quot; OBS_VALUE=&quot;24&quot; /&gt;&lt;ABS:Obs TIME=&quot;2008&quot; OBS_VALUE=&quot;18&quot; /&gt;&lt;ABS:Obs TIME=&quot;2009&quot; OBS_VALUE=&quot;20&quot; /&gt;&lt;ABS:Obs TIME=&quot;2010&quot; OBS_VALUE=&quot;18&quot; /&gt;&lt;ABS:Obs TIME=&quot;2011&quot; OBS_VALUE=&quot;21&quot; /&gt;&lt;ABS:Obs TIME=&quot;2012&quot; OBS_VALUE=&quot;23&quot; /&gt;&lt;ABS:Obs TIME=&quot;2013&quot; OBS_VALUE=&quot;28&quot; /&gt;&lt;ABS:Obs TIME=&quot;2014&quot; OBS_VALUE=&quot;21&quot; /&gt;&lt;ABS:Obs TIME=&quot;2015&quot; OBS_VALUE=&quot;22&quot; /&gt;&lt;ABS:Obs TIME=&quot;2016&quot; OBS_VALUE=&quot;18&quot; /&gt;&lt;ABS:Obs TIME=&quot;2017&quot; OBS_VALUE=&quot;24&quot; /&gt;&lt;ABS:Obs TIME=&quot;2018&quot; OBS_VALUE=&quot;15&quot; /&gt;&lt;/ABS:Series&gt;&lt;ABS:Series MEASURE=&quot;8&quot; INDIGENOUS_STATUS=&quot;IM&quot; ASGS_2011=&quot;6&quot; FREQUENCY=&quot;A&quot; TIME_FORMAT=&quot;P1Y&quot; UNIT=&quot;PCT&quot; POWERCODE=&quot;0&quot;&gt;&lt;ABS:Obs TIME=&quot;2001&quot; OBS_VALUE=&quot;70&quot; /&gt;&lt;ABS:Obs TIME=&quot;2002&quot; OBS_VALUE=&quot;71&quot; /&gt;&lt;ABS:Obs TIME=&quot;2003&quot; OBS_VALUE=&quot;71&quot; /&gt;&lt;ABS:Obs TIME=&quot;2004&quot; OBS_VALUE=&quot;74&quot; /&gt;&lt;ABS:Obs TIME=&quot;2005&quot; OBS_VALUE=&quot;73&quot; /&gt;&lt;ABS:Obs TIME=&quot;2006&quot; OBS_VALUE=&quot;75&quot; /&gt;&lt;ABS:Obs TIME=&quot;2007&quot; OBS_VALUE=&quot;76&quot; /&gt;&lt;ABS:Obs TIME=&quot;2008&quot; OBS_VALUE=&quot;82&quot; /&gt;&lt;ABS:Obs TIME=&quot;2009&quot; OBS_VALUE=&quot;80&quot; /&gt;&lt;ABS:Obs TIME=&quot;2010&quot; OBS_VALUE=&quot;82&quot; /&gt;&lt;ABS:Obs TIME=&quot;2011&quot; OBS_VALUE=&quot;79&quot; /&gt;&lt;ABS:Obs TIME=&quot;2012&quot; OBS_VALUE=&quot;77&quot; /&gt;&lt;ABS:Obs TIME=&quot;2013&quot; OBS_VALUE=&quot;72&quot; /&gt;&lt;ABS:Obs TIME=&quot;2014&quot; OBS_VALUE=&quot;79&quot; /&gt;&lt;ABS:Obs TIME=&quot;2015&quot; OBS_VALUE=&quot;78&quot; /&gt;&lt;ABS:Obs TIME=&quot;2016&quot; OBS_VALUE=&quot;82&quot; /&gt;&lt;ABS:Obs TIME=&quot;2017&quot; OBS_VALUE=&quot;76&quot; /&gt;&lt;ABS:Obs TIME=&quot;2018&quot; OBS_VALUE=&quot;85&quot; /&gt;&lt;/ABS:Series&gt;&lt;ABS:Series MEASURE=&quot;9&quot; INDIGENOUS_STATUS=&quot;IM&quot; ASGS_2011=&quot;6&quot; FREQUENCY=&quot;A&quot; TIME_FORMAT=&quot;P1Y&quot; UNIT=&quot;PCT&quot; POWERCODE=&quot;0&quot;&gt;&lt;ABS:Obs TIME=&quot;2001&quot; OBS_VALUE=&quot;64&quot; /&gt;&lt;ABS:Obs TIME=&quot;2002&quot; OBS_VALUE=&quot;65&quot; /&gt;&lt;ABS:Obs TIME=&quot;2003&quot; OBS_VALUE=&quot;64&quot; /&gt;&lt;ABS:Obs TIME=&quot;2004&quot; OBS_VALUE=&quot;70&quot; /&gt;&lt;ABS:Obs TIME=&quot;2005&quot; OBS_VALUE=&quot;68&quot; /&gt;&lt;ABS:Obs TIME=&quot;2006&quot; OBS_VALUE=&quot;69&quot; /&gt;&lt;ABS:Obs TIME=&quot;2007&quot; OBS_VALUE=&quot;70&quot; /&gt;&lt;ABS:Obs TIME=&quot;2008&quot; OBS_VALUE=&quot;72&quot; /&gt;&lt;ABS:Obs TIME=&quot;2009&quot; OBS_VALUE=&quot;75&quot; /&gt;&lt;ABS:Obs TIME=&quot;2010&quot; OBS_VALUE=&quot;76&quot; /&gt;&lt;ABS:Obs TIME=&quot;2011&quot; OBS_VALUE=&quot;73&quot; /&gt;&lt;ABS:Obs TIME=&quot;2012&quot; OBS_VALUE=&quot;69&quot; /&gt;&lt;ABS:Obs TIME=&quot;2013&quot; OBS_VALUE=&quot;67&quot; /&gt;&lt;ABS:Obs TIME=&quot;2014&quot; OBS_VALUE=&quot;71&quot; /&gt;&lt;ABS:Obs TIME=&quot;2015&quot; OBS_VALUE=&quot;72&quot; /&gt;&lt;ABS:Obs TIME=&quot;2016&quot; OBS_VALUE=&quot;74&quot; /&gt;&lt;ABS:Obs TIME=&quot;2017&quot; OBS_VALUE=&quot;70&quot; /&gt;&lt;ABS:Obs TIME=&quot;2018&quot; OBS_VALUE=&quot;79&quot; /&gt;&lt;/ABS:Series&gt;&lt;ABS:Series MEASURE=&quot;10&quot; INDIGENOUS_STATUS=&quot;IM&quot; ASGS_2011=&quot;6&quot; FREQUENCY=&quot;A&quot; TIME_FORMAT=&quot;P1Y&quot; UNIT=&quot;PCT&quot; POWERCODE=&quot;0&quot;&gt;&lt;ABS:Obs TIME=&quot;2001&quot; OBS_VALUE=&quot;6&quot; /&gt;&lt;ABS:Obs TIME=&quot;2002&quot; OBS_VALUE=&quot;5&quot; /&gt;&lt;ABS:Obs TIME=&quot;2003&quot; OBS_VALUE=&quot;7&quot; /&gt;&lt;ABS:Obs TIME=&quot;2004&quot; OBS_VALUE=&quot;5&quot; /&gt;&lt;ABS:Obs TIME=&quot;2005&quot; OBS_VALUE=&quot;5&quot; /&gt;&lt;ABS:Obs TIME=&quot;2006&quot; OBS_VALUE=&quot;6&quot; /&gt;&lt;ABS:Obs TIME=&quot;2007&quot; OBS_VALUE=&quot;7&quot; /&gt;&lt;ABS:Obs TIME=&quot;2008&quot; OBS_VALUE=&quot;9&quot; /&gt;&lt;ABS:Obs TIME=&quot;2009&quot; OBS_VALUE=&quot;6&quot; /&gt;&lt;ABS:Obs TIME=&quot;2010&quot; OBS_VALUE=&quot;5&quot; /&gt;&lt;ABS:Obs TIME=&quot;2011&quot; OBS_VALUE=&quot;7&quot; /&gt;&lt;ABS:Obs TIME=&quot;2012&quot; OBS_VALUE=&quot;8&quot; /&gt;&lt;ABS:Obs TIME=&quot;2013&quot; OBS_VALUE=&quot;5&quot; /&gt;&lt;ABS:Obs TIME=&quot;2014&quot; OBS_VALUE=&quot;7&quot; /&gt;&lt;ABS:Obs TIME=&quot;2015&quot; OBS_VALUE=&quot;6&quot; /&gt;&lt;ABS:Obs TIME=&quot;2016&quot; OBS_VALUE=&quot;8&quot; /&gt;&lt;ABS:Obs TIME=&quot;2017&quot; OBS_VALUE=&quot;6&quot; /&gt;&lt;ABS:Obs TIME=&quot;2018&quot; OBS_VALUE=&quot;6&quot; /&gt;&lt;/ABS:Series&gt;&lt;ABS:Series MEASURE=&quot;13&quot; INDIGENOUS_STATUS=&quot;IM&quot; ASGS_2011=&quot;6&quot; FREQUENCY=&quot;A&quot; TIME_FORMAT=&quot;P1Y&quot; UNIT=&quot;NUM&quot; POWERCODE=&quot;0&quot;&gt;&lt;ABS:Obs TIME=&quot;2001&quot; OBS_VALUE=&quot;263&quot; /&gt;&lt;ABS:Obs TIME=&quot;2002&quot; OBS_VALUE=&quot;233&quot; /&gt;&lt;ABS:Obs TIME=&quot;2003&quot; OBS_VALUE=&quot;211&quot; /&gt;&lt;ABS:Obs TIME=&quot;2004&quot; OBS_VALUE=&quot;194&quot; /&gt;&lt;ABS:Obs TIME=&quot;2005&quot; OBS_VALUE=&quot;240&quot; /&gt;&lt;ABS:Obs TIME=&quot;2006&quot; OBS_VALUE=&quot;226&quot; /&gt;&lt;ABS:Obs TIME=&quot;2007&quot; OBS_VALUE=&quot;180&quot; /&gt;&lt;ABS:Obs TIME=&quot;2008&quot; OBS_VALUE=&quot;226&quot; /&gt;&lt;ABS:Obs TIME=&quot;2009&quot; OBS_VALUE=&quot;216&quot; /&gt;&lt;ABS:Obs TIME=&quot;2010&quot; OBS_VALUE=&quot;278&quot; /&gt;&lt;ABS:Obs TIME=&quot;2011&quot; OBS_VALUE=&quot;289&quot; /&gt;&lt;ABS:Obs TIME=&quot;2012&quot; OBS_VALUE=&quot;341&quot; /&gt;&lt;ABS:Obs TIME=&quot;2013&quot; OBS_VALUE=&quot;309&quot; /&gt;&lt;ABS:Obs TIME=&quot;2014&quot; OBS_VALUE=&quot;323&quot; /&gt;&lt;ABS:Obs TIME=&quot;2015&quot; OBS_VALUE=&quot;298&quot; /&gt;&lt;ABS:Obs TIME=&quot;2016&quot; OBS_VALUE=&quot;333&quot; /&gt;&lt;ABS:Obs TIME=&quot;2017&quot; OBS_VALUE=&quot;363&quot; /&gt;&lt;ABS:Obs TIME=&quot;2018&quot; OBS_VALUE=&quot;327&quot; /&gt;&lt;/ABS:Series&gt;&lt;ABS:Series MEASURE=&quot;14&quot; INDIGENOUS_STATUS=&quot;IM&quot; ASGS_2011=&quot;6&quot; FREQUENCY=&quot;A&quot; TIME_FORMAT=&quot;P1Y&quot; UNIT=&quot;YEARS&quot; POWERCODE=&quot;0&quot;&gt;&lt;ABS:Obs TIME=&quot;2001&quot; OBS_VALUE=&quot;24.7&quot; /&gt;&lt;ABS:Obs TIME=&quot;2002&quot; OBS_VALUE=&quot;25.1&quot; /&gt;&lt;ABS:Obs TIME=&quot;2003&quot; OBS_VALUE=&quot;23.6&quot; /&gt;&lt;ABS:Obs TIME=&quot;2004&quot; OBS_VALUE=&quot;24.8&quot; /&gt;&lt;ABS:Obs TIME=&quot;2005&quot; OBS_VALUE=&quot;25.3&quot; /&gt;&lt;ABS:Obs TIME=&quot;2006&quot; OBS_VALUE=&quot;23.9&quot; /&gt;&lt;ABS:Obs TIME=&quot;2007&quot; OBS_VALUE=&quot;24.7&quot; /&gt;&lt;ABS:Obs TIME=&quot;2008&quot; OBS_VALUE=&quot;24.8&quot; /&gt;&lt;ABS:Obs TIME=&quot;2009&quot; OBS_VALUE=&quot;24.8&quot; /&gt;&lt;ABS:Obs TIME=&quot;2010&quot; OBS_VALUE=&quot;24.7&quot; /&gt;&lt;ABS:Obs TIME=&quot;2011&quot; OBS_VALUE=&quot;25.3&quot; /&gt;&lt;ABS:Obs TIME=&quot;2012&quot; OBS_VALUE=&quot;26
Inserting 414 obs
&lt;soap12:Envelope xmlns:xsi=&quot;http://www.w3.org/2001/XMLSchema-instance&quot; xmlns:xsd=&quot;http://www.w3.org/2001/XMLSchema&quot; xmlns:soap12=&quot;http://www.w3.org/2003/05/soap-envelope&quot;&gt;
  &lt;soap12:Body&gt;
    &lt;GetCompactData xmlns=&quot;http://stats.oecd.org/OECDStatWS/SDMX/&quot;&gt;
      &lt;QueryMessage&gt;&lt;message:QueryMessage xmlns:message=&quot;http://www.SDMX.org/resources/SDMXML/schemas/v2_0/message&quot;&gt;&lt;Header xmlns=&quot;http://www.SDMX.org/resources/SDMXML/schemas/v2_0/message&quot;&gt;&lt;message:ID&gt;none&lt;/message:ID&gt;&lt;message:Test&gt;false&lt;/message:Test&gt;&lt;message:Prepared&gt;2016-08-19T00:11:33+08:00&lt;/message:Prepared&gt;&lt;message:Sender id=&quot;Sdmx-Sax&quot; /&gt;&lt;message:Receiver id=&quot;ABS&quot; /&gt;&lt;/Header&gt;&lt;message:Query&gt;&lt;DataWhere xmlns=&quot;http://www.SDMX.org/resources/SDMXML/schemas/v2_0/query&quot;&gt;&lt;And&gt;&lt;DataSet&gt;ATSI_BIRTHS_SUMM&lt;/DataSet&gt;&lt;Time&gt;&lt;StartTime&gt;1000-02-01&lt;/StartTime&gt;&lt;EndTime&gt;2020-04-19&lt;/EndTime&gt;&lt;/Time&gt;&lt;Or&gt;&lt;Dimension id=&quot;INDIGENOUS_STATUS&quot;&gt;IM&lt;/Dimension&gt;&lt;Dimension id=&quot;INDIGENOUS_STATUS&quot;&gt;IM&lt;/Dimension&gt;&lt;Dimension id=&quot;INDIGENOUS_STATUS&quot;&gt;IB&lt;/Dimension&gt;&lt;/Or&gt;&lt;Or&gt;&lt;Dimension id=&quot;ASGS_2011&quot;&gt;7&lt;/Dimension&gt;&lt;/Or&gt;&lt;Or&gt;&lt;Dimension id=&quot;FREQUENCY&quot;&gt;A&lt;/Dimension&gt;&lt;/Or&gt;&lt;Or&gt;&lt;Dimension id=&quot;MEASURE&quot;&gt;1&lt;/Dimension&gt;&lt;Dimension id=&quot;MEASURE&quot;&gt;4&lt;/Dimension&gt;&lt;Dimension id=&quot;MEASURE&quot;&gt;5&lt;/Dimension&gt;&lt;Dimension id=&quot;MEASURE&quot;&gt;7&lt;/Dimension&gt;&lt;Dimension id=&quot;MEASURE&quot;&gt;8&lt;/Dimension&gt;&lt;Dimension id=&quot;MEASURE&quot;&gt;9&lt;/Dimension&gt;&lt;Dimension id=&quot;MEASURE&quot;&gt;10&lt;/Dimension&gt;&lt;Dimension id=&quot;MEASURE&quot;&gt;13&lt;/Dimension&gt;&lt;Dimension id=&quot;MEASURE&quot;&gt;14&lt;/Dimension&gt;&lt;Dimension id=&quot;MEASURE&quot;&gt;15&lt;/Dimension&gt;&lt;Dimension id=&quot;MEASURE&quot;&gt;18&lt;/Dimension&gt;&lt;Dimension id=&quot;MEASURE&quot;&gt;19&lt;/Dimension&gt;&lt;Dimension id=&quot;MEASURE&quot;&gt;20&lt;/Dimension&gt;&lt;/Or&gt;&lt;/And&gt;&lt;/DataWhere&gt;&lt;/message:Query&gt;&lt;/message:QueryMessage&gt;
&lt;/QueryMessage&gt;
&lt;/GetCompactData&gt;
&lt;/soap12:Body&gt;
&lt;/soap12:Envelope&gt;
Header=&lt;message:CompactData xmlns=&quot;http://www.SDMX.org/resources/SDMXML/schemas/v2_0/message&quot; xmlns:common=&quot;http://www.SDMX.org/resources/SDMXML/schemas/v2_0/common&quot; xmlns:compact=&quot;http://www.SDMX.org/resources/SDMXML/schemas/v2_0/compact&quot; xmlns:ABS=&quot;http://oecd.stat.org/Data&quot; xmlns:xsi=&quot;http://www.w3.org/2001/XMLSchema-instance&quot; xsi:schemaLocation=&quot;http://www.SDMX.org/resources/SDMXML/schemas/v2_0/message http://www.sdmx.org/docs/2_0/SDMXMessage.xsd http://oecd.stat.org/Data http://stat.data.abs.gov.au/restsdmx/sdmx.ashx/GetSchema/ATSI_BIRTHS_SUMM&quot; xmlns:message=&quot;http://www.SDMX.org/resources/SDMXML/schemas/v2_0/message&quot;&gt;&lt;Header&gt;&lt;ID&gt;none&lt;/ID&gt;&lt;Test&gt;false&lt;/Test&gt;&lt;Truncated&gt;false&lt;/Truncated&gt;&lt;Prepared&gt;2020-03-19T13:23:48&lt;/Prepared&gt;&lt;Sender id=&quot;ABS&quot;&gt;&lt;Name xml:lang=&quot;en&quot;&gt;Australian Bureau of Statistics&lt;/Name&gt;&lt;Name xml:lang=&quot;fr&quot;&gt;Australian Bureau of Statistics&lt;/Name&gt;&lt;/Sender&gt;&lt;/Header&gt;&lt;ABS:DataSet keyFamilyURI=&quot;http://stat.data.abs.gov.au/restsdmx/sdmx.ashx/GetKeyFamily/ATSI_BIRTHS_SUMM&quot; xmlns:ABS=&quot;http://oecd.stat.org/Data&quot;&gt;&lt;ABS:Series MEASURE=&quot;1&quot; INDIGENOUS_STATUS=&quot;IM&quot; ASGS_2011=&quot;7&quot; FREQUENCY=&quot;A&quot; TIME_FORMAT=&quot;P1Y&quot; UNIT=&quot;NUM&quot; POWERCODE=&quot;0&quot;&gt;&lt;ABS:Obs TIME=&quot;2001&quot; OBS_VALUE=&quot;1593&quot; /&gt;&lt;ABS:Obs TIME=&quot;2002&quot; OBS_VALUE=&quot;1456&quot; /&gt;&lt;ABS:Obs TIME=&quot;2003&quot; OBS_VALUE=&quot;1520&quot; /&gt;&lt;ABS:Obs TIME=&quot;2004&quot; OBS_VALUE=&quot;1415&quot; /&gt;&lt;ABS:Obs TIME=&quot;2005&quot; OBS_VALUE=&quot;1367&quot; /&gt;&lt;ABS:Obs TIME=&quot;2006&quot; OBS_VALUE=&quot;1459&quot; /&gt;&lt;ABS:Obs TIME=&quot;2007&quot; OBS_VALUE=&quot;1502&quot; /&gt;&lt;ABS:Obs TIME=&quot;2008&quot; OBS_VALUE=&quot;1431&quot; /&gt;&lt;ABS:Obs TIME=&quot;2009&quot; OBS_VALUE=&quot;1390&quot; /&gt;&lt;ABS:Obs TIME=&quot;2010&quot; OBS_VALUE=&quot;1439&quot; /&gt;&lt;ABS:Obs TIME=&quot;2011&quot; OBS_VALUE=&quot;1424&quot; /&gt;&lt;ABS:Obs TIME=&quot;2012&quot; OBS_VALUE=&quot;1442&quot; /&gt;&lt;ABS:Obs TIME=&quot;2013&quot; OBS_VALUE=&quot;1301&quot; /&gt;&lt;ABS:Obs TIME=&quot;2014&quot; OBS_VALUE=&quot;1334&quot; /&gt;&lt;ABS:Obs TIME=&quot;2015&quot; OBS_VALUE=&quot;1247&quot; /&gt;&lt;ABS:Obs TIME=&quot;2016&quot; OBS_VALUE=&quot;1247&quot; /&gt;&lt;ABS:Obs TIME=&quot;2017&quot; OBS_VALUE=&quot;1240&quot; /&gt;&lt;ABS:Obs TIME=&quot;2018&quot; OBS_VALUE=&quot;1508&quot; /&gt;&lt;/ABS:Series&gt;&lt;ABS:Series MEASURE=&quot;4&quot; INDIGENOUS_STATUS=&quot;IM&quot; ASGS_2011=&quot;7&quot; FREQUENCY=&quot;A&quot; TIME_FORMAT=&quot;P1Y&quot; UNIT=&quot;NUM&quot; POWERCODE=&quot;0&quot;&gt;&lt;ABS:Obs TIME=&quot;2001&quot; OBS_VALUE=&quot;836&quot; /&gt;&lt;ABS:Obs TIME=&quot;2002&quot; OBS_VALUE=&quot;745&quot; /&gt;&lt;ABS:Obs TIME=&quot;2003&quot; OBS_VALUE=&quot;803&quot; /&gt;&lt;ABS:Obs TIME=&quot;2004&quot; OBS_VALUE=&quot;732&quot; /&gt;&lt;ABS:Obs TIME=&quot;2005&quot; OBS_VALUE=&quot;708&quot; /&gt;&lt;ABS:Obs TIME=&quot;2006&quot; OBS_VALUE=&quot;729&quot; /&gt;&lt;ABS:Obs TIME=&quot;2007&quot; OBS_VALUE=&quot;797&quot; /&gt;&lt;ABS:Obs TIME=&quot;2008&quot; OBS_VALUE=&quot;747&quot; /&gt;&lt;ABS:Obs TIME=&quot;2009&quot; OBS_VALUE=&quot;722&quot; /&gt;&lt;ABS:Obs TIME=&quot;2010&quot; OBS_VALUE=&quot;744&quot; /&gt;&lt;ABS:Obs TIME=&quot;2011&quot; OBS_VALUE=&quot;711&quot; /&gt;&lt;ABS:Obs TIME=&quot;2012&quot; OBS_VALUE=&quot;739&quot; /&gt;&lt;ABS:Obs TIME=&quot;2013&quot; OBS_VALUE=&quot;653&quot; /&gt;&lt;ABS:Obs TIME=&quot;2014&quot; OBS_VALUE=&quot;702&quot; /&gt;&lt;ABS:Obs TIME=&quot;2015&quot; OBS_VALUE=&quot;675&quot; /&gt;&lt;ABS:Obs TIME=&quot;2016&quot; OBS_VALUE=&quot;638&quot; /&gt;&lt;ABS:Obs TIME=&quot;2017&quot; OBS_VALUE=&quot;652&quot; /&gt;&lt;ABS:Obs TIME=&quot;2018&quot; OBS_VALUE=&quot;775&quot; /&gt;&lt;/ABS:Series&gt;&lt;ABS:Series MEASURE=&quot;5&quot; INDIGENOUS_STATUS=&quot;IM&quot; ASGS_2011=&quot;7&quot; FREQUENCY=&quot;A&quot; TIME_FORMAT=&quot;P1Y&quot; UNIT=&quot;NUM&quot; POWERCODE=&quot;0&quot;&gt;&lt;ABS:Obs TIME=&quot;2001&quot; OBS_VALUE=&quot;757&quot; /&gt;&lt;ABS:Obs TIME=&quot;2002&quot; OBS_VALUE=&quot;711&quot; /&gt;&lt;ABS:Obs TIME=&quot;2003&quot; OBS_VALUE=&quot;717&quot; /&gt;&lt;ABS:Obs TIME=&quot;2004&quot; OBS_VALUE=&quot;683&quot; /&gt;&lt;ABS:Obs TIME=&quot;2005&quot; OBS_VALUE=&quot;659&quot; /&gt;&lt;ABS:Obs TIME=&quot;2006&quot; OBS_VALUE=&quot;730&quot; /&gt;&lt;ABS:Obs TIME=&quot;2007&quot; OBS_VALUE=&quot;705&quot; /&gt;&lt;ABS:Obs TIME=&quot;2008&quot; OBS_VALUE=&quot;684&quot; /&gt;&lt;ABS:Obs TIME=&quot;2009&quot; OBS_VALUE=&quot;668&quot; /&gt;&lt;ABS:Obs TIME=&quot;2010&quot; OBS_VALUE=&quot;695&quot; /&gt;&lt;ABS:Obs TIME=&quot;2011&quot; OBS_VALUE=&quot;713&quot; /&gt;&lt;ABS:Obs TIME=&quot;2012&quot; OBS_VALUE=&quot;703&quot; /&gt;&lt;ABS:Obs TIME=&quot;2013&quot; OBS_VALUE=&quot;648&quot; /&gt;&lt;ABS:Obs TIME=&quot;2014&quot; OBS_VALUE=&quot;632&quot; /&gt;&lt;ABS:Obs TIME=&quot;2015&quot; OBS_VALUE=&quot;572&quot; /&gt;&lt;ABS:Obs TIME=&quot;2016&quot; OBS_VALUE=&quot;609&quot; /&gt;&lt;ABS:Obs TIME=&quot;2017&quot; OBS_VALUE=&quot;588&quot; /&gt;&lt;ABS:Obs TIME=&quot;2018&quot; OBS_VALUE=&quot;733&quot; /&gt;&lt;/ABS:Series&gt;&lt;ABS:Series MEASURE=&quot;7&quot; INDIGENOUS_STATUS=&quot;IM&quot; ASGS_2011=&quot;7&quot; FREQUENCY=&quot;A&quot; TIME_FORMAT=&quot;P1Y&quot; UNIT=&quot;PCT&quot; POWERCODE=&quot;0&quot;&gt;&lt;ABS:Obs TIME=&quot;2001&quot; OBS_VALUE=&quot;4&quot; /&gt;&lt;ABS:Obs TIME=&quot;2002&quot; OBS_VALUE=&quot;3&quot; /&gt;&lt;ABS:Obs TIME=&quot;2003&quot; OBS_VALUE=&quot;3&quot; /&gt;&lt;ABS:Obs TIME=&quot;2004&quot; OBS_VALUE=&quot;3&quot; /&gt;&lt;ABS:Obs TIME=&quot;2005&quot; OBS_VALUE=&quot;2&quot; /&gt;&lt;ABS:Obs TIME=&quot;2006&quot; OBS_VALUE=&quot;4&quot; /&gt;&lt;ABS:Obs TIME=&quot;2007&quot; OBS_VALUE=&quot;3&quot; /&gt;&lt;ABS:Obs TIME=&quot;2008&quot; OBS_VALUE=&quot;4&quot; /&gt;&lt;ABS:Obs TIME=&quot;2009&quot; OBS_VALUE=&quot;3&quot; /&gt;&lt;ABS:Obs TIME=&quot;2010&quot; OBS_VALUE=&quot;4&quot; /&gt;&lt;ABS:Obs TIME=&quot;2011&quot; OBS_VALUE=&quot;4&quot; /&gt;&lt;ABS:Obs TIME=&quot;2012&quot; OBS_VALUE=&quot;4&quot; /&gt;&lt;ABS:Obs TIME=&quot;2013&quot; OBS_VALUE=&quot;4&quot; /&gt;&lt;ABS:Obs TIME=&quot;2014&quot; OBS_VALUE=&quot;3&quot; /&gt;&lt;ABS:Obs TIME=&quot;2015&quot; OBS_VALUE=&quot;4&quot; /&gt;&lt;ABS:Obs TIME=&quot;2016&quot; OBS_VALUE=&quot;5&quot; /&gt;&lt;ABS:Obs TIME=&quot;2017&quot; OBS_VALUE=&quot;4&quot; /&gt;&lt;ABS:Obs TIME=&quot;2018&quot; OBS_VALUE=&quot;4&quot; /&gt;&lt;/ABS:Series&gt;&lt;ABS:Series MEASURE=&quot;8&quot; INDIGENOUS_STATUS=&quot;IM&quot; ASGS_2011=&quot;7&quot; FREQUENCY=&quot;A&quot; TIME_FORMAT=&quot;P1Y&quot; UNIT=&quot;PCT&quot; POWERCODE=&quot;0&quot;&gt;&lt;ABS:Obs TIME=&quot;2001&quot; OBS_VALUE=&quot;96&quot; /&gt;&lt;ABS:Obs TIME=&quot;2002&quot; OBS_VALUE=&quot;97&quot; /&gt;&lt;ABS:Obs TIME=&quot;2003&quot; OBS_VALUE=&quot;97&quot; /&gt;&lt;ABS:Obs TIME=&quot;2004&quot; OBS_VALUE=&quot;97&quot; /&gt;&lt;ABS:Obs TIME=&quot;2005&quot; OBS_VALUE=&quot;98&quot; /&gt;&lt;ABS:Obs TIME=&quot;2006&quot; OBS_VALUE=&quot;96&quot; /&gt;&lt;ABS:Obs TIME=&quot;2007&quot; OBS_VALUE=&quot;97&quot; /&gt;&lt;ABS:Obs TIME=&quot;2008&quot; OBS_VALUE=&quot;96&quot; /&gt;&lt;ABS:Obs TIME=&quot;2009&quot; OBS_VALUE=&quot;97&quot; /&gt;&lt;ABS:Obs TIME=&quot;2010&quot; OBS_VALUE=&quot;96&quot; /&gt;&lt;ABS:Obs TIME=&quot;2011&quot; OBS_VALUE=&quot;96&quot; /&gt;&lt;ABS:Obs TIME=&quot;2012&quot; OBS_VALUE=&quot;96&quot; /&gt;&lt;ABS:Obs TIME=&quot;2013&quot; OBS_VALUE=&quot;96&quot; /&gt;&lt;ABS:Obs TIME=&quot;2014&quot; OBS_VALUE=&quot;97&quot; /&gt;&lt;ABS:Obs TIME=&quot;2015&quot; OBS_VALUE=&quot;96&quot; /&gt;&lt;ABS:Obs TIME=&quot;2016&quot; OBS_VALUE=&quot;95&quot; /&gt;&lt;ABS:Obs TIME=&quot;2017&quot; OBS_VALUE=&quot;96&quot; /&gt;&lt;ABS:Obs TIME=&quot;2018&quot; OBS_VALUE=&quot;96&quot; /&gt;&lt;/ABS:Series&gt;&lt;ABS:Series MEASURE=&quot;9&quot; INDIGENOUS_STATUS=&quot;IM&quot; ASGS_2011=&quot;7&quot; FREQUENCY=&quot;A&quot; TIME_FORMAT=&quot;P1Y&quot; UNIT=&quot;PCT&quot; POWERCODE=&quot;0&quot;&gt;&lt;ABS:Obs TIME=&quot;2001&quot; OBS_VALUE=&quot;47&quot; /&gt;&lt;ABS:Obs TIME=&quot;2002&quot; OBS_VALUE=&quot;48&quot; /&gt;&lt;ABS:Obs TIME=&quot;2003&quot; OBS_VALUE=&quot;47&quot; /&gt;&lt;ABS:Obs TIME=&quot;2004&quot; OBS_VALUE=&quot;49&quot; /&gt;&lt;ABS:Obs TIME=&quot;2005&quot; OBS_VALUE=&quot;49&quot; /&gt;&lt;ABS:Obs TIME=&quot;2006&quot; OBS_VALUE=&quot;49&quot; /&gt;&lt;ABS:Obs TIME=&quot;2007&quot; OBS_VALUE=&quot;53&quot; /&gt;&lt;ABS:Obs TIME=&quot;2008&quot; OBS_VALUE=&quot;61&quot; /&gt;&lt;ABS:Obs TIME=&quot;2009&quot; OBS_VALUE=&quot;56&quot; /&gt;&lt;ABS:Obs TIME=&quot;2010&quot; OBS_VALUE=&quot;58&quot; /&gt;&lt;ABS:Obs TIME=&quot;2011&quot; OBS_VALUE=&quot;61&quot; /&gt;&lt;ABS:Obs TIME=&quot;2012&quot; OBS_VALUE=&quot;63&quot; /&gt;&lt;ABS:Obs TIME=&quot;2013&quot; OBS_VALUE=&quot;62&quot; /&gt;&lt;ABS:Obs TIME=&quot;2014&quot; OBS_VALUE=&quot;54&quot; /&gt;&lt;ABS:Obs TIME=&quot;2015&quot; OBS_VALUE=&quot;52&quot; /&gt;&lt;ABS:Obs TIME=&quot;2016&quot; OBS_VALUE=&quot;51&quot; /&gt;&lt;ABS:Obs TIME=&quot;2017&quot; OBS_VALUE=&quot;57&quot; /&gt;&lt;ABS:Obs TIME=&quot;2018&quot; OBS_VALUE=&quot;46&quot; /&gt;&lt;/ABS:Series&gt;&lt;ABS:Series MEASURE=&quot;10&quot; INDIGENOUS_STATUS=&quot;IM&quot; ASGS_2011=&quot;7&quot; FREQUENCY=&quot;A&quot; TIME_FORMAT=&quot;P1Y&quot; UNIT=&quot;PCT&quot; POWERCODE=&quot;0&quot;&gt;&lt;ABS:Obs TIME=&quot;2001&quot; OBS_VALUE=&quot;49&quot; /&gt;&lt;ABS:Obs TIME=&quot;2002&quot; OBS_VALUE=&quot;49&quot; /&gt;&lt;ABS:Obs TIME=&quot;2003&quot; OBS_VALUE=&quot;50&quot; /&gt;&lt;ABS:Obs TIME=&quot;2004&quot; OBS_VALUE=&quot;48&quot; /&gt;&lt;ABS:Obs TIME=&quot;2005&quot; OBS_VALUE=&quot;49&quot; /&gt;&lt;ABS:Obs TIME=&quot;2006&quot; OBS_VALUE=&quot;47&quot; /&gt;&lt;ABS:Obs TIME=&quot;2007&quot; OBS_VALUE=&quot;43&quot; /&gt;&lt;ABS:Obs TIME=&quot;2008&quot; OBS_VALUE=&quot;35&quot; /&gt;&lt;ABS:Obs TIME=&quot;2009&quot; OBS_VALUE=&quot;41&quot; /&gt;&lt;ABS:Obs TIME=&quot;2010&quot; OBS_VALUE=&quot;38&quot; /&gt;&lt;ABS:Obs TIME=&quot;2011&quot; OBS_VALUE=&quot;35&quot; /&gt;&lt;ABS:Obs TIME=&quot;2012&quot; OBS_VALUE=&quot;33&quot; /&gt;&lt;ABS:Obs TIME=&quot;2013&quot; OBS_VALUE=&quot;34&quot; /&gt;&lt;ABS:Obs TIME=&quot;2014&quot; OBS_VALUE=&quot;42&quot; /&gt;&lt;ABS:Obs TIME=&quot;2015&quot; OBS_VALUE=&quot;44&quot; /&gt;&lt;ABS:Obs TIME=&quot;2016&quot; OBS_VALUE=&quot;44&quot; /&gt;&lt;ABS:Obs TIME=&quot;2017&quot; OBS_VALUE=&quot;39&quot; /&gt;&lt;ABS:Obs TIME=&quot;2018&quot; OBS_VALUE=&quot;50&quot; /&gt;&lt;/ABS:Series&gt;&lt;ABS:Series MEASURE=&quot;13&quot; INDIGENOUS_STATUS=&quot;IM&quot; ASGS_2011=&quot;7&quot; FREQUENCY=&quot;A&quot; TIME_FORMAT=&quot;P1Y&quot; UNIT=&quot;NUM&quot; POWERCODE=&quot;0&quot;&gt;&lt;ABS:Obs TIME=&quot;2001&quot; OBS_VALUE=&quot;1579&quot; /&gt;&lt;ABS:Obs TIME=&quot;2002&quot; OBS_VALUE=&quot;1439&quot; /&gt;&lt;ABS:Obs TIME=&quot;2003&quot; OBS_VALUE=&quot;1511&quot; /&gt;&lt;ABS:Obs TIME=&quot;2004&quot; OBS_VALUE=&quot;1407&quot; /&gt;&lt;ABS:Obs TIME=&quot;2005&quot; OBS_VALUE=&quot;1356&quot; /&gt;&lt;ABS:Obs TIME=&quot;2006&quot; OBS_VALUE=&quot;1447&quot; /&gt;&lt;ABS:Obs TIME=&quot;2007&quot; OBS_VALUE=&quot;1487&quot; /&gt;&lt;ABS:Obs TIME=&quot;2008&quot; OBS_VALUE=&quot;1416&quot; /&gt;&lt;ABS:Obs TIME=&quot;2009&quot; OBS_VALUE=&quot;1372&quot; /&gt;&lt;ABS:Obs TIME=&quot;2010&quot; OBS_VALUE=&quot;1416&quot; /&gt;&lt;ABS:Obs TIME=&quot;2011&quot; OBS_VALUE=&quot;1401&quot; /&gt;&lt;ABS:Obs TIME=&quot;2012&quot; OBS_VALUE=&quot;1432&quot; /&gt;&lt;ABS:Obs TIME=&quot;2013&quot; OBS_VALUE=&quot;1289&quot; /&gt;&lt;ABS:Obs TIME=&quot;2014&quot; OBS_VALUE=&quot;1319&quot; /&gt;&lt;ABS:Obs TIME=&quot;2015&quot; OBS_VALUE=&quot;1231&quot; /&gt;&lt;ABS:Obs TIME=&quot;2016&quot; OBS_VALUE=&quot;1230&quot; /&gt;&lt;ABS:Obs TIME=&quot;2017&quot; OBS_VALUE=&quot;1228&quot; /&gt;&lt;ABS:Obs TIME=&quot;2018&quot; OBS_VALUE=&quot;1493&quot; /&gt;&lt;/ABS:Series&gt;&lt;ABS:Series MEASURE=&quot;14&quot; INDIGENOUS_STATUS=&quot;IM&quot; ASGS_2011=&quot;7&quot; FREQUENCY=&quot;A&quot; TIME_FORMAT=&quot;P1Y&quot; UNIT=&quot;YEARS&quot; POWERCODE=&quot;0&quot;&gt;&lt;ABS:Obs TIME=&quot;2001&quot; OBS_VALUE=&quot;24&quot; /&gt;&lt;ABS:Obs TIME=&quot;2002&quot; OBS_VALUE=&quot;23.7&quot; /&gt;&lt;ABS:Obs TIME=&quot;2003&quot; OBS_VALUE=&quot;23.8&quot; /&gt;&lt;ABS:Obs TIME=&quot;2004&quot; OBS_VALUE=&quot;24&quot; /&gt;&lt;ABS:Obs TIME=&quot;2005&quot; OBS_VALUE=&quot;23.7&quot; /&gt;&lt;ABS:Obs TIME=&quot;2006&quot; OBS_VALUE=&quot;23.7&quot; /&gt;&lt;ABS:Obs TIME=&quot;2007&quot; OBS_VALUE=&quot;23.7&quot; /&gt;&lt;ABS:Obs TIME=&quot;2008&quot; OBS_VALUE=&quot;24.1&quot; /&gt;&lt;ABS:Obs TIME=&quot;2009&quot; OBS_VALUE=&quot;24.1&quot; /&gt;&lt;ABS:Obs TIME=&quot;2010&quot; OBS_VALUE=&quot;24.3&quot; /&gt;&lt;ABS:Obs TIME=&quot;2011&quot; OBS_VALUE=&quot;24.6&quot; /
Inserting 414 obs
&lt;soap12:Envelope xmlns:xsi=&quot;http://www.w3.org/2001/XMLSchema-instance&quot; xmlns:xsd=&quot;http://www.w3.org/2001/XMLSchema&quot; xmlns:soap12=&quot;http://www.w3.org/2003/05/soap-envelope&quot;&gt;
  &lt;soap12:Body&gt;
    &lt;GetCompactData xmlns=&quot;http://stats.oecd.org/OECDStatWS/SDMX/&quot;&gt;
      &lt;QueryMessage&gt;&lt;message:QueryMessage xmlns:message=&quot;http://www.SDMX.org/resources/SDMXML/schemas/v2_0/message&quot;&gt;&lt;Header xmlns=&quot;http://www.SDMX.org/resources/SDMXML/schemas/v2_0/message&quot;&gt;&lt;message:ID&gt;none&lt;/message:ID&gt;&lt;message:Test&gt;false&lt;/message:Test&gt;&lt;message:Prepared&gt;2016-08-19T00:11:33+08:00&lt;/message:Prepared&gt;&lt;message:Sender id=&quot;Sdmx-Sax&quot; /&gt;&lt;message:Receiver id=&quot;ABS&quot; /&gt;&lt;/Header&gt;&lt;message:Query&gt;&lt;DataWhere xmlns=&quot;http://www.SDMX.org/resources/SDMXML/schemas/v2_0/query&quot;&gt;&lt;And&gt;&lt;DataSet&gt;ATSI_BIRTHS_SUMM&lt;/DataSet&gt;&lt;Time&gt;&lt;StartTime&gt;1000-02-01&lt;/StartTime&gt;&lt;EndTime&gt;2020-04-19&lt;/EndTime&gt;&lt;/Time&gt;&lt;Or&gt;&lt;Dimension id=&quot;INDIGENOUS_STATUS&quot;&gt;IB&lt;/Dimension&gt;&lt;Dimension id=&quot;INDIGENOUS_STATUS&quot;&gt;IM&lt;/Dimension&gt;&lt;Dimension id=&quot;INDIGENOUS_STATUS&quot;&gt;IB&lt;/Dimension&gt;&lt;/Or&gt;&lt;Or&gt;&lt;Dimension id=&quot;ASGS_2011&quot;&gt;0&lt;/Dimension&gt;&lt;/Or&gt;&lt;Or&gt;&lt;Dimension id=&quot;FREQUENCY&quot;&gt;A&lt;/Dimension&gt;&lt;/Or&gt;&lt;Or&gt;&lt;Dimension id=&quot;MEASURE&quot;&gt;1&lt;/Dimension&gt;&lt;Dimension id=&quot;MEASURE&quot;&gt;4&lt;/Dimension&gt;&lt;Dimension id=&quot;MEASURE&quot;&gt;5&lt;/Dimension&gt;&lt;Dimension id=&quot;MEASURE&quot;&gt;7&lt;/Dimension&gt;&lt;Dimension id=&quot;MEASURE&quot;&gt;8&lt;/Dimension&gt;&lt;Dimension id=&quot;MEASURE&quot;&gt;9&lt;/Dimension&gt;&lt;Dimension id=&quot;MEASURE&quot;&gt;10&lt;/Dimension&gt;&lt;Dimension id=&quot;MEASURE&quot;&gt;13&lt;/Dimension&gt;&lt;Dimension id=&quot;MEASURE&quot;&gt;14&lt;/Dimension&gt;&lt;Dimension id=&quot;MEASURE&quot;&gt;15&lt;/Dimension&gt;&lt;Dimension id=&quot;MEASURE&quot;&gt;18&lt;/Dimension&gt;&lt;Dimension id=&quot;MEASURE&quot;&gt;19&lt;/Dimension&gt;&lt;Dimension id=&quot;MEASURE&quot;&gt;20&lt;/Dimension&gt;&lt;/Or&gt;&lt;/And&gt;&lt;/DataWhere&gt;&lt;/message:Query&gt;&lt;/message:QueryMessage&gt;
&lt;/QueryMessage&gt;
&lt;/GetCompactData&gt;
&lt;/soap12:Body&gt;
&lt;/soap12:Envelope&gt;
Header=&lt;message:CompactData xmlns=&quot;http://www.SDMX.org/resources/SDMXML/schemas/v2_0/message&quot; xmlns:common=&quot;http://www.SDMX.org/resources/SDMXML/schemas/v2_0/common&quot; xmlns:compact=&quot;http://www.SDMX.org/resources/SDMXML/schemas/v2_0/compact&quot; xmlns:ABS=&quot;http://oecd.stat.org/Data&quot; xmlns:xsi=&quot;http://www.w3.org/2001/XMLSchema-instance&quot; xsi:schemaLocation=&quot;http://www.SDMX.org/resources/SDMXML/schemas/v2_0/message http://www.sdmx.org/docs/2_0/SDMXMessage.xsd http://oecd.stat.org/Data http://stat.data.abs.gov.au/restsdmx/sdmx.ashx/GetSchema/ATSI_BIRTHS_SUMM&quot; xmlns:message=&quot;http://www.SDMX.org/resources/SDMXML/schemas/v2_0/message&quot;&gt;&lt;Header&gt;&lt;ID&gt;none&lt;/ID&gt;&lt;Test&gt;false&lt;/Test&gt;&lt;Truncated&gt;false&lt;/Truncated&gt;&lt;Prepared&gt;2020-03-19T13:23:53&lt;/Prepared&gt;&lt;Sender id=&quot;ABS&quot;&gt;&lt;Name xml:lang=&quot;en&quot;&gt;Australian Bureau of Statistics&lt;/Name&gt;&lt;Name xml:lang=&quot;fr&quot;&gt;Australian Bureau of Statistics&lt;/Name&gt;&lt;/Sender&gt;&lt;/Header&gt;&lt;ABS:DataSet keyFamilyURI=&quot;http://stat.data.abs.gov.au/restsdmx/sdmx.ashx/GetKeyFamily/ATSI_BIRTHS_SUMM&quot; xmlns:ABS=&quot;http://oecd.stat.org/Data&quot;&gt;&lt;ABS:Series MEASURE=&quot;1&quot; INDIGENOUS_STATUS=&quot;IM&quot; ASGS_2011=&quot;0&quot; FREQUENCY=&quot;A&quot; TIME_FORMAT=&quot;P1Y&quot; UNIT=&quot;NUM&quot; POWERCODE=&quot;0&quot;&gt;&lt;ABS:Obs TIME=&quot;2001&quot; OBS_VALUE=&quot;8334&quot; /&gt;&lt;ABS:Obs TIME=&quot;2002&quot; OBS_VALUE=&quot;8292&quot; /&gt;&lt;ABS:Obs TIME=&quot;2003&quot; OBS_VALUE=&quot;8567&quot; /&gt;&lt;ABS:Obs TIME=&quot;2004&quot; OBS_VALUE=&quot;8599&quot; /&gt;&lt;ABS:Obs TIME=&quot;2005&quot; OBS_VALUE=&quot;9058&quot; /&gt;&lt;ABS:Obs TIME=&quot;2006&quot; OBS_VALUE=&quot;9387&quot; /&gt;&lt;ABS:Obs TIME=&quot;2007&quot; OBS_VALUE=&quot;11021&quot; /&gt;&lt;ABS:Obs TIME=&quot;2008&quot; OBS_VALUE=&quot;11776&quot; /&gt;&lt;ABS:Obs TIME=&quot;2009&quot; OBS_VALUE=&quot;12426&quot; /&gt;&lt;ABS:Obs TIME=&quot;2010&quot; OBS_VALUE=&quot;12860&quot; /&gt;&lt;ABS:Obs TIME=&quot;2011&quot; OBS_VALUE=&quot;12874&quot; /&gt;&lt;ABS:Obs TIME=&quot;2012&quot; OBS_VALUE=&quot;13092&quot; /&gt;&lt;ABS:Obs TIME=&quot;2013&quot; OBS_VALUE=&quot;13171&quot; /&gt;&lt;ABS:Obs TIME=&quot;2014&quot; OBS_VALUE=&quot;12768&quot; /&gt;&lt;ABS:Obs TIME=&quot;2015&quot; OBS_VALUE=&quot;13439&quot; /&gt;&lt;ABS:Obs TIME=&quot;2016&quot; OBS_VALUE=&quot;13192&quot; /&gt;&lt;ABS:Obs TIME=&quot;2017&quot; OBS_VALUE=&quot;14371&quot; /&gt;&lt;ABS:Obs TIME=&quot;2018&quot; OBS_VALUE=&quot;15372&quot; /&gt;&lt;/ABS:Series&gt;&lt;ABS:Series MEASURE=&quot;4&quot; INDIGENOUS_STATUS=&quot;IM&quot; ASGS_2011=&quot;0&quot; FREQUENCY=&quot;A&quot; TIME_FORMAT=&quot;P1Y&quot; UNIT=&quot;NUM&quot; POWERCODE=&quot;0&quot;&gt;&lt;ABS:Obs TIME=&quot;2001&quot; OBS_VALUE=&quot;4279&quot; /&gt;&lt;ABS:Obs TIME=&quot;2002&quot; OBS_VALUE=&quot;4269&quot; /&gt;&lt;ABS:Obs TIME=&quot;2003&quot; OBS_VALUE=&quot;4354&quot; /&gt;&lt;ABS:Obs TIME=&quot;2004&quot; OBS_VALUE=&quot;4456&quot; /&gt;&lt;ABS:Obs TIME=&quot;2005&quot; OBS_VALUE=&quot;4639&quot; /&gt;&lt;ABS:Obs TIME=&quot;2006&quot; OBS_VALUE=&quot;4717&quot; /&gt;&lt;ABS:Obs TIME=&quot;2007&quot; OBS_VALUE=&quot;5695&quot; /&gt;&lt;ABS:Obs TIME=&quot;2008&quot; OBS_VALUE=&quot;6074&quot; /&gt;&lt;ABS:Obs TIME=&quot;2009&quot; OBS_VALUE=&quot;6377&quot; /&gt;&lt;ABS:Obs TIME=&quot;2010&quot; OBS_VALUE=&quot;6737&quot; /&gt;&lt;ABS:Obs TIME=&quot;2011&quot; OBS_VALUE=&quot;6558&quot; /&gt;&lt;ABS:Obs TIME=&quot;2012&quot; OBS_VALUE=&quot;6688&quot; /&gt;&lt;ABS:Obs TIME=&quot;2013&quot; OBS_VALUE=&quot;6853&quot; /&gt;&lt;ABS:Obs TIME=&quot;2014&quot; OBS_VALUE=&quot;6648&quot; /&gt;&lt;ABS:Obs TIME=&quot;2015&quot; OBS_VALUE=&quot;6816&quot; /&gt;&lt;ABS:Obs TIME=&quot;2016&quot; OBS_VALUE=&quot;6804&quot; /&gt;&lt;ABS:Obs TIME=&quot;2017&quot; OBS_VALUE=&quot;7403&quot; /&gt;&lt;ABS:Obs TIME=&quot;2018&quot; OBS_VALUE=&quot;7875&quot; /&gt;&lt;/ABS:Series&gt;&lt;ABS:Series MEASURE=&quot;5&quot; INDIGENOUS_STATUS=&quot;IM&quot; ASGS_2011=&quot;0&quot; FREQUENCY=&quot;A&quot; TIME_FORMAT=&quot;P1Y&quot; UNIT=&quot;NUM&quot; POWERCODE=&quot;0&quot;&gt;&lt;ABS:Obs TIME=&quot;2001&quot; OBS_VALUE=&quot;4055&quot; /&gt;&lt;ABS:Obs TIME=&quot;2002&quot; OBS_VALUE=&quot;4023&quot; /&gt;&lt;ABS:Obs TIME=&quot;2003&quot; OBS_VALUE=&quot;4213&quot; /&gt;&lt;ABS:Obs TIME=&quot;2004&quot; OBS_VALUE=&quot;4143&quot; /&gt;&lt;ABS:Obs TIME=&quot;2005&quot; OBS_VALUE=&quot;4419&quot; /&gt;&lt;ABS:Obs TIME=&quot;2006&quot; OBS_VALUE=&quot;4670&quot; /&gt;&lt;ABS:Obs TIME=&quot;2007&quot; OBS_VALUE=&quot;5326&quot; /&gt;&lt;ABS:Obs TIME=&quot;2008&quot; OBS_VALUE=&quot;5702&quot; /&gt;&lt;ABS:Obs TIME=&quot;2009&quot; OBS_VALUE=&quot;6049&quot; /&gt;&lt;ABS:Obs TIME=&quot;2010&quot; OBS_VALUE=&quot;6123&quot; /&gt;&lt;ABS:Obs TIME=&quot;2011&quot; OBS_VALUE=&quot;6316&quot; /&gt;&lt;ABS:Obs TIME=&quot;2012&quot; OBS_VALUE=&quot;6404&quot; /&gt;&lt;ABS:Obs TIME=&quot;2013&quot; OBS_VALUE=&quot;6318&quot; /&gt;&lt;ABS:Obs TIME=&quot;2014&quot; OBS_VALUE=&quot;6120&quot; /&gt;&lt;ABS:Obs TIME=&quot;2015&quot; OBS_VALUE=&quot;6623&quot; /&gt;&lt;ABS:Obs TIME=&quot;2016&quot; OBS_VALUE=&quot;6388&quot; /&gt;&lt;ABS:Obs TIME=&quot;2017&quot; OBS_VALUE=&quot;6968&quot; /&gt;&lt;ABS:Obs TIME=&quot;2018&quot; OBS_VALUE=&quot;7497&quot; /&gt;&lt;/ABS:Series&gt;&lt;ABS:Series MEASURE=&quot;7&quot; INDIGENOUS_STATUS=&quot;IM&quot; ASGS_2011=&quot;0&quot; FREQUENCY=&quot;A&quot; TIME_FORMAT=&quot;P1Y&quot; UNIT=&quot;PCT&quot; POWERCODE=&quot;0&quot;&gt;&lt;ABS:Obs TIME=&quot;2001&quot; OBS_VALUE=&quot;14&quot; /&gt;&lt;ABS:Obs TIME=&quot;2002&quot; OBS_VALUE=&quot;14&quot; /&gt;&lt;ABS:Obs TIME=&quot;2003&quot; OBS_VALUE=&quot;14&quot; /&gt;&lt;ABS:Obs TIME=&quot;2004&quot; OBS_VALUE=&quot;13&quot; /&gt;&lt;ABS:Obs TIME=&quot;2005&quot; OBS_VALUE=&quot;14&quot; /&gt;&lt;ABS:Obs TIME=&quot;2006&quot; OBS_VALUE=&quot;13&quot; /&gt;&lt;ABS:Obs TIME=&quot;2007&quot; OBS_VALUE=&quot;15&quot; /&gt;&lt;ABS:Obs TIME=&quot;2008&quot; OBS_VALUE=&quot;12&quot; /&gt;&lt;ABS:Obs TIME=&quot;2009&quot; OBS_VALUE=&quot;11&quot; /&gt;&lt;ABS:Obs TIME=&quot;2010&quot; OBS_VALUE=&quot;12&quot; /&gt;&lt;ABS:Obs TIME=&quot;2011&quot; OBS_VALUE=&quot;12&quot; /&gt;&lt;ABS:Obs TIME=&quot;2012&quot; OBS_VALUE=&quot;12&quot; /&gt;&lt;ABS:Obs TIME=&quot;2013&quot; OBS_VALUE=&quot;13&quot; /&gt;&lt;ABS:Obs TIME=&quot;2014&quot; OBS_VALUE=&quot;13&quot; /&gt;&lt;ABS:Obs TIME=&quot;2015&quot; OBS_VALUE=&quot;12&quot; /&gt;&lt;ABS:Obs TIME=&quot;2016&quot; OBS_VALUE=&quot;14&quot; /&gt;&lt;ABS:Obs TIME=&quot;2017&quot; OBS_VALUE=&quot;13&quot; /&gt;&lt;ABS:Obs TIME=&quot;2018&quot; OBS_VALUE=&quot;13&quot; /&gt;&lt;/ABS:Series&gt;&lt;ABS:Series MEASURE=&quot;8&quot; INDIGENOUS_STATUS=&quot;IM&quot; ASGS_2011=&quot;0&quot; FREQUENCY=&quot;A&quot; TIME_FORMAT=&quot;P1Y&quot; UNIT=&quot;PCT&quot; POWERCODE=&quot;0&quot;&gt;&lt;ABS:Obs TIME=&quot;2001&quot; OBS_VALUE=&quot;86&quot; /&gt;&lt;ABS:Obs TIME=&quot;2002&quot; OBS_VALUE=&quot;86&quot; /&gt;&lt;ABS:Obs TIME=&quot;2003&quot; OBS_VALUE=&quot;86&quot; /&gt;&lt;ABS:Obs TIME=&quot;2004&quot; OBS_VALUE=&quot;87&quot; /&gt;&lt;ABS:Obs TIME=&quot;2005&quot; OBS_VALUE=&quot;86&quot; /&gt;&lt;ABS:Obs TIME=&quot;2006&quot; OBS_VALUE=&quot;87&quot; /&gt;&lt;ABS:Obs TIME=&quot;2007&quot; OBS_VALUE=&quot;85&quot; /&gt;&lt;ABS:Obs TIME=&quot;2008&quot; OBS_VALUE=&quot;88&quot; /&gt;&lt;ABS:Obs TIME=&quot;2009&quot; OBS_VALUE=&quot;89&quot; /&gt;&lt;ABS:Obs TIME=&quot;2010&quot; OBS_VALUE=&quot;88&quot; /&gt;&lt;ABS:Obs TIME=&quot;2011&quot; OBS_VALUE=&quot;88&quot; /&gt;&lt;ABS:Obs TIME=&quot;2012&quot; OBS_VALUE=&quot;88&quot; /&gt;&lt;ABS:Obs TIME=&quot;2013&quot; OBS_VALUE=&quot;87&quot; /&gt;&lt;ABS:Obs TIME=&quot;2014&quot; OBS_VALUE=&quot;87&quot; /&gt;&lt;ABS:Obs TIME=&quot;2015&quot; OBS_VALUE=&quot;88&quot; /&gt;&lt;ABS:Obs TIME=&quot;2016&quot; OBS_VALUE=&quot;86&quot; /&gt;&lt;ABS:Obs TIME=&quot;2017&quot; OBS_VALUE=&quot;87&quot; /&gt;&lt;ABS:Obs TIME=&quot;2018&quot; OBS_VALUE=&quot;87&quot; /&gt;&lt;/ABS:Series&gt;&lt;ABS:Series MEASURE=&quot;9&quot; INDIGENOUS_STATUS=&quot;IM&quot; ASGS_2011=&quot;0&quot; FREQUENCY=&quot;A&quot; TIME_FORMAT=&quot;P1Y&quot; UNIT=&quot;PCT&quot; POWERCODE=&quot;0&quot;&gt;&lt;ABS:Obs TIME=&quot;2001&quot; OBS_VALUE=&quot;64&quot; /&gt;&lt;ABS:Obs TIME=&quot;2002&quot; OBS_VALUE=&quot;64&quot; /&gt;&lt;ABS:Obs TIME=&quot;2003&quot; OBS_VALUE=&quot;63&quot; /&gt;&lt;ABS:Obs TIME=&quot;2004&quot; OBS_VALUE=&quot;66&quot; /&gt;&lt;ABS:Obs TIME=&quot;2005&quot; OBS_VALUE=&quot;68&quot; /&gt;&lt;ABS:Obs TIME=&quot;2006&quot; OBS_VALUE=&quot;68&quot; /&gt;&lt;ABS:Obs TIME=&quot;2007&quot; OBS_VALUE=&quot;67&quot; /&gt;&lt;ABS:Obs TIME=&quot;2008&quot; OBS_VALUE=&quot;71&quot; /&gt;&lt;ABS:Obs TIME=&quot;2009&quot; OBS_VALUE=&quot;67&quot; /&gt;&lt;ABS:Obs TIME=&quot;2010&quot; OBS_VALUE=&quot;68&quot; /&gt;&lt;ABS:Obs TIME=&quot;2011&quot; OBS_VALUE=&quot;68&quot; /&gt;&lt;ABS:Obs TIME=&quot;2012&quot; OBS_VALUE=&quot;69&quot; /&gt;&lt;ABS:Obs TIME=&quot;2013&quot; OBS_VALUE=&quot;69&quot; /&gt;&lt;ABS:Obs TIME=&quot;2014&quot; OBS_VALUE=&quot;68&quot; /&gt;&lt;ABS:Obs TIME=&quot;2015&quot; OBS_VALUE=&quot;67&quot; /&gt;&lt;ABS:Obs TIME=&quot;2016&quot; OBS_VALUE=&quot;67&quot; /&gt;&lt;ABS:Obs TIME=&quot;2017&quot; OBS_VALUE=&quot;67&quot; /&gt;&lt;ABS:Obs TIME=&quot;2018&quot; OBS_VALUE=&quot;64&quot; /&gt;&lt;/ABS:Series&gt;&lt;ABS:Series MEASURE=&quot;10&quot; INDIGENOUS_STATUS=&quot;IM&quot; ASGS_2011=&quot;0&quot; FREQUENCY=&quot;A&quot; TIME_FORMAT=&quot;P1Y&quot; UNIT=&quot;PCT&quot; POWERCODE=&quot;0&quot;&gt;&lt;ABS:Obs TIME=&quot;2001&quot; OBS_VALUE=&quot;22&quot; /&gt;&lt;ABS:Obs TIME=&quot;2002&quot; OBS_VALUE=&quot;22&quot; /&gt;&lt;ABS:Obs TIME=&quot;2003&quot; OBS_VALUE=&quot;23&quot; /&gt;&lt;ABS:Obs TIME=&quot;2004&quot; OBS_VALUE=&quot;21&quot; /&gt;&lt;ABS:Obs TIME=&quot;2005&quot; OBS_VALUE=&quot;19&quot; /&gt;&lt;ABS:Obs TIME=&quot;2006&quot; OBS_VALUE=&quot;19&quot; /&gt;&lt;ABS:Obs TIME=&quot;2007&quot; OBS_VALUE=&quot;18&quot; /&gt;&lt;ABS:Obs TIME=&quot;2008&quot; OBS_VALUE=&quot;17&quot; /&gt;&lt;ABS:Obs TIME=&quot;2009&quot; OBS_VALUE=&quot;21&quot; /&gt;&lt;ABS:Obs TIME=&quot;2010&quot; OBS_VALUE=&quot;20&quot; /&gt;&lt;ABS:Obs TIME=&quot;2011&quot; OBS_VALUE=&quot;20&quot; /&gt;&lt;ABS:Obs TIME=&quot;2012&quot; OBS_VALUE=&quot;19&quot; /&gt;&lt;ABS:Obs TIME=&quot;2013&quot; OBS_VALUE=&quot;18&quot; /&gt;&lt;ABS:Obs TIME=&quot;2014&quot; OBS_VALUE=&quot;20&quot; /&gt;&lt;ABS:Obs TIME=&quot;2015&quot; OBS_VALUE=&quot;20&quot; /&gt;&lt;ABS:Obs TIME=&quot;2016&quot; OBS_VALUE=&quot;19&quot; /&gt;&lt;ABS:Obs TIME=&quot;2017&quot; OBS_VALUE=&quot;20&quot; /&gt;&lt;ABS:Obs TIME=&quot;2018&quot; OBS_VALUE=&quot;22&quot; /&gt;&lt;/ABS:Series&gt;&lt;ABS:Series MEASURE=&quot;13&quot; INDIGENOUS_STATUS=&quot;IM&quot; ASGS_2011=&quot;0&quot; FREQUENCY=&quot;A&quot; TIME_FORMAT=&quot;P1Y&quot; UNIT=&quot;NUM&quot; POWERCODE=&quot;0&quot;&gt;&lt;ABS:Obs TIME=&quot;2001&quot; OBS_VALUE=&quot;8231&quot; /&gt;&lt;ABS:Obs TIME=&quot;2002&quot; OBS_VALUE=&quot;8182&quot; /&gt;&lt;ABS:Obs TIME=&quot;2003&quot; OBS_VALUE=&quot;8457&quot; /&gt;&lt;ABS:Obs TIME=&quot;2004&quot; OBS_VALUE=&quot;8510&quot; /&gt;&lt;ABS:Obs TIME=&quot;2005&quot; OBS_VALUE=&quot;8946&quot; /&gt;&lt;ABS:Obs TIME=&quot;2006&quot; OBS_VALUE=&quot;9277&quot; /&gt;&lt;ABS:Obs TIME=&quot;2007&quot; OBS_VALUE=&quot;10899&quot; /&gt;&lt;ABS:Obs TIME=&quot;2008&quot; OBS_VALUE=&quot;11630&quot; /&gt;&lt;ABS:Obs TIME=&quot;2009&quot; OBS_VALUE=&quot;12289&quot; /&gt;&lt;ABS:Obs TIME=&quot;2010&quot; OBS_VALUE=&quot;12708&quot; /&gt;&lt;ABS:Obs TIME=&quot;2011&quot; OBS_VALUE=&quot;12715&quot; /&gt;&lt;ABS:Obs TIME=&quot;2012&quot; OBS_VALUE=&quot;12946&quot; /&gt;&lt;ABS:Obs TIME=&quot;2013&quot; OBS_VALUE=&quot;13005&quot; /&gt;&lt;ABS:Obs TIME=&quot;2014&quot; OBS_VALUE=&quot;12627&quot; /&gt;&lt;ABS:Obs TIME=&quot;2015&quot; OBS_VALUE=&quot;13258&quot; /&gt;&lt;ABS:Obs TIME=&quot;2016&quot; OBS_VALUE=&quot;13025&quot; /&gt;&lt;ABS:Obs TIME=&quot;2017&quot; OBS_VALUE=&quot;14165&quot; /&gt;&lt;ABS:Obs TIME=&quot;2018&quot; OBS_VALUE=&quot;15154&quot; /&gt;&lt;/ABS:Series&gt;&lt;ABS:Series MEASURE=&quot;14&quot; INDIGENOUS_STATUS=&quot;IM&quot; ASGS_2011=&quot;0&quot; FREQUENCY=&quot;A&quot; TIME_FORMAT=&quot;P1Y&quot; UNIT=&quot;YEARS&quot; POWERCODE=&quot;0&quot;&gt;&lt;ABS:Obs TIME=&quot;2001&quot; OBS_VALUE=&quot;24.7&quot; /&gt;&lt;ABS:Obs TIME=&quot;2002&quot; OBS_VALUE=&quot;24.6&quot; /&gt;&lt;ABS:Obs TIME=&quot;2003&quot; OBS_VALUE=&quot;24.6&quot; /&gt;&lt;ABS:Obs TIME=&quot;2004&quot; OBS_VALUE=&quot;24.6&quot; /&gt;&lt;ABS:Obs TIME=&quot;2005&quot; OBS_VALUE=&quot;24.5&quot; /&gt;&lt;ABS:Obs TIME=&quot;2006&quot; OBS_VALUE=&quot;24.6&quot; /&gt;&lt;ABS:Obs TIME=&quot;2007&quot; OBS_VALUE=&quot;24.7&quot; /&gt;&lt;ABS:Obs TIME=&quot;2008&quot; OBS_VALUE=&quot;24.6&quot; /&gt;&lt;ABS:Obs TIME=&quot;2009&quot; OBS_VALUE=&quot;24.5&quot;
Inserting 414 obs
&lt;soap12:Envelope xmlns:xsi=&quot;http://www.w3.org/2001/XMLSchema-instance&quot; xmlns:xsd=&quot;http://www.w3.org/2001/XMLSchema&quot; xmlns:soap12=&quot;http://www.w3.org/2003/05/soap-envelope&quot;&gt;
  &lt;soap12:Body&gt;
    &lt;GetCompactData xmlns=&quot;http://stats.oecd.org/OECDStatWS/SDMX/&quot;&gt;
      &lt;QueryMessage&gt;&lt;message:QueryMessage xmlns:message=&quot;http://www.SDMX.org/resources/SDMXML/schemas/v2_0/message&quot;&gt;&lt;Header xmlns=&quot;http://www.SDMX.org/resources/SDMXML/schemas/v2_0/message&quot;&gt;&lt;message:ID&gt;none&lt;/message:ID&gt;&lt;message:Test&gt;false&lt;/message:Test&gt;&lt;message:Prepared&gt;2016-08-19T00:11:33+08:00&lt;/message:Prepared&gt;&lt;message:Sender id=&quot;Sdmx-Sax&quot; /&gt;&lt;message:Receiver id=&quot;ABS&quot; /&gt;&lt;/Header&gt;&lt;message:Query&gt;&lt;DataWhere xmlns=&quot;http://www.SDMX.org/resources/SDMXML/schemas/v2_0/query&quot;&gt;&lt;And&gt;&lt;DataSet&gt;ATSI_BIRTHS_SUMM&lt;/DataSet&gt;&lt;Time&gt;&lt;StartTime&gt;1000-02-01&lt;/StartTime&gt;&lt;EndTime&gt;2020-04-19&lt;/EndTime&gt;&lt;/Time&gt;&lt;Or&gt;&lt;Dimension id=&quot;INDIGENOUS_STATUS&quot;&gt;IB&lt;/Dimension&gt;&lt;Dimension id=&quot;INDIGENOUS_STATUS&quot;&gt;IM&lt;/Dimension&gt;&lt;Dimension id=&quot;INDIGENOUS_STATUS&quot;&gt;IB&lt;/Dimension&gt;&lt;/Or&gt;&lt;Or&gt;&lt;Dimension id=&quot;ASGS_2011&quot;&gt;1&lt;/Dimension&gt;&lt;/Or&gt;&lt;Or&gt;&lt;Dimension id=&quot;FREQUENCY&quot;&gt;A&lt;/Dimension&gt;&lt;/Or&gt;&lt;Or&gt;&lt;Dimension id=&quot;MEASURE&quot;&gt;1&lt;/Dimension&gt;&lt;Dimension id=&quot;MEASURE&quot;&gt;4&lt;/Dimension&gt;&lt;Dimension id=&quot;MEASURE&quot;&gt;5&lt;/Dimension&gt;&lt;Dimension id=&quot;MEASURE&quot;&gt;7&lt;/Dimension&gt;&lt;Dimension id=&quot;MEASURE&quot;&gt;8&lt;/Dimension&gt;&lt;Dimension id=&quot;MEASURE&quot;&gt;9&lt;/Dimension&gt;&lt;Dimension id=&quot;MEASURE&quot;&gt;10&lt;/Dimension&gt;&lt;Dimension id=&quot;MEASURE&quot;&gt;13&lt;/Dimension&gt;&lt;Dimension id=&quot;MEASURE&quot;&gt;14&lt;/Dimension&gt;&lt;Dimension id=&quot;MEASURE&quot;&gt;15&lt;/Dimension&gt;&lt;Dimension id=&quot;MEASURE&quot;&gt;18&lt;/Dimension&gt;&lt;Dimension id=&quot;MEASURE&quot;&gt;19&lt;/Dimension&gt;&lt;Dimension id=&quot;MEASURE&quot;&gt;20&lt;/Dimension&gt;&lt;/Or&gt;&lt;/And&gt;&lt;/DataWhere&gt;&lt;/message:Query&gt;&lt;/message:QueryMessage&gt;
&lt;/QueryMessage&gt;
&lt;/GetCompactData&gt;
&lt;/soap12:Body&gt;
&lt;/soap12:Envelope&gt;
Header=&lt;message:CompactData xmlns=&quot;http://www.SDMX.org/resources/SDMXML/schemas/v2_0/message&quot; xmlns:common=&quot;http://www.SDMX.org/resources/SDMXML/schemas/v2_0/common&quot; xmlns:compact=&quot;http://www.SDMX.org/resources/SDMXML/schemas/v2_0/compact&quot; xmlns:ABS=&quot;http://oecd.stat.org/Data&quot; xmlns:xsi=&quot;http://www.w3.org/2001/XMLSchema-instance&quot; xsi:schemaLocation=&quot;http://www.SDMX.org/resources/SDMXML/schemas/v2_0/message http://www.sdmx.org/docs/2_0/SDMXMessage.xsd http://oecd.stat.org/Data http://stat.data.abs.gov.au/restsdmx/sdmx.ashx/GetSchema/ATSI_BIRTHS_SUMM&quot; xmlns:message=&quot;http://www.SDMX.org/resources/SDMXML/schemas/v2_0/message&quot;&gt;&lt;Header&gt;&lt;ID&gt;none&lt;/ID&gt;&lt;Test&gt;false&lt;/Test&gt;&lt;Truncated&gt;false&lt;/Truncated&gt;&lt;Prepared&gt;2020-03-19T13:23:59&lt;/Prepared&gt;&lt;Sender id=&quot;ABS&quot;&gt;&lt;Name xml:lang=&quot;en&quot;&gt;Australian Bureau of Statistics&lt;/Name&gt;&lt;Name xml:lang=&quot;fr&quot;&gt;Australian Bureau of Statistics&lt;/Name&gt;&lt;/Sender&gt;&lt;/Header&gt;&lt;ABS:DataSet keyFamilyURI=&quot;http://stat.data.abs.gov.au/restsdmx/sdmx.ashx/GetKeyFamily/ATSI_BIRTHS_SUMM&quot; xmlns:ABS=&quot;http://oecd.stat.org/Data&quot;&gt;&lt;ABS:Series MEASURE=&quot;1&quot; INDIGENOUS_STATUS=&quot;IM&quot; ASGS_2011=&quot;1&quot; FREQUENCY=&quot;A&quot; TIME_FORMAT=&quot;P1Y&quot; UNIT=&quot;NUM&quot; POWERCODE=&quot;0&quot;&gt;&lt;ABS:Obs TIME=&quot;2001&quot; OBS_VALUE=&quot;2009&quot; /&gt;&lt;ABS:Obs TIME=&quot;2002&quot; OBS_VALUE=&quot;2149&quot; /&gt;&lt;ABS:Obs TIME=&quot;2003&quot; OBS_VALUE=&quot;2076&quot; /&gt;&lt;ABS:Obs TIME=&quot;2004&quot; OBS_VALUE=&quot;2290&quot; /&gt;&lt;ABS:Obs TIME=&quot;2005&quot; OBS_VALUE=&quot;2454&quot; /&gt;&lt;ABS:Obs TIME=&quot;2006&quot; OBS_VALUE=&quot;2772&quot; /&gt;&lt;ABS:Obs TIME=&quot;2007&quot; OBS_VALUE=&quot;3221&quot; /&gt;&lt;ABS:Obs TIME=&quot;2008&quot; OBS_VALUE=&quot;3411&quot; /&gt;&lt;ABS:Obs TIME=&quot;2009&quot; OBS_VALUE=&quot;3477&quot; /&gt;&lt;ABS:Obs TIME=&quot;2010&quot; OBS_VALUE=&quot;3844&quot; /&gt;&lt;ABS:Obs TIME=&quot;2011&quot; OBS_VALUE=&quot;3749&quot; /&gt;&lt;ABS:Obs TIME=&quot;2012&quot; OBS_VALUE=&quot;3586&quot; /&gt;&lt;ABS:Obs TIME=&quot;2013&quot; OBS_VALUE=&quot;3917&quot; /&gt;&lt;ABS:Obs TIME=&quot;2014&quot; OBS_VALUE=&quot;3320&quot; /&gt;&lt;ABS:Obs TIME=&quot;2015&quot; OBS_VALUE=&quot;4046&quot; /&gt;&lt;ABS:Obs TIME=&quot;2016&quot; OBS_VALUE=&quot;3856&quot; /&gt;&lt;ABS:Obs TIME=&quot;2017&quot; OBS_VALUE=&quot;4027&quot; /&gt;&lt;ABS:Obs TIME=&quot;2018&quot; OBS_VALUE=&quot;4912&quot; /&gt;&lt;/ABS:Series&gt;&lt;ABS:Series MEASURE=&quot;4&quot; INDIGENOUS_STATUS=&quot;IM&quot; ASGS_2011=&quot;1&quot; FREQUENCY=&quot;A&quot; TIME_FORMAT=&quot;P1Y&quot; UNIT=&quot;NUM&quot; POWERCODE=&quot;0&quot;&gt;&lt;ABS:Obs TIME=&quot;2001&quot; OBS_VALUE=&quot;1039&quot; /&gt;&lt;ABS:Obs TIME=&quot;2002&quot; OBS_VALUE=&quot;1120&quot; /&gt;&lt;ABS:Obs TIME=&quot;2003&quot; OBS_VALUE=&quot;1023&quot; /&gt;&lt;ABS:Obs TIME=&quot;2004&quot; OBS_VALUE=&quot;1244&quot; /&gt;&lt;ABS:Obs TIME=&quot;2005&quot; OBS_VALUE=&quot;1250&quot; /&gt;&lt;ABS:Obs TIME=&quot;2006&quot; OBS_VALUE=&quot;1426&quot; /&gt;&lt;ABS:Obs TIME=&quot;2007&quot; OBS_VALUE=&quot;1660&quot; /&gt;&lt;ABS:Obs TIME=&quot;2008&quot; OBS_VALUE=&quot;1754&quot; /&gt;&lt;ABS:Obs TIME=&quot;2009&quot; OBS_VALUE=&quot;1763&quot; /&gt;&lt;ABS:Obs TIME=&quot;2010&quot; OBS_VALUE=&quot;2029&quot; /&gt;&lt;ABS:Obs TIME=&quot;2011&quot; OBS_VALUE=&quot;1946&quot; /&gt;&lt;ABS:Obs TIME=&quot;2012&quot; OBS_VALUE=&quot;1809&quot; /&gt;&lt;ABS:Obs TIME=&quot;2013&quot; OBS_VALUE=&quot;2084&quot; /&gt;&lt;ABS:Obs TIME=&quot;2014&quot; OBS_VALUE=&quot;1756&quot; /&gt;&lt;ABS:Obs TIME=&quot;2015&quot; OBS_VALUE=&quot;2008&quot; /&gt;&lt;ABS:Obs TIME=&quot;2016&quot; OBS_VALUE=&quot;1955&quot; /&gt;&lt;ABS:Obs TIME=&quot;2017&quot; OBS_VALUE=&quot;2062&quot; /&gt;&lt;ABS:Obs TIME=&quot;2018&quot; OBS_VALUE=&quot;2487&quot; /&gt;&lt;/ABS:Series&gt;&lt;ABS:Series MEASURE=&quot;5&quot; INDIGENOUS_STATUS=&quot;IM&quot; ASGS_2011=&quot;1&quot; FREQUENCY=&quot;A&quot; TIME_FORMAT=&quot;P1Y&quot; UNIT=&quot;NUM&quot; POWERCODE=&quot;0&quot;&gt;&lt;ABS:Obs TIME=&quot;2001&quot; OBS_VALUE=&quot;970&quot; /&gt;&lt;ABS:Obs TIME=&quot;2002&quot; OBS_VALUE=&quot;1029&quot; /&gt;&lt;ABS:Obs TIME=&quot;2003&quot; OBS_VALUE=&quot;1053&quot; /&gt;&lt;ABS:Obs TIME=&quot;2004&quot; OBS_VALUE=&quot;1046&quot; /&gt;&lt;ABS:Obs TIME=&quot;2005&quot; OBS_VALUE=&quot;1204&quot; /&gt;&lt;ABS:Obs TIME=&quot;2006&quot; OBS_VALUE=&quot;1346&quot; /&gt;&lt;ABS:Obs TIME=&quot;2007&quot; OBS_VALUE=&quot;1561&quot; /&gt;&lt;ABS:Obs TIME=&quot;2008&quot; OBS_VALUE=&quot;1657&quot; /&gt;&lt;ABS:Obs TIME=&quot;2009&quot; OBS_VALUE=&quot;1714&quot; /&gt;&lt;ABS:Obs TIME=&quot;2010&quot; OBS_VALUE=&quot;1815&quot; /&gt;&lt;ABS:Obs TIME=&quot;2011&quot; OBS_VALUE=&quot;1803&quot; /&gt;&lt;ABS:Obs TIME=&quot;2012&quot; OBS_VALUE=&quot;1777&quot; /&gt;&lt;ABS:Obs TIME=&quot;2013&quot; OBS_VALUE=&quot;1833&quot; /&gt;&lt;ABS:Obs TIME=&quot;2014&quot; OBS_VALUE=&quot;1564&quot; /&gt;&lt;ABS:Obs TIME=&quot;2015&quot; OBS_VALUE=&quot;2038&quot; /&gt;&lt;ABS:Obs TIME=&quot;2016&quot; OBS_VALUE=&quot;1901&quot; /&gt;&lt;ABS:Obs TIME=&quot;2017&quot; OBS_VALUE=&quot;1965&quot; /&gt;&lt;ABS:Obs TIME=&quot;2018&quot; OBS_VALUE=&quot;2425&quot; /&gt;&lt;/ABS:Series&gt;&lt;ABS:Series MEASURE=&quot;7&quot; INDIGENOUS_STATUS=&quot;IM&quot; ASGS_2011=&quot;1&quot; FREQUENCY=&quot;A&quot; TIME_FORMAT=&quot;P1Y&quot; UNIT=&quot;PCT&quot; POWERCODE=&quot;0&quot;&gt;&lt;ABS:Obs TIME=&quot;2001&quot; OBS_VALUE=&quot;19&quot; /&gt;&lt;ABS:Obs TIME=&quot;2002&quot; OBS_VALUE=&quot;18&quot; /&gt;&lt;ABS:Obs TIME=&quot;2003&quot; OBS_VALUE=&quot;20&quot; /&gt;&lt;ABS:Obs TIME=&quot;2004&quot; OBS_VALUE=&quot;17&quot; /&gt;&lt;ABS:Obs TIME=&quot;2005&quot; OBS_VALUE=&quot;17&quot; /&gt;&lt;ABS:Obs TIME=&quot;2006&quot; OBS_VALUE=&quot;17&quot; /&gt;&lt;ABS:Obs TIME=&quot;2007&quot; OBS_VALUE=&quot;21&quot; /&gt;&lt;ABS:Obs TIME=&quot;2008&quot; OBS_VALUE=&quot;14&quot; /&gt;&lt;ABS:Obs TIME=&quot;2009&quot; OBS_VALUE=&quot;15&quot; /&gt;&lt;ABS:Obs TIME=&quot;2010&quot; OBS_VALUE=&quot;15&quot; /&gt;&lt;ABS:Obs TIME=&quot;2011&quot; OBS_VALUE=&quot;15&quot; /&gt;&lt;ABS:Obs TIME=&quot;2012&quot; OBS_VALUE=&quot;16&quot; /&gt;&lt;ABS:Obs TIME=&quot;2013&quot; OBS_VALUE=&quot;16&quot; /&gt;&lt;ABS:Obs TIME=&quot;2014&quot; OBS_VALUE=&quot;18&quot; /&gt;&lt;ABS:Obs TIME=&quot;2015&quot; OBS_VALUE=&quot;16&quot; /&gt;&lt;ABS:Obs TIME=&quot;2016&quot; OBS_VALUE=&quot;17&quot; /&gt;&lt;ABS:Obs TIME=&quot;2017&quot; OBS_VALUE=&quot;15&quot; /&gt;&lt;ABS:Obs TIME=&quot;2018&quot; OBS_VALUE=&quot;17&quot; /&gt;&lt;/ABS:Series&gt;&lt;ABS:Series MEASURE=&quot;8&quot; INDIGENOUS_STATUS=&quot;IM&quot; ASGS_2011=&quot;1&quot; FREQUENCY=&quot;A&quot; TIME_FORMAT=&quot;P1Y&quot; UNIT=&quot;PCT&quot; POWERCODE=&quot;0&quot;&gt;&lt;ABS:Obs TIME=&quot;2001&quot; OBS_VALUE=&quot;81&quot; /&gt;&lt;ABS:Obs TIME=&quot;2002&quot; OBS_VALUE=&quot;82&quot; /&gt;&lt;ABS:Obs TIME=&quot;2003&quot; OBS_VALUE=&quot;80&quot; /&gt;&lt;ABS:Obs TIME=&quot;2004&quot; OBS_VALUE=&quot;83&quot; /&gt;&lt;ABS:Obs TIME=&quot;2005&quot; OBS_VALUE=&quot;83&quot; /&gt;&lt;ABS:Obs TIME=&quot;2006&quot; OBS_VALUE=&quot;83&quot; /&gt;&lt;ABS:Obs TIME=&quot;2007&quot; OBS_VALUE=&quot;79&quot; /&gt;&lt;ABS:Obs TIME=&quot;2008&quot; OBS_VALUE=&quot;86&quot; /&gt;&lt;ABS:Obs TIME=&quot;2009&quot; OBS_VALUE=&quot;85&quot; /&gt;&lt;ABS:Obs TIME=&quot;2010&quot; OBS_VALUE=&quot;85&quot; /&gt;&lt;ABS:Obs TIME=&quot;2011&quot; OBS_VALUE=&quot;85&quot; /&gt;&lt;ABS:Obs TIME=&quot;2012&quot; OBS_VALUE=&quot;84&quot; /&gt;&lt;ABS:Obs TIME=&quot;2013&quot; OBS_VALUE=&quot;84&quot; /&gt;&lt;ABS:Obs TIME=&quot;2014&quot; OBS_VALUE=&quot;82&quot; /&gt;&lt;ABS:Obs TIME=&quot;2015&quot; OBS_VALUE=&quot;84&quot; /&gt;&lt;ABS:Obs TIME=&quot;2016&quot; OBS_VALUE=&quot;83&quot; /&gt;&lt;ABS:Obs TIME=&quot;2017&quot; OBS_VALUE=&quot;85&quot; /&gt;&lt;ABS:Obs TIME=&quot;2018&quot; OBS_VALUE=&quot;83&quot; /&gt;&lt;/ABS:Series&gt;&lt;ABS:Series MEASURE=&quot;9&quot; INDIGENOUS_STATUS=&quot;IM&quot; ASGS_2011=&quot;1&quot; FREQUENCY=&quot;A&quot; TIME_FORMAT=&quot;P1Y&quot; UNIT=&quot;PCT&quot; POWERCODE=&quot;0&quot;&gt;&lt;ABS:Obs TIME=&quot;2001&quot; OBS_VALUE=&quot;66&quot; /&gt;&lt;ABS:Obs TIME=&quot;2002&quot; OBS_VALUE=&quot;67&quot; /&gt;&lt;ABS:Obs TIME=&quot;2003&quot; OBS_VALUE=&quot;65&quot; /&gt;&lt;ABS:Obs TIME=&quot;2004&quot; OBS_VALUE=&quot;68&quot; /&gt;&lt;ABS:Obs TIME=&quot;2005&quot; OBS_VALUE=&quot;67&quot; /&gt;&lt;ABS:Obs TIME=&quot;2006&quot; OBS_VALUE=&quot;67&quot; /&gt;&lt;ABS:Obs TIME=&quot;2007&quot; OBS_VALUE=&quot;63&quot; /&gt;&lt;ABS:Obs TIME=&quot;2008&quot; OBS_VALUE=&quot;71&quot; /&gt;&lt;ABS:Obs TIME=&quot;2009&quot; OBS_VALUE=&quot;68&quot; /&gt;&lt;ABS:Obs TIME=&quot;2010&quot; OBS_VALUE=&quot;67&quot; /&gt;&lt;ABS:Obs TIME=&quot;2011&quot; OBS_VALUE=&quot;68&quot; /&gt;&lt;ABS:Obs TIME=&quot;2012&quot; OBS_VALUE=&quot;68&quot; /&gt;&lt;ABS:Obs TIME=&quot;2013&quot; OBS_VALUE=&quot;70&quot; /&gt;&lt;ABS:Obs TIME=&quot;2014&quot; OBS_VALUE=&quot;69&quot; /&gt;&lt;ABS:Obs TIME=&quot;2015&quot; OBS_VALUE=&quot;66&quot; /&gt;&lt;ABS:Obs TIME=&quot;2016&quot; OBS_VALUE=&quot;66&quot; /&gt;&lt;ABS:Obs TIME=&quot;2017&quot; OBS_VALUE=&quot;68&quot; /&gt;&lt;ABS:Obs TIME=&quot;2018&quot; OBS_VALUE=&quot;64&quot; /&gt;&lt;/ABS:Series&gt;&lt;ABS:Series MEASURE=&quot;10&quot; INDIGENOUS_STATUS=&quot;IM&quot; ASGS_2011=&quot;1&quot; FREQUENCY=&quot;A&quot; TIME_FORMAT=&quot;P1Y&quot; UNIT=&quot;PCT&quot; POWERCODE=&quot;0&quot;&gt;&lt;ABS:Obs TIME=&quot;2001&quot; OBS_VALUE=&quot;15&quot; /&gt;&lt;ABS:Obs TIME=&quot;2002&quot; OBS_VALUE=&quot;15&quot; /&gt;&lt;ABS:Obs TIME=&quot;2003&quot; OBS_VALUE=&quot;15&quot; /&gt;&lt;ABS:Obs TIME=&quot;2004&quot; OBS_VALUE=&quot;15&quot; /&gt;&lt;ABS:Obs TIME=&quot;2005&quot; OBS_VALUE=&quot;16&quot; /&gt;&lt;ABS:Obs TIME=&quot;2006&quot; OBS_VALUE=&quot;16&quot; /&gt;&lt;ABS:Obs TIME=&quot;2007&quot; OBS_VALUE=&quot;16&quot; /&gt;&lt;ABS:Obs TIME=&quot;2008&quot; OBS_VALUE=&quot;15&quot; /&gt;&lt;ABS:Obs TIME=&quot;2009&quot; OBS_VALUE=&quot;17&quot; /&gt;&lt;ABS:Obs TIME=&quot;2010&quot; OBS_VALUE=&quot;18&quot; /&gt;&lt;ABS:Obs TIME=&quot;2011&quot; OBS_VALUE=&quot;17&quot; /&gt;&lt;ABS:Obs TIME=&quot;2012&quot; OBS_VALUE=&quot;16&quot; /&gt;&lt;ABS:Obs TIME=&quot;2013&quot; OBS_VALUE=&quot;14&quot; /&gt;&lt;ABS:Obs TIME=&quot;2014&quot; OBS_VALUE=&quot;14&quot; /&gt;&lt;ABS:Obs TIME=&quot;2015&quot; OBS_VALUE=&quot;18&quot; /&gt;&lt;ABS:Obs TIME=&quot;2016&quot; OBS_VALUE=&quot;17&quot; /&gt;&lt;ABS:Obs TIME=&quot;2017&quot; OBS_VALUE=&quot;17&quot; /&gt;&lt;ABS:Obs TIME=&quot;2018&quot; OBS_VALUE=&quot;19&quot; /&gt;&lt;/ABS:Series&gt;&lt;ABS:Series MEASURE=&quot;13&quot; INDIGENOUS_STATUS=&quot;IM&quot; ASGS_2011=&quot;1&quot; FREQUENCY=&quot;A&quot; TIME_FORMAT=&quot;P1Y&quot; UNIT=&quot;NUM&quot; POWERCODE=&quot;0&quot;&gt;&lt;ABS:Obs TIME=&quot;2001&quot; OBS_VALUE=&quot;1978&quot; /&gt;&lt;ABS:Obs TIME=&quot;2002&quot; OBS_VALUE=&quot;2117&quot; /&gt;&lt;ABS:Obs TIME=&quot;2003&quot; OBS_VALUE=&quot;2044&quot; /&gt;&lt;ABS:Obs TIME=&quot;2004&quot; OBS_VALUE=&quot;2262&quot; /&gt;&lt;ABS:Obs TIME=&quot;2005&quot; OBS_VALUE=&quot;2426&quot; /&gt;&lt;ABS:Obs TIME=&quot;2006&quot; OBS_VALUE=&quot;2725&quot; /&gt;&lt;ABS:Obs TIME=&quot;2007&quot; OBS_VALUE=&quot;3181&quot; /&gt;&lt;ABS:Obs TIME=&quot;2008&quot; OBS_VALUE=&quot;3369&quot; /&gt;&lt;ABS:Obs TIME=&quot;2009&quot; OBS_VALUE=&quot;3436&quot; /&gt;&lt;ABS:Obs TIME=&quot;2010&quot; OBS_VALUE=&quot;3794&quot; /&gt;&lt;ABS:Obs TIME=&quot;2011&quot; OBS_VALUE=&quot;3703&quot; /&gt;&lt;ABS:Obs TIME=&quot;2012&quot; OBS_VALUE=&quot;3537&quot; /&gt;&lt;ABS:Obs TIME=&quot;2013&quot; OBS_VALUE=&quot;3857&quot; /&gt;&lt;ABS:Obs TIME=&quot;2014&quot; OBS_VALUE=&quot;3282&quot; /&gt;&lt;ABS:Obs TIME=&quot;2015&quot; OBS_VALUE=&quot;3983&quot; /&gt;&lt;ABS:Obs TIME=&quot;2016&quot; OBS_VALUE=&quot;3802&quot; /&gt;&lt;ABS:Obs TIME=&quot;2017&quot; OBS_VALUE=&quot;3958&quot; /&gt;&lt;ABS:Obs TIME=&quot;2018&quot; OBS_VALUE=&quot;4834&quot; /&gt;&lt;/ABS:Series&gt;&lt;ABS:Series MEASURE=&quot;14&quot; INDIGENOUS_STATUS=&quot;IM&quot; ASGS_2011=&quot;1&quot; FREQUENCY=&quot;A&quot; TIME_FORMAT=&quot;P1Y&quot; UNIT=&quot;YEARS&quot; POWERCODE=&quot;0&quot;&gt;&lt;ABS:Obs TIME=&quot;2001&quot; OBS_VALUE=&quot;25&quot; /&gt;&lt;ABS:Obs TIME=&quot;2002&quot; OBS_VALUE=&quot;25&quot; /&gt;&lt;ABS:Obs TIME=&quot;2003&quot; OBS_VALUE=&quot;24.8&quot; /&gt;&lt;ABS:Obs TIME=&quot;2004&quot; OBS_VALUE=&quot;24.7&quot; /&gt;&lt;ABS:Obs TIME=&quot;2005&quot; OBS_VALUE=&quot;24.8&quot; /&gt;&lt;ABS:Obs TIME=&quot;2006&quot; OBS_VALUE=&quot;24.8&quot; /&gt;&lt;ABS:Obs TIME=&quot;2007&quot; OBS_VALUE=&quot;25.4&quot; /&gt;&lt;ABS:Obs TIME=&quot;2008&quot; OBS_VALUE=&quot;24.8&quot; /&gt;&lt;ABS:Obs TIME=&quot;2009&quot; OBS_VALUE=&quot;24.6&quot; /&gt;&lt;ABS:Obs TIME=&quot;2010&quot; OBS_V
Inserting 414 obs
&lt;soap12:Envelope xmlns:xsi=&quot;http://www.w3.org/2001/XMLSchema-instance&quot; xmlns:xsd=&quot;http://www.w3.org/2001/XMLSchema&quot; xmlns:soap12=&quot;http://www.w3.org/2003/05/soap-envelope&quot;&gt;
  &lt;soap12:Body&gt;
    &lt;GetCompactData xmlns=&quot;http://stats.oecd.org/OECDStatWS/SDMX/&quot;&gt;
      &lt;QueryMessage&gt;&lt;message:QueryMessage xmlns:message=&quot;http://www.SDMX.org/resources/SDMXML/schemas/v2_0/message&quot;&gt;&lt;Header xmlns=&quot;http://www.SDMX.org/resources/SDMXML/schemas/v2_0/message&quot;&gt;&lt;message:ID&gt;none&lt;/message:ID&gt;&lt;message:Test&gt;false&lt;/message:Test&gt;&lt;message:Prepared&gt;2016-08-19T00:11:33+08:00&lt;/message:Prepared&gt;&lt;message:Sender id=&quot;Sdmx-Sax&quot; /&gt;&lt;message:Receiver id=&quot;ABS&quot; /&gt;&lt;/Header&gt;&lt;message:Query&gt;&lt;DataWhere xmlns=&quot;http://www.SDMX.org/resources/SDMXML/schemas/v2_0/query&quot;&gt;&lt;And&gt;&lt;DataSet&gt;ATSI_BIRTHS_SUMM&lt;/DataSet&gt;&lt;Time&gt;&lt;StartTime&gt;1000-02-01&lt;/StartTime&gt;&lt;EndTime&gt;2020-04-19&lt;/EndTime&gt;&lt;/Time&gt;&lt;Or&gt;&lt;Dimension id=&quot;INDIGENOUS_STATUS&quot;&gt;IB&lt;/Dimension&gt;&lt;Dimension id=&quot;INDIGENOUS_STATUS&quot;&gt;IM&lt;/Dimension&gt;&lt;Dimension id=&quot;INDIGENOUS_STATUS&quot;&gt;IB&lt;/Dimension&gt;&lt;/Or&gt;&lt;Or&gt;&lt;Dimension id=&quot;ASGS_2011&quot;&gt;2&lt;/Dimension&gt;&lt;/Or&gt;&lt;Or&gt;&lt;Dimension id=&quot;FREQUENCY&quot;&gt;A&lt;/Dimension&gt;&lt;/Or&gt;&lt;Or&gt;&lt;Dimension id=&quot;MEASURE&quot;&gt;1&lt;/Dimension&gt;&lt;Dimension id=&quot;MEASURE&quot;&gt;4&lt;/Dimension&gt;&lt;Dimension id=&quot;MEASURE&quot;&gt;5&lt;/Dimension&gt;&lt;Dimension id=&quot;MEASURE&quot;&gt;7&lt;/Dimension&gt;&lt;Dimension id=&quot;MEASURE&quot;&gt;8&lt;/Dimension&gt;&lt;Dimension id=&quot;MEASURE&quot;&gt;9&lt;/Dimension&gt;&lt;Dimension id=&quot;MEASURE&quot;&gt;10&lt;/Dimension&gt;&lt;Dimension id=&quot;MEASURE&quot;&gt;13&lt;/Dimension&gt;&lt;Dimension id=&quot;MEASURE&quot;&gt;14&lt;/Dimension&gt;&lt;Dimension id=&quot;MEASURE&quot;&gt;15&lt;/Dimension&gt;&lt;Dimension id=&quot;MEASURE&quot;&gt;18&lt;/Dimension&gt;&lt;Dimension id=&quot;MEASURE&quot;&gt;19&lt;/Dimension&gt;&lt;Dimension id=&quot;MEASURE&quot;&gt;20&lt;/Dimension&gt;&lt;/Or&gt;&lt;/And&gt;&lt;/DataWhere&gt;&lt;/message:Query&gt;&lt;/message:QueryMessage&gt;
&lt;/QueryMessage&gt;
&lt;/GetCompactData&gt;
&lt;/soap12:Body&gt;
&lt;/soap12:Envelope&gt;
Header=&lt;message:CompactData xmlns=&quot;http://www.SDMX.org/resources/SDMXML/schemas/v2_0/message&quot; xmlns:common=&quot;http://www.SDMX.org/resources/SDMXML/schemas/v2_0/common&quot; xmlns:compact=&quot;http://www.SDMX.org/resources/SDMXML/schemas/v2_0/compact&quot; xmlns:ABS=&quot;http://oecd.stat.org/Data&quot; xmlns:xsi=&quot;http://www.w3.org/2001/XMLSchema-instance&quot; xsi:schemaLocation=&quot;http://www.SDMX.org/resources/SDMXML/schemas/v2_0/message http://www.sdmx.org/docs/2_0/SDMXMessage.xsd http://oecd.stat.org/Data http://stat.data.abs.gov.au/restsdmx/sdmx.ashx/GetSchema/ATSI_BIRTHS_SUMM&quot; xmlns:message=&quot;http://www.SDMX.org/resources/SDMXML/schemas/v2_0/message&quot;&gt;&lt;Header&gt;&lt;ID&gt;none&lt;/ID&gt;&lt;Test&gt;false&lt;/Test&gt;&lt;Truncated&gt;false&lt;/Truncated&gt;&lt;Prepared&gt;2020-03-19T13:24:04&lt;/Prepared&gt;&lt;Sender id=&quot;ABS&quot;&gt;&lt;Name xml:lang=&quot;en&quot;&gt;Australian Bureau of Statistics&lt;/Name&gt;&lt;Name xml:lang=&quot;fr&quot;&gt;Australian Bureau of Statistics&lt;/Name&gt;&lt;/Sender&gt;&lt;/Header&gt;&lt;ABS:DataSet keyFamilyURI=&quot;http://stat.data.abs.gov.au/restsdmx/sdmx.ashx/GetKeyFamily/ATSI_BIRTHS_SUMM&quot; xmlns:ABS=&quot;http://oecd.stat.org/Data&quot;&gt;&lt;ABS:Series MEASURE=&quot;1&quot; INDIGENOUS_STATUS=&quot;IM&quot; ASGS_2011=&quot;2&quot; FREQUENCY=&quot;A&quot; TIME_FORMAT=&quot;P1Y&quot; UNIT=&quot;NUM&quot; POWERCODE=&quot;0&quot;&gt;&lt;ABS:Obs TIME=&quot;2001&quot; OBS_VALUE=&quot;302&quot; /&gt;&lt;ABS:Obs TIME=&quot;2002&quot; OBS_VALUE=&quot;344&quot; /&gt;&lt;ABS:Obs TIME=&quot;2003&quot; OBS_VALUE=&quot;435&quot; /&gt;&lt;ABS:Obs TIME=&quot;2004&quot; OBS_VALUE=&quot;429&quot; /&gt;&lt;ABS:Obs TIME=&quot;2005&quot; OBS_VALUE=&quot;484&quot; /&gt;&lt;ABS:Obs TIME=&quot;2006&quot; OBS_VALUE=&quot;459&quot; /&gt;&lt;ABS:Obs TIME=&quot;2007&quot; OBS_VALUE=&quot;638&quot; /&gt;&lt;ABS:Obs TIME=&quot;2008&quot; OBS_VALUE=&quot;649&quot; /&gt;&lt;ABS:Obs TIME=&quot;2009&quot; OBS_VALUE=&quot;679&quot; /&gt;&lt;ABS:Obs TIME=&quot;2010&quot; OBS_VALUE=&quot;592&quot; /&gt;&lt;ABS:Obs TIME=&quot;2011&quot; OBS_VALUE=&quot;738&quot; /&gt;&lt;ABS:Obs TIME=&quot;2012&quot; OBS_VALUE=&quot;828&quot; /&gt;&lt;ABS:Obs TIME=&quot;2013&quot; OBS_VALUE=&quot;865&quot; /&gt;&lt;ABS:Obs TIME=&quot;2014&quot; OBS_VALUE=&quot;851&quot; /&gt;&lt;ABS:Obs TIME=&quot;2015&quot; OBS_VALUE=&quot;773&quot; /&gt;&lt;ABS:Obs TIME=&quot;2016&quot; OBS_VALUE=&quot;923&quot; /&gt;&lt;ABS:Obs TIME=&quot;2017&quot; OBS_VALUE=&quot;1045&quot; /&gt;&lt;ABS:Obs TIME=&quot;2018&quot; OBS_VALUE=&quot;1053&quot; /&gt;&lt;/ABS:Series&gt;&lt;ABS:Series MEASURE=&quot;4&quot; INDIGENOUS_STATUS=&quot;IM&quot; ASGS_2011=&quot;2&quot; FREQUENCY=&quot;A&quot; TIME_FORMAT=&quot;P1Y&quot; UNIT=&quot;NUM&quot; POWERCODE=&quot;0&quot;&gt;&lt;ABS:Obs TIME=&quot;2001&quot; OBS_VALUE=&quot;163&quot; /&gt;&lt;ABS:Obs TIME=&quot;2002&quot; OBS_VALUE=&quot;167&quot; /&gt;&lt;ABS:Obs TIME=&quot;2003&quot; OBS_VALUE=&quot;234&quot; /&gt;&lt;ABS:Obs TIME=&quot;2004&quot; OBS_VALUE=&quot;203&quot; /&gt;&lt;ABS:Obs TIME=&quot;2005&quot; OBS_VALUE=&quot;237&quot; /&gt;&lt;ABS:Obs TIME=&quot;2006&quot; OBS_VALUE=&quot;218&quot; /&gt;&lt;ABS:Obs TIME=&quot;2007&quot; OBS_VALUE=&quot;343&quot; /&gt;&lt;ABS:Obs TIME=&quot;2008&quot; OBS_VALUE=&quot;350&quot; /&gt;&lt;ABS:Obs TIME=&quot;2009&quot; OBS_VALUE=&quot;354&quot; /&gt;&lt;ABS:Obs TIME=&quot;2010&quot; OBS_VALUE=&quot;312&quot; /&gt;&lt;ABS:Obs TIME=&quot;2011&quot; OBS_VALUE=&quot;371&quot; /&gt;&lt;ABS:Obs TIME=&quot;2012&quot; OBS_VALUE=&quot;409&quot; /&gt;&lt;ABS:Obs TIME=&quot;2013&quot; OBS_VALUE=&quot;440&quot; /&gt;&lt;ABS:Obs TIME=&quot;2014&quot; OBS_VALUE=&quot;436&quot; /&gt;&lt;ABS:Obs TIME=&quot;2015&quot; OBS_VALUE=&quot;409&quot; /&gt;&lt;ABS:Obs TIME=&quot;2016&quot; OBS_VALUE=&quot;458&quot; /&gt;&lt;ABS:Obs TIME=&quot;2017&quot; OBS_VALUE=&quot;536&quot; /&gt;&lt;ABS:Obs TIME=&quot;2018&quot; OBS_VALUE=&quot;548&quot; /&gt;&lt;/ABS:Series&gt;&lt;ABS:Series MEASURE=&quot;5&quot; INDIGENOUS_STATUS=&quot;IM&quot; ASGS_2011=&quot;2&quot; FREQUENCY=&quot;A&quot; TIME_FORMAT=&quot;P1Y&quot; UNIT=&quot;NUM&quot; POWERCODE=&quot;0&quot;&gt;&lt;ABS:Obs TIME=&quot;2001&quot; OBS_VALUE=&quot;139&quot; /&gt;&lt;ABS:Obs TIME=&quot;2002&quot; OBS_VALUE=&quot;177&quot; /&gt;&lt;ABS:Obs TIME=&quot;2003&quot; OBS_VALUE=&quot;201&quot; /&gt;&lt;ABS:Obs TIME=&quot;2004&quot; OBS_VALUE=&quot;226&quot; /&gt;&lt;ABS:Obs TIME=&quot;2005&quot; OBS_VALUE=&quot;247&quot; /&gt;&lt;ABS:Obs TIME=&quot;2006&quot; OBS_VALUE=&quot;241&quot; /&gt;&lt;ABS:Obs TIME=&quot;2007&quot; OBS_VALUE=&quot;295&quot; /&gt;&lt;ABS:Obs TIME=&quot;2008&quot; OBS_VALUE=&quot;299&quot; /&gt;&lt;ABS:Obs TIME=&quot;2009&quot; OBS_VALUE=&quot;325&quot; /&gt;&lt;ABS:Obs TIME=&quot;2010&quot; OBS_VALUE=&quot;280&quot; /&gt;&lt;ABS:Obs TIME=&quot;2011&quot; OBS_VALUE=&quot;367&quot; /&gt;&lt;ABS:Obs TIME=&quot;2012&quot; OBS_VALUE=&quot;419&quot; /&gt;&lt;ABS:Obs TIME=&quot;2013&quot; OBS_VALUE=&quot;425&quot; /&gt;&lt;ABS:Obs TIME=&quot;2014&quot; OBS_VALUE=&quot;415&quot; /&gt;&lt;ABS:Obs TIME=&quot;2015&quot; OBS_VALUE=&quot;364&quot; /&gt;&lt;ABS:Obs TIME=&quot;2016&quot; OBS_VALUE=&quot;465&quot; /&gt;&lt;ABS:Obs TIME=&quot;2017&quot; OBS_VALUE=&quot;509&quot; /&gt;&lt;ABS:Obs TIME=&quot;2018&quot; OBS_VALUE=&quot;505&quot; /&gt;&lt;/ABS:Series&gt;&lt;ABS:Series MEASURE=&quot;7&quot; INDIGENOUS_STATUS=&quot;IM&quot; ASGS_2011=&quot;2&quot; FREQUENCY=&quot;A&quot; TIME_FORMAT=&quot;P1Y&quot; UNIT=&quot;PCT&quot; POWERCODE=&quot;0&quot;&gt;&lt;ABS:Obs TIME=&quot;2001&quot; OBS_VALUE=&quot;22&quot; /&gt;&lt;ABS:Obs TIME=&quot;2002&quot; OBS_VALUE=&quot;21&quot; /&gt;&lt;ABS:Obs TIME=&quot;2003&quot; OBS_VALUE=&quot;19&quot; /&gt;&lt;ABS:Obs TIME=&quot;2004&quot; OBS_VALUE=&quot;18&quot; /&gt;&lt;ABS:Obs TIME=&quot;2005&quot; OBS_VALUE=&quot;20&quot; /&gt;&lt;ABS:Obs TIME=&quot;2006&quot; OBS_VALUE=&quot;20&quot; /&gt;&lt;ABS:Obs TIME=&quot;2007&quot; OBS_VALUE=&quot;21&quot; /&gt;&lt;ABS:Obs TIME=&quot;2008&quot; OBS_VALUE=&quot;22&quot; /&gt;&lt;ABS:Obs TIME=&quot;2009&quot; OBS_VALUE=&quot;22&quot; /&gt;&lt;ABS:Obs TIME=&quot;2010&quot; OBS_VALUE=&quot;21&quot; /&gt;&lt;ABS:Obs TIME=&quot;2011&quot; OBS_VALUE=&quot;22&quot; /&gt;&lt;ABS:Obs TIME=&quot;2012&quot; OBS_VALUE=&quot;15&quot; /&gt;&lt;ABS:Obs TIME=&quot;2013&quot; OBS_VALUE=&quot;18&quot; /&gt;&lt;ABS:Obs TIME=&quot;2014&quot; OBS_VALUE=&quot;18&quot; /&gt;&lt;ABS:Obs TIME=&quot;2015&quot; OBS_VALUE=&quot;17&quot; /&gt;&lt;ABS:Obs TIME=&quot;2016&quot; OBS_VALUE=&quot;19&quot; /&gt;&lt;ABS:Obs TIME=&quot;2017&quot; OBS_VALUE=&quot;17&quot; /&gt;&lt;ABS:Obs TIME=&quot;2018&quot; OBS_VALUE=&quot;18&quot; /&gt;&lt;/ABS:Series&gt;&lt;ABS:Series MEASURE=&quot;8&quot; INDIGENOUS_STATUS=&quot;IM&quot; ASGS_2011=&quot;2&quot; FREQUENCY=&quot;A&quot; TIME_FORMAT=&quot;P1Y&quot; UNIT=&quot;PCT&quot; POWERCODE=&quot;0&quot;&gt;&lt;ABS:Obs TIME=&quot;2001&quot; OBS_VALUE=&quot;78&quot; /&gt;&lt;ABS:Obs TIME=&quot;2002&quot; OBS_VALUE=&quot;79&quot; /&gt;&lt;ABS:Obs TIME=&quot;2003&quot; OBS_VALUE=&quot;81&quot; /&gt;&lt;ABS:Obs TIME=&quot;2004&quot; OBS_VALUE=&quot;82&quot; /&gt;&lt;ABS:Obs TIME=&quot;2005&quot; OBS_VALUE=&quot;80&quot; /&gt;&lt;ABS:Obs TIME=&quot;2006&quot; OBS_VALUE=&quot;80&quot; /&gt;&lt;ABS:Obs TIME=&quot;2007&quot; OBS_VALUE=&quot;79&quot; /&gt;&lt;ABS:Obs TIME=&quot;2008&quot; OBS_VALUE=&quot;78&quot; /&gt;&lt;ABS:Obs TIME=&quot;2009&quot; OBS_VALUE=&quot;78&quot; /&gt;&lt;ABS:Obs TIME=&quot;2010&quot; OBS_VALUE=&quot;79&quot; /&gt;&lt;ABS:Obs TIME=&quot;2011&quot; OBS_VALUE=&quot;78&quot; /&gt;&lt;ABS:Obs TIME=&quot;2012&quot; OBS_VALUE=&quot;85&quot; /&gt;&lt;ABS:Obs TIME=&quot;2013&quot; OBS_VALUE=&quot;82&quot; /&gt;&lt;ABS:Obs TIME=&quot;2014&quot; OBS_VALUE=&quot;82&quot; /&gt;&lt;ABS:Obs TIME=&quot;2015&quot; OBS_VALUE=&quot;83&quot; /&gt;&lt;ABS:Obs TIME=&quot;2016&quot; OBS_VALUE=&quot;81&quot; /&gt;&lt;ABS:Obs TIME=&quot;2017&quot; OBS_VALUE=&quot;83&quot; /&gt;&lt;ABS:Obs TIME=&quot;2018&quot; OBS_VALUE=&quot;82&quot; /&gt;&lt;/ABS:Series&gt;&lt;ABS:Series MEASURE=&quot;9&quot; INDIGENOUS_STATUS=&quot;IM&quot; ASGS_2011=&quot;2&quot; FREQUENCY=&quot;A&quot; TIME_FORMAT=&quot;P1Y&quot; UNIT=&quot;PCT&quot; POWERCODE=&quot;0&quot;&gt;&lt;ABS:Obs TIME=&quot;2001&quot; OBS_VALUE=&quot;70&quot; /&gt;&lt;ABS:Obs TIME=&quot;2002&quot; OBS_VALUE=&quot;71&quot; /&gt;&lt;ABS:Obs TIME=&quot;2003&quot; OBS_VALUE=&quot;73&quot; /&gt;&lt;ABS:Obs TIME=&quot;2004&quot; OBS_VALUE=&quot;72&quot; /&gt;&lt;ABS:Obs TIME=&quot;2005&quot; OBS_VALUE=&quot;75&quot; /&gt;&lt;ABS:Obs TIME=&quot;2006&quot; OBS_VALUE=&quot;74&quot; /&gt;&lt;ABS:Obs TIME=&quot;2007&quot; OBS_VALUE=&quot;72&quot; /&gt;&lt;ABS:Obs TIME=&quot;2008&quot; OBS_VALUE=&quot;70&quot; /&gt;&lt;ABS:Obs TIME=&quot;2009&quot; OBS_VALUE=&quot;70&quot; /&gt;&lt;ABS:Obs TIME=&quot;2010&quot; OBS_VALUE=&quot;69&quot; /&gt;&lt;ABS:Obs TIME=&quot;2011&quot; OBS_VALUE=&quot;64&quot; /&gt;&lt;ABS:Obs TIME=&quot;2012&quot; OBS_VALUE=&quot;72&quot; /&gt;&lt;ABS:Obs TIME=&quot;2013&quot; OBS_VALUE=&quot;71&quot; /&gt;&lt;ABS:Obs TIME=&quot;2014&quot; OBS_VALUE=&quot;70&quot; /&gt;&lt;ABS:Obs TIME=&quot;2015&quot; OBS_VALUE=&quot;73&quot; /&gt;&lt;ABS:Obs TIME=&quot;2016&quot; OBS_VALUE=&quot;72&quot; /&gt;&lt;ABS:Obs TIME=&quot;2017&quot; OBS_VALUE=&quot;71&quot; /&gt;&lt;ABS:Obs TIME=&quot;2018&quot; OBS_VALUE=&quot;68&quot; /&gt;&lt;/ABS:Series&gt;&lt;ABS:Series MEASURE=&quot;10&quot; INDIGENOUS_STATUS=&quot;IM&quot; ASGS_2011=&quot;2&quot; FREQUENCY=&quot;A&quot; TIME_FORMAT=&quot;P1Y&quot; UNIT=&quot;PCT&quot; POWERCODE=&quot;0&quot;&gt;&lt;ABS:Obs TIME=&quot;2001&quot; OBS_VALUE=&quot;8&quot; /&gt;&lt;ABS:Obs TIME=&quot;2002&quot; OBS_VALUE=&quot;9&quot; /&gt;&lt;ABS:Obs TIME=&quot;2003&quot; OBS_VALUE=&quot;8&quot; /&gt;&lt;ABS:Obs TIME=&quot;2004&quot; OBS_VALUE=&quot;10&quot; /&gt;&lt;ABS:Obs TIME=&quot;2005&quot; OBS_VALUE=&quot;6&quot; /&gt;&lt;ABS:Obs TIME=&quot;2006&quot; OBS_VALUE=&quot;6&quot; /&gt;&lt;ABS:Obs TIME=&quot;2007&quot; OBS_VALUE=&quot;7&quot; /&gt;&lt;ABS:Obs TIME=&quot;2008&quot; OBS_VALUE=&quot;8&quot; /&gt;&lt;ABS:Obs TIME=&quot;2009&quot; OBS_VALUE=&quot;9&quot; /&gt;&lt;ABS:Obs TIME=&quot;2010&quot; OBS_VALUE=&quot;10&quot; /&gt;&lt;ABS:Obs TIME=&quot;2011&quot; OBS_VALUE=&quot;14&quot; /&gt;&lt;ABS:Obs TIME=&quot;2012&quot; OBS_VALUE=&quot;12&quot; /&gt;&lt;ABS:Obs TIME=&quot;2013&quot; OBS_VALUE=&quot;12&quot; /&gt;&lt;ABS:Obs TIME=&quot;2014&quot; OBS_VALUE=&quot;12&quot; /&gt;&lt;ABS:Obs TIME=&quot;2015&quot; OBS_VALUE=&quot;9&quot; /&gt;&lt;ABS:Obs TIME=&quot;2016&quot; OBS_VALUE=&quot;9&quot; /&gt;&lt;ABS:Obs TIME=&quot;2017&quot; OBS_VALUE=&quot;12&quot; /&gt;&lt;ABS:Obs TIME=&quot;2018&quot; OBS_VALUE=&quot;14&quot; /&gt;&lt;/ABS:Series&gt;&lt;ABS:Series MEASURE=&quot;13&quot; INDIGENOUS_STATUS=&quot;IM&quot; ASGS_2011=&quot;2&quot; FREQUENCY=&quot;A&quot; TIME_FORMAT=&quot;P1Y&quot; UNIT=&quot;NUM&quot; POWERCODE=&quot;0&quot;&gt;&lt;ABS:Obs TIME=&quot;2001&quot; OBS_VALUE=&quot;300&quot; /&gt;&lt;ABS:Obs TIME=&quot;2002&quot; OBS_VALUE=&quot;341&quot; /&gt;&lt;ABS:Obs TIME=&quot;2003&quot; OBS_VALUE=&quot;429&quot; /&gt;&lt;ABS:Obs TIME=&quot;2004&quot; OBS_VALUE=&quot;421&quot; /&gt;&lt;ABS:Obs TIME=&quot;2005&quot; OBS_VALUE=&quot;477&quot; /&gt;&lt;ABS:Obs TIME=&quot;2006&quot; OBS_VALUE=&quot;456&quot; /&gt;&lt;ABS:Obs TIME=&quot;2007&quot; OBS_VALUE=&quot;631&quot; /&gt;&lt;ABS:Obs TIME=&quot;2008&quot; OBS_VALUE=&quot;643&quot; /&gt;&lt;ABS:Obs TIME=&quot;2009&quot; OBS_VALUE=&quot;672&quot; /&gt;&lt;ABS:Obs TIME=&quot;2010&quot; OBS_VALUE=&quot;584&quot; /&gt;&lt;ABS:Obs TIME=&quot;2011&quot; OBS_VALUE=&quot;729&quot; /&gt;&lt;ABS:Obs TIME=&quot;2012&quot; OBS_VALUE=&quot;817&quot; /&gt;&lt;ABS:Obs TIME=&quot;2013&quot; OBS_VALUE=&quot;859&quot; /&gt;&lt;ABS:Obs TIME=&quot;2014&quot; OBS_VALUE=&quot;841&quot; /&gt;&lt;ABS:Obs TIME=&quot;2015&quot; OBS_VALUE=&quot;762&quot; /&gt;&lt;ABS:Obs TIME=&quot;2016&quot; OBS_VALUE=&quot;914&quot; /&gt;&lt;ABS:Obs TIME=&quot;2017&quot; OBS_VALUE=&quot;1033&quot; /&gt;&lt;ABS:Obs TIME=&quot;2018&quot; OBS_VALUE=&quot;1032&quot; /&gt;&lt;/ABS:Series&gt;&lt;ABS:Series MEASURE=&quot;14&quot; INDIGENOUS_STATUS=&quot;IM&quot; ASGS_2011=&quot;2&quot; FREQUENCY=&quot;A&quot; TIME_FORMAT=&quot;P1Y&quot; UNIT=&quot;YEARS&quot; POWERCODE=&quot;0&quot;&gt;&lt;ABS:Obs TIME=&quot;2001&quot; OBS_VALUE=&quot;25.7&quot; /&gt;&lt;ABS:Obs TIME=&quot;2002&quot; OBS_VALUE=&quot;26.7&quot; /&gt;&lt;ABS:Obs TIME=&quot;2003&quot; OBS_VALUE=&quot;25.9&quot; /&gt;&lt;ABS:Obs TIME=&quot;2004&quot; OBS_VALUE=&quot;24.9&quot; /&gt;&lt;ABS:Obs TIME=&quot;2005&quot; OBS_VALUE=&quot;25.5&quot; /&gt;&lt;ABS:Obs TIME=&quot;2006&quot; OBS_VALUE=&quot;25.4&quot; /&gt;&lt;ABS:Obs TIME=&quot;2007&quot; OBS_VALUE=&quot;26&quot; /&gt;&lt;ABS:Obs TIME=&quot;2008&quot; OBS_VALUE=&quot;25.8&quot; /&gt;&lt;ABS:Obs TIME=&quot;2009&quot; OBS_VALUE=&quot;26&quot; /&gt;&lt;ABS:Obs TIME=&quot;2010&quot; OBS_VALUE=&quot;26.5&quot; /&gt;&lt;ABS:Obs TIME=&quot;2011&quot; OBS_VALUE=&quot;26.1&quot; /&gt;&lt;ABS:Obs TIME=&quot;2012&quot; OB
Inserting 414 obs
&lt;soap12:Envelope xmlns:xsi=&quot;http://www.w3.org/2001/XMLSchema-instance&quot; xmlns:xsd=&quot;http://www.w3.org/2001/XMLSchema&quot; xmlns:soap12=&quot;http://www.w3.org/2003/05/soap-envelope&quot;&gt;
  &lt;soap12:Body&gt;
    &lt;GetCompactData xmlns=&quot;http://stats.oecd.org/OECDStatWS/SDMX/&quot;&gt;
      &lt;QueryMessage&gt;&lt;message:QueryMessage xmlns:message=&quot;http://www.SDMX.org/resources/SDMXML/schemas/v2_0/message&quot;&gt;&lt;Header xmlns=&quot;http://www.SDMX.org/resources/SDMXML/schemas/v2_0/message&quot;&gt;&lt;message:ID&gt;none&lt;/message:ID&gt;&lt;message:Test&gt;false&lt;/message:Test&gt;&lt;message:Prepared&gt;2016-08-19T00:11:33+08:00&lt;/message:Prepared&gt;&lt;message:Sender id=&quot;Sdmx-Sax&quot; /&gt;&lt;message:Receiver id=&quot;ABS&quot; /&gt;&lt;/Header&gt;&lt;message:Query&gt;&lt;DataWhere xmlns=&quot;http://www.SDMX.org/resources/SDMXML/schemas/v2_0/query&quot;&gt;&lt;And&gt;&lt;DataSet&gt;ATSI_BIRTHS_SUMM&lt;/DataSet&gt;&lt;Time&gt;&lt;StartTime&gt;1000-02-01&lt;/StartTime&gt;&lt;EndTime&gt;2020-04-19&lt;/EndTime&gt;&lt;/Time&gt;&lt;Or&gt;&lt;Dimension id=&quot;INDIGENOUS_STATUS&quot;&gt;IB&lt;/Dimension&gt;&lt;Dimension id=&quot;INDIGENOUS_STATUS&quot;&gt;IM&lt;/Dimension&gt;&lt;Dimension id=&quot;INDIGENOUS_STATUS&quot;&gt;IB&lt;/Dimension&gt;&lt;/Or&gt;&lt;Or&gt;&lt;Dimension id=&quot;ASGS_2011&quot;&gt;3&lt;/Dimension&gt;&lt;/Or&gt;&lt;Or&gt;&lt;Dimension id=&quot;FREQUENCY&quot;&gt;A&lt;/Dimension&gt;&lt;/Or&gt;&lt;Or&gt;&lt;Dimension id=&quot;MEASURE&quot;&gt;1&lt;/Dimension&gt;&lt;Dimension id=&quot;MEASURE&quot;&gt;4&lt;/Dimension&gt;&lt;Dimension id=&quot;MEASURE&quot;&gt;5&lt;/Dimension&gt;&lt;Dimension id=&quot;MEASURE&quot;&gt;7&lt;/Dimension&gt;&lt;Dimension id=&quot;MEASURE&quot;&gt;8&lt;/Dimension&gt;&lt;Dimension id=&quot;MEASURE&quot;&gt;9&lt;/Dimension&gt;&lt;Dimension id=&quot;MEASURE&quot;&gt;10&lt;/Dimension&gt;&lt;Dimension id=&quot;MEASURE&quot;&gt;13&lt;/Dimension&gt;&lt;Dimension id=&quot;MEASURE&quot;&gt;14&lt;/Dimension&gt;&lt;Dimension id=&quot;MEASURE&quot;&gt;15&lt;/Dimension&gt;&lt;Dimension id=&quot;MEASURE&quot;&gt;18&lt;/Dimension&gt;&lt;Dimension id=&quot;MEASURE&quot;&gt;19&lt;/Dimension&gt;&lt;Dimension id=&quot;MEASURE&quot;&gt;20&lt;/Dimension&gt;&lt;/Or&gt;&lt;/And&gt;&lt;/DataWhere&gt;&lt;/message:Query&gt;&lt;/message:QueryMessage&gt;
&lt;/QueryMessage&gt;
&lt;/GetCompactData&gt;
&lt;/soap12:Body&gt;
&lt;/soap12:Envelope&gt;
Header=&lt;message:CompactData xmlns=&quot;http://www.SDMX.org/resources/SDMXML/schemas/v2_0/message&quot; xmlns:common=&quot;http://www.SDMX.org/resources/SDMXML/schemas/v2_0/common&quot; xmlns:compact=&quot;http://www.SDMX.org/resources/SDMXML/schemas/v2_0/compact&quot; xmlns:ABS=&quot;http://oecd.stat.org/Data&quot; xmlns:xsi=&quot;http://www.w3.org/2001/XMLSchema-instance&quot; xsi:schemaLocation=&quot;http://www.SDMX.org/resources/SDMXML/schemas/v2_0/message http://www.sdmx.org/docs/2_0/SDMXMessage.xsd http://oecd.stat.org/Data http://stat.data.abs.gov.au/restsdmx/sdmx.ashx/GetSchema/ATSI_BIRTHS_SUMM&quot; xmlns:message=&quot;http://www.SDMX.org/resources/SDMXML/schemas/v2_0/message&quot;&gt;&lt;Header&gt;&lt;ID&gt;none&lt;/ID&gt;&lt;Test&gt;false&lt;/Test&gt;&lt;Truncated&gt;false&lt;/Truncated&gt;&lt;Prepared&gt;2020-03-19T13:24:09&lt;/Prepared&gt;&lt;Sender id=&quot;ABS&quot;&gt;&lt;Name xml:lang=&quot;en&quot;&gt;Australian Bureau of Statistics&lt;/Name&gt;&lt;Name xml:lang=&quot;fr&quot;&gt;Australian Bureau of Statistics&lt;/Name&gt;&lt;/Sender&gt;&lt;/Header&gt;&lt;ABS:DataSet keyFamilyURI=&quot;http://stat.data.abs.gov.au/restsdmx/sdmx.ashx/GetKeyFamily/ATSI_BIRTHS_SUMM&quot; xmlns:ABS=&quot;http://oecd.stat.org/Data&quot;&gt;&lt;ABS:Series MEASURE=&quot;1&quot; INDIGENOUS_STATUS=&quot;IM&quot; ASGS_2011=&quot;3&quot; FREQUENCY=&quot;A&quot; TIME_FORMAT=&quot;P1Y&quot; UNIT=&quot;NUM&quot; POWERCODE=&quot;0&quot;&gt;&lt;ABS:Obs TIME=&quot;2001&quot; OBS_VALUE=&quot;2427&quot; /&gt;&lt;ABS:Obs TIME=&quot;2002&quot; OBS_VALUE=&quot;2438&quot; /&gt;&lt;ABS:Obs TIME=&quot;2003&quot; OBS_VALUE=&quot;2480&quot; /&gt;&lt;ABS:Obs TIME=&quot;2004&quot; OBS_VALUE=&quot;2376&quot; /&gt;&lt;ABS:Obs TIME=&quot;2005&quot; OBS_VALUE=&quot;2577&quot; /&gt;&lt;ABS:Obs TIME=&quot;2006&quot; OBS_VALUE=&quot;2384&quot; /&gt;&lt;ABS:Obs TIME=&quot;2007&quot; OBS_VALUE=&quot;3161&quot; /&gt;&lt;ABS:Obs TIME=&quot;2008&quot; OBS_VALUE=&quot;3323&quot; /&gt;&lt;ABS:Obs TIME=&quot;2009&quot; OBS_VALUE=&quot;4007&quot; /&gt;&lt;ABS:Obs TIME=&quot;2010&quot; OBS_VALUE=&quot;4103&quot; /&gt;&lt;ABS:Obs TIME=&quot;2011&quot; OBS_VALUE=&quot;3905&quot; /&gt;&lt;ABS:Obs TIME=&quot;2012&quot; OBS_VALUE=&quot;4071&quot; /&gt;&lt;ABS:Obs TIME=&quot;2013&quot; OBS_VALUE=&quot;3765&quot; /&gt;&lt;ABS:Obs TIME=&quot;2014&quot; OBS_VALUE=&quot;3896&quot; /&gt;&lt;ABS:Obs TIME=&quot;2015&quot; OBS_VALUE=&quot;3853&quot; /&gt;&lt;ABS:Obs TIME=&quot;2016&quot; OBS_VALUE=&quot;3815&quot; /&gt;&lt;ABS:Obs TIME=&quot;2017&quot; OBS_VALUE=&quot;4697&quot; /&gt;&lt;ABS:Obs TIME=&quot;2018&quot; OBS_VALUE=&quot;4535&quot; /&gt;&lt;/ABS:Series&gt;&lt;ABS:Series MEASURE=&quot;4&quot; INDIGENOUS_STATUS=&quot;IM&quot; ASGS_2011=&quot;3&quot; FREQUENCY=&quot;A&quot; TIME_FORMAT=&quot;P1Y&quot; UNIT=&quot;NUM&quot; POWERCODE=&quot;0&quot;&gt;&lt;ABS:Obs TIME=&quot;2001&quot; OBS_VALUE=&quot;1243&quot; /&gt;&lt;ABS:Obs TIME=&quot;2002&quot; OBS_VALUE=&quot;1244&quot; /&gt;&lt;ABS:Obs TIME=&quot;2003&quot; OBS_VALUE=&quot;1266&quot; /&gt;&lt;ABS:Obs TIME=&quot;2004&quot; OBS_VALUE=&quot;1239&quot; /&gt;&lt;ABS:Obs TIME=&quot;2005&quot; OBS_VALUE=&quot;1333&quot; /&gt;&lt;ABS:Obs TIME=&quot;2006&quot; OBS_VALUE=&quot;1162&quot; /&gt;&lt;ABS:Obs TIME=&quot;2007&quot; OBS_VALUE=&quot;1615&quot; /&gt;&lt;ABS:Obs TIME=&quot;2008&quot; OBS_VALUE=&quot;1744&quot; /&gt;&lt;ABS:Obs TIME=&quot;2009&quot; OBS_VALUE=&quot;2072&quot; /&gt;&lt;ABS:Obs TIME=&quot;2010&quot; OBS_VALUE=&quot;2165&quot; /&gt;&lt;ABS:Obs TIME=&quot;2011&quot; OBS_VALUE=&quot;1937&quot; /&gt;&lt;ABS:Obs TIME=&quot;2012&quot; OBS_VALUE=&quot;2089&quot; /&gt;&lt;ABS:Obs TIME=&quot;2013&quot; OBS_VALUE=&quot;1951&quot; /&gt;&lt;ABS:Obs TIME=&quot;2014&quot; OBS_VALUE=&quot;1992&quot; /&gt;&lt;ABS:Obs TIME=&quot;2015&quot; OBS_VALUE=&quot;1960&quot; /&gt;&lt;ABS:Obs TIME=&quot;2016&quot; OBS_VALUE=&quot;1964&quot; /&gt;&lt;ABS:Obs TIME=&quot;2017&quot; OBS_VALUE=&quot;2408&quot; /&gt;&lt;ABS:Obs TIME=&quot;2018&quot; OBS_VALUE=&quot;2315&quot; /&gt;&lt;/ABS:Series&gt;&lt;ABS:Series MEASURE=&quot;5&quot; INDIGENOUS_STATUS=&quot;IM&quot; ASGS_2011=&quot;3&quot; FREQUENCY=&quot;A&quot; TIME_FORMAT=&quot;P1Y&quot; UNIT=&quot;NUM&quot; POWERCODE=&quot;0&quot;&gt;&lt;ABS:Obs TIME=&quot;2001&quot; OBS_VALUE=&quot;1184&quot; /&gt;&lt;ABS:Obs TIME=&quot;2002&quot; OBS_VALUE=&quot;1194&quot; /&gt;&lt;ABS:Obs TIME=&quot;2003&quot; OBS_VALUE=&quot;1214&quot; /&gt;&lt;ABS:Obs TIME=&quot;2004&quot; OBS_VALUE=&quot;1137&quot; /&gt;&lt;ABS:Obs TIME=&quot;2005&quot; OBS_VALUE=&quot;1244&quot; /&gt;&lt;ABS:Obs TIME=&quot;2006&quot; OBS_VALUE=&quot;1222&quot; /&gt;&lt;ABS:Obs TIME=&quot;2007&quot; OBS_VALUE=&quot;1546&quot; /&gt;&lt;ABS:Obs TIME=&quot;2008&quot; OBS_VALUE=&quot;1579&quot; /&gt;&lt;ABS:Obs TIME=&quot;2009&quot; OBS_VALUE=&quot;1935&quot; /&gt;&lt;ABS:Obs TIME=&quot;2010&quot; OBS_VALUE=&quot;1938&quot; /&gt;&lt;ABS:Obs TIME=&quot;2011&quot; OBS_VALUE=&quot;1968&quot; /&gt;&lt;ABS:Obs TIME=&quot;2012&quot; OBS_VALUE=&quot;1982&quot; /&gt;&lt;ABS:Obs TIME=&quot;2013&quot; OBS_VALUE=&quot;1814&quot; /&gt;&lt;ABS:Obs TIME=&quot;2014&quot; OBS_VALUE=&quot;1904&quot; /&gt;&lt;ABS:Obs TIME=&quot;2015&quot; OBS_VALUE=&quot;1893&quot; /&gt;&lt;ABS:Obs TIME=&quot;2016&quot; OBS_VALUE=&quot;1851&quot; /&gt;&lt;ABS:Obs TIME=&quot;2017&quot; OBS_VALUE=&quot;2289&quot; /&gt;&lt;ABS:Obs TIME=&quot;2018&quot; OBS_VALUE=&quot;2220&quot; /&gt;&lt;/ABS:Series&gt;&lt;ABS:Series MEASURE=&quot;7&quot; INDIGENOUS_STATUS=&quot;IM&quot; ASGS_2011=&quot;3&quot; FREQUENCY=&quot;A&quot; TIME_FORMAT=&quot;P1Y&quot; UNIT=&quot;PCT&quot; POWERCODE=&quot;0&quot;&gt;&lt;ABS:Obs TIME=&quot;2001&quot; OBS_VALUE=&quot;17&quot; /&gt;&lt;ABS:Obs TIME=&quot;2002&quot; OBS_VALUE=&quot;17&quot; /&gt;&lt;ABS:Obs TIME=&quot;2003&quot; OBS_VALUE=&quot;17&quot; /&gt;&lt;ABS:Obs TIME=&quot;2004&quot; OBS_VALUE=&quot;16&quot; /&gt;&lt;ABS:Obs TIME=&quot;2005&quot; OBS_VALUE=&quot;16&quot; /&gt;&lt;ABS:Obs TIME=&quot;2006&quot; OBS_VALUE=&quot;16&quot; /&gt;&lt;ABS:Obs TIME=&quot;2007&quot; OBS_VALUE=&quot;16&quot; /&gt;&lt;ABS:Obs TIME=&quot;2008&quot; OBS_VALUE=&quot;13&quot; /&gt;&lt;ABS:Obs TIME=&quot;2009&quot; OBS_VALUE=&quot;11&quot; /&gt;&lt;ABS:Obs TIME=&quot;2010&quot; OBS_VALUE=&quot;11&quot; /&gt;&lt;ABS:Obs TIME=&quot;2011&quot; OBS_VALUE=&quot;13&quot; /&gt;&lt;ABS:Obs TIME=&quot;2012&quot; OBS_VALUE=&quot;12&quot; /&gt;&lt;ABS:Obs TIME=&quot;2013&quot; OBS_VALUE=&quot;14&quot; /&gt;&lt;ABS:Obs TIME=&quot;2014&quot; OBS_VALUE=&quot;12&quot; /&gt;&lt;ABS:Obs TIME=&quot;2015&quot; OBS_VALUE=&quot;12&quot; /&gt;&lt;ABS:Obs TIME=&quot;2016&quot; OBS_VALUE=&quot;16&quot; /&gt;&lt;ABS:Obs TIME=&quot;2017&quot; OBS_VALUE=&quot;13&quot; /&gt;&lt;ABS:Obs TIME=&quot;2018&quot; OBS_VALUE=&quot;14&quot; /&gt;&lt;/ABS:Series&gt;&lt;ABS:Series MEASURE=&quot;8&quot; INDIGENOUS_STATUS=&quot;IM&quot; ASGS_2011=&quot;3&quot; FREQUENCY=&quot;A&quot; TIME_FORMAT=&quot;P1Y&quot; UNIT=&quot;PCT&quot; POWERCODE=&quot;0&quot;&gt;&lt;ABS:Obs TIME=&quot;2001&quot; OBS_VALUE=&quot;83&quot; /&gt;&lt;ABS:Obs TIME=&quot;2002&quot; OBS_VALUE=&quot;83&quot; /&gt;&lt;ABS:Obs TIME=&quot;2003&quot; OBS_VALUE=&quot;83&quot; /&gt;&lt;ABS:Obs TIME=&quot;2004&quot; OBS_VALUE=&quot;84&quot; /&gt;&lt;ABS:Obs TIME=&quot;2005&quot; OBS_VALUE=&quot;84&quot; /&gt;&lt;ABS:Obs TIME=&quot;2006&quot; OBS_VALUE=&quot;84&quot; /&gt;&lt;ABS:Obs TIME=&quot;2007&quot; OBS_VALUE=&quot;84&quot; /&gt;&lt;ABS:Obs TIME=&quot;2008&quot; OBS_VALUE=&quot;87&quot; /&gt;&lt;ABS:Obs TIME=&quot;2009&quot; OBS_VALUE=&quot;89&quot; /&gt;&lt;ABS:Obs TIME=&quot;2010&quot; OBS_VALUE=&quot;89&quot; /&gt;&lt;ABS:Obs TIME=&quot;2011&quot; OBS_VALUE=&quot;87&quot; /&gt;&lt;ABS:Obs TIME=&quot;2012&quot; OBS_VALUE=&quot;88&quot; /&gt;&lt;ABS:Obs TIME=&quot;2013&quot; OBS_VALUE=&quot;86&quot; /&gt;&lt;ABS:Obs TIME=&quot;2014&quot; OBS_VALUE=&quot;88&quot; /&gt;&lt;ABS:Obs TIME=&quot;2015&quot; OBS_VALUE=&quot;88&quot; /&gt;&lt;ABS:Obs TIME=&quot;2016&quot; OBS_VALUE=&quot;84&quot; /&gt;&lt;ABS:Obs TIME=&quot;2017&quot; OBS_VALUE=&quot;87&quot; /&gt;&lt;ABS:Obs TIME=&quot;2018&quot; OBS_VALUE=&quot;86&quot; /&gt;&lt;/ABS:Series&gt;&lt;ABS:Series MEASURE=&quot;9&quot; INDIGENOUS_STATUS=&quot;IM&quot; ASGS_2011=&quot;3&quot; FREQUENCY=&quot;A&quot; TIME_FORMAT=&quot;P1Y&quot; UNIT=&quot;PCT&quot; POWERCODE=&quot;0&quot;&gt;&lt;ABS:Obs TIME=&quot;2001&quot; OBS_VALUE=&quot;65&quot; /&gt;&lt;ABS:Obs TIME=&quot;2002&quot; OBS_VALUE=&quot;63&quot; /&gt;&lt;ABS:Obs TIME=&quot;2003&quot; OBS_VALUE=&quot;62&quot; /&gt;&lt;ABS:Obs TIME=&quot;2004&quot; OBS_VALUE=&quot;68&quot; /&gt;&lt;ABS:Obs TIME=&quot;2005&quot; OBS_VALUE=&quot;73&quot; /&gt;&lt;ABS:Obs TIME=&quot;2006&quot; OBS_VALUE=&quot;73&quot; /&gt;&lt;ABS:Obs TIME=&quot;2007&quot; OBS_VALUE=&quot;73&quot; /&gt;&lt;ABS:Obs TIME=&quot;2008&quot; OBS_VALUE=&quot;73&quot; /&gt;&lt;ABS:Obs TIME=&quot;2009&quot; OBS_VALUE=&quot;65&quot; /&gt;&lt;ABS:Obs TIME=&quot;2010&quot; OBS_VALUE=&quot;69&quot; /&gt;&lt;ABS:Obs TIME=&quot;2011&quot; OBS_VALUE=&quot;69&quot; /&gt;&lt;ABS:Obs TIME=&quot;2012&quot; OBS_VALUE=&quot;70&quot; /&gt;&lt;ABS:Obs TIME=&quot;2013&quot; OBS_VALUE=&quot;69&quot; /&gt;&lt;ABS:Obs TIME=&quot;2014&quot; OBS_VALUE=&quot;69&quot; /&gt;&lt;ABS:Obs TIME=&quot;2015&quot; OBS_VALUE=&quot;70&quot; /&gt;&lt;ABS:Obs TIME=&quot;2016&quot; OBS_VALUE=&quot;69&quot; /&gt;&lt;ABS:Obs TIME=&quot;2017&quot; OBS_VALUE=&quot;66&quot; /&gt;&lt;ABS:Obs TIME=&quot;2018&quot; OBS_VALUE=&quot;64&quot; /&gt;&lt;/ABS:Series&gt;&lt;ABS:Series MEASURE=&quot;10&quot; INDIGENOUS_STATUS=&quot;IM&quot; ASGS_2011=&quot;3&quot; FREQUENCY=&quot;A&quot; TIME_FORMAT=&quot;P1Y&quot; UNIT=&quot;PCT&quot; POWERCODE=&quot;0&quot;&gt;&lt;ABS:Obs TIME=&quot;2001&quot; OBS_VALUE=&quot;19&quot; /&gt;&lt;ABS:Obs TIME=&quot;2002&quot; OBS_VALUE=&quot;20&quot; /&gt;&lt;ABS:Obs TIME=&quot;2003&quot; OBS_VALUE=&quot;21&quot; /&gt;&lt;ABS:Obs TIME=&quot;2004&quot; OBS_VALUE=&quot;16&quot; /&gt;&lt;ABS:Obs TIME=&quot;2005&quot; OBS_VALUE=&quot;11&quot; /&gt;&lt;ABS:Obs TIME=&quot;2006&quot; OBS_VALUE=&quot;11&quot; /&gt;&lt;ABS:Obs TIME=&quot;2007&quot; OBS_VALUE=&quot;11&quot; /&gt;&lt;ABS:Obs TIME=&quot;2008&quot; OBS_VALUE=&quot;14&quot; /&gt;&lt;ABS:Obs TIME=&quot;2009&quot; OBS_VALUE=&quot;24&quot; /&gt;&lt;ABS:Obs TIME=&quot;2010&quot; OBS_VALUE=&quot;20&quot; /&gt;&lt;ABS:Obs TIME=&quot;2011&quot; OBS_VALUE=&quot;18&quot; /&gt;&lt;ABS:Obs TIME=&quot;2012&quot; OBS_VALUE=&quot;18&quot; /&gt;&lt;ABS:Obs TIME=&quot;2013&quot; OBS_VALUE=&quot;18&quot; /&gt;&lt;ABS:Obs TIME=&quot;2014&quot; OBS_VALUE=&quot;19&quot; /&gt;&lt;ABS:Obs TIME=&quot;2015&quot; OBS_VALUE=&quot;18&quot; /&gt;&lt;ABS:Obs TIME=&quot;2016&quot; OBS_VALUE=&quot;15&quot; /&gt;&lt;ABS:Obs TIME=&quot;2017&quot; OBS_VALUE=&quot;21&quot; /&gt;&lt;ABS:Obs TIME=&quot;2018&quot; OBS_VALUE=&quot;22&quot; /&gt;&lt;/ABS:Series&gt;&lt;ABS:Series MEASURE=&quot;13&quot; INDIGENOUS_STATUS=&quot;IM&quot; ASGS_2011=&quot;3&quot; FREQUENCY=&quot;A&quot; TIME_FORMAT=&quot;P1Y&quot; UNIT=&quot;NUM&quot; POWERCODE=&quot;0&quot;&gt;&lt;ABS:Obs TIME=&quot;2001&quot; OBS_VALUE=&quot;2391&quot; /&gt;&lt;ABS:Obs TIME=&quot;2002&quot; OBS_VALUE=&quot;2407&quot; /&gt;&lt;ABS:Obs TIME=&quot;2003&quot; OBS_VALUE=&quot;2447&quot; /&gt;&lt;ABS:Obs TIME=&quot;2004&quot; OBS_VALUE=&quot;2361&quot; /&gt;&lt;ABS:Obs TIME=&quot;2005&quot; OBS_VALUE=&quot;2546&quot; /&gt;&lt;ABS:Obs TIME=&quot;2006&quot; OBS_VALUE=&quot;2360&quot; /&gt;&lt;ABS:Obs TIME=&quot;2007&quot; OBS_VALUE=&quot;3129&quot; /&gt;&lt;ABS:Obs TIME=&quot;2008&quot; OBS_VALUE=&quot;3274&quot; /&gt;&lt;ABS:Obs TIME=&quot;2009&quot; OBS_VALUE=&quot;3970&quot; /&gt;&lt;ABS:Obs TIME=&quot;2010&quot; OBS_VALUE=&quot;4059&quot; /&gt;&lt;ABS:Obs TIME=&quot;2011&quot; OBS_VALUE=&quot;3854&quot; /&gt;&lt;ABS:Obs TIME=&quot;2012&quot; OBS_VALUE=&quot;4026&quot; /&gt;&lt;ABS:Obs TIME=&quot;2013&quot; OBS_VALUE=&quot;3722&quot; /&gt;&lt;ABS:Obs TIME=&quot;2014&quot; OBS_VALUE=&quot;3854&quot; /&gt;&lt;ABS:Obs TIME=&quot;2015&quot; OBS_VALUE=&quot;3804&quot; /&gt;&lt;ABS:Obs TIME=&quot;2016&quot; OBS_VALUE=&quot;3771&quot; /&gt;&lt;ABS:Obs TIME=&quot;2017&quot; OBS_VALUE=&quot;4641&quot; /&gt;&lt;ABS:Obs TIME=&quot;2018&quot; OBS_VALUE=&quot;4469&quot; /&gt;&lt;/ABS:Series&gt;&lt;ABS:Series MEASURE=&quot;14&quot; INDIGENOUS_STATUS=&quot;IM&quot; ASGS_2011=&quot;3&quot; FREQUENCY=&quot;A&quot; TIME_FORMAT=&quot;P1Y&quot; UNIT=&quot;YEARS&quot; POWERCODE=&quot;0&quot;&gt;&lt;ABS:Obs TIME=&quot;2001&quot; OBS_VALUE=&quot;24.9&quot; /&gt;&lt;ABS:Obs TIME=&quot;2002&quot; OBS_VALUE=&quot;24.8&quot; /&gt;&lt;ABS:Obs TIME=&quot;2003&quot; OBS_VALUE=&quot;24.9&quot; /&gt;&lt;ABS:Obs TIME=&quot;2004&quot; OBS_VALUE=&quot;25.1&quot; /&gt;&lt;ABS:Obs TIME=&quot;2005&quot; OBS_VALUE=&quot;24.9&quot; /&gt;&lt;ABS:Obs TIME=&quot;2006&quot; OBS_VALUE=&quot;25&quot; /&gt;&lt;ABS:Obs TIME=&quot;2007&quot; OBS_VALUE=&quot;24.8&quot; /&gt;&lt;ABS:Obs TIME=&quot;2008&quot; OBS_VALUE=&quot;24.7&quot; /&gt;&lt;ABS:Obs TIME=&quot;2009&quot; OBS_VALUE=&quot;24.4&quot; /&gt;&lt;ABS:Obs TIME=&quot;2010&quot; OB
Inserting 414 obs
&lt;soap12:Envelope xmlns:xsi=&quot;http://www.w3.org/2001/XMLSchema-instance&quot; xmlns:xsd=&quot;http://www.w3.org/2001/XMLSchema&quot; xmlns:soap12=&quot;http://www.w3.org/2003/05/soap-envelope&quot;&gt;
  &lt;soap12:Body&gt;
    &lt;GetCompactData xmlns=&quot;http://stats.oecd.org/OECDStatWS/SDMX/&quot;&gt;
      &lt;QueryMessage&gt;&lt;message:QueryMessage xmlns:message=&quot;http://www.SDMX.org/resources/SDMXML/schemas/v2_0/message&quot;&gt;&lt;Header xmlns=&quot;http://www.SDMX.org/resources/SDMXML/schemas/v2_0/message&quot;&gt;&lt;message:ID&gt;none&lt;/message:ID&gt;&lt;message:Test&gt;false&lt;/message:Test&gt;&lt;message:Prepared&gt;2016-08-19T00:11:33+08:00&lt;/message:Prepared&gt;&lt;message:Sender id=&quot;Sdmx-Sax&quot; /&gt;&lt;message:Receiver id=&quot;ABS&quot; /&gt;&lt;/Header&gt;&lt;message:Query&gt;&lt;DataWhere xmlns=&quot;http://www.SDMX.org/resources/SDMXML/schemas/v2_0/query&quot;&gt;&lt;And&gt;&lt;DataSet&gt;ATSI_BIRTHS_SUMM&lt;/DataSet&gt;&lt;Time&gt;&lt;StartTime&gt;1000-02-01&lt;/StartTime&gt;&lt;EndTime&gt;2020-04-19&lt;/EndTime&gt;&lt;/Time&gt;&lt;Or&gt;&lt;Dimension id=&quot;INDIGENOUS_STATUS&quot;&gt;IB&lt;/Dimension&gt;&lt;Dimension id=&quot;INDIGENOUS_STATUS&quot;&gt;IM&lt;/Dimension&gt;&lt;Dimension id=&quot;INDIGENOUS_STATUS&quot;&gt;IB&lt;/Dimension&gt;&lt;/Or&gt;&lt;Or&gt;&lt;Dimension id=&quot;ASGS_2011&quot;&gt;4&lt;/Dimension&gt;&lt;/Or&gt;&lt;Or&gt;&lt;Dimension id=&quot;FREQUENCY&quot;&gt;A&lt;/Dimension&gt;&lt;/Or&gt;&lt;Or&gt;&lt;Dimension id=&quot;MEASURE&quot;&gt;1&lt;/Dimension&gt;&lt;Dimension id=&quot;MEASURE&quot;&gt;4&lt;/Dimension&gt;&lt;Dimension id=&quot;MEASURE&quot;&gt;5&lt;/Dimension&gt;&lt;Dimension id=&quot;MEASURE&quot;&gt;7&lt;/Dimension&gt;&lt;Dimension id=&quot;MEASURE&quot;&gt;8&lt;/Dimension&gt;&lt;Dimension id=&quot;MEASURE&quot;&gt;9&lt;/Dimension&gt;&lt;Dimension id=&quot;MEASURE&quot;&gt;10&lt;/Dimension&gt;&lt;Dimension id=&quot;MEASURE&quot;&gt;13&lt;/Dimension&gt;&lt;Dimension id=&quot;MEASURE&quot;&gt;14&lt;/Dimension&gt;&lt;Dimension id=&quot;MEASURE&quot;&gt;15&lt;/Dimension&gt;&lt;Dimension id=&quot;MEASURE&quot;&gt;18&lt;/Dimension&gt;&lt;Dimension id=&quot;MEASURE&quot;&gt;19&lt;/Dimension&gt;&lt;Dimension id=&quot;MEASURE&quot;&gt;20&lt;/Dimension&gt;&lt;/Or&gt;&lt;/And&gt;&lt;/DataWhere&gt;&lt;/message:Query&gt;&lt;/message:QueryMessage&gt;
&lt;/QueryMessage&gt;
&lt;/GetCompactData&gt;
&lt;/soap12:Body&gt;
&lt;/soap12:Envelope&gt;
Header=&lt;message:CompactData xmlns=&quot;http://www.SDMX.org/resources/SDMXML/schemas/v2_0/message&quot; xmlns:common=&quot;http://www.SDMX.org/resources/SDMXML/schemas/v2_0/common&quot; xmlns:compact=&quot;http://www.SDMX.org/resources/SDMXML/schemas/v2_0/compact&quot; xmlns:ABS=&quot;http://oecd.stat.org/Data&quot; xmlns:xsi=&quot;http://www.w3.org/2001/XMLSchema-instance&quot; xsi:schemaLocation=&quot;http://www.SDMX.org/resources/SDMXML/schemas/v2_0/message http://www.sdmx.org/docs/2_0/SDMXMessage.xsd http://oecd.stat.org/Data http://stat.data.abs.gov.au/restsdmx/sdmx.ashx/GetSchema/ATSI_BIRTHS_SUMM&quot; xmlns:message=&quot;http://www.SDMX.org/resources/SDMXML/schemas/v2_0/message&quot;&gt;&lt;Header&gt;&lt;ID&gt;none&lt;/ID&gt;&lt;Test&gt;false&lt;/Test&gt;&lt;Truncated&gt;false&lt;/Truncated&gt;&lt;Prepared&gt;2020-03-19T13:24:15&lt;/Prepared&gt;&lt;Sender id=&quot;ABS&quot;&gt;&lt;Name xml:lang=&quot;en&quot;&gt;Australian Bureau of Statistics&lt;/Name&gt;&lt;Name xml:lang=&quot;fr&quot;&gt;Australian Bureau of Statistics&lt;/Name&gt;&lt;/Sender&gt;&lt;/Header&gt;&lt;ABS:DataSet keyFamilyURI=&quot;http://stat.data.abs.gov.au/restsdmx/sdmx.ashx/GetKeyFamily/ATSI_BIRTHS_SUMM&quot; xmlns:ABS=&quot;http://oecd.stat.org/Data&quot;&gt;&lt;ABS:Series MEASURE=&quot;1&quot; INDIGENOUS_STATUS=&quot;IM&quot; ASGS_2011=&quot;4&quot; FREQUENCY=&quot;A&quot; TIME_FORMAT=&quot;P1Y&quot; UNIT=&quot;NUM&quot; POWERCODE=&quot;0&quot;&gt;&lt;ABS:Obs TIME=&quot;2001&quot; OBS_VALUE=&quot;430&quot; /&gt;&lt;ABS:Obs TIME=&quot;2002&quot; OBS_VALUE=&quot;490&quot; /&gt;&lt;ABS:Obs TIME=&quot;2003&quot; OBS_VALUE=&quot;433&quot; /&gt;&lt;ABS:Obs TIME=&quot;2004&quot; OBS_VALUE=&quot;461&quot; /&gt;&lt;ABS:Obs TIME=&quot;2005&quot; OBS_VALUE=&quot;499&quot; /&gt;&lt;ABS:Obs TIME=&quot;2006&quot; OBS_VALUE=&quot;549&quot; /&gt;&lt;ABS:Obs TIME=&quot;2007&quot; OBS_VALUE=&quot;599&quot; /&gt;&lt;ABS:Obs TIME=&quot;2008&quot; OBS_VALUE=&quot;719&quot; /&gt;&lt;ABS:Obs TIME=&quot;2009&quot; OBS_VALUE=&quot;653&quot; /&gt;&lt;ABS:Obs TIME=&quot;2010&quot; OBS_VALUE=&quot;705&quot; /&gt;&lt;ABS:Obs TIME=&quot;2011&quot; OBS_VALUE=&quot;697&quot; /&gt;&lt;ABS:Obs TIME=&quot;2012&quot; OBS_VALUE=&quot;660&quot; /&gt;&lt;ABS:Obs TIME=&quot;2013&quot; OBS_VALUE=&quot;706&quot; /&gt;&lt;ABS:Obs TIME=&quot;2014&quot; OBS_VALUE=&quot;673&quot; /&gt;&lt;ABS:Obs TIME=&quot;2015&quot; OBS_VALUE=&quot;687&quot; /&gt;&lt;ABS:Obs TIME=&quot;2016&quot; OBS_VALUE=&quot;699&quot; /&gt;&lt;ABS:Obs TIME=&quot;2017&quot; OBS_VALUE=&quot;738&quot; /&gt;&lt;ABS:Obs TIME=&quot;2018&quot; OBS_VALUE=&quot;809&quot; /&gt;&lt;/ABS:Series&gt;&lt;ABS:Series MEASURE=&quot;4&quot; INDIGENOUS_STATUS=&quot;IM&quot; ASGS_2011=&quot;4&quot; FREQUENCY=&quot;A&quot; TIME_FORMAT=&quot;P1Y&quot; UNIT=&quot;NUM&quot; POWERCODE=&quot;0&quot;&gt;&lt;ABS:Obs TIME=&quot;2001&quot; OBS_VALUE=&quot;211&quot; /&gt;&lt;ABS:Obs TIME=&quot;2002&quot; OBS_VALUE=&quot;245&quot; /&gt;&lt;ABS:Obs TIME=&quot;2003&quot; OBS_VALUE=&quot;221&quot; /&gt;&lt;ABS:Obs TIME=&quot;2004&quot; OBS_VALUE=&quot;224&quot; /&gt;&lt;ABS:Obs TIME=&quot;2005&quot; OBS_VALUE=&quot;249&quot; /&gt;&lt;ABS:Obs TIME=&quot;2006&quot; OBS_VALUE=&quot;304&quot; /&gt;&lt;ABS:Obs TIME=&quot;2007&quot; OBS_VALUE=&quot;309&quot; /&gt;&lt;ABS:Obs TIME=&quot;2008&quot; OBS_VALUE=&quot;375&quot; /&gt;&lt;ABS:Obs TIME=&quot;2009&quot; OBS_VALUE=&quot;339&quot; /&gt;&lt;ABS:Obs TIME=&quot;2010&quot; OBS_VALUE=&quot;354&quot; /&gt;&lt;ABS:Obs TIME=&quot;2011&quot; OBS_VALUE=&quot;357&quot; /&gt;&lt;ABS:Obs TIME=&quot;2012&quot; OBS_VALUE=&quot;353&quot; /&gt;&lt;ABS:Obs TIME=&quot;2013&quot; OBS_VALUE=&quot;358&quot; /&gt;&lt;ABS:Obs TIME=&quot;2014&quot; OBS_VALUE=&quot;349&quot; /&gt;&lt;ABS:Obs TIME=&quot;2015&quot; OBS_VALUE=&quot;342&quot; /&gt;&lt;ABS:Obs TIME=&quot;2016&quot; OBS_VALUE=&quot;394&quot; /&gt;&lt;ABS:Obs TIME=&quot;2017&quot; OBS_VALUE=&quot;390&quot; /&gt;&lt;ABS:Obs TIME=&quot;2018&quot; OBS_VALUE=&quot;416&quot; /&gt;&lt;/ABS:Series&gt;&lt;ABS:Series MEASURE=&quot;5&quot; INDIGENOUS_STATUS=&quot;IM&quot; ASGS_2011=&quot;4&quot; FREQUENCY=&quot;A&quot; TIME_FORMAT=&quot;P1Y&quot; UNIT=&quot;NUM&quot; POWERCODE=&quot;0&quot;&gt;&lt;ABS:Obs TIME=&quot;2001&quot; OBS_VALUE=&quot;219&quot; /&gt;&lt;ABS:Obs TIME=&quot;2002&quot; OBS_VALUE=&quot;245&quot; /&gt;&lt;ABS:Obs TIME=&quot;2003&quot; OBS_VALUE=&quot;212&quot; /&gt;&lt;ABS:Obs TIME=&quot;2004&quot; OBS_VALUE=&quot;237&quot; /&gt;&lt;ABS:Obs TIME=&quot;2005&quot; OBS_VALUE=&quot;250&quot; /&gt;&lt;ABS:Obs TIME=&quot;2006&quot; OBS_VALUE=&quot;245&quot; /&gt;&lt;ABS:Obs TIME=&quot;2007&quot; OBS_VALUE=&quot;290&quot; /&gt;&lt;ABS:Obs TIME=&quot;2008&quot; OBS_VALUE=&quot;344&quot; /&gt;&lt;ABS:Obs TIME=&quot;2009&quot; OBS_VALUE=&quot;314&quot; /&gt;&lt;ABS:Obs TIME=&quot;2010&quot; OBS_VALUE=&quot;351&quot; /&gt;&lt;ABS:Obs TIME=&quot;2011&quot; OBS_VALUE=&quot;340&quot; /&gt;&lt;ABS:Obs TIME=&quot;2012&quot; OBS_VALUE=&quot;307&quot; /&gt;&lt;ABS:Obs TIME=&quot;2013&quot; OBS_VALUE=&quot;348&quot; /&gt;&lt;ABS:Obs TIME=&quot;2014&quot; OBS_VALUE=&quot;324&quot; /&gt;&lt;ABS:Obs TIME=&quot;2015&quot; OBS_VALUE=&quot;345&quot; /&gt;&lt;ABS:Obs TIME=&quot;2016&quot; OBS_VALUE=&quot;305&quot; /&gt;&lt;ABS:Obs TIME=&quot;2017&quot; OBS_VALUE=&quot;348&quot; /&gt;&lt;ABS:Obs TIME=&quot;2018&quot; OBS_VALUE=&quot;393&quot; /&gt;&lt;/ABS:Series&gt;&lt;ABS:Series MEASURE=&quot;7&quot; INDIGENOUS_STATUS=&quot;IM&quot; ASGS_2011=&quot;4&quot; FREQUENCY=&quot;A&quot; TIME_FORMAT=&quot;P1Y&quot; UNIT=&quot;PCT&quot; POWERCODE=&quot;0&quot;&gt;&lt;ABS:Obs TIME=&quot;2001&quot; OBS_VALUE=&quot;13&quot; /&gt;&lt;ABS:Obs TIME=&quot;2002&quot; OBS_VALUE=&quot;11&quot; /&gt;&lt;ABS:Obs TIME=&quot;2003&quot; OBS_VALUE=&quot;12&quot; /&gt;&lt;ABS:Obs TIME=&quot;2004&quot; OBS_VALUE=&quot;11&quot; /&gt;&lt;ABS:Obs TIME=&quot;2005&quot; OBS_VALUE=&quot;12&quot; /&gt;&lt;ABS:Obs TIME=&quot;2006&quot; OBS_VALUE=&quot;10&quot; /&gt;&lt;ABS:Obs TIME=&quot;2007&quot; OBS_VALUE=&quot;9&quot; /&gt;&lt;ABS:Obs TIME=&quot;2008&quot; OBS_VALUE=&quot;11&quot; /&gt;&lt;ABS:Obs TIME=&quot;2009&quot; OBS_VALUE=&quot;9&quot; /&gt;&lt;ABS:Obs TIME=&quot;2010&quot; OBS_VALUE=&quot;10&quot; /&gt;&lt;ABS:Obs TIME=&quot;2011&quot; OBS_VALUE=&quot;11&quot; /&gt;&lt;ABS:Obs TIME=&quot;2012&quot; OBS_VALUE=&quot;10&quot; /&gt;&lt;ABS:Obs TIME=&quot;2013&quot; OBS_VALUE=&quot;10&quot; /&gt;&lt;ABS:Obs TIME=&quot;2014&quot; OBS_VALUE=&quot;11&quot; /&gt;&lt;ABS:Obs TIME=&quot;2015&quot; OBS_VALUE=&quot;13&quot; /&gt;&lt;ABS:Obs TIME=&quot;2016&quot; OBS_VALUE=&quot;12&quot; /&gt;&lt;ABS:Obs TIME=&quot;2017&quot; OBS_VALUE=&quot;12&quot; /&gt;&lt;ABS:Obs TIME=&quot;2018&quot; OBS_VALUE=&quot;10&quot; /&gt;&lt;/ABS:Series&gt;&lt;ABS:Series MEASURE=&quot;8&quot; INDIGENOUS_STATUS=&quot;IM&quot; ASGS_2011=&quot;4&quot; FREQUENCY=&quot;A&quot; TIME_FORMAT=&quot;P1Y&quot; UNIT=&quot;PCT&quot; POWERCODE=&quot;0&quot;&gt;&lt;ABS:Obs TIME=&quot;2001&quot; OBS_VALUE=&quot;87&quot; /&gt;&lt;ABS:Obs TIME=&quot;2002&quot; OBS_VALUE=&quot;89&quot; /&gt;&lt;ABS:Obs TIME=&quot;2003&quot; OBS_VALUE=&quot;88&quot; /&gt;&lt;ABS:Obs TIME=&quot;2004&quot; OBS_VALUE=&quot;89&quot; /&gt;&lt;ABS:Obs TIME=&quot;2005&quot; OBS_VALUE=&quot;88&quot; /&gt;&lt;ABS:Obs TIME=&quot;2006&quot; OBS_VALUE=&quot;90&quot; /&gt;&lt;ABS:Obs TIME=&quot;2007&quot; OBS_VALUE=&quot;91&quot; /&gt;&lt;ABS:Obs TIME=&quot;2008&quot; OBS_VALUE=&quot;89&quot; /&gt;&lt;ABS:Obs TIME=&quot;2009&quot; OBS_VALUE=&quot;91&quot; /&gt;&lt;ABS:Obs TIME=&quot;2010&quot; OBS_VALUE=&quot;90&quot; /&gt;&lt;ABS:Obs TIME=&quot;2011&quot; OBS_VALUE=&quot;89&quot; /&gt;&lt;ABS:Obs TIME=&quot;2012&quot; OBS_VALUE=&quot;90&quot; /&gt;&lt;ABS:Obs TIME=&quot;2013&quot; OBS_VALUE=&quot;90&quot; /&gt;&lt;ABS:Obs TIME=&quot;2014&quot; OBS_VALUE=&quot;89&quot; /&gt;&lt;ABS:Obs TIME=&quot;2015&quot; OBS_VALUE=&quot;87&quot; /&gt;&lt;ABS:Obs TIME=&quot;2016&quot; OBS_VALUE=&quot;88&quot; /&gt;&lt;ABS:Obs TIME=&quot;2017&quot; OBS_VALUE=&quot;88&quot; /&gt;&lt;ABS:Obs TIME=&quot;2018&quot; OBS_VALUE=&quot;90&quot; /&gt;&lt;/ABS:Series&gt;&lt;ABS:Series MEASURE=&quot;9&quot; INDIGENOUS_STATUS=&quot;IM&quot; ASGS_2011=&quot;4&quot; FREQUENCY=&quot;A&quot; TIME_FORMAT=&quot;P1Y&quot; UNIT=&quot;PCT&quot; POWERCODE=&quot;0&quot;&gt;&lt;ABS:Obs TIME=&quot;2001&quot; OBS_VALUE=&quot;73&quot; /&gt;&lt;ABS:Obs TIME=&quot;2002&quot; OBS_VALUE=&quot;71&quot; /&gt;&lt;ABS:Obs TIME=&quot;2003&quot; OBS_VALUE=&quot;73&quot; /&gt;&lt;ABS:Obs TIME=&quot;2004&quot; OBS_VALUE=&quot;71&quot; /&gt;&lt;ABS:Obs TIME=&quot;2005&quot; OBS_VALUE=&quot;71&quot; /&gt;&lt;ABS:Obs TIME=&quot;2006&quot; OBS_VALUE=&quot;72&quot; /&gt;&lt;ABS:Obs TIME=&quot;2007&quot; OBS_VALUE=&quot;74&quot; /&gt;&lt;ABS:Obs TIME=&quot;2008&quot; OBS_VALUE=&quot;72&quot; /&gt;&lt;ABS:Obs TIME=&quot;2009&quot; OBS_VALUE=&quot;72&quot; /&gt;&lt;ABS:Obs TIME=&quot;2010&quot; OBS_VALUE=&quot;70&quot; /&gt;&lt;ABS:Obs TIME=&quot;2011&quot; OBS_VALUE=&quot;73&quot; /&gt;&lt;ABS:Obs TIME=&quot;2012&quot; OBS_VALUE=&quot;73&quot; /&gt;&lt;ABS:Obs TIME=&quot;2013&quot; OBS_VALUE=&quot;74&quot; /&gt;&lt;ABS:Obs TIME=&quot;2014&quot; OBS_VALUE=&quot;72&quot; /&gt;&lt;ABS:Obs TIME=&quot;2015&quot; OBS_VALUE=&quot;72&quot; /&gt;&lt;ABS:Obs TIME=&quot;2016&quot; OBS_VALUE=&quot;76&quot; /&gt;&lt;ABS:Obs TIME=&quot;2017&quot; OBS_VALUE=&quot;72&quot; /&gt;&lt;ABS:Obs TIME=&quot;2018&quot; OBS_VALUE=&quot;71&quot; /&gt;&lt;/ABS:Series&gt;&lt;ABS:Series MEASURE=&quot;10&quot; INDIGENOUS_STATUS=&quot;IM&quot; ASGS_2011=&quot;4&quot; FREQUENCY=&quot;A&quot; TIME_FORMAT=&quot;P1Y&quot; UNIT=&quot;PCT&quot; POWERCODE=&quot;0&quot;&gt;&lt;ABS:Obs TIME=&quot;2001&quot; OBS_VALUE=&quot;14&quot; /&gt;&lt;ABS:Obs TIME=&quot;2002&quot; OBS_VALUE=&quot;18&quot; /&gt;&lt;ABS:Obs TIME=&quot;2003&quot; OBS_VALUE=&quot;15&quot; /&gt;&lt;ABS:Obs TIME=&quot;2004&quot; OBS_VALUE=&quot;19&quot; /&gt;&lt;ABS:Obs TIME=&quot;2005&quot; OBS_VALUE=&quot;17&quot; /&gt;&lt;ABS:Obs TIME=&quot;2006&quot; OBS_VALUE=&quot;19&quot; /&gt;&lt;ABS:Obs TIME=&quot;2007&quot; OBS_VALUE=&quot;18&quot; /&gt;&lt;ABS:Obs TIME=&quot;2008&quot; OBS_VALUE=&quot;18&quot; /&gt;&lt;ABS:Obs TIME=&quot;2009&quot; OBS_VALUE=&quot;19&quot; /&gt;&lt;ABS:Obs TIME=&quot;2010&quot; OBS_VALUE=&quot;20&quot; /&gt;&lt;ABS:Obs TIME=&quot;2011&quot; OBS_VALUE=&quot;16&quot; /&gt;&lt;ABS:Obs TIME=&quot;2012&quot; OBS_VALUE=&quot;17&quot; /&gt;&lt;ABS:Obs TIME=&quot;2013&quot; OBS_VALUE=&quot;16&quot; /&gt;&lt;ABS:Obs TIME=&quot;2014&quot; OBS_VALUE=&quot;18&quot; /&gt;&lt;ABS:Obs TIME=&quot;2015&quot; OBS_VALUE=&quot;15&quot; /&gt;&lt;ABS:Obs TIME=&quot;2016&quot; OBS_VALUE=&quot;12&quot; /&gt;&lt;ABS:Obs TIME=&quot;2017&quot; OBS_VALUE=&quot;16&quot; /&gt;&lt;ABS:Obs TIME=&quot;2018&quot; OBS_VALUE=&quot;18&quot; /&gt;&lt;/ABS:Series&gt;&lt;ABS:Series MEASURE=&quot;13&quot; INDIGENOUS_STATUS=&quot;IM&quot; ASGS_2011=&quot;4&quot; FREQUENCY=&quot;A&quot; TIME_FORMAT=&quot;P1Y&quot; UNIT=&quot;NUM&quot; POWERCODE=&quot;0&quot;&gt;&lt;ABS:Obs TIME=&quot;2001&quot; OBS_VALUE=&quot;427&quot; /&gt;&lt;ABS:Obs TIME=&quot;2002&quot; OBS_VALUE=&quot;484&quot; /&gt;&lt;ABS:Obs TIME=&quot;2003&quot; OBS_VALUE=&quot;429&quot; /&gt;&lt;ABS:Obs TIME=&quot;2004&quot; OBS_VALUE=&quot;456&quot; /&gt;&lt;ABS:Obs TIME=&quot;2005&quot; OBS_VALUE=&quot;489&quot; /&gt;&lt;ABS:Obs TIME=&quot;2006&quot; OBS_VALUE=&quot;542&quot; /&gt;&lt;ABS:Obs TIME=&quot;2007&quot; OBS_VALUE=&quot;591&quot; /&gt;&lt;ABS:Obs TIME=&quot;2008&quot; OBS_VALUE=&quot;710&quot; /&gt;&lt;ABS:Obs TIME=&quot;2009&quot; OBS_VALUE=&quot;644&quot; /&gt;&lt;ABS:Obs TIME=&quot;2010&quot; OBS_VALUE=&quot;700&quot; /&gt;&lt;ABS:Obs TIME=&quot;2011&quot; OBS_VALUE=&quot;687&quot; /&gt;&lt;ABS:Obs TIME=&quot;2012&quot; OBS_VALUE=&quot;653&quot; /&gt;&lt;ABS:Obs TIME=&quot;2013&quot; OBS_VALUE=&quot;699&quot; /&gt;&lt;ABS:Obs TIME=&quot;2014&quot; OBS_VALUE=&quot;665&quot; /&gt;&lt;ABS:Obs TIME=&quot;2015&quot; OBS_VALUE=&quot;676&quot; /&gt;&lt;ABS:Obs TIME=&quot;2016&quot; OBS_VALUE=&quot;691&quot; /&gt;&lt;ABS:Obs TIME=&quot;2017&quot; OBS_VALUE=&quot;728&quot; /&gt;&lt;ABS:Obs TIME=&quot;2018&quot; OBS_VALUE=&quot;803&quot; /&gt;&lt;/ABS:Series&gt;&lt;ABS:Series MEASURE=&quot;14&quot; INDIGENOUS_STATUS=&quot;IM&quot; ASGS_2011=&quot;4&quot; FREQUENCY=&quot;A&quot; TIME_FORMAT=&quot;P1Y&quot; UNIT=&quot;YEARS&quot; POWERCODE=&quot;0&quot;&gt;&lt;ABS:Obs TIME=&quot;2001&quot; OBS_VALUE=&quot;25.9&quot; /&gt;&lt;ABS:Obs TIME=&quot;2002&quot; OBS_VALUE=&quot;25.1&quot; /&gt;&lt;ABS:Obs TIME=&quot;2003&quot; OBS_VALUE=&quot;24.8&quot; /&gt;&lt;ABS:Obs TIME=&quot;2004&quot; OBS_VALUE=&quot;25&quot; /&gt;&lt;ABS:Obs TIME=&quot;2005&quot; OBS_VALUE=&quot;23.4&quot; /&gt;&lt;ABS:Obs TIME=&quot;2006&quot; OBS_VALUE=&quot;24.7&quot; /&gt;&lt;ABS:Obs TIME=&quot;2007&quot; OBS_VALUE=&quot;24.3&quot; /&gt;&lt;ABS:Obs TIME=&quot;2008&quot; OBS_VALUE=&quot;24.6&quot; /&gt;&lt;ABS:Obs TIME=&quot;2009&quot; OBS_VALUE=&quot;24.3&quot; /&gt;&lt;ABS:Obs TIME=&quot;2010&quot; OBS_VALUE=&quot;24.5&quot; /&gt;&lt;ABS:Obs TIME=&quot;2011&quot; OBS_VALUE=&quot;24.6&quot; /&gt;&lt;ABS:Obs TIME=&quot;20
Inserting 414 obs
&lt;soap12:Envelope xmlns:xsi=&quot;http://www.w3.org/2001/XMLSchema-instance&quot; xmlns:xsd=&quot;http://www.w3.org/2001/XMLSchema&quot; xmlns:soap12=&quot;http://www.w3.org/2003/05/soap-envelope&quot;&gt;
  &lt;soap12:Body&gt;
    &lt;GetCompactData xmlns=&quot;http://stats.oecd.org/OECDStatWS/SDMX/&quot;&gt;
      &lt;QueryMessage&gt;&lt;message:QueryMessage xmlns:message=&quot;http://www.SDMX.org/resources/SDMXML/schemas/v2_0/message&quot;&gt;&lt;Header xmlns=&quot;http://www.SDMX.org/resources/SDMXML/schemas/v2_0/message&quot;&gt;&lt;message:ID&gt;none&lt;/message:ID&gt;&lt;message:Test&gt;false&lt;/message:Test&gt;&lt;message:Prepared&gt;2016-08-19T00:11:33+08:00&lt;/message:Prepared&gt;&lt;message:Sender id=&quot;Sdmx-Sax&quot; /&gt;&lt;message:Receiver id=&quot;ABS&quot; /&gt;&lt;/Header&gt;&lt;message:Query&gt;&lt;DataWhere xmlns=&quot;http://www.SDMX.org/resources/SDMXML/schemas/v2_0/query&quot;&gt;&lt;And&gt;&lt;DataSet&gt;ATSI_BIRTHS_SUMM&lt;/DataSet&gt;&lt;Time&gt;&lt;StartTime&gt;1000-02-01&lt;/StartTime&gt;&lt;EndTime&gt;2020-04-19&lt;/EndTime&gt;&lt;/Time&gt;&lt;Or&gt;&lt;Dimension id=&quot;INDIGENOUS_STATUS&quot;&gt;IB&lt;/Dimension&gt;&lt;Dimension id=&quot;INDIGENOUS_STATUS&quot;&gt;IM&lt;/Dimension&gt;&lt;Dimension id=&quot;INDIGENOUS_STATUS&quot;&gt;IB&lt;/Dimension&gt;&lt;/Or&gt;&lt;Or&gt;&lt;Dimension id=&quot;ASGS_2011&quot;&gt;5&lt;/Dimension&gt;&lt;/Or&gt;&lt;Or&gt;&lt;Dimension id=&quot;FREQUENCY&quot;&gt;A&lt;/Dimension&gt;&lt;/Or&gt;&lt;Or&gt;&lt;Dimension id=&quot;MEASURE&quot;&gt;1&lt;/Dimension&gt;&lt;Dimension id=&quot;MEASURE&quot;&gt;4&lt;/Dimension&gt;&lt;Dimension id=&quot;MEASURE&quot;&gt;5&lt;/Dimension&gt;&lt;Dimension id=&quot;MEASURE&quot;&gt;7&lt;/Dimension&gt;&lt;Dimension id=&quot;MEASURE&quot;&gt;8&lt;/Dimension&gt;&lt;Dimension id=&quot;MEASURE&quot;&gt;9&lt;/Dimension&gt;&lt;Dimension id=&quot;MEASURE&quot;&gt;10&lt;/Dimension&gt;&lt;Dimension id=&quot;MEASURE&quot;&gt;13&lt;/Dimension&gt;&lt;Dimension id=&quot;MEASURE&quot;&gt;14&lt;/Dimension&gt;&lt;Dimension id=&quot;MEASURE&quot;&gt;15&lt;/Dimension&gt;&lt;Dimension id=&quot;MEASURE&quot;&gt;18&lt;/Dimension&gt;&lt;Dimension id=&quot;MEASURE&quot;&gt;19&lt;/Dimension&gt;&lt;Dimension id=&quot;MEASURE&quot;&gt;20&lt;/Dimension&gt;&lt;/Or&gt;&lt;/And&gt;&lt;/DataWhere&gt;&lt;/message:Query&gt;&lt;/message:QueryMessage&gt;
&lt;/QueryMessage&gt;
&lt;/GetCompactData&gt;
&lt;/soap12:Body&gt;
&lt;/soap12:Envelope&gt;
Header=&lt;message:CompactData xmlns=&quot;http://www.SDMX.org/resources/SDMXML/schemas/v2_0/message&quot; xmlns:common=&quot;http://www.SDMX.org/resources/SDMXML/schemas/v2_0/common&quot; xmlns:compact=&quot;http://www.SDMX.org/resources/SDMXML/schemas/v2_0/compact&quot; xmlns:ABS=&quot;http://oecd.stat.org/Data&quot; xmlns:xsi=&quot;http://www.w3.org/2001/XMLSchema-instance&quot; xsi:schemaLocation=&quot;http://www.SDMX.org/resources/SDMXML/schemas/v2_0/message http://www.sdmx.org/docs/2_0/SDMXMessage.xsd http://oecd.stat.org/Data http://stat.data.abs.gov.au/restsdmx/sdmx.ashx/GetSchema/ATSI_BIRTHS_SUMM&quot; xmlns:message=&quot;http://www.SDMX.org/resources/SDMXML/schemas/v2_0/message&quot;&gt;&lt;Header&gt;&lt;ID&gt;none&lt;/ID&gt;&lt;Test&gt;false&lt;/Test&gt;&lt;Truncated&gt;false&lt;/Truncated&gt;&lt;Prepared&gt;2020-03-19T13:24:20&lt;/Prepared&gt;&lt;Sender id=&quot;ABS&quot;&gt;&lt;Name xml:lang=&quot;en&quot;&gt;Australian Bureau of Statistics&lt;/Name&gt;&lt;Name xml:lang=&quot;fr&quot;&gt;Australian Bureau of Statistics&lt;/Name&gt;&lt;/Sender&gt;&lt;/Header&gt;&lt;ABS:DataSet keyFamilyURI=&quot;http://stat.data.abs.gov.au/restsdmx/sdmx.ashx/GetKeyFamily/ATSI_BIRTHS_SUMM&quot; xmlns:ABS=&quot;http://oecd.stat.org/Data&quot;&gt;&lt;ABS:Series MEASURE=&quot;1&quot; INDIGENOUS_STATUS=&quot;IM&quot; ASGS_2011=&quot;5&quot; FREQUENCY=&quot;A&quot; TIME_FORMAT=&quot;P1Y&quot; UNIT=&quot;NUM&quot; POWERCODE=&quot;0&quot;&gt;&lt;ABS:Obs TIME=&quot;2001&quot; OBS_VALUE=&quot;1267&quot; /&gt;&lt;ABS:Obs TIME=&quot;2002&quot; OBS_VALUE=&quot;1138&quot; /&gt;&lt;ABS:Obs TIME=&quot;2003&quot; OBS_VALUE=&quot;1355&quot; /&gt;&lt;ABS:Obs TIME=&quot;2004&quot; OBS_VALUE=&quot;1371&quot; /&gt;&lt;ABS:Obs TIME=&quot;2005&quot; OBS_VALUE=&quot;1378&quot; /&gt;&lt;ABS:Obs TIME=&quot;2006&quot; OBS_VALUE=&quot;1460&quot; /&gt;&lt;ABS:Obs TIME=&quot;2007&quot; OBS_VALUE=&quot;1646&quot; /&gt;&lt;ABS:Obs TIME=&quot;2008&quot; OBS_VALUE=&quot;1932&quot; /&gt;&lt;ABS:Obs TIME=&quot;2009&quot; OBS_VALUE=&quot;1908&quot; /&gt;&lt;ABS:Obs TIME=&quot;2010&quot; OBS_VALUE=&quot;1815&quot; /&gt;&lt;ABS:Obs TIME=&quot;2011&quot; OBS_VALUE=&quot;1973&quot; /&gt;&lt;ABS:Obs TIME=&quot;2012&quot; OBS_VALUE=&quot;2056&quot; /&gt;&lt;ABS:Obs TIME=&quot;2013&quot; OBS_VALUE=&quot;2194&quot; /&gt;&lt;ABS:Obs TIME=&quot;2014&quot; OBS_VALUE=&quot;2254&quot; /&gt;&lt;ABS:Obs TIME=&quot;2015&quot; OBS_VALUE=&quot;2434&quot; /&gt;&lt;ABS:Obs TIME=&quot;2016&quot; OBS_VALUE=&quot;2210&quot; /&gt;&lt;ABS:Obs TIME=&quot;2017&quot; OBS_VALUE=&quot;2133&quot; /&gt;&lt;ABS:Obs TIME=&quot;2018&quot; OBS_VALUE=&quot;2097&quot; /&gt;&lt;/ABS:Series&gt;&lt;ABS:Series MEASURE=&quot;4&quot; INDIGENOUS_STATUS=&quot;IM&quot; ASGS_2011=&quot;5&quot; FREQUENCY=&quot;A&quot; TIME_FORMAT=&quot;P1Y&quot; UNIT=&quot;NUM&quot; POWERCODE=&quot;0&quot;&gt;&lt;ABS:Obs TIME=&quot;2001&quot; OBS_VALUE=&quot;617&quot; /&gt;&lt;ABS:Obs TIME=&quot;2002&quot; OBS_VALUE=&quot;600&quot; /&gt;&lt;ABS:Obs TIME=&quot;2003&quot; OBS_VALUE=&quot;671&quot; /&gt;&lt;ABS:Obs TIME=&quot;2004&quot; OBS_VALUE=&quot;670&quot; /&gt;&lt;ABS:Obs TIME=&quot;2005&quot; OBS_VALUE=&quot;725&quot; /&gt;&lt;ABS:Obs TIME=&quot;2006&quot; OBS_VALUE=&quot;733&quot; /&gt;&lt;ABS:Obs TIME=&quot;2007&quot; OBS_VALUE=&quot;839&quot; /&gt;&lt;ABS:Obs TIME=&quot;2008&quot; OBS_VALUE=&quot;942&quot; /&gt;&lt;ABS:Obs TIME=&quot;2009&quot; OBS_VALUE=&quot;973&quot; /&gt;&lt;ABS:Obs TIME=&quot;2010&quot; OBS_VALUE=&quot;944&quot; /&gt;&lt;ABS:Obs TIME=&quot;2011&quot; OBS_VALUE=&quot;1031&quot; /&gt;&lt;ABS:Obs TIME=&quot;2012&quot; OBS_VALUE=&quot;1067&quot; /&gt;&lt;ABS:Obs TIME=&quot;2013&quot; OBS_VALUE=&quot;1158&quot; /&gt;&lt;ABS:Obs TIME=&quot;2014&quot; OBS_VALUE=&quot;1184&quot; /&gt;&lt;ABS:Obs TIME=&quot;2015&quot; OBS_VALUE=&quot;1212&quot; /&gt;&lt;ABS:Obs TIME=&quot;2016&quot; OBS_VALUE=&quot;1162&quot; /&gt;&lt;ABS:Obs TIME=&quot;2017&quot; OBS_VALUE=&quot;1093&quot; /&gt;&lt;ABS:Obs TIME=&quot;2018&quot; OBS_VALUE=&quot;1101&quot; /&gt;&lt;/ABS:Series&gt;&lt;ABS:Series MEASURE=&quot;5&quot; INDIGENOUS_STATUS=&quot;IM&quot; ASGS_2011=&quot;5&quot; FREQUENCY=&quot;A&quot; TIME_FORMAT=&quot;P1Y&quot; UNIT=&quot;NUM&quot; POWERCODE=&quot;0&quot;&gt;&lt;ABS:Obs TIME=&quot;2001&quot; OBS_VALUE=&quot;650&quot; /&gt;&lt;ABS:Obs TIME=&quot;2002&quot; OBS_VALUE=&quot;538&quot; /&gt;&lt;ABS:Obs TIME=&quot;2003&quot; OBS_VALUE=&quot;684&quot; /&gt;&lt;ABS:Obs TIME=&quot;2004&quot; OBS_VALUE=&quot;701&quot; /&gt;&lt;ABS:Obs TIME=&quot;2005&quot; OBS_VALUE=&quot;653&quot; /&gt;&lt;ABS:Obs TIME=&quot;2006&quot; OBS_VALUE=&quot;727&quot; /&gt;&lt;ABS:Obs TIME=&quot;2007&quot; OBS_VALUE=&quot;807&quot; /&gt;&lt;ABS:Obs TIME=&quot;2008&quot; OBS_VALUE=&quot;990&quot; /&gt;&lt;ABS:Obs TIME=&quot;2009&quot; OBS_VALUE=&quot;935&quot; /&gt;&lt;ABS:Obs TIME=&quot;2010&quot; OBS_VALUE=&quot;871&quot; /&gt;&lt;ABS:Obs TIME=&quot;2011&quot; OBS_VALUE=&quot;942&quot; /&gt;&lt;ABS:Obs TIME=&quot;2012&quot; OBS_VALUE=&quot;989&quot; /&gt;&lt;ABS:Obs TIME=&quot;2013&quot; OBS_VALUE=&quot;1036&quot; /&gt;&lt;ABS:Obs TIME=&quot;2014&quot; OBS_VALUE=&quot;1070&quot; /&gt;&lt;ABS:Obs TIME=&quot;2015&quot; OBS_VALUE=&quot;1222&quot; /&gt;&lt;ABS:Obs TIME=&quot;2016&quot; OBS_VALUE=&quot;1048&quot; /&gt;&lt;ABS:Obs TIME=&quot;2017&quot; OBS_VALUE=&quot;1040&quot; /&gt;&lt;ABS:Obs TIME=&quot;2018&quot; OBS_VALUE=&quot;996&quot; /&gt;&lt;/ABS:Series&gt;&lt;ABS:Series MEASURE=&quot;7&quot; INDIGENOUS_STATUS=&quot;IM&quot; ASGS_2011=&quot;5&quot; FREQUENCY=&quot;A&quot; TIME_FORMAT=&quot;P1Y&quot; UNIT=&quot;PCT&quot; POWERCODE=&quot;0&quot;&gt;&lt;ABS:Obs TIME=&quot;2001&quot; OBS_VALUE=&quot;10&quot; /&gt;&lt;ABS:Obs TIME=&quot;2002&quot; OBS_VALUE=&quot;12&quot; /&gt;&lt;ABS:Obs TIME=&quot;2003&quot; OBS_VALUE=&quot;8&quot; /&gt;&lt;ABS:Obs TIME=&quot;2004&quot; OBS_VALUE=&quot;8&quot; /&gt;&lt;ABS:Obs TIME=&quot;2005&quot; OBS_VALUE=&quot;10&quot; /&gt;&lt;ABS:Obs TIME=&quot;2006&quot; OBS_VALUE=&quot;9&quot; /&gt;&lt;ABS:Obs TIME=&quot;2007&quot; OBS_VALUE=&quot;8&quot; /&gt;&lt;ABS:Obs TIME=&quot;2008&quot; OBS_VALUE=&quot;10&quot; /&gt;&lt;ABS:Obs TIME=&quot;2009&quot; OBS_VALUE=&quot;7&quot; /&gt;&lt;ABS:Obs TIME=&quot;2010&quot; OBS_VALUE=&quot;10&quot; /&gt;&lt;ABS:Obs TIME=&quot;2011&quot; OBS_VALUE=&quot;9&quot; /&gt;&lt;ABS:Obs TIME=&quot;2012&quot; OBS_VALUE=&quot;8&quot; /&gt;&lt;ABS:Obs TIME=&quot;2013&quot; OBS_VALUE=&quot;7&quot; /&gt;&lt;ABS:Obs TIME=&quot;2014&quot; OBS_VALUE=&quot;9&quot; /&gt;&lt;ABS:Obs TIME=&quot;2015&quot; OBS_VALUE=&quot;7&quot; /&gt;&lt;ABS:Obs TIME=&quot;2016&quot; OBS_VALUE=&quot;7&quot; /&gt;&lt;ABS:Obs TIME=&quot;2017&quot; OBS_VALUE=&quot;7&quot; /&gt;&lt;ABS:Obs TIME=&quot;2018&quot; OBS_VALUE=&quot;8&quot; /&gt;&lt;/ABS:Series&gt;&lt;ABS:Series MEASURE=&quot;8&quot; INDIGENOUS_STATUS=&quot;IM&quot; ASGS_2011=&quot;5&quot; FREQUENCY=&quot;A&quot; TIME_FORMAT=&quot;P1Y&quot; UNIT=&quot;PCT&quot; POWERCODE=&quot;0&quot;&gt;&lt;ABS:Obs TIME=&quot;2001&quot; OBS_VALUE=&quot;90&quot; /&gt;&lt;ABS:Obs TIME=&quot;2002&quot; OBS_VALUE=&quot;88&quot; /&gt;&lt;ABS:Obs TIME=&quot;2003&quot; OBS_VALUE=&quot;92&quot; /&gt;&lt;ABS:Obs TIME=&quot;2004&quot; OBS_VALUE=&quot;92&quot; /&gt;&lt;ABS:Obs TIME=&quot;2005&quot; OBS_VALUE=&quot;90&quot; /&gt;&lt;ABS:Obs TIME=&quot;2006&quot; OBS_VALUE=&quot;91&quot; /&gt;&lt;ABS:Obs TIME=&quot;2007&quot; OBS_VALUE=&quot;92&quot; /&gt;&lt;ABS:Obs TIME=&quot;2008&quot; OBS_VALUE=&quot;90&quot; /&gt;&lt;ABS:Obs TIME=&quot;2009&quot; OBS_VALUE=&quot;93&quot; /&gt;&lt;ABS:Obs TIME=&quot;2010&quot; OBS_VALUE=&quot;90&quot; /&gt;&lt;ABS:Obs TIME=&quot;2011&quot; OBS_VALUE=&quot;91&quot; /&gt;&lt;ABS:Obs TIME=&quot;2012&quot; OBS_VALUE=&quot;92&quot; /&gt;&lt;ABS:Obs TIME=&quot;2013&quot; OBS_VALUE=&quot;93&quot; /&gt;&lt;ABS:Obs TIME=&quot;2014&quot; OBS_VALUE=&quot;91&quot; /&gt;&lt;ABS:Obs TIME=&quot;2015&quot; OBS_VALUE=&quot;93&quot; /&gt;&lt;ABS:Obs TIME=&quot;2016&quot; OBS_VALUE=&quot;93&quot; /&gt;&lt;ABS:Obs TIME=&quot;2017&quot; OBS_VALUE=&quot;93&quot; /&gt;&lt;ABS:Obs TIME=&quot;2018&quot; OBS_VALUE=&quot;92&quot; /&gt;&lt;/ABS:Series&gt;&lt;ABS:Series MEASURE=&quot;9&quot; INDIGENOUS_STATUS=&quot;IM&quot; ASGS_2011=&quot;5&quot; FREQUENCY=&quot;A&quot; TIME_FORMAT=&quot;P1Y&quot; UNIT=&quot;PCT&quot; POWERCODE=&quot;0&quot;&gt;&lt;ABS:Obs TIME=&quot;2001&quot; OBS_VALUE=&quot;73&quot; /&gt;&lt;ABS:Obs TIME=&quot;2002&quot; OBS_VALUE=&quot;73&quot; /&gt;&lt;ABS:Obs TIME=&quot;2003&quot; OBS_VALUE=&quot;75&quot; /&gt;&lt;ABS:Obs TIME=&quot;2004&quot; OBS_VALUE=&quot;74&quot; /&gt;&lt;ABS:Obs TIME=&quot;2005&quot; OBS_VALUE=&quot;74&quot; /&gt;&lt;ABS:Obs TIME=&quot;2006&quot; OBS_VALUE=&quot;75&quot; /&gt;&lt;ABS:Obs TIME=&quot;2007&quot; OBS_VALUE=&quot;73&quot; /&gt;&lt;ABS:Obs TIME=&quot;2008&quot; OBS_VALUE=&quot;73&quot; /&gt;&lt;ABS:Obs TIME=&quot;2009&quot; OBS_VALUE=&quot;74&quot; /&gt;&lt;ABS:Obs TIME=&quot;2010&quot; OBS_VALUE=&quot;73&quot; /&gt;&lt;ABS:Obs TIME=&quot;2011&quot; OBS_VALUE=&quot;69&quot; /&gt;&lt;ABS:Obs TIME=&quot;2012&quot; OBS_VALUE=&quot;70&quot; /&gt;&lt;ABS:Obs TIME=&quot;2013&quot; OBS_VALUE=&quot;70&quot; /&gt;&lt;ABS:Obs TIME=&quot;2014&quot; OBS_VALUE=&quot;70&quot; /&gt;&lt;ABS:Obs TIME=&quot;2015&quot; OBS_VALUE=&quot;68&quot; /&gt;&lt;ABS:Obs TIME=&quot;2016&quot; OBS_VALUE=&quot;66&quot; /&gt;&lt;ABS:Obs TIME=&quot;2017&quot; OBS_VALUE=&quot;69&quot; /&gt;&lt;ABS:Obs TIME=&quot;2018&quot; OBS_VALUE=&quot;71&quot; /&gt;&lt;/ABS:Series&gt;&lt;ABS:Series MEASURE=&quot;10&quot; INDIGENOUS_STATUS=&quot;IM&quot; ASGS_2011=&quot;5&quot; FREQUENCY=&quot;A&quot; TIME_FORMAT=&quot;P1Y&quot; UNIT=&quot;PCT&quot; POWERCODE=&quot;0&quot;&gt;&lt;ABS:Obs TIME=&quot;2001&quot; OBS_VALUE=&quot;17&quot; /&gt;&lt;ABS:Obs TIME=&quot;2002&quot; OBS_VALUE=&quot;15&quot; /&gt;&lt;ABS:Obs TIME=&quot;2003&quot; OBS_VALUE=&quot;17&quot; /&gt;&lt;ABS:Obs TIME=&quot;2004&quot; OBS_VALUE=&quot;17&quot; /&gt;&lt;ABS:Obs TIME=&quot;2005&quot; OBS_VALUE=&quot;16&quot; /&gt;&lt;ABS:Obs TIME=&quot;2006&quot; OBS_VALUE=&quot;16&quot; /&gt;&lt;ABS:Obs TIME=&quot;2007&quot; OBS_VALUE=&quot;18&quot; /&gt;&lt;ABS:Obs TIME=&quot;2008&quot; OBS_VALUE=&quot;17&quot; /&gt;&lt;ABS:Obs TIME=&quot;2009&quot; OBS_VALUE=&quot;18&quot; /&gt;&lt;ABS:Obs TIME=&quot;2010&quot; OBS_VALUE=&quot;18&quot; /&gt;&lt;ABS:Obs TIME=&quot;2011&quot; OBS_VALUE=&quot;22&quot; /&gt;&lt;ABS:Obs TIME=&quot;2012&quot; OBS_VALUE=&quot;22&quot; /&gt;&lt;ABS:Obs TIME=&quot;2013&quot; OBS_VALUE=&quot;23&quot; /&gt;&lt;ABS:Obs TIME=&quot;2014&quot; OBS_VALUE=&quot;21&quot; /&gt;&lt;ABS:Obs TIME=&quot;2015&quot; OBS_VALUE=&quot;25&quot; /&gt;&lt;ABS:Obs TIME=&quot;2016&quot; OBS_VALUE=&quot;26&quot; /&gt;&lt;ABS:Obs TIME=&quot;2017&quot; OBS_VALUE=&quot;23&quot; /&gt;&lt;ABS:Obs TIME=&quot;2018&quot; OBS_VALUE=&quot;21&quot; /&gt;&lt;/ABS:Series&gt;&lt;ABS:Series MEASURE=&quot;13&quot; INDIGENOUS_STATUS=&quot;IM&quot; ASGS_2011=&quot;5&quot; FREQUENCY=&quot;A&quot; TIME_FORMAT=&quot;P1Y&quot; UNIT=&quot;NUM&quot; POWERCODE=&quot;0&quot;&gt;&lt;ABS:Obs TIME=&quot;2001&quot; OBS_VALUE=&quot;1255&quot; /&gt;&lt;ABS:Obs TIME=&quot;2002&quot; OBS_VALUE=&quot;1122&quot; /&gt;&lt;ABS:Obs TIME=&quot;2003&quot; OBS_VALUE=&quot;1335&quot; /&gt;&lt;ABS:Obs TIME=&quot;2004&quot; OBS_VALUE=&quot;1354&quot; /&gt;&lt;ABS:Obs TIME=&quot;2005&quot; OBS_VALUE=&quot;1357&quot; /&gt;&lt;ABS:Obs TIME=&quot;2006&quot; OBS_VALUE=&quot;1446&quot; /&gt;&lt;ABS:Obs TIME=&quot;2007&quot; OBS_VALUE=&quot;1628&quot; /&gt;&lt;ABS:Obs TIME=&quot;2008&quot; OBS_VALUE=&quot;1916&quot; /&gt;&lt;ABS:Obs TIME=&quot;2009&quot; OBS_VALUE=&quot;1887&quot; /&gt;&lt;ABS:Obs TIME=&quot;2010&quot; OBS_VALUE=&quot;1793&quot; /&gt;&lt;ABS:Obs TIME=&quot;2011&quot; OBS_VALUE=&quot;1956&quot; /&gt;&lt;ABS:Obs TIME=&quot;2012&quot; OBS_VALUE=&quot;2032&quot; /&gt;&lt;ABS:Obs TIME=&quot;2013&quot; OBS_VALUE=&quot;2163&quot; /&gt;&lt;ABS:Obs TIME=&quot;2014&quot; OBS_VALUE=&quot;2230&quot; /&gt;&lt;ABS:Obs TIME=&quot;2015&quot; OBS_VALUE=&quot;2406&quot; /&gt;&lt;ABS:Obs TIME=&quot;2016&quot; OBS_VALUE=&quot;2181&quot; /&gt;&lt;ABS:Obs TIME=&quot;2017&quot; OBS_VALUE=&quot;2095&quot; /&gt;&lt;ABS:Obs TIME=&quot;2018&quot; OBS_VALUE=&quot;2072&quot; /&gt;&lt;/ABS:Series&gt;&lt;ABS:Series MEASURE=&quot;14&quot; INDIGENOUS_STATUS=&quot;IM&quot; ASGS_2011=&quot;5&quot; FREQUENCY=&quot;A&quot; TIME_FORMAT=&quot;P1Y&quot; UNIT=&quot;YEARS&quot; POWERCODE=&quot;0&quot;&gt;&lt;ABS:Obs TIME=&quot;2001&quot; OBS_VALUE=&quot;24.3&quot; /&gt;&lt;ABS:Obs TIME=&quot;2002&quot; OBS_VALUE=&quot;24.2&quot; /&gt;&lt;ABS:Obs TIME=&quot;2003&quot; OBS_VALUE=&quot;24.1&quot; /&gt;&lt;ABS:Obs TIME=&quot;2004&quot; OBS_VALUE=&quot;24.1&quot; /&gt;&lt;ABS:Obs TIME=&quot;2005&quot; OBS_VALUE=&quot;23.7&quot; /&gt;&lt;ABS:Obs TIME=&quot;2006&quot; OBS_VALUE=&quot;24&quot; /&gt;&lt;ABS:Obs TIME=&quot;2007&quot; OBS_VALUE=&quot;23.9&quot; /&gt;&lt;ABS:Obs TIME=&quot;2008&quot; OBS_VALUE=&quot;24.2&quot; /&gt;&lt;ABS:Obs TIME=&quot;2009&quot; OBS_VALUE=&quot;24.2&quot; /&gt;&lt;ABS:Obs TIME=&quot;2010&quot; OBS_VALUE=&quot;24.2&quot; /&gt;&lt;ABS:Obs TIME=&quot;2011
Inserting 414 obs
&lt;soap12:Envelope xmlns:xsi=&quot;http://www.w3.org/2001/XMLSchema-instance&quot; xmlns:xsd=&quot;http://www.w3.org/2001/XMLSchema&quot; xmlns:soap12=&quot;http://www.w3.org/2003/05/soap-envelope&quot;&gt;
  &lt;soap12:Body&gt;
    &lt;GetCompactData xmlns=&quot;http://stats.oecd.org/OECDStatWS/SDMX/&quot;&gt;
      &lt;QueryMessage&gt;&lt;message:QueryMessage xmlns:message=&quot;http://www.SDMX.org/resources/SDMXML/schemas/v2_0/message&quot;&gt;&lt;Header xmlns=&quot;http://www.SDMX.org/resources/SDMXML/schemas/v2_0/message&quot;&gt;&lt;message:ID&gt;none&lt;/message:ID&gt;&lt;message:Test&gt;false&lt;/message:Test&gt;&lt;message:Prepared&gt;2016-08-19T00:11:33+08:00&lt;/message:Prepared&gt;&lt;message:Sender id=&quot;Sdmx-Sax&quot; /&gt;&lt;message:Receiver id=&quot;ABS&quot; /&gt;&lt;/Header&gt;&lt;message:Query&gt;&lt;DataWhere xmlns=&quot;http://www.SDMX.org/resources/SDMXML/schemas/v2_0/query&quot;&gt;&lt;And&gt;&lt;DataSet&gt;ATSI_BIRTHS_SUMM&lt;/DataSet&gt;&lt;Time&gt;&lt;StartTime&gt;1000-02-01&lt;/StartTime&gt;&lt;EndTime&gt;2020-04-19&lt;/EndTime&gt;&lt;/Time&gt;&lt;Or&gt;&lt;Dimension id=&quot;INDIGENOUS_STATUS&quot;&gt;IB&lt;/Dimension&gt;&lt;Dimension id=&quot;INDIGENOUS_STATUS&quot;&gt;IM&lt;/Dimension&gt;&lt;Dimension id=&quot;INDIGENOUS_STATUS&quot;&gt;IB&lt;/Dimension&gt;&lt;/Or&gt;&lt;Or&gt;&lt;Dimension id=&quot;ASGS_2011&quot;&gt;6&lt;/Dimension&gt;&lt;/Or&gt;&lt;Or&gt;&lt;Dimension id=&quot;FREQUENCY&quot;&gt;A&lt;/Dimension&gt;&lt;/Or&gt;&lt;Or&gt;&lt;Dimension id=&quot;MEASURE&quot;&gt;1&lt;/Dimension&gt;&lt;Dimension id=&quot;MEASURE&quot;&gt;4&lt;/Dimension&gt;&lt;Dimension id=&quot;MEASURE&quot;&gt;5&lt;/Dimension&gt;&lt;Dimension id=&quot;MEASURE&quot;&gt;7&lt;/Dimension&gt;&lt;Dimension id=&quot;MEASURE&quot;&gt;8&lt;/Dimension&gt;&lt;Dimension id=&quot;MEASURE&quot;&gt;9&lt;/Dimension&gt;&lt;Dimension id=&quot;MEASURE&quot;&gt;10&lt;/Dimension&gt;&lt;Dimension id=&quot;MEASURE&quot;&gt;13&lt;/Dimension&gt;&lt;Dimension id=&quot;MEASURE&quot;&gt;14&lt;/Dimension&gt;&lt;Dimension id=&quot;MEASURE&quot;&gt;15&lt;/Dimension&gt;&lt;Dimension id=&quot;MEASURE&quot;&gt;18&lt;/Dimension&gt;&lt;Dimension id=&quot;MEASURE&quot;&gt;19&lt;/Dimension&gt;&lt;Dimension id=&quot;MEASURE&quot;&gt;20&lt;/Dimension&gt;&lt;/Or&gt;&lt;/And&gt;&lt;/DataWhere&gt;&lt;/message:Query&gt;&lt;/message:QueryMessage&gt;
&lt;/QueryMessage&gt;
&lt;/GetCompactData&gt;
&lt;/soap12:Body&gt;
&lt;/soap12:Envelope&gt;
Header=&lt;message:CompactData xmlns=&quot;http://www.SDMX.org/resources/SDMXML/schemas/v2_0/message&quot; xmlns:common=&quot;http://www.SDMX.org/resources/SDMXML/schemas/v2_0/common&quot; xmlns:compact=&quot;http://www.SDMX.org/resources/SDMXML/schemas/v2_0/compact&quot; xmlns:ABS=&quot;http://oecd.stat.org/Data&quot; xmlns:xsi=&quot;http://www.w3.org/2001/XMLSchema-instance&quot; xsi:schemaLocation=&quot;http://www.SDMX.org/resources/SDMXML/schemas/v2_0/message http://www.sdmx.org/docs/2_0/SDMXMessage.xsd http://oecd.stat.org/Data http://stat.data.abs.gov.au/restsdmx/sdmx.ashx/GetSchema/ATSI_BIRTHS_SUMM&quot; xmlns:message=&quot;http://www.SDMX.org/resources/SDMXML/schemas/v2_0/message&quot;&gt;&lt;Header&gt;&lt;ID&gt;none&lt;/ID&gt;&lt;Test&gt;false&lt;/Test&gt;&lt;Truncated&gt;false&lt;/Truncated&gt;&lt;Prepared&gt;2020-03-19T13:24:25&lt;/Prepared&gt;&lt;Sender id=&quot;ABS&quot;&gt;&lt;Name xml:lang=&quot;en&quot;&gt;Australian Bureau of Statistics&lt;/Name&gt;&lt;Name xml:lang=&quot;fr&quot;&gt;Australian Bureau of Statistics&lt;/Name&gt;&lt;/Sender&gt;&lt;/Header&gt;&lt;ABS:DataSet keyFamilyURI=&quot;http://stat.data.abs.gov.au/restsdmx/sdmx.ashx/GetKeyFamily/ATSI_BIRTHS_SUMM&quot; xmlns:ABS=&quot;http://oecd.stat.org/Data&quot;&gt;&lt;ABS:Series MEASURE=&quot;1&quot; INDIGENOUS_STATUS=&quot;IM&quot; ASGS_2011=&quot;6&quot; FREQUENCY=&quot;A&quot; TIME_FORMAT=&quot;P1Y&quot; UNIT=&quot;NUM&quot; POWERCODE=&quot;0&quot;&gt;&lt;ABS:Obs TIME=&quot;2001&quot; OBS_VALUE=&quot;266&quot; /&gt;&lt;ABS:Obs TIME=&quot;2002&quot; OBS_VALUE=&quot;237&quot; /&gt;&lt;ABS:Obs TIME=&quot;2003&quot; OBS_VALUE=&quot;217&quot; /&gt;&lt;ABS:Obs TIME=&quot;2004&quot; OBS_VALUE=&quot;200&quot; /&gt;&lt;ABS:Obs TIME=&quot;2005&quot; OBS_VALUE=&quot;243&quot; /&gt;&lt;ABS:Obs TIME=&quot;2006&quot; OBS_VALUE=&quot;229&quot; /&gt;&lt;ABS:Obs TIME=&quot;2007&quot; OBS_VALUE=&quot;182&quot; /&gt;&lt;ABS:Obs TIME=&quot;2008&quot; OBS_VALUE=&quot;232&quot; /&gt;&lt;ABS:Obs TIME=&quot;2009&quot; OBS_VALUE=&quot;218&quot; /&gt;&lt;ABS:Obs TIME=&quot;2010&quot; OBS_VALUE=&quot;278&quot; /&gt;&lt;ABS:Obs TIME=&quot;2011&quot; OBS_VALUE=&quot;290&quot; /&gt;&lt;ABS:Obs TIME=&quot;2012&quot; OBS_VALUE=&quot;341&quot; /&gt;&lt;ABS:Obs TIME=&quot;2013&quot; OBS_VALUE=&quot;314&quot; /&gt;&lt;ABS:Obs TIME=&quot;2014&quot; OBS_VALUE=&quot;325&quot; /&gt;&lt;ABS:Obs TIME=&quot;2015&quot; OBS_VALUE=&quot;301&quot; /&gt;&lt;ABS:Obs TIME=&quot;2016&quot; OBS_VALUE=&quot;339&quot; /&gt;&lt;ABS:Obs TIME=&quot;2017&quot; OBS_VALUE=&quot;371&quot; /&gt;&lt;ABS:Obs TIME=&quot;2018&quot; OBS_VALUE=&quot;332&quot; /&gt;&lt;/ABS:Series&gt;&lt;ABS:Series MEASURE=&quot;4&quot; INDIGENOUS_STATUS=&quot;IM&quot; ASGS_2011=&quot;6&quot; FREQUENCY=&quot;A&quot; TIME_FORMAT=&quot;P1Y&quot; UNIT=&quot;NUM&quot; POWERCODE=&quot;0&quot;&gt;&lt;ABS:Obs TIME=&quot;2001&quot; OBS_VALUE=&quot;151&quot; /&gt;&lt;ABS:Obs TIME=&quot;2002&quot; OBS_VALUE=&quot;132&quot; /&gt;&lt;ABS:Obs TIME=&quot;2003&quot; OBS_VALUE=&quot;113&quot; /&gt;&lt;ABS:Obs TIME=&quot;2004&quot; OBS_VALUE=&quot;111&quot; /&gt;&lt;ABS:Obs TIME=&quot;2005&quot; OBS_VALUE=&quot;117&quot; /&gt;&lt;ABS:Obs TIME=&quot;2006&quot; OBS_VALUE=&quot;101&quot; /&gt;&lt;ABS:Obs TIME=&quot;2007&quot; OBS_VALUE=&quot;97&quot; /&gt;&lt;ABS:Obs TIME=&quot;2008&quot; OBS_VALUE=&quot;123&quot; /&gt;&lt;ABS:Obs TIME=&quot;2009&quot; OBS_VALUE=&quot;104&quot; /&gt;&lt;ABS:Obs TIME=&quot;2010&quot; OBS_VALUE=&quot;138&quot; /&gt;&lt;ABS:Obs TIME=&quot;2011&quot; OBS_VALUE=&quot;151&quot; /&gt;&lt;ABS:Obs TIME=&quot;2012&quot; OBS_VALUE=&quot;160&quot; /&gt;&lt;ABS:Obs TIME=&quot;2013&quot; OBS_VALUE=&quot;156&quot; /&gt;&lt;ABS:Obs TIME=&quot;2014&quot; OBS_VALUE=&quot;168&quot; /&gt;&lt;ABS:Obs TIME=&quot;2015&quot; OBS_VALUE=&quot;153&quot; /&gt;&lt;ABS:Obs TIME=&quot;2016&quot; OBS_VALUE=&quot;185&quot; /&gt;&lt;ABS:Obs TIME=&quot;2017&quot; OBS_VALUE=&quot;197&quot; /&gt;&lt;ABS:Obs TIME=&quot;2018&quot; OBS_VALUE=&quot;169&quot; /&gt;&lt;/ABS:Series&gt;&lt;ABS:Series MEASURE=&quot;5&quot; INDIGENOUS_STATUS=&quot;IM&quot; ASGS_2011=&quot;6&quot; FREQUENCY=&quot;A&quot; TIME_FORMAT=&quot;P1Y&quot; UNIT=&quot;NUM&quot; POWERCODE=&quot;0&quot;&gt;&lt;ABS:Obs TIME=&quot;2001&quot; OBS_VALUE=&quot;115&quot; /&gt;&lt;ABS:Obs TIME=&quot;2002&quot; OBS_VALUE=&quot;105&quot; /&gt;&lt;ABS:Obs TIME=&quot;2003&quot; OBS_VALUE=&quot;104&quot; /&gt;&lt;ABS:Obs TIME=&quot;2004&quot; OBS_VALUE=&quot;89&quot; /&gt;&lt;ABS:Obs TIME=&quot;2005&quot; OBS_VALUE=&quot;126&quot; /&gt;&lt;ABS:Obs TIME=&quot;2006&quot; OBS_VALUE=&quot;128&quot; /&gt;&lt;ABS:Obs TIME=&quot;2007&quot; OBS_VALUE=&quot;85&quot; /&gt;&lt;ABS:Obs TIME=&quot;2008&quot; OBS_VALUE=&quot;109&quot; /&gt;&lt;ABS:Obs TIME=&quot;2009&quot; OBS_VALUE=&quot;114&quot; /&gt;&lt;ABS:Obs TIME=&quot;2010&quot; OBS_VALUE=&quot;140&quot; /&gt;&lt;ABS:Obs TIME=&quot;2011&quot; OBS_VALUE=&quot;139&quot; /&gt;&lt;ABS:Obs TIME=&quot;2012&quot; OBS_VALUE=&quot;181&quot; /&gt;&lt;ABS:Obs TIME=&quot;2013&quot; OBS_VALUE=&quot;158&quot; /&gt;&lt;ABS:Obs TIME=&quot;2014&quot; OBS_VALUE=&quot;157&quot; /&gt;&lt;ABS:Obs TIME=&quot;2015&quot; OBS_VALUE=&quot;148&quot; /&gt;&lt;ABS:Obs TIME=&quot;2016&quot; OBS_VALUE=&quot;154&quot; /&gt;&lt;ABS:Obs TIME=&quot;2017&quot; OBS_VALUE=&quot;174&quot; /&gt;&lt;ABS:Obs TIME=&quot;2018&quot; OBS_VALUE=&quot;163&quot; /&gt;&lt;/ABS:Series&gt;&lt;ABS:Series MEASURE=&quot;7&quot; INDIGENOUS_STATUS=&quot;IM&quot; ASGS_2011=&quot;6&quot; FREQUENCY=&quot;A&quot; TIME_FORMAT=&quot;P1Y&quot; UNIT=&quot;PCT&quot; POWERCODE=&quot;0&quot;&gt;&lt;ABS:Obs TIME=&quot;2001&quot; OBS_VALUE=&quot;30&quot; /&gt;&lt;ABS:Obs TIME=&quot;2002&quot; OBS_VALUE=&quot;29&quot; /&gt;&lt;ABS:Obs TIME=&quot;2003&quot; OBS_VALUE=&quot;29&quot; /&gt;&lt;ABS:Obs TIME=&quot;2004&quot; OBS_VALUE=&quot;26&quot; /&gt;&lt;ABS:Obs TIME=&quot;2005&quot; OBS_VALUE=&quot;27&quot; /&gt;&lt;ABS:Obs TIME=&quot;2006&quot; OBS_VALUE=&quot;25&quot; /&gt;&lt;ABS:Obs TIME=&quot;2007&quot; OBS_VALUE=&quot;24&quot; /&gt;&lt;ABS:Obs TIME=&quot;2008&quot; OBS_VALUE=&quot;18&quot; /&gt;&lt;ABS:Obs TIME=&quot;2009&quot; OBS_VALUE=&quot;20&quot; /&gt;&lt;ABS:Obs TIME=&quot;2010&quot; OBS_VALUE=&quot;18&quot; /&gt;&lt;ABS:Obs TIME=&quot;2011&quot; OBS_VALUE=&quot;21&quot; /&gt;&lt;ABS:Obs TIME=&quot;2012&quot; OBS_VALUE=&quot;23&quot; /&gt;&lt;ABS:Obs TIME=&quot;2013&quot; OBS_VALUE=&quot;28&quot; /&gt;&lt;ABS:Obs TIME=&quot;2014&quot; OBS_VALUE=&quot;21&quot; /&gt;&lt;ABS:Obs TIME=&quot;2015&quot; OBS_VALUE=&quot;22&quot; /&gt;&lt;ABS:Obs TIME=&quot;2016&quot; OBS_VALUE=&quot;18&quot; /&gt;&lt;ABS:Obs TIME=&quot;2017&quot; OBS_VALUE=&quot;24&quot; /&gt;&lt;ABS:Obs TIME=&quot;2018&quot; OBS_VALUE=&quot;15&quot; /&gt;&lt;/ABS:Series&gt;&lt;ABS:Series MEASURE=&quot;8&quot; INDIGENOUS_STATUS=&quot;IM&quot; ASGS_2011=&quot;6&quot; FREQUENCY=&quot;A&quot; TIME_FORMAT=&quot;P1Y&quot; UNIT=&quot;PCT&quot; POWERCODE=&quot;0&quot;&gt;&lt;ABS:Obs TIME=&quot;2001&quot; OBS_VALUE=&quot;70&quot; /&gt;&lt;ABS:Obs TIME=&quot;2002&quot; OBS_VALUE=&quot;71&quot; /&gt;&lt;ABS:Obs TIME=&quot;2003&quot; OBS_VALUE=&quot;71&quot; /&gt;&lt;ABS:Obs TIME=&quot;2004&quot; OBS_VALUE=&quot;74&quot; /&gt;&lt;ABS:Obs TIME=&quot;2005&quot; OBS_VALUE=&quot;73&quot; /&gt;&lt;ABS:Obs TIME=&quot;2006&quot; OBS_VALUE=&quot;75&quot; /&gt;&lt;ABS:Obs TIME=&quot;2007&quot; OBS_VALUE=&quot;76&quot; /&gt;&lt;ABS:Obs TIME=&quot;2008&quot; OBS_VALUE=&quot;82&quot; /&gt;&lt;ABS:Obs TIME=&quot;2009&quot; OBS_VALUE=&quot;80&quot; /&gt;&lt;ABS:Obs TIME=&quot;2010&quot; OBS_VALUE=&quot;82&quot; /&gt;&lt;ABS:Obs TIME=&quot;2011&quot; OBS_VALUE=&quot;79&quot; /&gt;&lt;ABS:Obs TIME=&quot;2012&quot; OBS_VALUE=&quot;77&quot; /&gt;&lt;ABS:Obs TIME=&quot;2013&quot; OBS_VALUE=&quot;72&quot; /&gt;&lt;ABS:Obs TIME=&quot;2014&quot; OBS_VALUE=&quot;79&quot; /&gt;&lt;ABS:Obs TIME=&quot;2015&quot; OBS_VALUE=&quot;78&quot; /&gt;&lt;ABS:Obs TIME=&quot;2016&quot; OBS_VALUE=&quot;82&quot; /&gt;&lt;ABS:Obs TIME=&quot;2017&quot; OBS_VALUE=&quot;76&quot; /&gt;&lt;ABS:Obs TIME=&quot;2018&quot; OBS_VALUE=&quot;85&quot; /&gt;&lt;/ABS:Series&gt;&lt;ABS:Series MEASURE=&quot;9&quot; INDIGENOUS_STATUS=&quot;IM&quot; ASGS_2011=&quot;6&quot; FREQUENCY=&quot;A&quot; TIME_FORMAT=&quot;P1Y&quot; UNIT=&quot;PCT&quot; POWERCODE=&quot;0&quot;&gt;&lt;ABS:Obs TIME=&quot;2001&quot; OBS_VALUE=&quot;64&quot; /&gt;&lt;ABS:Obs TIME=&quot;2002&quot; OBS_VALUE=&quot;65&quot; /&gt;&lt;ABS:Obs TIME=&quot;2003&quot; OBS_VALUE=&quot;64&quot; /&gt;&lt;ABS:Obs TIME=&quot;2004&quot; OBS_VALUE=&quot;70&quot; /&gt;&lt;ABS:Obs TIME=&quot;2005&quot; OBS_VALUE=&quot;68&quot; /&gt;&lt;ABS:Obs TIME=&quot;2006&quot; OBS_VALUE=&quot;69&quot; /&gt;&lt;ABS:Obs TIME=&quot;2007&quot; OBS_VALUE=&quot;70&quot; /&gt;&lt;ABS:Obs TIME=&quot;2008&quot; OBS_VALUE=&quot;72&quot; /&gt;&lt;ABS:Obs TIME=&quot;2009&quot; OBS_VALUE=&quot;75&quot; /&gt;&lt;ABS:Obs TIME=&quot;2010&quot; OBS_VALUE=&quot;76&quot; /&gt;&lt;ABS:Obs TIME=&quot;2011&quot; OBS_VALUE=&quot;73&quot; /&gt;&lt;ABS:Obs TIME=&quot;2012&quot; OBS_VALUE=&quot;69&quot; /&gt;&lt;ABS:Obs TIME=&quot;2013&quot; OBS_VALUE=&quot;67&quot; /&gt;&lt;ABS:Obs TIME=&quot;2014&quot; OBS_VALUE=&quot;71&quot; /&gt;&lt;ABS:Obs TIME=&quot;2015&quot; OBS_VALUE=&quot;72&quot; /&gt;&lt;ABS:Obs TIME=&quot;2016&quot; OBS_VALUE=&quot;74&quot; /&gt;&lt;ABS:Obs TIME=&quot;2017&quot; OBS_VALUE=&quot;70&quot; /&gt;&lt;ABS:Obs TIME=&quot;2018&quot; OBS_VALUE=&quot;79&quot; /&gt;&lt;/ABS:Series&gt;&lt;ABS:Series MEASURE=&quot;10&quot; INDIGENOUS_STATUS=&quot;IM&quot; ASGS_2011=&quot;6&quot; FREQUENCY=&quot;A&quot; TIME_FORMAT=&quot;P1Y&quot; UNIT=&quot;PCT&quot; POWERCODE=&quot;0&quot;&gt;&lt;ABS:Obs TIME=&quot;2001&quot; OBS_VALUE=&quot;6&quot; /&gt;&lt;ABS:Obs TIME=&quot;2002&quot; OBS_VALUE=&quot;5&quot; /&gt;&lt;ABS:Obs TIME=&quot;2003&quot; OBS_VALUE=&quot;7&quot; /&gt;&lt;ABS:Obs TIME=&quot;2004&quot; OBS_VALUE=&quot;5&quot; /&gt;&lt;ABS:Obs TIME=&quot;2005&quot; OBS_VALUE=&quot;5&quot; /&gt;&lt;ABS:Obs TIME=&quot;2006&quot; OBS_VALUE=&quot;6&quot; /&gt;&lt;ABS:Obs TIME=&quot;2007&quot; OBS_VALUE=&quot;7&quot; /&gt;&lt;ABS:Obs TIME=&quot;2008&quot; OBS_VALUE=&quot;9&quot; /&gt;&lt;ABS:Obs TIME=&quot;2009&quot; OBS_VALUE=&quot;6&quot; /&gt;&lt;ABS:Obs TIME=&quot;2010&quot; OBS_VALUE=&quot;5&quot; /&gt;&lt;ABS:Obs TIME=&quot;2011&quot; OBS_VALUE=&quot;7&quot; /&gt;&lt;ABS:Obs TIME=&quot;2012&quot; OBS_VALUE=&quot;8&quot; /&gt;&lt;ABS:Obs TIME=&quot;2013&quot; OBS_VALUE=&quot;5&quot; /&gt;&lt;ABS:Obs TIME=&quot;2014&quot; OBS_VALUE=&quot;7&quot; /&gt;&lt;ABS:Obs TIME=&quot;2015&quot; OBS_VALUE=&quot;6&quot; /&gt;&lt;ABS:Obs TIME=&quot;2016&quot; OBS_VALUE=&quot;8&quot; /&gt;&lt;ABS:Obs TIME=&quot;2017&quot; OBS_VALUE=&quot;6&quot; /&gt;&lt;ABS:Obs TIME=&quot;2018&quot; OBS_VALUE=&quot;6&quot; /&gt;&lt;/ABS:Series&gt;&lt;ABS:Series MEASURE=&quot;13&quot; INDIGENOUS_STATUS=&quot;IM&quot; ASGS_2011=&quot;6&quot; FREQUENCY=&quot;A&quot; TIME_FORMAT=&quot;P1Y&quot; UNIT=&quot;NUM&quot; POWERCODE=&quot;0&quot;&gt;&lt;ABS:Obs TIME=&quot;2001&quot; OBS_VALUE=&quot;263&quot; /&gt;&lt;ABS:Obs TIME=&quot;2002&quot; OBS_VALUE=&quot;233&quot; /&gt;&lt;ABS:Obs TIME=&quot;2003&quot; OBS_VALUE=&quot;211&quot; /&gt;&lt;ABS:Obs TIME=&quot;2004&quot; OBS_VALUE=&quot;194&quot; /&gt;&lt;ABS:Obs TIME=&quot;2005&quot; OBS_VALUE=&quot;240&quot; /&gt;&lt;ABS:Obs TIME=&quot;2006&quot; OBS_VALUE=&quot;226&quot; /&gt;&lt;ABS:Obs TIME=&quot;2007&quot; OBS_VALUE=&quot;180&quot; /&gt;&lt;ABS:Obs TIME=&quot;2008&quot; OBS_VALUE=&quot;226&quot; /&gt;&lt;ABS:Obs TIME=&quot;2009&quot; OBS_VALUE=&quot;216&quot; /&gt;&lt;ABS:Obs TIME=&quot;2010&quot; OBS_VALUE=&quot;278&quot; /&gt;&lt;ABS:Obs TIME=&quot;2011&quot; OBS_VALUE=&quot;289&quot; /&gt;&lt;ABS:Obs TIME=&quot;2012&quot; OBS_VALUE=&quot;341&quot; /&gt;&lt;ABS:Obs TIME=&quot;2013&quot; OBS_VALUE=&quot;309&quot; /&gt;&lt;ABS:Obs TIME=&quot;2014&quot; OBS_VALUE=&quot;323&quot; /&gt;&lt;ABS:Obs TIME=&quot;2015&quot; OBS_VALUE=&quot;298&quot; /&gt;&lt;ABS:Obs TIME=&quot;2016&quot; OBS_VALUE=&quot;333&quot; /&gt;&lt;ABS:Obs TIME=&quot;2017&quot; OBS_VALUE=&quot;363&quot; /&gt;&lt;ABS:Obs TIME=&quot;2018&quot; OBS_VALUE=&quot;327&quot; /&gt;&lt;/ABS:Series&gt;&lt;ABS:Series MEASURE=&quot;14&quot; INDIGENOUS_STATUS=&quot;IM&quot; ASGS_2011=&quot;6&quot; FREQUENCY=&quot;A&quot; TIME_FORMAT=&quot;P1Y&quot; UNIT=&quot;YEARS&quot; POWERCODE=&quot;0&quot;&gt;&lt;ABS:Obs TIME=&quot;2001&quot; OBS_VALUE=&quot;24.7&quot; /&gt;&lt;ABS:Obs TIME=&quot;2002&quot; OBS_VALUE=&quot;25.1&quot; /&gt;&lt;ABS:Obs TIME=&quot;2003&quot; OBS_VALUE=&quot;23.6&quot; /&gt;&lt;ABS:Obs TIME=&quot;2004&quot; OBS_VALUE=&quot;24.8&quot; /&gt;&lt;ABS:Obs TIME=&quot;2005&quot; OBS_VALUE=&quot;25.3&quot; /&gt;&lt;ABS:Obs TIME=&quot;2006&quot; OBS_VALUE=&quot;23.9&quot; /&gt;&lt;ABS:Obs TIME=&quot;2007&quot; OBS_VALUE=&quot;24.7&quot; /&gt;&lt;ABS:Obs TIME=&quot;2008&quot; OBS_VALUE=&quot;24.8&quot; /&gt;&lt;ABS:Obs TIME=&quot;2009&quot; OBS_VALUE=&quot;24.8&quot; /&gt;&lt;ABS:Obs TIME=&quot;2010&quot; OBS_VALUE=&quot;24.7&quot; /&gt;&lt;ABS:Obs TIME=&quot;2011&quot; OBS_VALUE=&quot;25.3&quot; /&gt;&lt;ABS:Obs TIME=&quot;2012&quot; OBS_VALUE=&quot;26
Inserting 414 obs
&lt;soap12:Envelope xmlns:xsi=&quot;http://www.w3.org/2001/XMLSchema-instance&quot; xmlns:xsd=&quot;http://www.w3.org/2001/XMLSchema&quot; xmlns:soap12=&quot;http://www.w3.org/2003/05/soap-envelope&quot;&gt;
  &lt;soap12:Body&gt;
    &lt;GetCompactData xmlns=&quot;http://stats.oecd.org/OECDStatWS/SDMX/&quot;&gt;
      &lt;QueryMessage&gt;&lt;message:QueryMessage xmlns:message=&quot;http://www.SDMX.org/resources/SDMXML/schemas/v2_0/message&quot;&gt;&lt;Header xmlns=&quot;http://www.SDMX.org/resources/SDMXML/schemas/v2_0/message&quot;&gt;&lt;message:ID&gt;none&lt;/message:ID&gt;&lt;message:Test&gt;false&lt;/message:Test&gt;&lt;message:Prepared&gt;2016-08-19T00:11:33+08:00&lt;/message:Prepared&gt;&lt;message:Sender id=&quot;Sdmx-Sax&quot; /&gt;&lt;message:Receiver id=&quot;ABS&quot; /&gt;&lt;/Header&gt;&lt;message:Query&gt;&lt;DataWhere xmlns=&quot;http://www.SDMX.org/resources/SDMXML/schemas/v2_0/query&quot;&gt;&lt;And&gt;&lt;DataSet&gt;ATSI_BIRTHS_SUMM&lt;/DataSet&gt;&lt;Time&gt;&lt;StartTime&gt;1000-02-01&lt;/StartTime&gt;&lt;EndTime&gt;2020-04-19&lt;/EndTime&gt;&lt;/Time&gt;&lt;Or&gt;&lt;Dimension id=&quot;INDIGENOUS_STATUS&quot;&gt;IB&lt;/Dimension&gt;&lt;Dimension id=&quot;INDIGENOUS_STATUS&quot;&gt;IM&lt;/Dimension&gt;&lt;Dimension id=&quot;INDIGENOUS_STATUS&quot;&gt;IB&lt;/Dimension&gt;&lt;/Or&gt;&lt;Or&gt;&lt;Dimension id=&quot;ASGS_2011&quot;&gt;7&lt;/Dimension&gt;&lt;/Or&gt;&lt;Or&gt;&lt;Dimension id=&quot;FREQUENCY&quot;&gt;A&lt;/Dimension&gt;&lt;/Or&gt;&lt;Or&gt;&lt;Dimension id=&quot;MEASURE&quot;&gt;1&lt;/Dimension&gt;&lt;Dimension id=&quot;MEASURE&quot;&gt;4&lt;/Dimension&gt;&lt;Dimension id=&quot;MEASURE&quot;&gt;5&lt;/Dimension&gt;&lt;Dimension id=&quot;MEASURE&quot;&gt;7&lt;/Dimension&gt;&lt;Dimension id=&quot;MEASURE&quot;&gt;8&lt;/Dimension&gt;&lt;Dimension id=&quot;MEASURE&quot;&gt;9&lt;/Dimension&gt;&lt;Dimension id=&quot;MEASURE&quot;&gt;10&lt;/Dimension&gt;&lt;Dimension id=&quot;MEASURE&quot;&gt;13&lt;/Dimension&gt;&lt;Dimension id=&quot;MEASURE&quot;&gt;14&lt;/Dimension&gt;&lt;Dimension id=&quot;MEASURE&quot;&gt;15&lt;/Dimension&gt;&lt;Dimension id=&quot;MEASURE&quot;&gt;18&lt;/Dimension&gt;&lt;Dimension id=&quot;MEASURE&quot;&gt;19&lt;/Dimension&gt;&lt;Dimension id=&quot;MEASURE&quot;&gt;20&lt;/Dimension&gt;&lt;/Or&gt;&lt;/And&gt;&lt;/DataWhere&gt;&lt;/message:Query&gt;&lt;/message:QueryMessage&gt;
&lt;/QueryMessage&gt;
&lt;/GetCompactData&gt;
&lt;/soap12:Body&gt;
&lt;/soap12:Envelope&gt;
Header=&lt;message:CompactData xmlns=&quot;http://www.SDMX.org/resources/SDMXML/schemas/v2_0/message&quot; xmlns:common=&quot;http://www.SDMX.org/resources/SDMXML/schemas/v2_0/common&quot; xmlns:compact=&quot;http://www.SDMX.org/resources/SDMXML/schemas/v2_0/compact&quot; xmlns:ABS=&quot;http://oecd.stat.org/Data&quot; xmlns:xsi=&quot;http://www.w3.org/2001/XMLSchema-instance&quot; xsi:schemaLocation=&quot;http://www.SDMX.org/resources/SDMXML/schemas/v2_0/message http://www.sdmx.org/docs/2_0/SDMXMessage.xsd http://oecd.stat.org/Data http://stat.data.abs.gov.au/restsdmx/sdmx.ashx/GetSchema/ATSI_BIRTHS_SUMM&quot; xmlns:message=&quot;http://www.SDMX.org/resources/SDMXML/schemas/v2_0/message&quot;&gt;&lt;Header&gt;&lt;ID&gt;none&lt;/ID&gt;&lt;Test&gt;false&lt;/Test&gt;&lt;Truncated&gt;false&lt;/Truncated&gt;&lt;Prepared&gt;2020-03-19T13:24:31&lt;/Prepared&gt;&lt;Sender id=&quot;ABS&quot;&gt;&lt;Name xml:lang=&quot;en&quot;&gt;Australian Bureau of Statistics&lt;/Name&gt;&lt;Name xml:lang=&quot;fr&quot;&gt;Australian Bureau of Statistics&lt;/Name&gt;&lt;/Sender&gt;&lt;/Header&gt;&lt;ABS:DataSet keyFamilyURI=&quot;http://stat.data.abs.gov.au/restsdmx/sdmx.ashx/GetKeyFamily/ATSI_BIRTHS_SUMM&quot; xmlns:ABS=&quot;http://oecd.stat.org/Data&quot;&gt;&lt;ABS:Series MEASURE=&quot;1&quot; INDIGENOUS_STATUS=&quot;IM&quot; ASGS_2011=&quot;7&quot; FREQUENCY=&quot;A&quot; TIME_FORMAT=&quot;P1Y&quot; UNIT=&quot;NUM&quot; POWERCODE=&quot;0&quot;&gt;&lt;ABS:Obs TIME=&quot;2001&quot; OBS_VALUE=&quot;1593&quot; /&gt;&lt;ABS:Obs TIME=&quot;2002&quot; OBS_VALUE=&quot;1456&quot; /&gt;&lt;ABS:Obs TIME=&quot;2003&quot; OBS_VALUE=&quot;1520&quot; /&gt;&lt;ABS:Obs TIME=&quot;2004&quot; OBS_VALUE=&quot;1415&quot; /&gt;&lt;ABS:Obs TIME=&quot;2005&quot; OBS_VALUE=&quot;1367&quot; /&gt;&lt;ABS:Obs TIME=&quot;2006&quot; OBS_VALUE=&quot;1459&quot; /&gt;&lt;ABS:Obs TIME=&quot;2007&quot; OBS_VALUE=&quot;1502&quot; /&gt;&lt;ABS:Obs TIME=&quot;2008&quot; OBS_VALUE=&quot;1431&quot; /&gt;&lt;ABS:Obs TIME=&quot;2009&quot; OBS_VALUE=&quot;1390&quot; /&gt;&lt;ABS:Obs TIME=&quot;2010&quot; OBS_VALUE=&quot;1439&quot; /&gt;&lt;ABS:Obs TIME=&quot;2011&quot; OBS_VALUE=&quot;1424&quot; /&gt;&lt;ABS:Obs TIME=&quot;2012&quot; OBS_VALUE=&quot;1442&quot; /&gt;&lt;ABS:Obs TIME=&quot;2013&quot; OBS_VALUE=&quot;1301&quot; /&gt;&lt;ABS:Obs TIME=&quot;2014&quot; OBS_VALUE=&quot;1334&quot; /&gt;&lt;ABS:Obs TIME=&quot;2015&quot; OBS_VALUE=&quot;1247&quot; /&gt;&lt;ABS:Obs TIME=&quot;2016&quot; OBS_VALUE=&quot;1247&quot; /&gt;&lt;ABS:Obs TIME=&quot;2017&quot; OBS_VALUE=&quot;1240&quot; /&gt;&lt;ABS:Obs TIME=&quot;2018&quot; OBS_VALUE=&quot;1508&quot; /&gt;&lt;/ABS:Series&gt;&lt;ABS:Series MEASURE=&quot;4&quot; INDIGENOUS_STATUS=&quot;IM&quot; ASGS_2011=&quot;7&quot; FREQUENCY=&quot;A&quot; TIME_FORMAT=&quot;P1Y&quot; UNIT=&quot;NUM&quot; POWERCODE=&quot;0&quot;&gt;&lt;ABS:Obs TIME=&quot;2001&quot; OBS_VALUE=&quot;836&quot; /&gt;&lt;ABS:Obs TIME=&quot;2002&quot; OBS_VALUE=&quot;745&quot; /&gt;&lt;ABS:Obs TIME=&quot;2003&quot; OBS_VALUE=&quot;803&quot; /&gt;&lt;ABS:Obs TIME=&quot;2004&quot; OBS_VALUE=&quot;732&quot; /&gt;&lt;ABS:Obs TIME=&quot;2005&quot; OBS_VALUE=&quot;708&quot; /&gt;&lt;ABS:Obs TIME=&quot;2006&quot; OBS_VALUE=&quot;729&quot; /&gt;&lt;ABS:Obs TIME=&quot;2007&quot; OBS_VALUE=&quot;797&quot; /&gt;&lt;ABS:Obs TIME=&quot;2008&quot; OBS_VALUE=&quot;747&quot; /&gt;&lt;ABS:Obs TIME=&quot;2009&quot; OBS_VALUE=&quot;722&quot; /&gt;&lt;ABS:Obs TIME=&quot;2010&quot; OBS_VALUE=&quot;744&quot; /&gt;&lt;ABS:Obs TIME=&quot;2011&quot; OBS_VALUE=&quot;711&quot; /&gt;&lt;ABS:Obs TIME=&quot;2012&quot; OBS_VALUE=&quot;739&quot; /&gt;&lt;ABS:Obs TIME=&quot;2013&quot; OBS_VALUE=&quot;653&quot; /&gt;&lt;ABS:Obs TIME=&quot;2014&quot; OBS_VALUE=&quot;702&quot; /&gt;&lt;ABS:Obs TIME=&quot;2015&quot; OBS_VALUE=&quot;675&quot; /&gt;&lt;ABS:Obs TIME=&quot;2016&quot; OBS_VALUE=&quot;638&quot; /&gt;&lt;ABS:Obs TIME=&quot;2017&quot; OBS_VALUE=&quot;652&quot; /&gt;&lt;ABS:Obs TIME=&quot;2018&quot; OBS_VALUE=&quot;775&quot; /&gt;&lt;/ABS:Series&gt;&lt;ABS:Series MEASURE=&quot;5&quot; INDIGENOUS_STATUS=&quot;IM&quot; ASGS_2011=&quot;7&quot; FREQUENCY=&quot;A&quot; TIME_FORMAT=&quot;P1Y&quot; UNIT=&quot;NUM&quot; POWERCODE=&quot;0&quot;&gt;&lt;ABS:Obs TIME=&quot;2001&quot; OBS_VALUE=&quot;757&quot; /&gt;&lt;ABS:Obs TIME=&quot;2002&quot; OBS_VALUE=&quot;711&quot; /&gt;&lt;ABS:Obs TIME=&quot;2003&quot; OBS_VALUE=&quot;717&quot; /&gt;&lt;ABS:Obs TIME=&quot;2004&quot; OBS_VALUE=&quot;683&quot; /&gt;&lt;ABS:Obs TIME=&quot;2005&quot; OBS_VALUE=&quot;659&quot; /&gt;&lt;ABS:Obs TIME=&quot;2006&quot; OBS_VALUE=&quot;730&quot; /&gt;&lt;ABS:Obs TIME=&quot;2007&quot; OBS_VALUE=&quot;705&quot; /&gt;&lt;ABS:Obs TIME=&quot;2008&quot; OBS_VALUE=&quot;684&quot; /&gt;&lt;ABS:Obs TIME=&quot;2009&quot; OBS_VALUE=&quot;668&quot; /&gt;&lt;ABS:Obs TIME=&quot;2010&quot; OBS_VALUE=&quot;695&quot; /&gt;&lt;ABS:Obs TIME=&quot;2011&quot; OBS_VALUE=&quot;713&quot; /&gt;&lt;ABS:Obs TIME=&quot;2012&quot; OBS_VALUE=&quot;703&quot; /&gt;&lt;ABS:Obs TIME=&quot;2013&quot; OBS_VALUE=&quot;648&quot; /&gt;&lt;ABS:Obs TIME=&quot;2014&quot; OBS_VALUE=&quot;632&quot; /&gt;&lt;ABS:Obs TIME=&quot;2015&quot; OBS_VALUE=&quot;572&quot; /&gt;&lt;ABS:Obs TIME=&quot;2016&quot; OBS_VALUE=&quot;609&quot; /&gt;&lt;ABS:Obs TIME=&quot;2017&quot; OBS_VALUE=&quot;588&quot; /&gt;&lt;ABS:Obs TIME=&quot;2018&quot; OBS_VALUE=&quot;733&quot; /&gt;&lt;/ABS:Series&gt;&lt;ABS:Series MEASURE=&quot;7&quot; INDIGENOUS_STATUS=&quot;IM&quot; ASGS_2011=&quot;7&quot; FREQUENCY=&quot;A&quot; TIME_FORMAT=&quot;P1Y&quot; UNIT=&quot;PCT&quot; POWERCODE=&quot;0&quot;&gt;&lt;ABS:Obs TIME=&quot;2001&quot; OBS_VALUE=&quot;4&quot; /&gt;&lt;ABS:Obs TIME=&quot;2002&quot; OBS_VALUE=&quot;3&quot; /&gt;&lt;ABS:Obs TIME=&quot;2003&quot; OBS_VALUE=&quot;3&quot; /&gt;&lt;ABS:Obs TIME=&quot;2004&quot; OBS_VALUE=&quot;3&quot; /&gt;&lt;ABS:Obs TIME=&quot;2005&quot; OBS_VALUE=&quot;2&quot; /&gt;&lt;ABS:Obs TIME=&quot;2006&quot; OBS_VALUE=&quot;4&quot; /&gt;&lt;ABS:Obs TIME=&quot;2007&quot; OBS_VALUE=&quot;3&quot; /&gt;&lt;ABS:Obs TIME=&quot;2008&quot; OBS_VALUE=&quot;4&quot; /&gt;&lt;ABS:Obs TIME=&quot;2009&quot; OBS_VALUE=&quot;3&quot; /&gt;&lt;ABS:Obs TIME=&quot;2010&quot; OBS_VALUE=&quot;4&quot; /&gt;&lt;ABS:Obs TIME=&quot;2011&quot; OBS_VALUE=&quot;4&quot; /&gt;&lt;ABS:Obs TIME=&quot;2012&quot; OBS_VALUE=&quot;4&quot; /&gt;&lt;ABS:Obs TIME=&quot;2013&quot; OBS_VALUE=&quot;4&quot; /&gt;&lt;ABS:Obs TIME=&quot;2014&quot; OBS_VALUE=&quot;3&quot; /&gt;&lt;ABS:Obs TIME=&quot;2015&quot; OBS_VALUE=&quot;4&quot; /&gt;&lt;ABS:Obs TIME=&quot;2016&quot; OBS_VALUE=&quot;5&quot; /&gt;&lt;ABS:Obs TIME=&quot;2017&quot; OBS_VALUE=&quot;4&quot; /&gt;&lt;ABS:Obs TIME=&quot;2018&quot; OBS_VALUE=&quot;4&quot; /&gt;&lt;/ABS:Series&gt;&lt;ABS:Series MEASURE=&quot;8&quot; INDIGENOUS_STATUS=&quot;IM&quot; ASGS_2011=&quot;7&quot; FREQUENCY=&quot;A&quot; TIME_FORMAT=&quot;P1Y&quot; UNIT=&quot;PCT&quot; POWERCODE=&quot;0&quot;&gt;&lt;ABS:Obs TIME=&quot;2001&quot; OBS_VALUE=&quot;96&quot; /&gt;&lt;ABS:Obs TIME=&quot;2002&quot; OBS_VALUE=&quot;97&quot; /&gt;&lt;ABS:Obs TIME=&quot;2003&quot; OBS_VALUE=&quot;97&quot; /&gt;&lt;ABS:Obs TIME=&quot;2004&quot; OBS_VALUE=&quot;97&quot; /&gt;&lt;ABS:Obs TIME=&quot;2005&quot; OBS_VALUE=&quot;98&quot; /&gt;&lt;ABS:Obs TIME=&quot;2006&quot; OBS_VALUE=&quot;96&quot; /&gt;&lt;ABS:Obs TIME=&quot;2007&quot; OBS_VALUE=&quot;97&quot; /&gt;&lt;ABS:Obs TIME=&quot;2008&quot; OBS_VALUE=&quot;96&quot; /&gt;&lt;ABS:Obs TIME=&quot;2009&quot; OBS_VALUE=&quot;97&quot; /&gt;&lt;ABS:Obs TIME=&quot;2010&quot; OBS_VALUE=&quot;96&quot; /&gt;&lt;ABS:Obs TIME=&quot;2011&quot; OBS_VALUE=&quot;96&quot; /&gt;&lt;ABS:Obs TIME=&quot;2012&quot; OBS_VALUE=&quot;96&quot; /&gt;&lt;ABS:Obs TIME=&quot;2013&quot; OBS_VALUE=&quot;96&quot; /&gt;&lt;ABS:Obs TIME=&quot;2014&quot; OBS_VALUE=&quot;97&quot; /&gt;&lt;ABS:Obs TIME=&quot;2015&quot; OBS_VALUE=&quot;96&quot; /&gt;&lt;ABS:Obs TIME=&quot;2016&quot; OBS_VALUE=&quot;95&quot; /&gt;&lt;ABS:Obs TIME=&quot;2017&quot; OBS_VALUE=&quot;96&quot; /&gt;&lt;ABS:Obs TIME=&quot;2018&quot; OBS_VALUE=&quot;96&quot; /&gt;&lt;/ABS:Series&gt;&lt;ABS:Series MEASURE=&quot;9&quot; INDIGENOUS_STATUS=&quot;IM&quot; ASGS_2011=&quot;7&quot; FREQUENCY=&quot;A&quot; TIME_FORMAT=&quot;P1Y&quot; UNIT=&quot;PCT&quot; POWERCODE=&quot;0&quot;&gt;&lt;ABS:Obs TIME=&quot;2001&quot; OBS_VALUE=&quot;47&quot; /&gt;&lt;ABS:Obs TIME=&quot;2002&quot; OBS_VALUE=&quot;48&quot; /&gt;&lt;ABS:Obs TIME=&quot;2003&quot; OBS_VALUE=&quot;47&quot; /&gt;&lt;ABS:Obs TIME=&quot;2004&quot; OBS_VALUE=&quot;49&quot; /&gt;&lt;ABS:Obs TIME=&quot;2005&quot; OBS_VALUE=&quot;49&quot; /&gt;&lt;ABS:Obs TIME=&quot;2006&quot; OBS_VALUE=&quot;49&quot; /&gt;&lt;ABS:Obs TIME=&quot;2007&quot; OBS_VALUE=&quot;53&quot; /&gt;&lt;ABS:Obs TIME=&quot;2008&quot; OBS_VALUE=&quot;61&quot; /&gt;&lt;ABS:Obs TIME=&quot;2009&quot; OBS_VALUE=&quot;56&quot; /&gt;&lt;ABS:Obs TIME=&quot;2010&quot; OBS_VALUE=&quot;58&quot; /&gt;&lt;ABS:Obs TIME=&quot;2011&quot; OBS_VALUE=&quot;61&quot; /&gt;&lt;ABS:Obs TIME=&quot;2012&quot; OBS_VALUE=&quot;63&quot; /&gt;&lt;ABS:Obs TIME=&quot;2013&quot; OBS_VALUE=&quot;62&quot; /&gt;&lt;ABS:Obs TIME=&quot;2014&quot; OBS_VALUE=&quot;54&quot; /&gt;&lt;ABS:Obs TIME=&quot;2015&quot; OBS_VALUE=&quot;52&quot; /&gt;&lt;ABS:Obs TIME=&quot;2016&quot; OBS_VALUE=&quot;51&quot; /&gt;&lt;ABS:Obs TIME=&quot;2017&quot; OBS_VALUE=&quot;57&quot; /&gt;&lt;ABS:Obs TIME=&quot;2018&quot; OBS_VALUE=&quot;46&quot; /&gt;&lt;/ABS:Series&gt;&lt;ABS:Series MEASURE=&quot;10&quot; INDIGENOUS_STATUS=&quot;IM&quot; ASGS_2011=&quot;7&quot; FREQUENCY=&quot;A&quot; TIME_FORMAT=&quot;P1Y&quot; UNIT=&quot;PCT&quot; POWERCODE=&quot;0&quot;&gt;&lt;ABS:Obs TIME=&quot;2001&quot; OBS_VALUE=&quot;49&quot; /&gt;&lt;ABS:Obs TIME=&quot;2002&quot; OBS_VALUE=&quot;49&quot; /&gt;&lt;ABS:Obs TIME=&quot;2003&quot; OBS_VALUE=&quot;50&quot; /&gt;&lt;ABS:Obs TIME=&quot;2004&quot; OBS_VALUE=&quot;48&quot; /&gt;&lt;ABS:Obs TIME=&quot;2005&quot; OBS_VALUE=&quot;49&quot; /&gt;&lt;ABS:Obs TIME=&quot;2006&quot; OBS_VALUE=&quot;47&quot; /&gt;&lt;ABS:Obs TIME=&quot;2007&quot; OBS_VALUE=&quot;43&quot; /&gt;&lt;ABS:Obs TIME=&quot;2008&quot; OBS_VALUE=&quot;35&quot; /&gt;&lt;ABS:Obs TIME=&quot;2009&quot; OBS_VALUE=&quot;41&quot; /&gt;&lt;ABS:Obs TIME=&quot;2010&quot; OBS_VALUE=&quot;38&quot; /&gt;&lt;ABS:Obs TIME=&quot;2011&quot; OBS_VALUE=&quot;35&quot; /&gt;&lt;ABS:Obs TIME=&quot;2012&quot; OBS_VALUE=&quot;33&quot; /&gt;&lt;ABS:Obs TIME=&quot;2013&quot; OBS_VALUE=&quot;34&quot; /&gt;&lt;ABS:Obs TIME=&quot;2014&quot; OBS_VALUE=&quot;42&quot; /&gt;&lt;ABS:Obs TIME=&quot;2015&quot; OBS_VALUE=&quot;44&quot; /&gt;&lt;ABS:Obs TIME=&quot;2016&quot; OBS_VALUE=&quot;44&quot; /&gt;&lt;ABS:Obs TIME=&quot;2017&quot; OBS_VALUE=&quot;39&quot; /&gt;&lt;ABS:Obs TIME=&quot;2018&quot; OBS_VALUE=&quot;50&quot; /&gt;&lt;/ABS:Series&gt;&lt;ABS:Series MEASURE=&quot;13&quot; INDIGENOUS_STATUS=&quot;IM&quot; ASGS_2011=&quot;7&quot; FREQUENCY=&quot;A&quot; TIME_FORMAT=&quot;P1Y&quot; UNIT=&quot;NUM&quot; POWERCODE=&quot;0&quot;&gt;&lt;ABS:Obs TIME=&quot;2001&quot; OBS_VALUE=&quot;1579&quot; /&gt;&lt;ABS:Obs TIME=&quot;2002&quot; OBS_VALUE=&quot;1439&quot; /&gt;&lt;ABS:Obs TIME=&quot;2003&quot; OBS_VALUE=&quot;1511&quot; /&gt;&lt;ABS:Obs TIME=&quot;2004&quot; OBS_VALUE=&quot;1407&quot; /&gt;&lt;ABS:Obs TIME=&quot;2005&quot; OBS_VALUE=&quot;1356&quot; /&gt;&lt;ABS:Obs TIME=&quot;2006&quot; OBS_VALUE=&quot;1447&quot; /&gt;&lt;ABS:Obs TIME=&quot;2007&quot; OBS_VALUE=&quot;1487&quot; /&gt;&lt;ABS:Obs TIME=&quot;2008&quot; OBS_VALUE=&quot;1416&quot; /&gt;&lt;ABS:Obs TIME=&quot;2009&quot; OBS_VALUE=&quot;1372&quot; /&gt;&lt;ABS:Obs TIME=&quot;2010&quot; OBS_VALUE=&quot;1416&quot; /&gt;&lt;ABS:Obs TIME=&quot;2011&quot; OBS_VALUE=&quot;1401&quot; /&gt;&lt;ABS:Obs TIME=&quot;2012&quot; OBS_VALUE=&quot;1432&quot; /&gt;&lt;ABS:Obs TIME=&quot;2013&quot; OBS_VALUE=&quot;1289&quot; /&gt;&lt;ABS:Obs TIME=&quot;2014&quot; OBS_VALUE=&quot;1319&quot; /&gt;&lt;ABS:Obs TIME=&quot;2015&quot; OBS_VALUE=&quot;1231&quot; /&gt;&lt;ABS:Obs TIME=&quot;2016&quot; OBS_VALUE=&quot;1230&quot; /&gt;&lt;ABS:Obs TIME=&quot;2017&quot; OBS_VALUE=&quot;1228&quot; /&gt;&lt;ABS:Obs TIME=&quot;2018&quot; OBS_VALUE=&quot;1493&quot; /&gt;&lt;/ABS:Series&gt;&lt;ABS:Series MEASURE=&quot;14&quot; INDIGENOUS_STATUS=&quot;IM&quot; ASGS_2011=&quot;7&quot; FREQUENCY=&quot;A&quot; TIME_FORMAT=&quot;P1Y&quot; UNIT=&quot;YEARS&quot; POWERCODE=&quot;0&quot;&gt;&lt;ABS:Obs TIME=&quot;2001&quot; OBS_VALUE=&quot;24&quot; /&gt;&lt;ABS:Obs TIME=&quot;2002&quot; OBS_VALUE=&quot;23.7&quot; /&gt;&lt;ABS:Obs TIME=&quot;2003&quot; OBS_VALUE=&quot;23.8&quot; /&gt;&lt;ABS:Obs TIME=&quot;2004&quot; OBS_VALUE=&quot;24&quot; /&gt;&lt;ABS:Obs TIME=&quot;2005&quot; OBS_VALUE=&quot;23.7&quot; /&gt;&lt;ABS:Obs TIME=&quot;2006&quot; OBS_VALUE=&quot;23.7&quot; /&gt;&lt;ABS:Obs TIME=&quot;2007&quot; OBS_VALUE=&quot;23.7&quot; /&gt;&lt;ABS:Obs TIME=&quot;2008&quot; OBS_VALUE=&quot;24.1&quot; /&gt;&lt;ABS:Obs TIME=&quot;2009&quot; OBS_VALUE=&quot;24.1&quot; /&gt;&lt;ABS:Obs TIME=&quot;2010&quot; OBS_VALUE=&quot;24.3&quot; /&gt;&lt;ABS:Obs TIME=&quot;2011&quot; OBS_VALUE=&quot;24.6&quot; /
Inserting 414 obs
&lt;soapenv:Envelope xmlns:soapenv=&quot;http://schemas.xmlsoap.org/soap/envelope/&quot; xmlns:sdmx=&quot;http://stats.oecd.org/OECDStatWS/SDMX/&quot;&gt;&lt;soapenv:Header/&gt;&lt;soapenv:Body&gt;&lt;sdmx:GetDataStructureDefinition&gt;&lt;!--Optional:--&gt;&lt;sdmx:QueryMessage&gt;&lt;message:QueryMessage xsi:schemaLocation=&quot;http://www.SDMX.org/resources/SDMXML/schemas/v2_0/queryhttp://www.sdmx.org/docs/2_0/SDMXQuery.xsd http://www.SDMX.org/resources/SDMXML/schemas/v2_0/message http://www.sdmx.org/docs/2_0/SDMXMessage.xsd&quot; xmlns=&quot;http://www.SDMX.org/resources/SDMXML/schemas/v2_0/query&quot; xmlns:message=&quot;http://www.SDMX.org/resources/SDMXML/schemas/v2_0/message&quot; xmlns:xsi=&quot;http://www.w3.org/2001/XMLSchema-instance&quot;&gt;&lt;Header xmlns=&quot;http://www.SDMX.org/resources/SDMXML/schemas/v2_0/message&quot;&gt;&lt;ID&gt;none&lt;/ID&gt;&lt;Test&gt;false&lt;/Test&gt;&lt;Prepared&gt;2012-06-01T09:33:53&lt;/Prepared&gt;&lt;Sender id=&quot;YourID&quot;&gt;&lt;Name xml:lang=&quot;en&quot;&gt;Your English Name&lt;/Name&gt;&lt;/Sender&gt;&lt;Receiver id=&quot;ABS&quot;&gt;&lt;Name xml:lang=&quot;en&quot;&gt;Australian Bureau of Statistics&lt;/Name&gt;&lt;Name xml:lang=&quot;fr&quot;&gt;Australian Bureau of Statistics&lt;/Name&gt;&lt;/Receiver&gt;&lt;/Header&gt;&lt;message:Query&gt;&lt;KeyFamilyWhere&gt;&lt;Or&gt;&lt;KeyFamily&gt;ATSI_FERTILITY&lt;/KeyFamily&gt;&lt;/Or&gt;&lt;/KeyFamilyWhere&gt;&lt;/message:Query&gt;&lt;/message:QueryMessage&gt;&lt;/sdmx:QueryMessage&gt;&lt;/sdmx:GetDataStructureDefinition&gt;&lt;/soapenv:Body&gt;&lt;/soapenv:Envelope&gt;
Header=&lt;message:Structure xmlns=&quot;http://www.SDMX.org/resources/SDMXML/schemas/v2_0/structure&quot; xmlns:common=&quot;http://www.SDMX.org/resources/SDMXML/schemas/v2_0/common&quot; xsi:schemaLocation=&quot;http://www.SDMX.org/resources/SDMXML/schemas/v2_0/structure http://www.sdmx.org/docs/2_0/SDMXStructure.xsd http://www.SDMX.org/resources/SDMXML/schemas/v2_0/message http://www.sdmx.org/docs/2_0/SDMXMessage.xsd&quot; xmlns:xsi=&quot;http://www.w3.org/2001/XMLSchema-instance&quot; xmlns:message=&quot;http://www.SDMX.org/resources/SDMXML/schemas/v2_0/message&quot;&gt;&lt;Header xmlns=&quot;http://www.SDMX.org/resources/SDMXML/schemas/v2_0/message&quot;&gt;&lt;ID&gt;none&lt;!--Statistical usage warning
ABS.Stat beta is continuing to be developed.  Data will be updated as soon as possible following its 11:30 am release on the ABS website.
--&gt;&lt;/ID&gt;&lt;Test&gt;false&lt;/Test&gt;&lt;Truncated&gt;false&lt;/Truncated&gt;&lt;Prepared&gt;2020-03-19T13:24:33&lt;/Prepared&gt;&lt;Sender id=&quot;ABS&quot;&gt;&lt;Name xml:lang=&quot;en&quot;&gt;Australian Bureau of Statistics&lt;/Name&gt;&lt;Name xml:lang=&quot;fr&quot;&gt;Australian Bureau of Statistics&lt;/Name&gt;&lt;/Sender&gt;&lt;/Header&gt;&lt;message:CodeLists&gt;&lt;CodeList id=&quot;CL_ATSI_FERTILITY_MEASURE&quot; agencyID=&quot;ABS&quot;&gt;&lt;Name xml:lang=&quot;en&quot;&gt;Measure&lt;/Name&gt;&lt;Name xml:lang=&quot;fr&quot;&gt;Measure&lt;/Name&gt;&lt;Code value=&quot;1&quot;&gt;&lt;Description xml:lang=&quot;en&quot;&gt;Births&lt;/Description&gt;&lt;Description xml:lang=&quot;fr&quot;&gt;Births&lt;/Description&gt;&lt;/Code&gt;&lt;Code value=&quot;11&quot;&gt;&lt;Description xml:lang=&quot;en&quot;&gt;Fertility rate&lt;/Description&gt;&lt;Description xml:lang=&quot;fr&quot;&gt;Fertility rate&lt;/Description&gt;&lt;/Code&gt;&lt;/CodeList&gt;&lt;CodeList id=&quot;CL_ATSI_FERTILITY_INDIG_STATUS&quot; agencyID=&quot;ABS&quot;&gt;&lt;Name xml:lang=&quot;en&quot;&gt;Indigenous status&lt;/Name&gt;&lt;Name xml:lang=&quot;fr&quot;&gt;Indigenous status&lt;/Name&gt;&lt;Code value=&quot;IM&quot;&gt;&lt;Description xml:lang=&quot;en&quot;&gt;Births to Aboriginal and Torres Strait Islander mothers&lt;/Description&gt;&lt;Description xml:lang=&quot;fr&quot;&gt;Births to Aboriginal and Torres Strait Islander mothers&lt;/Description&gt;&lt;/Code&gt;&lt;Code value=&quot;IB&quot;&gt;&lt;Description xml:lang=&quot;en&quot;&gt;Aboriginal and Torres Strait Islander births&lt;/Description&gt;&lt;Description xml:lang=&quot;fr&quot;&gt;Aboriginal and Torres Strait Islander births&lt;/Description&gt;&lt;/Code&gt;&lt;/CodeList&gt;&lt;CodeList id=&quot;CL_ATSI_FERTILITY_AGE&quot; agencyID=&quot;ABS&quot;&gt;&lt;Name xml:lang=&quot;en&quot;&gt;Age&lt;/Name&gt;&lt;Name xml:lang=&quot;fr&quot;&gt;Age&lt;/Name&gt;&lt;Code value=&quot;A15&quot;&gt;&lt;Description xml:lang=&quot;en&quot;&gt;15 - 19&lt;/Description&gt;&lt;Description xml:lang=&quot;fr&quot;&gt;15 - 19&lt;/Description&gt;&lt;/Code&gt;&lt;Code value=&quot;A20&quot;&gt;&lt;Description xml:lang=&quot;en&quot;&gt;20 - 24&lt;/Description&gt;&lt;Description xml:lang=&quot;fr&quot;&gt;20 - 24&lt;/Description&gt;&lt;/Code&gt;&lt;Code value=&quot;A25&quot;&gt;&lt;Description xml:lang=&quot;en&quot;&gt;25 - 29&lt;/Description&gt;&lt;Description xml:lang=&quot;fr&quot;&gt;25 - 29&lt;/Description&gt;&lt;/Code&gt;&lt;Code value=&quot;A30&quot;&gt;&lt;Description xml:lang=&quot;en&quot;&gt;30 - 34&lt;/Description&gt;&lt;Description xml:lang=&quot;fr&quot;&gt;30 - 34&lt;/Description&gt;&lt;/Code&gt;&lt;Code value=&quot;A35&quot;&gt;&lt;Description xml:lang=&quot;en&quot;&gt;35 - 39&lt;/Description&gt;&lt;Description xml:lang=&quot;fr&quot;&gt;35 - 39&lt;/Description&gt;&lt;/Code&gt;&lt;Code value=&quot;A40&quot;&gt;&lt;Description xml:lang=&quot;en&quot;&gt;40 - 44&lt;/Description&gt;&lt;Description xml:lang=&quot;fr&quot;&gt;40 - 44&lt;/Description&gt;&lt;/Code&gt;&lt;Code value=&quot;A45&quot;&gt;&lt;Description xml:lang=&quot;en&quot;&gt;45 - 49&lt;/Description&gt;&lt;Description xml:lang=&quot;fr&quot;&gt;45 - 49&lt;/Description&gt;&lt;/Code&gt;&lt;Code value=&quot;TT&quot;&gt;&lt;Description xml:lang=&quot;en&quot;&gt;All ages&lt;/Description&gt;&lt;Description xml:lang=&quot;fr&quot;&gt;All ages&lt;/Description&gt;&lt;/Code&gt;&lt;/CodeList&gt;&lt;CodeList id=&quot;CL_ATSI_FERTILITY_ASGS_2011&quot; agencyID=&quot;ABS&quot;&gt;&lt;Name xml:lang=&quot;en&quot;&gt;Region&lt;/Name&gt;&lt;Name xml:lang=&quot;fr&quot;&gt;Region&lt;/Name&gt;&lt;Code value=&quot;0&quot;&gt;&lt;Description xml:lang=&quot;en&quot;&gt;Australia&lt;/Description&gt;&lt;Description xml:lang=&quot;fr&quot;&gt;Australia&lt;/Description&gt;&lt;/Code&gt;&lt;Code value=&quot;1&quot; parentCode=&quot;0&quot;&gt;&lt;Description xml:lang=&quot;en&quot;&gt;New South Wales&lt;/Description&gt;&lt;Description xml:lang=&quot;fr&quot;&gt;New South Wales&lt;/Description&gt;&lt;/Code&gt;&lt;Code value=&quot;2&quot; parentCode=&quot;0&quot;&gt;&lt;Description xml:lang=&quot;en&quot;&gt;Victoria&lt;/Description&gt;&lt;Description xml:lang=&quot;fr&quot;&gt;Victoria&lt;/Description&gt;&lt;/Code&gt;&lt;Code value=&quot;3&quot; parentCode=&quot;0&quot;&gt;&lt;Description xml:lang=&quot;en&quot;&gt;Queensland&lt;/Description&gt;&lt;Description xml:lang=&quot;fr&quot;&gt;Queensland&lt;/Description&gt;&lt;/Code&gt;&lt;Code value=&quot;4&quot; parentCode=&quot;0&quot;&gt;&lt;Description xml:lang=&quot;en&quot;&gt;South Australia&lt;/Description&gt;&lt;Description xml:lang=&quot;fr&quot;&gt;South Australia&lt;/Description&gt;&lt;/Code&gt;&lt;Code value=&quot;5&quot; parentCode=&quot;0&quot;&gt;&lt;Description xml:lang=&quot;en&quot;&gt;Western Australia&lt;/Description&gt;&lt;Description xml:lang=&quot;fr&quot;&gt;Western Australia&lt;/Description&gt;&lt;/Code&gt;&lt;Code value=&quot;6&quot; parentCode=&quot;0&quot;&gt;&lt;Description xml:lang=&quot;en&quot;&gt;Tasmania&lt;/Description&gt;&lt;Description xml:lang=&quot;fr&quot;&gt;Tasmania&lt;/Description&gt;&lt;/Code&gt;&lt;Code value=&quot;7&quot; parentCode=&quot;0&quot;&gt;&lt;Description xml:lang=&quot;en&quot;&gt;Northern Territory&lt;/Description&gt;&lt;Description xml:lang=&quot;fr&quot;&gt;Northern Territory&lt;/Description&gt;&lt;/Code&gt;&lt;/CodeList&gt;&lt;CodeList id=&quot;CL_ATSI_FERTILITY_FREQUENCY&quot; agencyID=&quot;ABS&quot;&gt;&lt;Name xml:lang=&quot;en&quot;&gt;Frequency&lt;/Name&gt;&lt;Name xml:lang=&quot;fr&quot;&gt;Fréquence&lt;/Name&gt;&lt;Code value=&quot;A&quot;&gt;&lt;Description xml:lang=&quot;en&quot;&gt;Annual&lt;/Description&gt;&lt;Description xml:lang=&quot;fr&quot;&gt;Annuelle&lt;/Description&gt;&lt;/Code&gt;&lt;/CodeList&gt;&lt;CodeList id=&quot;CL_ATSI_FERTILITY_TIME&quot; agencyID=&quot;ABS&quot;&gt;&lt;Name xml:lang=&quot;en&quot;&gt;Time&lt;/Name&gt;&lt;Name xml:lang=&quot;fr&quot;&gt;Temps&lt;/Name&gt;&lt;Code value=&quot;2001&quot;&gt;&lt;Description xml:lang=&quot;en&quot;&gt;2001&lt;/Description&gt;&lt;Description xml:lang=&quot;fr&quot;&gt;2001&lt;/Description&gt;&lt;/Code&gt;&lt;Code value=&quot;2002&quot;&gt;&lt;Description xml:lang=&quot;en&quot;&gt;2002&lt;/Description&gt;&lt;Description xml:lang=&quot;fr&quot;&gt;2002&lt;/Description&gt;&lt;/Code&gt;&lt;Code value=&quot;2003&quot;&gt;&lt;Description xml:lang=&quot;en&quot;&gt;2003&lt;/Description&gt;&lt;Description xml:lang=&quot;fr&quot;&gt;2003&lt;/Description&gt;&lt;/Code&gt;&lt;Code value=&quot;2004&quot;&gt;&lt;Description xml:lang=&quot;en&quot;&gt;2004&lt;/Description&gt;&lt;Description xml:lang=&quot;fr&quot;&gt;2004&lt;/Description&gt;&lt;/Code&gt;&lt;Code value=&quot;2005&quot;&gt;&lt;Description xml:lang=&quot;en&quot;&gt;2005&lt;/Description&gt;&lt;Description xml:lang=&quot;fr&quot;&gt;2005&lt;/Description&gt;&lt;/Code&gt;&lt;Code value=&quot;2006&quot;&gt;&lt;Description xml:lang=&quot;en&quot;&gt;2006&lt;/Description&gt;&lt;Description xml:lang=&quot;fr&quot;&gt;2006&lt;/Description&gt;&lt;/Code&gt;&lt;Code value=&quot;2007&quot;&gt;&lt;Description xml:lang=&quot;en&quot;&gt;2007&lt;/Description&gt;&lt;Description xml:lang=&quot;fr&quot;&gt;2007&lt;/Description&gt;&lt;/Code&gt;&lt;Code value=&quot;2008&quot;&gt;&lt;Description xml:lang=&quot;en&quot;&gt;2008&lt;/Description&gt;&lt;Description xml:lang=&quot;fr&quot;&gt;2008&lt;/Description&gt;&lt;/Code&gt;&lt;Code value=&quot;2009&quot;&gt;&lt;Description xml:lang=&quot;en&quot;&gt;2009&lt;/Description&gt;&lt;Description xml:lang=&quot;fr&quot;&gt;2009&lt;/Description&gt;&lt;/Code&gt;&lt;Code value=&quot;2010&quot;&gt;&lt;Description xml:lang=&quot;en&quot;&gt;2010&lt;/Description&gt;&lt;Description xml:lang=&quot;fr&quot;&gt;2010&lt;/Description&gt;&lt;/Code&gt;&lt;Code value=&quot;2011&quot;&gt;&lt;Description xml:lang=&quot;en&quot;&gt;2011&lt;/Description&gt;&lt;Description xml:lang=&quot;fr&quot;&gt;2011&lt;/Description&gt;&lt;/Code&gt;&lt;Code value=&quot;2012&quot;&gt;&lt;Description xml:lang=&quot;en&quot;&gt;2012&lt;/Description&gt;&lt;Description xml:lang=&quot;fr&quot;&gt;2012&lt;/Description&gt;&lt;/Code&gt;&lt;Code value=&quot;2013&quot;&gt;&lt;Description xml:lang=&quot;en&quot;&gt;2013&lt;/Description&gt;&lt;Description xml:lang=&quot;fr&quot;&gt;2013&lt;/Description&gt;&lt;/Code&gt;&lt;Code value=&quot;2014&quot;&gt;&lt;Description xml:lang=&quot;en&quot;&gt;2014&lt;/Description&gt;&lt;Description xml:lang=&quot;fr&quot;&gt;2014&lt;/Description&gt;&lt;/Code&gt;&lt;Code value=&quot;2015&quot;&gt;&lt;Description xml:lang=&quot;en&quot;&gt;2015&lt;/Description&gt;&lt;Description xml:lang=&quot;fr&quot;&gt;2015&lt;/Description&gt;&lt;/Code&gt;&lt;Code value=&quot;2016&quot;&gt;&lt;Description xml:lang=&quot;en&quot;&gt;2016&lt;/Description&gt;&lt;Description xml:lang=&quot;fr&quot;&gt;2016&lt;/Description&gt;&lt;/Code&gt;&lt;Code value=&quot;2017&quot;&gt;&lt;Description xml:lang=&quot;en&quot;&gt;2017&lt;/Description&gt;&lt;Description xml:lang=&quot;fr&quot;&gt;2017&lt;/Description&gt;&lt;/Code&gt;&lt;Code value=&quot;2018&quot;&gt;&lt;Description xml:lang=&quot;en&quot;&gt;2018&lt;/Description&gt;&lt;Description xml:lang=&quot;fr&quot;&gt;2018&lt;/Description&gt;&lt;/Code&gt;&lt;/CodeList&gt;&lt;CodeList id=&quot;CL_ATSI_FERTILITY_OBS_STATUS&quot; agencyID=&quot;ABS&quot;&gt;&lt;Name xml:lang=&quot;en&quot;&gt;Observation Status&lt;/Name&gt;&lt;/CodeList&gt;&lt;CodeList id=&quot;CL_ATSI_FERTILITY_TIME_FORMAT&quot; agencyID=&quot;ABS&quot;&gt;&lt;Name xml:lang=&quot;en&quot;&gt;ATSI_FERTILITY_TIME_FORMAT codelist&lt;/Name&gt;&lt;Code value=&quot;P1Y&quot;&gt;&lt;Description xml:lang=&quot;en&quot;&gt;Annual&lt;/Description&gt;&lt;/Code&gt;&lt;Code value=&quot;P1M&quot;&gt;&lt;Description xml:lang=&quot;en&quot;&gt;Monthly&lt;/Description&gt;&lt;/Code&gt;&lt;Code value=&quot;P3M&quot;&gt;&lt;Description xml:lang=&quot;en&quot;&gt;Quarterly&lt;/Description&gt;&lt;/Code&gt;&lt;Code value=&quot;P6M&quot;&gt;&lt;Description xml:lang=&quot;en&quot;&gt;Half-yearly&lt;/Description&gt;&lt;/Code&gt;&lt;Code value=&quot;P1D&quot;&gt;&lt;Description xml:lang=&quot;en&quot;&gt;Daily&lt;/Description&gt;&lt;/Code&gt;&lt;/CodeList&gt;&lt;/message:CodeLists&gt;&lt;message:Concepts&gt;&lt;Concept id=&quot;MEASURE&quot; agencyID=&quot;ABS&quot;&gt;&lt;Name xml:lang=&quot;en&quot;&gt;Measure&lt;/Name&gt;&lt;Name xml:lang=&quot;fr&quot;&gt;Measure&lt;/Name&gt;&lt;/Concept&gt;&lt;Concept id=&quot;INDIG_STATUS&quot; agencyID=&quot;ABS&quot;&gt;&lt;Name xml:lang=&quot;en&quot;&gt;Indigenous status&lt;/Name&gt;&lt;Name xml:lang=&quot;fr&quot;&gt;Indigenous status&lt;/Name&gt;&lt;/Concept&gt;&lt;Concept id=&quot;AGE&quot; agencyID=&quot;ABS&quot;&gt;&lt;Name xml:lang=&quot;en&quot;&gt;Age&lt;/Name&gt;&lt;Name xml:lang=&quot;fr&quot;&gt;Age&lt;/Name&gt;&lt;/Concept&gt;&lt;Concept id=&quot;ASGS_2011&quot; agencyID=&quot;ABS&quot;&gt;&lt;Name xml:lang=&quot;en&quot;&gt;Region&lt;/Name&gt;&lt;Name xml:lang=&quot;fr&quot;&gt;Region&lt;/Name&gt;&lt;/Concept&gt;&lt;Concept id=&quot;FREQUENCY&quot; agencyID=&quot;ABS&quot;&gt;&lt;Name xml:lang=&quot;en&quot;&gt;Frequency&lt;/Name&gt;&lt;Name xml:lang=&quot;fr&quot;&gt;Fréquence&lt;/Name&gt;&lt;/Concept&gt;&lt;Concept id=&quot;TIME&quot; agencyID=&quot;ABS&quot;&gt;&lt;Name xml:lang=&quot;en&quot;&gt;Time&lt;/Name&gt;&lt;Name xml:lang=&quot;fr&quot;&gt;Temps&lt;/Name&gt;&lt;/Concept&gt;
Input 1 does not match Pattern:[A-z][A-z0-9_\-]* for class:NCNameID
Input 11 does not match Pattern:[A-z][A-z0-9_\-]* for class:NCNameID
SELECT * FROM pg_catalog.pg_tables WHERE schemaname != &apos;pg_catalog&apos; AND schemaname != &apos;information_schema&apos; and schemaname like &apos;flow_ATSI_FERTILITY&apos;;
Create Dataflow ATSI_FERTILITY
create table if not exists &quot;flow_ATSI_FERTILITY&quot; (&quot;INDIG_STATUS&quot; varchar(300),&quot;AGE&quot; varchar(300),&quot;ASGS_2011&quot; varchar(300),&quot;FREQUENCY&quot; varchar(300),&quot;TIME&quot; varchar(300),&quot;MEASURE&quot; varchar(300),&quot;OBS_STATUS&quot; varchar(300),&quot;TIME_FORMAT&quot; varchar(300),&quot;OBS_VALUE&quot; double precision);
&lt;soap12:Envelope xmlns:xsi=&quot;http://www.w3.org/2001/XMLSchema-instance&quot; xmlns:xsd=&quot;http://www.w3.org/2001/XMLSchema&quot; xmlns:soap12=&quot;http://www.w3.org/2003/05/soap-envelope&quot;&gt;
  &lt;soap12:Body&gt;
    &lt;GetCompactData xmlns=&quot;http://stats.oecd.org/OECDStatWS/SDMX/&quot;&gt;
      &lt;QueryMessage&gt;&lt;message:QueryMessage xmlns:message=&quot;http://www.SDMX.org/resources/SDMXML/schemas/v2_0/message&quot;&gt;&lt;Header xmlns=&quot;http://www.SDMX.org/resources/SDMXML/schemas/v2_0/message&quot;&gt;&lt;message:ID&gt;none&lt;/message:ID&gt;&lt;message:Test&gt;false&lt;/message:Test&gt;&lt;message:Prepared&gt;2016-08-19T00:11:33+08:00&lt;/message:Prepared&gt;&lt;message:Sender id=&quot;Sdmx-Sax&quot; /&gt;&lt;message:Receiver id=&quot;ABS&quot; /&gt;&lt;/Header&gt;&lt;message:Query&gt;&lt;DataWhere xmlns=&quot;http://www.SDMX.org/resources/SDMXML/schemas/v2_0/query&quot;&gt;&lt;And&gt;&lt;DataSet&gt;ATSI_FERTILITY&lt;/DataSet&gt;&lt;Time&gt;&lt;StartTime&gt;1000-02-01&lt;/StartTime&gt;&lt;EndTime&gt;2020-04-19&lt;/EndTime&gt;&lt;/Time&gt;&lt;Or&gt;&lt;Dimension id=&quot;INDIG_STATUS&quot;&gt;IM&lt;/Dimension&gt;&lt;Dimension id=&quot;INDIG_STATUS&quot;&gt;IM&lt;/Dimension&gt;&lt;Dimension id=&quot;INDIG_STATUS&quot;&gt;IB&lt;/Dimension&gt;&lt;/Or&gt;&lt;Or&gt;&lt;Dimension id=&quot;AGE&quot;&gt;A15&lt;/Dimension&gt;&lt;/Or&gt;&lt;Or&gt;&lt;Dimension id=&quot;ASGS_2011&quot;&gt;0&lt;/Dimension&gt;&lt;Dimension id=&quot;ASGS_2011&quot;&gt;1&lt;/Dimension&gt;&lt;Dimension id=&quot;ASGS_2011&quot;&gt;2&lt;/Dimension&gt;&lt;Dimension id=&quot;ASGS_2011&quot;&gt;3&lt;/Dimension&gt;&lt;Dimension id=&quot;ASGS_2011&quot;&gt;4&lt;/Dimension&gt;&lt;Dimension id=&quot;ASGS_2011&quot;&gt;5&lt;/Dimension&gt;&lt;Dimension id=&quot;ASGS_2011&quot;&gt;6&lt;/Dimension&gt;&lt;Dimension id=&quot;ASGS_2011&quot;&gt;7&lt;/Dimension&gt;&lt;/Or&gt;&lt;Or&gt;&lt;Dimension id=&quot;FREQUENCY&quot;&gt;A&lt;/Dimension&gt;&lt;/Or&gt;&lt;Or&gt;&lt;Dimension id=&quot;MEASURE&quot;&gt;1&lt;/Dimension&gt;&lt;Dimension id=&quot;MEASURE&quot;&gt;11&lt;/Dimension&gt;&lt;/Or&gt;&lt;/And&gt;&lt;/DataWhere&gt;&lt;/message:Query&gt;&lt;/message:QueryMessage&gt;
&lt;/QueryMessage&gt;
&lt;/GetCompactData&gt;
&lt;/soap12:Body&gt;
&lt;/soap12:Envelope&gt;
Header=&lt;message:CompactData xmlns=&quot;http://www.SDMX.org/resources/SDMXML/schemas/v2_0/message&quot; xmlns:common=&quot;http://www.SDMX.org/resources/SDMXML/schemas/v2_0/common&quot; xmlns:compact=&quot;http://www.SDMX.org/resources/SDMXML/schemas/v2_0/compact&quot; xmlns:ABS=&quot;http://oecd.stat.org/Data&quot; xmlns:xsi=&quot;http://www.w3.org/2001/XMLSchema-instance&quot; xsi:schemaLocation=&quot;http://www.SDMX.org/resources/SDMXML/schemas/v2_0/message http://www.sdmx.org/docs/2_0/SDMXMessage.xsd http://oecd.stat.org/Data http://stat.data.abs.gov.au/restsdmx/sdmx.ashx/GetSchema/ATSI_FERTILITY&quot; xmlns:message=&quot;http://www.SDMX.org/resources/SDMXML/schemas/v2_0/message&quot;&gt;&lt;Header&gt;&lt;ID&gt;none&lt;/ID&gt;&lt;Test&gt;false&lt;/Test&gt;&lt;Truncated&gt;false&lt;/Truncated&gt;&lt;Prepared&gt;2020-03-19T13:24:39&lt;/Prepared&gt;&lt;Sender id=&quot;ABS&quot;&gt;&lt;Name xml:lang=&quot;en&quot;&gt;Australian Bureau of Statistics&lt;/Name&gt;&lt;Name xml:lang=&quot;fr&quot;&gt;Australian Bureau of Statistics&lt;/Name&gt;&lt;/Sender&gt;&lt;/Header&gt;&lt;ABS:DataSet keyFamilyURI=&quot;http://stat.data.abs.gov.au/restsdmx/sdmx.ashx/GetKeyFamily/ATSI_FERTILITY&quot; xmlns:ABS=&quot;http://oecd.stat.org/Data&quot;&gt;&lt;ABS:Series MEASURE=&quot;1&quot; INDIG_STATUS=&quot;IM&quot; AGE=&quot;A15&quot; ASGS_2011=&quot;0&quot; FREQUENCY=&quot;A&quot; TIME_FORMAT=&quot;P1Y&quot;&gt;&lt;ABS:Obs TIME=&quot;2001&quot; OBS_VALUE=&quot;1755&quot; /&gt;&lt;ABS:Obs TIME=&quot;2002&quot; OBS_VALUE=&quot;1761&quot; /&gt;&lt;ABS:Obs TIME=&quot;2003&quot; OBS_VALUE=&quot;1814&quot; /&gt;&lt;ABS:Obs TIME=&quot;2004&quot; OBS_VALUE=&quot;1822&quot; /&gt;&lt;ABS:Obs TIME=&quot;2005&quot; OBS_VALUE=&quot;1919&quot; /&gt;&lt;ABS:Obs TIME=&quot;2006&quot; OBS_VALUE=&quot;1940&quot; /&gt;&lt;ABS:Obs TIME=&quot;2007&quot; OBS_VALUE=&quot;2132&quot; /&gt;&lt;ABS:Obs TIME=&quot;2008&quot; OBS_VALUE=&quot;2377&quot; /&gt;&lt;ABS:Obs TIME=&quot;2009&quot; OBS_VALUE=&quot;2567&quot; /&gt;&lt;ABS:Obs TIME=&quot;2010&quot; OBS_VALUE=&quot;2571&quot; /&gt;&lt;ABS:Obs TIME=&quot;2011&quot; OBS_VALUE=&quot;2442&quot; /&gt;&lt;ABS:Obs TIME=&quot;2012&quot; OBS_VALUE=&quot;2472&quot; /&gt;&lt;ABS:Obs TIME=&quot;2013&quot; OBS_VALUE=&quot;2320&quot; /&gt;&lt;ABS:Obs TIME=&quot;2014&quot; OBS_VALUE=&quot;2154&quot; /&gt;&lt;ABS:Obs TIME=&quot;2015&quot; OBS_VALUE=&quot;2203&quot; /&gt;&lt;ABS:Obs TIME=&quot;2016&quot; OBS_VALUE=&quot;1913&quot; /&gt;&lt;ABS:Obs TIME=&quot;2017&quot; OBS_VALUE=&quot;2039&quot; /&gt;&lt;ABS:Obs TIME=&quot;2018&quot; OBS_VALUE=&quot;1981&quot; /&gt;&lt;/ABS:Series&gt;&lt;ABS:Series MEASURE=&quot;11&quot; INDIG_STATUS=&quot;IM&quot; AGE=&quot;A15&quot; ASGS_2011=&quot;0&quot; FREQUENCY=&quot;A&quot; TIME_FORMAT=&quot;P1Y&quot;&gt;&lt;ABS:Obs TIME=&quot;2001&quot; OBS_VALUE=&quot;69.1&quot; /&gt;&lt;ABS:Obs TIME=&quot;2002&quot; OBS_VALUE=&quot;66.6&quot; /&gt;&lt;ABS:Obs TIME=&quot;2003&quot; OBS_VALUE=&quot;66.6&quot; /&gt;&lt;ABS:Obs TIME=&quot;2004&quot; OBS_VALUE=&quot;64.7&quot; /&gt;&lt;ABS:Obs TIME=&quot;2005&quot; OBS_VALUE=&quot;65.5&quot; /&gt;&lt;ABS:Obs TIME=&quot;2006&quot; OBS_VALUE=&quot;64.1&quot; /&gt;&lt;ABS:Obs TIME=&quot;2007&quot; OBS_VALUE=&quot;68.5&quot; /&gt;&lt;ABS:Obs TIME=&quot;2008&quot; OBS_VALUE=&quot;73.7&quot; /&gt;&lt;ABS:Obs TIME=&quot;2009&quot; OBS_VALUE=&quot;77.1&quot; /&gt;&lt;ABS:Obs TIME=&quot;2010&quot; OBS_VALUE=&quot;75.2&quot; /&gt;&lt;ABS:Obs TIME=&quot;2011&quot; OBS_VALUE=&quot;69.6&quot; /&gt;&lt;ABS:Obs TIME=&quot;2012&quot; OBS_VALUE=&quot;67.7&quot; /&gt;&lt;ABS:Obs TIME=&quot;2013&quot; OBS_VALUE=&quot;62.6&quot; /&gt;&lt;ABS:Obs TIME=&quot;2014&quot; OBS_VALUE=&quot;57.1&quot; /&gt;&lt;ABS:Obs TIME=&quot;2015&quot; OBS_VALUE=&quot;57.2&quot; /&gt;&lt;ABS:Obs TIME=&quot;2016&quot; OBS_VALUE=&quot;48.4&quot; /&gt;&lt;ABS:Obs TIME=&quot;2017&quot; OBS_VALUE=&quot;50.5&quot; /&gt;&lt;ABS:Obs TIME=&quot;2018&quot; OBS_VALUE=&quot;48.1&quot; /&gt;&lt;/ABS:Series&gt;&lt;ABS:Series MEASURE=&quot;1&quot; INDIG_STATUS=&quot;IB&quot; AGE=&quot;A15&quot; ASGS_2011=&quot;0&quot; FREQUENCY=&quot;A&quot; TIME_FORMAT=&quot;P1Y&quot;&gt;&lt;ABS:Obs TIME=&quot;2001&quot; OBS_VALUE=&quot;2251&quot; /&gt;&lt;ABS:Obs TIME=&quot;2002&quot; OBS_VALUE=&quot;2275&quot; /&gt;&lt;ABS:Obs TIME=&quot;2003&quot; OBS_VALUE=&quot;2343&quot; /&gt;&lt;ABS:Obs TIME=&quot;2004&quot; OBS_VALUE=&quot;2351&quot; /&gt;&lt;ABS:Obs TIME=&quot;2005&quot; OBS_VALUE=&quot;2479&quot; /&gt;&lt;ABS:Obs TIME=&quot;2006&quot; OBS_VALUE=&quot;2527&quot; /&gt;&lt;ABS:Obs TIME=&quot;2007&quot; OBS_VALUE=&quot;2762&quot; /&gt;&lt;ABS:Obs TIME=&quot;2008&quot; OBS_VALUE=&quot;3019&quot; /&gt;&lt;ABS:Obs TIME=&quot;2009&quot; OBS_VALUE=&quot;3215&quot; /&gt;&lt;ABS:Obs TIME=&quot;2010&quot; OBS_VALUE=&quot;3224&quot; /&gt;&lt;ABS:Obs TIME=&quot;2011&quot; OBS_VALUE=&quot;3102&quot; /&gt;&lt;ABS:Obs TIME=&quot;2012&quot; OBS_VALUE=&quot;3168&quot; /&gt;&lt;ABS:Obs TIME=&quot;2013&quot; OBS_VALUE=&quot;3011&quot; /&gt;&lt;ABS:Obs TIME=&quot;2014&quot; OBS_VALUE=&quot;2744&quot; /&gt;&lt;ABS:Obs TIME=&quot;2015&quot; OBS_VALUE=&quot;2727&quot; /&gt;&lt;ABS:Obs TIME=&quot;2016&quot; OBS_VALUE=&quot;2418&quot; /&gt;&lt;ABS:Obs TIME=&quot;2017&quot; OBS_VALUE=&quot;2607&quot; /&gt;&lt;ABS:Obs TIME=&quot;2018&quot; OBS_VALUE=&quot;2507&quot; /&gt;&lt;/ABS:Series&gt;&lt;ABS:Series MEASURE=&quot;1&quot; INDIG_STATUS=&quot;IM&quot; AGE=&quot;A15&quot; ASGS_2011=&quot;1&quot; FREQUENCY=&quot;A&quot; TIME_FORMAT=&quot;P1Y&quot;&gt;&lt;ABS:Obs TIME=&quot;2001&quot; OBS_VALUE=&quot;391&quot; /&gt;&lt;ABS:Obs TIME=&quot;2002&quot; OBS_VALUE=&quot;448&quot; /&gt;&lt;ABS:Obs TIME=&quot;2003&quot; OBS_VALUE=&quot;389&quot; /&gt;&lt;ABS:Obs TIME=&quot;2004&quot; OBS_VALUE=&quot;463&quot; /&gt;&lt;ABS:Obs TIME=&quot;2005&quot; OBS_VALUE=&quot;480&quot; /&gt;&lt;ABS:Obs TIME=&quot;2006&quot; OBS_VALUE=&quot;552&quot; /&gt;&lt;ABS:Obs TIME=&quot;2007&quot; OBS_VALUE=&quot;564&quot; /&gt;&lt;ABS:Obs TIME=&quot;2008&quot; OBS_VALUE=&quot;669&quot; /&gt;&lt;ABS:Obs TIME=&quot;2009&quot; OBS_VALUE=&quot;679&quot; /&gt;&lt;ABS:Obs TIME=&quot;2010&quot; OBS_VALUE=&quot;726&quot; /&gt;&lt;ABS:Obs TIME=&quot;2011&quot; OBS_VALUE=&quot;676&quot; /&gt;&lt;ABS:Obs TIME=&quot;2012&quot; OBS_VALUE=&quot;635&quot; /&gt;&lt;ABS:Obs TIME=&quot;2013&quot; OBS_VALUE=&quot;642&quot; /&gt;&lt;ABS:Obs TIME=&quot;2014&quot; OBS_VALUE=&quot;534&quot; /&gt;&lt;ABS:Obs TIME=&quot;2015&quot; OBS_VALUE=&quot;657&quot; /&gt;&lt;ABS:Obs TIME=&quot;2016&quot; OBS_VALUE=&quot;527&quot; /&gt;&lt;ABS:Obs TIME=&quot;2017&quot; OBS_VALUE=&quot;518&quot; /&gt;&lt;ABS:Obs TIME=&quot;2018&quot; OBS_VALUE=&quot;601&quot; /&gt;&lt;/ABS:Series&gt;&lt;ABS:Series MEASURE=&quot;11&quot; INDIG_STATUS=&quot;IM&quot; AGE=&quot;A15&quot; ASGS_2011=&quot;1&quot; FREQUENCY=&quot;A&quot; TIME_FORMAT=&quot;P1Y&quot;&gt;&lt;ABS:Obs TIME=&quot;2001&quot; OBS_VALUE=&quot;49.4&quot; /&gt;&lt;ABS:Obs TIME=&quot;2002&quot; OBS_VALUE=&quot;54.8&quot; /&gt;&lt;ABS:Obs TIME=&quot;2003&quot; OBS_VALUE=&quot;46.2&quot; /&gt;&lt;ABS:Obs TIME=&quot;2004&quot; OBS_VALUE=&quot;53.4&quot; /&gt;&lt;ABS:Obs TIME=&quot;2005&quot; OBS_VALUE=&quot;53.4&quot; /&gt;&lt;ABS:Obs TIME=&quot;2006&quot; OBS_VALUE=&quot;59.7&quot; /&gt;&lt;ABS:Obs TIME=&quot;2007&quot; OBS_VALUE=&quot;58.9&quot; /&gt;&lt;ABS:Obs TIME=&quot;2008&quot; OBS_VALUE=&quot;66.2&quot; /&gt;&lt;ABS:Obs TIME=&quot;2009&quot; OBS_VALUE=&quot;63.8&quot; /&gt;&lt;ABS:Obs TIME=&quot;2010&quot; OBS_VALUE=&quot;65.7&quot; /&gt;&lt;ABS:Obs TIME=&quot;2011&quot; OBS_VALUE=&quot;58.8&quot; /&gt;&lt;ABS:Obs TIME=&quot;2012&quot; OBS_VALUE=&quot;52.6&quot; /&gt;&lt;ABS:Obs TIME=&quot;2013&quot; OBS_VALUE=&quot;51.7&quot; /&gt;&lt;ABS:Obs TIME=&quot;2014&quot; OBS_VALUE=&quot;41.8&quot; /&gt;&lt;ABS:Obs TIME=&quot;2015&quot; OBS_VALUE=&quot;50.4&quot; /&gt;&lt;ABS:Obs TIME=&quot;2016&quot; OBS_VALUE=&quot;39.1&quot; /&gt;&lt;ABS:Obs TIME=&quot;2017&quot; OBS_VALUE=&quot;38&quot; /&gt;&lt;ABS:Obs TIME=&quot;2018&quot; OBS_VALUE=&quot;43.5&quot; /&gt;&lt;/ABS:Series&gt;&lt;ABS:Series MEASURE=&quot;1&quot; INDIG_STATUS=&quot;IB&quot; AGE=&quot;A15&quot; ASGS_2011=&quot;1&quot; FREQUENCY=&quot;A&quot; TIME_FORMAT=&quot;P1Y&quot;&gt;&lt;ABS:Obs TIME=&quot;2001&quot; OBS_VALUE=&quot;575&quot; /&gt;&lt;ABS:Obs TIME=&quot;2002&quot; OBS_VALUE=&quot;649&quot; /&gt;&lt;ABS:Obs TIME=&quot;2003&quot; OBS_VALUE=&quot;576&quot; /&gt;&lt;ABS:Obs TIME=&quot;2004&quot; OBS_VALUE=&quot;664&quot; /&gt;&lt;ABS:Obs TIME=&quot;2005&quot; OBS_VALUE=&quot;685&quot; /&gt;&lt;ABS:Obs TIME=&quot;2006&quot; OBS_VALUE=&quot;771&quot; /&gt;&lt;ABS:Obs TIME=&quot;2007&quot; OBS_VALUE=&quot;790&quot; /&gt;&lt;ABS:Obs TIME=&quot;2008&quot; OBS_VALUE=&quot;937&quot; /&gt;&lt;ABS:Obs TIME=&quot;2009&quot; OBS_VALUE=&quot;923&quot; /&gt;&lt;ABS:Obs TIME=&quot;2010&quot; OBS_VALUE=&quot;980&quot; /&gt;&lt;ABS:Obs TIME=&quot;2011&quot; OBS_VALUE=&quot;933&quot; /&gt;&lt;ABS:Obs TIME=&quot;2012&quot; OBS_VALUE=&quot;897&quot; /&gt;&lt;ABS:Obs TIME=&quot;2013&quot; OBS_VALUE=&quot;916&quot; /&gt;&lt;ABS:Obs TIME=&quot;2014&quot; OBS_VALUE=&quot;753&quot; /&gt;&lt;ABS:Obs TIME=&quot;2015&quot; OBS_VALUE=&quot;846&quot; /&gt;&lt;ABS:Obs TIME=&quot;2016&quot; OBS_VALUE=&quot;722&quot; /&gt;&lt;ABS:Obs TIME=&quot;2017&quot; OBS_VALUE=&quot;721&quot; /&gt;&lt;ABS:Obs TIME=&quot;2018&quot; OBS_VALUE=&quot;810&quot; /&gt;&lt;/ABS:Series&gt;&lt;ABS:Series MEASURE=&quot;1&quot; INDIG_STATUS=&quot;IM&quot; AGE=&quot;A15&quot; ASGS_2011=&quot;2&quot; FREQUENCY=&quot;A&quot; TIME_FORMAT=&quot;P1Y&quot;&gt;&lt;ABS:Obs TIME=&quot;2001&quot; OBS_VALUE=&quot;50&quot; /&gt;&lt;ABS:Obs TIME=&quot;2002&quot; OBS_VALUE=&quot;58&quot; /&gt;&lt;ABS:Obs TIME=&quot;2003&quot; OBS_VALUE=&quot;73&quot; /&gt;&lt;ABS:Obs TIME=&quot;2004&quot; OBS_VALUE=&quot;90&quot; /&gt;&lt;ABS:Obs TIME=&quot;2005&quot; OBS_VALUE=&quot;85&quot; /&gt;&lt;ABS:Obs TIME=&quot;2006&quot; OBS_VALUE=&quot;85&quot; /&gt;&lt;ABS:Obs TIME=&quot;2007&quot; OBS_VALUE=&quot;86&quot; /&gt;&lt;ABS:Obs TIME=&quot;2008&quot; OBS_VALUE=&quot;101&quot; /&gt;&lt;ABS:Obs TIME=&quot;2009&quot; OBS_VALUE=&quot;109&quot; /&gt;&lt;ABS:Obs TIME=&quot;2010&quot; OBS_VALUE=&quot;82&quot; /&gt;&lt;ABS:Obs TIME=&quot;2011&quot; OBS_VALUE=&quot;114&quot; /&gt;&lt;ABS:Obs TIME=&quot;2012&quot; OBS_VALUE=&quot;143&quot; /&gt;&lt;ABS:Obs TIME=&quot;2013&quot; OBS_VALUE=&quot;138&quot; /&gt;&lt;ABS:Obs TIME=&quot;2014&quot; OBS_VALUE=&quot;94&quot; /&gt;&lt;ABS:Obs TIME=&quot;2015&quot; OBS_VALUE=&quot;100&quot; /&gt;&lt;ABS:Obs TIME=&quot;2016&quot; OBS_VALUE=&quot;113&quot; /&gt;&lt;ABS:Obs TIME=&quot;2017&quot; OBS_VALUE=&quot;120&quot; /&gt;&lt;ABS:Obs TIME=&quot;2018&quot; OBS_VALUE=&quot;97&quot; /&gt;&lt;/ABS:Series&gt;&lt;ABS:Series MEASURE=&quot;11&quot; INDIG_STATUS=&quot;IM&quot; AGE=&quot;A15&quot; ASGS_2011=&quot;2&quot; FREQUENCY=&quot;A&quot; TIME_FORMAT=&quot;P1Y&quot;&gt;&lt;ABS:Obs TIME=&quot;2001&quot; OBS_VALUE=&quot;35.5&quot; /&gt;&lt;ABS:Obs TIME=&quot;2002&quot; OBS_VALUE=&quot;39.9&quot; /&gt;&lt;ABS:Obs TIME=&quot;2003&quot; OBS_VALUE=&quot;46&quot; /&gt;&lt;ABS:Obs TIME=&quot;2004&quot; OBS_VALUE=&quot;50.1&quot; /&gt;&lt;ABS:Obs TIME=&quot;2005&quot; OBS_VALUE=&quot;42.7&quot; /&gt;&lt;ABS:Obs TIME=&quot;2006&quot; OBS_VALUE=&quot;38.3&quot; /&gt;&lt;ABS:Obs TIME=&quot;2007&quot; OBS_VALUE=&quot;36.6&quot; /&gt;&lt;ABS:Obs TIME=&quot;2008&quot; OBS_VALUE=&quot;42&quot; /&gt;&lt;ABS:Obs TIME=&quot;2009&quot; OBS_VALUE=&quot;45&quot; /&gt;&lt;ABS:Obs TIME=&quot;2010&quot; OBS_VALUE=&quot;33.5&quot; /&gt;&lt;ABS:Obs TIME=&quot;2011&quot; OBS_VALUE=&quot;45.9&quot; /&gt;&lt;ABS:Obs TIME=&quot;2012&quot; OBS_VALUE=&quot;51.3&quot; /&gt;&lt;ABS:Obs TIME=&quot;2013&quot; OBS_VALUE=&quot;48.7&quot; /&gt;&lt;ABS:Obs TIME=&quot;2014&quot; OBS_VALUE=&quot;33&quot; /&gt;&lt;ABS:Obs TIME=&quot;2015&quot; OBS_VALUE=&quot;34.5&quot; /&gt;&lt;ABS:Obs TIME=&quot;2016&quot; OBS_VALUE=&quot;38.3&quot; /&gt;&lt;ABS:Obs TIME=&quot;2017&quot; OBS_VALUE=&quot;40.5&quot; /&gt;&lt;ABS:Obs TIME=&quot;2018&quot; OBS_VALUE=&quot;32.9&quot; /&gt;&lt;/ABS:Series&gt;&lt;ABS:Series MEASURE=&quot;1&quot; INDIG_STATUS=&quot;IB&quot; AGE=&quot;A15&quot; ASGS_2011=&quot;2&quot; FREQUENCY=&quot;A&quot; TIME_FORMAT=&quot;P1Y&quot;&gt;&lt;ABS:Obs TIME=&quot;2001&quot; OBS_VALUE=&quot;86&quot; /&gt;&lt;ABS:Obs TIME=&quot;2002&quot; OBS_VALUE=&quot;100&quot; /&gt;&lt;ABS:Obs TIME=&quot;2003&quot; OBS_VALUE=&quot;120&quot; /&gt;&lt;ABS:Obs TIME=&quot;2004&quot; OBS_VALUE=&quot;132&quot; /&gt;&lt;ABS:Obs TIME=&quot;2005&quot; OBS_VALUE=&quot;130&quot; /&gt;&lt;ABS:Obs TIME=&quot;2006&quot; OBS_VALUE=&quot;141&quot; /&gt;&lt;ABS:Obs TIME=&quot;2007&quot; OBS_VALUE=&quot;130&quot; /&gt;&lt;ABS:Obs TIME=&quot;2008&quot; OBS_VALUE=&quot;166&quot; /&gt;&lt;ABS:Obs TIME=&quot;2009&quot; OBS_VALUE=&quot;160&quot; /&gt;&lt;ABS:Obs TIME=&quot;2010&quot; OBS_VALUE=&quot;126&quot; /&gt;&lt;ABS:Obs TIME=&quot;2011&quot; OBS_VALUE=&quot;160&quot; /&gt;&lt;ABS:Obs TIME=&quot;2012&quot; OBS_VALUE=&quot;205&quot; /&gt;&lt;ABS:Obs TIME=&quot;2013&quot; OBS_VALUE
Inserting 432 obs
&lt;soap12:Envelope xmlns:xsi=&quot;http://www.w3.org/2001/XMLSchema-instance&quot; xmlns:xsd=&quot;http://www.w3.org/2001/XMLSchema&quot; xmlns:soap12=&quot;http://www.w3.org/2003/05/soap-envelope&quot;&gt;
  &lt;soap12:Body&gt;
    &lt;GetCompactData xmlns=&quot;http://stats.oecd.org/OECDStatWS/SDMX/&quot;&gt;
      &lt;QueryMessage&gt;&lt;message:QueryMessage xmlns:message=&quot;http://www.SDMX.org/resources/SDMXML/schemas/v2_0/message&quot;&gt;&lt;Header xmlns=&quot;http://www.SDMX.org/resources/SDMXML/schemas/v2_0/message&quot;&gt;&lt;message:ID&gt;none&lt;/message:ID&gt;&lt;message:Test&gt;false&lt;/message:Test&gt;&lt;message:Prepared&gt;2016-08-19T00:11:33+08:00&lt;/message:Prepared&gt;&lt;message:Sender id=&quot;Sdmx-Sax&quot; /&gt;&lt;message:Receiver id=&quot;ABS&quot; /&gt;&lt;/Header&gt;&lt;message:Query&gt;&lt;DataWhere xmlns=&quot;http://www.SDMX.org/resources/SDMXML/schemas/v2_0/query&quot;&gt;&lt;And&gt;&lt;DataSet&gt;ATSI_FERTILITY&lt;/DataSet&gt;&lt;Time&gt;&lt;StartTime&gt;1000-02-01&lt;/StartTime&gt;&lt;EndTime&gt;2020-04-19&lt;/EndTime&gt;&lt;/Time&gt;&lt;Or&gt;&lt;Dimension id=&quot;INDIG_STATUS&quot;&gt;IM&lt;/Dimension&gt;&lt;Dimension id=&quot;INDIG_STATUS&quot;&gt;IM&lt;/Dimension&gt;&lt;Dimension id=&quot;INDIG_STATUS&quot;&gt;IB&lt;/Dimension&gt;&lt;/Or&gt;&lt;Or&gt;&lt;Dimension id=&quot;AGE&quot;&gt;A20&lt;/Dimension&gt;&lt;/Or&gt;&lt;Or&gt;&lt;Dimension id=&quot;ASGS_2011&quot;&gt;0&lt;/Dimension&gt;&lt;Dimension id=&quot;ASGS_2011&quot;&gt;1&lt;/Dimension&gt;&lt;Dimension id=&quot;ASGS_2011&quot;&gt;2&lt;/Dimension&gt;&lt;Dimension id=&quot;ASGS_2011&quot;&gt;3&lt;/Dimension&gt;&lt;Dimension id=&quot;ASGS_2011&quot;&gt;4&lt;/Dimension&gt;&lt;Dimension id=&quot;ASGS_2011&quot;&gt;5&lt;/Dimension&gt;&lt;Dimension id=&quot;ASGS_2011&quot;&gt;6&lt;/Dimension&gt;&lt;Dimension id=&quot;ASGS_2011&quot;&gt;7&lt;/Dimension&gt;&lt;/Or&gt;&lt;Or&gt;&lt;Dimension id=&quot;FREQUENCY&quot;&gt;A&lt;/Dimension&gt;&lt;/Or&gt;&lt;Or&gt;&lt;Dimension id=&quot;MEASURE&quot;&gt;1&lt;/Dimension&gt;&lt;Dimension id=&quot;MEASURE&quot;&gt;11&lt;/Dimension&gt;&lt;/Or&gt;&lt;/And&gt;&lt;/DataWhere&gt;&lt;/message:Query&gt;&lt;/message:QueryMessage&gt;
&lt;/QueryMessage&gt;
&lt;/GetCompactData&gt;
&lt;/soap12:Body&gt;
&lt;/soap12:Envelope&gt;
Header=&lt;message:CompactData xmlns=&quot;http://www.SDMX.org/resources/SDMXML/schemas/v2_0/message&quot; xmlns:common=&quot;http://www.SDMX.org/resources/SDMXML/schemas/v2_0/common&quot; xmlns:compact=&quot;http://www.SDMX.org/resources/SDMXML/schemas/v2_0/compact&quot; xmlns:ABS=&quot;http://oecd.stat.org/Data&quot; xmlns:xsi=&quot;http://www.w3.org/2001/XMLSchema-instance&quot; xsi:schemaLocation=&quot;http://www.SDMX.org/resources/SDMXML/schemas/v2_0/message http://www.sdmx.org/docs/2_0/SDMXMessage.xsd http://oecd.stat.org/Data http://stat.data.abs.gov.au/restsdmx/sdmx.ashx/GetSchema/ATSI_FERTILITY&quot; xmlns:message=&quot;http://www.SDMX.org/resources/SDMXML/schemas/v2_0/message&quot;&gt;&lt;Header&gt;&lt;ID&gt;none&lt;/ID&gt;&lt;Test&gt;false&lt;/Test&gt;&lt;Truncated&gt;false&lt;/Truncated&gt;&lt;Prepared&gt;2020-03-19T13:24:44&lt;/Prepared&gt;&lt;Sender id=&quot;ABS&quot;&gt;&lt;Name xml:lang=&quot;en&quot;&gt;Australian Bureau of Statistics&lt;/Name&gt;&lt;Name xml:lang=&quot;fr&quot;&gt;Australian Bureau of Statistics&lt;/Name&gt;&lt;/Sender&gt;&lt;/Header&gt;&lt;ABS:DataSet keyFamilyURI=&quot;http://stat.data.abs.gov.au/restsdmx/sdmx.ashx/GetKeyFamily/ATSI_FERTILITY&quot; xmlns:ABS=&quot;http://oecd.stat.org/Data&quot;&gt;&lt;ABS:Series MEASURE=&quot;1&quot; INDIG_STATUS=&quot;IM&quot; AGE=&quot;A20&quot; ASGS_2011=&quot;0&quot; FREQUENCY=&quot;A&quot; TIME_FORMAT=&quot;P1Y&quot;&gt;&lt;ABS:Obs TIME=&quot;2001&quot; OBS_VALUE=&quot;2513&quot; /&gt;&lt;ABS:Obs TIME=&quot;2002&quot; OBS_VALUE=&quot;2539&quot; /&gt;&lt;ABS:Obs TIME=&quot;2003&quot; OBS_VALUE=&quot;2661&quot; /&gt;&lt;ABS:Obs TIME=&quot;2004&quot; OBS_VALUE=&quot;2663&quot; /&gt;&lt;ABS:Obs TIME=&quot;2005&quot; OBS_VALUE=&quot;2861&quot; /&gt;&lt;ABS:Obs TIME=&quot;2006&quot; OBS_VALUE=&quot;2944&quot; /&gt;&lt;ABS:Obs TIME=&quot;2007&quot; OBS_VALUE=&quot;3538&quot; /&gt;&lt;ABS:Obs TIME=&quot;2008&quot; OBS_VALUE=&quot;3738&quot; /&gt;&lt;ABS:Obs TIME=&quot;2009&quot; OBS_VALUE=&quot;3987&quot; /&gt;&lt;ABS:Obs TIME=&quot;2010&quot; OBS_VALUE=&quot;4124&quot; /&gt;&lt;ABS:Obs TIME=&quot;2011&quot; OBS_VALUE=&quot;4092&quot; /&gt;&lt;ABS:Obs TIME=&quot;2012&quot; OBS_VALUE=&quot;4203&quot; /&gt;&lt;ABS:Obs TIME=&quot;2013&quot; OBS_VALUE=&quot;4314&quot; /&gt;&lt;ABS:Obs TIME=&quot;2014&quot; OBS_VALUE=&quot;4134&quot; /&gt;&lt;ABS:Obs TIME=&quot;2015&quot; OBS_VALUE=&quot;4352&quot; /&gt;&lt;ABS:Obs TIME=&quot;2016&quot; OBS_VALUE=&quot;4275&quot; /&gt;&lt;ABS:Obs TIME=&quot;2017&quot; OBS_VALUE=&quot;4552&quot; /&gt;&lt;ABS:Obs TIME=&quot;2018&quot; OBS_VALUE=&quot;4768&quot; /&gt;&lt;/ABS:Series&gt;&lt;ABS:Series MEASURE=&quot;11&quot; INDIG_STATUS=&quot;IM&quot; AGE=&quot;A20&quot; ASGS_2011=&quot;0&quot; FREQUENCY=&quot;A&quot; TIME_FORMAT=&quot;P1Y&quot;&gt;&lt;ABS:Obs TIME=&quot;2001&quot; OBS_VALUE=&quot;119.3&quot; /&gt;&lt;ABS:Obs TIME=&quot;2002&quot; OBS_VALUE=&quot;117.9&quot; /&gt;&lt;ABS:Obs TIME=&quot;2003&quot; OBS_VALUE=&quot;118.9&quot; /&gt;&lt;ABS:Obs TIME=&quot;2004&quot; OBS_VALUE=&quot;114.9&quot; /&gt;&lt;ABS:Obs TIME=&quot;2005&quot; OBS_VALUE=&quot;118.2&quot; /&gt;&lt;ABS:Obs TIME=&quot;2006&quot; OBS_VALUE=&quot;116.5&quot; /&gt;&lt;ABS:Obs TIME=&quot;2007&quot; OBS_VALUE=&quot;134.2&quot; /&gt;&lt;ABS:Obs TIME=&quot;2008&quot; OBS_VALUE=&quot;137.8&quot; /&gt;&lt;ABS:Obs TIME=&quot;2009&quot; OBS_VALUE=&quot;142.2&quot; /&gt;&lt;ABS:Obs TIME=&quot;2010&quot; OBS_VALUE=&quot;141.5&quot; /&gt;&lt;ABS:Obs TIME=&quot;2011&quot; OBS_VALUE=&quot;135.8&quot; /&gt;&lt;ABS:Obs TIME=&quot;2012&quot; OBS_VALUE=&quot;131&quot; /&gt;&lt;ABS:Obs TIME=&quot;2013&quot; OBS_VALUE=&quot;129.4&quot; /&gt;&lt;ABS:Obs TIME=&quot;2014&quot; OBS_VALUE=&quot;120.3&quot; /&gt;&lt;ABS:Obs TIME=&quot;2015&quot; OBS_VALUE=&quot;123.3&quot; /&gt;&lt;ABS:Obs TIME=&quot;2016&quot; OBS_VALUE=&quot;119.7&quot; /&gt;&lt;ABS:Obs TIME=&quot;2017&quot; OBS_VALUE=&quot;125.1&quot; /&gt;&lt;ABS:Obs TIME=&quot;2018&quot; OBS_VALUE=&quot;129&quot; /&gt;&lt;/ABS:Series&gt;&lt;ABS:Series MEASURE=&quot;1&quot; INDIG_STATUS=&quot;IB&quot; AGE=&quot;A20&quot; ASGS_2011=&quot;0&quot; FREQUENCY=&quot;A&quot; TIME_FORMAT=&quot;P1Y&quot;&gt;&lt;ABS:Obs TIME=&quot;2001&quot; OBS_VALUE=&quot;3434&quot; /&gt;&lt;ABS:Obs TIME=&quot;2002&quot; OBS_VALUE=&quot;3516&quot; /&gt;&lt;ABS:Obs TIME=&quot;2003&quot; OBS_VALUE=&quot;3608&quot; /&gt;&lt;ABS:Obs TIME=&quot;2004&quot; OBS_VALUE=&quot;3686&quot; /&gt;&lt;ABS:Obs TIME=&quot;2005&quot; OBS_VALUE=&quot;3931&quot; /&gt;&lt;ABS:Obs TIME=&quot;2006&quot; OBS_VALUE=&quot;4039&quot; /&gt;&lt;ABS:Obs TIME=&quot;2007&quot; OBS_VALUE=&quot;4792&quot; /&gt;&lt;ABS:Obs TIME=&quot;2008&quot; OBS_VALUE=&quot;5033&quot; /&gt;&lt;ABS:Obs TIME=&quot;2009&quot; OBS_VALUE=&quot;5326&quot; /&gt;&lt;ABS:Obs TIME=&quot;2010&quot; OBS_VALUE=&quot;5515&quot; /&gt;&lt;ABS:Obs TIME=&quot;2011&quot; OBS_VALUE=&quot;5571&quot; /&gt;&lt;ABS:Obs TIME=&quot;2012&quot; OBS_VALUE=&quot;5730&quot; /&gt;&lt;ABS:Obs TIME=&quot;2013&quot; OBS_VALUE=&quot;5873&quot; /&gt;&lt;ABS:Obs TIME=&quot;2014&quot; OBS_VALUE=&quot;5625&quot; /&gt;&lt;ABS:Obs TIME=&quot;2015&quot; OBS_VALUE=&quot;5845&quot; /&gt;&lt;ABS:Obs TIME=&quot;2016&quot; OBS_VALUE=&quot;5755&quot; /&gt;&lt;ABS:Obs TIME=&quot;2017&quot; OBS_VALUE=&quot;6263&quot; /&gt;&lt;ABS:Obs TIME=&quot;2018&quot; OBS_VALUE=&quot;6541&quot; /&gt;&lt;/ABS:Series&gt;&lt;ABS:Series MEASURE=&quot;1&quot; INDIG_STATUS=&quot;IM&quot; AGE=&quot;A20&quot; ASGS_2011=&quot;1&quot; FREQUENCY=&quot;A&quot; TIME_FORMAT=&quot;P1Y&quot;&gt;&lt;ABS:Obs TIME=&quot;2001&quot; OBS_VALUE=&quot;617&quot; /&gt;&lt;ABS:Obs TIME=&quot;2002&quot; OBS_VALUE=&quot;624&quot; /&gt;&lt;ABS:Obs TIME=&quot;2003&quot; OBS_VALUE=&quot;663&quot; /&gt;&lt;ABS:Obs TIME=&quot;2004&quot; OBS_VALUE=&quot;714&quot; /&gt;&lt;ABS:Obs TIME=&quot;2005&quot; OBS_VALUE=&quot;767&quot; /&gt;&lt;ABS:Obs TIME=&quot;2006&quot; OBS_VALUE=&quot;866&quot; /&gt;&lt;ABS:Obs TIME=&quot;2007&quot; OBS_VALUE=&quot;979&quot; /&gt;&lt;ABS:Obs TIME=&quot;2008&quot; OBS_VALUE=&quot;1074&quot; /&gt;&lt;ABS:Obs TIME=&quot;2009&quot; OBS_VALUE=&quot;1127&quot; /&gt;&lt;ABS:Obs TIME=&quot;2010&quot; OBS_VALUE=&quot;1257&quot; /&gt;&lt;ABS:Obs TIME=&quot;2011&quot; OBS_VALUE=&quot;1174&quot; /&gt;&lt;ABS:Obs TIME=&quot;2012&quot; OBS_VALUE=&quot;1187&quot; /&gt;&lt;ABS:Obs TIME=&quot;2013&quot; OBS_VALUE=&quot;1336&quot; /&gt;&lt;ABS:Obs TIME=&quot;2014&quot; OBS_VALUE=&quot;1041&quot; /&gt;&lt;ABS:Obs TIME=&quot;2015&quot; OBS_VALUE=&quot;1312&quot; /&gt;&lt;ABS:Obs TIME=&quot;2016&quot; OBS_VALUE=&quot;1224&quot; /&gt;&lt;ABS:Obs TIME=&quot;2017&quot; OBS_VALUE=&quot;1291&quot; /&gt;&lt;ABS:Obs TIME=&quot;2018&quot; OBS_VALUE=&quot;1471&quot; /&gt;&lt;/ABS:Series&gt;&lt;ABS:Series MEASURE=&quot;11&quot; INDIG_STATUS=&quot;IM&quot; AGE=&quot;A20&quot; ASGS_2011=&quot;1&quot; FREQUENCY=&quot;A&quot; TIME_FORMAT=&quot;P1Y&quot;&gt;&lt;ABS:Obs TIME=&quot;2001&quot; OBS_VALUE=&quot;100&quot; /&gt;&lt;ABS:Obs TIME=&quot;2002&quot; OBS_VALUE=&quot;98.2&quot; /&gt;&lt;ABS:Obs TIME=&quot;2003&quot; OBS_VALUE=&quot;100.4&quot; /&gt;&lt;ABS:Obs TIME=&quot;2004&quot; OBS_VALUE=&quot;103.8&quot; /&gt;&lt;ABS:Obs TIME=&quot;2005&quot; OBS_VALUE=&quot;106.9&quot; /&gt;&lt;ABS:Obs TIME=&quot;2006&quot; OBS_VALUE=&quot;115.2&quot; /&gt;&lt;ABS:Obs TIME=&quot;2007&quot; OBS_VALUE=&quot;125.7&quot; /&gt;&lt;ABS:Obs TIME=&quot;2008&quot; OBS_VALUE=&quot;134.2&quot; /&gt;&lt;ABS:Obs TIME=&quot;2009&quot; OBS_VALUE=&quot;136.5&quot; /&gt;&lt;ABS:Obs TIME=&quot;2010&quot; OBS_VALUE=&quot;146.4&quot; /&gt;&lt;ABS:Obs TIME=&quot;2011&quot; OBS_VALUE=&quot;132.7&quot; /&gt;&lt;ABS:Obs TIME=&quot;2012&quot; OBS_VALUE=&quot;115.4&quot; /&gt;&lt;ABS:Obs TIME=&quot;2013&quot; OBS_VALUE=&quot;124.4&quot; /&gt;&lt;ABS:Obs TIME=&quot;2014&quot; OBS_VALUE=&quot;92.8&quot; /&gt;&lt;ABS:Obs TIME=&quot;2015&quot; OBS_VALUE=&quot;112.8&quot; /&gt;&lt;ABS:Obs TIME=&quot;2016&quot; OBS_VALUE=&quot;103&quot; /&gt;&lt;ABS:Obs TIME=&quot;2017&quot; OBS_VALUE=&quot;106&quot; /&gt;&lt;ABS:Obs TIME=&quot;2018&quot; OBS_VALUE=&quot;118.5&quot; /&gt;&lt;/ABS:Series&gt;&lt;ABS:Series MEASURE=&quot;1&quot; INDIG_STATUS=&quot;IB&quot; AGE=&quot;A20&quot; ASGS_2011=&quot;1&quot; FREQUENCY=&quot;A&quot; TIME_FORMAT=&quot;P1Y&quot;&gt;&lt;ABS:Obs TIME=&quot;2001&quot; OBS_VALUE=&quot;940&quot; /&gt;&lt;ABS:Obs TIME=&quot;2002&quot; OBS_VALUE=&quot;1013&quot; /&gt;&lt;ABS:Obs TIME=&quot;2003&quot; OBS_VALUE=&quot;1025&quot; /&gt;&lt;ABS:Obs TIME=&quot;2004&quot; OBS_VALUE=&quot;1077&quot; /&gt;&lt;ABS:Obs TIME=&quot;2005&quot; OBS_VALUE=&quot;1148&quot; /&gt;&lt;ABS:Obs TIME=&quot;2006&quot; OBS_VALUE=&quot;1275&quot; /&gt;&lt;ABS:Obs TIME=&quot;2007&quot; OBS_VALUE=&quot;1449&quot; /&gt;&lt;ABS:Obs TIME=&quot;2008&quot; OBS_VALUE=&quot;1589&quot; /&gt;&lt;ABS:Obs TIME=&quot;2009&quot; OBS_VALUE=&quot;1624&quot; /&gt;&lt;ABS:Obs TIME=&quot;2010&quot; OBS_VALUE=&quot;1852&quot; /&gt;&lt;ABS:Obs TIME=&quot;2011&quot; OBS_VALUE=&quot;1761&quot; /&gt;&lt;ABS:Obs TIME=&quot;2012&quot; OBS_VALUE=&quot;1729&quot; /&gt;&lt;ABS:Obs TIME=&quot;2013&quot; OBS_VALUE=&quot;1945&quot; /&gt;&lt;ABS:Obs TIME=&quot;2014&quot; OBS_VALUE=&quot;1581&quot; /&gt;&lt;ABS:Obs TIME=&quot;2015&quot; OBS_VALUE=&quot;1937&quot; /&gt;&lt;ABS:Obs TIME=&quot;2016&quot; OBS_VALUE=&quot;1776&quot; /&gt;&lt;ABS:Obs TIME=&quot;2017&quot; OBS_VALUE=&quot;1898&quot; /&gt;&lt;ABS:Obs TIME=&quot;2018&quot; OBS_VALUE=&quot;2203&quot; /&gt;&lt;/ABS:Series&gt;&lt;ABS:Series MEASURE=&quot;1&quot; INDIG_STATUS=&quot;IM&quot; AGE=&quot;A20&quot; ASGS_2011=&quot;2&quot; FREQUENCY=&quot;A&quot; TIME_FORMAT=&quot;P1Y&quot;&gt;&lt;ABS:Obs TIME=&quot;2001&quot; OBS_VALUE=&quot;83&quot; /&gt;&lt;ABS:Obs TIME=&quot;2002&quot; OBS_VALUE=&quot;82&quot; /&gt;&lt;ABS:Obs TIME=&quot;2003&quot; OBS_VALUE=&quot;120&quot; /&gt;&lt;ABS:Obs TIME=&quot;2004&quot; OBS_VALUE=&quot;126&quot; /&gt;&lt;ABS:Obs TIME=&quot;2005&quot; OBS_VALUE=&quot;138&quot; /&gt;&lt;ABS:Obs TIME=&quot;2006&quot; OBS_VALUE=&quot;137&quot; /&gt;&lt;ABS:Obs TIME=&quot;2007&quot; OBS_VALUE=&quot;196&quot; /&gt;&lt;ABS:Obs TIME=&quot;2008&quot; OBS_VALUE=&quot;193&quot; /&gt;&lt;ABS:Obs TIME=&quot;2009&quot; OBS_VALUE=&quot;196&quot; /&gt;&lt;ABS:Obs TIME=&quot;2010&quot; OBS_VALUE=&quot;166&quot; /&gt;&lt;ABS:Obs TIME=&quot;2011&quot; OBS_VALUE=&quot;217&quot; /&gt;&lt;ABS:Obs TIME=&quot;2012&quot; OBS_VALUE=&quot;265&quot; /&gt;&lt;ABS:Obs TIME=&quot;2013&quot; OBS_VALUE=&quot;257&quot; /&gt;&lt;ABS:Obs TIME=&quot;2014&quot; OBS_VALUE=&quot;284&quot; /&gt;&lt;ABS:Obs TIME=&quot;2015&quot; OBS_VALUE=&quot;253&quot; /&gt;&lt;ABS:Obs TIME=&quot;2016&quot; OBS_VALUE=&quot;302&quot; /&gt;&lt;ABS:Obs TIME=&quot;2017&quot; OBS_VALUE=&quot;300&quot; /&gt;&lt;ABS:Obs TIME=&quot;2018&quot; OBS_VALUE=&quot;307&quot; /&gt;&lt;/ABS:Series&gt;&lt;ABS:Series MEASURE=&quot;11&quot; INDIG_STATUS=&quot;IM&quot; AGE=&quot;A20&quot; ASGS_2011=&quot;2&quot; FREQUENCY=&quot;A&quot; TIME_FORMAT=&quot;P1Y&quot;&gt;&lt;ABS:Obs TIME=&quot;2001&quot; OBS_VALUE=&quot;60.3&quot; /&gt;&lt;ABS:Obs TIME=&quot;2002&quot; OBS_VALUE=&quot;58.6&quot; /&gt;&lt;ABS:Obs TIME=&quot;2003&quot; OBS_VALUE=&quot;80.9&quot; /&gt;&lt;ABS:Obs TIME=&quot;2004&quot; OBS_VALUE=&quot;86.3&quot; /&gt;&lt;ABS:Obs TIME=&quot;2005&quot; OBS_VALUE=&quot;92.4&quot; /&gt;&lt;ABS:Obs TIME=&quot;2006&quot; OBS_VALUE=&quot;88.6&quot; /&gt;&lt;ABS:Obs TIME=&quot;2007&quot; OBS_VALUE=&quot;119.1&quot; /&gt;&lt;ABS:Obs TIME=&quot;2008&quot; OBS_VALUE=&quot;108.9&quot; /&gt;&lt;ABS:Obs TIME=&quot;2009&quot; OBS_VALUE=&quot;98.3&quot; /&gt;&lt;ABS:Obs TIME=&quot;2010&quot; OBS_VALUE=&quot;76.1&quot; /&gt;&lt;ABS:Obs TIME=&quot;2011&quot; OBS_VALUE=&quot;90.9&quot; /&gt;&lt;ABS:Obs TIME=&quot;2012&quot; OBS_VALUE=&quot;103.2&quot; /&gt;&lt;ABS:Obs TIME=&quot;2013&quot; OBS_VALUE=&quot;96.5&quot; /&gt;&lt;ABS:Obs TIME=&quot;2014&quot; OBS_VALUE=&quot;106.2&quot; /&gt;&lt;ABS:Obs TIME=&quot;2015&quot; OBS_VALUE=&quot;93.7&quot; /&gt;&lt;ABS:Obs TIME=&quot;2016&quot; OBS_VALUE=&quot;113.1&quot; /&gt;&lt;ABS:Obs TIME=&quot;2017&quot; OBS_VALUE=&quot;109.6&quot; /&gt;&lt;ABS:Obs TIME=&quot;2018&quot; OBS_VALUE=&quot;107.5&quot; /&gt;&lt;/ABS:Series&gt;&lt;ABS:Series MEASURE=&quot;1&quot; INDIG_STATUS=&quot;IB&quot; AGE=&quot;A20&quot; ASGS_2011=&quot;2&quot; FREQUENCY=&quot;A&quot; TIME_FORMAT=&quot;P1Y&quot;&gt;&lt;ABS:Obs TIME=&quot;2001&quot; OBS_VALUE=&quot;143&quot; /&gt;&lt;ABS:Obs TIME=&quot;2002&quot; OBS_VALUE=&quot;151&quot; /&gt;&lt;ABS:Obs TIME=&quot;2003&quot; OBS_VALUE=&quot;204&quot; /&gt;&lt;ABS:Obs TIME=&quot;2004&quot; OBS_VALUE=&quot;209&quot; /&gt;&lt;ABS:Obs TIME=&quot;2005&quot; OBS_VALUE=&quot;225&quot; /&gt;&lt;ABS:Obs TIME=&quot;2006&quot; OBS_VALUE=&quot;220&quot; /&gt;&lt;ABS:Obs TIME=&quot;2007&quot; OBS_VALUE=&quot;308&quot; /&gt;&lt;ABS:Obs TIME=&quot;2008&quot; OBS_VALUE=&quot;310&quot; /&gt;&lt;ABS:Obs TIME=&quot;2009&quot; OBS_VALUE=&quot;330&quot; /&gt;&lt;ABS:Obs TIME=&quot;2010&quot; OBS_VALUE=&quot;268&quot; /&gt;&lt;ABS:Obs TIME=&quot;2011&quot; OBS_VALUE
Inserting 432 obs
&lt;soap12:Envelope xmlns:xsi=&quot;http://www.w3.org/2001/XMLSchema-instance&quot; xmlns:xsd=&quot;http://www.w3.org/2001/XMLSchema&quot; xmlns:soap12=&quot;http://www.w3.org/2003/05/soap-envelope&quot;&gt;
  &lt;soap12:Body&gt;
    &lt;GetCompactData xmlns=&quot;http://stats.oecd.org/OECDStatWS/SDMX/&quot;&gt;
      &lt;QueryMessage&gt;&lt;message:QueryMessage xmlns:message=&quot;http://www.SDMX.org/resources/SDMXML/schemas/v2_0/message&quot;&gt;&lt;Header xmlns=&quot;http://www.SDMX.org/resources/SDMXML/schemas/v2_0/message&quot;&gt;&lt;message:ID&gt;none&lt;/message:ID&gt;&lt;message:Test&gt;false&lt;/message:Test&gt;&lt;message:Prepared&gt;2016-08-19T00:11:33+08:00&lt;/message:Prepared&gt;&lt;message:Sender id=&quot;Sdmx-Sax&quot; /&gt;&lt;message:Receiver id=&quot;ABS&quot; /&gt;&lt;/Header&gt;&lt;message:Query&gt;&lt;DataWhere xmlns=&quot;http://www.SDMX.org/resources/SDMXML/schemas/v2_0/query&quot;&gt;&lt;And&gt;&lt;DataSet&gt;ATSI_FERTILITY&lt;/DataSet&gt;&lt;Time&gt;&lt;StartTime&gt;1000-02-01&lt;/StartTime&gt;&lt;EndTime&gt;2020-04-19&lt;/EndTime&gt;&lt;/Time&gt;&lt;Or&gt;&lt;Dimension id=&quot;INDIG_STATUS&quot;&gt;IM&lt;/Dimension&gt;&lt;Dimension id=&quot;INDIG_STATUS&quot;&gt;IM&lt;/Dimension&gt;&lt;Dimension id=&quot;INDIG_STATUS&quot;&gt;IB&lt;/Dimension&gt;&lt;/Or&gt;&lt;Or&gt;&lt;Dimension id=&quot;AGE&quot;&gt;A25&lt;/Dimension&gt;&lt;/Or&gt;&lt;Or&gt;&lt;Dimension id=&quot;ASGS_2011&quot;&gt;0&lt;/Dimension&gt;&lt;Dimension id=&quot;ASGS_2011&quot;&gt;1&lt;/Dimension&gt;&lt;Dimension id=&quot;ASGS_2011&quot;&gt;2&lt;/Dimension&gt;&lt;Dimension id=&quot;ASGS_2011&quot;&gt;3&lt;/Dimension&gt;&lt;Dimension id=&quot;ASGS_2011&quot;&gt;4&lt;/Dimension&gt;&lt;Dimension id=&quot;ASGS_2011&quot;&gt;5&lt;/Dimension&gt;&lt;Dimension id=&quot;ASGS_2011&quot;&gt;6&lt;/Dimension&gt;&lt;Dimension id=&quot;ASGS_2011&quot;&gt;7&lt;/Dimension&gt;&lt;/Or&gt;&lt;Or&gt;&lt;Dimension id=&quot;FREQUENCY&quot;&gt;A&lt;/Dimension&gt;&lt;/Or&gt;&lt;Or&gt;&lt;Dimension id=&quot;MEASURE&quot;&gt;1&lt;/Dimension&gt;&lt;Dimension id=&quot;MEASURE&quot;&gt;11&lt;/Dimension&gt;&lt;/Or&gt;&lt;/And&gt;&lt;/DataWhere&gt;&lt;/message:Query&gt;&lt;/message:QueryMessage&gt;
&lt;/QueryMessage&gt;
&lt;/GetCompactData&gt;
&lt;/soap12:Body&gt;
&lt;/soap12:Envelope&gt;
Header=&lt;message:CompactData xmlns=&quot;http://www.SDMX.org/resources/SDMXML/schemas/v2_0/message&quot; xmlns:common=&quot;http://www.SDMX.org/resources/SDMXML/schemas/v2_0/common&quot; xmlns:compact=&quot;http://www.SDMX.org/resources/SDMXML/schemas/v2_0/compact&quot; xmlns:ABS=&quot;http://oecd.stat.org/Data&quot; xmlns:xsi=&quot;http://www.w3.org/2001/XMLSchema-instance&quot; xsi:schemaLocation=&quot;http://www.SDMX.org/resources/SDMXML/schemas/v2_0/message http://www.sdmx.org/docs/2_0/SDMXMessage.xsd http://oecd.stat.org/Data http://stat.data.abs.gov.au/restsdmx/sdmx.ashx/GetSchema/ATSI_FERTILITY&quot; xmlns:message=&quot;http://www.SDMX.org/resources/SDMXML/schemas/v2_0/message&quot;&gt;&lt;Header&gt;&lt;ID&gt;none&lt;/ID&gt;&lt;Test&gt;false&lt;/Test&gt;&lt;Truncated&gt;false&lt;/Truncated&gt;&lt;Prepared&gt;2020-03-19T13:24:49&lt;/Prepared&gt;&lt;Sender id=&quot;ABS&quot;&gt;&lt;Name xml:lang=&quot;en&quot;&gt;Australian Bureau of Statistics&lt;/Name&gt;&lt;Name xml:lang=&quot;fr&quot;&gt;Australian Bureau of Statistics&lt;/Name&gt;&lt;/Sender&gt;&lt;/Header&gt;&lt;ABS:DataSet keyFamilyURI=&quot;http://stat.data.abs.gov.au/restsdmx/sdmx.ashx/GetKeyFamily/ATSI_FERTILITY&quot; xmlns:ABS=&quot;http://oecd.stat.org/Data&quot;&gt;&lt;ABS:Series MEASURE=&quot;1&quot; INDIG_STATUS=&quot;IM&quot; AGE=&quot;A25&quot; ASGS_2011=&quot;0&quot; FREQUENCY=&quot;A&quot; TIME_FORMAT=&quot;P1Y&quot;&gt;&lt;ABS:Obs TIME=&quot;2001&quot; OBS_VALUE=&quot;2159&quot; /&gt;&lt;ABS:Obs TIME=&quot;2002&quot; OBS_VALUE=&quot;2039&quot; /&gt;&lt;ABS:Obs TIME=&quot;2003&quot; OBS_VALUE=&quot;2055&quot; /&gt;&lt;ABS:Obs TIME=&quot;2004&quot; OBS_VALUE=&quot;1993&quot; /&gt;&lt;ABS:Obs TIME=&quot;2005&quot; OBS_VALUE=&quot;2124&quot; /&gt;&lt;ABS:Obs TIME=&quot;2006&quot; OBS_VALUE=&quot;2185&quot; /&gt;&lt;ABS:Obs TIME=&quot;2007&quot; OBS_VALUE=&quot;2617&quot; /&gt;&lt;ABS:Obs TIME=&quot;2008&quot; OBS_VALUE=&quot;2777&quot; /&gt;&lt;ABS:Obs TIME=&quot;2009&quot; OBS_VALUE=&quot;2919&quot; /&gt;&lt;ABS:Obs TIME=&quot;2010&quot; OBS_VALUE=&quot;3077&quot; /&gt;&lt;ABS:Obs TIME=&quot;2011&quot; OBS_VALUE=&quot;3216&quot; /&gt;&lt;ABS:Obs TIME=&quot;2012&quot; OBS_VALUE=&quot;3266&quot; /&gt;&lt;ABS:Obs TIME=&quot;2013&quot; OBS_VALUE=&quot;3347&quot; /&gt;&lt;ABS:Obs TIME=&quot;2014&quot; OBS_VALUE=&quot;3297&quot; /&gt;&lt;ABS:Obs TIME=&quot;2015&quot; OBS_VALUE=&quot;3536&quot; /&gt;&lt;ABS:Obs TIME=&quot;2016&quot; OBS_VALUE=&quot;3505&quot; /&gt;&lt;ABS:Obs TIME=&quot;2017&quot; OBS_VALUE=&quot;4005&quot; /&gt;&lt;ABS:Obs TIME=&quot;2018&quot; OBS_VALUE=&quot;4388&quot; /&gt;&lt;/ABS:Series&gt;&lt;ABS:Series MEASURE=&quot;11&quot; INDIG_STATUS=&quot;IM&quot; AGE=&quot;A25&quot; ASGS_2011=&quot;0&quot; FREQUENCY=&quot;A&quot; TIME_FORMAT=&quot;P1Y&quot;&gt;&lt;ABS:Obs TIME=&quot;2001&quot; OBS_VALUE=&quot;99.9&quot; /&gt;&lt;ABS:Obs TIME=&quot;2002&quot; OBS_VALUE=&quot;97.3&quot; /&gt;&lt;ABS:Obs TIME=&quot;2003&quot; OBS_VALUE=&quot;100.2&quot; /&gt;&lt;ABS:Obs TIME=&quot;2004&quot; OBS_VALUE=&quot;97.3&quot; /&gt;&lt;ABS:Obs TIME=&quot;2005&quot; OBS_VALUE=&quot;102.7&quot; /&gt;&lt;ABS:Obs TIME=&quot;2006&quot; OBS_VALUE=&quot;104.4&quot; /&gt;&lt;ABS:Obs TIME=&quot;2007&quot; OBS_VALUE=&quot;122&quot; /&gt;&lt;ABS:Obs TIME=&quot;2008&quot; OBS_VALUE=&quot;124.8&quot; /&gt;&lt;ABS:Obs TIME=&quot;2009&quot; OBS_VALUE=&quot;126.7&quot; /&gt;&lt;ABS:Obs TIME=&quot;2010&quot; OBS_VALUE=&quot;127.9&quot; /&gt;&lt;ABS:Obs TIME=&quot;2011&quot; OBS_VALUE=&quot;128&quot; /&gt;&lt;ABS:Obs TIME=&quot;2012&quot; OBS_VALUE=&quot;122.3&quot; /&gt;&lt;ABS:Obs TIME=&quot;2013&quot; OBS_VALUE=&quot;121.4&quot; /&gt;&lt;ABS:Obs TIME=&quot;2014&quot; OBS_VALUE=&quot;115.6&quot; /&gt;&lt;ABS:Obs TIME=&quot;2015&quot; OBS_VALUE=&quot;119.5&quot; /&gt;&lt;ABS:Obs TIME=&quot;2016&quot; OBS_VALUE=&quot;114.4&quot; /&gt;&lt;ABS:Obs TIME=&quot;2017&quot; OBS_VALUE=&quot;125.3&quot; /&gt;&lt;ABS:Obs TIME=&quot;2018&quot; OBS_VALUE=&quot;132.1&quot; /&gt;&lt;/ABS:Series&gt;&lt;ABS:Series MEASURE=&quot;1&quot; INDIG_STATUS=&quot;IB&quot; AGE=&quot;A25&quot; ASGS_2011=&quot;0&quot; FREQUENCY=&quot;A&quot; TIME_FORMAT=&quot;P1Y&quot;&gt;&lt;ABS:Obs TIME=&quot;2001&quot; OBS_VALUE=&quot;3006&quot; /&gt;&lt;ABS:Obs TIME=&quot;2002&quot; OBS_VALUE=&quot;2872&quot; /&gt;&lt;ABS:Obs TIME=&quot;2003&quot; OBS_VALUE=&quot;2847&quot; /&gt;&lt;ABS:Obs TIME=&quot;2004&quot; OBS_VALUE=&quot;2855&quot; /&gt;&lt;ABS:Obs TIME=&quot;2005&quot; OBS_VALUE=&quot;3068&quot; /&gt;&lt;ABS:Obs TIME=&quot;2006&quot; OBS_VALUE=&quot;3178&quot; /&gt;&lt;ABS:Obs TIME=&quot;2007&quot; OBS_VALUE=&quot;3731&quot; /&gt;&lt;ABS:Obs TIME=&quot;2008&quot; OBS_VALUE=&quot;3864&quot; /&gt;&lt;ABS:Obs TIME=&quot;2009&quot; OBS_VALUE=&quot;4087&quot; /&gt;&lt;ABS:Obs TIME=&quot;2010&quot; OBS_VALUE=&quot;4238&quot; /&gt;&lt;ABS:Obs TIME=&quot;2011&quot; OBS_VALUE=&quot;4424&quot; /&gt;&lt;ABS:Obs TIME=&quot;2012&quot; OBS_VALUE=&quot;4658&quot; /&gt;&lt;ABS:Obs TIME=&quot;2013&quot; OBS_VALUE=&quot;4765&quot; /&gt;&lt;ABS:Obs TIME=&quot;2014&quot; OBS_VALUE=&quot;4705&quot; /&gt;&lt;ABS:Obs TIME=&quot;2015&quot; OBS_VALUE=&quot;4955&quot; /&gt;&lt;ABS:Obs TIME=&quot;2016&quot; OBS_VALUE=&quot;5021&quot; /&gt;&lt;ABS:Obs TIME=&quot;2017&quot; OBS_VALUE=&quot;5761&quot; /&gt;&lt;ABS:Obs TIME=&quot;2018&quot; OBS_VALUE=&quot;6391&quot; /&gt;&lt;/ABS:Series&gt;&lt;ABS:Series MEASURE=&quot;1&quot; INDIG_STATUS=&quot;IM&quot; AGE=&quot;A25&quot; ASGS_2011=&quot;1&quot; FREQUENCY=&quot;A&quot; TIME_FORMAT=&quot;P1Y&quot;&gt;&lt;ABS:Obs TIME=&quot;2001&quot; OBS_VALUE=&quot;491&quot; /&gt;&lt;ABS:Obs TIME=&quot;2002&quot; OBS_VALUE=&quot;551&quot; /&gt;&lt;ABS:Obs TIME=&quot;2003&quot; OBS_VALUE=&quot;497&quot; /&gt;&lt;ABS:Obs TIME=&quot;2004&quot; OBS_VALUE=&quot;513&quot; /&gt;&lt;ABS:Obs TIME=&quot;2005&quot; OBS_VALUE=&quot;554&quot; /&gt;&lt;ABS:Obs TIME=&quot;2006&quot; OBS_VALUE=&quot;635&quot; /&gt;&lt;ABS:Obs TIME=&quot;2007&quot; OBS_VALUE=&quot;781&quot; /&gt;&lt;ABS:Obs TIME=&quot;2008&quot; OBS_VALUE=&quot;818&quot; /&gt;&lt;ABS:Obs TIME=&quot;2009&quot; OBS_VALUE=&quot;805&quot; /&gt;&lt;ABS:Obs TIME=&quot;2010&quot; OBS_VALUE=&quot;943&quot; /&gt;&lt;ABS:Obs TIME=&quot;2011&quot; OBS_VALUE=&quot;981&quot; /&gt;&lt;ABS:Obs TIME=&quot;2012&quot; OBS_VALUE=&quot;896&quot; /&gt;&lt;ABS:Obs TIME=&quot;2013&quot; OBS_VALUE=&quot;989&quot; /&gt;&lt;ABS:Obs TIME=&quot;2014&quot; OBS_VALUE=&quot;886&quot; /&gt;&lt;ABS:Obs TIME=&quot;2015&quot; OBS_VALUE=&quot;1102&quot; /&gt;&lt;ABS:Obs TIME=&quot;2016&quot; OBS_VALUE=&quot;1040&quot; /&gt;&lt;ABS:Obs TIME=&quot;2017&quot; OBS_VALUE=&quot;1174&quot; /&gt;&lt;ABS:Obs TIME=&quot;2018&quot; OBS_VALUE=&quot;1462&quot; /&gt;&lt;/ABS:Series&gt;&lt;ABS:Series MEASURE=&quot;11&quot; INDIG_STATUS=&quot;IM&quot; AGE=&quot;A25&quot; ASGS_2011=&quot;1&quot; FREQUENCY=&quot;A&quot; TIME_FORMAT=&quot;P1Y&quot;&gt;&lt;ABS:Obs TIME=&quot;2001&quot; OBS_VALUE=&quot;72.9&quot; /&gt;&lt;ABS:Obs TIME=&quot;2002&quot; OBS_VALUE=&quot;86.6&quot; /&gt;&lt;ABS:Obs TIME=&quot;2003&quot; OBS_VALUE=&quot;81.5&quot; /&gt;&lt;ABS:Obs TIME=&quot;2004&quot; OBS_VALUE=&quot;85.6&quot; /&gt;&lt;ABS:Obs TIME=&quot;2005&quot; OBS_VALUE=&quot;92.4&quot; /&gt;&lt;ABS:Obs TIME=&quot;2006&quot; OBS_VALUE=&quot;105.4&quot; /&gt;&lt;ABS:Obs TIME=&quot;2007&quot; OBS_VALUE=&quot;126.1&quot; /&gt;&lt;ABS:Obs TIME=&quot;2008&quot; OBS_VALUE=&quot;127.9&quot; /&gt;&lt;ABS:Obs TIME=&quot;2009&quot; OBS_VALUE=&quot;121.5&quot; /&gt;&lt;ABS:Obs TIME=&quot;2010&quot; OBS_VALUE=&quot;136.8&quot; /&gt;&lt;ABS:Obs TIME=&quot;2011&quot; OBS_VALUE=&quot;136.5&quot; /&gt;&lt;ABS:Obs TIME=&quot;2012&quot; OBS_VALUE=&quot;107.7&quot; /&gt;&lt;ABS:Obs TIME=&quot;2013&quot; OBS_VALUE=&quot;114.9&quot; /&gt;&lt;ABS:Obs TIME=&quot;2014&quot; OBS_VALUE=&quot;99.4&quot; /&gt;&lt;ABS:Obs TIME=&quot;2015&quot; OBS_VALUE=&quot;118.4&quot; /&gt;&lt;ABS:Obs TIME=&quot;2016&quot; OBS_VALUE=&quot;106.8&quot; /&gt;&lt;ABS:Obs TIME=&quot;2017&quot; OBS_VALUE=&quot;115.1&quot; /&gt;&lt;ABS:Obs TIME=&quot;2018&quot; OBS_VALUE=&quot;137&quot; /&gt;&lt;/ABS:Series&gt;&lt;ABS:Series MEASURE=&quot;1&quot; INDIG_STATUS=&quot;IB&quot; AGE=&quot;A25&quot; ASGS_2011=&quot;1&quot; FREQUENCY=&quot;A&quot; TIME_FORMAT=&quot;P1Y&quot;&gt;&lt;ABS:Obs TIME=&quot;2001&quot; OBS_VALUE=&quot;794&quot; /&gt;&lt;ABS:Obs TIME=&quot;2002&quot; OBS_VALUE=&quot;871&quot; /&gt;&lt;ABS:Obs TIME=&quot;2003&quot; OBS_VALUE=&quot;801&quot; /&gt;&lt;ABS:Obs TIME=&quot;2004&quot; OBS_VALUE=&quot;823&quot; /&gt;&lt;ABS:Obs TIME=&quot;2005&quot; OBS_VALUE=&quot;909&quot; /&gt;&lt;ABS:Obs TIME=&quot;2006&quot; OBS_VALUE=&quot;1030&quot; /&gt;&lt;ABS:Obs TIME=&quot;2007&quot; OBS_VALUE=&quot;1195&quot; /&gt;&lt;ABS:Obs TIME=&quot;2008&quot; OBS_VALUE=&quot;1231&quot; /&gt;&lt;ABS:Obs TIME=&quot;2009&quot; OBS_VALUE=&quot;1254&quot; /&gt;&lt;ABS:Obs TIME=&quot;2010&quot; OBS_VALUE=&quot;1411&quot; /&gt;&lt;ABS:Obs TIME=&quot;2011&quot; OBS_VALUE=&quot;1442&quot; /&gt;&lt;ABS:Obs TIME=&quot;2012&quot; OBS_VALUE=&quot;1411&quot; /&gt;&lt;ABS:Obs TIME=&quot;2013&quot; OBS_VALUE=&quot;1571&quot; /&gt;&lt;ABS:Obs TIME=&quot;2014&quot; OBS_VALUE=&quot;1367&quot; /&gt;&lt;ABS:Obs TIME=&quot;2015&quot; OBS_VALUE=&quot;1690&quot; /&gt;&lt;ABS:Obs TIME=&quot;2016&quot; OBS_VALUE=&quot;1576&quot; /&gt;&lt;ABS:Obs TIME=&quot;2017&quot; OBS_VALUE=&quot;1820&quot; /&gt;&lt;ABS:Obs TIME=&quot;2018&quot; OBS_VALUE=&quot;2256&quot; /&gt;&lt;/ABS:Series&gt;&lt;ABS:Series MEASURE=&quot;1&quot; INDIG_STATUS=&quot;IM&quot; AGE=&quot;A25&quot; ASGS_2011=&quot;2&quot; FREQUENCY=&quot;A&quot; TIME_FORMAT=&quot;P1Y&quot;&gt;&lt;ABS:Obs TIME=&quot;2001&quot; OBS_VALUE=&quot;95&quot; /&gt;&lt;ABS:Obs TIME=&quot;2002&quot; OBS_VALUE=&quot;99&quot; /&gt;&lt;ABS:Obs TIME=&quot;2003&quot; OBS_VALUE=&quot;122&quot; /&gt;&lt;ABS:Obs TIME=&quot;2004&quot; OBS_VALUE=&quot;95&quot; /&gt;&lt;ABS:Obs TIME=&quot;2005&quot; OBS_VALUE=&quot;139&quot; /&gt;&lt;ABS:Obs TIME=&quot;2006&quot; OBS_VALUE=&quot;107&quot; /&gt;&lt;ABS:Obs TIME=&quot;2007&quot; OBS_VALUE=&quot;159&quot; /&gt;&lt;ABS:Obs TIME=&quot;2008&quot; OBS_VALUE=&quot;141&quot; /&gt;&lt;ABS:Obs TIME=&quot;2009&quot; OBS_VALUE=&quot;162&quot; /&gt;&lt;ABS:Obs TIME=&quot;2010&quot; OBS_VALUE=&quot;157&quot; /&gt;&lt;ABS:Obs TIME=&quot;2011&quot; OBS_VALUE=&quot;180&quot; /&gt;&lt;ABS:Obs TIME=&quot;2012&quot; OBS_VALUE=&quot;209&quot; /&gt;&lt;ABS:Obs TIME=&quot;2013&quot; OBS_VALUE=&quot;219&quot; /&gt;&lt;ABS:Obs TIME=&quot;2014&quot; OBS_VALUE=&quot;222&quot; /&gt;&lt;ABS:Obs TIME=&quot;2015&quot; OBS_VALUE=&quot;228&quot; /&gt;&lt;ABS:Obs TIME=&quot;2016&quot; OBS_VALUE=&quot;238&quot; /&gt;&lt;ABS:Obs TIME=&quot;2017&quot; OBS_VALUE=&quot;318&quot; /&gt;&lt;ABS:Obs TIME=&quot;2018&quot; OBS_VALUE=&quot;328&quot; /&gt;&lt;/ABS:Series&gt;&lt;ABS:Series MEASURE=&quot;11&quot; INDIG_STATUS=&quot;IM&quot; AGE=&quot;A25&quot; ASGS_2011=&quot;2&quot; FREQUENCY=&quot;A&quot; TIME_FORMAT=&quot;P1Y&quot;&gt;&lt;ABS:Obs TIME=&quot;2001&quot; OBS_VALUE=&quot;68.1&quot; /&gt;&lt;ABS:Obs TIME=&quot;2002&quot; OBS_VALUE=&quot;73.8&quot; /&gt;&lt;ABS:Obs TIME=&quot;2003&quot; OBS_VALUE=&quot;91.2&quot; /&gt;&lt;ABS:Obs TIME=&quot;2004&quot; OBS_VALUE=&quot;68.9&quot; /&gt;&lt;ABS:Obs TIME=&quot;2005&quot; OBS_VALUE=&quot;101.7&quot; /&gt;&lt;ABS:Obs TIME=&quot;2006&quot; OBS_VALUE=&quot;76.6&quot; /&gt;&lt;ABS:Obs TIME=&quot;2007&quot; OBS_VALUE=&quot;110&quot; /&gt;&lt;ABS:Obs TIME=&quot;2008&quot; OBS_VALUE=&quot;92.6&quot; /&gt;&lt;ABS:Obs TIME=&quot;2009&quot; OBS_VALUE=&quot;105&quot; /&gt;&lt;ABS:Obs TIME=&quot;2010&quot; OBS_VALUE=&quot;97.5&quot; /&gt;&lt;ABS:Obs TIME=&quot;2011&quot; OBS_VALUE=&quot;106.1&quot; /&gt;&lt;ABS:Obs TIME=&quot;2012&quot; OBS_VALUE=&quot;108.7&quot; /&gt;&lt;ABS:Obs TIME=&quot;2013&quot; OBS_VALUE=&quot;110.4&quot; /&gt;&lt;ABS:Obs TIME=&quot;2014&quot; OBS_VALUE=&quot;105.3&quot; /&gt;&lt;ABS:Obs TIME=&quot;2015&quot; OBS_VALUE=&quot;102.6&quot; /&gt;&lt;ABS:Obs TIME=&quot;2016&quot; OBS_VALUE=&quot;101.4&quot; /&gt;&lt;ABS:Obs TIME=&quot;2017&quot; OBS_VALUE=&quot;126.4&quot; /&gt;&lt;ABS:Obs TIME=&quot;2018&quot; OBS_VALUE=&quot;124.5&quot; /&gt;&lt;/ABS:Series&gt;&lt;ABS:Series MEASURE=&quot;1&quot; INDIG_STATUS=&quot;IB&quot; AGE=&quot;A25&quot; ASGS_2011=&quot;2&quot; FREQUENCY=&quot;A&quot; TIME_FORMAT=&quot;P1Y&quot;&gt;&lt;ABS:Obs TIME=&quot;2001&quot; OBS_VALUE=&quot;159&quot; /&gt;&lt;ABS:Obs TIME=&quot;2002&quot; OBS_VALUE=&quot;168&quot; /&gt;&lt;ABS:Obs TIME=&quot;2003&quot; OBS_VALUE=&quot;194&quot; /&gt;&lt;ABS:Obs TIME=&quot;2004&quot; OBS_VALUE=&quot;172&quot; /&gt;&lt;ABS:Obs TIME=&quot;2005&quot; OBS_VALUE=&quot;217&quot; /&gt;&lt;ABS:Obs TIME=&quot;2006&quot; OBS_VALUE=&quot;174&quot; /&gt;&lt;ABS:Obs TIME=&quot;2007&quot; OBS_VALUE=&quot;256&quot; /&gt;&lt;ABS:Obs TIME=&quot;2008&quot; OBS_VALUE=&quot;241&quot; /&gt;&lt;ABS:Obs TIME=&quot;2009&quot; OBS_VALUE=&quot;284&quot; /&gt;&lt;ABS:Obs TIME=&quot;2010&quot; OBS_VALUE=&quot;242&quot; /&gt;&lt;ABS:Obs TIME=&quot;2011&quot; OBS_VALUE=&quot;272&quot; /&gt;&lt;ABS:O
Inserting 432 obs
&lt;soap12:Envelope xmlns:xsi=&quot;http://www.w3.org/2001/XMLSchema-instance&quot; xmlns:xsd=&quot;http://www.w3.org/2001/XMLSchema&quot; xmlns:soap12=&quot;http://www.w3.org/2003/05/soap-envelope&quot;&gt;
  &lt;soap12:Body&gt;
    &lt;GetCompactData xmlns=&quot;http://stats.oecd.org/OECDStatWS/SDMX/&quot;&gt;
      &lt;QueryMessage&gt;&lt;message:QueryMessage xmlns:message=&quot;http://www.SDMX.org/resources/SDMXML/schemas/v2_0/message&quot;&gt;&lt;Header xmlns=&quot;http://www.SDMX.org/resources/SDMXML/schemas/v2_0/message&quot;&gt;&lt;message:ID&gt;none&lt;/message:ID&gt;&lt;message:Test&gt;false&lt;/message:Test&gt;&lt;message:Prepared&gt;2016-08-19T00:11:33+08:00&lt;/message:Prepared&gt;&lt;message:Sender id=&quot;Sdmx-Sax&quot; /&gt;&lt;message:Receiver id=&quot;ABS&quot; /&gt;&lt;/Header&gt;&lt;message:Query&gt;&lt;DataWhere xmlns=&quot;http://www.SDMX.org/resources/SDMXML/schemas/v2_0/query&quot;&gt;&lt;And&gt;&lt;DataSet&gt;ATSI_FERTILITY&lt;/DataSet&gt;&lt;Time&gt;&lt;StartTime&gt;1000-02-01&lt;/StartTime&gt;&lt;EndTime&gt;2020-04-19&lt;/EndTime&gt;&lt;/Time&gt;&lt;Or&gt;&lt;Dimension id=&quot;INDIG_STATUS&quot;&gt;IM&lt;/Dimension&gt;&lt;Dimension id=&quot;INDIG_STATUS&quot;&gt;IM&lt;/Dimension&gt;&lt;Dimension id=&quot;INDIG_STATUS&quot;&gt;IB&lt;/Dimension&gt;&lt;/Or&gt;&lt;Or&gt;&lt;Dimension id=&quot;AGE&quot;&gt;A30&lt;/Dimension&gt;&lt;/Or&gt;&lt;Or&gt;&lt;Dimension id=&quot;ASGS_2011&quot;&gt;0&lt;/Dimension&gt;&lt;Dimension id=&quot;ASGS_2011&quot;&gt;1&lt;/Dimension&gt;&lt;Dimension id=&quot;ASGS_2011&quot;&gt;2&lt;/Dimension&gt;&lt;Dimension id=&quot;ASGS_2011&quot;&gt;3&lt;/Dimension&gt;&lt;Dimension id=&quot;ASGS_2011&quot;&gt;4&lt;/Dimension&gt;&lt;Dimension id=&quot;ASGS_2011&quot;&gt;5&lt;/Dimension&gt;&lt;Dimension id=&quot;ASGS_2011&quot;&gt;6&lt;/Dimension&gt;&lt;Dimension id=&quot;ASGS_2011&quot;&gt;7&lt;/Dimension&gt;&lt;/Or&gt;&lt;Or&gt;&lt;Dimension id=&quot;FREQUENCY&quot;&gt;A&lt;/Dimension&gt;&lt;/Or&gt;&lt;Or&gt;&lt;Dimension id=&quot;MEASURE&quot;&gt;1&lt;/Dimension&gt;&lt;Dimension id=&quot;MEASURE&quot;&gt;11&lt;/Dimension&gt;&lt;/Or&gt;&lt;/And&gt;&lt;/DataWhere&gt;&lt;/message:Query&gt;&lt;/message:QueryMessage&gt;
&lt;/QueryMessage&gt;
&lt;/GetCompactData&gt;
&lt;/soap12:Body&gt;
&lt;/soap12:Envelope&gt;
Header=&lt;message:CompactData xmlns=&quot;http://www.SDMX.org/resources/SDMXML/schemas/v2_0/message&quot; xmlns:common=&quot;http://www.SDMX.org/resources/SDMXML/schemas/v2_0/common&quot; xmlns:compact=&quot;http://www.SDMX.org/resources/SDMXML/schemas/v2_0/compact&quot; xmlns:ABS=&quot;http://oecd.stat.org/Data&quot; xmlns:xsi=&quot;http://www.w3.org/2001/XMLSchema-instance&quot; xsi:schemaLocation=&quot;http://www.SDMX.org/resources/SDMXML/schemas/v2_0/message http://www.sdmx.org/docs/2_0/SDMXMessage.xsd http://oecd.stat.org/Data http://stat.data.abs.gov.au/restsdmx/sdmx.ashx/GetSchema/ATSI_FERTILITY&quot; xmlns:message=&quot;http://www.SDMX.org/resources/SDMXML/schemas/v2_0/message&quot;&gt;&lt;Header&gt;&lt;ID&gt;none&lt;/ID&gt;&lt;Test&gt;false&lt;/Test&gt;&lt;Truncated&gt;false&lt;/Truncated&gt;&lt;Prepared&gt;2020-03-19T13:24:55&lt;/Prepared&gt;&lt;Sender id=&quot;ABS&quot;&gt;&lt;Name xml:lang=&quot;en&quot;&gt;Australian Bureau of Statistics&lt;/Name&gt;&lt;Name xml:lang=&quot;fr&quot;&gt;Australian Bureau of Statistics&lt;/Name&gt;&lt;/Sender&gt;&lt;/Header&gt;&lt;ABS:DataSet keyFamilyURI=&quot;http://stat.data.abs.gov.au/restsdmx/sdmx.ashx/GetKeyFamily/ATSI_FERTILITY&quot; xmlns:ABS=&quot;http://oecd.stat.org/Data&quot;&gt;&lt;ABS:Series MEASURE=&quot;1&quot; INDIG_STATUS=&quot;IM&quot; AGE=&quot;A30&quot; ASGS_2011=&quot;0&quot; FREQUENCY=&quot;A&quot; TIME_FORMAT=&quot;P1Y&quot;&gt;&lt;ABS:Obs TIME=&quot;2001&quot; OBS_VALUE=&quot;1335&quot; /&gt;&lt;ABS:Obs TIME=&quot;2002&quot; OBS_VALUE=&quot;1318&quot; /&gt;&lt;ABS:Obs TIME=&quot;2003&quot; OBS_VALUE=&quot;1355&quot; /&gt;&lt;ABS:Obs TIME=&quot;2004&quot; OBS_VALUE=&quot;1406&quot; /&gt;&lt;ABS:Obs TIME=&quot;2005&quot; OBS_VALUE=&quot;1419&quot; /&gt;&lt;ABS:Obs TIME=&quot;2006&quot; OBS_VALUE=&quot;1524&quot; /&gt;&lt;ABS:Obs TIME=&quot;2007&quot; OBS_VALUE=&quot;1735&quot; /&gt;&lt;ABS:Obs TIME=&quot;2008&quot; OBS_VALUE=&quot;1782&quot; /&gt;&lt;ABS:Obs TIME=&quot;2009&quot; OBS_VALUE=&quot;1797&quot; /&gt;&lt;ABS:Obs TIME=&quot;2010&quot; OBS_VALUE=&quot;1916&quot; /&gt;&lt;ABS:Obs TIME=&quot;2011&quot; OBS_VALUE=&quot;1941&quot; /&gt;&lt;ABS:Obs TIME=&quot;2012&quot; OBS_VALUE=&quot;1941&quot; /&gt;&lt;ABS:Obs TIME=&quot;2013&quot; OBS_VALUE=&quot;1957&quot; /&gt;&lt;ABS:Obs TIME=&quot;2014&quot; OBS_VALUE=&quot;1940&quot; /&gt;&lt;ABS:Obs TIME=&quot;2015&quot; OBS_VALUE=&quot;2169&quot; /&gt;&lt;ABS:Obs TIME=&quot;2016&quot; OBS_VALUE=&quot;2226&quot; /&gt;&lt;ABS:Obs TIME=&quot;2017&quot; OBS_VALUE=&quot;2390&quot; /&gt;&lt;ABS:Obs TIME=&quot;2018&quot; OBS_VALUE=&quot;2735&quot; /&gt;&lt;/ABS:Series&gt;&lt;ABS:Series MEASURE=&quot;11&quot; INDIG_STATUS=&quot;IM&quot; AGE=&quot;A30&quot; ASGS_2011=&quot;0&quot; FREQUENCY=&quot;A&quot; TIME_FORMAT=&quot;P1Y&quot;&gt;&lt;ABS:Obs TIME=&quot;2001&quot; OBS_VALUE=&quot;61.1&quot; /&gt;&lt;ABS:Obs TIME=&quot;2002&quot; OBS_VALUE=&quot;58.8&quot; /&gt;&lt;ABS:Obs TIME=&quot;2003&quot; OBS_VALUE=&quot;59.7&quot; /&gt;&lt;ABS:Obs TIME=&quot;2004&quot; OBS_VALUE=&quot;62.4&quot; /&gt;&lt;ABS:Obs TIME=&quot;2005&quot; OBS_VALUE=&quot;64.2&quot; /&gt;&lt;ABS:Obs TIME=&quot;2006&quot; OBS_VALUE=&quot;71&quot; /&gt;&lt;ABS:Obs TIME=&quot;2007&quot; OBS_VALUE=&quot;83.3&quot; /&gt;&lt;ABS:Obs TIME=&quot;2008&quot; OBS_VALUE=&quot;87.5&quot; /&gt;&lt;ABS:Obs TIME=&quot;2009&quot; OBS_VALUE=&quot;88.4&quot; /&gt;&lt;ABS:Obs TIME=&quot;2010&quot; OBS_VALUE=&quot;93.4&quot; /&gt;&lt;ABS:Obs TIME=&quot;2011&quot; OBS_VALUE=&quot;93.4&quot; /&gt;&lt;ABS:Obs TIME=&quot;2012&quot; OBS_VALUE=&quot;86.3&quot; /&gt;&lt;ABS:Obs TIME=&quot;2013&quot; OBS_VALUE=&quot;84.7&quot; /&gt;&lt;ABS:Obs TIME=&quot;2014&quot; OBS_VALUE=&quot;81.5&quot; /&gt;&lt;ABS:Obs TIME=&quot;2015&quot; OBS_VALUE=&quot;88&quot; /&gt;&lt;ABS:Obs TIME=&quot;2016&quot; OBS_VALUE=&quot;86.7&quot; /&gt;&lt;ABS:Obs TIME=&quot;2017&quot; OBS_VALUE=&quot;90&quot; /&gt;&lt;ABS:Obs TIME=&quot;2018&quot; OBS_VALUE=&quot;99.8&quot; /&gt;&lt;/ABS:Series&gt;&lt;ABS:Series MEASURE=&quot;1&quot; INDIG_STATUS=&quot;IB&quot; AGE=&quot;A30&quot; ASGS_2011=&quot;0&quot; FREQUENCY=&quot;A&quot; TIME_FORMAT=&quot;P1Y&quot;&gt;&lt;ABS:Obs TIME=&quot;2001&quot; OBS_VALUE=&quot;1883&quot; /&gt;&lt;ABS:Obs TIME=&quot;2002&quot; OBS_VALUE=&quot;1884&quot; /&gt;&lt;ABS:Obs TIME=&quot;2003&quot; OBS_VALUE=&quot;1966&quot; /&gt;&lt;ABS:Obs TIME=&quot;2004&quot; OBS_VALUE=&quot;2062&quot; /&gt;&lt;ABS:Obs TIME=&quot;2005&quot; OBS_VALUE=&quot;2133&quot; /&gt;&lt;ABS:Obs TIME=&quot;2006&quot; OBS_VALUE=&quot;2261&quot; /&gt;&lt;ABS:Obs TIME=&quot;2007&quot; OBS_VALUE=&quot;2511&quot; /&gt;&lt;ABS:Obs TIME=&quot;2008&quot; OBS_VALUE=&quot;2548&quot; /&gt;&lt;ABS:Obs TIME=&quot;2009&quot; OBS_VALUE=&quot;2591&quot; /&gt;&lt;ABS:Obs TIME=&quot;2010&quot; OBS_VALUE=&quot;2721&quot; /&gt;&lt;ABS:Obs TIME=&quot;2011&quot; OBS_VALUE=&quot;2803&quot; /&gt;&lt;ABS:Obs TIME=&quot;2012&quot; OBS_VALUE=&quot;2921&quot; /&gt;&lt;ABS:Obs TIME=&quot;2013&quot; OBS_VALUE=&quot;2891&quot; /&gt;&lt;ABS:Obs TIME=&quot;2014&quot; OBS_VALUE=&quot;2868&quot; /&gt;&lt;ABS:Obs TIME=&quot;2015&quot; OBS_VALUE=&quot;3253&quot; /&gt;&lt;ABS:Obs TIME=&quot;2016&quot; OBS_VALUE=&quot;3445&quot; /&gt;&lt;ABS:Obs TIME=&quot;2017&quot; OBS_VALUE=&quot;3676&quot; /&gt;&lt;ABS:Obs TIME=&quot;2018&quot; OBS_VALUE=&quot;4221&quot; /&gt;&lt;/ABS:Series&gt;&lt;ABS:Series MEASURE=&quot;1&quot; INDIG_STATUS=&quot;IM&quot; AGE=&quot;A30&quot; ASGS_2011=&quot;1&quot; FREQUENCY=&quot;A&quot; TIME_FORMAT=&quot;P1Y&quot;&gt;&lt;ABS:Obs TIME=&quot;2001&quot; OBS_VALUE=&quot;348&quot; /&gt;&lt;ABS:Obs TIME=&quot;2002&quot; OBS_VALUE=&quot;374&quot; /&gt;&lt;ABS:Obs TIME=&quot;2003&quot; OBS_VALUE=&quot;356&quot; /&gt;&lt;ABS:Obs TIME=&quot;2004&quot; OBS_VALUE=&quot;382&quot; /&gt;&lt;ABS:Obs TIME=&quot;2005&quot; OBS_VALUE=&quot;420&quot; /&gt;&lt;ABS:Obs TIME=&quot;2006&quot; OBS_VALUE=&quot;455&quot; /&gt;&lt;ABS:Obs TIME=&quot;2007&quot; OBS_VALUE=&quot;572&quot; /&gt;&lt;ABS:Obs TIME=&quot;2008&quot; OBS_VALUE=&quot;521&quot; /&gt;&lt;ABS:Obs TIME=&quot;2009&quot; OBS_VALUE=&quot;506&quot; /&gt;&lt;ABS:Obs TIME=&quot;2010&quot; OBS_VALUE=&quot;557&quot; /&gt;&lt;ABS:Obs TIME=&quot;2011&quot; OBS_VALUE=&quot;583&quot; /&gt;&lt;ABS:Obs TIME=&quot;2012&quot; OBS_VALUE=&quot;544&quot; /&gt;&lt;ABS:Obs TIME=&quot;2013&quot; OBS_VALUE=&quot;597&quot; /&gt;&lt;ABS:Obs TIME=&quot;2014&quot; OBS_VALUE=&quot;543&quot; /&gt;&lt;ABS:Obs TIME=&quot;2015&quot; OBS_VALUE=&quot;649&quot; /&gt;&lt;ABS:Obs TIME=&quot;2016&quot; OBS_VALUE=&quot;695&quot; /&gt;&lt;ABS:Obs TIME=&quot;2017&quot; OBS_VALUE=&quot;662&quot; /&gt;&lt;ABS:Obs TIME=&quot;2018&quot; OBS_VALUE=&quot;914&quot; /&gt;&lt;/ABS:Series&gt;&lt;ABS:Series MEASURE=&quot;11&quot; INDIG_STATUS=&quot;IM&quot; AGE=&quot;A30&quot; ASGS_2011=&quot;1&quot; FREQUENCY=&quot;A&quot; TIME_FORMAT=&quot;P1Y&quot;&gt;&lt;ABS:Obs TIME=&quot;2001&quot; OBS_VALUE=&quot;51&quot; /&gt;&lt;ABS:Obs TIME=&quot;2002&quot; OBS_VALUE=&quot;53.8&quot; /&gt;&lt;ABS:Obs TIME=&quot;2003&quot; OBS_VALUE=&quot;50.7&quot; /&gt;&lt;ABS:Obs TIME=&quot;2004&quot; OBS_VALUE=&quot;54.9&quot; /&gt;&lt;ABS:Obs TIME=&quot;2005&quot; OBS_VALUE=&quot;62&quot; /&gt;&lt;ABS:Obs TIME=&quot;2006&quot; OBS_VALUE=&quot;69.3&quot; /&gt;&lt;ABS:Obs TIME=&quot;2007&quot; OBS_VALUE=&quot;91.7&quot; /&gt;&lt;ABS:Obs TIME=&quot;2008&quot; OBS_VALUE=&quot;87.3&quot; /&gt;&lt;ABS:Obs TIME=&quot;2009&quot; OBS_VALUE=&quot;86.4&quot; /&gt;&lt;ABS:Obs TIME=&quot;2010&quot; OBS_VALUE=&quot;95.3&quot; /&gt;&lt;ABS:Obs TIME=&quot;2011&quot; OBS_VALUE=&quot;99.5&quot; /&gt;&lt;ABS:Obs TIME=&quot;2012&quot; OBS_VALUE=&quot;77.1&quot; /&gt;&lt;ABS:Obs TIME=&quot;2013&quot; OBS_VALUE=&quot;82.3&quot; /&gt;&lt;ABS:Obs TIME=&quot;2014&quot; OBS_VALUE=&quot;72.2&quot; /&gt;&lt;ABS:Obs TIME=&quot;2015&quot; OBS_VALUE=&quot;83.8&quot; /&gt;&lt;ABS:Obs TIME=&quot;2016&quot; OBS_VALUE=&quot;86.5&quot; /&gt;&lt;ABS:Obs TIME=&quot;2017&quot; OBS_VALUE=&quot;80.1&quot; /&gt;&lt;ABS:Obs TIME=&quot;2018&quot; OBS_VALUE=&quot;106.2&quot; /&gt;&lt;/ABS:Series&gt;&lt;ABS:Series MEASURE=&quot;1&quot; INDIG_STATUS=&quot;IB&quot; AGE=&quot;A30&quot; ASGS_2011=&quot;1&quot; FREQUENCY=&quot;A&quot; TIME_FORMAT=&quot;P1Y&quot;&gt;&lt;ABS:Obs TIME=&quot;2001&quot; OBS_VALUE=&quot;543&quot; /&gt;&lt;ABS:Obs TIME=&quot;2002&quot; OBS_VALUE=&quot;560&quot; /&gt;&lt;ABS:Obs TIME=&quot;2003&quot; OBS_VALUE=&quot;580&quot; /&gt;&lt;ABS:Obs TIME=&quot;2004&quot; OBS_VALUE=&quot;636&quot; /&gt;&lt;ABS:Obs TIME=&quot;2005&quot; OBS_VALUE=&quot;673&quot; /&gt;&lt;ABS:Obs TIME=&quot;2006&quot; OBS_VALUE=&quot;713&quot; /&gt;&lt;ABS:Obs TIME=&quot;2007&quot; OBS_VALUE=&quot;851&quot; /&gt;&lt;ABS:Obs TIME=&quot;2008&quot; OBS_VALUE=&quot;808&quot; /&gt;&lt;ABS:Obs TIME=&quot;2009&quot; OBS_VALUE=&quot;822&quot; /&gt;&lt;ABS:Obs TIME=&quot;2010&quot; OBS_VALUE=&quot;879&quot; /&gt;&lt;ABS:Obs TIME=&quot;2011&quot; OBS_VALUE=&quot;926&quot; /&gt;&lt;ABS:Obs TIME=&quot;2012&quot; OBS_VALUE=&quot;891&quot; /&gt;&lt;ABS:Obs TIME=&quot;2013&quot; OBS_VALUE=&quot;939&quot; /&gt;&lt;ABS:Obs TIME=&quot;2014&quot; OBS_VALUE=&quot;867&quot; /&gt;&lt;ABS:Obs TIME=&quot;2015&quot; OBS_VALUE=&quot;1067&quot; /&gt;&lt;ABS:Obs TIME=&quot;2016&quot; OBS_VALUE=&quot;1106&quot; /&gt;&lt;ABS:Obs TIME=&quot;2017&quot; OBS_VALUE=&quot;1100&quot; /&gt;&lt;ABS:Obs TIME=&quot;2018&quot; OBS_VALUE=&quot;1543&quot; /&gt;&lt;/ABS:Series&gt;&lt;ABS:Series MEASURE=&quot;1&quot; INDIG_STATUS=&quot;IM&quot; AGE=&quot;A30&quot; ASGS_2011=&quot;2&quot; FREQUENCY=&quot;A&quot; TIME_FORMAT=&quot;P1Y&quot;&gt;&lt;ABS:Obs TIME=&quot;2001&quot; OBS_VALUE=&quot;59&quot; /&gt;&lt;ABS:Obs TIME=&quot;2002&quot; OBS_VALUE=&quot;62&quot; /&gt;&lt;ABS:Obs TIME=&quot;2003&quot; OBS_VALUE=&quot;84&quot; /&gt;&lt;ABS:Obs TIME=&quot;2004&quot; OBS_VALUE=&quot;81&quot; /&gt;&lt;ABS:Obs TIME=&quot;2005&quot; OBS_VALUE=&quot;75&quot; /&gt;&lt;ABS:Obs TIME=&quot;2006&quot; OBS_VALUE=&quot;94&quot; /&gt;&lt;ABS:Obs TIME=&quot;2007&quot; OBS_VALUE=&quot;129&quot; /&gt;&lt;ABS:Obs TIME=&quot;2008&quot; OBS_VALUE=&quot;128&quot; /&gt;&lt;ABS:Obs TIME=&quot;2009&quot; OBS_VALUE=&quot;130&quot; /&gt;&lt;ABS:Obs TIME=&quot;2010&quot; OBS_VALUE=&quot;111&quot; /&gt;&lt;ABS:Obs TIME=&quot;2011&quot; OBS_VALUE=&quot;128&quot; /&gt;&lt;ABS:Obs TIME=&quot;2012&quot; OBS_VALUE=&quot;123&quot; /&gt;&lt;ABS:Obs TIME=&quot;2013&quot; OBS_VALUE=&quot;136&quot; /&gt;&lt;ABS:Obs TIME=&quot;2014&quot; OBS_VALUE=&quot;141&quot; /&gt;&lt;ABS:Obs TIME=&quot;2015&quot; OBS_VALUE=&quot;132&quot; /&gt;&lt;ABS:Obs TIME=&quot;2016&quot; OBS_VALUE=&quot;170&quot; /&gt;&lt;ABS:Obs TIME=&quot;2017&quot; OBS_VALUE=&quot;188&quot; /&gt;&lt;ABS:Obs TIME=&quot;2018&quot; OBS_VALUE=&quot;200&quot; /&gt;&lt;/ABS:Series&gt;&lt;ABS:Series MEASURE=&quot;11&quot; INDIG_STATUS=&quot;IM&quot; AGE=&quot;A30&quot; ASGS_2011=&quot;2&quot; FREQUENCY=&quot;A&quot; TIME_FORMAT=&quot;P1Y&quot;&gt;&lt;ABS:Obs TIME=&quot;2001&quot; OBS_VALUE=&quot;38.8&quot; /&gt;&lt;ABS:Obs TIME=&quot;2002&quot; OBS_VALUE=&quot;40.1&quot; /&gt;&lt;ABS:Obs TIME=&quot;2003&quot; OBS_VALUE=&quot;55&quot; /&gt;&lt;ABS:Obs TIME=&quot;2004&quot; OBS_VALUE=&quot;56.3&quot; /&gt;&lt;ABS:Obs TIME=&quot;2005&quot; OBS_VALUE=&quot;52.8&quot; /&gt;&lt;ABS:Obs TIME=&quot;2006&quot; OBS_VALUE=&quot;69.6&quot; /&gt;&lt;ABS:Obs TIME=&quot;2007&quot; OBS_VALUE=&quot;96.4&quot; /&gt;&lt;ABS:Obs TIME=&quot;2008&quot; OBS_VALUE=&quot;95.5&quot; /&gt;&lt;ABS:Obs TIME=&quot;2009&quot; OBS_VALUE=&quot;92.5&quot; /&gt;&lt;ABS:Obs TIME=&quot;2010&quot; OBS_VALUE=&quot;78&quot; /&gt;&lt;ABS:Obs TIME=&quot;2011&quot; OBS_VALUE=&quot;87.4&quot; /&gt;&lt;ABS:Obs TIME=&quot;2012&quot; OBS_VALUE=&quot;76.8&quot; /&gt;&lt;ABS:Obs TIME=&quot;2013&quot; OBS_VALUE=&quot;84.2&quot; /&gt;&lt;ABS:Obs TIME=&quot;2014&quot; OBS_VALUE=&quot;87.2&quot; /&gt;&lt;ABS:Obs TIME=&quot;2015&quot; OBS_VALUE=&quot;78.6&quot; /&gt;&lt;ABS:Obs TIME=&quot;2016&quot; OBS_VALUE=&quot;97.6&quot; /&gt;&lt;ABS:Obs TIME=&quot;2017&quot; OBS_VALUE=&quot;105.1&quot; /&gt;&lt;ABS:Obs TIME=&quot;2018&quot; OBS_VALUE=&quot;107.1&quot; /&gt;&lt;/ABS:Series&gt;&lt;ABS:Series MEASURE=&quot;1&quot; INDIG_STATUS=&quot;IB&quot; AGE=&quot;A30&quot; ASGS_2011=&quot;2&quot; FREQUENCY=&quot;A&quot; TIME_FORMAT=&quot;P1Y&quot;&gt;&lt;ABS:Obs TIME=&quot;2001&quot; OBS_VALUE=&quot;93&quot; /&gt;&lt;ABS:Obs TIME=&quot;2002&quot; OBS_VALUE=&quot;113&quot; /&gt;&lt;ABS:Obs TIME=&quot;2003&quot; OBS_VALUE=&quot;138&quot; /&gt;&lt;ABS:Obs TIME=&quot;2004&quot; OBS_VALUE=&quot;134&quot; /&gt;&lt;ABS:Obs TIME=&quot;2005&quot; OBS_VALUE=&quot;146&quot; /&gt;&lt;ABS:Obs TIME=&quot;2006&quot; OBS_VALUE=&quot;168&quot; /&gt;&lt;ABS:Obs TIME=&quot;2007&quot; OBS_VALUE=&quot;201&quot; /&gt;&lt;ABS:Obs TIME=&quot;2008&quot; OBS_VALUE=&quot;216&quot; /&gt;&lt;ABS:Obs TIME=&quot;2009&quot; OBS_VALUE=&quot;205&quot; /&gt;&lt;ABS:Obs TIME=&quot;2010&quot; OBS_VALUE=&quot;195&quot; /&gt;&lt;ABS:Obs TIME=&quot;2011&quot; OBS_VALUE=&quot;201&quot; /&gt;&lt;ABS:Obs TIME=&quot;2012&quot; OBS_VALUE=&quot;235&quot; /&gt;&lt;ABS:Obs TIME=&quot;2013&quot; OB
Inserting 432 obs
&lt;soap12:Envelope xmlns:xsi=&quot;http://www.w3.org/2001/XMLSchema-instance&quot; xmlns:xsd=&quot;http://www.w3.org/2001/XMLSchema&quot; xmlns:soap12=&quot;http://www.w3.org/2003/05/soap-envelope&quot;&gt;
  &lt;soap12:Body&gt;
    &lt;GetCompactData xmlns=&quot;http://stats.oecd.org/OECDStatWS/SDMX/&quot;&gt;
      &lt;QueryMessage&gt;&lt;message:QueryMessage xmlns:message=&quot;http://www.SDMX.org/resources/SDMXML/schemas/v2_0/message&quot;&gt;&lt;Header xmlns=&quot;http://www.SDMX.org/resources/SDMXML/schemas/v2_0/message&quot;&gt;&lt;message:ID&gt;none&lt;/message:ID&gt;&lt;message:Test&gt;false&lt;/message:Test&gt;&lt;message:Prepared&gt;2016-08-19T00:11:33+08:00&lt;/message:Prepared&gt;&lt;message:Sender id=&quot;Sdmx-Sax&quot; /&gt;&lt;message:Receiver id=&quot;ABS&quot; /&gt;&lt;/Header&gt;&lt;message:Query&gt;&lt;DataWhere xmlns=&quot;http://www.SDMX.org/resources/SDMXML/schemas/v2_0/query&quot;&gt;&lt;And&gt;&lt;DataSet&gt;ATSI_FERTILITY&lt;/DataSet&gt;&lt;Time&gt;&lt;StartTime&gt;1000-02-01&lt;/StartTime&gt;&lt;EndTime&gt;2020-04-19&lt;/EndTime&gt;&lt;/Time&gt;&lt;Or&gt;&lt;Dimension id=&quot;INDIG_STATUS&quot;&gt;IM&lt;/Dimension&gt;&lt;Dimension id=&quot;INDIG_STATUS&quot;&gt;IM&lt;/Dimension&gt;&lt;Dimension id=&quot;INDIG_STATUS&quot;&gt;IB&lt;/Dimension&gt;&lt;/Or&gt;&lt;Or&gt;&lt;Dimension id=&quot;AGE&quot;&gt;A35&lt;/Dimension&gt;&lt;/Or&gt;&lt;Or&gt;&lt;Dimension id=&quot;ASGS_2011&quot;&gt;0&lt;/Dimension&gt;&lt;Dimension id=&quot;ASGS_2011&quot;&gt;1&lt;/Dimension&gt;&lt;Dimension id=&quot;ASGS_2011&quot;&gt;2&lt;/Dimension&gt;&lt;Dimension id=&quot;ASGS_2011&quot;&gt;3&lt;/Dimension&gt;&lt;Dimension id=&quot;ASGS_2011&quot;&gt;4&lt;/Dimension&gt;&lt;Dimension id=&quot;ASGS_2011&quot;&gt;5&lt;/Dimension&gt;&lt;Dimension id=&quot;ASGS_2011&quot;&gt;6&lt;/Dimension&gt;&lt;Dimension id=&quot;ASGS_2011&quot;&gt;7&lt;/Dimension&gt;&lt;/Or&gt;&lt;Or&gt;&lt;Dimension id=&quot;FREQUENCY&quot;&gt;A&lt;/Dimension&gt;&lt;/Or&gt;&lt;Or&gt;&lt;Dimension id=&quot;MEASURE&quot;&gt;1&lt;/Dimension&gt;&lt;Dimension id=&quot;MEASURE&quot;&gt;11&lt;/Dimension&gt;&lt;/Or&gt;&lt;/And&gt;&lt;/DataWhere&gt;&lt;/message:Query&gt;&lt;/message:QueryMessage&gt;
&lt;/QueryMessage&gt;
&lt;/GetCompactData&gt;
&lt;/soap12:Body&gt;
&lt;/soap12:Envelope&gt;
Header=&lt;message:CompactData xmlns=&quot;http://www.SDMX.org/resources/SDMXML/schemas/v2_0/message&quot; xmlns:common=&quot;http://www.SDMX.org/resources/SDMXML/schemas/v2_0/common&quot; xmlns:compact=&quot;http://www.SDMX.org/resources/SDMXML/schemas/v2_0/compact&quot; xmlns:ABS=&quot;http://oecd.stat.org/Data&quot; xmlns:xsi=&quot;http://www.w3.org/2001/XMLSchema-instance&quot; xsi:schemaLocation=&quot;http://www.SDMX.org/resources/SDMXML/schemas/v2_0/message http://www.sdmx.org/docs/2_0/SDMXMessage.xsd http://oecd.stat.org/Data http://stat.data.abs.gov.au/restsdmx/sdmx.ashx/GetSchema/ATSI_FERTILITY&quot; xmlns:message=&quot;http://www.SDMX.org/resources/SDMXML/schemas/v2_0/message&quot;&gt;&lt;Header&gt;&lt;ID&gt;none&lt;/ID&gt;&lt;Test&gt;false&lt;/Test&gt;&lt;Truncated&gt;false&lt;/Truncated&gt;&lt;Prepared&gt;2020-03-19T13:25:00&lt;/Prepared&gt;&lt;Sender id=&quot;ABS&quot;&gt;&lt;Name xml:lang=&quot;en&quot;&gt;Australian Bureau of Statistics&lt;/Name&gt;&lt;Name xml:lang=&quot;fr&quot;&gt;Australian Bureau of Statistics&lt;/Name&gt;&lt;/Sender&gt;&lt;/Header&gt;&lt;ABS:DataSet keyFamilyURI=&quot;http://stat.data.abs.gov.au/restsdmx/sdmx.ashx/GetKeyFamily/ATSI_FERTILITY&quot; xmlns:ABS=&quot;http://oecd.stat.org/Data&quot;&gt;&lt;ABS:Series MEASURE=&quot;1&quot; INDIG_STATUS=&quot;IM&quot; AGE=&quot;A35&quot; ASGS_2011=&quot;0&quot; FREQUENCY=&quot;A&quot; TIME_FORMAT=&quot;P1Y&quot;&gt;&lt;ABS:Obs TIME=&quot;2001&quot; OBS_VALUE=&quot;483&quot; /&gt;&lt;ABS:Obs TIME=&quot;2002&quot; OBS_VALUE=&quot;523&quot; /&gt;&lt;ABS:Obs TIME=&quot;2003&quot; OBS_VALUE=&quot;552&quot; /&gt;&lt;ABS:Obs TIME=&quot;2004&quot; OBS_VALUE=&quot;583&quot; /&gt;&lt;ABS:Obs TIME=&quot;2005&quot; OBS_VALUE=&quot;624&quot; /&gt;&lt;ABS:Obs TIME=&quot;2006&quot; OBS_VALUE=&quot;655&quot; /&gt;&lt;ABS:Obs TIME=&quot;2007&quot; OBS_VALUE=&quot;842&quot; /&gt;&lt;ABS:Obs TIME=&quot;2008&quot; OBS_VALUE=&quot;890&quot; /&gt;&lt;ABS:Obs TIME=&quot;2009&quot; OBS_VALUE=&quot;938&quot; /&gt;&lt;ABS:Obs TIME=&quot;2010&quot; OBS_VALUE=&quot;929&quot; /&gt;&lt;ABS:Obs TIME=&quot;2011&quot; OBS_VALUE=&quot;949&quot; /&gt;&lt;ABS:Obs TIME=&quot;2012&quot; OBS_VALUE=&quot;925&quot; /&gt;&lt;ABS:Obs TIME=&quot;2013&quot; OBS_VALUE=&quot;967&quot; /&gt;&lt;ABS:Obs TIME=&quot;2014&quot; OBS_VALUE=&quot;968&quot; /&gt;&lt;ABS:Obs TIME=&quot;2015&quot; OBS_VALUE=&quot;892&quot; /&gt;&lt;ABS:Obs TIME=&quot;2016&quot; OBS_VALUE=&quot;964&quot; /&gt;&lt;ABS:Obs TIME=&quot;2017&quot; OBS_VALUE=&quot;1104&quot; /&gt;&lt;ABS:Obs TIME=&quot;2018&quot; OBS_VALUE=&quot;1221&quot; /&gt;&lt;/ABS:Series&gt;&lt;ABS:Series MEASURE=&quot;11&quot; INDIG_STATUS=&quot;IM&quot; AGE=&quot;A35&quot; ASGS_2011=&quot;0&quot; FREQUENCY=&quot;A&quot; TIME_FORMAT=&quot;P1Y&quot;&gt;&lt;ABS:Obs TIME=&quot;2001&quot; OBS_VALUE=&quot;26.1&quot; /&gt;&lt;ABS:Obs TIME=&quot;2002&quot; OBS_VALUE=&quot;27.7&quot; /&gt;&lt;ABS:Obs TIME=&quot;2003&quot; OBS_VALUE=&quot;28.5&quot; /&gt;&lt;ABS:Obs TIME=&quot;2004&quot; OBS_VALUE=&quot;29.3&quot; /&gt;&lt;ABS:Obs TIME=&quot;2005&quot; OBS_VALUE=&quot;30.1&quot; /&gt;&lt;ABS:Obs TIME=&quot;2006&quot; OBS_VALUE=&quot;30.3&quot; /&gt;&lt;ABS:Obs TIME=&quot;2007&quot; OBS_VALUE=&quot;38&quot; /&gt;&lt;ABS:Obs TIME=&quot;2008&quot; OBS_VALUE=&quot;39.7&quot; /&gt;&lt;ABS:Obs TIME=&quot;2009&quot; OBS_VALUE=&quot;42.2&quot; /&gt;&lt;ABS:Obs TIME=&quot;2010&quot; OBS_VALUE=&quot;42.6&quot; /&gt;&lt;ABS:Obs TIME=&quot;2011&quot; OBS_VALUE=&quot;44.8&quot; /&gt;&lt;ABS:Obs TIME=&quot;2012&quot; OBS_VALUE=&quot;41&quot; /&gt;&lt;ABS:Obs TIME=&quot;2013&quot; OBS_VALUE=&quot;44&quot; /&gt;&lt;ABS:Obs TIME=&quot;2014&quot; OBS_VALUE=&quot;44.7&quot; /&gt;&lt;ABS:Obs TIME=&quot;2015&quot; OBS_VALUE=&quot;41.1&quot; /&gt;&lt;ABS:Obs TIME=&quot;2016&quot; OBS_VALUE=&quot;44.2&quot; /&gt;&lt;ABS:Obs TIME=&quot;2017&quot; OBS_VALUE=&quot;49.6&quot; /&gt;&lt;ABS:Obs TIME=&quot;2018&quot; OBS_VALUE=&quot;53.4&quot; /&gt;&lt;/ABS:Series&gt;&lt;ABS:Series MEASURE=&quot;1&quot; INDIG_STATUS=&quot;IB&quot; AGE=&quot;A35&quot; ASGS_2011=&quot;0&quot; FREQUENCY=&quot;A&quot; TIME_FORMAT=&quot;P1Y&quot;&gt;&lt;ABS:Obs TIME=&quot;2001&quot; OBS_VALUE=&quot;695&quot; /&gt;&lt;ABS:Obs TIME=&quot;2002&quot; OBS_VALUE=&quot;783&quot; /&gt;&lt;ABS:Obs TIME=&quot;2003&quot; OBS_VALUE=&quot;795&quot; /&gt;&lt;ABS:Obs TIME=&quot;2004&quot; OBS_VALUE=&quot;865&quot; /&gt;&lt;ABS:Obs TIME=&quot;2005&quot; OBS_VALUE=&quot;929&quot; /&gt;&lt;ABS:Obs TIME=&quot;2006&quot; OBS_VALUE=&quot;974&quot; /&gt;&lt;ABS:Obs TIME=&quot;2007&quot; OBS_VALUE=&quot;1235&quot; /&gt;&lt;ABS:Obs TIME=&quot;2008&quot; OBS_VALUE=&quot;1316&quot; /&gt;&lt;ABS:Obs TIME=&quot;2009&quot; OBS_VALUE=&quot;1371&quot; /&gt;&lt;ABS:Obs TIME=&quot;2010&quot; OBS_VALUE=&quot;1359&quot; /&gt;&lt;ABS:Obs TIME=&quot;2011&quot; OBS_VALUE=&quot;1379&quot; /&gt;&lt;ABS:Obs TIME=&quot;2012&quot; OBS_VALUE=&quot;1402&quot; /&gt;&lt;ABS:Obs TIME=&quot;2013&quot; OBS_VALUE=&quot;1443&quot; /&gt;&lt;ABS:Obs TIME=&quot;2014&quot; OBS_VALUE=&quot;1429&quot; /&gt;&lt;ABS:Obs TIME=&quot;2015&quot; OBS_VALUE=&quot;1369&quot; /&gt;&lt;ABS:Obs TIME=&quot;2016&quot; OBS_VALUE=&quot;1487&quot; /&gt;&lt;ABS:Obs TIME=&quot;2017&quot; OBS_VALUE=&quot;1680&quot; /&gt;&lt;ABS:Obs TIME=&quot;2018&quot; OBS_VALUE=&quot;1873&quot; /&gt;&lt;/ABS:Series&gt;&lt;ABS:Series MEASURE=&quot;1&quot; INDIG_STATUS=&quot;IM&quot; AGE=&quot;A35&quot; ASGS_2011=&quot;1&quot; FREQUENCY=&quot;A&quot; TIME_FORMAT=&quot;P1Y&quot;&gt;&lt;ABS:Obs TIME=&quot;2001&quot; OBS_VALUE=&quot;134&quot; /&gt;&lt;ABS:Obs TIME=&quot;2002&quot; OBS_VALUE=&quot;123&quot; /&gt;&lt;ABS:Obs TIME=&quot;2003&quot; OBS_VALUE=&quot;133&quot; /&gt;&lt;ABS:Obs TIME=&quot;2004&quot; OBS_VALUE=&quot;171&quot; /&gt;&lt;ABS:Obs TIME=&quot;2005&quot; OBS_VALUE=&quot;188&quot; /&gt;&lt;ABS:Obs TIME=&quot;2006&quot; OBS_VALUE=&quot;217&quot; /&gt;&lt;ABS:Obs TIME=&quot;2007&quot; OBS_VALUE=&quot;272&quot; /&gt;&lt;ABS:Obs TIME=&quot;2008&quot; OBS_VALUE=&quot;267&quot; /&gt;&lt;ABS:Obs TIME=&quot;2009&quot; OBS_VALUE=&quot;289&quot; /&gt;&lt;ABS:Obs TIME=&quot;2010&quot; OBS_VALUE=&quot;296&quot; /&gt;&lt;ABS:Obs TIME=&quot;2011&quot; OBS_VALUE=&quot;277&quot; /&gt;&lt;ABS:Obs TIME=&quot;2012&quot; OBS_VALUE=&quot;242&quot; /&gt;&lt;ABS:Obs TIME=&quot;2013&quot; OBS_VALUE=&quot;272&quot; /&gt;&lt;ABS:Obs TIME=&quot;2014&quot; OBS_VALUE=&quot;253&quot; /&gt;&lt;ABS:Obs TIME=&quot;2015&quot; OBS_VALUE=&quot;255&quot; /&gt;&lt;ABS:Obs TIME=&quot;2016&quot; OBS_VALUE=&quot;305&quot; /&gt;&lt;ABS:Obs TIME=&quot;2017&quot; OBS_VALUE=&quot;313&quot; /&gt;&lt;ABS:Obs TIME=&quot;2018&quot; OBS_VALUE=&quot;379&quot; /&gt;&lt;/ABS:Series&gt;&lt;ABS:Series MEASURE=&quot;11&quot; INDIG_STATUS=&quot;IM&quot; AGE=&quot;A35&quot; ASGS_2011=&quot;1&quot; FREQUENCY=&quot;A&quot; TIME_FORMAT=&quot;P1Y&quot;&gt;&lt;ABS:Obs TIME=&quot;2001&quot; OBS_VALUE=&quot;21.8&quot; /&gt;&lt;ABS:Obs TIME=&quot;2002&quot; OBS_VALUE=&quot;19.5&quot; /&gt;&lt;ABS:Obs TIME=&quot;2003&quot; OBS_VALUE=&quot;21.1&quot; /&gt;&lt;ABS:Obs TIME=&quot;2004&quot; OBS_VALUE=&quot;26.9&quot; /&gt;&lt;ABS:Obs TIME=&quot;2005&quot; OBS_VALUE=&quot;29.3&quot; /&gt;&lt;ABS:Obs TIME=&quot;2006&quot; OBS_VALUE=&quot;32.9&quot; /&gt;&lt;ABS:Obs TIME=&quot;2007&quot; OBS_VALUE=&quot;40.1&quot; /&gt;&lt;ABS:Obs TIME=&quot;2008&quot; OBS_VALUE=&quot;38.9&quot; /&gt;&lt;ABS:Obs TIME=&quot;2009&quot; OBS_VALUE=&quot;42.3&quot; /&gt;&lt;ABS:Obs TIME=&quot;2010&quot; OBS_VALUE=&quot;44.3&quot; /&gt;&lt;ABS:Obs TIME=&quot;2011&quot; OBS_VALUE=&quot;42.8&quot; /&gt;&lt;ABS:Obs TIME=&quot;2012&quot; OBS_VALUE=&quot;33.9&quot; /&gt;&lt;ABS:Obs TIME=&quot;2013&quot; OBS_VALUE=&quot;39.7&quot; /&gt;&lt;ABS:Obs TIME=&quot;2014&quot; OBS_VALUE=&quot;37.6&quot; /&gt;&lt;ABS:Obs TIME=&quot;2015&quot; OBS_VALUE=&quot;37.6&quot; /&gt;&lt;ABS:Obs TIME=&quot;2016&quot; OBS_VALUE=&quot;44.8&quot; /&gt;&lt;ABS:Obs TIME=&quot;2017&quot; OBS_VALUE=&quot;44.8&quot; /&gt;&lt;ABS:Obs TIME=&quot;2018&quot; OBS_VALUE=&quot;53.2&quot; /&gt;&lt;/ABS:Series&gt;&lt;ABS:Series MEASURE=&quot;1&quot; INDIG_STATUS=&quot;IB&quot; AGE=&quot;A35&quot; ASGS_2011=&quot;1&quot; FREQUENCY=&quot;A&quot; TIME_FORMAT=&quot;P1Y&quot;&gt;&lt;ABS:Obs TIME=&quot;2001&quot; OBS_VALUE=&quot;214&quot; /&gt;&lt;ABS:Obs TIME=&quot;2002&quot; OBS_VALUE=&quot;203&quot; /&gt;&lt;ABS:Obs TIME=&quot;2003&quot; OBS_VALUE=&quot;217&quot; /&gt;&lt;ABS:Obs TIME=&quot;2004&quot; OBS_VALUE=&quot;266&quot; /&gt;&lt;ABS:Obs TIME=&quot;2005&quot; OBS_VALUE=&quot;288&quot; /&gt;&lt;ABS:Obs TIME=&quot;2006&quot; OBS_VALUE=&quot;336&quot; /&gt;&lt;ABS:Obs TIME=&quot;2007&quot; OBS_VALUE=&quot;409&quot; /&gt;&lt;ABS:Obs TIME=&quot;2008&quot; OBS_VALUE=&quot;415&quot; /&gt;&lt;ABS:Obs TIME=&quot;2009&quot; OBS_VALUE=&quot;465&quot; /&gt;&lt;ABS:Obs TIME=&quot;2010&quot; OBS_VALUE=&quot;456&quot; /&gt;&lt;ABS:Obs TIME=&quot;2011&quot; OBS_VALUE=&quot;449&quot; /&gt;&lt;ABS:Obs TIME=&quot;2012&quot; OBS_VALUE=&quot;434&quot; /&gt;&lt;ABS:Obs TIME=&quot;2013&quot; OBS_VALUE=&quot;465&quot; /&gt;&lt;ABS:Obs TIME=&quot;2014&quot; OBS_VALUE=&quot;417&quot; /&gt;&lt;ABS:Obs TIME=&quot;2015&quot; OBS_VALUE=&quot;428&quot; /&gt;&lt;ABS:Obs TIME=&quot;2016&quot; OBS_VALUE=&quot;479&quot; /&gt;&lt;ABS:Obs TIME=&quot;2017&quot; OBS_VALUE=&quot;480&quot; /&gt;&lt;ABS:Obs TIME=&quot;2018&quot; OBS_VALUE=&quot;621&quot; /&gt;&lt;/ABS:Series&gt;&lt;ABS:Series MEASURE=&quot;1&quot; INDIG_STATUS=&quot;IM&quot; AGE=&quot;A35&quot; ASGS_2011=&quot;2&quot; FREQUENCY=&quot;A&quot; TIME_FORMAT=&quot;P1Y&quot;&gt;&lt;ABS:Obs TIME=&quot;2001&quot; OBS_VALUE=&quot;13&quot; /&gt;&lt;ABS:Obs TIME=&quot;2002&quot; OBS_VALUE=&quot;34&quot; /&gt;&lt;ABS:Obs TIME=&quot;2003&quot; OBS_VALUE=&quot;29&quot; /&gt;&lt;ABS:Obs TIME=&quot;2004&quot; OBS_VALUE=&quot;31&quot; /&gt;&lt;ABS:Obs TIME=&quot;2005&quot; OBS_VALUE=&quot;42&quot; /&gt;&lt;ABS:Obs TIME=&quot;2006&quot; OBS_VALUE=&quot;30&quot; /&gt;&lt;ABS:Obs TIME=&quot;2007&quot; OBS_VALUE=&quot;53&quot; /&gt;&lt;ABS:Obs TIME=&quot;2008&quot; OBS_VALUE=&quot;69&quot; /&gt;&lt;ABS:Obs TIME=&quot;2009&quot; OBS_VALUE=&quot;63&quot; /&gt;&lt;ABS:Obs TIME=&quot;2010&quot; OBS_VALUE=&quot;58&quot; /&gt;&lt;ABS:Obs TIME=&quot;2011&quot; OBS_VALUE=&quot;73&quot; /&gt;&lt;ABS:Obs TIME=&quot;2012&quot; OBS_VALUE=&quot;74&quot; /&gt;&lt;ABS:Obs TIME=&quot;2013&quot; OBS_VALUE=&quot;98&quot; /&gt;&lt;ABS:Obs TIME=&quot;2014&quot; OBS_VALUE=&quot;87&quot; /&gt;&lt;ABS:Obs TIME=&quot;2015&quot; OBS_VALUE=&quot;42&quot; /&gt;&lt;ABS:Obs TIME=&quot;2016&quot; OBS_VALUE=&quot;72&quot; /&gt;&lt;ABS:Obs TIME=&quot;2017&quot; OBS_VALUE=&quot;94&quot; /&gt;&lt;ABS:Obs TIME=&quot;2018&quot; OBS_VALUE=&quot;108&quot; /&gt;&lt;/ABS:Series&gt;&lt;ABS:Series MEASURE=&quot;11&quot; INDIG_STATUS=&quot;IM&quot; AGE=&quot;A35&quot; ASGS_2011=&quot;2&quot; FREQUENCY=&quot;A&quot; TIME_FORMAT=&quot;P1Y&quot;&gt;&lt;ABS:Obs TIME=&quot;2001&quot; OBS_VALUE=&quot;10.8&quot; /&gt;&lt;ABS:Obs TIME=&quot;2002&quot; OBS_VALUE=&quot;27.9&quot; /&gt;&lt;ABS:Obs TIME=&quot;2003&quot; OBS_VALUE=&quot;22&quot; /&gt;&lt;ABS:Obs TIME=&quot;2004&quot; OBS_VALUE=&quot;22.4&quot; /&gt;&lt;ABS:Obs TIME=&quot;2005&quot; OBS_VALUE=&quot;30.7&quot; /&gt;&lt;ABS:Obs TIME=&quot;2006&quot; OBS_VALUE=&quot;20.4&quot; /&gt;&lt;ABS:Obs TIME=&quot;2007&quot; OBS_VALUE=&quot;35.1&quot; /&gt;&lt;ABS:Obs TIME=&quot;2008&quot; OBS_VALUE=&quot;46.4&quot; /&gt;&lt;ABS:Obs TIME=&quot;2009&quot; OBS_VALUE=&quot;43.9&quot; /&gt;&lt;ABS:Obs TIME=&quot;2010&quot; OBS_VALUE=&quot;40.5&quot; /&gt;&lt;ABS:Obs TIME=&quot;2011&quot; OBS_VALUE=&quot;52.6&quot; /&gt;&lt;ABS:Obs TIME=&quot;2012&quot; OBS_VALUE=&quot;48.1&quot; /&gt;&lt;ABS:Obs TIME=&quot;2013&quot; OBS_VALUE=&quot;66&quot; /&gt;&lt;ABS:Obs TIME=&quot;2014&quot; OBS_VALUE=&quot;58.9&quot; /&gt;&lt;ABS:Obs TIME=&quot;2015&quot; OBS_VALUE=&quot;28&quot; /&gt;&lt;ABS:Obs TIME=&quot;2016&quot; OBS_VALUE=&quot;47.5&quot; /&gt;&lt;ABS:Obs TIME=&quot;2017&quot; OBS_VALUE=&quot;60.1&quot; /&gt;&lt;ABS:Obs TIME=&quot;2018&quot; OBS_VALUE=&quot;67.4&quot; /&gt;&lt;/ABS:Series&gt;&lt;ABS:Series MEASURE=&quot;1&quot; INDIG_STATUS=&quot;IB&quot; AGE=&quot;A35&quot; ASGS_2011=&quot;2&quot; FREQUENCY=&quot;A&quot; TIME_FORMAT=&quot;P1Y&quot;&gt;&lt;ABS:Obs TIME=&quot;2001&quot; OBS_VALUE=&quot;37&quot; /&gt;&lt;ABS:Obs TIME=&quot;2002&quot; OBS_VALUE=&quot;56&quot; /&gt;&lt;ABS:Obs TIME=&quot;2003&quot; OBS_VALUE=&quot;57&quot; /&gt;&lt;ABS:Obs TIME=&quot;2004&quot; OBS_VALUE=&quot;63&quot; /&gt;&lt;ABS:Obs TIME=&quot;2005&quot; OBS_VALUE=&quot;74&quot; /&gt;&lt;ABS:Obs TIME=&quot;2006&quot; OBS_VALUE=&quot;67&quot; /&gt;&lt;ABS:Obs TIME=&quot;2007&quot; OBS_VALUE=&quot;108&quot; /&gt;&lt;ABS:Obs TIME=&quot;2008&quot; OBS_VALUE=&quot;129&quot; /&gt;&lt;ABS:Obs TIME=&quot;2009&quot; OBS_VALUE=&quot;120&quot; /&gt;&lt;ABS:Obs TIME=&quot;2010&quot; OBS_VALUE=&quot;111&quot; /&gt;&lt;ABS:Obs TIME=&quot;2011&quot; OBS_VALUE=&quot;129&quot; /&gt;&lt;ABS:Obs TIME=&quot;2012&quot; OBS_VALUE=&quot;116&quot; /&gt;&lt;ABS:Obs TIME=&quot;2013&quot; OBS_VALUE=&quot;159&quot; /&gt;&lt;ABS:Obs TIME=&quot;2014&quot; OBS_VA
Inserting 432 obs
&lt;soap12:Envelope xmlns:xsi=&quot;http://www.w3.org/2001/XMLSchema-instance&quot; xmlns:xsd=&quot;http://www.w3.org/2001/XMLSchema&quot; xmlns:soap12=&quot;http://www.w3.org/2003/05/soap-envelope&quot;&gt;
  &lt;soap12:Body&gt;
    &lt;GetCompactData xmlns=&quot;http://stats.oecd.org/OECDStatWS/SDMX/&quot;&gt;
      &lt;QueryMessage&gt;&lt;message:QueryMessage xmlns:message=&quot;http://www.SDMX.org/resources/SDMXML/schemas/v2_0/message&quot;&gt;&lt;Header xmlns=&quot;http://www.SDMX.org/resources/SDMXML/schemas/v2_0/message&quot;&gt;&lt;message:ID&gt;none&lt;/message:ID&gt;&lt;message:Test&gt;false&lt;/message:Test&gt;&lt;message:Prepared&gt;2016-08-19T00:11:33+08:00&lt;/message:Prepared&gt;&lt;message:Sender id=&quot;Sdmx-Sax&quot; /&gt;&lt;message:Receiver id=&quot;ABS&quot; /&gt;&lt;/Header&gt;&lt;message:Query&gt;&lt;DataWhere xmlns=&quot;http://www.SDMX.org/resources/SDMXML/schemas/v2_0/query&quot;&gt;&lt;And&gt;&lt;DataSet&gt;ATSI_FERTILITY&lt;/DataSet&gt;&lt;Time&gt;&lt;StartTime&gt;1000-02-01&lt;/StartTime&gt;&lt;EndTime&gt;2020-04-19&lt;/EndTime&gt;&lt;/Time&gt;&lt;Or&gt;&lt;Dimension id=&quot;INDIG_STATUS&quot;&gt;IM&lt;/Dimension&gt;&lt;Dimension id=&quot;INDIG_STATUS&quot;&gt;IM&lt;/Dimension&gt;&lt;Dimension id=&quot;INDIG_STATUS&quot;&gt;IB&lt;/Dimension&gt;&lt;/Or&gt;&lt;Or&gt;&lt;Dimension id=&quot;AGE&quot;&gt;A40&lt;/Dimension&gt;&lt;/Or&gt;&lt;Or&gt;&lt;Dimension id=&quot;ASGS_2011&quot;&gt;0&lt;/Dimension&gt;&lt;Dimension id=&quot;ASGS_2011&quot;&gt;1&lt;/Dimension&gt;&lt;Dimension id=&quot;ASGS_2011&quot;&gt;2&lt;/Dimension&gt;&lt;Dimension id=&quot;ASGS_2011&quot;&gt;3&lt;/Dimension&gt;&lt;Dimension id=&quot;ASGS_2011&quot;&gt;4&lt;/Dimension&gt;&lt;Dimension id=&quot;ASGS_2011&quot;&gt;5&lt;/Dimension&gt;&lt;Dimension id=&quot;ASGS_2011&quot;&gt;6&lt;/Dimension&gt;&lt;Dimension id=&quot;ASGS_2011&quot;&gt;7&lt;/Dimension&gt;&lt;/Or&gt;&lt;Or&gt;&lt;Dimension id=&quot;FREQUENCY&quot;&gt;A&lt;/Dimension&gt;&lt;/Or&gt;&lt;Or&gt;&lt;Dimension id=&quot;MEASURE&quot;&gt;1&lt;/Dimension&gt;&lt;Dimension id=&quot;MEASURE&quot;&gt;11&lt;/Dimension&gt;&lt;/Or&gt;&lt;/And&gt;&lt;/DataWhere&gt;&lt;/message:Query&gt;&lt;/message:QueryMessage&gt;
&lt;/QueryMessage&gt;
&lt;/GetCompactData&gt;
&lt;/soap12:Body&gt;
&lt;/soap12:Envelope&gt;
Header=&lt;message:CompactData xmlns=&quot;http://www.SDMX.org/resources/SDMXML/schemas/v2_0/message&quot; xmlns:common=&quot;http://www.SDMX.org/resources/SDMXML/schemas/v2_0/common&quot; xmlns:compact=&quot;http://www.SDMX.org/resources/SDMXML/schemas/v2_0/compact&quot; xmlns:ABS=&quot;http://oecd.stat.org/Data&quot; xmlns:xsi=&quot;http://www.w3.org/2001/XMLSchema-instance&quot; xsi:schemaLocation=&quot;http://www.SDMX.org/resources/SDMXML/schemas/v2_0/message http://www.sdmx.org/docs/2_0/SDMXMessage.xsd http://oecd.stat.org/Data http://stat.data.abs.gov.au/restsdmx/sdmx.ashx/GetSchema/ATSI_FERTILITY&quot; xmlns:message=&quot;http://www.SDMX.org/resources/SDMXML/schemas/v2_0/message&quot;&gt;&lt;Header&gt;&lt;ID&gt;none&lt;/ID&gt;&lt;Test&gt;false&lt;/Test&gt;&lt;Truncated&gt;false&lt;/Truncated&gt;&lt;Prepared&gt;2020-03-19T13:25:05&lt;/Prepared&gt;&lt;Sender id=&quot;ABS&quot;&gt;&lt;Name xml:lang=&quot;en&quot;&gt;Australian Bureau of Statistics&lt;/Name&gt;&lt;Name xml:lang=&quot;fr&quot;&gt;Australian Bureau of Statistics&lt;/Name&gt;&lt;/Sender&gt;&lt;/Header&gt;&lt;ABS:DataSet keyFamilyURI=&quot;http://stat.data.abs.gov.au/restsdmx/sdmx.ashx/GetKeyFamily/ATSI_FERTILITY&quot; xmlns:ABS=&quot;http://oecd.stat.org/Data&quot;&gt;&lt;ABS:Series MEASURE=&quot;1&quot; INDIG_STATUS=&quot;IM&quot; AGE=&quot;A40&quot; ASGS_2011=&quot;0&quot; FREQUENCY=&quot;A&quot; TIME_FORMAT=&quot;P1Y&quot;&gt;&lt;ABS:Obs TIME=&quot;2001&quot; OBS_VALUE=&quot;82&quot; /&gt;&lt;ABS:Obs TIME=&quot;2002&quot; OBS_VALUE=&quot;95&quot; /&gt;&lt;ABS:Obs TIME=&quot;2003&quot; OBS_VALUE=&quot;113&quot; /&gt;&lt;ABS:Obs TIME=&quot;2004&quot; OBS_VALUE=&quot;118&quot; /&gt;&lt;ABS:Obs TIME=&quot;2005&quot; OBS_VALUE=&quot;103&quot; /&gt;&lt;ABS:Obs TIME=&quot;2006&quot; OBS_VALUE=&quot;120&quot; /&gt;&lt;ABS:Obs TIME=&quot;2007&quot; OBS_VALUE=&quot;139&quot; /&gt;&lt;ABS:Obs TIME=&quot;2008&quot; OBS_VALUE=&quot;189&quot; /&gt;&lt;ABS:Obs TIME=&quot;2009&quot; OBS_VALUE=&quot;190&quot; /&gt;&lt;ABS:Obs TIME=&quot;2010&quot; OBS_VALUE=&quot;214&quot; /&gt;&lt;ABS:Obs TIME=&quot;2011&quot; OBS_VALUE=&quot;203&quot; /&gt;&lt;ABS:Obs TIME=&quot;2012&quot; OBS_VALUE=&quot;235&quot; /&gt;&lt;ABS:Obs TIME=&quot;2013&quot; OBS_VALUE=&quot;233&quot; /&gt;&lt;ABS:Obs TIME=&quot;2014&quot; OBS_VALUE=&quot;234&quot; /&gt;&lt;ABS:Obs TIME=&quot;2015&quot; OBS_VALUE=&quot;234&quot; /&gt;&lt;ABS:Obs TIME=&quot;2016&quot; OBS_VALUE=&quot;234&quot; /&gt;&lt;ABS:Obs TIME=&quot;2017&quot; OBS_VALUE=&quot;232&quot; /&gt;&lt;ABS:Obs TIME=&quot;2018&quot; OBS_VALUE=&quot;241&quot; /&gt;&lt;/ABS:Series&gt;&lt;ABS:Series MEASURE=&quot;11&quot; INDIG_STATUS=&quot;IM&quot; AGE=&quot;A40&quot; ASGS_2011=&quot;0&quot; FREQUENCY=&quot;A&quot; TIME_FORMAT=&quot;P1Y&quot;&gt;&lt;ABS:Obs TIME=&quot;2001&quot; OBS_VALUE=&quot;5.2&quot; /&gt;&lt;ABS:Obs TIME=&quot;2002&quot; OBS_VALUE=&quot;5.8&quot; /&gt;&lt;ABS:Obs TIME=&quot;2003&quot; OBS_VALUE=&quot;6.6&quot; /&gt;&lt;ABS:Obs TIME=&quot;2004&quot; OBS_VALUE=&quot;6.7&quot; /&gt;&lt;ABS:Obs TIME=&quot;2005&quot; OBS_VALUE=&quot;5.7&quot; /&gt;&lt;ABS:Obs TIME=&quot;2006&quot; OBS_VALUE=&quot;6.6&quot; /&gt;&lt;ABS:Obs TIME=&quot;2007&quot; OBS_VALUE=&quot;7.5&quot; /&gt;&lt;ABS:Obs TIME=&quot;2008&quot; OBS_VALUE=&quot;9.9&quot; /&gt;&lt;ABS:Obs TIME=&quot;2009&quot; OBS_VALUE=&quot;9.7&quot; /&gt;&lt;ABS:Obs TIME=&quot;2010&quot; OBS_VALUE=&quot;10.5&quot; /&gt;&lt;ABS:Obs TIME=&quot;2011&quot; OBS_VALUE=&quot;9.6&quot; /&gt;&lt;ABS:Obs TIME=&quot;2012&quot; OBS_VALUE=&quot;9.8&quot; /&gt;&lt;ABS:Obs TIME=&quot;2013&quot; OBS_VALUE=&quot;9.6&quot; /&gt;&lt;ABS:Obs TIME=&quot;2014&quot; OBS_VALUE=&quot;9.7&quot; /&gt;&lt;ABS:Obs TIME=&quot;2015&quot; OBS_VALUE=&quot;9.9&quot; /&gt;&lt;ABS:Obs TIME=&quot;2016&quot; OBS_VALUE=&quot;10.2&quot; /&gt;&lt;ABS:Obs TIME=&quot;2017&quot; OBS_VALUE=&quot;10.4&quot; /&gt;&lt;ABS:Obs TIME=&quot;2018&quot; OBS_VALUE=&quot;11.1&quot; /&gt;&lt;/ABS:Series&gt;&lt;ABS:Series MEASURE=&quot;1&quot; INDIG_STATUS=&quot;IB&quot; AGE=&quot;A40&quot; ASGS_2011=&quot;0&quot; FREQUENCY=&quot;A&quot; TIME_FORMAT=&quot;P1Y&quot;&gt;&lt;ABS:Obs TIME=&quot;2001&quot; OBS_VALUE=&quot;126&quot; /&gt;&lt;ABS:Obs TIME=&quot;2002&quot; OBS_VALUE=&quot;139&quot; /&gt;&lt;ABS:Obs TIME=&quot;2003&quot; OBS_VALUE=&quot;162&quot; /&gt;&lt;ABS:Obs TIME=&quot;2004&quot; OBS_VALUE=&quot;171&quot; /&gt;&lt;ABS:Obs TIME=&quot;2005&quot; OBS_VALUE=&quot;166&quot; /&gt;&lt;ABS:Obs TIME=&quot;2006&quot; OBS_VALUE=&quot;180&quot; /&gt;&lt;ABS:Obs TIME=&quot;2007&quot; OBS_VALUE=&quot;219&quot; /&gt;&lt;ABS:Obs TIME=&quot;2008&quot; OBS_VALUE=&quot;281&quot; /&gt;&lt;ABS:Obs TIME=&quot;2009&quot; OBS_VALUE=&quot;291&quot; /&gt;&lt;ABS:Obs TIME=&quot;2010&quot; OBS_VALUE=&quot;321&quot; /&gt;&lt;ABS:Obs TIME=&quot;2011&quot; OBS_VALUE=&quot;306&quot; /&gt;&lt;ABS:Obs TIME=&quot;2012&quot; OBS_VALUE=&quot;364&quot; /&gt;&lt;ABS:Obs TIME=&quot;2013&quot; OBS_VALUE=&quot;352&quot; /&gt;&lt;ABS:Obs TIME=&quot;2014&quot; OBS_VALUE=&quot;358&quot; /&gt;&lt;ABS:Obs TIME=&quot;2015&quot; OBS_VALUE=&quot;327&quot; /&gt;&lt;ABS:Obs TIME=&quot;2016&quot; OBS_VALUE=&quot;351&quot; /&gt;&lt;ABS:Obs TIME=&quot;2017&quot; OBS_VALUE=&quot;356&quot; /&gt;&lt;ABS:Obs TIME=&quot;2018&quot; OBS_VALUE=&quot;349&quot; /&gt;&lt;/ABS:Series&gt;&lt;ABS:Series MEASURE=&quot;1&quot; INDIG_STATUS=&quot;IM&quot; AGE=&quot;A40&quot; ASGS_2011=&quot;1&quot; FREQUENCY=&quot;A&quot; TIME_FORMAT=&quot;P1Y&quot;&gt;&lt;ABS:Obs TIME=&quot;2001&quot; OBS_VALUE=&quot;25&quot; /&gt;&lt;ABS:Obs TIME=&quot;2002&quot; OBS_VALUE=&quot;21&quot; /&gt;&lt;ABS:Obs TIME=&quot;2003&quot; OBS_VALUE=&quot;31&quot; /&gt;&lt;ABS:Obs TIME=&quot;2004&quot; OBS_VALUE=&quot;43&quot; /&gt;&lt;ABS:Obs TIME=&quot;2005&quot; OBS_VALUE=&quot;41&quot; /&gt;&lt;ABS:Obs TIME=&quot;2006&quot; OBS_VALUE=&quot;46&quot; /&gt;&lt;ABS:Obs TIME=&quot;2007&quot; OBS_VALUE=&quot;46&quot; /&gt;&lt;ABS:Obs TIME=&quot;2008&quot; OBS_VALUE=&quot;58&quot; /&gt;&lt;ABS:Obs TIME=&quot;2009&quot; OBS_VALUE=&quot;68&quot; /&gt;&lt;ABS:Obs TIME=&quot;2010&quot; OBS_VALUE=&quot;63&quot; /&gt;&lt;ABS:Obs TIME=&quot;2011&quot; OBS_VALUE=&quot;56&quot; /&gt;&lt;ABS:Obs TIME=&quot;2012&quot; OBS_VALUE=&quot;76&quot; /&gt;&lt;ABS:Obs TIME=&quot;2013&quot; OBS_VALUE=&quot;75&quot; /&gt;&lt;ABS:Obs TIME=&quot;2014&quot; OBS_VALUE=&quot;63&quot; /&gt;&lt;ABS:Obs TIME=&quot;2015&quot; OBS_VALUE=&quot;68&quot; /&gt;&lt;ABS:Obs TIME=&quot;2016&quot; OBS_VALUE=&quot;62&quot; /&gt;&lt;ABS:Obs TIME=&quot;2017&quot; OBS_VALUE=&quot;66&quot; /&gt;&lt;ABS:Obs TIME=&quot;2018&quot; OBS_VALUE=&quot;80&quot; /&gt;&lt;/ABS:Series&gt;&lt;ABS:Series MEASURE=&quot;11&quot; INDIG_STATUS=&quot;IM&quot; AGE=&quot;A40&quot; ASGS_2011=&quot;1&quot; FREQUENCY=&quot;A&quot; TIME_FORMAT=&quot;P1Y&quot;&gt;&lt;ABS:Obs TIME=&quot;2001&quot; OBS_VALUE=&quot;5&quot; /&gt;&lt;ABS:Obs TIME=&quot;2002&quot; OBS_VALUE=&quot;4&quot; /&gt;&lt;ABS:Obs TIME=&quot;2003&quot; OBS_VALUE=&quot;5.6&quot; /&gt;&lt;ABS:Obs TIME=&quot;2004&quot; OBS_VALUE=&quot;7.5&quot; /&gt;&lt;ABS:Obs TIME=&quot;2005&quot; OBS_VALUE=&quot;7&quot; /&gt;&lt;ABS:Obs TIME=&quot;2006&quot; OBS_VALUE=&quot;7.8&quot; /&gt;&lt;ABS:Obs TIME=&quot;2007&quot; OBS_VALUE=&quot;7.5&quot; /&gt;&lt;ABS:Obs TIME=&quot;2008&quot; OBS_VALUE=&quot;9.5&quot; /&gt;&lt;ABS:Obs TIME=&quot;2009&quot; OBS_VALUE=&quot;11&quot; /&gt;&lt;ABS:Obs TIME=&quot;2010&quot; OBS_VALUE=&quot;10&quot; /&gt;&lt;ABS:Obs TIME=&quot;2011&quot; OBS_VALUE=&quot;8.5&quot; /&gt;&lt;ABS:Obs TIME=&quot;2012&quot; OBS_VALUE=&quot;9.6&quot; /&gt;&lt;ABS:Obs TIME=&quot;2013&quot; OBS_VALUE=&quot;9.3&quot; /&gt;&lt;ABS:Obs TIME=&quot;2014&quot; OBS_VALUE=&quot;7.8&quot; /&gt;&lt;ABS:Obs TIME=&quot;2015&quot; OBS_VALUE=&quot;8.6&quot; /&gt;&lt;ABS:Obs TIME=&quot;2016&quot; OBS_VALUE=&quot;8.1&quot; /&gt;&lt;ABS:Obs TIME=&quot;2017&quot; OBS_VALUE=&quot;9.2&quot; /&gt;&lt;ABS:Obs TIME=&quot;2018&quot; OBS_VALUE=&quot;11.7&quot; /&gt;&lt;/ABS:Series&gt;&lt;ABS:Series MEASURE=&quot;1&quot; INDIG_STATUS=&quot;IB&quot; AGE=&quot;A40&quot; ASGS_2011=&quot;1&quot; FREQUENCY=&quot;A&quot; TIME_FORMAT=&quot;P1Y&quot;&gt;&lt;ABS:Obs TIME=&quot;2001&quot; OBS_VALUE=&quot;41&quot; /&gt;&lt;ABS:Obs TIME=&quot;2002&quot; OBS_VALUE=&quot;35&quot; /&gt;&lt;ABS:Obs TIME=&quot;2003&quot; OBS_VALUE=&quot;47&quot; /&gt;&lt;ABS:Obs TIME=&quot;2004&quot; OBS_VALUE=&quot;62&quot; /&gt;&lt;ABS:Obs TIME=&quot;2005&quot; OBS_VALUE=&quot;62&quot; /&gt;&lt;ABS:Obs TIME=&quot;2006&quot; OBS_VALUE=&quot;65&quot; /&gt;&lt;ABS:Obs TIME=&quot;2007&quot; OBS_VALUE=&quot;83&quot; /&gt;&lt;ABS:Obs TIME=&quot;2008&quot; OBS_VALUE=&quot;86&quot; /&gt;&lt;ABS:Obs TIME=&quot;2009&quot; OBS_VALUE=&quot;117&quot; /&gt;&lt;ABS:Obs TIME=&quot;2010&quot; OBS_VALUE=&quot;105&quot; /&gt;&lt;ABS:Obs TIME=&quot;2011&quot; OBS_VALUE=&quot;99&quot; /&gt;&lt;ABS:Obs TIME=&quot;2012&quot; OBS_VALUE=&quot;128&quot; /&gt;&lt;ABS:Obs TIME=&quot;2013&quot; OBS_VALUE=&quot;119&quot; /&gt;&lt;ABS:Obs TIME=&quot;2014&quot; OBS_VALUE=&quot;103&quot; /&gt;&lt;ABS:Obs TIME=&quot;2015&quot; OBS_VALUE=&quot;102&quot; /&gt;&lt;ABS:Obs TIME=&quot;2016&quot; OBS_VALUE=&quot;107&quot; /&gt;&lt;ABS:Obs TIME=&quot;2017&quot; OBS_VALUE=&quot;105&quot; /&gt;&lt;ABS:Obs TIME=&quot;2018&quot; OBS_VALUE=&quot;121&quot; /&gt;&lt;/ABS:Series&gt;&lt;ABS:Series MEASURE=&quot;1&quot; INDIG_STATUS=&quot;IM&quot; AGE=&quot;A40&quot; ASGS_2011=&quot;2&quot; FREQUENCY=&quot;A&quot; TIME_FORMAT=&quot;P1Y&quot;&gt;&lt;ABS:Obs TIME=&quot;2001&quot; OBS_VALUE=&quot;4&quot; /&gt;&lt;ABS:Obs TIME=&quot;2002&quot; OBS_VALUE=&quot;8&quot; /&gt;&lt;ABS:Obs TIME=&quot;2003&quot; OBS_VALUE=&quot;6&quot; /&gt;&lt;ABS:Obs TIME=&quot;2004&quot; OBS_VALUE=&quot;6&quot; /&gt;&lt;ABS:Obs TIME=&quot;2005&quot; OBS_VALUE=&quot;3&quot; /&gt;&lt;ABS:Obs TIME=&quot;2006&quot; OBS_VALUE=&quot;6&quot; /&gt;&lt;ABS:Obs TIME=&quot;2007&quot; OBS_VALUE=&quot;14&quot; /&gt;&lt;ABS:Obs TIME=&quot;2008&quot; OBS_VALUE=&quot;16&quot; /&gt;&lt;ABS:Obs TIME=&quot;2009&quot; OBS_VALUE=&quot;17&quot; /&gt;&lt;ABS:Obs TIME=&quot;2010&quot; OBS_VALUE=&quot;16&quot; /&gt;&lt;ABS:Obs TIME=&quot;2011&quot; OBS_VALUE=&quot;22&quot; /&gt;&lt;ABS:Obs TIME=&quot;2012&quot; OBS_VALUE=&quot;14&quot; /&gt;&lt;ABS:Obs TIME=&quot;2013&quot; OBS_VALUE=&quot;16&quot; /&gt;&lt;ABS:Obs TIME=&quot;2014&quot; OBS_VALUE=&quot;22&quot; /&gt;&lt;ABS:Obs TIME=&quot;2015&quot; OBS_VALUE=&quot;17&quot; /&gt;&lt;ABS:Obs TIME=&quot;2016&quot; OBS_VALUE=&quot;24&quot; /&gt;&lt;ABS:Obs TIME=&quot;2017&quot; OBS_VALUE=&quot;25&quot; /&gt;&lt;ABS:Obs TIME=&quot;2018&quot; OBS_VALUE=&quot;12&quot; /&gt;&lt;/ABS:Series&gt;&lt;ABS:Series MEASURE=&quot;11&quot; INDIG_STATUS=&quot;IM&quot; AGE=&quot;A40&quot; ASGS_2011=&quot;2&quot; FREQUENCY=&quot;A&quot; TIME_FORMAT=&quot;P1Y&quot;&gt;&lt;ABS:Obs TIME=&quot;2001&quot; OBS_VALUE=&quot;4.2&quot; /&gt;&lt;ABS:Obs TIME=&quot;2002&quot; OBS_VALUE=&quot;7.9&quot; /&gt;&lt;ABS:Obs TIME=&quot;2003&quot; OBS_VALUE=&quot;5.7&quot; /&gt;&lt;ABS:Obs TIME=&quot;2004&quot; OBS_VALUE=&quot;5.4&quot; /&gt;&lt;ABS:Obs TIME=&quot;2005&quot; OBS_VALUE=&quot;2.6&quot; /&gt;&lt;ABS:Obs TIME=&quot;2006&quot; OBS_VALUE=&quot;5&quot; /&gt;&lt;ABS:Obs TIME=&quot;2007&quot; OBS_VALUE=&quot;11.5&quot; /&gt;&lt;ABS:Obs TIME=&quot;2008&quot; OBS_VALUE=&quot;12.5&quot; /&gt;&lt;ABS:Obs TIME=&quot;2009&quot; OBS_VALUE=&quot;12.5&quot; /&gt;&lt;ABS:Obs TIME=&quot;2010&quot; OBS_VALUE=&quot;11.8&quot; /&gt;&lt;ABS:Obs TIME=&quot;2011&quot; OBS_VALUE=&quot;15.1&quot; /&gt;&lt;ABS:Obs TIME=&quot;2012&quot; OBS_VALUE=&quot;8.4&quot; /&gt;&lt;ABS:Obs TIME=&quot;2013&quot; OBS_VALUE=&quot;9.4&quot; /&gt;&lt;ABS:Obs TIME=&quot;2014&quot; OBS_VALUE=&quot;13.2&quot; /&gt;&lt;ABS:Obs TIME=&quot;2015&quot; OBS_VALUE=&quot;10.4&quot; /&gt;&lt;ABS:Obs TIME=&quot;2016&quot; OBS_VALUE=&quot;15.4&quot; /&gt;&lt;ABS:Obs TIME=&quot;2017&quot; OBS_VALUE=&quot;16.5&quot; /&gt;&lt;ABS:Obs TIME=&quot;2018&quot; OBS_VALUE=&quot;8.3&quot; /&gt;&lt;/ABS:Series&gt;&lt;ABS:Series MEASURE=&quot;1&quot; INDIG_STATUS=&quot;IB&quot; AGE=&quot;A40&quot; ASGS_2011=&quot;2&quot; FREQUENCY=&quot;A&quot; TIME_FORMAT=&quot;P1Y&quot;&gt;&lt;ABS:Obs TIME=&quot;2001&quot; OBS_VALUE=&quot;4&quot; /&gt;&lt;ABS:Obs TIME=&quot;2002&quot; OBS_VALUE=&quot;11&quot; /&gt;&lt;ABS:Obs TIME=&quot;2003&quot; OBS_VALUE=&quot;8&quot; /&gt;&lt;ABS:Obs TIME=&quot;2004&quot; OBS_VALUE=&quot;9&quot; /&gt;&lt;ABS:Obs TIME=&quot;2005&quot; OBS_VALUE=&quot;9&quot; /&gt;&lt;ABS:Obs TIME=&quot;2006&quot; OBS_VALUE=&quot;13&quot; /&gt;&lt;ABS:Obs TIME=&quot;2007&quot; OBS_VALUE=&quot;22&quot; /&gt;&lt;ABS:Obs TIME=&quot;2008&quot; OBS_VALUE=&quot;31&quot; /&gt;&lt;ABS:Obs TIME=&quot;2009&quot; OBS_VALUE=&quot;28&quot; /&gt;&lt;ABS:Obs TIME=&quot;2010&quot; OBS_VALUE=&quot;28&quot; /&gt;&lt;ABS:Obs TIME=&quot;2011&quot; OBS_VALUE=&quot;36&quot; /&gt;&lt;ABS:Obs TIME=&quot;2012&quot; OBS_VALUE=&quot;27&quot; /&gt;&lt;ABS:Obs TIME=&quot;2013&quot; OBS_VALUE=&quot;35&quot; /&gt;&lt;ABS:Obs TIME=&quot;2014&quot; OBS_VALUE=&quot;36&quot; /&gt;&lt;ABS:Obs TIME=&quot;2015&quot; OBS_VALUE=&quot;31&quot; /&gt;&lt;ABS:Obs TIME=&quot;2016&quot; OBS_VALUE=&quot;45&quot; /&gt;&lt;ABS:Obs TIM
Inserting 432 obs
&lt;soap12:Envelope xmlns:xsi=&quot;http://www.w3.org/2001/XMLSchema-instance&quot; xmlns:xsd=&quot;http://www.w3.org/2001/XMLSchema&quot; xmlns:soap12=&quot;http://www.w3.org/2003/05/soap-envelope&quot;&gt;
  &lt;soap12:Body&gt;
    &lt;GetCompactData xmlns=&quot;http://stats.oecd.org/OECDStatWS/SDMX/&quot;&gt;
      &lt;QueryMessage&gt;&lt;message:QueryMessage xmlns:message=&quot;http://www.SDMX.org/resources/SDMXML/schemas/v2_0/message&quot;&gt;&lt;Header xmlns=&quot;http://www.SDMX.org/resources/SDMXML/schemas/v2_0/message&quot;&gt;&lt;message:ID&gt;none&lt;/message:ID&gt;&lt;message:Test&gt;false&lt;/message:Test&gt;&lt;message:Prepared&gt;2016-08-19T00:11:33+08:00&lt;/message:Prepared&gt;&lt;message:Sender id=&quot;Sdmx-Sax&quot; /&gt;&lt;message:Receiver id=&quot;ABS&quot; /&gt;&lt;/Header&gt;&lt;message:Query&gt;&lt;DataWhere xmlns=&quot;http://www.SDMX.org/resources/SDMXML/schemas/v2_0/query&quot;&gt;&lt;And&gt;&lt;DataSet&gt;ATSI_FERTILITY&lt;/DataSet&gt;&lt;Time&gt;&lt;StartTime&gt;1000-02-01&lt;/StartTime&gt;&lt;EndTime&gt;2020-04-19&lt;/EndTime&gt;&lt;/Time&gt;&lt;Or&gt;&lt;Dimension id=&quot;INDIG_STATUS&quot;&gt;IM&lt;/Dimension&gt;&lt;Dimension id=&quot;INDIG_STATUS&quot;&gt;IM&lt;/Dimension&gt;&lt;Dimension id=&quot;INDIG_STATUS&quot;&gt;IB&lt;/Dimension&gt;&lt;/Or&gt;&lt;Or&gt;&lt;Dimension id=&quot;AGE&quot;&gt;A45&lt;/Dimension&gt;&lt;/Or&gt;&lt;Or&gt;&lt;Dimension id=&quot;ASGS_2011&quot;&gt;0&lt;/Dimension&gt;&lt;Dimension id=&quot;ASGS_2011&quot;&gt;1&lt;/Dimension&gt;&lt;Dimension id=&quot;ASGS_2011&quot;&gt;2&lt;/Dimension&gt;&lt;Dimension id=&quot;ASGS_2011&quot;&gt;3&lt;/Dimension&gt;&lt;Dimension id=&quot;ASGS_2011&quot;&gt;4&lt;/Dimension&gt;&lt;Dimension id=&quot;ASGS_2011&quot;&gt;5&lt;/Dimension&gt;&lt;Dimension id=&quot;ASGS_2011&quot;&gt;6&lt;/Dimension&gt;&lt;Dimension id=&quot;ASGS_2011&quot;&gt;7&lt;/Dimension&gt;&lt;/Or&gt;&lt;Or&gt;&lt;Dimension id=&quot;FREQUENCY&quot;&gt;A&lt;/Dimension&gt;&lt;/Or&gt;&lt;Or&gt;&lt;Dimension id=&quot;MEASURE&quot;&gt;1&lt;/Dimension&gt;&lt;Dimension id=&quot;MEASURE&quot;&gt;11&lt;/Dimension&gt;&lt;/Or&gt;&lt;/And&gt;&lt;/DataWhere&gt;&lt;/message:Query&gt;&lt;/message:QueryMessage&gt;
&lt;/QueryMessage&gt;
&lt;/GetCompactData&gt;
&lt;/soap12:Body&gt;
&lt;/soap12:Envelope&gt;
Header=&lt;message:CompactData xmlns=&quot;http://www.SDMX.org/resources/SDMXML/schemas/v2_0/message&quot; xmlns:common=&quot;http://www.SDMX.org/resources/SDMXML/schemas/v2_0/common&quot; xmlns:compact=&quot;http://www.SDMX.org/resources/SDMXML/schemas/v2_0/compact&quot; xmlns:ABS=&quot;http://oecd.stat.org/Data&quot; xmlns:xsi=&quot;http://www.w3.org/2001/XMLSchema-instance&quot; xsi:schemaLocation=&quot;http://www.SDMX.org/resources/SDMXML/schemas/v2_0/message http://www.sdmx.org/docs/2_0/SDMXMessage.xsd http://oecd.stat.org/Data http://stat.data.abs.gov.au/restsdmx/sdmx.ashx/GetSchema/ATSI_FERTILITY&quot; xmlns:message=&quot;http://www.SDMX.org/resources/SDMXML/schemas/v2_0/message&quot;&gt;&lt;Header&gt;&lt;ID&gt;none&lt;/ID&gt;&lt;Test&gt;false&lt;/Test&gt;&lt;Truncated&gt;false&lt;/Truncated&gt;&lt;Prepared&gt;2020-03-19T13:25:11&lt;/Prepared&gt;&lt;Sender id=&quot;ABS&quot;&gt;&lt;Name xml:lang=&quot;en&quot;&gt;Australian Bureau of Statistics&lt;/Name&gt;&lt;Name xml:lang=&quot;fr&quot;&gt;Australian Bureau of Statistics&lt;/Name&gt;&lt;/Sender&gt;&lt;/Header&gt;&lt;ABS:DataSet keyFamilyURI=&quot;http://stat.data.abs.gov.au/restsdmx/sdmx.ashx/GetKeyFamily/ATSI_FERTILITY&quot; xmlns:ABS=&quot;http://oecd.stat.org/Data&quot;&gt;&lt;ABS:Series MEASURE=&quot;1&quot; INDIG_STATUS=&quot;IM&quot; AGE=&quot;A45&quot; ASGS_2011=&quot;0&quot; FREQUENCY=&quot;A&quot; TIME_FORMAT=&quot;P1Y&quot;&gt;&lt;ABS:Obs TIME=&quot;2001&quot; OBS_VALUE=&quot;3&quot; /&gt;&lt;ABS:Obs TIME=&quot;2002&quot; OBS_VALUE=&quot;0&quot; /&gt;&lt;ABS:Obs TIME=&quot;2003&quot; OBS_VALUE=&quot;6&quot; /&gt;&lt;ABS:Obs TIME=&quot;2004&quot; OBS_VALUE=&quot;2&quot; /&gt;&lt;ABS:Obs TIME=&quot;2005&quot; OBS_VALUE=&quot;2&quot; /&gt;&lt;ABS:Obs TIME=&quot;2006&quot; OBS_VALUE=&quot;7&quot; /&gt;&lt;ABS:Obs TIME=&quot;2007&quot; OBS_VALUE=&quot;10&quot; /&gt;&lt;ABS:Obs TIME=&quot;2008&quot; OBS_VALUE=&quot;4&quot; /&gt;&lt;ABS:Obs TIME=&quot;2009&quot; OBS_VALUE=&quot;6&quot; /&gt;&lt;ABS:Obs TIME=&quot;2010&quot; OBS_VALUE=&quot;13&quot; /&gt;&lt;ABS:Obs TIME=&quot;2011&quot; OBS_VALUE=&quot;9&quot; /&gt;&lt;ABS:Obs TIME=&quot;2012&quot; OBS_VALUE=&quot;12&quot; /&gt;&lt;ABS:Obs TIME=&quot;2013&quot; OBS_VALUE=&quot;13&quot; /&gt;&lt;ABS:Obs TIME=&quot;2014&quot; OBS_VALUE=&quot;7&quot; /&gt;&lt;ABS:Obs TIME=&quot;2015&quot; OBS_VALUE=&quot;10&quot; /&gt;&lt;ABS:Obs TIME=&quot;2016&quot; OBS_VALUE=&quot;13&quot; /&gt;&lt;ABS:Obs TIME=&quot;2017&quot; OBS_VALUE=&quot;12&quot; /&gt;&lt;ABS:Obs TIME=&quot;2018&quot; OBS_VALUE=&quot;20&quot; /&gt;&lt;/ABS:Series&gt;&lt;ABS:Series MEASURE=&quot;11&quot; INDIG_STATUS=&quot;IM&quot; AGE=&quot;A45&quot; ASGS_2011=&quot;0&quot; FREQUENCY=&quot;A&quot; TIME_FORMAT=&quot;P1Y&quot;&gt;&lt;ABS:Obs TIME=&quot;2001&quot; OBS_VALUE=&quot;0.3&quot; /&gt;&lt;ABS:Obs TIME=&quot;2002&quot; OBS_VALUE=&quot;0&quot; /&gt;&lt;ABS:Obs TIME=&quot;2003&quot; OBS_VALUE=&quot;0.5&quot; /&gt;&lt;ABS:Obs TIME=&quot;2004&quot; OBS_VALUE=&quot;0.1&quot; /&gt;&lt;ABS:Obs TIME=&quot;2005&quot; OBS_VALUE=&quot;0.1&quot; /&gt;&lt;ABS:Obs TIME=&quot;2006&quot; OBS_VALUE=&quot;0.5&quot; /&gt;&lt;ABS:Obs TIME=&quot;2007&quot; OBS_VALUE=&quot;0.6&quot; /&gt;&lt;ABS:Obs TIME=&quot;2008&quot; OBS_VALUE=&quot;0.2&quot; /&gt;&lt;ABS:Obs TIME=&quot;2009&quot; OBS_VALUE=&quot;0.3&quot; /&gt;&lt;ABS:Obs TIME=&quot;2010&quot; OBS_VALUE=&quot;0.7&quot; /&gt;&lt;ABS:Obs TIME=&quot;2011&quot; OBS_VALUE=&quot;0.5&quot; /&gt;&lt;ABS:Obs TIME=&quot;2012&quot; OBS_VALUE=&quot;0.6&quot; /&gt;&lt;ABS:Obs TIME=&quot;2013&quot; OBS_VALUE=&quot;0.6&quot; /&gt;&lt;ABS:Obs TIME=&quot;2014&quot; OBS_VALUE=&quot;0.3&quot; /&gt;&lt;ABS:Obs TIME=&quot;2015&quot; OBS_VALUE=&quot;0.5&quot; /&gt;&lt;ABS:Obs TIME=&quot;2016&quot; OBS_VALUE=&quot;0.6&quot; /&gt;&lt;ABS:Obs TIME=&quot;2017&quot; OBS_VALUE=&quot;0.5&quot; /&gt;&lt;ABS:Obs TIME=&quot;2018&quot; OBS_VALUE=&quot;0.8&quot; /&gt;&lt;/ABS:Series&gt;&lt;ABS:Series MEASURE=&quot;1&quot; INDIG_STATUS=&quot;IB&quot; AGE=&quot;A45&quot; ASGS_2011=&quot;0&quot; FREQUENCY=&quot;A&quot; TIME_FORMAT=&quot;P1Y&quot;&gt;&lt;ABS:Obs TIME=&quot;2001&quot; OBS_VALUE=&quot;3&quot; /&gt;&lt;ABS:Obs TIME=&quot;2002&quot; OBS_VALUE=&quot;3&quot; /&gt;&lt;ABS:Obs TIME=&quot;2003&quot; OBS_VALUE=&quot;6&quot; /&gt;&lt;ABS:Obs TIME=&quot;2004&quot; OBS_VALUE=&quot;5&quot; /&gt;&lt;ABS:Obs TIME=&quot;2005&quot; OBS_VALUE=&quot;7&quot; /&gt;&lt;ABS:Obs TIME=&quot;2006&quot; OBS_VALUE=&quot;10&quot; /&gt;&lt;ABS:Obs TIME=&quot;2007&quot; OBS_VALUE=&quot;11&quot; /&gt;&lt;ABS:Obs TIME=&quot;2008&quot; OBS_VALUE=&quot;9&quot; /&gt;&lt;ABS:Obs TIME=&quot;2009&quot; OBS_VALUE=&quot;9&quot; /&gt;&lt;ABS:Obs TIME=&quot;2010&quot; OBS_VALUE=&quot;20&quot; /&gt;&lt;ABS:Obs TIME=&quot;2011&quot; OBS_VALUE=&quot;13&quot; /&gt;&lt;ABS:Obs TIME=&quot;2012&quot; OBS_VALUE=&quot;14&quot; /&gt;&lt;ABS:Obs TIME=&quot;2013&quot; OBS_VALUE=&quot;13&quot; /&gt;&lt;ABS:Obs TIME=&quot;2014&quot; OBS_VALUE=&quot;12&quot; /&gt;&lt;ABS:Obs TIME=&quot;2015&quot; OBS_VALUE=&quot;17&quot; /&gt;&lt;ABS:Obs TIME=&quot;2016&quot; OBS_VALUE=&quot;19&quot; /&gt;&lt;ABS:Obs TIME=&quot;2017&quot; OBS_VALUE=&quot;19&quot; /&gt;&lt;ABS:Obs TIME=&quot;2018&quot; OBS_VALUE=&quot;28&quot; /&gt;&lt;/ABS:Series&gt;&lt;ABS:Series MEASURE=&quot;1&quot; INDIG_STATUS=&quot;IM&quot; AGE=&quot;A45&quot; ASGS_2011=&quot;1&quot; FREQUENCY=&quot;A&quot; TIME_FORMAT=&quot;P1Y&quot;&gt;&lt;ABS:Obs TIME=&quot;2001&quot; OBS_VALUE=&quot;4&quot; /&gt;&lt;ABS:Obs TIME=&quot;2002&quot; OBS_VALUE=&quot;0&quot; /&gt;&lt;ABS:Obs TIME=&quot;2003&quot; OBS_VALUE=&quot;2&quot; /&gt;&lt;ABS:Obs TIME=&quot;2004&quot; OBS_VALUE=&quot;0&quot; /&gt;&lt;ABS:Obs TIME=&quot;2005&quot; OBS_VALUE=&quot;3&quot; /&gt;&lt;ABS:Obs TIME=&quot;2006&quot; OBS_VALUE=&quot;4&quot; /&gt;&lt;ABS:Obs TIME=&quot;2007&quot; OBS_VALUE=&quot;6&quot; /&gt;&lt;ABS:Obs TIME=&quot;2008&quot; OBS_VALUE=&quot;4&quot; /&gt;&lt;ABS:Obs TIME=&quot;2009&quot; OBS_VALUE=&quot;0&quot; /&gt;&lt;ABS:Obs TIME=&quot;2010&quot; OBS_VALUE=&quot;4&quot; /&gt;&lt;ABS:Obs TIME=&quot;2011&quot; OBS_VALUE=&quot;0&quot; /&gt;&lt;ABS:Obs TIME=&quot;2012&quot; OBS_VALUE=&quot;6&quot; /&gt;&lt;ABS:Obs TIME=&quot;2013&quot; OBS_VALUE=&quot;6&quot; /&gt;&lt;ABS:Obs TIME=&quot;2014&quot; OBS_VALUE=&quot;0&quot; /&gt;&lt;ABS:Obs TIME=&quot;2015&quot; OBS_VALUE=&quot;4&quot; /&gt;&lt;ABS:Obs TIME=&quot;2016&quot; OBS_VALUE=&quot;2&quot; /&gt;&lt;ABS:Obs TIME=&quot;2017&quot; OBS_VALUE=&quot;4&quot; /&gt;&lt;ABS:Obs TIME=&quot;2018&quot; OBS_VALUE=&quot;5&quot; /&gt;&lt;/ABS:Series&gt;&lt;ABS:Series MEASURE=&quot;11&quot; INDIG_STATUS=&quot;IM&quot; AGE=&quot;A45&quot; ASGS_2011=&quot;1&quot; FREQUENCY=&quot;A&quot; TIME_FORMAT=&quot;P1Y&quot;&gt;&lt;ABS:Obs TIME=&quot;2001&quot; OBS_VALUE=&quot;1&quot; /&gt;&lt;ABS:Obs TIME=&quot;2002&quot; OBS_VALUE=&quot;0&quot; /&gt;&lt;ABS:Obs TIME=&quot;2003&quot; OBS_VALUE=&quot;0.5&quot; /&gt;&lt;ABS:Obs TIME=&quot;2004&quot; OBS_VALUE=&quot;0&quot; /&gt;&lt;ABS:Obs TIME=&quot;2005&quot; OBS_VALUE=&quot;0.6&quot; /&gt;&lt;ABS:Obs TIME=&quot;2006&quot; OBS_VALUE=&quot;0.8&quot; /&gt;&lt;ABS:Obs TIME=&quot;2007&quot; OBS_VALUE=&quot;1.2&quot; /&gt;&lt;ABS:Obs TIME=&quot;2008&quot; OBS_VALUE=&quot;0.7&quot; /&gt;&lt;ABS:Obs TIME=&quot;2009&quot; OBS_VALUE=&quot;0&quot; /&gt;&lt;ABS:Obs TIME=&quot;2010&quot; OBS_VALUE=&quot;0.7&quot; /&gt;&lt;ABS:Obs TIME=&quot;2011&quot; OBS_VALUE=&quot;0&quot; /&gt;&lt;ABS:Obs TIME=&quot;2012&quot; OBS_VALUE=&quot;0.9&quot; /&gt;&lt;ABS:Obs TIME=&quot;2013&quot; OBS_VALUE=&quot;0.9&quot; /&gt;&lt;ABS:Obs TIME=&quot;2014&quot; OBS_VALUE=&quot;0&quot; /&gt;&lt;ABS:Obs TIME=&quot;2015&quot; OBS_VALUE=&quot;0.5&quot; /&gt;&lt;ABS:Obs TIME=&quot;2016&quot; OBS_VALUE=&quot;0.3&quot; /&gt;&lt;ABS:Obs TIME=&quot;2017&quot; OBS_VALUE=&quot;0.5&quot; /&gt;&lt;ABS:Obs TIME=&quot;2018&quot; OBS_VALUE=&quot;0.6&quot; /&gt;&lt;/ABS:Series&gt;&lt;ABS:Series MEASURE=&quot;1&quot; INDIG_STATUS=&quot;IB&quot; AGE=&quot;A45&quot; ASGS_2011=&quot;1&quot; FREQUENCY=&quot;A&quot; TIME_FORMAT=&quot;P1Y&quot;&gt;&lt;ABS:Obs TIME=&quot;2001&quot; OBS_VALUE=&quot;4&quot; /&gt;&lt;ABS:Obs TIME=&quot;2002&quot; OBS_VALUE=&quot;0&quot; /&gt;&lt;ABS:Obs TIME=&quot;2003&quot; OBS_VALUE=&quot;2&quot; /&gt;&lt;ABS:Obs TIME=&quot;2004&quot; OBS_VALUE=&quot;2&quot; /&gt;&lt;ABS:Obs TIME=&quot;2005&quot; OBS_VALUE=&quot;5&quot; /&gt;&lt;ABS:Obs TIME=&quot;2006&quot; OBS_VALUE=&quot;4&quot; /&gt;&lt;ABS:Obs TIME=&quot;2007&quot; OBS_VALUE=&quot;6&quot; /&gt;&lt;ABS:Obs TIME=&quot;2008&quot; OBS_VALUE=&quot;4&quot; /&gt;&lt;ABS:Obs TIME=&quot;2009&quot; OBS_VALUE=&quot;3&quot; /&gt;&lt;ABS:Obs TIME=&quot;2010&quot; OBS_VALUE=&quot;4&quot; /&gt;&lt;ABS:Obs TIME=&quot;2011&quot; OBS_VALUE=&quot;1&quot; /&gt;&lt;ABS:Obs TIME=&quot;2012&quot; OBS_VALUE=&quot;6&quot; /&gt;&lt;ABS:Obs TIME=&quot;2013&quot; OBS_VALUE=&quot;6&quot; /&gt;&lt;ABS:Obs TIME=&quot;2014&quot; OBS_VALUE=&quot;3&quot; /&gt;&lt;ABS:Obs TIME=&quot;2015&quot; OBS_VALUE=&quot;4&quot; /&gt;&lt;ABS:Obs TIME=&quot;2016&quot; OBS_VALUE=&quot;2&quot; /&gt;&lt;ABS:Obs TIME=&quot;2017&quot; OBS_VALUE=&quot;6&quot; /&gt;&lt;ABS:Obs TIME=&quot;2018&quot; OBS_VALUE=&quot;11&quot; /&gt;&lt;/ABS:Series&gt;&lt;ABS:Series MEASURE=&quot;1&quot; INDIG_STATUS=&quot;IM&quot; AGE=&quot;A45&quot; ASGS_2011=&quot;2&quot; FREQUENCY=&quot;A&quot; TIME_FORMAT=&quot;P1Y&quot;&gt;&lt;ABS:Obs TIME=&quot;2001&quot; OBS_VALUE=&quot;0&quot; /&gt;&lt;ABS:Obs TIME=&quot;2002&quot; OBS_VALUE=&quot;0&quot; /&gt;&lt;ABS:Obs TIME=&quot;2003&quot; OBS_VALUE=&quot;3&quot; /&gt;&lt;ABS:Obs TIME=&quot;2004&quot; OBS_VALUE=&quot;0&quot; /&gt;&lt;ABS:Obs TIME=&quot;2005&quot; OBS_VALUE=&quot;0&quot; /&gt;&lt;ABS:Obs TIME=&quot;2006&quot; OBS_VALUE=&quot;0&quot; /&gt;&lt;ABS:Obs TIME=&quot;2007&quot; OBS_VALUE=&quot;3&quot; /&gt;&lt;ABS:Obs TIME=&quot;2008&quot; OBS_VALUE=&quot;0&quot; /&gt;&lt;ABS:Obs TIME=&quot;2009&quot; OBS_VALUE=&quot;4&quot; /&gt;&lt;ABS:Obs TIME=&quot;2010&quot; OBS_VALUE=&quot;0&quot; /&gt;&lt;ABS:Obs TIME=&quot;2011&quot; OBS_VALUE=&quot;1&quot; /&gt;&lt;ABS:Obs TIME=&quot;2012&quot; OBS_VALUE=&quot;0&quot; /&gt;&lt;ABS:Obs TIME=&quot;2013&quot; OBS_VALUE=&quot;1&quot; /&gt;&lt;ABS:Obs TIME=&quot;2014&quot; OBS_VALUE=&quot;0&quot; /&gt;&lt;ABS:Obs TIME=&quot;2015&quot; OBS_VALUE=&quot;0&quot; /&gt;&lt;ABS:Obs TIME=&quot;2016&quot; OBS_VALUE=&quot;3&quot; /&gt;&lt;ABS:Obs TIME=&quot;2017&quot; OBS_VALUE=&quot;0&quot; /&gt;&lt;ABS:Obs TIME=&quot;2018&quot; OBS_VALUE=&quot;0&quot; /&gt;&lt;/ABS:Series&gt;&lt;ABS:Series MEASURE=&quot;11&quot; INDIG_STATUS=&quot;IM&quot; AGE=&quot;A45&quot; ASGS_2011=&quot;2&quot; FREQUENCY=&quot;A&quot; TIME_FORMAT=&quot;P1Y&quot;&gt;&lt;ABS:Obs TIME=&quot;2001&quot; OBS_VALUE=&quot;0&quot; /&gt;&lt;ABS:Obs TIME=&quot;2002&quot; OBS_VALUE=&quot;0&quot; /&gt;&lt;ABS:Obs TIME=&quot;2003&quot; OBS_VALUE=&quot;3.4&quot; /&gt;&lt;ABS:Obs TIME=&quot;2004&quot; OBS_VALUE=&quot;0&quot; /&gt;&lt;ABS:Obs TIME=&quot;2005&quot; OBS_VALUE=&quot;0&quot; /&gt;&lt;ABS:Obs TIME=&quot;2006&quot; OBS_VALUE=&quot;0&quot; /&gt;&lt;ABS:Obs TIME=&quot;2007&quot; OBS_VALUE=&quot;2.9&quot; /&gt;&lt;ABS:Obs TIME=&quot;2008&quot; OBS_VALUE=&quot;0&quot; /&gt;&lt;ABS:Obs TIME=&quot;2009&quot; OBS_VALUE=&quot;3.6&quot; /&gt;&lt;ABS:Obs TIME=&quot;2010&quot; OBS_VALUE=&quot;0&quot; /&gt;&lt;ABS:Obs TIME=&quot;2011&quot; OBS_VALUE=&quot;0.8&quot; /&gt;&lt;ABS:Obs TIME=&quot;2012&quot; OBS_VALUE=&quot;0&quot; /&gt;&lt;ABS:Obs TIME=&quot;2013&quot; OBS_VALUE=&quot;0.7&quot; /&gt;&lt;ABS:Obs TIME=&quot;2014&quot; OBS_VALUE=&quot;0&quot; /&gt;&lt;ABS:Obs TIME=&quot;2015&quot; OBS_VALUE=&quot;0&quot; /&gt;&lt;ABS:Obs TIME=&quot;2016&quot; OBS_VALUE=&quot;1.9&quot; /&gt;&lt;ABS:Obs TIME=&quot;2017&quot; OBS_VALUE=&quot;0&quot; /&gt;&lt;ABS:Obs TIME=&quot;2018&quot; OBS_VALUE=&quot;0&quot; /&gt;&lt;/ABS:Series&gt;&lt;ABS:Series MEASURE=&quot;1&quot; INDIG_STATUS=&quot;IB&quot; AGE=&quot;A45&quot; ASGS_2011=&quot;2&quot; FREQUENCY=&quot;A&quot; TIME_FORMAT=&quot;P1Y&quot;&gt;&lt;ABS:Obs TIME=&quot;2001&quot; OBS_VALUE=&quot;0&quot; /&gt;&lt;ABS:Obs TIME=&quot;2002&quot; OBS_VALUE=&quot;4&quot; /&gt;&lt;ABS:Obs TIME=&quot;2003&quot; OBS_VALUE=&quot;3&quot; /&gt;&lt;ABS:Obs TIME=&quot;2004&quot; OBS_VALUE=&quot;0&quot; /&gt;&lt;ABS:Obs TIME=&quot;2005&quot; OBS_VALUE=&quot;0&quot; /&gt;&lt;ABS:Obs TIME=&quot;2006&quot; OBS_VALUE=&quot;0&quot; /&gt;&lt;ABS:Obs TIME=&quot;2007&quot; OBS_VALUE=&quot;3&quot; /&gt;&lt;ABS:Obs TIME=&quot;2008&quot; OBS_VALUE=&quot;3&quot; /&gt;&lt;ABS:Obs TIME=&quot;2009&quot; OBS_VALUE=&quot;4&quot; /&gt;&lt;ABS:Obs TIME=&quot;2010&quot; OBS_VALUE=&quot;2&quot; /&gt;&lt;ABS:Obs TIME=&quot;2011&quot; OBS_VALUE=&quot;5&quot; /&gt;&lt;ABS:Obs TIME=&quot;2012&quot; OBS_VALUE=&quot;0&quot; /&gt;&lt;ABS:Obs TIME=&quot;2013&quot; OBS_VALUE=&quot;1&quot; /&gt;&lt;ABS:Obs TIME=&quot;2014&quot; OBS_VALUE=&quot;0&quot; /&gt;&lt;ABS:Obs TIME=&quot;2015&quot; OBS_VALUE=&quot;0&quot; /&gt;&lt;ABS:Obs TIME=&quot;2016&quot; OBS_VALUE=&quot;3&quot; /&gt;&lt;ABS:Obs TIME=&quot;2017&quot; OBS_VALUE=&quot;0&quot; /&gt;&lt;ABS:Obs TIME=&quot;2018&quot; OBS_VALUE=&quot;4&quot; /&gt;&lt;/ABS:Series&gt;&lt;ABS:Series MEASURE=&quot;1&quot; INDIG_STATUS=&quot;IM&quot; AGE=&quot;A45&quot; ASGS_2011=&quot;3&quot; FREQUENCY=&quot;A&quot; TIME_F
Inserting 432 obs
&lt;soap12:Envelope xmlns:xsi=&quot;http://www.w3.org/2001/XMLSchema-instance&quot; xmlns:xsd=&quot;http://www.w3.org/2001/XMLSchema&quot; xmlns:soap12=&quot;http://www.w3.org/2003/05/soap-envelope&quot;&gt;
  &lt;soap12:Body&gt;
    &lt;GetCompactData xmlns=&quot;http://stats.oecd.org/OECDStatWS/SDMX/&quot;&gt;
      &lt;QueryMessage&gt;&lt;message:QueryMessage xmlns:message=&quot;http://www.SDMX.org/resources/SDMXML/schemas/v2_0/message&quot;&gt;&lt;Header xmlns=&quot;http://www.SDMX.org/resources/SDMXML/schemas/v2_0/message&quot;&gt;&lt;message:ID&gt;none&lt;/message:ID&gt;&lt;message:Test&gt;false&lt;/message:Test&gt;&lt;message:Prepared&gt;2016-08-19T00:11:33+08:00&lt;/message:Prepared&gt;&lt;message:Sender id=&quot;Sdmx-Sax&quot; /&gt;&lt;message:Receiver id=&quot;ABS&quot; /&gt;&lt;/Header&gt;&lt;message:Query&gt;&lt;DataWhere xmlns=&quot;http://www.SDMX.org/resources/SDMXML/schemas/v2_0/query&quot;&gt;&lt;And&gt;&lt;DataSet&gt;ATSI_FERTILITY&lt;/DataSet&gt;&lt;Time&gt;&lt;StartTime&gt;1000-02-01&lt;/StartTime&gt;&lt;EndTime&gt;2020-04-19&lt;/EndTime&gt;&lt;/Time&gt;&lt;Or&gt;&lt;Dimension id=&quot;INDIG_STATUS&quot;&gt;IM&lt;/Dimension&gt;&lt;Dimension id=&quot;INDIG_STATUS&quot;&gt;IM&lt;/Dimension&gt;&lt;Dimension id=&quot;INDIG_STATUS&quot;&gt;IB&lt;/Dimension&gt;&lt;/Or&gt;&lt;Or&gt;&lt;Dimension id=&quot;AGE&quot;&gt;TT&lt;/Dimension&gt;&lt;/Or&gt;&lt;Or&gt;&lt;Dimension id=&quot;ASGS_2011&quot;&gt;0&lt;/Dimension&gt;&lt;Dimension id=&quot;ASGS_2011&quot;&gt;1&lt;/Dimension&gt;&lt;Dimension id=&quot;ASGS_2011&quot;&gt;2&lt;/Dimension&gt;&lt;Dimension id=&quot;ASGS_2011&quot;&gt;3&lt;/Dimension&gt;&lt;Dimension id=&quot;ASGS_2011&quot;&gt;4&lt;/Dimension&gt;&lt;Dimension id=&quot;ASGS_2011&quot;&gt;5&lt;/Dimension&gt;&lt;Dimension id=&quot;ASGS_2011&quot;&gt;6&lt;/Dimension&gt;&lt;Dimension id=&quot;ASGS_2011&quot;&gt;7&lt;/Dimension&gt;&lt;/Or&gt;&lt;Or&gt;&lt;Dimension id=&quot;FREQUENCY&quot;&gt;A&lt;/Dimension&gt;&lt;/Or&gt;&lt;Or&gt;&lt;Dimension id=&quot;MEASURE&quot;&gt;1&lt;/Dimension&gt;&lt;Dimension id=&quot;MEASURE&quot;&gt;11&lt;/Dimension&gt;&lt;/Or&gt;&lt;/And&gt;&lt;/DataWhere&gt;&lt;/message:Query&gt;&lt;/message:QueryMessage&gt;
&lt;/QueryMessage&gt;
&lt;/GetCompactData&gt;
&lt;/soap12:Body&gt;
&lt;/soap12:Envelope&gt;
Header=&lt;message:CompactData xmlns=&quot;http://www.SDMX.org/resources/SDMXML/schemas/v2_0/message&quot; xmlns:common=&quot;http://www.SDMX.org/resources/SDMXML/schemas/v2_0/common&quot; xmlns:compact=&quot;http://www.SDMX.org/resources/SDMXML/schemas/v2_0/compact&quot; xmlns:ABS=&quot;http://oecd.stat.org/Data&quot; xmlns:xsi=&quot;http://www.w3.org/2001/XMLSchema-instance&quot; xsi:schemaLocation=&quot;http://www.SDMX.org/resources/SDMXML/schemas/v2_0/message http://www.sdmx.org/docs/2_0/SDMXMessage.xsd http://oecd.stat.org/Data http://stat.data.abs.gov.au/restsdmx/sdmx.ashx/GetSchema/ATSI_FERTILITY&quot; xmlns:message=&quot;http://www.SDMX.org/resources/SDMXML/schemas/v2_0/message&quot;&gt;&lt;Header&gt;&lt;ID&gt;none&lt;/ID&gt;&lt;Test&gt;false&lt;/Test&gt;&lt;Truncated&gt;false&lt;/Truncated&gt;&lt;Prepared&gt;2020-03-19T13:25:16&lt;/Prepared&gt;&lt;Sender id=&quot;ABS&quot;&gt;&lt;Name xml:lang=&quot;en&quot;&gt;Australian Bureau of Statistics&lt;/Name&gt;&lt;Name xml:lang=&quot;fr&quot;&gt;Australian Bureau of Statistics&lt;/Name&gt;&lt;/Sender&gt;&lt;/Header&gt;&lt;ABS:DataSet keyFamilyURI=&quot;http://stat.data.abs.gov.au/restsdmx/sdmx.ashx/GetKeyFamily/ATSI_FERTILITY&quot; xmlns:ABS=&quot;http://oecd.stat.org/Data&quot;&gt;&lt;ABS:Series MEASURE=&quot;1&quot; INDIG_STATUS=&quot;IM&quot; AGE=&quot;TT&quot; ASGS_2011=&quot;0&quot; FREQUENCY=&quot;A&quot; TIME_FORMAT=&quot;P1Y&quot;&gt;&lt;ABS:Obs TIME=&quot;2001&quot; OBS_VALUE=&quot;8334&quot; /&gt;&lt;ABS:Obs TIME=&quot;2002&quot; OBS_VALUE=&quot;8292&quot; /&gt;&lt;ABS:Obs TIME=&quot;2003&quot; OBS_VALUE=&quot;8567&quot; /&gt;&lt;ABS:Obs TIME=&quot;2004&quot; OBS_VALUE=&quot;8599&quot; /&gt;&lt;ABS:Obs TIME=&quot;2005&quot; OBS_VALUE=&quot;9058&quot; /&gt;&lt;ABS:Obs TIME=&quot;2006&quot; OBS_VALUE=&quot;9387&quot; /&gt;&lt;ABS:Obs TIME=&quot;2007&quot; OBS_VALUE=&quot;11021&quot; /&gt;&lt;ABS:Obs TIME=&quot;2008&quot; OBS_VALUE=&quot;11776&quot; /&gt;&lt;ABS:Obs TIME=&quot;2009&quot; OBS_VALUE=&quot;12426&quot; /&gt;&lt;ABS:Obs TIME=&quot;2010&quot; OBS_VALUE=&quot;12860&quot; /&gt;&lt;ABS:Obs TIME=&quot;2011&quot; OBS_VALUE=&quot;12874&quot; /&gt;&lt;ABS:Obs TIME=&quot;2012&quot; OBS_VALUE=&quot;13092&quot; /&gt;&lt;ABS:Obs TIME=&quot;2013&quot; OBS_VALUE=&quot;13171&quot; /&gt;&lt;ABS:Obs TIME=&quot;2014&quot; OBS_VALUE=&quot;12768&quot; /&gt;&lt;ABS:Obs TIME=&quot;2015&quot; OBS_VALUE=&quot;13439&quot; /&gt;&lt;ABS:Obs TIME=&quot;2016&quot; OBS_VALUE=&quot;13192&quot; /&gt;&lt;ABS:Obs TIME=&quot;2017&quot; OBS_VALUE=&quot;14371&quot; /&gt;&lt;ABS:Obs TIME=&quot;2018&quot; OBS_VALUE=&quot;15372&quot; /&gt;&lt;/ABS:Series&gt;&lt;ABS:Series MEASURE=&quot;11&quot; INDIG_STATUS=&quot;IM&quot; AGE=&quot;TT&quot; ASGS_2011=&quot;0&quot; FREQUENCY=&quot;A&quot; TIME_FORMAT=&quot;P1Y&quot;&gt;&lt;ABS:Obs TIME=&quot;2001&quot; OBS_VALUE=&quot;1.905&quot; /&gt;&lt;ABS:Obs TIME=&quot;2002&quot; OBS_VALUE=&quot;1.87&quot; /&gt;&lt;ABS:Obs TIME=&quot;2003&quot; OBS_VALUE=&quot;1.905&quot; /&gt;&lt;ABS:Obs TIME=&quot;2004&quot; OBS_VALUE=&quot;1.877&quot; /&gt;&lt;ABS:Obs TIME=&quot;2005&quot; OBS_VALUE=&quot;1.934&quot; /&gt;&lt;ABS:Obs TIME=&quot;2006&quot; OBS_VALUE=&quot;1.967&quot; /&gt;&lt;ABS:Obs TIME=&quot;2007&quot; OBS_VALUE=&quot;2.27&quot; /&gt;&lt;ABS:Obs TIME=&quot;2008&quot; OBS_VALUE=&quot;2.368&quot; /&gt;&lt;ABS:Obs TIME=&quot;2009&quot; OBS_VALUE=&quot;2.433&quot; /&gt;&lt;ABS:Obs TIME=&quot;2010&quot; OBS_VALUE=&quot;2.459&quot; /&gt;&lt;ABS:Obs TIME=&quot;2011&quot; OBS_VALUE=&quot;2.408&quot; /&gt;&lt;ABS:Obs TIME=&quot;2012&quot; OBS_VALUE=&quot;2.294&quot; /&gt;&lt;ABS:Obs TIME=&quot;2013&quot; OBS_VALUE=&quot;2.262&quot; /&gt;&lt;ABS:Obs TIME=&quot;2014&quot; OBS_VALUE=&quot;2.146&quot; /&gt;&lt;ABS:Obs TIME=&quot;2015&quot; OBS_VALUE=&quot;2.197&quot; /&gt;&lt;ABS:Obs TIME=&quot;2016&quot; OBS_VALUE=&quot;2.121&quot; /&gt;&lt;ABS:Obs TIME=&quot;2017&quot; OBS_VALUE=&quot;2.257&quot; /&gt;&lt;ABS:Obs TIME=&quot;2018&quot; OBS_VALUE=&quot;2.371&quot; /&gt;&lt;/ABS:Series&gt;&lt;ABS:Series MEASURE=&quot;1&quot; INDIG_STATUS=&quot;IB&quot; AGE=&quot;TT&quot; ASGS_2011=&quot;0&quot; FREQUENCY=&quot;A&quot; TIME_FORMAT=&quot;P1Y&quot;&gt;&lt;ABS:Obs TIME=&quot;2001&quot; OBS_VALUE=&quot;11405&quot; /&gt;&lt;ABS:Obs TIME=&quot;2002&quot; OBS_VALUE=&quot;11488&quot; /&gt;&lt;ABS:Obs TIME=&quot;2003&quot; OBS_VALUE=&quot;11740&quot; /&gt;&lt;ABS:Obs TIME=&quot;2004&quot; OBS_VALUE=&quot;12006&quot; /&gt;&lt;ABS:Obs TIME=&quot;2005&quot; OBS_VALUE=&quot;12717&quot; /&gt;&lt;ABS:Obs TIME=&quot;2006&quot; OBS_VALUE=&quot;13181&quot; /&gt;&lt;ABS:Obs TIME=&quot;2007&quot; OBS_VALUE=&quot;15269&quot; /&gt;&lt;ABS:Obs TIME=&quot;2008&quot; OBS_VALUE=&quot;16090&quot; /&gt;&lt;ABS:Obs TIME=&quot;2009&quot; OBS_VALUE=&quot;16912&quot; /&gt;&lt;ABS:Obs TIME=&quot;2010&quot; OBS_VALUE=&quot;17414&quot; /&gt;&lt;ABS:Obs TIME=&quot;2011&quot; OBS_VALUE=&quot;17621&quot; /&gt;&lt;ABS:Obs TIME=&quot;2012&quot; OBS_VALUE=&quot;18295&quot; /&gt;&lt;ABS:Obs TIME=&quot;2013&quot; OBS_VALUE=&quot;18368&quot; /&gt;&lt;ABS:Obs TIME=&quot;2014&quot; OBS_VALUE=&quot;17779&quot; /&gt;&lt;ABS:Obs TIME=&quot;2015&quot; OBS_VALUE=&quot;18537&quot; /&gt;&lt;ABS:Obs TIME=&quot;2016&quot; OBS_VALUE=&quot;18560&quot; /&gt;&lt;ABS:Obs TIME=&quot;2017&quot; OBS_VALUE=&quot;20400&quot; /&gt;&lt;ABS:Obs TIME=&quot;2018&quot; OBS_VALUE=&quot;21928&quot; /&gt;&lt;/ABS:Series&gt;&lt;ABS:Series MEASURE=&quot;1&quot; INDIG_STATUS=&quot;IM&quot; AGE=&quot;TT&quot; ASGS_2011=&quot;1&quot; FREQUENCY=&quot;A&quot; TIME_FORMAT=&quot;P1Y&quot;&gt;&lt;ABS:Obs TIME=&quot;2001&quot; OBS_VALUE=&quot;2009&quot; /&gt;&lt;ABS:Obs TIME=&quot;2002&quot; OBS_VALUE=&quot;2149&quot; /&gt;&lt;ABS:Obs TIME=&quot;2003&quot; OBS_VALUE=&quot;2076&quot; /&gt;&lt;ABS:Obs TIME=&quot;2004&quot; OBS_VALUE=&quot;2290&quot; /&gt;&lt;ABS:Obs TIME=&quot;2005&quot; OBS_VALUE=&quot;2454&quot; /&gt;&lt;ABS:Obs TIME=&quot;2006&quot; OBS_VALUE=&quot;2772&quot; /&gt;&lt;ABS:Obs TIME=&quot;2007&quot; OBS_VALUE=&quot;3221&quot; /&gt;&lt;ABS:Obs TIME=&quot;2008&quot; OBS_VALUE=&quot;3411&quot; /&gt;&lt;ABS:Obs TIME=&quot;2009&quot; OBS_VALUE=&quot;3477&quot; /&gt;&lt;ABS:Obs TIME=&quot;2010&quot; OBS_VALUE=&quot;3844&quot; /&gt;&lt;ABS:Obs TIME=&quot;2011&quot; OBS_VALUE=&quot;3749&quot; /&gt;&lt;ABS:Obs TIME=&quot;2012&quot; OBS_VALUE=&quot;3586&quot; /&gt;&lt;ABS:Obs TIME=&quot;2013&quot; OBS_VALUE=&quot;3917&quot; /&gt;&lt;ABS:Obs TIME=&quot;2014&quot; OBS_VALUE=&quot;3320&quot; /&gt;&lt;ABS:Obs TIME=&quot;2015&quot; OBS_VALUE=&quot;4046&quot; /&gt;&lt;ABS:Obs TIME=&quot;2016&quot; OBS_VALUE=&quot;3856&quot; /&gt;&lt;ABS:Obs TIME=&quot;2017&quot; OBS_VALUE=&quot;4027&quot; /&gt;&lt;ABS:Obs TIME=&quot;2018&quot; OBS_VALUE=&quot;4912&quot; /&gt;&lt;/ABS:Series&gt;&lt;ABS:Series MEASURE=&quot;11&quot; INDIG_STATUS=&quot;IM&quot; AGE=&quot;TT&quot; ASGS_2011=&quot;1&quot; FREQUENCY=&quot;A&quot; TIME_FORMAT=&quot;P1Y&quot;&gt;&lt;ABS:Obs TIME=&quot;2001&quot; OBS_VALUE=&quot;1.505&quot; /&gt;&lt;ABS:Obs TIME=&quot;2002&quot; OBS_VALUE=&quot;1.584&quot; /&gt;&lt;ABS:Obs TIME=&quot;2003&quot; OBS_VALUE=&quot;1.53&quot; /&gt;&lt;ABS:Obs TIME=&quot;2004&quot; OBS_VALUE=&quot;1.661&quot; /&gt;&lt;ABS:Obs TIME=&quot;2005&quot; OBS_VALUE=&quot;1.758&quot; /&gt;&lt;ABS:Obs TIME=&quot;2006&quot; OBS_VALUE=&quot;1.956&quot; /&gt;&lt;ABS:Obs TIME=&quot;2007&quot; OBS_VALUE=&quot;2.257&quot; /&gt;&lt;ABS:Obs TIME=&quot;2008&quot; OBS_VALUE=&quot;2.323&quot; /&gt;&lt;ABS:Obs TIME=&quot;2009&quot; OBS_VALUE=&quot;2.307&quot; /&gt;&lt;ABS:Obs TIME=&quot;2010&quot; OBS_VALUE=&quot;2.496&quot; /&gt;&lt;ABS:Obs TIME=&quot;2011&quot; OBS_VALUE=&quot;2.394&quot; /&gt;&lt;ABS:Obs TIME=&quot;2012&quot; OBS_VALUE=&quot;1.986&quot; /&gt;&lt;ABS:Obs TIME=&quot;2013&quot; OBS_VALUE=&quot;2.116&quot; /&gt;&lt;ABS:Obs TIME=&quot;2014&quot; OBS_VALUE=&quot;1.759&quot; /&gt;&lt;ABS:Obs TIME=&quot;2015&quot; OBS_VALUE=&quot;2.061&quot; /&gt;&lt;ABS:Obs TIME=&quot;2016&quot; OBS_VALUE=&quot;1.943&quot; /&gt;&lt;ABS:Obs TIME=&quot;2017&quot; OBS_VALUE=&quot;1.969&quot; /&gt;&lt;ABS:Obs TIME=&quot;2018&quot; OBS_VALUE=&quot;2.354&quot; /&gt;&lt;/ABS:Series&gt;&lt;ABS:Series MEASURE=&quot;1&quot; INDIG_STATUS=&quot;IB&quot; AGE=&quot;TT&quot; ASGS_2011=&quot;1&quot; FREQUENCY=&quot;A&quot; TIME_FORMAT=&quot;P1Y&quot;&gt;&lt;ABS:Obs TIME=&quot;2001&quot; OBS_VALUE=&quot;3112&quot; /&gt;&lt;ABS:Obs TIME=&quot;2002&quot; OBS_VALUE=&quot;3339&quot; /&gt;&lt;ABS:Obs TIME=&quot;2003&quot; OBS_VALUE=&quot;3254&quot; /&gt;&lt;ABS:Obs TIME=&quot;2004&quot; OBS_VALUE=&quot;3533&quot; /&gt;&lt;ABS:Obs TIME=&quot;2005&quot; OBS_VALUE=&quot;3771&quot; /&gt;&lt;ABS:Obs TIME=&quot;2006&quot; OBS_VALUE=&quot;4192&quot; /&gt;&lt;ABS:Obs TIME=&quot;2007&quot; OBS_VALUE=&quot;4784&quot; /&gt;&lt;ABS:Obs TIME=&quot;2008&quot; OBS_VALUE=&quot;5070&quot; /&gt;&lt;ABS:Obs TIME=&quot;2009&quot; OBS_VALUE=&quot;5209&quot; /&gt;&lt;ABS:Obs TIME=&quot;2010&quot; OBS_VALUE=&quot;5686&quot; /&gt;&lt;ABS:Obs TIME=&quot;2011&quot; OBS_VALUE=&quot;5614&quot; /&gt;&lt;ABS:Obs TIME=&quot;2012&quot; OBS_VALUE=&quot;5496&quot; /&gt;&lt;ABS:Obs TIME=&quot;2013&quot; OBS_VALUE=&quot;5961&quot; /&gt;&lt;ABS:Obs TIME=&quot;2014&quot; OBS_VALUE=&quot;5091&quot; /&gt;&lt;ABS:Obs TIME=&quot;2015&quot; OBS_VALUE=&quot;6075&quot; /&gt;&lt;ABS:Obs TIME=&quot;2016&quot; OBS_VALUE=&quot;5770&quot; /&gt;&lt;ABS:Obs TIME=&quot;2017&quot; OBS_VALUE=&quot;6132&quot; /&gt;&lt;ABS:Obs TIME=&quot;2018&quot; OBS_VALUE=&quot;7565&quot; /&gt;&lt;/ABS:Series&gt;&lt;ABS:Series MEASURE=&quot;1&quot; INDIG_STATUS=&quot;IM&quot; AGE=&quot;TT&quot; ASGS_2011=&quot;2&quot; FREQUENCY=&quot;A&quot; TIME_FORMAT=&quot;P1Y&quot;&gt;&lt;ABS:Obs TIME=&quot;2001&quot; OBS_VALUE=&quot;302&quot; /&gt;&lt;ABS:Obs TIME=&quot;2002&quot; OBS_VALUE=&quot;344&quot; /&gt;&lt;ABS:Obs TIME=&quot;2003&quot; OBS_VALUE=&quot;435&quot; /&gt;&lt;ABS:Obs TIME=&quot;2004&quot; OBS_VALUE=&quot;429&quot; /&gt;&lt;ABS:Obs TIME=&quot;2005&quot; OBS_VALUE=&quot;484&quot; /&gt;&lt;ABS:Obs TIME=&quot;2006&quot; OBS_VALUE=&quot;459&quot; /&gt;&lt;ABS:Obs TIME=&quot;2007&quot; OBS_VALUE=&quot;638&quot; /&gt;&lt;ABS:Obs TIME=&quot;2008&quot; OBS_VALUE=&quot;649&quot; /&gt;&lt;ABS:Obs TIME=&quot;2009&quot; OBS_VALUE=&quot;679&quot; /&gt;&lt;ABS:Obs TIME=&quot;2010&quot; OBS_VALUE=&quot;592&quot; /&gt;&lt;ABS:Obs TIME=&quot;2011&quot; OBS_VALUE=&quot;738&quot; /&gt;&lt;ABS:Obs TIME=&quot;2012&quot; OBS_VALUE=&quot;828&quot; /&gt;&lt;ABS:Obs TIME=&quot;2013&quot; OBS_VALUE=&quot;865&quot; /&gt;&lt;ABS:Obs TIME=&quot;2014&quot; OBS_VALUE=&quot;851&quot; /&gt;&lt;ABS:Obs TIME=&quot;2015&quot; OBS_VALUE=&quot;773&quot; /&gt;&lt;ABS:Obs TIME=&quot;2016&quot; OBS_VALUE=&quot;923&quot; /&gt;&lt;ABS:Obs TIME=&quot;2017&quot; OBS_VALUE=&quot;1045&quot; /&gt;&lt;ABS:Obs TIME=&quot;2018&quot; OBS_VALUE=&quot;1053&quot; /&gt;&lt;/ABS:Series&gt;&lt;ABS:Series MEASURE=&quot;11&quot; INDIG_STATUS=&quot;IM&quot; AGE=&quot;TT&quot; ASGS_2011=&quot;2&quot; FREQUENCY=&quot;A&quot; TIME_FORMAT=&quot;P1Y&quot;&gt;&lt;ABS:Obs TIME=&quot;2001&quot; OBS_VALUE=&quot;1.088&quot; /&gt;&lt;ABS:Obs TIME=&quot;2002&quot; OBS_VALUE=&quot;1.24&quot; /&gt;&lt;ABS:Obs TIME=&quot;2003&quot; OBS_VALUE=&quot;1.521&quot; /&gt;&lt;ABS:Obs TIME=&quot;2004&quot; OBS_VALUE=&quot;1.447&quot; /&gt;&lt;ABS:Obs TIME=&quot;2005&quot; OBS_VALUE=&quot;1.615&quot; /&gt;&lt;ABS:Obs TIME=&quot;2006&quot; OBS_VALUE=&quot;1.493&quot; /&gt;&lt;ABS:Obs TIME=&quot;2007&quot; OBS_VALUE=&quot;2.059&quot; /&gt;&lt;ABS:Obs TIME=&quot;2008&quot; OBS_VALUE=&quot;1.99&quot; /&gt;&lt;ABS:Obs TIME=&quot;2009&quot; OBS_VALUE=&quot;2.004&quot; /&gt;&lt;ABS:Obs TIME=&quot;2010&quot; OBS_VALUE=&quot;1.686&quot; /&gt;&lt;ABS:Obs TIME=&quot;2011&quot; OBS_VALUE=&quot;1.995&quot; /&gt;&lt;ABS:Obs TIME=&quot;2012&quot; OBS_VALUE=&quot;1.982&quot; /&gt;&lt;ABS:Obs TIME=&quot;2013&quot; OBS_VALUE=&quot;2.079&quot; /&gt;&lt;ABS:Obs TIME=&quot;2014&quot; OBS_VALUE=&quot;2.019&quot; /&gt;&lt;ABS:Obs TIME=&quot;2015&quot; OBS_VALUE=&quot;1.739&quot; /&gt;&lt;ABS:Obs TIME=&quot;2016&quot; OBS_VALUE=&quot;2.076&quot; /&gt;&lt;ABS:Obs TIME=&quot;2017&quot; OBS_VALUE=&quot;2.291&quot; /&gt;&lt;ABS:Obs TIME=&quot;2018&quot; OBS_VALUE=&quot;2.238&quot; /&gt;&lt;/ABS:Series&gt;&lt;ABS:Series MEASURE=&quot;1&quot; INDIG_STATUS=&quot;IB&quot; AGE=&quot;TT&quot; ASGS_2011=&quot;2&quot; FREQUENCY=&quot;A&quot; TIME_FORMAT=&quot;P1Y&quot;&gt;&lt;ABS:Obs TIME=&quot;2001&quot; OBS_VALUE=&quot;522&quot; /&gt;&lt;ABS:Obs TIME=&quot;2002&quot; OBS_VALUE=&quot;601&quot; /&gt;&lt;ABS:Obs TIME=&quot;2003&quot; OBS_VALUE=&quot;722&quot; /&gt;&lt;ABS:Obs TIME=&quot;2004&quot; OBS_VALUE=&quot;719&quot; /&gt;&lt;ABS:Obs TIME=&quot;2005&quot; OBS_VALUE=&quot;802&quot; /&gt;&lt;ABS:Obs TIME=&quot;2006&quot; OBS_VALUE=&quot;783&quot; /&gt;&lt;ABS:Obs TIME=&quot;2007&quot; OBS_VALUE=&quot;1026&quot; /&gt;&lt;ABS:Obs TIME=&quot;2008&quot; OBS_VALUE=&quot;1097&quot; /&gt;&lt;ABS:Obs TIME=&quot;2009&quot; OBS_VALUE=&quot;1129&quot; /&gt;&lt;ABS:Obs TIME=&quot;
Inserting 432 obs
&lt;soap12:Envelope xmlns:xsi=&quot;http://www.w3.org/2001/XMLSchema-instance&quot; xmlns:xsd=&quot;http://www.w3.org/2001/XMLSchema&quot; xmlns:soap12=&quot;http://www.w3.org/2003/05/soap-envelope&quot;&gt;
  &lt;soap12:Body&gt;
    &lt;GetCompactData xmlns=&quot;http://stats.oecd.org/OECDStatWS/SDMX/&quot;&gt;
      &lt;QueryMessage&gt;&lt;message:QueryMessage xmlns:message=&quot;http://www.SDMX.org/resources/SDMXML/schemas/v2_0/message&quot;&gt;&lt;Header xmlns=&quot;http://www.SDMX.org/resources/SDMXML/schemas/v2_0/message&quot;&gt;&lt;message:ID&gt;none&lt;/message:ID&gt;&lt;message:Test&gt;false&lt;/message:Test&gt;&lt;message:Prepared&gt;2016-08-19T00:11:33+08:00&lt;/message:Prepared&gt;&lt;message:Sender id=&quot;Sdmx-Sax&quot; /&gt;&lt;message:Receiver id=&quot;ABS&quot; /&gt;&lt;/Header&gt;&lt;message:Query&gt;&lt;DataWhere xmlns=&quot;http://www.SDMX.org/resources/SDMXML/schemas/v2_0/query&quot;&gt;&lt;And&gt;&lt;DataSet&gt;ATSI_FERTILITY&lt;/DataSet&gt;&lt;Time&gt;&lt;StartTime&gt;1000-02-01&lt;/StartTime&gt;&lt;EndTime&gt;2020-04-19&lt;/EndTime&gt;&lt;/Time&gt;&lt;Or&gt;&lt;Dimension id=&quot;INDIG_STATUS&quot;&gt;IB&lt;/Dimension&gt;&lt;Dimension id=&quot;INDIG_STATUS&quot;&gt;IM&lt;/Dimension&gt;&lt;Dimension id=&quot;INDIG_STATUS&quot;&gt;IB&lt;/Dimension&gt;&lt;/Or&gt;&lt;Or&gt;&lt;Dimension id=&quot;AGE&quot;&gt;A15&lt;/Dimension&gt;&lt;/Or&gt;&lt;Or&gt;&lt;Dimension id=&quot;ASGS_2011&quot;&gt;0&lt;/Dimension&gt;&lt;Dimension id=&quot;ASGS_2011&quot;&gt;1&lt;/Dimension&gt;&lt;Dimension id=&quot;ASGS_2011&quot;&gt;2&lt;/Dimension&gt;&lt;Dimension id=&quot;ASGS_2011&quot;&gt;3&lt;/Dimension&gt;&lt;Dimension id=&quot;ASGS_2011&quot;&gt;4&lt;/Dimension&gt;&lt;Dimension id=&quot;ASGS_2011&quot;&gt;5&lt;/Dimension&gt;&lt;Dimension id=&quot;ASGS_2011&quot;&gt;6&lt;/Dimension&gt;&lt;Dimension id=&quot;ASGS_2011&quot;&gt;7&lt;/Dimension&gt;&lt;/Or&gt;&lt;Or&gt;&lt;Dimension id=&quot;FREQUENCY&quot;&gt;A&lt;/Dimension&gt;&lt;/Or&gt;&lt;Or&gt;&lt;Dimension id=&quot;MEASURE&quot;&gt;1&lt;/Dimension&gt;&lt;Dimension id=&quot;MEASURE&quot;&gt;11&lt;/Dimension&gt;&lt;/Or&gt;&lt;/And&gt;&lt;/DataWhere&gt;&lt;/message:Query&gt;&lt;/message:QueryMessage&gt;
&lt;/QueryMessage&gt;
&lt;/GetCompactData&gt;
&lt;/soap12:Body&gt;
&lt;/soap12:Envelope&gt;
Header=&lt;message:CompactData xmlns=&quot;http://www.SDMX.org/resources/SDMXML/schemas/v2_0/message&quot; xmlns:common=&quot;http://www.SDMX.org/resources/SDMXML/schemas/v2_0/common&quot; xmlns:compact=&quot;http://www.SDMX.org/resources/SDMXML/schemas/v2_0/compact&quot; xmlns:ABS=&quot;http://oecd.stat.org/Data&quot; xmlns:xsi=&quot;http://www.w3.org/2001/XMLSchema-instance&quot; xsi:schemaLocation=&quot;http://www.SDMX.org/resources/SDMXML/schemas/v2_0/message http://www.sdmx.org/docs/2_0/SDMXMessage.xsd http://oecd.stat.org/Data http://stat.data.abs.gov.au/restsdmx/sdmx.ashx/GetSchema/ATSI_FERTILITY&quot; xmlns:message=&quot;http://www.SDMX.org/resources/SDMXML/schemas/v2_0/message&quot;&gt;&lt;Header&gt;&lt;ID&gt;none&lt;/ID&gt;&lt;Test&gt;false&lt;/Test&gt;&lt;Truncated&gt;false&lt;/Truncated&gt;&lt;Prepared&gt;2020-03-19T13:25:22&lt;/Prepared&gt;&lt;Sender id=&quot;ABS&quot;&gt;&lt;Name xml:lang=&quot;en&quot;&gt;Australian Bureau of Statistics&lt;/Name&gt;&lt;Name xml:lang=&quot;fr&quot;&gt;Australian Bureau of Statistics&lt;/Name&gt;&lt;/Sender&gt;&lt;/Header&gt;&lt;ABS:DataSet keyFamilyURI=&quot;http://stat.data.abs.gov.au/restsdmx/sdmx.ashx/GetKeyFamily/ATSI_FERTILITY&quot; xmlns:ABS=&quot;http://oecd.stat.org/Data&quot;&gt;&lt;ABS:Series MEASURE=&quot;1&quot; INDIG_STATUS=&quot;IM&quot; AGE=&quot;A15&quot; ASGS_2011=&quot;0&quot; FREQUENCY=&quot;A&quot; TIME_FORMAT=&quot;P1Y&quot;&gt;&lt;ABS:Obs TIME=&quot;2001&quot; OBS_VALUE=&quot;1755&quot; /&gt;&lt;ABS:Obs TIME=&quot;2002&quot; OBS_VALUE=&quot;1761&quot; /&gt;&lt;ABS:Obs TIME=&quot;2003&quot; OBS_VALUE=&quot;1814&quot; /&gt;&lt;ABS:Obs TIME=&quot;2004&quot; OBS_VALUE=&quot;1822&quot; /&gt;&lt;ABS:Obs TIME=&quot;2005&quot; OBS_VALUE=&quot;1919&quot; /&gt;&lt;ABS:Obs TIME=&quot;2006&quot; OBS_VALUE=&quot;1940&quot; /&gt;&lt;ABS:Obs TIME=&quot;2007&quot; OBS_VALUE=&quot;2132&quot; /&gt;&lt;ABS:Obs TIME=&quot;2008&quot; OBS_VALUE=&quot;2377&quot; /&gt;&lt;ABS:Obs TIME=&quot;2009&quot; OBS_VALUE=&quot;2567&quot; /&gt;&lt;ABS:Obs TIME=&quot;2010&quot; OBS_VALUE=&quot;2571&quot; /&gt;&lt;ABS:Obs TIME=&quot;2011&quot; OBS_VALUE=&quot;2442&quot; /&gt;&lt;ABS:Obs TIME=&quot;2012&quot; OBS_VALUE=&quot;2472&quot; /&gt;&lt;ABS:Obs TIME=&quot;2013&quot; OBS_VALUE=&quot;2320&quot; /&gt;&lt;ABS:Obs TIME=&quot;2014&quot; OBS_VALUE=&quot;2154&quot; /&gt;&lt;ABS:Obs TIME=&quot;2015&quot; OBS_VALUE=&quot;2203&quot; /&gt;&lt;ABS:Obs TIME=&quot;2016&quot; OBS_VALUE=&quot;1913&quot; /&gt;&lt;ABS:Obs TIME=&quot;2017&quot; OBS_VALUE=&quot;2039&quot; /&gt;&lt;ABS:Obs TIME=&quot;2018&quot; OBS_VALUE=&quot;1981&quot; /&gt;&lt;/ABS:Series&gt;&lt;ABS:Series MEASURE=&quot;11&quot; INDIG_STATUS=&quot;IM&quot; AGE=&quot;A15&quot; ASGS_2011=&quot;0&quot; FREQUENCY=&quot;A&quot; TIME_FORMAT=&quot;P1Y&quot;&gt;&lt;ABS:Obs TIME=&quot;2001&quot; OBS_VALUE=&quot;69.1&quot; /&gt;&lt;ABS:Obs TIME=&quot;2002&quot; OBS_VALUE=&quot;66.6&quot; /&gt;&lt;ABS:Obs TIME=&quot;2003&quot; OBS_VALUE=&quot;66.6&quot; /&gt;&lt;ABS:Obs TIME=&quot;2004&quot; OBS_VALUE=&quot;64.7&quot; /&gt;&lt;ABS:Obs TIME=&quot;2005&quot; OBS_VALUE=&quot;65.5&quot; /&gt;&lt;ABS:Obs TIME=&quot;2006&quot; OBS_VALUE=&quot;64.1&quot; /&gt;&lt;ABS:Obs TIME=&quot;2007&quot; OBS_VALUE=&quot;68.5&quot; /&gt;&lt;ABS:Obs TIME=&quot;2008&quot; OBS_VALUE=&quot;73.7&quot; /&gt;&lt;ABS:Obs TIME=&quot;2009&quot; OBS_VALUE=&quot;77.1&quot; /&gt;&lt;ABS:Obs TIME=&quot;2010&quot; OBS_VALUE=&quot;75.2&quot; /&gt;&lt;ABS:Obs TIME=&quot;2011&quot; OBS_VALUE=&quot;69.6&quot; /&gt;&lt;ABS:Obs TIME=&quot;2012&quot; OBS_VALUE=&quot;67.7&quot; /&gt;&lt;ABS:Obs TIME=&quot;2013&quot; OBS_VALUE=&quot;62.6&quot; /&gt;&lt;ABS:Obs TIME=&quot;2014&quot; OBS_VALUE=&quot;57.1&quot; /&gt;&lt;ABS:Obs TIME=&quot;2015&quot; OBS_VALUE=&quot;57.2&quot; /&gt;&lt;ABS:Obs TIME=&quot;2016&quot; OBS_VALUE=&quot;48.4&quot; /&gt;&lt;ABS:Obs TIME=&quot;2017&quot; OBS_VALUE=&quot;50.5&quot; /&gt;&lt;ABS:Obs TIME=&quot;2018&quot; OBS_VALUE=&quot;48.1&quot; /&gt;&lt;/ABS:Series&gt;&lt;ABS:Series MEASURE=&quot;1&quot; INDIG_STATUS=&quot;IB&quot; AGE=&quot;A15&quot; ASGS_2011=&quot;0&quot; FREQUENCY=&quot;A&quot; TIME_FORMAT=&quot;P1Y&quot;&gt;&lt;ABS:Obs TIME=&quot;2001&quot; OBS_VALUE=&quot;2251&quot; /&gt;&lt;ABS:Obs TIME=&quot;2002&quot; OBS_VALUE=&quot;2275&quot; /&gt;&lt;ABS:Obs TIME=&quot;2003&quot; OBS_VALUE=&quot;2343&quot; /&gt;&lt;ABS:Obs TIME=&quot;2004&quot; OBS_VALUE=&quot;2351&quot; /&gt;&lt;ABS:Obs TIME=&quot;2005&quot; OBS_VALUE=&quot;2479&quot; /&gt;&lt;ABS:Obs TIME=&quot;2006&quot; OBS_VALUE=&quot;2527&quot; /&gt;&lt;ABS:Obs TIME=&quot;2007&quot; OBS_VALUE=&quot;2762&quot; /&gt;&lt;ABS:Obs TIME=&quot;2008&quot; OBS_VALUE=&quot;3019&quot; /&gt;&lt;ABS:Obs TIME=&quot;2009&quot; OBS_VALUE=&quot;3215&quot; /&gt;&lt;ABS:Obs TIME=&quot;2010&quot; OBS_VALUE=&quot;3224&quot; /&gt;&lt;ABS:Obs TIME=&quot;2011&quot; OBS_VALUE=&quot;3102&quot; /&gt;&lt;ABS:Obs TIME=&quot;2012&quot; OBS_VALUE=&quot;3168&quot; /&gt;&lt;ABS:Obs TIME=&quot;2013&quot; OBS_VALUE=&quot;3011&quot; /&gt;&lt;ABS:Obs TIME=&quot;2014&quot; OBS_VALUE=&quot;2744&quot; /&gt;&lt;ABS:Obs TIME=&quot;2015&quot; OBS_VALUE=&quot;2727&quot; /&gt;&lt;ABS:Obs TIME=&quot;2016&quot; OBS_VALUE=&quot;2418&quot; /&gt;&lt;ABS:Obs TIME=&quot;2017&quot; OBS_VALUE=&quot;2607&quot; /&gt;&lt;ABS:Obs TIME=&quot;2018&quot; OBS_VALUE=&quot;2507&quot; /&gt;&lt;/ABS:Series&gt;&lt;ABS:Series MEASURE=&quot;1&quot; INDIG_STATUS=&quot;IM&quot; AGE=&quot;A15&quot; ASGS_2011=&quot;1&quot; FREQUENCY=&quot;A&quot; TIME_FORMAT=&quot;P1Y&quot;&gt;&lt;ABS:Obs TIME=&quot;2001&quot; OBS_VALUE=&quot;391&quot; /&gt;&lt;ABS:Obs TIME=&quot;2002&quot; OBS_VALUE=&quot;448&quot; /&gt;&lt;ABS:Obs TIME=&quot;2003&quot; OBS_VALUE=&quot;389&quot; /&gt;&lt;ABS:Obs TIME=&quot;2004&quot; OBS_VALUE=&quot;463&quot; /&gt;&lt;ABS:Obs TIME=&quot;2005&quot; OBS_VALUE=&quot;480&quot; /&gt;&lt;ABS:Obs TIME=&quot;2006&quot; OBS_VALUE=&quot;552&quot; /&gt;&lt;ABS:Obs TIME=&quot;2007&quot; OBS_VALUE=&quot;564&quot; /&gt;&lt;ABS:Obs TIME=&quot;2008&quot; OBS_VALUE=&quot;669&quot; /&gt;&lt;ABS:Obs TIME=&quot;2009&quot; OBS_VALUE=&quot;679&quot; /&gt;&lt;ABS:Obs TIME=&quot;2010&quot; OBS_VALUE=&quot;726&quot; /&gt;&lt;ABS:Obs TIME=&quot;2011&quot; OBS_VALUE=&quot;676&quot; /&gt;&lt;ABS:Obs TIME=&quot;2012&quot; OBS_VALUE=&quot;635&quot; /&gt;&lt;ABS:Obs TIME=&quot;2013&quot; OBS_VALUE=&quot;642&quot; /&gt;&lt;ABS:Obs TIME=&quot;2014&quot; OBS_VALUE=&quot;534&quot; /&gt;&lt;ABS:Obs TIME=&quot;2015&quot; OBS_VALUE=&quot;657&quot; /&gt;&lt;ABS:Obs TIME=&quot;2016&quot; OBS_VALUE=&quot;527&quot; /&gt;&lt;ABS:Obs TIME=&quot;2017&quot; OBS_VALUE=&quot;518&quot; /&gt;&lt;ABS:Obs TIME=&quot;2018&quot; OBS_VALUE=&quot;601&quot; /&gt;&lt;/ABS:Series&gt;&lt;ABS:Series MEASURE=&quot;11&quot; INDIG_STATUS=&quot;IM&quot; AGE=&quot;A15&quot; ASGS_2011=&quot;1&quot; FREQUENCY=&quot;A&quot; TIME_FORMAT=&quot;P1Y&quot;&gt;&lt;ABS:Obs TIME=&quot;2001&quot; OBS_VALUE=&quot;49.4&quot; /&gt;&lt;ABS:Obs TIME=&quot;2002&quot; OBS_VALUE=&quot;54.8&quot; /&gt;&lt;ABS:Obs TIME=&quot;2003&quot; OBS_VALUE=&quot;46.2&quot; /&gt;&lt;ABS:Obs TIME=&quot;2004&quot; OBS_VALUE=&quot;53.4&quot; /&gt;&lt;ABS:Obs TIME=&quot;2005&quot; OBS_VALUE=&quot;53.4&quot; /&gt;&lt;ABS:Obs TIME=&quot;2006&quot; OBS_VALUE=&quot;59.7&quot; /&gt;&lt;ABS:Obs TIME=&quot;2007&quot; OBS_VALUE=&quot;58.9&quot; /&gt;&lt;ABS:Obs TIME=&quot;2008&quot; OBS_VALUE=&quot;66.2&quot; /&gt;&lt;ABS:Obs TIME=&quot;2009&quot; OBS_VALUE=&quot;63.8&quot; /&gt;&lt;ABS:Obs TIME=&quot;2010&quot; OBS_VALUE=&quot;65.7&quot; /&gt;&lt;ABS:Obs TIME=&quot;2011&quot; OBS_VALUE=&quot;58.8&quot; /&gt;&lt;ABS:Obs TIME=&quot;2012&quot; OBS_VALUE=&quot;52.6&quot; /&gt;&lt;ABS:Obs TIME=&quot;2013&quot; OBS_VALUE=&quot;51.7&quot; /&gt;&lt;ABS:Obs TIME=&quot;2014&quot; OBS_VALUE=&quot;41.8&quot; /&gt;&lt;ABS:Obs TIME=&quot;2015&quot; OBS_VALUE=&quot;50.4&quot; /&gt;&lt;ABS:Obs TIME=&quot;2016&quot; OBS_VALUE=&quot;39.1&quot; /&gt;&lt;ABS:Obs TIME=&quot;2017&quot; OBS_VALUE=&quot;38&quot; /&gt;&lt;ABS:Obs TIME=&quot;2018&quot; OBS_VALUE=&quot;43.5&quot; /&gt;&lt;/ABS:Series&gt;&lt;ABS:Series MEASURE=&quot;1&quot; INDIG_STATUS=&quot;IB&quot; AGE=&quot;A15&quot; ASGS_2011=&quot;1&quot; FREQUENCY=&quot;A&quot; TIME_FORMAT=&quot;P1Y&quot;&gt;&lt;ABS:Obs TIME=&quot;2001&quot; OBS_VALUE=&quot;575&quot; /&gt;&lt;ABS:Obs TIME=&quot;2002&quot; OBS_VALUE=&quot;649&quot; /&gt;&lt;ABS:Obs TIME=&quot;2003&quot; OBS_VALUE=&quot;576&quot; /&gt;&lt;ABS:Obs TIME=&quot;2004&quot; OBS_VALUE=&quot;664&quot; /&gt;&lt;ABS:Obs TIME=&quot;2005&quot; OBS_VALUE=&quot;685&quot; /&gt;&lt;ABS:Obs TIME=&quot;2006&quot; OBS_VALUE=&quot;771&quot; /&gt;&lt;ABS:Obs TIME=&quot;2007&quot; OBS_VALUE=&quot;790&quot; /&gt;&lt;ABS:Obs TIME=&quot;2008&quot; OBS_VALUE=&quot;937&quot; /&gt;&lt;ABS:Obs TIME=&quot;2009&quot; OBS_VALUE=&quot;923&quot; /&gt;&lt;ABS:Obs TIME=&quot;2010&quot; OBS_VALUE=&quot;980&quot; /&gt;&lt;ABS:Obs TIME=&quot;2011&quot; OBS_VALUE=&quot;933&quot; /&gt;&lt;ABS:Obs TIME=&quot;2012&quot; OBS_VALUE=&quot;897&quot; /&gt;&lt;ABS:Obs TIME=&quot;2013&quot; OBS_VALUE=&quot;916&quot; /&gt;&lt;ABS:Obs TIME=&quot;2014&quot; OBS_VALUE=&quot;753&quot; /&gt;&lt;ABS:Obs TIME=&quot;2015&quot; OBS_VALUE=&quot;846&quot; /&gt;&lt;ABS:Obs TIME=&quot;2016&quot; OBS_VALUE=&quot;722&quot; /&gt;&lt;ABS:Obs TIME=&quot;2017&quot; OBS_VALUE=&quot;721&quot; /&gt;&lt;ABS:Obs TIME=&quot;2018&quot; OBS_VALUE=&quot;810&quot; /&gt;&lt;/ABS:Series&gt;&lt;ABS:Series MEASURE=&quot;1&quot; INDIG_STATUS=&quot;IM&quot; AGE=&quot;A15&quot; ASGS_2011=&quot;2&quot; FREQUENCY=&quot;A&quot; TIME_FORMAT=&quot;P1Y&quot;&gt;&lt;ABS:Obs TIME=&quot;2001&quot; OBS_VALUE=&quot;50&quot; /&gt;&lt;ABS:Obs TIME=&quot;2002&quot; OBS_VALUE=&quot;58&quot; /&gt;&lt;ABS:Obs TIME=&quot;2003&quot; OBS_VALUE=&quot;73&quot; /&gt;&lt;ABS:Obs TIME=&quot;2004&quot; OBS_VALUE=&quot;90&quot; /&gt;&lt;ABS:Obs TIME=&quot;2005&quot; OBS_VALUE=&quot;85&quot; /&gt;&lt;ABS:Obs TIME=&quot;2006&quot; OBS_VALUE=&quot;85&quot; /&gt;&lt;ABS:Obs TIME=&quot;2007&quot; OBS_VALUE=&quot;86&quot; /&gt;&lt;ABS:Obs TIME=&quot;2008&quot; OBS_VALUE=&quot;101&quot; /&gt;&lt;ABS:Obs TIME=&quot;2009&quot; OBS_VALUE=&quot;109&quot; /&gt;&lt;ABS:Obs TIME=&quot;2010&quot; OBS_VALUE=&quot;82&quot; /&gt;&lt;ABS:Obs TIME=&quot;2011&quot; OBS_VALUE=&quot;114&quot; /&gt;&lt;ABS:Obs TIME=&quot;2012&quot; OBS_VALUE=&quot;143&quot; /&gt;&lt;ABS:Obs TIME=&quot;2013&quot; OBS_VALUE=&quot;138&quot; /&gt;&lt;ABS:Obs TIME=&quot;2014&quot; OBS_VALUE=&quot;94&quot; /&gt;&lt;ABS:Obs TIME=&quot;2015&quot; OBS_VALUE=&quot;100&quot; /&gt;&lt;ABS:Obs TIME=&quot;2016&quot; OBS_VALUE=&quot;113&quot; /&gt;&lt;ABS:Obs TIME=&quot;2017&quot; OBS_VALUE=&quot;120&quot; /&gt;&lt;ABS:Obs TIME=&quot;2018&quot; OBS_VALUE=&quot;97&quot; /&gt;&lt;/ABS:Series&gt;&lt;ABS:Series MEASURE=&quot;11&quot; INDIG_STATUS=&quot;IM&quot; AGE=&quot;A15&quot; ASGS_2011=&quot;2&quot; FREQUENCY=&quot;A&quot; TIME_FORMAT=&quot;P1Y&quot;&gt;&lt;ABS:Obs TIME=&quot;2001&quot; OBS_VALUE=&quot;35.5&quot; /&gt;&lt;ABS:Obs TIME=&quot;2002&quot; OBS_VALUE=&quot;39.9&quot; /&gt;&lt;ABS:Obs TIME=&quot;2003&quot; OBS_VALUE=&quot;46&quot; /&gt;&lt;ABS:Obs TIME=&quot;2004&quot; OBS_VALUE=&quot;50.1&quot; /&gt;&lt;ABS:Obs TIME=&quot;2005&quot; OBS_VALUE=&quot;42.7&quot; /&gt;&lt;ABS:Obs TIME=&quot;2006&quot; OBS_VALUE=&quot;38.3&quot; /&gt;&lt;ABS:Obs TIME=&quot;2007&quot; OBS_VALUE=&quot;36.6&quot; /&gt;&lt;ABS:Obs TIME=&quot;2008&quot; OBS_VALUE=&quot;42&quot; /&gt;&lt;ABS:Obs TIME=&quot;2009&quot; OBS_VALUE=&quot;45&quot; /&gt;&lt;ABS:Obs TIME=&quot;2010&quot; OBS_VALUE=&quot;33.5&quot; /&gt;&lt;ABS:Obs TIME=&quot;2011&quot; OBS_VALUE=&quot;45.9&quot; /&gt;&lt;ABS:Obs TIME=&quot;2012&quot; OBS_VALUE=&quot;51.3&quot; /&gt;&lt;ABS:Obs TIME=&quot;2013&quot; OBS_VALUE=&quot;48.7&quot; /&gt;&lt;ABS:Obs TIME=&quot;2014&quot; OBS_VALUE=&quot;33&quot; /&gt;&lt;ABS:Obs TIME=&quot;2015&quot; OBS_VALUE=&quot;34.5&quot; /&gt;&lt;ABS:Obs TIME=&quot;2016&quot; OBS_VALUE=&quot;38.3&quot; /&gt;&lt;ABS:Obs TIME=&quot;2017&quot; OBS_VALUE=&quot;40.5&quot; /&gt;&lt;ABS:Obs TIME=&quot;2018&quot; OBS_VALUE=&quot;32.9&quot; /&gt;&lt;/ABS:Series&gt;&lt;ABS:Series MEASURE=&quot;1&quot; INDIG_STATUS=&quot;IB&quot; AGE=&quot;A15&quot; ASGS_2011=&quot;2&quot; FREQUENCY=&quot;A&quot; TIME_FORMAT=&quot;P1Y&quot;&gt;&lt;ABS:Obs TIME=&quot;2001&quot; OBS_VALUE=&quot;86&quot; /&gt;&lt;ABS:Obs TIME=&quot;2002&quot; OBS_VALUE=&quot;100&quot; /&gt;&lt;ABS:Obs TIME=&quot;2003&quot; OBS_VALUE=&quot;120&quot; /&gt;&lt;ABS:Obs TIME=&quot;2004&quot; OBS_VALUE=&quot;132&quot; /&gt;&lt;ABS:Obs TIME=&quot;2005&quot; OBS_VALUE=&quot;130&quot; /&gt;&lt;ABS:Obs TIME=&quot;2006&quot; OBS_VALUE=&quot;141&quot; /&gt;&lt;ABS:Obs TIME=&quot;2007&quot; OBS_VALUE=&quot;130&quot; /&gt;&lt;ABS:Obs TIME=&quot;2008&quot; OBS_VALUE=&quot;166&quot; /&gt;&lt;ABS:Obs TIME=&quot;2009&quot; OBS_VALUE=&quot;160&quot; /&gt;&lt;ABS:Obs TIME=&quot;2010&quot; OBS_VALUE=&quot;126&quot; /&gt;&lt;ABS:Obs TIME=&quot;2011&quot; OBS_VALUE=&quot;160&quot; /&gt;&lt;ABS:Obs TIME=&quot;2012&quot; OBS_VALUE=&quot;205&quot; /&gt;&lt;ABS:Obs TIME=&quot;2013&quot; OBS_VALUE
Inserting 432 obs
&lt;soap12:Envelope xmlns:xsi=&quot;http://www.w3.org/2001/XMLSchema-instance&quot; xmlns:xsd=&quot;http://www.w3.org/2001/XMLSchema&quot; xmlns:soap12=&quot;http://www.w3.org/2003/05/soap-envelope&quot;&gt;
  &lt;soap12:Body&gt;
    &lt;GetCompactData xmlns=&quot;http://stats.oecd.org/OECDStatWS/SDMX/&quot;&gt;
      &lt;QueryMessage&gt;&lt;message:QueryMessage xmlns:message=&quot;http://www.SDMX.org/resources/SDMXML/schemas/v2_0/message&quot;&gt;&lt;Header xmlns=&quot;http://www.SDMX.org/resources/SDMXML/schemas/v2_0/message&quot;&gt;&lt;message:ID&gt;none&lt;/message:ID&gt;&lt;message:Test&gt;false&lt;/message:Test&gt;&lt;message:Prepared&gt;2016-08-19T00:11:33+08:00&lt;/message:Prepared&gt;&lt;message:Sender id=&quot;Sdmx-Sax&quot; /&gt;&lt;message:Receiver id=&quot;ABS&quot; /&gt;&lt;/Header&gt;&lt;message:Query&gt;&lt;DataWhere xmlns=&quot;http://www.SDMX.org/resources/SDMXML/schemas/v2_0/query&quot;&gt;&lt;And&gt;&lt;DataSet&gt;ATSI_FERTILITY&lt;/DataSet&gt;&lt;Time&gt;&lt;StartTime&gt;1000-02-01&lt;/StartTime&gt;&lt;EndTime&gt;2020-04-19&lt;/EndTime&gt;&lt;/Time&gt;&lt;Or&gt;&lt;Dimension id=&quot;INDIG_STATUS&quot;&gt;IB&lt;/Dimension&gt;&lt;Dimension id=&quot;INDIG_STATUS&quot;&gt;IM&lt;/Dimension&gt;&lt;Dimension id=&quot;INDIG_STATUS&quot;&gt;IB&lt;/Dimension&gt;&lt;/Or&gt;&lt;Or&gt;&lt;Dimension id=&quot;AGE&quot;&gt;A20&lt;/Dimension&gt;&lt;/Or&gt;&lt;Or&gt;&lt;Dimension id=&quot;ASGS_2011&quot;&gt;0&lt;/Dimension&gt;&lt;Dimension id=&quot;ASGS_2011&quot;&gt;1&lt;/Dimension&gt;&lt;Dimension id=&quot;ASGS_2011&quot;&gt;2&lt;/Dimension&gt;&lt;Dimension id=&quot;ASGS_2011&quot;&gt;3&lt;/Dimension&gt;&lt;Dimension id=&quot;ASGS_2011&quot;&gt;4&lt;/Dimension&gt;&lt;Dimension id=&quot;ASGS_2011&quot;&gt;5&lt;/Dimension&gt;&lt;Dimension id=&quot;ASGS_2011&quot;&gt;6&lt;/Dimension&gt;&lt;Dimension id=&quot;ASGS_2011&quot;&gt;7&lt;/Dimension&gt;&lt;/Or&gt;&lt;Or&gt;&lt;Dimension id=&quot;FREQUENCY&quot;&gt;A&lt;/Dimension&gt;&lt;/Or&gt;&lt;Or&gt;&lt;Dimension id=&quot;MEASURE&quot;&gt;1&lt;/Dimension&gt;&lt;Dimension id=&quot;MEASURE&quot;&gt;11&lt;/Dimension&gt;&lt;/Or&gt;&lt;/And&gt;&lt;/DataWhere&gt;&lt;/message:Query&gt;&lt;/message:QueryMessage&gt;
&lt;/QueryMessage&gt;
&lt;/GetCompactData&gt;
&lt;/soap12:Body&gt;
&lt;/soap12:Envelope&gt;
Header=&lt;message:CompactData xmlns=&quot;http://www.SDMX.org/resources/SDMXML/schemas/v2_0/message&quot; xmlns:common=&quot;http://www.SDMX.org/resources/SDMXML/schemas/v2_0/common&quot; xmlns:compact=&quot;http://www.SDMX.org/resources/SDMXML/schemas/v2_0/compact&quot; xmlns:ABS=&quot;http://oecd.stat.org/Data&quot; xmlns:xsi=&quot;http://www.w3.org/2001/XMLSchema-instance&quot; xsi:schemaLocation=&quot;http://www.SDMX.org/resources/SDMXML/schemas/v2_0/message http://www.sdmx.org/docs/2_0/SDMXMessage.xsd http://oecd.stat.org/Data http://stat.data.abs.gov.au/restsdmx/sdmx.ashx/GetSchema/ATSI_FERTILITY&quot; xmlns:message=&quot;http://www.SDMX.org/resources/SDMXML/schemas/v2_0/message&quot;&gt;&lt;Header&gt;&lt;ID&gt;none&lt;/ID&gt;&lt;Test&gt;false&lt;/Test&gt;&lt;Truncated&gt;false&lt;/Truncated&gt;&lt;Prepared&gt;2020-03-19T13:25:27&lt;/Prepared&gt;&lt;Sender id=&quot;ABS&quot;&gt;&lt;Name xml:lang=&quot;en&quot;&gt;Australian Bureau of Statistics&lt;/Name&gt;&lt;Name xml:lang=&quot;fr&quot;&gt;Australian Bureau of Statistics&lt;/Name&gt;&lt;/Sender&gt;&lt;/Header&gt;&lt;ABS:DataSet keyFamilyURI=&quot;http://stat.data.abs.gov.au/restsdmx/sdmx.ashx/GetKeyFamily/ATSI_FERTILITY&quot; xmlns:ABS=&quot;http://oecd.stat.org/Data&quot;&gt;&lt;ABS:Series MEASURE=&quot;1&quot; INDIG_STATUS=&quot;IM&quot; AGE=&quot;A20&quot; ASGS_2011=&quot;0&quot; FREQUENCY=&quot;A&quot; TIME_FORMAT=&quot;P1Y&quot;&gt;&lt;ABS:Obs TIME=&quot;2001&quot; OBS_VALUE=&quot;2513&quot; /&gt;&lt;ABS:Obs TIME=&quot;2002&quot; OBS_VALUE=&quot;2539&quot; /&gt;&lt;ABS:Obs TIME=&quot;2003&quot; OBS_VALUE=&quot;2661&quot; /&gt;&lt;ABS:Obs TIME=&quot;2004&quot; OBS_VALUE=&quot;2663&quot; /&gt;&lt;ABS:Obs TIME=&quot;2005&quot; OBS_VALUE=&quot;2861&quot; /&gt;&lt;ABS:Obs TIME=&quot;2006&quot; OBS_VALUE=&quot;2944&quot; /&gt;&lt;ABS:Obs TIME=&quot;2007&quot; OBS_VALUE=&quot;3538&quot; /&gt;&lt;ABS:Obs TIME=&quot;2008&quot; OBS_VALUE=&quot;3738&quot; /&gt;&lt;ABS:Obs TIME=&quot;2009&quot; OBS_VALUE=&quot;3987&quot; /&gt;&lt;ABS:Obs TIME=&quot;2010&quot; OBS_VALUE=&quot;4124&quot; /&gt;&lt;ABS:Obs TIME=&quot;2011&quot; OBS_VALUE=&quot;4092&quot; /&gt;&lt;ABS:Obs TIME=&quot;2012&quot; OBS_VALUE=&quot;4203&quot; /&gt;&lt;ABS:Obs TIME=&quot;2013&quot; OBS_VALUE=&quot;4314&quot; /&gt;&lt;ABS:Obs TIME=&quot;2014&quot; OBS_VALUE=&quot;4134&quot; /&gt;&lt;ABS:Obs TIME=&quot;2015&quot; OBS_VALUE=&quot;4352&quot; /&gt;&lt;ABS:Obs TIME=&quot;2016&quot; OBS_VALUE=&quot;4275&quot; /&gt;&lt;ABS:Obs TIME=&quot;2017&quot; OBS_VALUE=&quot;4552&quot; /&gt;&lt;ABS:Obs TIME=&quot;2018&quot; OBS_VALUE=&quot;4768&quot; /&gt;&lt;/ABS:Series&gt;&lt;ABS:Series MEASURE=&quot;11&quot; INDIG_STATUS=&quot;IM&quot; AGE=&quot;A20&quot; ASGS_2011=&quot;0&quot; FREQUENCY=&quot;A&quot; TIME_FORMAT=&quot;P1Y&quot;&gt;&lt;ABS:Obs TIME=&quot;2001&quot; OBS_VALUE=&quot;119.3&quot; /&gt;&lt;ABS:Obs TIME=&quot;2002&quot; OBS_VALUE=&quot;117.9&quot; /&gt;&lt;ABS:Obs TIME=&quot;2003&quot; OBS_VALUE=&quot;118.9&quot; /&gt;&lt;ABS:Obs TIME=&quot;2004&quot; OBS_VALUE=&quot;114.9&quot; /&gt;&lt;ABS:Obs TIME=&quot;2005&quot; OBS_VALUE=&quot;118.2&quot; /&gt;&lt;ABS:Obs TIME=&quot;2006&quot; OBS_VALUE=&quot;116.5&quot; /&gt;&lt;ABS:Obs TIME=&quot;2007&quot; OBS_VALUE=&quot;134.2&quot; /&gt;&lt;ABS:Obs TIME=&quot;2008&quot; OBS_VALUE=&quot;137.8&quot; /&gt;&lt;ABS:Obs TIME=&quot;2009&quot; OBS_VALUE=&quot;142.2&quot; /&gt;&lt;ABS:Obs TIME=&quot;2010&quot; OBS_VALUE=&quot;141.5&quot; /&gt;&lt;ABS:Obs TIME=&quot;2011&quot; OBS_VALUE=&quot;135.8&quot; /&gt;&lt;ABS:Obs TIME=&quot;2012&quot; OBS_VALUE=&quot;131&quot; /&gt;&lt;ABS:Obs TIME=&quot;2013&quot; OBS_VALUE=&quot;129.4&quot; /&gt;&lt;ABS:Obs TIME=&quot;2014&quot; OBS_VALUE=&quot;120.3&quot; /&gt;&lt;ABS:Obs TIME=&quot;2015&quot; OBS_VALUE=&quot;123.3&quot; /&gt;&lt;ABS:Obs TIME=&quot;2016&quot; OBS_VALUE=&quot;119.7&quot; /&gt;&lt;ABS:Obs TIME=&quot;2017&quot; OBS_VALUE=&quot;125.1&quot; /&gt;&lt;ABS:Obs TIME=&quot;2018&quot; OBS_VALUE=&quot;129&quot; /&gt;&lt;/ABS:Series&gt;&lt;ABS:Series MEASURE=&quot;1&quot; INDIG_STATUS=&quot;IB&quot; AGE=&quot;A20&quot; ASGS_2011=&quot;0&quot; FREQUENCY=&quot;A&quot; TIME_FORMAT=&quot;P1Y&quot;&gt;&lt;ABS:Obs TIME=&quot;2001&quot; OBS_VALUE=&quot;3434&quot; /&gt;&lt;ABS:Obs TIME=&quot;2002&quot; OBS_VALUE=&quot;3516&quot; /&gt;&lt;ABS:Obs TIME=&quot;2003&quot; OBS_VALUE=&quot;3608&quot; /&gt;&lt;ABS:Obs TIME=&quot;2004&quot; OBS_VALUE=&quot;3686&quot; /&gt;&lt;ABS:Obs TIME=&quot;2005&quot; OBS_VALUE=&quot;3931&quot; /&gt;&lt;ABS:Obs TIME=&quot;2006&quot; OBS_VALUE=&quot;4039&quot; /&gt;&lt;ABS:Obs TIME=&quot;2007&quot; OBS_VALUE=&quot;4792&quot; /&gt;&lt;ABS:Obs TIME=&quot;2008&quot; OBS_VALUE=&quot;5033&quot; /&gt;&lt;ABS:Obs TIME=&quot;2009&quot; OBS_VALUE=&quot;5326&quot; /&gt;&lt;ABS:Obs TIME=&quot;2010&quot; OBS_VALUE=&quot;5515&quot; /&gt;&lt;ABS:Obs TIME=&quot;2011&quot; OBS_VALUE=&quot;5571&quot; /&gt;&lt;ABS:Obs TIME=&quot;2012&quot; OBS_VALUE=&quot;5730&quot; /&gt;&lt;ABS:Obs TIME=&quot;2013&quot; OBS_VALUE=&quot;5873&quot; /&gt;&lt;ABS:Obs TIME=&quot;2014&quot; OBS_VALUE=&quot;5625&quot; /&gt;&lt;ABS:Obs TIME=&quot;2015&quot; OBS_VALUE=&quot;5845&quot; /&gt;&lt;ABS:Obs TIME=&quot;2016&quot; OBS_VALUE=&quot;5755&quot; /&gt;&lt;ABS:Obs TIME=&quot;2017&quot; OBS_VALUE=&quot;6263&quot; /&gt;&lt;ABS:Obs TIME=&quot;2018&quot; OBS_VALUE=&quot;6541&quot; /&gt;&lt;/ABS:Series&gt;&lt;ABS:Series MEASURE=&quot;1&quot; INDIG_STATUS=&quot;IM&quot; AGE=&quot;A20&quot; ASGS_2011=&quot;1&quot; FREQUENCY=&quot;A&quot; TIME_FORMAT=&quot;P1Y&quot;&gt;&lt;ABS:Obs TIME=&quot;2001&quot; OBS_VALUE=&quot;617&quot; /&gt;&lt;ABS:Obs TIME=&quot;2002&quot; OBS_VALUE=&quot;624&quot; /&gt;&lt;ABS:Obs TIME=&quot;2003&quot; OBS_VALUE=&quot;663&quot; /&gt;&lt;ABS:Obs TIME=&quot;2004&quot; OBS_VALUE=&quot;714&quot; /&gt;&lt;ABS:Obs TIME=&quot;2005&quot; OBS_VALUE=&quot;767&quot; /&gt;&lt;ABS:Obs TIME=&quot;2006&quot; OBS_VALUE=&quot;866&quot; /&gt;&lt;ABS:Obs TIME=&quot;2007&quot; OBS_VALUE=&quot;979&quot; /&gt;&lt;ABS:Obs TIME=&quot;2008&quot; OBS_VALUE=&quot;1074&quot; /&gt;&lt;ABS:Obs TIME=&quot;2009&quot; OBS_VALUE=&quot;1127&quot; /&gt;&lt;ABS:Obs TIME=&quot;2010&quot; OBS_VALUE=&quot;1257&quot; /&gt;&lt;ABS:Obs TIME=&quot;2011&quot; OBS_VALUE=&quot;1174&quot; /&gt;&lt;ABS:Obs TIME=&quot;2012&quot; OBS_VALUE=&quot;1187&quot; /&gt;&lt;ABS:Obs TIME=&quot;2013&quot; OBS_VALUE=&quot;1336&quot; /&gt;&lt;ABS:Obs TIME=&quot;2014&quot; OBS_VALUE=&quot;1041&quot; /&gt;&lt;ABS:Obs TIME=&quot;2015&quot; OBS_VALUE=&quot;1312&quot; /&gt;&lt;ABS:Obs TIME=&quot;2016&quot; OBS_VALUE=&quot;1224&quot; /&gt;&lt;ABS:Obs TIME=&quot;2017&quot; OBS_VALUE=&quot;1291&quot; /&gt;&lt;ABS:Obs TIME=&quot;2018&quot; OBS_VALUE=&quot;1471&quot; /&gt;&lt;/ABS:Series&gt;&lt;ABS:Series MEASURE=&quot;11&quot; INDIG_STATUS=&quot;IM&quot; AGE=&quot;A20&quot; ASGS_2011=&quot;1&quot; FREQUENCY=&quot;A&quot; TIME_FORMAT=&quot;P1Y&quot;&gt;&lt;ABS:Obs TIME=&quot;2001&quot; OBS_VALUE=&quot;100&quot; /&gt;&lt;ABS:Obs TIME=&quot;2002&quot; OBS_VALUE=&quot;98.2&quot; /&gt;&lt;ABS:Obs TIME=&quot;2003&quot; OBS_VALUE=&quot;100.4&quot; /&gt;&lt;ABS:Obs TIME=&quot;2004&quot; OBS_VALUE=&quot;103.8&quot; /&gt;&lt;ABS:Obs TIME=&quot;2005&quot; OBS_VALUE=&quot;106.9&quot; /&gt;&lt;ABS:Obs TIME=&quot;2006&quot; OBS_VALUE=&quot;115.2&quot; /&gt;&lt;ABS:Obs TIME=&quot;2007&quot; OBS_VALUE=&quot;125.7&quot; /&gt;&lt;ABS:Obs TIME=&quot;2008&quot; OBS_VALUE=&quot;134.2&quot; /&gt;&lt;ABS:Obs TIME=&quot;2009&quot; OBS_VALUE=&quot;136.5&quot; /&gt;&lt;ABS:Obs TIME=&quot;2010&quot; OBS_VALUE=&quot;146.4&quot; /&gt;&lt;ABS:Obs TIME=&quot;2011&quot; OBS_VALUE=&quot;132.7&quot; /&gt;&lt;ABS:Obs TIME=&quot;2012&quot; OBS_VALUE=&quot;115.4&quot; /&gt;&lt;ABS:Obs TIME=&quot;2013&quot; OBS_VALUE=&quot;124.4&quot; /&gt;&lt;ABS:Obs TIME=&quot;2014&quot; OBS_VALUE=&quot;92.8&quot; /&gt;&lt;ABS:Obs TIME=&quot;2015&quot; OBS_VALUE=&quot;112.8&quot; /&gt;&lt;ABS:Obs TIME=&quot;2016&quot; OBS_VALUE=&quot;103&quot; /&gt;&lt;ABS:Obs TIME=&quot;2017&quot; OBS_VALUE=&quot;106&quot; /&gt;&lt;ABS:Obs TIME=&quot;2018&quot; OBS_VALUE=&quot;118.5&quot; /&gt;&lt;/ABS:Series&gt;&lt;ABS:Series MEASURE=&quot;1&quot; INDIG_STATUS=&quot;IB&quot; AGE=&quot;A20&quot; ASGS_2011=&quot;1&quot; FREQUENCY=&quot;A&quot; TIME_FORMAT=&quot;P1Y&quot;&gt;&lt;ABS:Obs TIME=&quot;2001&quot; OBS_VALUE=&quot;940&quot; /&gt;&lt;ABS:Obs TIME=&quot;2002&quot; OBS_VALUE=&quot;1013&quot; /&gt;&lt;ABS:Obs TIME=&quot;2003&quot; OBS_VALUE=&quot;1025&quot; /&gt;&lt;ABS:Obs TIME=&quot;2004&quot; OBS_VALUE=&quot;1077&quot; /&gt;&lt;ABS:Obs TIME=&quot;2005&quot; OBS_VALUE=&quot;1148&quot; /&gt;&lt;ABS:Obs TIME=&quot;2006&quot; OBS_VALUE=&quot;1275&quot; /&gt;&lt;ABS:Obs TIME=&quot;2007&quot; OBS_VALUE=&quot;1449&quot; /&gt;&lt;ABS:Obs TIME=&quot;2008&quot; OBS_VALUE=&quot;1589&quot; /&gt;&lt;ABS:Obs TIME=&quot;2009&quot; OBS_VALUE=&quot;1624&quot; /&gt;&lt;ABS:Obs TIME=&quot;2010&quot; OBS_VALUE=&quot;1852&quot; /&gt;&lt;ABS:Obs TIME=&quot;2011&quot; OBS_VALUE=&quot;1761&quot; /&gt;&lt;ABS:Obs TIME=&quot;2012&quot; OBS_VALUE=&quot;1729&quot; /&gt;&lt;ABS:Obs TIME=&quot;2013&quot; OBS_VALUE=&quot;1945&quot; /&gt;&lt;ABS:Obs TIME=&quot;2014&quot; OBS_VALUE=&quot;1581&quot; /&gt;&lt;ABS:Obs TIME=&quot;2015&quot; OBS_VALUE=&quot;1937&quot; /&gt;&lt;ABS:Obs TIME=&quot;2016&quot; OBS_VALUE=&quot;1776&quot; /&gt;&lt;ABS:Obs TIME=&quot;2017&quot; OBS_VALUE=&quot;1898&quot; /&gt;&lt;ABS:Obs TIME=&quot;2018&quot; OBS_VALUE=&quot;2203&quot; /&gt;&lt;/ABS:Series&gt;&lt;ABS:Series MEASURE=&quot;1&quot; INDIG_STATUS=&quot;IM&quot; AGE=&quot;A20&quot; ASGS_2011=&quot;2&quot; FREQUENCY=&quot;A&quot; TIME_FORMAT=&quot;P1Y&quot;&gt;&lt;ABS:Obs TIME=&quot;2001&quot; OBS_VALUE=&quot;83&quot; /&gt;&lt;ABS:Obs TIME=&quot;2002&quot; OBS_VALUE=&quot;82&quot; /&gt;&lt;ABS:Obs TIME=&quot;2003&quot; OBS_VALUE=&quot;120&quot; /&gt;&lt;ABS:Obs TIME=&quot;2004&quot; OBS_VALUE=&quot;126&quot; /&gt;&lt;ABS:Obs TIME=&quot;2005&quot; OBS_VALUE=&quot;138&quot; /&gt;&lt;ABS:Obs TIME=&quot;2006&quot; OBS_VALUE=&quot;137&quot; /&gt;&lt;ABS:Obs TIME=&quot;2007&quot; OBS_VALUE=&quot;196&quot; /&gt;&lt;ABS:Obs TIME=&quot;2008&quot; OBS_VALUE=&quot;193&quot; /&gt;&lt;ABS:Obs TIME=&quot;2009&quot; OBS_VALUE=&quot;196&quot; /&gt;&lt;ABS:Obs TIME=&quot;2010&quot; OBS_VALUE=&quot;166&quot; /&gt;&lt;ABS:Obs TIME=&quot;2011&quot; OBS_VALUE=&quot;217&quot; /&gt;&lt;ABS:Obs TIME=&quot;2012&quot; OBS_VALUE=&quot;265&quot; /&gt;&lt;ABS:Obs TIME=&quot;2013&quot; OBS_VALUE=&quot;257&quot; /&gt;&lt;ABS:Obs TIME=&quot;2014&quot; OBS_VALUE=&quot;284&quot; /&gt;&lt;ABS:Obs TIME=&quot;2015&quot; OBS_VALUE=&quot;253&quot; /&gt;&lt;ABS:Obs TIME=&quot;2016&quot; OBS_VALUE=&quot;302&quot; /&gt;&lt;ABS:Obs TIME=&quot;2017&quot; OBS_VALUE=&quot;300&quot; /&gt;&lt;ABS:Obs TIME=&quot;2018&quot; OBS_VALUE=&quot;307&quot; /&gt;&lt;/ABS:Series&gt;&lt;ABS:Series MEASURE=&quot;11&quot; INDIG_STATUS=&quot;IM&quot; AGE=&quot;A20&quot; ASGS_2011=&quot;2&quot; FREQUENCY=&quot;A&quot; TIME_FORMAT=&quot;P1Y&quot;&gt;&lt;ABS:Obs TIME=&quot;2001&quot; OBS_VALUE=&quot;60.3&quot; /&gt;&lt;ABS:Obs TIME=&quot;2002&quot; OBS_VALUE=&quot;58.6&quot; /&gt;&lt;ABS:Obs TIME=&quot;2003&quot; OBS_VALUE=&quot;80.9&quot; /&gt;&lt;ABS:Obs TIME=&quot;2004&quot; OBS_VALUE=&quot;86.3&quot; /&gt;&lt;ABS:Obs TIME=&quot;2005&quot; OBS_VALUE=&quot;92.4&quot; /&gt;&lt;ABS:Obs TIME=&quot;2006&quot; OBS_VALUE=&quot;88.6&quot; /&gt;&lt;ABS:Obs TIME=&quot;2007&quot; OBS_VALUE=&quot;119.1&quot; /&gt;&lt;ABS:Obs TIME=&quot;2008&quot; OBS_VALUE=&quot;108.9&quot; /&gt;&lt;ABS:Obs TIME=&quot;2009&quot; OBS_VALUE=&quot;98.3&quot; /&gt;&lt;ABS:Obs TIME=&quot;2010&quot; OBS_VALUE=&quot;76.1&quot; /&gt;&lt;ABS:Obs TIME=&quot;2011&quot; OBS_VALUE=&quot;90.9&quot; /&gt;&lt;ABS:Obs TIME=&quot;2012&quot; OBS_VALUE=&quot;103.2&quot; /&gt;&lt;ABS:Obs TIME=&quot;2013&quot; OBS_VALUE=&quot;96.5&quot; /&gt;&lt;ABS:Obs TIME=&quot;2014&quot; OBS_VALUE=&quot;106.2&quot; /&gt;&lt;ABS:Obs TIME=&quot;2015&quot; OBS_VALUE=&quot;93.7&quot; /&gt;&lt;ABS:Obs TIME=&quot;2016&quot; OBS_VALUE=&quot;113.1&quot; /&gt;&lt;ABS:Obs TIME=&quot;2017&quot; OBS_VALUE=&quot;109.6&quot; /&gt;&lt;ABS:Obs TIME=&quot;2018&quot; OBS_VALUE=&quot;107.5&quot; /&gt;&lt;/ABS:Series&gt;&lt;ABS:Series MEASURE=&quot;1&quot; INDIG_STATUS=&quot;IB&quot; AGE=&quot;A20&quot; ASGS_2011=&quot;2&quot; FREQUENCY=&quot;A&quot; TIME_FORMAT=&quot;P1Y&quot;&gt;&lt;ABS:Obs TIME=&quot;2001&quot; OBS_VALUE=&quot;143&quot; /&gt;&lt;ABS:Obs TIME=&quot;2002&quot; OBS_VALUE=&quot;151&quot; /&gt;&lt;ABS:Obs TIME=&quot;2003&quot; OBS_VALUE=&quot;204&quot; /&gt;&lt;ABS:Obs TIME=&quot;2004&quot; OBS_VALUE=&quot;209&quot; /&gt;&lt;ABS:Obs TIME=&quot;2005&quot; OBS_VALUE=&quot;225&quot; /&gt;&lt;ABS:Obs TIME=&quot;2006&quot; OBS_VALUE=&quot;220&quot; /&gt;&lt;ABS:Obs TIME=&quot;2007&quot; OBS_VALUE=&quot;308&quot; /&gt;&lt;ABS:Obs TIME=&quot;2008&quot; OBS_VALUE=&quot;310&quot; /&gt;&lt;ABS:Obs TIME=&quot;2009&quot; OBS_VALUE=&quot;330&quot; /&gt;&lt;ABS:Obs TIME=&quot;2010&quot; OBS_VALUE=&quot;268&quot; /&gt;&lt;ABS:Obs TIME=&quot;2011&quot; OBS_VALUE
Inserting 432 obs
&lt;soap12:Envelope xmlns:xsi=&quot;http://www.w3.org/2001/XMLSchema-instance&quot; xmlns:xsd=&quot;http://www.w3.org/2001/XMLSchema&quot; xmlns:soap12=&quot;http://www.w3.org/2003/05/soap-envelope&quot;&gt;
  &lt;soap12:Body&gt;
    &lt;GetCompactData xmlns=&quot;http://stats.oecd.org/OECDStatWS/SDMX/&quot;&gt;
      &lt;QueryMessage&gt;&lt;message:QueryMessage xmlns:message=&quot;http://www.SDMX.org/resources/SDMXML/schemas/v2_0/message&quot;&gt;&lt;Header xmlns=&quot;http://www.SDMX.org/resources/SDMXML/schemas/v2_0/message&quot;&gt;&lt;message:ID&gt;none&lt;/message:ID&gt;&lt;message:Test&gt;false&lt;/message:Test&gt;&lt;message:Prepared&gt;2016-08-19T00:11:33+08:00&lt;/message:Prepared&gt;&lt;message:Sender id=&quot;Sdmx-Sax&quot; /&gt;&lt;message:Receiver id=&quot;ABS&quot; /&gt;&lt;/Header&gt;&lt;message:Query&gt;&lt;DataWhere xmlns=&quot;http://www.SDMX.org/resources/SDMXML/schemas/v2_0/query&quot;&gt;&lt;And&gt;&lt;DataSet&gt;ATSI_FERTILITY&lt;/DataSet&gt;&lt;Time&gt;&lt;StartTime&gt;1000-02-01&lt;/StartTime&gt;&lt;EndTime&gt;2020-04-19&lt;/EndTime&gt;&lt;/Time&gt;&lt;Or&gt;&lt;Dimension id=&quot;INDIG_STATUS&quot;&gt;IB&lt;/Dimension&gt;&lt;Dimension id=&quot;INDIG_STATUS&quot;&gt;IM&lt;/Dimension&gt;&lt;Dimension id=&quot;INDIG_STATUS&quot;&gt;IB&lt;/Dimension&gt;&lt;/Or&gt;&lt;Or&gt;&lt;Dimension id=&quot;AGE&quot;&gt;A25&lt;/Dimension&gt;&lt;/Or&gt;&lt;Or&gt;&lt;Dimension id=&quot;ASGS_2011&quot;&gt;0&lt;/Dimension&gt;&lt;Dimension id=&quot;ASGS_2011&quot;&gt;1&lt;/Dimension&gt;&lt;Dimension id=&quot;ASGS_2011&quot;&gt;2&lt;/Dimension&gt;&lt;Dimension id=&quot;ASGS_2011&quot;&gt;3&lt;/Dimension&gt;&lt;Dimension id=&quot;ASGS_2011&quot;&gt;4&lt;/Dimension&gt;&lt;Dimension id=&quot;ASGS_2011&quot;&gt;5&lt;/Dimension&gt;&lt;Dimension id=&quot;ASGS_2011&quot;&gt;6&lt;/Dimension&gt;&lt;Dimension id=&quot;ASGS_2011&quot;&gt;7&lt;/Dimension&gt;&lt;/Or&gt;&lt;Or&gt;&lt;Dimension id=&quot;FREQUENCY&quot;&gt;A&lt;/Dimension&gt;&lt;/Or&gt;&lt;Or&gt;&lt;Dimension id=&quot;MEASURE&quot;&gt;1&lt;/Dimension&gt;&lt;Dimension id=&quot;MEASURE&quot;&gt;11&lt;/Dimension&gt;&lt;/Or&gt;&lt;/And&gt;&lt;/DataWhere&gt;&lt;/message:Query&gt;&lt;/message:QueryMessage&gt;
&lt;/QueryMessage&gt;
&lt;/GetCompactData&gt;
&lt;/soap12:Body&gt;
&lt;/soap12:Envelope&gt;
Header=&lt;message:CompactData xmlns=&quot;http://www.SDMX.org/resources/SDMXML/schemas/v2_0/message&quot; xmlns:common=&quot;http://www.SDMX.org/resources/SDMXML/schemas/v2_0/common&quot; xmlns:compact=&quot;http://www.SDMX.org/resources/SDMXML/schemas/v2_0/compact&quot; xmlns:ABS=&quot;http://oecd.stat.org/Data&quot; xmlns:xsi=&quot;http://www.w3.org/2001/XMLSchema-instance&quot; xsi:schemaLocation=&quot;http://www.SDMX.org/resources/SDMXML/schemas/v2_0/message http://www.sdmx.org/docs/2_0/SDMXMessage.xsd http://oecd.stat.org/Data http://stat.data.abs.gov.au/restsdmx/sdmx.ashx/GetSchema/ATSI_FERTILITY&quot; xmlns:message=&quot;http://www.SDMX.org/resources/SDMXML/schemas/v2_0/message&quot;&gt;&lt;Header&gt;&lt;ID&gt;none&lt;/ID&gt;&lt;Test&gt;false&lt;/Test&gt;&lt;Truncated&gt;false&lt;/Truncated&gt;&lt;Prepared&gt;2020-03-19T13:25:32&lt;/Prepared&gt;&lt;Sender id=&quot;ABS&quot;&gt;&lt;Name xml:lang=&quot;en&quot;&gt;Australian Bureau of Statistics&lt;/Name&gt;&lt;Name xml:lang=&quot;fr&quot;&gt;Australian Bureau of Statistics&lt;/Name&gt;&lt;/Sender&gt;&lt;/Header&gt;&lt;ABS:DataSet keyFamilyURI=&quot;http://stat.data.abs.gov.au/restsdmx/sdmx.ashx/GetKeyFamily/ATSI_FERTILITY&quot; xmlns:ABS=&quot;http://oecd.stat.org/Data&quot;&gt;&lt;ABS:Series MEASURE=&quot;1&quot; INDIG_STATUS=&quot;IM&quot; AGE=&quot;A25&quot; ASGS_2011=&quot;0&quot; FREQUENCY=&quot;A&quot; TIME_FORMAT=&quot;P1Y&quot;&gt;&lt;ABS:Obs TIME=&quot;2001&quot; OBS_VALUE=&quot;2159&quot; /&gt;&lt;ABS:Obs TIME=&quot;2002&quot; OBS_VALUE=&quot;2039&quot; /&gt;&lt;ABS:Obs TIME=&quot;2003&quot; OBS_VALUE=&quot;2055&quot; /&gt;&lt;ABS:Obs TIME=&quot;2004&quot; OBS_VALUE=&quot;1993&quot; /&gt;&lt;ABS:Obs TIME=&quot;2005&quot; OBS_VALUE=&quot;2124&quot; /&gt;&lt;ABS:Obs TIME=&quot;2006&quot; OBS_VALUE=&quot;2185&quot; /&gt;&lt;ABS:Obs TIME=&quot;2007&quot; OBS_VALUE=&quot;2617&quot; /&gt;&lt;ABS:Obs TIME=&quot;2008&quot; OBS_VALUE=&quot;2777&quot; /&gt;&lt;ABS:Obs TIME=&quot;2009&quot; OBS_VALUE=&quot;2919&quot; /&gt;&lt;ABS:Obs TIME=&quot;2010&quot; OBS_VALUE=&quot;3077&quot; /&gt;&lt;ABS:Obs TIME=&quot;2011&quot; OBS_VALUE=&quot;3216&quot; /&gt;&lt;ABS:Obs TIME=&quot;2012&quot; OBS_VALUE=&quot;3266&quot; /&gt;&lt;ABS:Obs TIME=&quot;2013&quot; OBS_VALUE=&quot;3347&quot; /&gt;&lt;ABS:Obs TIME=&quot;2014&quot; OBS_VALUE=&quot;3297&quot; /&gt;&lt;ABS:Obs TIME=&quot;2015&quot; OBS_VALUE=&quot;3536&quot; /&gt;&lt;ABS:Obs TIME=&quot;2016&quot; OBS_VALUE=&quot;3505&quot; /&gt;&lt;ABS:Obs TIME=&quot;2017&quot; OBS_VALUE=&quot;4005&quot; /&gt;&lt;ABS:Obs TIME=&quot;2018&quot; OBS_VALUE=&quot;4388&quot; /&gt;&lt;/ABS:Series&gt;&lt;ABS:Series MEASURE=&quot;11&quot; INDIG_STATUS=&quot;IM&quot; AGE=&quot;A25&quot; ASGS_2011=&quot;0&quot; FREQUENCY=&quot;A&quot; TIME_FORMAT=&quot;P1Y&quot;&gt;&lt;ABS:Obs TIME=&quot;2001&quot; OBS_VALUE=&quot;99.9&quot; /&gt;&lt;ABS:Obs TIME=&quot;2002&quot; OBS_VALUE=&quot;97.3&quot; /&gt;&lt;ABS:Obs TIME=&quot;2003&quot; OBS_VALUE=&quot;100.2&quot; /&gt;&lt;ABS:Obs TIME=&quot;2004&quot; OBS_VALUE=&quot;97.3&quot; /&gt;&lt;ABS:Obs TIME=&quot;2005&quot; OBS_VALUE=&quot;102.7&quot; /&gt;&lt;ABS:Obs TIME=&quot;2006&quot; OBS_VALUE=&quot;104.4&quot; /&gt;&lt;ABS:Obs TIME=&quot;2007&quot; OBS_VALUE=&quot;122&quot; /&gt;&lt;ABS:Obs TIME=&quot;2008&quot; OBS_VALUE=&quot;124.8&quot; /&gt;&lt;ABS:Obs TIME=&quot;2009&quot; OBS_VALUE=&quot;126.7&quot; /&gt;&lt;ABS:Obs TIME=&quot;2010&quot; OBS_VALUE=&quot;127.9&quot; /&gt;&lt;ABS:Obs TIME=&quot;2011&quot; OBS_VALUE=&quot;128&quot; /&gt;&lt;ABS:Obs TIME=&quot;2012&quot; OBS_VALUE=&quot;122.3&quot; /&gt;&lt;ABS:Obs TIME=&quot;2013&quot; OBS_VALUE=&quot;121.4&quot; /&gt;&lt;ABS:Obs TIME=&quot;2014&quot; OBS_VALUE=&quot;115.6&quot; /&gt;&lt;ABS:Obs TIME=&quot;2015&quot; OBS_VALUE=&quot;119.5&quot; /&gt;&lt;ABS:Obs TIME=&quot;2016&quot; OBS_VALUE=&quot;114.4&quot; /&gt;&lt;ABS:Obs TIME=&quot;2017&quot; OBS_VALUE=&quot;125.3&quot; /&gt;&lt;ABS:Obs TIME=&quot;2018&quot; OBS_VALUE=&quot;132.1&quot; /&gt;&lt;/ABS:Series&gt;&lt;ABS:Series MEASURE=&quot;1&quot; INDIG_STATUS=&quot;IB&quot; AGE=&quot;A25&quot; ASGS_2011=&quot;0&quot; FREQUENCY=&quot;A&quot; TIME_FORMAT=&quot;P1Y&quot;&gt;&lt;ABS:Obs TIME=&quot;2001&quot; OBS_VALUE=&quot;3006&quot; /&gt;&lt;ABS:Obs TIME=&quot;2002&quot; OBS_VALUE=&quot;2872&quot; /&gt;&lt;ABS:Obs TIME=&quot;2003&quot; OBS_VALUE=&quot;2847&quot; /&gt;&lt;ABS:Obs TIME=&quot;2004&quot; OBS_VALUE=&quot;2855&quot; /&gt;&lt;ABS:Obs TIME=&quot;2005&quot; OBS_VALUE=&quot;3068&quot; /&gt;&lt;ABS:Obs TIME=&quot;2006&quot; OBS_VALUE=&quot;3178&quot; /&gt;&lt;ABS:Obs TIME=&quot;2007&quot; OBS_VALUE=&quot;3731&quot; /&gt;&lt;ABS:Obs TIME=&quot;2008&quot; OBS_VALUE=&quot;3864&quot; /&gt;&lt;ABS:Obs TIME=&quot;2009&quot; OBS_VALUE=&quot;4087&quot; /&gt;&lt;ABS:Obs TIME=&quot;2010&quot; OBS_VALUE=&quot;4238&quot; /&gt;&lt;ABS:Obs TIME=&quot;2011&quot; OBS_VALUE=&quot;4424&quot; /&gt;&lt;ABS:Obs TIME=&quot;2012&quot; OBS_VALUE=&quot;4658&quot; /&gt;&lt;ABS:Obs TIME=&quot;2013&quot; OBS_VALUE=&quot;4765&quot; /&gt;&lt;ABS:Obs TIME=&quot;2014&quot; OBS_VALUE=&quot;4705&quot; /&gt;&lt;ABS:Obs TIME=&quot;2015&quot; OBS_VALUE=&quot;4955&quot; /&gt;&lt;ABS:Obs TIME=&quot;2016&quot; OBS_VALUE=&quot;5021&quot; /&gt;&lt;ABS:Obs TIME=&quot;2017&quot; OBS_VALUE=&quot;5761&quot; /&gt;&lt;ABS:Obs TIME=&quot;2018&quot; OBS_VALUE=&quot;6391&quot; /&gt;&lt;/ABS:Series&gt;&lt;ABS:Series MEASURE=&quot;1&quot; INDIG_STATUS=&quot;IM&quot; AGE=&quot;A25&quot; ASGS_2011=&quot;1&quot; FREQUENCY=&quot;A&quot; TIME_FORMAT=&quot;P1Y&quot;&gt;&lt;ABS:Obs TIME=&quot;2001&quot; OBS_VALUE=&quot;491&quot; /&gt;&lt;ABS:Obs TIME=&quot;2002&quot; OBS_VALUE=&quot;551&quot; /&gt;&lt;ABS:Obs TIME=&quot;2003&quot; OBS_VALUE=&quot;497&quot; /&gt;&lt;ABS:Obs TIME=&quot;2004&quot; OBS_VALUE=&quot;513&quot; /&gt;&lt;ABS:Obs TIME=&quot;2005&quot; OBS_VALUE=&quot;554&quot; /&gt;&lt;ABS:Obs TIME=&quot;2006&quot; OBS_VALUE=&quot;635&quot; /&gt;&lt;ABS:Obs TIME=&quot;2007&quot; OBS_VALUE=&quot;781&quot; /&gt;&lt;ABS:Obs TIME=&quot;2008&quot; OBS_VALUE=&quot;818&quot; /&gt;&lt;ABS:Obs TIME=&quot;2009&quot; OBS_VALUE=&quot;805&quot; /&gt;&lt;ABS:Obs TIME=&quot;2010&quot; OBS_VALUE=&quot;943&quot; /&gt;&lt;ABS:Obs TIME=&quot;2011&quot; OBS_VALUE=&quot;981&quot; /&gt;&lt;ABS:Obs TIME=&quot;2012&quot; OBS_VALUE=&quot;896&quot; /&gt;&lt;ABS:Obs TIME=&quot;2013&quot; OBS_VALUE=&quot;989&quot; /&gt;&lt;ABS:Obs TIME=&quot;2014&quot; OBS_VALUE=&quot;886&quot; /&gt;&lt;ABS:Obs TIME=&quot;2015&quot; OBS_VALUE=&quot;1102&quot; /&gt;&lt;ABS:Obs TIME=&quot;2016&quot; OBS_VALUE=&quot;1040&quot; /&gt;&lt;ABS:Obs TIME=&quot;2017&quot; OBS_VALUE=&quot;1174&quot; /&gt;&lt;ABS:Obs TIME=&quot;2018&quot; OBS_VALUE=&quot;1462&quot; /&gt;&lt;/ABS:Series&gt;&lt;ABS:Series MEASURE=&quot;11&quot; INDIG_STATUS=&quot;IM&quot; AGE=&quot;A25&quot; ASGS_2011=&quot;1&quot; FREQUENCY=&quot;A&quot; TIME_FORMAT=&quot;P1Y&quot;&gt;&lt;ABS:Obs TIME=&quot;2001&quot; OBS_VALUE=&quot;72.9&quot; /&gt;&lt;ABS:Obs TIME=&quot;2002&quot; OBS_VALUE=&quot;86.6&quot; /&gt;&lt;ABS:Obs TIME=&quot;2003&quot; OBS_VALUE=&quot;81.5&quot; /&gt;&lt;ABS:Obs TIME=&quot;2004&quot; OBS_VALUE=&quot;85.6&quot; /&gt;&lt;ABS:Obs TIME=&quot;2005&quot; OBS_VALUE=&quot;92.4&quot; /&gt;&lt;ABS:Obs TIME=&quot;2006&quot; OBS_VALUE=&quot;105.4&quot; /&gt;&lt;ABS:Obs TIME=&quot;2007&quot; OBS_VALUE=&quot;126.1&quot; /&gt;&lt;ABS:Obs TIME=&quot;2008&quot; OBS_VALUE=&quot;127.9&quot; /&gt;&lt;ABS:Obs TIME=&quot;2009&quot; OBS_VALUE=&quot;121.5&quot; /&gt;&lt;ABS:Obs TIME=&quot;2010&quot; OBS_VALUE=&quot;136.8&quot; /&gt;&lt;ABS:Obs TIME=&quot;2011&quot; OBS_VALUE=&quot;136.5&quot; /&gt;&lt;ABS:Obs TIME=&quot;2012&quot; OBS_VALUE=&quot;107.7&quot; /&gt;&lt;ABS:Obs TIME=&quot;2013&quot; OBS_VALUE=&quot;114.9&quot; /&gt;&lt;ABS:Obs TIME=&quot;2014&quot; OBS_VALUE=&quot;99.4&quot; /&gt;&lt;ABS:Obs TIME=&quot;2015&quot; OBS_VALUE=&quot;118.4&quot; /&gt;&lt;ABS:Obs TIME=&quot;2016&quot; OBS_VALUE=&quot;106.8&quot; /&gt;&lt;ABS:Obs TIME=&quot;2017&quot; OBS_VALUE=&quot;115.1&quot; /&gt;&lt;ABS:Obs TIME=&quot;2018&quot; OBS_VALUE=&quot;137&quot; /&gt;&lt;/ABS:Series&gt;&lt;ABS:Series MEASURE=&quot;1&quot; INDIG_STATUS=&quot;IB&quot; AGE=&quot;A25&quot; ASGS_2011=&quot;1&quot; FREQUENCY=&quot;A&quot; TIME_FORMAT=&quot;P1Y&quot;&gt;&lt;ABS:Obs TIME=&quot;2001&quot; OBS_VALUE=&quot;794&quot; /&gt;&lt;ABS:Obs TIME=&quot;2002&quot; OBS_VALUE=&quot;871&quot; /&gt;&lt;ABS:Obs TIME=&quot;2003&quot; OBS_VALUE=&quot;801&quot; /&gt;&lt;ABS:Obs TIME=&quot;2004&quot; OBS_VALUE=&quot;823&quot; /&gt;&lt;ABS:Obs TIME=&quot;2005&quot; OBS_VALUE=&quot;909&quot; /&gt;&lt;ABS:Obs TIME=&quot;2006&quot; OBS_VALUE=&quot;1030&quot; /&gt;&lt;ABS:Obs TIME=&quot;2007&quot; OBS_VALUE=&quot;1195&quot; /&gt;&lt;ABS:Obs TIME=&quot;2008&quot; OBS_VALUE=&quot;1231&quot; /&gt;&lt;ABS:Obs TIME=&quot;2009&quot; OBS_VALUE=&quot;1254&quot; /&gt;&lt;ABS:Obs TIME=&quot;2010&quot; OBS_VALUE=&quot;1411&quot; /&gt;&lt;ABS:Obs TIME=&quot;2011&quot; OBS_VALUE=&quot;1442&quot; /&gt;&lt;ABS:Obs TIME=&quot;2012&quot; OBS_VALUE=&quot;1411&quot; /&gt;&lt;ABS:Obs TIME=&quot;2013&quot; OBS_VALUE=&quot;1571&quot; /&gt;&lt;ABS:Obs TIME=&quot;2014&quot; OBS_VALUE=&quot;1367&quot; /&gt;&lt;ABS:Obs TIME=&quot;2015&quot; OBS_VALUE=&quot;1690&quot; /&gt;&lt;ABS:Obs TIME=&quot;2016&quot; OBS_VALUE=&quot;1576&quot; /&gt;&lt;ABS:Obs TIME=&quot;2017&quot; OBS_VALUE=&quot;1820&quot; /&gt;&lt;ABS:Obs TIME=&quot;2018&quot; OBS_VALUE=&quot;2256&quot; /&gt;&lt;/ABS:Series&gt;&lt;ABS:Series MEASURE=&quot;1&quot; INDIG_STATUS=&quot;IM&quot; AGE=&quot;A25&quot; ASGS_2011=&quot;2&quot; FREQUENCY=&quot;A&quot; TIME_FORMAT=&quot;P1Y&quot;&gt;&lt;ABS:Obs TIME=&quot;2001&quot; OBS_VALUE=&quot;95&quot; /&gt;&lt;ABS:Obs TIME=&quot;2002&quot; OBS_VALUE=&quot;99&quot; /&gt;&lt;ABS:Obs TIME=&quot;2003&quot; OBS_VALUE=&quot;122&quot; /&gt;&lt;ABS:Obs TIME=&quot;2004&quot; OBS_VALUE=&quot;95&quot; /&gt;&lt;ABS:Obs TIME=&quot;2005&quot; OBS_VALUE=&quot;139&quot; /&gt;&lt;ABS:Obs TIME=&quot;2006&quot; OBS_VALUE=&quot;107&quot; /&gt;&lt;ABS:Obs TIME=&quot;2007&quot; OBS_VALUE=&quot;159&quot; /&gt;&lt;ABS:Obs TIME=&quot;2008&quot; OBS_VALUE=&quot;141&quot; /&gt;&lt;ABS:Obs TIME=&quot;2009&quot; OBS_VALUE=&quot;162&quot; /&gt;&lt;ABS:Obs TIME=&quot;2010&quot; OBS_VALUE=&quot;157&quot; /&gt;&lt;ABS:Obs TIME=&quot;2011&quot; OBS_VALUE=&quot;180&quot; /&gt;&lt;ABS:Obs TIME=&quot;2012&quot; OBS_VALUE=&quot;209&quot; /&gt;&lt;ABS:Obs TIME=&quot;2013&quot; OBS_VALUE=&quot;219&quot; /&gt;&lt;ABS:Obs TIME=&quot;2014&quot; OBS_VALUE=&quot;222&quot; /&gt;&lt;ABS:Obs TIME=&quot;2015&quot; OBS_VALUE=&quot;228&quot; /&gt;&lt;ABS:Obs TIME=&quot;2016&quot; OBS_VALUE=&quot;238&quot; /&gt;&lt;ABS:Obs TIME=&quot;2017&quot; OBS_VALUE=&quot;318&quot; /&gt;&lt;ABS:Obs TIME=&quot;2018&quot; OBS_VALUE=&quot;328&quot; /&gt;&lt;/ABS:Series&gt;&lt;ABS:Series MEASURE=&quot;11&quot; INDIG_STATUS=&quot;IM&quot; AGE=&quot;A25&quot; ASGS_2011=&quot;2&quot; FREQUENCY=&quot;A&quot; TIME_FORMAT=&quot;P1Y&quot;&gt;&lt;ABS:Obs TIME=&quot;2001&quot; OBS_VALUE=&quot;68.1&quot; /&gt;&lt;ABS:Obs TIME=&quot;2002&quot; OBS_VALUE=&quot;73.8&quot; /&gt;&lt;ABS:Obs TIME=&quot;2003&quot; OBS_VALUE=&quot;91.2&quot; /&gt;&lt;ABS:Obs TIME=&quot;2004&quot; OBS_VALUE=&quot;68.9&quot; /&gt;&lt;ABS:Obs TIME=&quot;2005&quot; OBS_VALUE=&quot;101.7&quot; /&gt;&lt;ABS:Obs TIME=&quot;2006&quot; OBS_VALUE=&quot;76.6&quot; /&gt;&lt;ABS:Obs TIME=&quot;2007&quot; OBS_VALUE=&quot;110&quot; /&gt;&lt;ABS:Obs TIME=&quot;2008&quot; OBS_VALUE=&quot;92.6&quot; /&gt;&lt;ABS:Obs TIME=&quot;2009&quot; OBS_VALUE=&quot;105&quot; /&gt;&lt;ABS:Obs TIME=&quot;2010&quot; OBS_VALUE=&quot;97.5&quot; /&gt;&lt;ABS:Obs TIME=&quot;2011&quot; OBS_VALUE=&quot;106.1&quot; /&gt;&lt;ABS:Obs TIME=&quot;2012&quot; OBS_VALUE=&quot;108.7&quot; /&gt;&lt;ABS:Obs TIME=&quot;2013&quot; OBS_VALUE=&quot;110.4&quot; /&gt;&lt;ABS:Obs TIME=&quot;2014&quot; OBS_VALUE=&quot;105.3&quot; /&gt;&lt;ABS:Obs TIME=&quot;2015&quot; OBS_VALUE=&quot;102.6&quot; /&gt;&lt;ABS:Obs TIME=&quot;2016&quot; OBS_VALUE=&quot;101.4&quot; /&gt;&lt;ABS:Obs TIME=&quot;2017&quot; OBS_VALUE=&quot;126.4&quot; /&gt;&lt;ABS:Obs TIME=&quot;2018&quot; OBS_VALUE=&quot;124.5&quot; /&gt;&lt;/ABS:Series&gt;&lt;ABS:Series MEASURE=&quot;1&quot; INDIG_STATUS=&quot;IB&quot; AGE=&quot;A25&quot; ASGS_2011=&quot;2&quot; FREQUENCY=&quot;A&quot; TIME_FORMAT=&quot;P1Y&quot;&gt;&lt;ABS:Obs TIME=&quot;2001&quot; OBS_VALUE=&quot;159&quot; /&gt;&lt;ABS:Obs TIME=&quot;2002&quot; OBS_VALUE=&quot;168&quot; /&gt;&lt;ABS:Obs TIME=&quot;2003&quot; OBS_VALUE=&quot;194&quot; /&gt;&lt;ABS:Obs TIME=&quot;2004&quot; OBS_VALUE=&quot;172&quot; /&gt;&lt;ABS:Obs TIME=&quot;2005&quot; OBS_VALUE=&quot;217&quot; /&gt;&lt;ABS:Obs TIME=&quot;2006&quot; OBS_VALUE=&quot;174&quot; /&gt;&lt;ABS:Obs TIME=&quot;2007&quot; OBS_VALUE=&quot;256&quot; /&gt;&lt;ABS:Obs TIME=&quot;2008&quot; OBS_VALUE=&quot;241&quot; /&gt;&lt;ABS:Obs TIME=&quot;2009&quot; OBS_VALUE=&quot;284&quot; /&gt;&lt;ABS:Obs TIME=&quot;2010&quot; OBS_VALUE=&quot;242&quot; /&gt;&lt;ABS:Obs TIME=&quot;2011&quot; OBS_VALUE=&quot;272&quot; /&gt;&lt;ABS:O
Inserting 432 obs
&lt;soap12:Envelope xmlns:xsi=&quot;http://www.w3.org/2001/XMLSchema-instance&quot; xmlns:xsd=&quot;http://www.w3.org/2001/XMLSchema&quot; xmlns:soap12=&quot;http://www.w3.org/2003/05/soap-envelope&quot;&gt;
  &lt;soap12:Body&gt;
    &lt;GetCompactData xmlns=&quot;http://stats.oecd.org/OECDStatWS/SDMX/&quot;&gt;
      &lt;QueryMessage&gt;&lt;message:QueryMessage xmlns:message=&quot;http://www.SDMX.org/resources/SDMXML/schemas/v2_0/message&quot;&gt;&lt;Header xmlns=&quot;http://www.SDMX.org/resources/SDMXML/schemas/v2_0/message&quot;&gt;&lt;message:ID&gt;none&lt;/message:ID&gt;&lt;message:Test&gt;false&lt;/message:Test&gt;&lt;message:Prepared&gt;2016-08-19T00:11:33+08:00&lt;/message:Prepared&gt;&lt;message:Sender id=&quot;Sdmx-Sax&quot; /&gt;&lt;message:Receiver id=&quot;ABS&quot; /&gt;&lt;/Header&gt;&lt;message:Query&gt;&lt;DataWhere xmlns=&quot;http://www.SDMX.org/resources/SDMXML/schemas/v2_0/query&quot;&gt;&lt;And&gt;&lt;DataSet&gt;ATSI_FERTILITY&lt;/DataSet&gt;&lt;Time&gt;&lt;StartTime&gt;1000-02-01&lt;/StartTime&gt;&lt;EndTime&gt;2020-04-19&lt;/EndTime&gt;&lt;/Time&gt;&lt;Or&gt;&lt;Dimension id=&quot;INDIG_STATUS&quot;&gt;IB&lt;/Dimension&gt;&lt;Dimension id=&quot;INDIG_STATUS&quot;&gt;IM&lt;/Dimension&gt;&lt;Dimension id=&quot;INDIG_STATUS&quot;&gt;IB&lt;/Dimension&gt;&lt;/Or&gt;&lt;Or&gt;&lt;Dimension id=&quot;AGE&quot;&gt;A30&lt;/Dimension&gt;&lt;/Or&gt;&lt;Or&gt;&lt;Dimension id=&quot;ASGS_2011&quot;&gt;0&lt;/Dimension&gt;&lt;Dimension id=&quot;ASGS_2011&quot;&gt;1&lt;/Dimension&gt;&lt;Dimension id=&quot;ASGS_2011&quot;&gt;2&lt;/Dimension&gt;&lt;Dimension id=&quot;ASGS_2011&quot;&gt;3&lt;/Dimension&gt;&lt;Dimension id=&quot;ASGS_2011&quot;&gt;4&lt;/Dimension&gt;&lt;Dimension id=&quot;ASGS_2011&quot;&gt;5&lt;/Dimension&gt;&lt;Dimension id=&quot;ASGS_2011&quot;&gt;6&lt;/Dimension&gt;&lt;Dimension id=&quot;ASGS_2011&quot;&gt;7&lt;/Dimension&gt;&lt;/Or&gt;&lt;Or&gt;&lt;Dimension id=&quot;FREQUENCY&quot;&gt;A&lt;/Dimension&gt;&lt;/Or&gt;&lt;Or&gt;&lt;Dimension id=&quot;MEASURE&quot;&gt;1&lt;/Dimension&gt;&lt;Dimension id=&quot;MEASURE&quot;&gt;11&lt;/Dimension&gt;&lt;/Or&gt;&lt;/And&gt;&lt;/DataWhere&gt;&lt;/message:Query&gt;&lt;/message:QueryMessage&gt;
&lt;/QueryMessage&gt;
&lt;/GetCompactData&gt;
&lt;/soap12:Body&gt;
&lt;/soap12:Envelope&gt;
Header=&lt;message:CompactData xmlns=&quot;http://www.SDMX.org/resources/SDMXML/schemas/v2_0/message&quot; xmlns:common=&quot;http://www.SDMX.org/resources/SDMXML/schemas/v2_0/common&quot; xmlns:compact=&quot;http://www.SDMX.org/resources/SDMXML/schemas/v2_0/compact&quot; xmlns:ABS=&quot;http://oecd.stat.org/Data&quot; xmlns:xsi=&quot;http://www.w3.org/2001/XMLSchema-instance&quot; xsi:schemaLocation=&quot;http://www.SDMX.org/resources/SDMXML/schemas/v2_0/message http://www.sdmx.org/docs/2_0/SDMXMessage.xsd http://oecd.stat.org/Data http://stat.data.abs.gov.au/restsdmx/sdmx.ashx/GetSchema/ATSI_FERTILITY&quot; xmlns:message=&quot;http://www.SDMX.org/resources/SDMXML/schemas/v2_0/message&quot;&gt;&lt;Header&gt;&lt;ID&gt;none&lt;/ID&gt;&lt;Test&gt;false&lt;/Test&gt;&lt;Truncated&gt;false&lt;/Truncated&gt;&lt;Prepared&gt;2020-03-19T13:25:38&lt;/Prepared&gt;&lt;Sender id=&quot;ABS&quot;&gt;&lt;Name xml:lang=&quot;en&quot;&gt;Australian Bureau of Statistics&lt;/Name&gt;&lt;Name xml:lang=&quot;fr&quot;&gt;Australian Bureau of Statistics&lt;/Name&gt;&lt;/Sender&gt;&lt;/Header&gt;&lt;ABS:DataSet keyFamilyURI=&quot;http://stat.data.abs.gov.au/restsdmx/sdmx.ashx/GetKeyFamily/ATSI_FERTILITY&quot; xmlns:ABS=&quot;http://oecd.stat.org/Data&quot;&gt;&lt;ABS:Series MEASURE=&quot;1&quot; INDIG_STATUS=&quot;IM&quot; AGE=&quot;A30&quot; ASGS_2011=&quot;0&quot; FREQUENCY=&quot;A&quot; TIME_FORMAT=&quot;P1Y&quot;&gt;&lt;ABS:Obs TIME=&quot;2001&quot; OBS_VALUE=&quot;1335&quot; /&gt;&lt;ABS:Obs TIME=&quot;2002&quot; OBS_VALUE=&quot;1318&quot; /&gt;&lt;ABS:Obs TIME=&quot;2003&quot; OBS_VALUE=&quot;1355&quot; /&gt;&lt;ABS:Obs TIME=&quot;2004&quot; OBS_VALUE=&quot;1406&quot; /&gt;&lt;ABS:Obs TIME=&quot;2005&quot; OBS_VALUE=&quot;1419&quot; /&gt;&lt;ABS:Obs TIME=&quot;2006&quot; OBS_VALUE=&quot;1524&quot; /&gt;&lt;ABS:Obs TIME=&quot;2007&quot; OBS_VALUE=&quot;1735&quot; /&gt;&lt;ABS:Obs TIME=&quot;2008&quot; OBS_VALUE=&quot;1782&quot; /&gt;&lt;ABS:Obs TIME=&quot;2009&quot; OBS_VALUE=&quot;1797&quot; /&gt;&lt;ABS:Obs TIME=&quot;2010&quot; OBS_VALUE=&quot;1916&quot; /&gt;&lt;ABS:Obs TIME=&quot;2011&quot; OBS_VALUE=&quot;1941&quot; /&gt;&lt;ABS:Obs TIME=&quot;2012&quot; OBS_VALUE=&quot;1941&quot; /&gt;&lt;ABS:Obs TIME=&quot;2013&quot; OBS_VALUE=&quot;1957&quot; /&gt;&lt;ABS:Obs TIME=&quot;2014&quot; OBS_VALUE=&quot;1940&quot; /&gt;&lt;ABS:Obs TIME=&quot;2015&quot; OBS_VALUE=&quot;2169&quot; /&gt;&lt;ABS:Obs TIME=&quot;2016&quot; OBS_VALUE=&quot;2226&quot; /&gt;&lt;ABS:Obs TIME=&quot;2017&quot; OBS_VALUE=&quot;2390&quot; /&gt;&lt;ABS:Obs TIME=&quot;2018&quot; OBS_VALUE=&quot;2735&quot; /&gt;&lt;/ABS:Series&gt;&lt;ABS:Series MEASURE=&quot;11&quot; INDIG_STATUS=&quot;IM&quot; AGE=&quot;A30&quot; ASGS_2011=&quot;0&quot; FREQUENCY=&quot;A&quot; TIME_FORMAT=&quot;P1Y&quot;&gt;&lt;ABS:Obs TIME=&quot;2001&quot; OBS_VALUE=&quot;61.1&quot; /&gt;&lt;ABS:Obs TIME=&quot;2002&quot; OBS_VALUE=&quot;58.8&quot; /&gt;&lt;ABS:Obs TIME=&quot;2003&quot; OBS_VALUE=&quot;59.7&quot; /&gt;&lt;ABS:Obs TIME=&quot;2004&quot; OBS_VALUE=&quot;62.4&quot; /&gt;&lt;ABS:Obs TIME=&quot;2005&quot; OBS_VALUE=&quot;64.2&quot; /&gt;&lt;ABS:Obs TIME=&quot;2006&quot; OBS_VALUE=&quot;71&quot; /&gt;&lt;ABS:Obs TIME=&quot;2007&quot; OBS_VALUE=&quot;83.3&quot; /&gt;&lt;ABS:Obs TIME=&quot;2008&quot; OBS_VALUE=&quot;87.5&quot; /&gt;&lt;ABS:Obs TIME=&quot;2009&quot; OBS_VALUE=&quot;88.4&quot; /&gt;&lt;ABS:Obs TIME=&quot;2010&quot; OBS_VALUE=&quot;93.4&quot; /&gt;&lt;ABS:Obs TIME=&quot;2011&quot; OBS_VALUE=&quot;93.4&quot; /&gt;&lt;ABS:Obs TIME=&quot;2012&quot; OBS_VALUE=&quot;86.3&quot; /&gt;&lt;ABS:Obs TIME=&quot;2013&quot; OBS_VALUE=&quot;84.7&quot; /&gt;&lt;ABS:Obs TIME=&quot;2014&quot; OBS_VALUE=&quot;81.5&quot; /&gt;&lt;ABS:Obs TIME=&quot;2015&quot; OBS_VALUE=&quot;88&quot; /&gt;&lt;ABS:Obs TIME=&quot;2016&quot; OBS_VALUE=&quot;86.7&quot; /&gt;&lt;ABS:Obs TIME=&quot;2017&quot; OBS_VALUE=&quot;90&quot; /&gt;&lt;ABS:Obs TIME=&quot;2018&quot; OBS_VALUE=&quot;99.8&quot; /&gt;&lt;/ABS:Series&gt;&lt;ABS:Series MEASURE=&quot;1&quot; INDIG_STATUS=&quot;IB&quot; AGE=&quot;A30&quot; ASGS_2011=&quot;0&quot; FREQUENCY=&quot;A&quot; TIME_FORMAT=&quot;P1Y&quot;&gt;&lt;ABS:Obs TIME=&quot;2001&quot; OBS_VALUE=&quot;1883&quot; /&gt;&lt;ABS:Obs TIME=&quot;2002&quot; OBS_VALUE=&quot;1884&quot; /&gt;&lt;ABS:Obs TIME=&quot;2003&quot; OBS_VALUE=&quot;1966&quot; /&gt;&lt;ABS:Obs TIME=&quot;2004&quot; OBS_VALUE=&quot;2062&quot; /&gt;&lt;ABS:Obs TIME=&quot;2005&quot; OBS_VALUE=&quot;2133&quot; /&gt;&lt;ABS:Obs TIME=&quot;2006&quot; OBS_VALUE=&quot;2261&quot; /&gt;&lt;ABS:Obs TIME=&quot;2007&quot; OBS_VALUE=&quot;2511&quot; /&gt;&lt;ABS:Obs TIME=&quot;2008&quot; OBS_VALUE=&quot;2548&quot; /&gt;&lt;ABS:Obs TIME=&quot;2009&quot; OBS_VALUE=&quot;2591&quot; /&gt;&lt;ABS:Obs TIME=&quot;2010&quot; OBS_VALUE=&quot;2721&quot; /&gt;&lt;ABS:Obs TIME=&quot;2011&quot; OBS_VALUE=&quot;2803&quot; /&gt;&lt;ABS:Obs TIME=&quot;2012&quot; OBS_VALUE=&quot;2921&quot; /&gt;&lt;ABS:Obs TIME=&quot;2013&quot; OBS_VALUE=&quot;2891&quot; /&gt;&lt;ABS:Obs TIME=&quot;2014&quot; OBS_VALUE=&quot;2868&quot; /&gt;&lt;ABS:Obs TIME=&quot;2015&quot; OBS_VALUE=&quot;3253&quot; /&gt;&lt;ABS:Obs TIME=&quot;2016&quot; OBS_VALUE=&quot;3445&quot; /&gt;&lt;ABS:Obs TIME=&quot;2017&quot; OBS_VALUE=&quot;3676&quot; /&gt;&lt;ABS:Obs TIME=&quot;2018&quot; OBS_VALUE=&quot;4221&quot; /&gt;&lt;/ABS:Series&gt;&lt;ABS:Series MEASURE=&quot;1&quot; INDIG_STATUS=&quot;IM&quot; AGE=&quot;A30&quot; ASGS_2011=&quot;1&quot; FREQUENCY=&quot;A&quot; TIME_FORMAT=&quot;P1Y&quot;&gt;&lt;ABS:Obs TIME=&quot;2001&quot; OBS_VALUE=&quot;348&quot; /&gt;&lt;ABS:Obs TIME=&quot;2002&quot; OBS_VALUE=&quot;374&quot; /&gt;&lt;ABS:Obs TIME=&quot;2003&quot; OBS_VALUE=&quot;356&quot; /&gt;&lt;ABS:Obs TIME=&quot;2004&quot; OBS_VALUE=&quot;382&quot; /&gt;&lt;ABS:Obs TIME=&quot;2005&quot; OBS_VALUE=&quot;420&quot; /&gt;&lt;ABS:Obs TIME=&quot;2006&quot; OBS_VALUE=&quot;455&quot; /&gt;&lt;ABS:Obs TIME=&quot;2007&quot; OBS_VALUE=&quot;572&quot; /&gt;&lt;ABS:Obs TIME=&quot;2008&quot; OBS_VALUE=&quot;521&quot; /&gt;&lt;ABS:Obs TIME=&quot;2009&quot; OBS_VALUE=&quot;506&quot; /&gt;&lt;ABS:Obs TIME=&quot;2010&quot; OBS_VALUE=&quot;557&quot; /&gt;&lt;ABS:Obs TIME=&quot;2011&quot; OBS_VALUE=&quot;583&quot; /&gt;&lt;ABS:Obs TIME=&quot;2012&quot; OBS_VALUE=&quot;544&quot; /&gt;&lt;ABS:Obs TIME=&quot;2013&quot; OBS_VALUE=&quot;597&quot; /&gt;&lt;ABS:Obs TIME=&quot;2014&quot; OBS_VALUE=&quot;543&quot; /&gt;&lt;ABS:Obs TIME=&quot;2015&quot; OBS_VALUE=&quot;649&quot; /&gt;&lt;ABS:Obs TIME=&quot;2016&quot; OBS_VALUE=&quot;695&quot; /&gt;&lt;ABS:Obs TIME=&quot;2017&quot; OBS_VALUE=&quot;662&quot; /&gt;&lt;ABS:Obs TIME=&quot;2018&quot; OBS_VALUE=&quot;914&quot; /&gt;&lt;/ABS:Series&gt;&lt;ABS:Series MEASURE=&quot;11&quot; INDIG_STATUS=&quot;IM&quot; AGE=&quot;A30&quot; ASGS_2011=&quot;1&quot; FREQUENCY=&quot;A&quot; TIME_FORMAT=&quot;P1Y&quot;&gt;&lt;ABS:Obs TIME=&quot;2001&quot; OBS_VALUE=&quot;51&quot; /&gt;&lt;ABS:Obs TIME=&quot;2002&quot; OBS_VALUE=&quot;53.8&quot; /&gt;&lt;ABS:Obs TIME=&quot;2003&quot; OBS_VALUE=&quot;50.7&quot; /&gt;&lt;ABS:Obs TIME=&quot;2004&quot; OBS_VALUE=&quot;54.9&quot; /&gt;&lt;ABS:Obs TIME=&quot;2005&quot; OBS_VALUE=&quot;62&quot; /&gt;&lt;ABS:Obs TIME=&quot;2006&quot; OBS_VALUE=&quot;69.3&quot; /&gt;&lt;ABS:Obs TIME=&quot;2007&quot; OBS_VALUE=&quot;91.7&quot; /&gt;&lt;ABS:Obs TIME=&quot;2008&quot; OBS_VALUE=&quot;87.3&quot; /&gt;&lt;ABS:Obs TIME=&quot;2009&quot; OBS_VALUE=&quot;86.4&quot; /&gt;&lt;ABS:Obs TIME=&quot;2010&quot; OBS_VALUE=&quot;95.3&quot; /&gt;&lt;ABS:Obs TIME=&quot;2011&quot; OBS_VALUE=&quot;99.5&quot; /&gt;&lt;ABS:Obs TIME=&quot;2012&quot; OBS_VALUE=&quot;77.1&quot; /&gt;&lt;ABS:Obs TIME=&quot;2013&quot; OBS_VALUE=&quot;82.3&quot; /&gt;&lt;ABS:Obs TIME=&quot;2014&quot; OBS_VALUE=&quot;72.2&quot; /&gt;&lt;ABS:Obs TIME=&quot;2015&quot; OBS_VALUE=&quot;83.8&quot; /&gt;&lt;ABS:Obs TIME=&quot;2016&quot; OBS_VALUE=&quot;86.5&quot; /&gt;&lt;ABS:Obs TIME=&quot;2017&quot; OBS_VALUE=&quot;80.1&quot; /&gt;&lt;ABS:Obs TIME=&quot;2018&quot; OBS_VALUE=&quot;106.2&quot; /&gt;&lt;/ABS:Series&gt;&lt;ABS:Series MEASURE=&quot;1&quot; INDIG_STATUS=&quot;IB&quot; AGE=&quot;A30&quot; ASGS_2011=&quot;1&quot; FREQUENCY=&quot;A&quot; TIME_FORMAT=&quot;P1Y&quot;&gt;&lt;ABS:Obs TIME=&quot;2001&quot; OBS_VALUE=&quot;543&quot; /&gt;&lt;ABS:Obs TIME=&quot;2002&quot; OBS_VALUE=&quot;560&quot; /&gt;&lt;ABS:Obs TIME=&quot;2003&quot; OBS_VALUE=&quot;580&quot; /&gt;&lt;ABS:Obs TIME=&quot;2004&quot; OBS_VALUE=&quot;636&quot; /&gt;&lt;ABS:Obs TIME=&quot;2005&quot; OBS_VALUE=&quot;673&quot; /&gt;&lt;ABS:Obs TIME=&quot;2006&quot; OBS_VALUE=&quot;713&quot; /&gt;&lt;ABS:Obs TIME=&quot;2007&quot; OBS_VALUE=&quot;851&quot; /&gt;&lt;ABS:Obs TIME=&quot;2008&quot; OBS_VALUE=&quot;808&quot; /&gt;&lt;ABS:Obs TIME=&quot;2009&quot; OBS_VALUE=&quot;822&quot; /&gt;&lt;ABS:Obs TIME=&quot;2010&quot; OBS_VALUE=&quot;879&quot; /&gt;&lt;ABS:Obs TIME=&quot;2011&quot; OBS_VALUE=&quot;926&quot; /&gt;&lt;ABS:Obs TIME=&quot;2012&quot; OBS_VALUE=&quot;891&quot; /&gt;&lt;ABS:Obs TIME=&quot;2013&quot; OBS_VALUE=&quot;939&quot; /&gt;&lt;ABS:Obs TIME=&quot;2014&quot; OBS_VALUE=&quot;867&quot; /&gt;&lt;ABS:Obs TIME=&quot;2015&quot; OBS_VALUE=&quot;1067&quot; /&gt;&lt;ABS:Obs TIME=&quot;2016&quot; OBS_VALUE=&quot;1106&quot; /&gt;&lt;ABS:Obs TIME=&quot;2017&quot; OBS_VALUE=&quot;1100&quot; /&gt;&lt;ABS:Obs TIME=&quot;2018&quot; OBS_VALUE=&quot;1543&quot; /&gt;&lt;/ABS:Series&gt;&lt;ABS:Series MEASURE=&quot;1&quot; INDIG_STATUS=&quot;IM&quot; AGE=&quot;A30&quot; ASGS_2011=&quot;2&quot; FREQUENCY=&quot;A&quot; TIME_FORMAT=&quot;P1Y&quot;&gt;&lt;ABS:Obs TIME=&quot;2001&quot; OBS_VALUE=&quot;59&quot; /&gt;&lt;ABS:Obs TIME=&quot;2002&quot; OBS_VALUE=&quot;62&quot; /&gt;&lt;ABS:Obs TIME=&quot;2003&quot; OBS_VALUE=&quot;84&quot; /&gt;&lt;ABS:Obs TIME=&quot;2004&quot; OBS_VALUE=&quot;81&quot; /&gt;&lt;ABS:Obs TIME=&quot;2005&quot; OBS_VALUE=&quot;75&quot; /&gt;&lt;ABS:Obs TIME=&quot;2006&quot; OBS_VALUE=&quot;94&quot; /&gt;&lt;ABS:Obs TIME=&quot;2007&quot; OBS_VALUE=&quot;129&quot; /&gt;&lt;ABS:Obs TIME=&quot;2008&quot; OBS_VALUE=&quot;128&quot; /&gt;&lt;ABS:Obs TIME=&quot;2009&quot; OBS_VALUE=&quot;130&quot; /&gt;&lt;ABS:Obs TIME=&quot;2010&quot; OBS_VALUE=&quot;111&quot; /&gt;&lt;ABS:Obs TIME=&quot;2011&quot; OBS_VALUE=&quot;128&quot; /&gt;&lt;ABS:Obs TIME=&quot;2012&quot; OBS_VALUE=&quot;123&quot; /&gt;&lt;ABS:Obs TIME=&quot;2013&quot; OBS_VALUE=&quot;136&quot; /&gt;&lt;ABS:Obs TIME=&quot;2014&quot; OBS_VALUE=&quot;141&quot; /&gt;&lt;ABS:Obs TIME=&quot;2015&quot; OBS_VALUE=&quot;132&quot; /&gt;&lt;ABS:Obs TIME=&quot;2016&quot; OBS_VALUE=&quot;170&quot; /&gt;&lt;ABS:Obs TIME=&quot;2017&quot; OBS_VALUE=&quot;188&quot; /&gt;&lt;ABS:Obs TIME=&quot;2018&quot; OBS_VALUE=&quot;200&quot; /&gt;&lt;/ABS:Series&gt;&lt;ABS:Series MEASURE=&quot;11&quot; INDIG_STATUS=&quot;IM&quot; AGE=&quot;A30&quot; ASGS_2011=&quot;2&quot; FREQUENCY=&quot;A&quot; TIME_FORMAT=&quot;P1Y&quot;&gt;&lt;ABS:Obs TIME=&quot;2001&quot; OBS_VALUE=&quot;38.8&quot; /&gt;&lt;ABS:Obs TIME=&quot;2002&quot; OBS_VALUE=&quot;40.1&quot; /&gt;&lt;ABS:Obs TIME=&quot;2003&quot; OBS_VALUE=&quot;55&quot; /&gt;&lt;ABS:Obs TIME=&quot;2004&quot; OBS_VALUE=&quot;56.3&quot; /&gt;&lt;ABS:Obs TIME=&quot;2005&quot; OBS_VALUE=&quot;52.8&quot; /&gt;&lt;ABS:Obs TIME=&quot;2006&quot; OBS_VALUE=&quot;69.6&quot; /&gt;&lt;ABS:Obs TIME=&quot;2007&quot; OBS_VALUE=&quot;96.4&quot; /&gt;&lt;ABS:Obs TIME=&quot;2008&quot; OBS_VALUE=&quot;95.5&quot; /&gt;&lt;ABS:Obs TIME=&quot;2009&quot; OBS_VALUE=&quot;92.5&quot; /&gt;&lt;ABS:Obs TIME=&quot;2010&quot; OBS_VALUE=&quot;78&quot; /&gt;&lt;ABS:Obs TIME=&quot;2011&quot; OBS_VALUE=&quot;87.4&quot; /&gt;&lt;ABS:Obs TIME=&quot;2012&quot; OBS_VALUE=&quot;76.8&quot; /&gt;&lt;ABS:Obs TIME=&quot;2013&quot; OBS_VALUE=&quot;84.2&quot; /&gt;&lt;ABS:Obs TIME=&quot;2014&quot; OBS_VALUE=&quot;87.2&quot; /&gt;&lt;ABS:Obs TIME=&quot;2015&quot; OBS_VALUE=&quot;78.6&quot; /&gt;&lt;ABS:Obs TIME=&quot;2016&quot; OBS_VALUE=&quot;97.6&quot; /&gt;&lt;ABS:Obs TIME=&quot;2017&quot; OBS_VALUE=&quot;105.1&quot; /&gt;&lt;ABS:Obs TIME=&quot;2018&quot; OBS_VALUE=&quot;107.1&quot; /&gt;&lt;/ABS:Series&gt;&lt;ABS:Series MEASURE=&quot;1&quot; INDIG_STATUS=&quot;IB&quot; AGE=&quot;A30&quot; ASGS_2011=&quot;2&quot; FREQUENCY=&quot;A&quot; TIME_FORMAT=&quot;P1Y&quot;&gt;&lt;ABS:Obs TIME=&quot;2001&quot; OBS_VALUE=&quot;93&quot; /&gt;&lt;ABS:Obs TIME=&quot;2002&quot; OBS_VALUE=&quot;113&quot; /&gt;&lt;ABS:Obs TIME=&quot;2003&quot; OBS_VALUE=&quot;138&quot; /&gt;&lt;ABS:Obs TIME=&quot;2004&quot; OBS_VALUE=&quot;134&quot; /&gt;&lt;ABS:Obs TIME=&quot;2005&quot; OBS_VALUE=&quot;146&quot; /&gt;&lt;ABS:Obs TIME=&quot;2006&quot; OBS_VALUE=&quot;168&quot; /&gt;&lt;ABS:Obs TIME=&quot;2007&quot; OBS_VALUE=&quot;201&quot; /&gt;&lt;ABS:Obs TIME=&quot;2008&quot; OBS_VALUE=&quot;216&quot; /&gt;&lt;ABS:Obs TIME=&quot;2009&quot; OBS_VALUE=&quot;205&quot; /&gt;&lt;ABS:Obs TIME=&quot;2010&quot; OBS_VALUE=&quot;195&quot; /&gt;&lt;ABS:Obs TIME=&quot;2011&quot; OBS_VALUE=&quot;201&quot; /&gt;&lt;ABS:Obs TIME=&quot;2012&quot; OBS_VALUE=&quot;235&quot; /&gt;&lt;ABS:Obs TIME=&quot;2013&quot; OB
Inserting 432 obs
&lt;soap12:Envelope xmlns:xsi=&quot;http://www.w3.org/2001/XMLSchema-instance&quot; xmlns:xsd=&quot;http://www.w3.org/2001/XMLSchema&quot; xmlns:soap12=&quot;http://www.w3.org/2003/05/soap-envelope&quot;&gt;
  &lt;soap12:Body&gt;
    &lt;GetCompactData xmlns=&quot;http://stats.oecd.org/OECDStatWS/SDMX/&quot;&gt;
      &lt;QueryMessage&gt;&lt;message:QueryMessage xmlns:message=&quot;http://www.SDMX.org/resources/SDMXML/schemas/v2_0/message&quot;&gt;&lt;Header xmlns=&quot;http://www.SDMX.org/resources/SDMXML/schemas/v2_0/message&quot;&gt;&lt;message:ID&gt;none&lt;/message:ID&gt;&lt;message:Test&gt;false&lt;/message:Test&gt;&lt;message:Prepared&gt;2016-08-19T00:11:33+08:00&lt;/message:Prepared&gt;&lt;message:Sender id=&quot;Sdmx-Sax&quot; /&gt;&lt;message:Receiver id=&quot;ABS&quot; /&gt;&lt;/Header&gt;&lt;message:Query&gt;&lt;DataWhere xmlns=&quot;http://www.SDMX.org/resources/SDMXML/schemas/v2_0/query&quot;&gt;&lt;And&gt;&lt;DataSet&gt;ATSI_FERTILITY&lt;/DataSet&gt;&lt;Time&gt;&lt;StartTime&gt;1000-02-01&lt;/StartTime&gt;&lt;EndTime&gt;2020-04-19&lt;/EndTime&gt;&lt;/Time&gt;&lt;Or&gt;&lt;Dimension id=&quot;INDIG_STATUS&quot;&gt;IB&lt;/Dimension&gt;&lt;Dimension id=&quot;INDIG_STATUS&quot;&gt;IM&lt;/Dimension&gt;&lt;Dimension id=&quot;INDIG_STATUS&quot;&gt;IB&lt;/Dimension&gt;&lt;/Or&gt;&lt;Or&gt;&lt;Dimension id=&quot;AGE&quot;&gt;A35&lt;/Dimension&gt;&lt;/Or&gt;&lt;Or&gt;&lt;Dimension id=&quot;ASGS_2011&quot;&gt;0&lt;/Dimension&gt;&lt;Dimension id=&quot;ASGS_2011&quot;&gt;1&lt;/Dimension&gt;&lt;Dimension id=&quot;ASGS_2011&quot;&gt;2&lt;/Dimension&gt;&lt;Dimension id=&quot;ASGS_2011&quot;&gt;3&lt;/Dimension&gt;&lt;Dimension id=&quot;ASGS_2011&quot;&gt;4&lt;/Dimension&gt;&lt;Dimension id=&quot;ASGS_2011&quot;&gt;5&lt;/Dimension&gt;&lt;Dimension id=&quot;ASGS_2011&quot;&gt;6&lt;/Dimension&gt;&lt;Dimension id=&quot;ASGS_2011&quot;&gt;7&lt;/Dimension&gt;&lt;/Or&gt;&lt;Or&gt;&lt;Dimension id=&quot;FREQUENCY&quot;&gt;A&lt;/Dimension&gt;&lt;/Or&gt;&lt;Or&gt;&lt;Dimension id=&quot;MEASURE&quot;&gt;1&lt;/Dimension&gt;&lt;Dimension id=&quot;MEASURE&quot;&gt;11&lt;/Dimension&gt;&lt;/Or&gt;&lt;/And&gt;&lt;/DataWhere&gt;&lt;/message:Query&gt;&lt;/message:QueryMessage&gt;
&lt;/QueryMessage&gt;
&lt;/GetCompactData&gt;
&lt;/soap12:Body&gt;
&lt;/soap12:Envelope&gt;
Header=&lt;message:CompactData xmlns=&quot;http://www.SDMX.org/resources/SDMXML/schemas/v2_0/message&quot; xmlns:common=&quot;http://www.SDMX.org/resources/SDMXML/schemas/v2_0/common&quot; xmlns:compact=&quot;http://www.SDMX.org/resources/SDMXML/schemas/v2_0/compact&quot; xmlns:ABS=&quot;http://oecd.stat.org/Data&quot; xmlns:xsi=&quot;http://www.w3.org/2001/XMLSchema-instance&quot; xsi:schemaLocation=&quot;http://www.SDMX.org/resources/SDMXML/schemas/v2_0/message http://www.sdmx.org/docs/2_0/SDMXMessage.xsd http://oecd.stat.org/Data http://stat.data.abs.gov.au/restsdmx/sdmx.ashx/GetSchema/ATSI_FERTILITY&quot; xmlns:message=&quot;http://www.SDMX.org/resources/SDMXML/schemas/v2_0/message&quot;&gt;&lt;Header&gt;&lt;ID&gt;none&lt;/ID&gt;&lt;Test&gt;false&lt;/Test&gt;&lt;Truncated&gt;false&lt;/Truncated&gt;&lt;Prepared&gt;2020-03-19T13:25:43&lt;/Prepared&gt;&lt;Sender id=&quot;ABS&quot;&gt;&lt;Name xml:lang=&quot;en&quot;&gt;Australian Bureau of Statistics&lt;/Name&gt;&lt;Name xml:lang=&quot;fr&quot;&gt;Australian Bureau of Statistics&lt;/Name&gt;&lt;/Sender&gt;&lt;/Header&gt;&lt;ABS:DataSet keyFamilyURI=&quot;http://stat.data.abs.gov.au/restsdmx/sdmx.ashx/GetKeyFamily/ATSI_FERTILITY&quot; xmlns:ABS=&quot;http://oecd.stat.org/Data&quot;&gt;&lt;ABS:Series MEASURE=&quot;1&quot; INDIG_STATUS=&quot;IM&quot; AGE=&quot;A35&quot; ASGS_2011=&quot;0&quot; FREQUENCY=&quot;A&quot; TIME_FORMAT=&quot;P1Y&quot;&gt;&lt;ABS:Obs TIME=&quot;2001&quot; OBS_VALUE=&quot;483&quot; /&gt;&lt;ABS:Obs TIME=&quot;2002&quot; OBS_VALUE=&quot;523&quot; /&gt;&lt;ABS:Obs TIME=&quot;2003&quot; OBS_VALUE=&quot;552&quot; /&gt;&lt;ABS:Obs TIME=&quot;2004&quot; OBS_VALUE=&quot;583&quot; /&gt;&lt;ABS:Obs TIME=&quot;2005&quot; OBS_VALUE=&quot;624&quot; /&gt;&lt;ABS:Obs TIME=&quot;2006&quot; OBS_VALUE=&quot;655&quot; /&gt;&lt;ABS:Obs TIME=&quot;2007&quot; OBS_VALUE=&quot;842&quot; /&gt;&lt;ABS:Obs TIME=&quot;2008&quot; OBS_VALUE=&quot;890&quot; /&gt;&lt;ABS:Obs TIME=&quot;2009&quot; OBS_VALUE=&quot;938&quot; /&gt;&lt;ABS:Obs TIME=&quot;2010&quot; OBS_VALUE=&quot;929&quot; /&gt;&lt;ABS:Obs TIME=&quot;2011&quot; OBS_VALUE=&quot;949&quot; /&gt;&lt;ABS:Obs TIME=&quot;2012&quot; OBS_VALUE=&quot;925&quot; /&gt;&lt;ABS:Obs TIME=&quot;2013&quot; OBS_VALUE=&quot;967&quot; /&gt;&lt;ABS:Obs TIME=&quot;2014&quot; OBS_VALUE=&quot;968&quot; /&gt;&lt;ABS:Obs TIME=&quot;2015&quot; OBS_VALUE=&quot;892&quot; /&gt;&lt;ABS:Obs TIME=&quot;2016&quot; OBS_VALUE=&quot;964&quot; /&gt;&lt;ABS:Obs TIME=&quot;2017&quot; OBS_VALUE=&quot;1104&quot; /&gt;&lt;ABS:Obs TIME=&quot;2018&quot; OBS_VALUE=&quot;1221&quot; /&gt;&lt;/ABS:Series&gt;&lt;ABS:Series MEASURE=&quot;11&quot; INDIG_STATUS=&quot;IM&quot; AGE=&quot;A35&quot; ASGS_2011=&quot;0&quot; FREQUENCY=&quot;A&quot; TIME_FORMAT=&quot;P1Y&quot;&gt;&lt;ABS:Obs TIME=&quot;2001&quot; OBS_VALUE=&quot;26.1&quot; /&gt;&lt;ABS:Obs TIME=&quot;2002&quot; OBS_VALUE=&quot;27.7&quot; /&gt;&lt;ABS:Obs TIME=&quot;2003&quot; OBS_VALUE=&quot;28.5&quot; /&gt;&lt;ABS:Obs TIME=&quot;2004&quot; OBS_VALUE=&quot;29.3&quot; /&gt;&lt;ABS:Obs TIME=&quot;2005&quot; OBS_VALUE=&quot;30.1&quot; /&gt;&lt;ABS:Obs TIME=&quot;2006&quot; OBS_VALUE=&quot;30.3&quot; /&gt;&lt;ABS:Obs TIME=&quot;2007&quot; OBS_VALUE=&quot;38&quot; /&gt;&lt;ABS:Obs TIME=&quot;2008&quot; OBS_VALUE=&quot;39.7&quot; /&gt;&lt;ABS:Obs TIME=&quot;2009&quot; OBS_VALUE=&quot;42.2&quot; /&gt;&lt;ABS:Obs TIME=&quot;2010&quot; OBS_VALUE=&quot;42.6&quot; /&gt;&lt;ABS:Obs TIME=&quot;2011&quot; OBS_VALUE=&quot;44.8&quot; /&gt;&lt;ABS:Obs TIME=&quot;2012&quot; OBS_VALUE=&quot;41&quot; /&gt;&lt;ABS:Obs TIME=&quot;2013&quot; OBS_VALUE=&quot;44&quot; /&gt;&lt;ABS:Obs TIME=&quot;2014&quot; OBS_VALUE=&quot;44.7&quot; /&gt;&lt;ABS:Obs TIME=&quot;2015&quot; OBS_VALUE=&quot;41.1&quot; /&gt;&lt;ABS:Obs TIME=&quot;2016&quot; OBS_VALUE=&quot;44.2&quot; /&gt;&lt;ABS:Obs TIME=&quot;2017&quot; OBS_VALUE=&quot;49.6&quot; /&gt;&lt;ABS:Obs TIME=&quot;2018&quot; OBS_VALUE=&quot;53.4&quot; /&gt;&lt;/ABS:Series&gt;&lt;ABS:Series MEASURE=&quot;1&quot; INDIG_STATUS=&quot;IB&quot; AGE=&quot;A35&quot; ASGS_2011=&quot;0&quot; FREQUENCY=&quot;A&quot; TIME_FORMAT=&quot;P1Y&quot;&gt;&lt;ABS:Obs TIME=&quot;2001&quot; OBS_VALUE=&quot;695&quot; /&gt;&lt;ABS:Obs TIME=&quot;2002&quot; OBS_VALUE=&quot;783&quot; /&gt;&lt;ABS:Obs TIME=&quot;2003&quot; OBS_VALUE=&quot;795&quot; /&gt;&lt;ABS:Obs TIME=&quot;2004&quot; OBS_VALUE=&quot;865&quot; /&gt;&lt;ABS:Obs TIME=&quot;2005&quot; OBS_VALUE=&quot;929&quot; /&gt;&lt;ABS:Obs TIME=&quot;2006&quot; OBS_VALUE=&quot;974&quot; /&gt;&lt;ABS:Obs TIME=&quot;2007&quot; OBS_VALUE=&quot;1235&quot; /&gt;&lt;ABS:Obs TIME=&quot;2008&quot; OBS_VALUE=&quot;1316&quot; /&gt;&lt;ABS:Obs TIME=&quot;2009&quot; OBS_VALUE=&quot;1371&quot; /&gt;&lt;ABS:Obs TIME=&quot;2010&quot; OBS_VALUE=&quot;1359&quot; /&gt;&lt;ABS:Obs TIME=&quot;2011&quot; OBS_VALUE=&quot;1379&quot; /&gt;&lt;ABS:Obs TIME=&quot;2012&quot; OBS_VALUE=&quot;1402&quot; /&gt;&lt;ABS:Obs TIME=&quot;2013&quot; OBS_VALUE=&quot;1443&quot; /&gt;&lt;ABS:Obs TIME=&quot;2014&quot; OBS_VALUE=&quot;1429&quot; /&gt;&lt;ABS:Obs TIME=&quot;2015&quot; OBS_VALUE=&quot;1369&quot; /&gt;&lt;ABS:Obs TIME=&quot;2016&quot; OBS_VALUE=&quot;1487&quot; /&gt;&lt;ABS:Obs TIME=&quot;2017&quot; OBS_VALUE=&quot;1680&quot; /&gt;&lt;ABS:Obs TIME=&quot;2018&quot; OBS_VALUE=&quot;1873&quot; /&gt;&lt;/ABS:Series&gt;&lt;ABS:Series MEASURE=&quot;1&quot; INDIG_STATUS=&quot;IM&quot; AGE=&quot;A35&quot; ASGS_2011=&quot;1&quot; FREQUENCY=&quot;A&quot; TIME_FORMAT=&quot;P1Y&quot;&gt;&lt;ABS:Obs TIME=&quot;2001&quot; OBS_VALUE=&quot;134&quot; /&gt;&lt;ABS:Obs TIME=&quot;2002&quot; OBS_VALUE=&quot;123&quot; /&gt;&lt;ABS:Obs TIME=&quot;2003&quot; OBS_VALUE=&quot;133&quot; /&gt;&lt;ABS:Obs TIME=&quot;2004&quot; OBS_VALUE=&quot;171&quot; /&gt;&lt;ABS:Obs TIME=&quot;2005&quot; OBS_VALUE=&quot;188&quot; /&gt;&lt;ABS:Obs TIME=&quot;2006&quot; OBS_VALUE=&quot;217&quot; /&gt;&lt;ABS:Obs TIME=&quot;2007&quot; OBS_VALUE=&quot;272&quot; /&gt;&lt;ABS:Obs TIME=&quot;2008&quot; OBS_VALUE=&quot;267&quot; /&gt;&lt;ABS:Obs TIME=&quot;2009&quot; OBS_VALUE=&quot;289&quot; /&gt;&lt;ABS:Obs TIME=&quot;2010&quot; OBS_VALUE=&quot;296&quot; /&gt;&lt;ABS:Obs TIME=&quot;2011&quot; OBS_VALUE=&quot;277&quot; /&gt;&lt;ABS:Obs TIME=&quot;2012&quot; OBS_VALUE=&quot;242&quot; /&gt;&lt;ABS:Obs TIME=&quot;2013&quot; OBS_VALUE=&quot;272&quot; /&gt;&lt;ABS:Obs TIME=&quot;2014&quot; OBS_VALUE=&quot;253&quot; /&gt;&lt;ABS:Obs TIME=&quot;2015&quot; OBS_VALUE=&quot;255&quot; /&gt;&lt;ABS:Obs TIME=&quot;2016&quot; OBS_VALUE=&quot;305&quot; /&gt;&lt;ABS:Obs TIME=&quot;2017&quot; OBS_VALUE=&quot;313&quot; /&gt;&lt;ABS:Obs TIME=&quot;2018&quot; OBS_VALUE=&quot;379&quot; /&gt;&lt;/ABS:Series&gt;&lt;ABS:Series MEASURE=&quot;11&quot; INDIG_STATUS=&quot;IM&quot; AGE=&quot;A35&quot; ASGS_2011=&quot;1&quot; FREQUENCY=&quot;A&quot; TIME_FORMAT=&quot;P1Y&quot;&gt;&lt;ABS:Obs TIME=&quot;2001&quot; OBS_VALUE=&quot;21.8&quot; /&gt;&lt;ABS:Obs TIME=&quot;2002&quot; OBS_VALUE=&quot;19.5&quot; /&gt;&lt;ABS:Obs TIME=&quot;2003&quot; OBS_VALUE=&quot;21.1&quot; /&gt;&lt;ABS:Obs TIME=&quot;2004&quot; OBS_VALUE=&quot;26.9&quot; /&gt;&lt;ABS:Obs TIME=&quot;2005&quot; OBS_VALUE=&quot;29.3&quot; /&gt;&lt;ABS:Obs TIME=&quot;2006&quot; OBS_VALUE=&quot;32.9&quot; /&gt;&lt;ABS:Obs TIME=&quot;2007&quot; OBS_VALUE=&quot;40.1&quot; /&gt;&lt;ABS:Obs TIME=&quot;2008&quot; OBS_VALUE=&quot;38.9&quot; /&gt;&lt;ABS:Obs TIME=&quot;2009&quot; OBS_VALUE=&quot;42.3&quot; /&gt;&lt;ABS:Obs TIME=&quot;2010&quot; OBS_VALUE=&quot;44.3&quot; /&gt;&lt;ABS:Obs TIME=&quot;2011&quot; OBS_VALUE=&quot;42.8&quot; /&gt;&lt;ABS:Obs TIME=&quot;2012&quot; OBS_VALUE=&quot;33.9&quot; /&gt;&lt;ABS:Obs TIME=&quot;2013&quot; OBS_VALUE=&quot;39.7&quot; /&gt;&lt;ABS:Obs TIME=&quot;2014&quot; OBS_VALUE=&quot;37.6&quot; /&gt;&lt;ABS:Obs TIME=&quot;2015&quot; OBS_VALUE=&quot;37.6&quot; /&gt;&lt;ABS:Obs TIME=&quot;2016&quot; OBS_VALUE=&quot;44.8&quot; /&gt;&lt;ABS:Obs TIME=&quot;2017&quot; OBS_VALUE=&quot;44.8&quot; /&gt;&lt;ABS:Obs TIME=&quot;2018&quot; OBS_VALUE=&quot;53.2&quot; /&gt;&lt;/ABS:Series&gt;&lt;ABS:Series MEASURE=&quot;1&quot; INDIG_STATUS=&quot;IB&quot; AGE=&quot;A35&quot; ASGS_2011=&quot;1&quot; FREQUENCY=&quot;A&quot; TIME_FORMAT=&quot;P1Y&quot;&gt;&lt;ABS:Obs TIME=&quot;2001&quot; OBS_VALUE=&quot;214&quot; /&gt;&lt;ABS:Obs TIME=&quot;2002&quot; OBS_VALUE=&quot;203&quot; /&gt;&lt;ABS:Obs TIME=&quot;2003&quot; OBS_VALUE=&quot;217&quot; /&gt;&lt;ABS:Obs TIME=&quot;2004&quot; OBS_VALUE=&quot;266&quot; /&gt;&lt;ABS:Obs TIME=&quot;2005&quot; OBS_VALUE=&quot;288&quot; /&gt;&lt;ABS:Obs TIME=&quot;2006&quot; OBS_VALUE=&quot;336&quot; /&gt;&lt;ABS:Obs TIME=&quot;2007&quot; OBS_VALUE=&quot;409&quot; /&gt;&lt;ABS:Obs TIME=&quot;2008&quot; OBS_VALUE=&quot;415&quot; /&gt;&lt;ABS:Obs TIME=&quot;2009&quot; OBS_VALUE=&quot;465&quot; /&gt;&lt;ABS:Obs TIME=&quot;2010&quot; OBS_VALUE=&quot;456&quot; /&gt;&lt;ABS:Obs TIME=&quot;2011&quot; OBS_VALUE=&quot;449&quot; /&gt;&lt;ABS:Obs TIME=&quot;2012&quot; OBS_VALUE=&quot;434&quot; /&gt;&lt;ABS:Obs TIME=&quot;2013&quot; OBS_VALUE=&quot;465&quot; /&gt;&lt;ABS:Obs TIME=&quot;2014&quot; OBS_VALUE=&quot;417&quot; /&gt;&lt;ABS:Obs TIME=&quot;2015&quot; OBS_VALUE=&quot;428&quot; /&gt;&lt;ABS:Obs TIME=&quot;2016&quot; OBS_VALUE=&quot;479&quot; /&gt;&lt;ABS:Obs TIME=&quot;2017&quot; OBS_VALUE=&quot;480&quot; /&gt;&lt;ABS:Obs TIME=&quot;2018&quot; OBS_VALUE=&quot;621&quot; /&gt;&lt;/ABS:Series&gt;&lt;ABS:Series MEASURE=&quot;1&quot; INDIG_STATUS=&quot;IM&quot; AGE=&quot;A35&quot; ASGS_2011=&quot;2&quot; FREQUENCY=&quot;A&quot; TIME_FORMAT=&quot;P1Y&quot;&gt;&lt;ABS:Obs TIME=&quot;2001&quot; OBS_VALUE=&quot;13&quot; /&gt;&lt;ABS:Obs TIME=&quot;2002&quot; OBS_VALUE=&quot;34&quot; /&gt;&lt;ABS:Obs TIME=&quot;2003&quot; OBS_VALUE=&quot;29&quot; /&gt;&lt;ABS:Obs TIME=&quot;2004&quot; OBS_VALUE=&quot;31&quot; /&gt;&lt;ABS:Obs TIME=&quot;2005&quot; OBS_VALUE=&quot;42&quot; /&gt;&lt;ABS:Obs TIME=&quot;2006&quot; OBS_VALUE=&quot;30&quot; /&gt;&lt;ABS:Obs TIME=&quot;2007&quot; OBS_VALUE=&quot;53&quot; /&gt;&lt;ABS:Obs TIME=&quot;2008&quot; OBS_VALUE=&quot;69&quot; /&gt;&lt;ABS:Obs TIME=&quot;2009&quot; OBS_VALUE=&quot;63&quot; /&gt;&lt;ABS:Obs TIME=&quot;2010&quot; OBS_VALUE=&quot;58&quot; /&gt;&lt;ABS:Obs TIME=&quot;2011&quot; OBS_VALUE=&quot;73&quot; /&gt;&lt;ABS:Obs TIME=&quot;2012&quot; OBS_VALUE=&quot;74&quot; /&gt;&lt;ABS:Obs TIME=&quot;2013&quot; OBS_VALUE=&quot;98&quot; /&gt;&lt;ABS:Obs TIME=&quot;2014&quot; OBS_VALUE=&quot;87&quot; /&gt;&lt;ABS:Obs TIME=&quot;2015&quot; OBS_VALUE=&quot;42&quot; /&gt;&lt;ABS:Obs TIME=&quot;2016&quot; OBS_VALUE=&quot;72&quot; /&gt;&lt;ABS:Obs TIME=&quot;2017&quot; OBS_VALUE=&quot;94&quot; /&gt;&lt;ABS:Obs TIME=&quot;2018&quot; OBS_VALUE=&quot;108&quot; /&gt;&lt;/ABS:Series&gt;&lt;ABS:Series MEASURE=&quot;11&quot; INDIG_STATUS=&quot;IM&quot; AGE=&quot;A35&quot; ASGS_2011=&quot;2&quot; FREQUENCY=&quot;A&quot; TIME_FORMAT=&quot;P1Y&quot;&gt;&lt;ABS:Obs TIME=&quot;2001&quot; OBS_VALUE=&quot;10.8&quot; /&gt;&lt;ABS:Obs TIME=&quot;2002&quot; OBS_VALUE=&quot;27.9&quot; /&gt;&lt;ABS:Obs TIME=&quot;2003&quot; OBS_VALUE=&quot;22&quot; /&gt;&lt;ABS:Obs TIME=&quot;2004&quot; OBS_VALUE=&quot;22.4&quot; /&gt;&lt;ABS:Obs TIME=&quot;2005&quot; OBS_VALUE=&quot;30.7&quot; /&gt;&lt;ABS:Obs TIME=&quot;2006&quot; OBS_VALUE=&quot;20.4&quot; /&gt;&lt;ABS:Obs TIME=&quot;2007&quot; OBS_VALUE=&quot;35.1&quot; /&gt;&lt;ABS:Obs TIME=&quot;2008&quot; OBS_VALUE=&quot;46.4&quot; /&gt;&lt;ABS:Obs TIME=&quot;2009&quot; OBS_VALUE=&quot;43.9&quot; /&gt;&lt;ABS:Obs TIME=&quot;2010&quot; OBS_VALUE=&quot;40.5&quot; /&gt;&lt;ABS:Obs TIME=&quot;2011&quot; OBS_VALUE=&quot;52.6&quot; /&gt;&lt;ABS:Obs TIME=&quot;2012&quot; OBS_VALUE=&quot;48.1&quot; /&gt;&lt;ABS:Obs TIME=&quot;2013&quot; OBS_VALUE=&quot;66&quot; /&gt;&lt;ABS:Obs TIME=&quot;2014&quot; OBS_VALUE=&quot;58.9&quot; /&gt;&lt;ABS:Obs TIME=&quot;2015&quot; OBS_VALUE=&quot;28&quot; /&gt;&lt;ABS:Obs TIME=&quot;2016&quot; OBS_VALUE=&quot;47.5&quot; /&gt;&lt;ABS:Obs TIME=&quot;2017&quot; OBS_VALUE=&quot;60.1&quot; /&gt;&lt;ABS:Obs TIME=&quot;2018&quot; OBS_VALUE=&quot;67.4&quot; /&gt;&lt;/ABS:Series&gt;&lt;ABS:Series MEASURE=&quot;1&quot; INDIG_STATUS=&quot;IB&quot; AGE=&quot;A35&quot; ASGS_2011=&quot;2&quot; FREQUENCY=&quot;A&quot; TIME_FORMAT=&quot;P1Y&quot;&gt;&lt;ABS:Obs TIME=&quot;2001&quot; OBS_VALUE=&quot;37&quot; /&gt;&lt;ABS:Obs TIME=&quot;2002&quot; OBS_VALUE=&quot;56&quot; /&gt;&lt;ABS:Obs TIME=&quot;2003&quot; OBS_VALUE=&quot;57&quot; /&gt;&lt;ABS:Obs TIME=&quot;2004&quot; OBS_VALUE=&quot;63&quot; /&gt;&lt;ABS:Obs TIME=&quot;2005&quot; OBS_VALUE=&quot;74&quot; /&gt;&lt;ABS:Obs TIME=&quot;2006&quot; OBS_VALUE=&quot;67&quot; /&gt;&lt;ABS:Obs TIME=&quot;2007&quot; OBS_VALUE=&quot;108&quot; /&gt;&lt;ABS:Obs TIME=&quot;2008&quot; OBS_VALUE=&quot;129&quot; /&gt;&lt;ABS:Obs TIME=&quot;2009&quot; OBS_VALUE=&quot;120&quot; /&gt;&lt;ABS:Obs TIME=&quot;2010&quot; OBS_VALUE=&quot;111&quot; /&gt;&lt;ABS:Obs TIME=&quot;2011&quot; OBS_VALUE=&quot;129&quot; /&gt;&lt;ABS:Obs TIME=&quot;2012&quot; OBS_VALUE=&quot;116&quot; /&gt;&lt;ABS:Obs TIME=&quot;2013&quot; OBS_VALUE=&quot;159&quot; /&gt;&lt;ABS:Obs TIME=&quot;2014&quot; OBS_VA
Inserting 432 obs
&lt;soap12:Envelope xmlns:xsi=&quot;http://www.w3.org/2001/XMLSchema-instance&quot; xmlns:xsd=&quot;http://www.w3.org/2001/XMLSchema&quot; xmlns:soap12=&quot;http://www.w3.org/2003/05/soap-envelope&quot;&gt;
  &lt;soap12:Body&gt;
    &lt;GetCompactData xmlns=&quot;http://stats.oecd.org/OECDStatWS/SDMX/&quot;&gt;
      &lt;QueryMessage&gt;&lt;message:QueryMessage xmlns:message=&quot;http://www.SDMX.org/resources/SDMXML/schemas/v2_0/message&quot;&gt;&lt;Header xmlns=&quot;http://www.SDMX.org/resources/SDMXML/schemas/v2_0/message&quot;&gt;&lt;message:ID&gt;none&lt;/message:ID&gt;&lt;message:Test&gt;false&lt;/message:Test&gt;&lt;message:Prepared&gt;2016-08-19T00:11:33+08:00&lt;/message:Prepared&gt;&lt;message:Sender id=&quot;Sdmx-Sax&quot; /&gt;&lt;message:Receiver id=&quot;ABS&quot; /&gt;&lt;/Header&gt;&lt;message:Query&gt;&lt;DataWhere xmlns=&quot;http://www.SDMX.org/resources/SDMXML/schemas/v2_0/query&quot;&gt;&lt;And&gt;&lt;DataSet&gt;ATSI_FERTILITY&lt;/DataSet&gt;&lt;Time&gt;&lt;StartTime&gt;1000-02-01&lt;/StartTime&gt;&lt;EndTime&gt;2020-04-19&lt;/EndTime&gt;&lt;/Time&gt;&lt;Or&gt;&lt;Dimension id=&quot;INDIG_STATUS&quot;&gt;IB&lt;/Dimension&gt;&lt;Dimension id=&quot;INDIG_STATUS&quot;&gt;IM&lt;/Dimension&gt;&lt;Dimension id=&quot;INDIG_STATUS&quot;&gt;IB&lt;/Dimension&gt;&lt;/Or&gt;&lt;Or&gt;&lt;Dimension id=&quot;AGE&quot;&gt;A40&lt;/Dimension&gt;&lt;/Or&gt;&lt;Or&gt;&lt;Dimension id=&quot;ASGS_2011&quot;&gt;0&lt;/Dimension&gt;&lt;Dimension id=&quot;ASGS_2011&quot;&gt;1&lt;/Dimension&gt;&lt;Dimension id=&quot;ASGS_2011&quot;&gt;2&lt;/Dimension&gt;&lt;Dimension id=&quot;ASGS_2011&quot;&gt;3&lt;/Dimension&gt;&lt;Dimension id=&quot;ASGS_2011&quot;&gt;4&lt;/Dimension&gt;&lt;Dimension id=&quot;ASGS_2011&quot;&gt;5&lt;/Dimension&gt;&lt;Dimension id=&quot;ASGS_2011&quot;&gt;6&lt;/Dimension&gt;&lt;Dimension id=&quot;ASGS_2011&quot;&gt;7&lt;/Dimension&gt;&lt;/Or&gt;&lt;Or&gt;&lt;Dimension id=&quot;FREQUENCY&quot;&gt;A&lt;/Dimension&gt;&lt;/Or&gt;&lt;Or&gt;&lt;Dimension id=&quot;MEASURE&quot;&gt;1&lt;/Dimension&gt;&lt;Dimension id=&quot;MEASURE&quot;&gt;11&lt;/Dimension&gt;&lt;/Or&gt;&lt;/And&gt;&lt;/DataWhere&gt;&lt;/message:Query&gt;&lt;/message:QueryMessage&gt;
&lt;/QueryMessage&gt;
&lt;/GetCompactData&gt;
&lt;/soap12:Body&gt;
&lt;/soap12:Envelope&gt;
Header=&lt;message:CompactData xmlns=&quot;http://www.SDMX.org/resources/SDMXML/schemas/v2_0/message&quot; xmlns:common=&quot;http://www.SDMX.org/resources/SDMXML/schemas/v2_0/common&quot; xmlns:compact=&quot;http://www.SDMX.org/resources/SDMXML/schemas/v2_0/compact&quot; xmlns:ABS=&quot;http://oecd.stat.org/Data&quot; xmlns:xsi=&quot;http://www.w3.org/2001/XMLSchema-instance&quot; xsi:schemaLocation=&quot;http://www.SDMX.org/resources/SDMXML/schemas/v2_0/message http://www.sdmx.org/docs/2_0/SDMXMessage.xsd http://oecd.stat.org/Data http://stat.data.abs.gov.au/restsdmx/sdmx.ashx/GetSchema/ATSI_FERTILITY&quot; xmlns:message=&quot;http://www.SDMX.org/resources/SDMXML/schemas/v2_0/message&quot;&gt;&lt;Header&gt;&lt;ID&gt;none&lt;/ID&gt;&lt;Test&gt;false&lt;/Test&gt;&lt;Truncated&gt;false&lt;/Truncated&gt;&lt;Prepared&gt;2020-03-19T13:25:48&lt;/Prepared&gt;&lt;Sender id=&quot;ABS&quot;&gt;&lt;Name xml:lang=&quot;en&quot;&gt;Australian Bureau of Statistics&lt;/Name&gt;&lt;Name xml:lang=&quot;fr&quot;&gt;Australian Bureau of Statistics&lt;/Name&gt;&lt;/Sender&gt;&lt;/Header&gt;&lt;ABS:DataSet keyFamilyURI=&quot;http://stat.data.abs.gov.au/restsdmx/sdmx.ashx/GetKeyFamily/ATSI_FERTILITY&quot; xmlns:ABS=&quot;http://oecd.stat.org/Data&quot;&gt;&lt;ABS:Series MEASURE=&quot;1&quot; INDIG_STATUS=&quot;IM&quot; AGE=&quot;A40&quot; ASGS_2011=&quot;0&quot; FREQUENCY=&quot;A&quot; TIME_FORMAT=&quot;P1Y&quot;&gt;&lt;ABS:Obs TIME=&quot;2001&quot; OBS_VALUE=&quot;82&quot; /&gt;&lt;ABS:Obs TIME=&quot;2002&quot; OBS_VALUE=&quot;95&quot; /&gt;&lt;ABS:Obs TIME=&quot;2003&quot; OBS_VALUE=&quot;113&quot; /&gt;&lt;ABS:Obs TIME=&quot;2004&quot; OBS_VALUE=&quot;118&quot; /&gt;&lt;ABS:Obs TIME=&quot;2005&quot; OBS_VALUE=&quot;103&quot; /&gt;&lt;ABS:Obs TIME=&quot;2006&quot; OBS_VALUE=&quot;120&quot; /&gt;&lt;ABS:Obs TIME=&quot;2007&quot; OBS_VALUE=&quot;139&quot; /&gt;&lt;ABS:Obs TIME=&quot;2008&quot; OBS_VALUE=&quot;189&quot; /&gt;&lt;ABS:Obs TIME=&quot;2009&quot; OBS_VALUE=&quot;190&quot; /&gt;&lt;ABS:Obs TIME=&quot;2010&quot; OBS_VALUE=&quot;214&quot; /&gt;&lt;ABS:Obs TIME=&quot;2011&quot; OBS_VALUE=&quot;203&quot; /&gt;&lt;ABS:Obs TIME=&quot;2012&quot; OBS_VALUE=&quot;235&quot; /&gt;&lt;ABS:Obs TIME=&quot;2013&quot; OBS_VALUE=&quot;233&quot; /&gt;&lt;ABS:Obs TIME=&quot;2014&quot; OBS_VALUE=&quot;234&quot; /&gt;&lt;ABS:Obs TIME=&quot;2015&quot; OBS_VALUE=&quot;234&quot; /&gt;&lt;ABS:Obs TIME=&quot;2016&quot; OBS_VALUE=&quot;234&quot; /&gt;&lt;ABS:Obs TIME=&quot;2017&quot; OBS_VALUE=&quot;232&quot; /&gt;&lt;ABS:Obs TIME=&quot;2018&quot; OBS_VALUE=&quot;241&quot; /&gt;&lt;/ABS:Series&gt;&lt;ABS:Series MEASURE=&quot;11&quot; INDIG_STATUS=&quot;IM&quot; AGE=&quot;A40&quot; ASGS_2011=&quot;0&quot; FREQUENCY=&quot;A&quot; TIME_FORMAT=&quot;P1Y&quot;&gt;&lt;ABS:Obs TIME=&quot;2001&quot; OBS_VALUE=&quot;5.2&quot; /&gt;&lt;ABS:Obs TIME=&quot;2002&quot; OBS_VALUE=&quot;5.8&quot; /&gt;&lt;ABS:Obs TIME=&quot;2003&quot; OBS_VALUE=&quot;6.6&quot; /&gt;&lt;ABS:Obs TIME=&quot;2004&quot; OBS_VALUE=&quot;6.7&quot; /&gt;&lt;ABS:Obs TIME=&quot;2005&quot; OBS_VALUE=&quot;5.7&quot; /&gt;&lt;ABS:Obs TIME=&quot;2006&quot; OBS_VALUE=&quot;6.6&quot; /&gt;&lt;ABS:Obs TIME=&quot;2007&quot; OBS_VALUE=&quot;7.5&quot; /&gt;&lt;ABS:Obs TIME=&quot;2008&quot; OBS_VALUE=&quot;9.9&quot; /&gt;&lt;ABS:Obs TIME=&quot;2009&quot; OBS_VALUE=&quot;9.7&quot; /&gt;&lt;ABS:Obs TIME=&quot;2010&quot; OBS_VALUE=&quot;10.5&quot; /&gt;&lt;ABS:Obs TIME=&quot;2011&quot; OBS_VALUE=&quot;9.6&quot; /&gt;&lt;ABS:Obs TIME=&quot;2012&quot; OBS_VALUE=&quot;9.8&quot; /&gt;&lt;ABS:Obs TIME=&quot;2013&quot; OBS_VALUE=&quot;9.6&quot; /&gt;&lt;ABS:Obs TIME=&quot;2014&quot; OBS_VALUE=&quot;9.7&quot; /&gt;&lt;ABS:Obs TIME=&quot;2015&quot; OBS_VALUE=&quot;9.9&quot; /&gt;&lt;ABS:Obs TIME=&quot;2016&quot; OBS_VALUE=&quot;10.2&quot; /&gt;&lt;ABS:Obs TIME=&quot;2017&quot; OBS_VALUE=&quot;10.4&quot; /&gt;&lt;ABS:Obs TIME=&quot;2018&quot; OBS_VALUE=&quot;11.1&quot; /&gt;&lt;/ABS:Series&gt;&lt;ABS:Series MEASURE=&quot;1&quot; INDIG_STATUS=&quot;IB&quot; AGE=&quot;A40&quot; ASGS_2011=&quot;0&quot; FREQUENCY=&quot;A&quot; TIME_FORMAT=&quot;P1Y&quot;&gt;&lt;ABS:Obs TIME=&quot;2001&quot; OBS_VALUE=&quot;126&quot; /&gt;&lt;ABS:Obs TIME=&quot;2002&quot; OBS_VALUE=&quot;139&quot; /&gt;&lt;ABS:Obs TIME=&quot;2003&quot; OBS_VALUE=&quot;162&quot; /&gt;&lt;ABS:Obs TIME=&quot;2004&quot; OBS_VALUE=&quot;171&quot; /&gt;&lt;ABS:Obs TIME=&quot;2005&quot; OBS_VALUE=&quot;166&quot; /&gt;&lt;ABS:Obs TIME=&quot;2006&quot; OBS_VALUE=&quot;180&quot; /&gt;&lt;ABS:Obs TIME=&quot;2007&quot; OBS_VALUE=&quot;219&quot; /&gt;&lt;ABS:Obs TIME=&quot;2008&quot; OBS_VALUE=&quot;281&quot; /&gt;&lt;ABS:Obs TIME=&quot;2009&quot; OBS_VALUE=&quot;291&quot; /&gt;&lt;ABS:Obs TIME=&quot;2010&quot; OBS_VALUE=&quot;321&quot; /&gt;&lt;ABS:Obs TIME=&quot;2011&quot; OBS_VALUE=&quot;306&quot; /&gt;&lt;ABS:Obs TIME=&quot;2012&quot; OBS_VALUE=&quot;364&quot; /&gt;&lt;ABS:Obs TIME=&quot;2013&quot; OBS_VALUE=&quot;352&quot; /&gt;&lt;ABS:Obs TIME=&quot;2014&quot; OBS_VALUE=&quot;358&quot; /&gt;&lt;ABS:Obs TIME=&quot;2015&quot; OBS_VALUE=&quot;327&quot; /&gt;&lt;ABS:Obs TIME=&quot;2016&quot; OBS_VALUE=&quot;351&quot; /&gt;&lt;ABS:Obs TIME=&quot;2017&quot; OBS_VALUE=&quot;356&quot; /&gt;&lt;ABS:Obs TIME=&quot;2018&quot; OBS_VALUE=&quot;349&quot; /&gt;&lt;/ABS:Series&gt;&lt;ABS:Series MEASURE=&quot;1&quot; INDIG_STATUS=&quot;IM&quot; AGE=&quot;A40&quot; ASGS_2011=&quot;1&quot; FREQUENCY=&quot;A&quot; TIME_FORMAT=&quot;P1Y&quot;&gt;&lt;ABS:Obs TIME=&quot;2001&quot; OBS_VALUE=&quot;25&quot; /&gt;&lt;ABS:Obs TIME=&quot;2002&quot; OBS_VALUE=&quot;21&quot; /&gt;&lt;ABS:Obs TIME=&quot;2003&quot; OBS_VALUE=&quot;31&quot; /&gt;&lt;ABS:Obs TIME=&quot;2004&quot; OBS_VALUE=&quot;43&quot; /&gt;&lt;ABS:Obs TIME=&quot;2005&quot; OBS_VALUE=&quot;41&quot; /&gt;&lt;ABS:Obs TIME=&quot;2006&quot; OBS_VALUE=&quot;46&quot; /&gt;&lt;ABS:Obs TIME=&quot;2007&quot; OBS_VALUE=&quot;46&quot; /&gt;&lt;ABS:Obs TIME=&quot;2008&quot; OBS_VALUE=&quot;58&quot; /&gt;&lt;ABS:Obs TIME=&quot;2009&quot; OBS_VALUE=&quot;68&quot; /&gt;&lt;ABS:Obs TIME=&quot;2010&quot; OBS_VALUE=&quot;63&quot; /&gt;&lt;ABS:Obs TIME=&quot;2011&quot; OBS_VALUE=&quot;56&quot; /&gt;&lt;ABS:Obs TIME=&quot;2012&quot; OBS_VALUE=&quot;76&quot; /&gt;&lt;ABS:Obs TIME=&quot;2013&quot; OBS_VALUE=&quot;75&quot; /&gt;&lt;ABS:Obs TIME=&quot;2014&quot; OBS_VALUE=&quot;63&quot; /&gt;&lt;ABS:Obs TIME=&quot;2015&quot; OBS_VALUE=&quot;68&quot; /&gt;&lt;ABS:Obs TIME=&quot;2016&quot; OBS_VALUE=&quot;62&quot; /&gt;&lt;ABS:Obs TIME=&quot;2017&quot; OBS_VALUE=&quot;66&quot; /&gt;&lt;ABS:Obs TIME=&quot;2018&quot; OBS_VALUE=&quot;80&quot; /&gt;&lt;/ABS:Series&gt;&lt;ABS:Series MEASURE=&quot;11&quot; INDIG_STATUS=&quot;IM&quot; AGE=&quot;A40&quot; ASGS_2011=&quot;1&quot; FREQUENCY=&quot;A&quot; TIME_FORMAT=&quot;P1Y&quot;&gt;&lt;ABS:Obs TIME=&quot;2001&quot; OBS_VALUE=&quot;5&quot; /&gt;&lt;ABS:Obs TIME=&quot;2002&quot; OBS_VALUE=&quot;4&quot; /&gt;&lt;ABS:Obs TIME=&quot;2003&quot; OBS_VALUE=&quot;5.6&quot; /&gt;&lt;ABS:Obs TIME=&quot;2004&quot; OBS_VALUE=&quot;7.5&quot; /&gt;&lt;ABS:Obs TIME=&quot;2005&quot; OBS_VALUE=&quot;7&quot; /&gt;&lt;ABS:Obs TIME=&quot;2006&quot; OBS_VALUE=&quot;7.8&quot; /&gt;&lt;ABS:Obs TIME=&quot;2007&quot; OBS_VALUE=&quot;7.5&quot; /&gt;&lt;ABS:Obs TIME=&quot;2008&quot; OBS_VALUE=&quot;9.5&quot; /&gt;&lt;ABS:Obs TIME=&quot;2009&quot; OBS_VALUE=&quot;11&quot; /&gt;&lt;ABS:Obs TIME=&quot;2010&quot; OBS_VALUE=&quot;10&quot; /&gt;&lt;ABS:Obs TIME=&quot;2011&quot; OBS_VALUE=&quot;8.5&quot; /&gt;&lt;ABS:Obs TIME=&quot;2012&quot; OBS_VALUE=&quot;9.6&quot; /&gt;&lt;ABS:Obs TIME=&quot;2013&quot; OBS_VALUE=&quot;9.3&quot; /&gt;&lt;ABS:Obs TIME=&quot;2014&quot; OBS_VALUE=&quot;7.8&quot; /&gt;&lt;ABS:Obs TIME=&quot;2015&quot; OBS_VALUE=&quot;8.6&quot; /&gt;&lt;ABS:Obs TIME=&quot;2016&quot; OBS_VALUE=&quot;8.1&quot; /&gt;&lt;ABS:Obs TIME=&quot;2017&quot; OBS_VALUE=&quot;9.2&quot; /&gt;&lt;ABS:Obs TIME=&quot;2018&quot; OBS_VALUE=&quot;11.7&quot; /&gt;&lt;/ABS:Series&gt;&lt;ABS:Series MEASURE=&quot;1&quot; INDIG_STATUS=&quot;IB&quot; AGE=&quot;A40&quot; ASGS_2011=&quot;1&quot; FREQUENCY=&quot;A&quot; TIME_FORMAT=&quot;P1Y&quot;&gt;&lt;ABS:Obs TIME=&quot;2001&quot; OBS_VALUE=&quot;41&quot; /&gt;&lt;ABS:Obs TIME=&quot;2002&quot; OBS_VALUE=&quot;35&quot; /&gt;&lt;ABS:Obs TIME=&quot;2003&quot; OBS_VALUE=&quot;47&quot; /&gt;&lt;ABS:Obs TIME=&quot;2004&quot; OBS_VALUE=&quot;62&quot; /&gt;&lt;ABS:Obs TIME=&quot;2005&quot; OBS_VALUE=&quot;62&quot; /&gt;&lt;ABS:Obs TIME=&quot;2006&quot; OBS_VALUE=&quot;65&quot; /&gt;&lt;ABS:Obs TIME=&quot;2007&quot; OBS_VALUE=&quot;83&quot; /&gt;&lt;ABS:Obs TIME=&quot;2008&quot; OBS_VALUE=&quot;86&quot; /&gt;&lt;ABS:Obs TIME=&quot;2009&quot; OBS_VALUE=&quot;117&quot; /&gt;&lt;ABS:Obs TIME=&quot;2010&quot; OBS_VALUE=&quot;105&quot; /&gt;&lt;ABS:Obs TIME=&quot;2011&quot; OBS_VALUE=&quot;99&quot; /&gt;&lt;ABS:Obs TIME=&quot;2012&quot; OBS_VALUE=&quot;128&quot; /&gt;&lt;ABS:Obs TIME=&quot;2013&quot; OBS_VALUE=&quot;119&quot; /&gt;&lt;ABS:Obs TIME=&quot;2014&quot; OBS_VALUE=&quot;103&quot; /&gt;&lt;ABS:Obs TIME=&quot;2015&quot; OBS_VALUE=&quot;102&quot; /&gt;&lt;ABS:Obs TIME=&quot;2016&quot; OBS_VALUE=&quot;107&quot; /&gt;&lt;ABS:Obs TIME=&quot;2017&quot; OBS_VALUE=&quot;105&quot; /&gt;&lt;ABS:Obs TIME=&quot;2018&quot; OBS_VALUE=&quot;121&quot; /&gt;&lt;/ABS:Series&gt;&lt;ABS:Series MEASURE=&quot;1&quot; INDIG_STATUS=&quot;IM&quot; AGE=&quot;A40&quot; ASGS_2011=&quot;2&quot; FREQUENCY=&quot;A&quot; TIME_FORMAT=&quot;P1Y&quot;&gt;&lt;ABS:Obs TIME=&quot;2001&quot; OBS_VALUE=&quot;4&quot; /&gt;&lt;ABS:Obs TIME=&quot;2002&quot; OBS_VALUE=&quot;8&quot; /&gt;&lt;ABS:Obs TIME=&quot;2003&quot; OBS_VALUE=&quot;6&quot; /&gt;&lt;ABS:Obs TIME=&quot;2004&quot; OBS_VALUE=&quot;6&quot; /&gt;&lt;ABS:Obs TIME=&quot;2005&quot; OBS_VALUE=&quot;3&quot; /&gt;&lt;ABS:Obs TIME=&quot;2006&quot; OBS_VALUE=&quot;6&quot; /&gt;&lt;ABS:Obs TIME=&quot;2007&quot; OBS_VALUE=&quot;14&quot; /&gt;&lt;ABS:Obs TIME=&quot;2008&quot; OBS_VALUE=&quot;16&quot; /&gt;&lt;ABS:Obs TIME=&quot;2009&quot; OBS_VALUE=&quot;17&quot; /&gt;&lt;ABS:Obs TIME=&quot;2010&quot; OBS_VALUE=&quot;16&quot; /&gt;&lt;ABS:Obs TIME=&quot;2011&quot; OBS_VALUE=&quot;22&quot; /&gt;&lt;ABS:Obs TIME=&quot;2012&quot; OBS_VALUE=&quot;14&quot; /&gt;&lt;ABS:Obs TIME=&quot;2013&quot; OBS_VALUE=&quot;16&quot; /&gt;&lt;ABS:Obs TIME=&quot;2014&quot; OBS_VALUE=&quot;22&quot; /&gt;&lt;ABS:Obs TIME=&quot;2015&quot; OBS_VALUE=&quot;17&quot; /&gt;&lt;ABS:Obs TIME=&quot;2016&quot; OBS_VALUE=&quot;24&quot; /&gt;&lt;ABS:Obs TIME=&quot;2017&quot; OBS_VALUE=&quot;25&quot; /&gt;&lt;ABS:Obs TIME=&quot;2018&quot; OBS_VALUE=&quot;12&quot; /&gt;&lt;/ABS:Series&gt;&lt;ABS:Series MEASURE=&quot;11&quot; INDIG_STATUS=&quot;IM&quot; AGE=&quot;A40&quot; ASGS_2011=&quot;2&quot; FREQUENCY=&quot;A&quot; TIME_FORMAT=&quot;P1Y&quot;&gt;&lt;ABS:Obs TIME=&quot;2001&quot; OBS_VALUE=&quot;4.2&quot; /&gt;&lt;ABS:Obs TIME=&quot;2002&quot; OBS_VALUE=&quot;7.9&quot; /&gt;&lt;ABS:Obs TIME=&quot;2003&quot; OBS_VALUE=&quot;5.7&quot; /&gt;&lt;ABS:Obs TIME=&quot;2004&quot; OBS_VALUE=&quot;5.4&quot; /&gt;&lt;ABS:Obs TIME=&quot;2005&quot; OBS_VALUE=&quot;2.6&quot; /&gt;&lt;ABS:Obs TIME=&quot;2006&quot; OBS_VALUE=&quot;5&quot; /&gt;&lt;ABS:Obs TIME=&quot;2007&quot; OBS_VALUE=&quot;11.5&quot; /&gt;&lt;ABS:Obs TIME=&quot;2008&quot; OBS_VALUE=&quot;12.5&quot; /&gt;&lt;ABS:Obs TIME=&quot;2009&quot; OBS_VALUE=&quot;12.5&quot; /&gt;&lt;ABS:Obs TIME=&quot;2010&quot; OBS_VALUE=&quot;11.8&quot; /&gt;&lt;ABS:Obs TIME=&quot;2011&quot; OBS_VALUE=&quot;15.1&quot; /&gt;&lt;ABS:Obs TIME=&quot;2012&quot; OBS_VALUE=&quot;8.4&quot; /&gt;&lt;ABS:Obs TIME=&quot;2013&quot; OBS_VALUE=&quot;9.4&quot; /&gt;&lt;ABS:Obs TIME=&quot;2014&quot; OBS_VALUE=&quot;13.2&quot; /&gt;&lt;ABS:Obs TIME=&quot;2015&quot; OBS_VALUE=&quot;10.4&quot; /&gt;&lt;ABS:Obs TIME=&quot;2016&quot; OBS_VALUE=&quot;15.4&quot; /&gt;&lt;ABS:Obs TIME=&quot;2017&quot; OBS_VALUE=&quot;16.5&quot; /&gt;&lt;ABS:Obs TIME=&quot;2018&quot; OBS_VALUE=&quot;8.3&quot; /&gt;&lt;/ABS:Series&gt;&lt;ABS:Series MEASURE=&quot;1&quot; INDIG_STATUS=&quot;IB&quot; AGE=&quot;A40&quot; ASGS_2011=&quot;2&quot; FREQUENCY=&quot;A&quot; TIME_FORMAT=&quot;P1Y&quot;&gt;&lt;ABS:Obs TIME=&quot;2001&quot; OBS_VALUE=&quot;4&quot; /&gt;&lt;ABS:Obs TIME=&quot;2002&quot; OBS_VALUE=&quot;11&quot; /&gt;&lt;ABS:Obs TIME=&quot;2003&quot; OBS_VALUE=&quot;8&quot; /&gt;&lt;ABS:Obs TIME=&quot;2004&quot; OBS_VALUE=&quot;9&quot; /&gt;&lt;ABS:Obs TIME=&quot;2005&quot; OBS_VALUE=&quot;9&quot; /&gt;&lt;ABS:Obs TIME=&quot;2006&quot; OBS_VALUE=&quot;13&quot; /&gt;&lt;ABS:Obs TIME=&quot;2007&quot; OBS_VALUE=&quot;22&quot; /&gt;&lt;ABS:Obs TIME=&quot;2008&quot; OBS_VALUE=&quot;31&quot; /&gt;&lt;ABS:Obs TIME=&quot;2009&quot; OBS_VALUE=&quot;28&quot; /&gt;&lt;ABS:Obs TIME=&quot;2010&quot; OBS_VALUE=&quot;28&quot; /&gt;&lt;ABS:Obs TIME=&quot;2011&quot; OBS_VALUE=&quot;36&quot; /&gt;&lt;ABS:Obs TIME=&quot;2012&quot; OBS_VALUE=&quot;27&quot; /&gt;&lt;ABS:Obs TIME=&quot;2013&quot; OBS_VALUE=&quot;35&quot; /&gt;&lt;ABS:Obs TIME=&quot;2014&quot; OBS_VALUE=&quot;36&quot; /&gt;&lt;ABS:Obs TIME=&quot;2015&quot; OBS_VALUE=&quot;31&quot; /&gt;&lt;ABS:Obs TIME=&quot;2016&quot; OBS_VALUE=&quot;45&quot; /&gt;&lt;ABS:Obs TIM
Inserting 432 obs
&lt;soap12:Envelope xmlns:xsi=&quot;http://www.w3.org/2001/XMLSchema-instance&quot; xmlns:xsd=&quot;http://www.w3.org/2001/XMLSchema&quot; xmlns:soap12=&quot;http://www.w3.org/2003/05/soap-envelope&quot;&gt;
  &lt;soap12:Body&gt;
    &lt;GetCompactData xmlns=&quot;http://stats.oecd.org/OECDStatWS/SDMX/&quot;&gt;
      &lt;QueryMessage&gt;&lt;message:QueryMessage xmlns:message=&quot;http://www.SDMX.org/resources/SDMXML/schemas/v2_0/message&quot;&gt;&lt;Header xmlns=&quot;http://www.SDMX.org/resources/SDMXML/schemas/v2_0/message&quot;&gt;&lt;message:ID&gt;none&lt;/message:ID&gt;&lt;message:Test&gt;false&lt;/message:Test&gt;&lt;message:Prepared&gt;2016-08-19T00:11:33+08:00&lt;/message:Prepared&gt;&lt;message:Sender id=&quot;Sdmx-Sax&quot; /&gt;&lt;message:Receiver id=&quot;ABS&quot; /&gt;&lt;/Header&gt;&lt;message:Query&gt;&lt;DataWhere xmlns=&quot;http://www.SDMX.org/resources/SDMXML/schemas/v2_0/query&quot;&gt;&lt;And&gt;&lt;DataSet&gt;ATSI_FERTILITY&lt;/DataSet&gt;&lt;Time&gt;&lt;StartTime&gt;1000-02-01&lt;/StartTime&gt;&lt;EndTime&gt;2020-04-19&lt;/EndTime&gt;&lt;/Time&gt;&lt;Or&gt;&lt;Dimension id=&quot;INDIG_STATUS&quot;&gt;IB&lt;/Dimension&gt;&lt;Dimension id=&quot;INDIG_STATUS&quot;&gt;IM&lt;/Dimension&gt;&lt;Dimension id=&quot;INDIG_STATUS&quot;&gt;IB&lt;/Dimension&gt;&lt;/Or&gt;&lt;Or&gt;&lt;Dimension id=&quot;AGE&quot;&gt;A45&lt;/Dimension&gt;&lt;/Or&gt;&lt;Or&gt;&lt;Dimension id=&quot;ASGS_2011&quot;&gt;0&lt;/Dimension&gt;&lt;Dimension id=&quot;ASGS_2011&quot;&gt;1&lt;/Dimension&gt;&lt;Dimension id=&quot;ASGS_2011&quot;&gt;2&lt;/Dimension&gt;&lt;Dimension id=&quot;ASGS_2011&quot;&gt;3&lt;/Dimension&gt;&lt;Dimension id=&quot;ASGS_2011&quot;&gt;4&lt;/Dimension&gt;&lt;Dimension id=&quot;ASGS_2011&quot;&gt;5&lt;/Dimension&gt;&lt;Dimension id=&quot;ASGS_2011&quot;&gt;6&lt;/Dimension&gt;&lt;Dimension id=&quot;ASGS_2011&quot;&gt;7&lt;/Dimension&gt;&lt;/Or&gt;&lt;Or&gt;&lt;Dimension id=&quot;FREQUENCY&quot;&gt;A&lt;/Dimension&gt;&lt;/Or&gt;&lt;Or&gt;&lt;Dimension id=&quot;MEASURE&quot;&gt;1&lt;/Dimension&gt;&lt;Dimension id=&quot;MEASURE&quot;&gt;11&lt;/Dimension&gt;&lt;/Or&gt;&lt;/And&gt;&lt;/DataWhere&gt;&lt;/message:Query&gt;&lt;/message:QueryMessage&gt;
&lt;/QueryMessage&gt;
&lt;/GetCompactData&gt;
&lt;/soap12:Body&gt;
&lt;/soap12:Envelope&gt;
Header=&lt;message:CompactData xmlns=&quot;http://www.SDMX.org/resources/SDMXML/schemas/v2_0/message&quot; xmlns:common=&quot;http://www.SDMX.org/resources/SDMXML/schemas/v2_0/common&quot; xmlns:compact=&quot;http://www.SDMX.org/resources/SDMXML/schemas/v2_0/compact&quot; xmlns:ABS=&quot;http://oecd.stat.org/Data&quot; xmlns:xsi=&quot;http://www.w3.org/2001/XMLSchema-instance&quot; xsi:schemaLocation=&quot;http://www.SDMX.org/resources/SDMXML/schemas/v2_0/message http://www.sdmx.org/docs/2_0/SDMXMessage.xsd http://oecd.stat.org/Data http://stat.data.abs.gov.au/restsdmx/sdmx.ashx/GetSchema/ATSI_FERTILITY&quot; xmlns:message=&quot;http://www.SDMX.org/resources/SDMXML/schemas/v2_0/message&quot;&gt;&lt;Header&gt;&lt;ID&gt;none&lt;/ID&gt;&lt;Test&gt;false&lt;/Test&gt;&lt;Truncated&gt;false&lt;/Truncated&gt;&lt;Prepared&gt;2020-03-19T13:25:54&lt;/Prepared&gt;&lt;Sender id=&quot;ABS&quot;&gt;&lt;Name xml:lang=&quot;en&quot;&gt;Australian Bureau of Statistics&lt;/Name&gt;&lt;Name xml:lang=&quot;fr&quot;&gt;Australian Bureau of Statistics&lt;/Name&gt;&lt;/Sender&gt;&lt;/Header&gt;&lt;ABS:DataSet keyFamilyURI=&quot;http://stat.data.abs.gov.au/restsdmx/sdmx.ashx/GetKeyFamily/ATSI_FERTILITY&quot; xmlns:ABS=&quot;http://oecd.stat.org/Data&quot;&gt;&lt;ABS:Series MEASURE=&quot;1&quot; INDIG_STATUS=&quot;IM&quot; AGE=&quot;A45&quot; ASGS_2011=&quot;0&quot; FREQUENCY=&quot;A&quot; TIME_FORMAT=&quot;P1Y&quot;&gt;&lt;ABS:Obs TIME=&quot;2001&quot; OBS_VALUE=&quot;3&quot; /&gt;&lt;ABS:Obs TIME=&quot;2002&quot; OBS_VALUE=&quot;0&quot; /&gt;&lt;ABS:Obs TIME=&quot;2003&quot; OBS_VALUE=&quot;6&quot; /&gt;&lt;ABS:Obs TIME=&quot;2004&quot; OBS_VALUE=&quot;2&quot; /&gt;&lt;ABS:Obs TIME=&quot;2005&quot; OBS_VALUE=&quot;2&quot; /&gt;&lt;ABS:Obs TIME=&quot;2006&quot; OBS_VALUE=&quot;7&quot; /&gt;&lt;ABS:Obs TIME=&quot;2007&quot; OBS_VALUE=&quot;10&quot; /&gt;&lt;ABS:Obs TIME=&quot;2008&quot; OBS_VALUE=&quot;4&quot; /&gt;&lt;ABS:Obs TIME=&quot;2009&quot; OBS_VALUE=&quot;6&quot; /&gt;&lt;ABS:Obs TIME=&quot;2010&quot; OBS_VALUE=&quot;13&quot; /&gt;&lt;ABS:Obs TIME=&quot;2011&quot; OBS_VALUE=&quot;9&quot; /&gt;&lt;ABS:Obs TIME=&quot;2012&quot; OBS_VALUE=&quot;12&quot; /&gt;&lt;ABS:Obs TIME=&quot;2013&quot; OBS_VALUE=&quot;13&quot; /&gt;&lt;ABS:Obs TIME=&quot;2014&quot; OBS_VALUE=&quot;7&quot; /&gt;&lt;ABS:Obs TIME=&quot;2015&quot; OBS_VALUE=&quot;10&quot; /&gt;&lt;ABS:Obs TIME=&quot;2016&quot; OBS_VALUE=&quot;13&quot; /&gt;&lt;ABS:Obs TIME=&quot;2017&quot; OBS_VALUE=&quot;12&quot; /&gt;&lt;ABS:Obs TIME=&quot;2018&quot; OBS_VALUE=&quot;20&quot; /&gt;&lt;/ABS:Series&gt;&lt;ABS:Series MEASURE=&quot;11&quot; INDIG_STATUS=&quot;IM&quot; AGE=&quot;A45&quot; ASGS_2011=&quot;0&quot; FREQUENCY=&quot;A&quot; TIME_FORMAT=&quot;P1Y&quot;&gt;&lt;ABS:Obs TIME=&quot;2001&quot; OBS_VALUE=&quot;0.3&quot; /&gt;&lt;ABS:Obs TIME=&quot;2002&quot; OBS_VALUE=&quot;0&quot; /&gt;&lt;ABS:Obs TIME=&quot;2003&quot; OBS_VALUE=&quot;0.5&quot; /&gt;&lt;ABS:Obs TIME=&quot;2004&quot; OBS_VALUE=&quot;0.1&quot; /&gt;&lt;ABS:Obs TIME=&quot;2005&quot; OBS_VALUE=&quot;0.1&quot; /&gt;&lt;ABS:Obs TIME=&quot;2006&quot; OBS_VALUE=&quot;0.5&quot; /&gt;&lt;ABS:Obs TIME=&quot;2007&quot; OBS_VALUE=&quot;0.6&quot; /&gt;&lt;ABS:Obs TIME=&quot;2008&quot; OBS_VALUE=&quot;0.2&quot; /&gt;&lt;ABS:Obs TIME=&quot;2009&quot; OBS_VALUE=&quot;0.3&quot; /&gt;&lt;ABS:Obs TIME=&quot;2010&quot; OBS_VALUE=&quot;0.7&quot; /&gt;&lt;ABS:Obs TIME=&quot;2011&quot; OBS_VALUE=&quot;0.5&quot; /&gt;&lt;ABS:Obs TIME=&quot;2012&quot; OBS_VALUE=&quot;0.6&quot; /&gt;&lt;ABS:Obs TIME=&quot;2013&quot; OBS_VALUE=&quot;0.6&quot; /&gt;&lt;ABS:Obs TIME=&quot;2014&quot; OBS_VALUE=&quot;0.3&quot; /&gt;&lt;ABS:Obs TIME=&quot;2015&quot; OBS_VALUE=&quot;0.5&quot; /&gt;&lt;ABS:Obs TIME=&quot;2016&quot; OBS_VALUE=&quot;0.6&quot; /&gt;&lt;ABS:Obs TIME=&quot;2017&quot; OBS_VALUE=&quot;0.5&quot; /&gt;&lt;ABS:Obs TIME=&quot;2018&quot; OBS_VALUE=&quot;0.8&quot; /&gt;&lt;/ABS:Series&gt;&lt;ABS:Series MEASURE=&quot;1&quot; INDIG_STATUS=&quot;IB&quot; AGE=&quot;A45&quot; ASGS_2011=&quot;0&quot; FREQUENCY=&quot;A&quot; TIME_FORMAT=&quot;P1Y&quot;&gt;&lt;ABS:Obs TIME=&quot;2001&quot; OBS_VALUE=&quot;3&quot; /&gt;&lt;ABS:Obs TIME=&quot;2002&quot; OBS_VALUE=&quot;3&quot; /&gt;&lt;ABS:Obs TIME=&quot;2003&quot; OBS_VALUE=&quot;6&quot; /&gt;&lt;ABS:Obs TIME=&quot;2004&quot; OBS_VALUE=&quot;5&quot; /&gt;&lt;ABS:Obs TIME=&quot;2005&quot; OBS_VALUE=&quot;7&quot; /&gt;&lt;ABS:Obs TIME=&quot;2006&quot; OBS_VALUE=&quot;10&quot; /&gt;&lt;ABS:Obs TIME=&quot;2007&quot; OBS_VALUE=&quot;11&quot; /&gt;&lt;ABS:Obs TIME=&quot;2008&quot; OBS_VALUE=&quot;9&quot; /&gt;&lt;ABS:Obs TIME=&quot;2009&quot; OBS_VALUE=&quot;9&quot; /&gt;&lt;ABS:Obs TIME=&quot;2010&quot; OBS_VALUE=&quot;20&quot; /&gt;&lt;ABS:Obs TIME=&quot;2011&quot; OBS_VALUE=&quot;13&quot; /&gt;&lt;ABS:Obs TIME=&quot;2012&quot; OBS_VALUE=&quot;14&quot; /&gt;&lt;ABS:Obs TIME=&quot;2013&quot; OBS_VALUE=&quot;13&quot; /&gt;&lt;ABS:Obs TIME=&quot;2014&quot; OBS_VALUE=&quot;12&quot; /&gt;&lt;ABS:Obs TIME=&quot;2015&quot; OBS_VALUE=&quot;17&quot; /&gt;&lt;ABS:Obs TIME=&quot;2016&quot; OBS_VALUE=&quot;19&quot; /&gt;&lt;ABS:Obs TIME=&quot;2017&quot; OBS_VALUE=&quot;19&quot; /&gt;&lt;ABS:Obs TIME=&quot;2018&quot; OBS_VALUE=&quot;28&quot; /&gt;&lt;/ABS:Series&gt;&lt;ABS:Series MEASURE=&quot;1&quot; INDIG_STATUS=&quot;IM&quot; AGE=&quot;A45&quot; ASGS_2011=&quot;1&quot; FREQUENCY=&quot;A&quot; TIME_FORMAT=&quot;P1Y&quot;&gt;&lt;ABS:Obs TIME=&quot;2001&quot; OBS_VALUE=&quot;4&quot; /&gt;&lt;ABS:Obs TIME=&quot;2002&quot; OBS_VALUE=&quot;0&quot; /&gt;&lt;ABS:Obs TIME=&quot;2003&quot; OBS_VALUE=&quot;2&quot; /&gt;&lt;ABS:Obs TIME=&quot;2004&quot; OBS_VALUE=&quot;0&quot; /&gt;&lt;ABS:Obs TIME=&quot;2005&quot; OBS_VALUE=&quot;3&quot; /&gt;&lt;ABS:Obs TIME=&quot;2006&quot; OBS_VALUE=&quot;4&quot; /&gt;&lt;ABS:Obs TIME=&quot;2007&quot; OBS_VALUE=&quot;6&quot; /&gt;&lt;ABS:Obs TIME=&quot;2008&quot; OBS_VALUE=&quot;4&quot; /&gt;&lt;ABS:Obs TIME=&quot;2009&quot; OBS_VALUE=&quot;0&quot; /&gt;&lt;ABS:Obs TIME=&quot;2010&quot; OBS_VALUE=&quot;4&quot; /&gt;&lt;ABS:Obs TIME=&quot;2011&quot; OBS_VALUE=&quot;0&quot; /&gt;&lt;ABS:Obs TIME=&quot;2012&quot; OBS_VALUE=&quot;6&quot; /&gt;&lt;ABS:Obs TIME=&quot;2013&quot; OBS_VALUE=&quot;6&quot; /&gt;&lt;ABS:Obs TIME=&quot;2014&quot; OBS_VALUE=&quot;0&quot; /&gt;&lt;ABS:Obs TIME=&quot;2015&quot; OBS_VALUE=&quot;4&quot; /&gt;&lt;ABS:Obs TIME=&quot;2016&quot; OBS_VALUE=&quot;2&quot; /&gt;&lt;ABS:Obs TIME=&quot;2017&quot; OBS_VALUE=&quot;4&quot; /&gt;&lt;ABS:Obs TIME=&quot;2018&quot; OBS_VALUE=&quot;5&quot; /&gt;&lt;/ABS:Series&gt;&lt;ABS:Series MEASURE=&quot;11&quot; INDIG_STATUS=&quot;IM&quot; AGE=&quot;A45&quot; ASGS_2011=&quot;1&quot; FREQUENCY=&quot;A&quot; TIME_FORMAT=&quot;P1Y&quot;&gt;&lt;ABS:Obs TIME=&quot;2001&quot; OBS_VALUE=&quot;1&quot; /&gt;&lt;ABS:Obs TIME=&quot;2002&quot; OBS_VALUE=&quot;0&quot; /&gt;&lt;ABS:Obs TIME=&quot;2003&quot; OBS_VALUE=&quot;0.5&quot; /&gt;&lt;ABS:Obs TIME=&quot;2004&quot; OBS_VALUE=&quot;0&quot; /&gt;&lt;ABS:Obs TIME=&quot;2005&quot; OBS_VALUE=&quot;0.6&quot; /&gt;&lt;ABS:Obs TIME=&quot;2006&quot; OBS_VALUE=&quot;0.8&quot; /&gt;&lt;ABS:Obs TIME=&quot;2007&quot; OBS_VALUE=&quot;1.2&quot; /&gt;&lt;ABS:Obs TIME=&quot;2008&quot; OBS_VALUE=&quot;0.7&quot; /&gt;&lt;ABS:Obs TIME=&quot;2009&quot; OBS_VALUE=&quot;0&quot; /&gt;&lt;ABS:Obs TIME=&quot;2010&quot; OBS_VALUE=&quot;0.7&quot; /&gt;&lt;ABS:Obs TIME=&quot;2011&quot; OBS_VALUE=&quot;0&quot; /&gt;&lt;ABS:Obs TIME=&quot;2012&quot; OBS_VALUE=&quot;0.9&quot; /&gt;&lt;ABS:Obs TIME=&quot;2013&quot; OBS_VALUE=&quot;0.9&quot; /&gt;&lt;ABS:Obs TIME=&quot;2014&quot; OBS_VALUE=&quot;0&quot; /&gt;&lt;ABS:Obs TIME=&quot;2015&quot; OBS_VALUE=&quot;0.5&quot; /&gt;&lt;ABS:Obs TIME=&quot;2016&quot; OBS_VALUE=&quot;0.3&quot; /&gt;&lt;ABS:Obs TIME=&quot;2017&quot; OBS_VALUE=&quot;0.5&quot; /&gt;&lt;ABS:Obs TIME=&quot;2018&quot; OBS_VALUE=&quot;0.6&quot; /&gt;&lt;/ABS:Series&gt;&lt;ABS:Series MEASURE=&quot;1&quot; INDIG_STATUS=&quot;IB&quot; AGE=&quot;A45&quot; ASGS_2011=&quot;1&quot; FREQUENCY=&quot;A&quot; TIME_FORMAT=&quot;P1Y&quot;&gt;&lt;ABS:Obs TIME=&quot;2001&quot; OBS_VALUE=&quot;4&quot; /&gt;&lt;ABS:Obs TIME=&quot;2002&quot; OBS_VALUE=&quot;0&quot; /&gt;&lt;ABS:Obs TIME=&quot;2003&quot; OBS_VALUE=&quot;2&quot; /&gt;&lt;ABS:Obs TIME=&quot;2004&quot; OBS_VALUE=&quot;2&quot; /&gt;&lt;ABS:Obs TIME=&quot;2005&quot; OBS_VALUE=&quot;5&quot; /&gt;&lt;ABS:Obs TIME=&quot;2006&quot; OBS_VALUE=&quot;4&quot; /&gt;&lt;ABS:Obs TIME=&quot;2007&quot; OBS_VALUE=&quot;6&quot; /&gt;&lt;ABS:Obs TIME=&quot;2008&quot; OBS_VALUE=&quot;4&quot; /&gt;&lt;ABS:Obs TIME=&quot;2009&quot; OBS_VALUE=&quot;3&quot; /&gt;&lt;ABS:Obs TIME=&quot;2010&quot; OBS_VALUE=&quot;4&quot; /&gt;&lt;ABS:Obs TIME=&quot;2011&quot; OBS_VALUE=&quot;1&quot; /&gt;&lt;ABS:Obs TIME=&quot;2012&quot; OBS_VALUE=&quot;6&quot; /&gt;&lt;ABS:Obs TIME=&quot;2013&quot; OBS_VALUE=&quot;6&quot; /&gt;&lt;ABS:Obs TIME=&quot;2014&quot; OBS_VALUE=&quot;3&quot; /&gt;&lt;ABS:Obs TIME=&quot;2015&quot; OBS_VALUE=&quot;4&quot; /&gt;&lt;ABS:Obs TIME=&quot;2016&quot; OBS_VALUE=&quot;2&quot; /&gt;&lt;ABS:Obs TIME=&quot;2017&quot; OBS_VALUE=&quot;6&quot; /&gt;&lt;ABS:Obs TIME=&quot;2018&quot; OBS_VALUE=&quot;11&quot; /&gt;&lt;/ABS:Series&gt;&lt;ABS:Series MEASURE=&quot;1&quot; INDIG_STATUS=&quot;IM&quot; AGE=&quot;A45&quot; ASGS_2011=&quot;2&quot; FREQUENCY=&quot;A&quot; TIME_FORMAT=&quot;P1Y&quot;&gt;&lt;ABS:Obs TIME=&quot;2001&quot; OBS_VALUE=&quot;0&quot; /&gt;&lt;ABS:Obs TIME=&quot;2002&quot; OBS_VALUE=&quot;0&quot; /&gt;&lt;ABS:Obs TIME=&quot;2003&quot; OBS_VALUE=&quot;3&quot; /&gt;&lt;ABS:Obs TIME=&quot;2004&quot; OBS_VALUE=&quot;0&quot; /&gt;&lt;ABS:Obs TIME=&quot;2005&quot; OBS_VALUE=&quot;0&quot; /&gt;&lt;ABS:Obs TIME=&quot;2006&quot; OBS_VALUE=&quot;0&quot; /&gt;&lt;ABS:Obs TIME=&quot;2007&quot; OBS_VALUE=&quot;3&quot; /&gt;&lt;ABS:Obs TIME=&quot;2008&quot; OBS_VALUE=&quot;0&quot; /&gt;&lt;ABS:Obs TIME=&quot;2009&quot; OBS_VALUE=&quot;4&quot; /&gt;&lt;ABS:Obs TIME=&quot;2010&quot; OBS_VALUE=&quot;0&quot; /&gt;&lt;ABS:Obs TIME=&quot;2011&quot; OBS_VALUE=&quot;1&quot; /&gt;&lt;ABS:Obs TIME=&quot;2012&quot; OBS_VALUE=&quot;0&quot; /&gt;&lt;ABS:Obs TIME=&quot;2013&quot; OBS_VALUE=&quot;1&quot; /&gt;&lt;ABS:Obs TIME=&quot;2014&quot; OBS_VALUE=&quot;0&quot; /&gt;&lt;ABS:Obs TIME=&quot;2015&quot; OBS_VALUE=&quot;0&quot; /&gt;&lt;ABS:Obs TIME=&quot;2016&quot; OBS_VALUE=&quot;3&quot; /&gt;&lt;ABS:Obs TIME=&quot;2017&quot; OBS_VALUE=&quot;0&quot; /&gt;&lt;ABS:Obs TIME=&quot;2018&quot; OBS_VALUE=&quot;0&quot; /&gt;&lt;/ABS:Series&gt;&lt;ABS:Series MEASURE=&quot;11&quot; INDIG_STATUS=&quot;IM&quot; AGE=&quot;A45&quot; ASGS_2011=&quot;2&quot; FREQUENCY=&quot;A&quot; TIME_FORMAT=&quot;P1Y&quot;&gt;&lt;ABS:Obs TIME=&quot;2001&quot; OBS_VALUE=&quot;0&quot; /&gt;&lt;ABS:Obs TIME=&quot;2002&quot; OBS_VALUE=&quot;0&quot; /&gt;&lt;ABS:Obs TIME=&quot;2003&quot; OBS_VALUE=&quot;3.4&quot; /&gt;&lt;ABS:Obs TIME=&quot;2004&quot; OBS_VALUE=&quot;0&quot; /&gt;&lt;ABS:Obs TIME=&quot;2005&quot; OBS_VALUE=&quot;0&quot; /&gt;&lt;ABS:Obs TIME=&quot;2006&quot; OBS_VALUE=&quot;0&quot; /&gt;&lt;ABS:Obs TIME=&quot;2007&quot; OBS_VALUE=&quot;2.9&quot; /&gt;&lt;ABS:Obs TIME=&quot;2008&quot; OBS_VALUE=&quot;0&quot; /&gt;&lt;ABS:Obs TIME=&quot;2009&quot; OBS_VALUE=&quot;3.6&quot; /&gt;&lt;ABS:Obs TIME=&quot;2010&quot; OBS_VALUE=&quot;0&quot; /&gt;&lt;ABS:Obs TIME=&quot;2011&quot; OBS_VALUE=&quot;0.8&quot; /&gt;&lt;ABS:Obs TIME=&quot;2012&quot; OBS_VALUE=&quot;0&quot; /&gt;&lt;ABS:Obs TIME=&quot;2013&quot; OBS_VALUE=&quot;0.7&quot; /&gt;&lt;ABS:Obs TIME=&quot;2014&quot; OBS_VALUE=&quot;0&quot; /&gt;&lt;ABS:Obs TIME=&quot;2015&quot; OBS_VALUE=&quot;0&quot; /&gt;&lt;ABS:Obs TIME=&quot;2016&quot; OBS_VALUE=&quot;1.9&quot; /&gt;&lt;ABS:Obs TIME=&quot;2017&quot; OBS_VALUE=&quot;0&quot; /&gt;&lt;ABS:Obs TIME=&quot;2018&quot; OBS_VALUE=&quot;0&quot; /&gt;&lt;/ABS:Series&gt;&lt;ABS:Series MEASURE=&quot;1&quot; INDIG_STATUS=&quot;IB&quot; AGE=&quot;A45&quot; ASGS_2011=&quot;2&quot; FREQUENCY=&quot;A&quot; TIME_FORMAT=&quot;P1Y&quot;&gt;&lt;ABS:Obs TIME=&quot;2001&quot; OBS_VALUE=&quot;0&quot; /&gt;&lt;ABS:Obs TIME=&quot;2002&quot; OBS_VALUE=&quot;4&quot; /&gt;&lt;ABS:Obs TIME=&quot;2003&quot; OBS_VALUE=&quot;3&quot; /&gt;&lt;ABS:Obs TIME=&quot;2004&quot; OBS_VALUE=&quot;0&quot; /&gt;&lt;ABS:Obs TIME=&quot;2005&quot; OBS_VALUE=&quot;0&quot; /&gt;&lt;ABS:Obs TIME=&quot;2006&quot; OBS_VALUE=&quot;0&quot; /&gt;&lt;ABS:Obs TIME=&quot;2007&quot; OBS_VALUE=&quot;3&quot; /&gt;&lt;ABS:Obs TIME=&quot;2008&quot; OBS_VALUE=&quot;3&quot; /&gt;&lt;ABS:Obs TIME=&quot;2009&quot; OBS_VALUE=&quot;4&quot; /&gt;&lt;ABS:Obs TIME=&quot;2010&quot; OBS_VALUE=&quot;2&quot; /&gt;&lt;ABS:Obs TIME=&quot;2011&quot; OBS_VALUE=&quot;5&quot; /&gt;&lt;ABS:Obs TIME=&quot;2012&quot; OBS_VALUE=&quot;0&quot; /&gt;&lt;ABS:Obs TIME=&quot;2013&quot; OBS_VALUE=&quot;1&quot; /&gt;&lt;ABS:Obs TIME=&quot;2014&quot; OBS_VALUE=&quot;0&quot; /&gt;&lt;ABS:Obs TIME=&quot;2015&quot; OBS_VALUE=&quot;0&quot; /&gt;&lt;ABS:Obs TIME=&quot;2016&quot; OBS_VALUE=&quot;3&quot; /&gt;&lt;ABS:Obs TIME=&quot;2017&quot; OBS_VALUE=&quot;0&quot; /&gt;&lt;ABS:Obs TIME=&quot;2018&quot; OBS_VALUE=&quot;4&quot; /&gt;&lt;/ABS:Series&gt;&lt;ABS:Series MEASURE=&quot;1&quot; INDIG_STATUS=&quot;IM&quot; AGE=&quot;A45&quot; ASGS_2011=&quot;3&quot; FREQUENCY=&quot;A&quot; TIME_F
Inserting 432 obs
&lt;soap12:Envelope xmlns:xsi=&quot;http://www.w3.org/2001/XMLSchema-instance&quot; xmlns:xsd=&quot;http://www.w3.org/2001/XMLSchema&quot; xmlns:soap12=&quot;http://www.w3.org/2003/05/soap-envelope&quot;&gt;
  &lt;soap12:Body&gt;
    &lt;GetCompactData xmlns=&quot;http://stats.oecd.org/OECDStatWS/SDMX/&quot;&gt;
      &lt;QueryMessage&gt;&lt;message:QueryMessage xmlns:message=&quot;http://www.SDMX.org/resources/SDMXML/schemas/v2_0/message&quot;&gt;&lt;Header xmlns=&quot;http://www.SDMX.org/resources/SDMXML/schemas/v2_0/message&quot;&gt;&lt;message:ID&gt;none&lt;/message:ID&gt;&lt;message:Test&gt;false&lt;/message:Test&gt;&lt;message:Prepared&gt;2016-08-19T00:11:33+08:00&lt;/message:Prepared&gt;&lt;message:Sender id=&quot;Sdmx-Sax&quot; /&gt;&lt;message:Receiver id=&quot;ABS&quot; /&gt;&lt;/Header&gt;&lt;message:Query&gt;&lt;DataWhere xmlns=&quot;http://www.SDMX.org/resources/SDMXML/schemas/v2_0/query&quot;&gt;&lt;And&gt;&lt;DataSet&gt;ATSI_FERTILITY&lt;/DataSet&gt;&lt;Time&gt;&lt;StartTime&gt;1000-02-01&lt;/StartTime&gt;&lt;EndTime&gt;2020-04-19&lt;/EndTime&gt;&lt;/Time&gt;&lt;Or&gt;&lt;Dimension id=&quot;INDIG_STATUS&quot;&gt;IB&lt;/Dimension&gt;&lt;Dimension id=&quot;INDIG_STATUS&quot;&gt;IM&lt;/Dimension&gt;&lt;Dimension id=&quot;INDIG_STATUS&quot;&gt;IB&lt;/Dimension&gt;&lt;/Or&gt;&lt;Or&gt;&lt;Dimension id=&quot;AGE&quot;&gt;TT&lt;/Dimension&gt;&lt;/Or&gt;&lt;Or&gt;&lt;Dimension id=&quot;ASGS_2011&quot;&gt;0&lt;/Dimension&gt;&lt;Dimension id=&quot;ASGS_2011&quot;&gt;1&lt;/Dimension&gt;&lt;Dimension id=&quot;ASGS_2011&quot;&gt;2&lt;/Dimension&gt;&lt;Dimension id=&quot;ASGS_2011&quot;&gt;3&lt;/Dimension&gt;&lt;Dimension id=&quot;ASGS_2011&quot;&gt;4&lt;/Dimension&gt;&lt;Dimension id=&quot;ASGS_2011&quot;&gt;5&lt;/Dimension&gt;&lt;Dimension id=&quot;ASGS_2011&quot;&gt;6&lt;/Dimension&gt;&lt;Dimension id=&quot;ASGS_2011&quot;&gt;7&lt;/Dimension&gt;&lt;/Or&gt;&lt;Or&gt;&lt;Dimension id=&quot;FREQUENCY&quot;&gt;A&lt;/Dimension&gt;&lt;/Or&gt;&lt;Or&gt;&lt;Dimension id=&quot;MEASURE&quot;&gt;1&lt;/Dimension&gt;&lt;Dimension id=&quot;MEASURE&quot;&gt;11&lt;/Dimension&gt;&lt;/Or&gt;&lt;/And&gt;&lt;/DataWhere&gt;&lt;/message:Query&gt;&lt;/message:QueryMessage&gt;
&lt;/QueryMessage&gt;
&lt;/GetCompactData&gt;
&lt;/soap12:Body&gt;
&lt;/soap12:Envelope&gt;
Header=&lt;message:CompactData xmlns=&quot;http://www.SDMX.org/resources/SDMXML/schemas/v2_0/message&quot; xmlns:common=&quot;http://www.SDMX.org/resources/SDMXML/schemas/v2_0/common&quot; xmlns:compact=&quot;http://www.SDMX.org/resources/SDMXML/schemas/v2_0/compact&quot; xmlns:ABS=&quot;http://oecd.stat.org/Data&quot; xmlns:xsi=&quot;http://www.w3.org/2001/XMLSchema-instance&quot; xsi:schemaLocation=&quot;http://www.SDMX.org/resources/SDMXML/schemas/v2_0/message http://www.sdmx.org/docs/2_0/SDMXMessage.xsd http://oecd.stat.org/Data http://stat.data.abs.gov.au/restsdmx/sdmx.ashx/GetSchema/ATSI_FERTILITY&quot; xmlns:message=&quot;http://www.SDMX.org/resources/SDMXML/schemas/v2_0/message&quot;&gt;&lt;Header&gt;&lt;ID&gt;none&lt;/ID&gt;&lt;Test&gt;false&lt;/Test&gt;&lt;Truncated&gt;false&lt;/Truncated&gt;&lt;Prepared&gt;2020-03-19T13:25:59&lt;/Prepared&gt;&lt;Sender id=&quot;ABS&quot;&gt;&lt;Name xml:lang=&quot;en&quot;&gt;Australian Bureau of Statistics&lt;/Name&gt;&lt;Name xml:lang=&quot;fr&quot;&gt;Australian Bureau of Statistics&lt;/Name&gt;&lt;/Sender&gt;&lt;/Header&gt;&lt;ABS:DataSet keyFamilyURI=&quot;http://stat.data.abs.gov.au/restsdmx/sdmx.ashx/GetKeyFamily/ATSI_FERTILITY&quot; xmlns:ABS=&quot;http://oecd.stat.org/Data&quot;&gt;&lt;ABS:Series MEASURE=&quot;1&quot; INDIG_STATUS=&quot;IM&quot; AGE=&quot;TT&quot; ASGS_2011=&quot;0&quot; FREQUENCY=&quot;A&quot; TIME_FORMAT=&quot;P1Y&quot;&gt;&lt;ABS:Obs TIME=&quot;2001&quot; OBS_VALUE=&quot;8334&quot; /&gt;&lt;ABS:Obs TIME=&quot;2002&quot; OBS_VALUE=&quot;8292&quot; /&gt;&lt;ABS:Obs TIME=&quot;2003&quot; OBS_VALUE=&quot;8567&quot; /&gt;&lt;ABS:Obs TIME=&quot;2004&quot; OBS_VALUE=&quot;8599&quot; /&gt;&lt;ABS:Obs TIME=&quot;2005&quot; OBS_VALUE=&quot;9058&quot; /&gt;&lt;ABS:Obs TIME=&quot;2006&quot; OBS_VALUE=&quot;9387&quot; /&gt;&lt;ABS:Obs TIME=&quot;2007&quot; OBS_VALUE=&quot;11021&quot; /&gt;&lt;ABS:Obs TIME=&quot;2008&quot; OBS_VALUE=&quot;11776&quot; /&gt;&lt;ABS:Obs TIME=&quot;2009&quot; OBS_VALUE=&quot;12426&quot; /&gt;&lt;ABS:Obs TIME=&quot;2010&quot; OBS_VALUE=&quot;12860&quot; /&gt;&lt;ABS:Obs TIME=&quot;2011&quot; OBS_VALUE=&quot;12874&quot; /&gt;&lt;ABS:Obs TIME=&quot;2012&quot; OBS_VALUE=&quot;13092&quot; /&gt;&lt;ABS:Obs TIME=&quot;2013&quot; OBS_VALUE=&quot;13171&quot; /&gt;&lt;ABS:Obs TIME=&quot;2014&quot; OBS_VALUE=&quot;12768&quot; /&gt;&lt;ABS:Obs TIME=&quot;2015&quot; OBS_VALUE=&quot;13439&quot; /&gt;&lt;ABS:Obs TIME=&quot;2016&quot; OBS_VALUE=&quot;13192&quot; /&gt;&lt;ABS:Obs TIME=&quot;2017&quot; OBS_VALUE=&quot;14371&quot; /&gt;&lt;ABS:Obs TIME=&quot;2018&quot; OBS_VALUE=&quot;15372&quot; /&gt;&lt;/ABS:Series&gt;&lt;ABS:Series MEASURE=&quot;11&quot; INDIG_STATUS=&quot;IM&quot; AGE=&quot;TT&quot; ASGS_2011=&quot;0&quot; FREQUENCY=&quot;A&quot; TIME_FORMAT=&quot;P1Y&quot;&gt;&lt;ABS:Obs TIME=&quot;2001&quot; OBS_VALUE=&quot;1.905&quot; /&gt;&lt;ABS:Obs TIME=&quot;2002&quot; OBS_VALUE=&quot;1.87&quot; /&gt;&lt;ABS:Obs TIME=&quot;2003&quot; OBS_VALUE=&quot;1.905&quot; /&gt;&lt;ABS:Obs TIME=&quot;2004&quot; OBS_VALUE=&quot;1.877&quot; /&gt;&lt;ABS:Obs TIME=&quot;2005&quot; OBS_VALUE=&quot;1.934&quot; /&gt;&lt;ABS:Obs TIME=&quot;2006&quot; OBS_VALUE=&quot;1.967&quot; /&gt;&lt;ABS:Obs TIME=&quot;2007&quot; OBS_VALUE=&quot;2.27&quot; /&gt;&lt;ABS:Obs TIME=&quot;2008&quot; OBS_VALUE=&quot;2.368&quot; /&gt;&lt;ABS:Obs TIME=&quot;2009&quot; OBS_VALUE=&quot;2.433&quot; /&gt;&lt;ABS:Obs TIME=&quot;2010&quot; OBS_VALUE=&quot;2.459&quot; /&gt;&lt;ABS:Obs TIME=&quot;2011&quot; OBS_VALUE=&quot;2.408&quot; /&gt;&lt;ABS:Obs TIME=&quot;2012&quot; OBS_VALUE=&quot;2.294&quot; /&gt;&lt;ABS:Obs TIME=&quot;2013&quot; OBS_VALUE=&quot;2.262&quot; /&gt;&lt;ABS:Obs TIME=&quot;2014&quot; OBS_VALUE=&quot;2.146&quot; /&gt;&lt;ABS:Obs TIME=&quot;2015&quot; OBS_VALUE=&quot;2.197&quot; /&gt;&lt;ABS:Obs TIME=&quot;2016&quot; OBS_VALUE=&quot;2.121&quot; /&gt;&lt;ABS:Obs TIME=&quot;2017&quot; OBS_VALUE=&quot;2.257&quot; /&gt;&lt;ABS:Obs TIME=&quot;2018&quot; OBS_VALUE=&quot;2.371&quot; /&gt;&lt;/ABS:Series&gt;&lt;ABS:Series MEASURE=&quot;1&quot; INDIG_STATUS=&quot;IB&quot; AGE=&quot;TT&quot; ASGS_2011=&quot;0&quot; FREQUENCY=&quot;A&quot; TIME_FORMAT=&quot;P1Y&quot;&gt;&lt;ABS:Obs TIME=&quot;2001&quot; OBS_VALUE=&quot;11405&quot; /&gt;&lt;ABS:Obs TIME=&quot;2002&quot; OBS_VALUE=&quot;11488&quot; /&gt;&lt;ABS:Obs TIME=&quot;2003&quot; OBS_VALUE=&quot;11740&quot; /&gt;&lt;ABS:Obs TIME=&quot;2004&quot; OBS_VALUE=&quot;12006&quot; /&gt;&lt;ABS:Obs TIME=&quot;2005&quot; OBS_VALUE=&quot;12717&quot; /&gt;&lt;ABS:Obs TIME=&quot;2006&quot; OBS_VALUE=&quot;13181&quot; /&gt;&lt;ABS:Obs TIME=&quot;2007&quot; OBS_VALUE=&quot;15269&quot; /&gt;&lt;ABS:Obs TIME=&quot;2008&quot; OBS_VALUE=&quot;16090&quot; /&gt;&lt;ABS:Obs TIME=&quot;2009&quot; OBS_VALUE=&quot;16912&quot; /&gt;&lt;ABS:Obs TIME=&quot;2010&quot; OBS_VALUE=&quot;17414&quot; /&gt;&lt;ABS:Obs TIME=&quot;2011&quot; OBS_VALUE=&quot;17621&quot; /&gt;&lt;ABS:Obs TIME=&quot;2012&quot; OBS_VALUE=&quot;18295&quot; /&gt;&lt;ABS:Obs TIME=&quot;2013&quot; OBS_VALUE=&quot;18368&quot; /&gt;&lt;ABS:Obs TIME=&quot;2014&quot; OBS_VALUE=&quot;17779&quot; /&gt;&lt;ABS:Obs TIME=&quot;2015&quot; OBS_VALUE=&quot;18537&quot; /&gt;&lt;ABS:Obs TIME=&quot;2016&quot; OBS_VALUE=&quot;18560&quot; /&gt;&lt;ABS:Obs TIME=&quot;2017&quot; OBS_VALUE=&quot;20400&quot; /&gt;&lt;ABS:Obs TIME=&quot;2018&quot; OBS_VALUE=&quot;21928&quot; /&gt;&lt;/ABS:Series&gt;&lt;ABS:Series MEASURE=&quot;1&quot; INDIG_STATUS=&quot;IM&quot; AGE=&quot;TT&quot; ASGS_2011=&quot;1&quot; FREQUENCY=&quot;A&quot; TIME_FORMAT=&quot;P1Y&quot;&gt;&lt;ABS:Obs TIME=&quot;2001&quot; OBS_VALUE=&quot;2009&quot; /&gt;&lt;ABS:Obs TIME=&quot;2002&quot; OBS_VALUE=&quot;2149&quot; /&gt;&lt;ABS:Obs TIME=&quot;2003&quot; OBS_VALUE=&quot;2076&quot; /&gt;&lt;ABS:Obs TIME=&quot;2004&quot; OBS_VALUE=&quot;2290&quot; /&gt;&lt;ABS:Obs TIME=&quot;2005&quot; OBS_VALUE=&quot;2454&quot; /&gt;&lt;ABS:Obs TIME=&quot;2006&quot; OBS_VALUE=&quot;2772&quot; /&gt;&lt;ABS:Obs TIME=&quot;2007&quot; OBS_VALUE=&quot;3221&quot; /&gt;&lt;ABS:Obs TIME=&quot;2008&quot; OBS_VALUE=&quot;3411&quot; /&gt;&lt;ABS:Obs TIME=&quot;2009&quot; OBS_VALUE=&quot;3477&quot; /&gt;&lt;ABS:Obs TIME=&quot;2010&quot; OBS_VALUE=&quot;3844&quot; /&gt;&lt;ABS:Obs TIME=&quot;2011&quot; OBS_VALUE=&quot;3749&quot; /&gt;&lt;ABS:Obs TIME=&quot;2012&quot; OBS_VALUE=&quot;3586&quot; /&gt;&lt;ABS:Obs TIME=&quot;2013&quot; OBS_VALUE=&quot;3917&quot; /&gt;&lt;ABS:Obs TIME=&quot;2014&quot; OBS_VALUE=&quot;3320&quot; /&gt;&lt;ABS:Obs TIME=&quot;2015&quot; OBS_VALUE=&quot;4046&quot; /&gt;&lt;ABS:Obs TIME=&quot;2016&quot; OBS_VALUE=&quot;3856&quot; /&gt;&lt;ABS:Obs TIME=&quot;2017&quot; OBS_VALUE=&quot;4027&quot; /&gt;&lt;ABS:Obs TIME=&quot;2018&quot; OBS_VALUE=&quot;4912&quot; /&gt;&lt;/ABS:Series&gt;&lt;ABS:Series MEASURE=&quot;11&quot; INDIG_STATUS=&quot;IM&quot; AGE=&quot;TT&quot; ASGS_2011=&quot;1&quot; FREQUENCY=&quot;A&quot; TIME_FORMAT=&quot;P1Y&quot;&gt;&lt;ABS:Obs TIME=&quot;2001&quot; OBS_VALUE=&quot;1.505&quot; /&gt;&lt;ABS:Obs TIME=&quot;2002&quot; OBS_VALUE=&quot;1.584&quot; /&gt;&lt;ABS:Obs TIME=&quot;2003&quot; OBS_VALUE=&quot;1.53&quot; /&gt;&lt;ABS:Obs TIME=&quot;2004&quot; OBS_VALUE=&quot;1.661&quot; /&gt;&lt;ABS:Obs TIME=&quot;2005&quot; OBS_VALUE=&quot;1.758&quot; /&gt;&lt;ABS:Obs TIME=&quot;2006&quot; OBS_VALUE=&quot;1.956&quot; /&gt;&lt;ABS:Obs TIME=&quot;2007&quot; OBS_VALUE=&quot;2.257&quot; /&gt;&lt;ABS:Obs TIME=&quot;2008&quot; OBS_VALUE=&quot;2.323&quot; /&gt;&lt;ABS:Obs TIME=&quot;2009&quot; OBS_VALUE=&quot;2.307&quot; /&gt;&lt;ABS:Obs TIME=&quot;2010&quot; OBS_VALUE=&quot;2.496&quot; /&gt;&lt;ABS:Obs TIME=&quot;2011&quot; OBS_VALUE=&quot;2.394&quot; /&gt;&lt;ABS:Obs TIME=&quot;2012&quot; OBS_VALUE=&quot;1.986&quot; /&gt;&lt;ABS:Obs TIME=&quot;2013&quot; OBS_VALUE=&quot;2.116&quot; /&gt;&lt;ABS:Obs TIME=&quot;2014&quot; OBS_VALUE=&quot;1.759&quot; /&gt;&lt;ABS:Obs TIME=&quot;2015&quot; OBS_VALUE=&quot;2.061&quot; /&gt;&lt;ABS:Obs TIME=&quot;2016&quot; OBS_VALUE=&quot;1.943&quot; /&gt;&lt;ABS:Obs TIME=&quot;2017&quot; OBS_VALUE=&quot;1.969&quot; /&gt;&lt;ABS:Obs TIME=&quot;2018&quot; OBS_VALUE=&quot;2.354&quot; /&gt;&lt;/ABS:Series&gt;&lt;ABS:Series MEASURE=&quot;1&quot; INDIG_STATUS=&quot;IB&quot; AGE=&quot;TT&quot; ASGS_2011=&quot;1&quot; FREQUENCY=&quot;A&quot; TIME_FORMAT=&quot;P1Y&quot;&gt;&lt;ABS:Obs TIME=&quot;2001&quot; OBS_VALUE=&quot;3112&quot; /&gt;&lt;ABS:Obs TIME=&quot;2002&quot; OBS_VALUE=&quot;3339&quot; /&gt;&lt;ABS:Obs TIME=&quot;2003&quot; OBS_VALUE=&quot;3254&quot; /&gt;&lt;ABS:Obs TIME=&quot;2004&quot; OBS_VALUE=&quot;3533&quot; /&gt;&lt;ABS:Obs TIME=&quot;2005&quot; OBS_VALUE=&quot;3771&quot; /&gt;&lt;ABS:Obs TIME=&quot;2006&quot; OBS_VALUE=&quot;4192&quot; /&gt;&lt;ABS:Obs TIME=&quot;2007&quot; OBS_VALUE=&quot;4784&quot; /&gt;&lt;ABS:Obs TIME=&quot;2008&quot; OBS_VALUE=&quot;5070&quot; /&gt;&lt;ABS:Obs TIME=&quot;2009&quot; OBS_VALUE=&quot;5209&quot; /&gt;&lt;ABS:Obs TIME=&quot;2010&quot; OBS_VALUE=&quot;5686&quot; /&gt;&lt;ABS:Obs TIME=&quot;2011&quot; OBS_VALUE=&quot;5614&quot; /&gt;&lt;ABS:Obs TIME=&quot;2012&quot; OBS_VALUE=&quot;5496&quot; /&gt;&lt;ABS:Obs TIME=&quot;2013&quot; OBS_VALUE=&quot;5961&quot; /&gt;&lt;ABS:Obs TIME=&quot;2014&quot; OBS_VALUE=&quot;5091&quot; /&gt;&lt;ABS:Obs TIME=&quot;2015&quot; OBS_VALUE=&quot;6075&quot; /&gt;&lt;ABS:Obs TIME=&quot;2016&quot; OBS_VALUE=&quot;5770&quot; /&gt;&lt;ABS:Obs TIME=&quot;2017&quot; OBS_VALUE=&quot;6132&quot; /&gt;&lt;ABS:Obs TIME=&quot;2018&quot; OBS_VALUE=&quot;7565&quot; /&gt;&lt;/ABS:Series&gt;&lt;ABS:Series MEASURE=&quot;1&quot; INDIG_STATUS=&quot;IM&quot; AGE=&quot;TT&quot; ASGS_2011=&quot;2&quot; FREQUENCY=&quot;A&quot; TIME_FORMAT=&quot;P1Y&quot;&gt;&lt;ABS:Obs TIME=&quot;2001&quot; OBS_VALUE=&quot;302&quot; /&gt;&lt;ABS:Obs TIME=&quot;2002&quot; OBS_VALUE=&quot;344&quot; /&gt;&lt;ABS:Obs TIME=&quot;2003&quot; OBS_VALUE=&quot;435&quot; /&gt;&lt;ABS:Obs TIME=&quot;2004&quot; OBS_VALUE=&quot;429&quot; /&gt;&lt;ABS:Obs TIME=&quot;2005&quot; OBS_VALUE=&quot;484&quot; /&gt;&lt;ABS:Obs TIME=&quot;2006&quot; OBS_VALUE=&quot;459&quot; /&gt;&lt;ABS:Obs TIME=&quot;2007&quot; OBS_VALUE=&quot;638&quot; /&gt;&lt;ABS:Obs TIME=&quot;2008&quot; OBS_VALUE=&quot;649&quot; /&gt;&lt;ABS:Obs TIME=&quot;2009&quot; OBS_VALUE=&quot;679&quot; /&gt;&lt;ABS:Obs TIME=&quot;2010&quot; OBS_VALUE=&quot;592&quot; /&gt;&lt;ABS:Obs TIME=&quot;2011&quot; OBS_VALUE=&quot;738&quot; /&gt;&lt;ABS:Obs TIME=&quot;2012&quot; OBS_VALUE=&quot;828&quot; /&gt;&lt;ABS:Obs TIME=&quot;2013&quot; OBS_VALUE=&quot;865&quot; /&gt;&lt;ABS:Obs TIME=&quot;2014&quot; OBS_VALUE=&quot;851&quot; /&gt;&lt;ABS:Obs TIME=&quot;2015&quot; OBS_VALUE=&quot;773&quot; /&gt;&lt;ABS:Obs TIME=&quot;2016&quot; OBS_VALUE=&quot;923&quot; /&gt;&lt;ABS:Obs TIME=&quot;2017&quot; OBS_VALUE=&quot;1045&quot; /&gt;&lt;ABS:Obs TIME=&quot;2018&quot; OBS_VALUE=&quot;1053&quot; /&gt;&lt;/ABS:Series&gt;&lt;ABS:Series MEASURE=&quot;11&quot; INDIG_STATUS=&quot;IM&quot; AGE=&quot;TT&quot; ASGS_2011=&quot;2&quot; FREQUENCY=&quot;A&quot; TIME_FORMAT=&quot;P1Y&quot;&gt;&lt;ABS:Obs TIME=&quot;2001&quot; OBS_VALUE=&quot;1.088&quot; /&gt;&lt;ABS:Obs TIME=&quot;2002&quot; OBS_VALUE=&quot;1.24&quot; /&gt;&lt;ABS:Obs TIME=&quot;2003&quot; OBS_VALUE=&quot;1.521&quot; /&gt;&lt;ABS:Obs TIME=&quot;2004&quot; OBS_VALUE=&quot;1.447&quot; /&gt;&lt;ABS:Obs TIME=&quot;2005&quot; OBS_VALUE=&quot;1.615&quot; /&gt;&lt;ABS:Obs TIME=&quot;2006&quot; OBS_VALUE=&quot;1.493&quot; /&gt;&lt;ABS:Obs TIME=&quot;2007&quot; OBS_VALUE=&quot;2.059&quot; /&gt;&lt;ABS:Obs TIME=&quot;2008&quot; OBS_VALUE=&quot;1.99&quot; /&gt;&lt;ABS:Obs TIME=&quot;2009&quot; OBS_VALUE=&quot;2.004&quot; /&gt;&lt;ABS:Obs TIME=&quot;2010&quot; OBS_VALUE=&quot;1.686&quot; /&gt;&lt;ABS:Obs TIME=&quot;2011&quot; OBS_VALUE=&quot;1.995&quot; /&gt;&lt;ABS:Obs TIME=&quot;2012&quot; OBS_VALUE=&quot;1.982&quot; /&gt;&lt;ABS:Obs TIME=&quot;2013&quot; OBS_VALUE=&quot;2.079&quot; /&gt;&lt;ABS:Obs TIME=&quot;2014&quot; OBS_VALUE=&quot;2.019&quot; /&gt;&lt;ABS:Obs TIME=&quot;2015&quot; OBS_VALUE=&quot;1.739&quot; /&gt;&lt;ABS:Obs TIME=&quot;2016&quot; OBS_VALUE=&quot;2.076&quot; /&gt;&lt;ABS:Obs TIME=&quot;2017&quot; OBS_VALUE=&quot;2.291&quot; /&gt;&lt;ABS:Obs TIME=&quot;2018&quot; OBS_VALUE=&quot;2.238&quot; /&gt;&lt;/ABS:Series&gt;&lt;ABS:Series MEASURE=&quot;1&quot; INDIG_STATUS=&quot;IB&quot; AGE=&quot;TT&quot; ASGS_2011=&quot;2&quot; FREQUENCY=&quot;A&quot; TIME_FORMAT=&quot;P1Y&quot;&gt;&lt;ABS:Obs TIME=&quot;2001&quot; OBS_VALUE=&quot;522&quot; /&gt;&lt;ABS:Obs TIME=&quot;2002&quot; OBS_VALUE=&quot;601&quot; /&gt;&lt;ABS:Obs TIME=&quot;2003&quot; OBS_VALUE=&quot;722&quot; /&gt;&lt;ABS:Obs TIME=&quot;2004&quot; OBS_VALUE=&quot;719&quot; /&gt;&lt;ABS:Obs TIME=&quot;2005&quot; OBS_VALUE=&quot;802&quot; /&gt;&lt;ABS:Obs TIME=&quot;2006&quot; OBS_VALUE=&quot;783&quot; /&gt;&lt;ABS:Obs TIME=&quot;2007&quot; OBS_VALUE=&quot;1026&quot; /&gt;&lt;ABS:Obs TIME=&quot;2008&quot; OBS_VALUE=&quot;1097&quot; /&gt;&lt;ABS:Obs TIME=&quot;2009&quot; OBS_VALUE=&quot;1129&quot; /&gt;&lt;ABS:Obs TIME=&quot;
Inserting 432 obs
&lt;soapenv:Envelope xmlns:soapenv=&quot;http://schemas.xmlsoap.org/soap/envelope/&quot; xmlns:sdmx=&quot;http://stats.oecd.org/OECDStatWS/SDMX/&quot;&gt;&lt;soapenv:Header/&gt;&lt;soapenv:Body&gt;&lt;sdmx:GetDataStructureDefinition&gt;&lt;!--Optional:--&gt;&lt;sdmx:QueryMessage&gt;&lt;message:QueryMessage xsi:schemaLocation=&quot;http://www.SDMX.org/resources/SDMXML/schemas/v2_0/queryhttp://www.sdmx.org/docs/2_0/SDMXQuery.xsd http://www.SDMX.org/resources/SDMXML/schemas/v2_0/message http://www.sdmx.org/docs/2_0/SDMXMessage.xsd&quot; xmlns=&quot;http://www.SDMX.org/resources/SDMXML/schemas/v2_0/query&quot; xmlns:message=&quot;http://www.SDMX.org/resources/SDMXML/schemas/v2_0/message&quot; xmlns:xsi=&quot;http://www.w3.org/2001/XMLSchema-instance&quot;&gt;&lt;Header xmlns=&quot;http://www.SDMX.org/resources/SDMXML/schemas/v2_0/message&quot;&gt;&lt;ID&gt;none&lt;/ID&gt;&lt;Test&gt;false&lt;/Test&gt;&lt;Prepared&gt;2012-06-01T09:33:53&lt;/Prepared&gt;&lt;Sender id=&quot;YourID&quot;&gt;&lt;Name xml:lang=&quot;en&quot;&gt;Your English Name&lt;/Name&gt;&lt;/Sender&gt;&lt;Receiver id=&quot;ABS&quot;&gt;&lt;Name xml:lang=&quot;en&quot;&gt;Australian Bureau of Statistics&lt;/Name&gt;&lt;Name xml:lang=&quot;fr&quot;&gt;Australian Bureau of Statistics&lt;/Name&gt;&lt;/Receiver&gt;&lt;/Header&gt;&lt;message:Query&gt;&lt;KeyFamilyWhere&gt;&lt;Or&gt;&lt;KeyFamily&gt;ALC&lt;/KeyFamily&gt;&lt;/Or&gt;&lt;/KeyFamilyWhere&gt;&lt;/message:Query&gt;&lt;/message:QueryMessage&gt;&lt;/sdmx:QueryMessage&gt;&lt;/sdmx:GetDataStructureDefinition&gt;&lt;/soapenv:Body&gt;&lt;/soapenv:Envelope&gt;
Header=&lt;message:Structure xmlns=&quot;http://www.SDMX.org/resources/SDMXML/schemas/v2_0/structure&quot; xmlns:common=&quot;http://www.SDMX.org/resources/SDMXML/schemas/v2_0/common&quot; xsi:schemaLocation=&quot;http://www.SDMX.org/resources/SDMXML/schemas/v2_0/structure http://www.sdmx.org/docs/2_0/SDMXStructure.xsd http://www.SDMX.org/resources/SDMXML/schemas/v2_0/message http://www.sdmx.org/docs/2_0/SDMXMessage.xsd&quot; xmlns:xsi=&quot;http://www.w3.org/2001/XMLSchema-instance&quot; xmlns:message=&quot;http://www.SDMX.org/resources/SDMXML/schemas/v2_0/message&quot;&gt;&lt;Header xmlns=&quot;http://www.SDMX.org/resources/SDMXML/schemas/v2_0/message&quot;&gt;&lt;ID&gt;none&lt;!--Statistical usage warning
ABS.Stat beta is continuing to be developed.  Data will be updated as soon as possible following its 11:30 am release on the ABS website.
--&gt;&lt;/ID&gt;&lt;Test&gt;false&lt;/Test&gt;&lt;Truncated&gt;false&lt;/Truncated&gt;&lt;Prepared&gt;2020-03-19T13:26:01&lt;/Prepared&gt;&lt;Sender id=&quot;ABS&quot;&gt;&lt;Name xml:lang=&quot;en&quot;&gt;Australian Bureau of Statistics&lt;/Name&gt;&lt;Name xml:lang=&quot;fr&quot;&gt;Australian Bureau of Statistics&lt;/Name&gt;&lt;/Sender&gt;&lt;/Header&gt;&lt;message:CodeLists&gt;&lt;CodeList id=&quot;CL_ALC_TYP&quot; agencyID=&quot;ABS&quot;&gt;&lt;Name xml:lang=&quot;en&quot;&gt;Type of Volume&lt;/Name&gt;&lt;Name xml:lang=&quot;fr&quot;&gt;Type of Volume&lt;/Name&gt;&lt;Code value=&quot;1&quot;&gt;&lt;Description xml:lang=&quot;en&quot;&gt;Volume of pure alcohol&lt;/Description&gt;&lt;Description xml:lang=&quot;fr&quot;&gt;Volume of pure alcohol&lt;/Description&gt;&lt;/Code&gt;&lt;Code value=&quot;2&quot;&gt;&lt;Description xml:lang=&quot;en&quot;&gt;Volume of beverage&lt;/Description&gt;&lt;Description xml:lang=&quot;fr&quot;&gt;Volume of beverage&lt;/Description&gt;&lt;/Code&gt;&lt;/CodeList&gt;&lt;CodeList id=&quot;CL_ALC_MEA&quot; agencyID=&quot;ABS&quot;&gt;&lt;Name xml:lang=&quot;en&quot;&gt;Measure&lt;/Name&gt;&lt;Name xml:lang=&quot;fr&quot;&gt;Measure&lt;/Name&gt;&lt;Code value=&quot;1&quot;&gt;&lt;Description xml:lang=&quot;en&quot;&gt;Total apparent consumption (&apos;000 litres)&lt;/Description&gt;&lt;Description xml:lang=&quot;fr&quot;&gt;Total apparent consumption (&apos;000 litres)&lt;/Description&gt;&lt;/Code&gt;&lt;Code value=&quot;2&quot;&gt;&lt;Description xml:lang=&quot;en&quot;&gt;Per capita apparent consumption (litres)&lt;/Description&gt;&lt;Description xml:lang=&quot;fr&quot;&gt;Per capita apparent consumption (litres)&lt;/Description&gt;&lt;/Code&gt;&lt;/CodeList&gt;&lt;CodeList id=&quot;CL_ALC_BEVT&quot; agencyID=&quot;ABS&quot;&gt;&lt;Name xml:lang=&quot;en&quot;&gt;Beverage Type&lt;/Name&gt;&lt;Name xml:lang=&quot;fr&quot;&gt;Beverage Type&lt;/Name&gt;&lt;Code value=&quot;1&quot;&gt;&lt;Description xml:lang=&quot;en&quot;&gt;Beer&lt;/Description&gt;&lt;Description xml:lang=&quot;fr&quot;&gt;Beer&lt;/Description&gt;&lt;/Code&gt;&lt;Code value=&quot;2&quot;&gt;&lt;Description xml:lang=&quot;en&quot;&gt;Wine&lt;/Description&gt;&lt;Description xml:lang=&quot;fr&quot;&gt;Wine&lt;/Description&gt;&lt;/Code&gt;&lt;Code value=&quot;3&quot;&gt;&lt;Description xml:lang=&quot;en&quot;&gt;Spirits and RTDs&lt;/Description&gt;&lt;Description xml:lang=&quot;fr&quot;&gt;Spirits and RTDs&lt;/Description&gt;&lt;/Code&gt;&lt;Code value=&quot;4&quot;&gt;&lt;Description xml:lang=&quot;en&quot;&gt;Total all beverages&lt;/Description&gt;&lt;Description xml:lang=&quot;fr&quot;&gt;Total all beverages&lt;/Description&gt;&lt;/Code&gt;&lt;Code value=&quot;5&quot;&gt;&lt;Description xml:lang=&quot;en&quot;&gt;Cider&lt;/Description&gt;&lt;Description xml:lang=&quot;fr&quot;&gt;Cider&lt;/Description&gt;&lt;/Code&gt;&lt;/CodeList&gt;&lt;CodeList id=&quot;CL_ALC_SUB&quot; agencyID=&quot;ABS&quot;&gt;&lt;Name xml:lang=&quot;en&quot;&gt;Beverage Subtype/Strength&lt;/Name&gt;&lt;Name xml:lang=&quot;fr&quot;&gt;Beverage Subtype/Strength&lt;/Name&gt;&lt;Code value=&quot;1&quot;&gt;&lt;Description xml:lang=&quot;en&quot;&gt;Low alcohol beer&lt;/Description&gt;&lt;Description xml:lang=&quot;fr&quot;&gt;Low alcohol beer&lt;/Description&gt;&lt;/Code&gt;&lt;Code value=&quot;2&quot;&gt;&lt;Description xml:lang=&quot;en&quot;&gt;Other alcohol beer&lt;/Description&gt;&lt;Description xml:lang=&quot;fr&quot;&gt;Other alcohol beer&lt;/Description&gt;&lt;/Code&gt;&lt;Code value=&quot;3&quot;&gt;&lt;Description xml:lang=&quot;en&quot;&gt;Low strength beer&lt;/Description&gt;&lt;Description xml:lang=&quot;fr&quot;&gt;Low strength beer&lt;/Description&gt;&lt;/Code&gt;&lt;Code value=&quot;4&quot;&gt;&lt;Description xml:lang=&quot;en&quot;&gt;Mid strength beer&lt;/Description&gt;&lt;Description xml:lang=&quot;fr&quot;&gt;Mid strength beer&lt;/Description&gt;&lt;/Code&gt;&lt;Code value=&quot;5&quot;&gt;&lt;Description xml:lang=&quot;en&quot;&gt;Full strength beer&lt;/Description&gt;&lt;Description xml:lang=&quot;fr&quot;&gt;Full strength beer&lt;/Description&gt;&lt;/Code&gt;&lt;Code value=&quot;6&quot;&gt;&lt;Description xml:lang=&quot;en&quot;&gt;Total beer&lt;/Description&gt;&lt;Description xml:lang=&quot;fr&quot;&gt;Total beer&lt;/Description&gt;&lt;/Code&gt;&lt;Code value=&quot;7&quot;&gt;&lt;Description xml:lang=&quot;en&quot;&gt;White table wine&lt;/Description&gt;&lt;Description xml:lang=&quot;fr&quot;&gt;White table wine&lt;/Description&gt;&lt;/Code&gt;&lt;Code value=&quot;8&quot;&gt;&lt;Description xml:lang=&quot;en&quot;&gt;Red table wine&lt;/Description&gt;&lt;Description xml:lang=&quot;fr&quot;&gt;Red table wine&lt;/Description&gt;&lt;/Code&gt;&lt;Code value=&quot;9&quot;&gt;&lt;Description xml:lang=&quot;en&quot;&gt;Other wines&lt;/Description&gt;&lt;Description xml:lang=&quot;fr&quot;&gt;Other wines&lt;/Description&gt;&lt;/Code&gt;&lt;Code value=&quot;10&quot;&gt;&lt;Description xml:lang=&quot;en&quot;&gt;Total wine&lt;/Description&gt;&lt;Description xml:lang=&quot;fr&quot;&gt;Total wine&lt;/Description&gt;&lt;/Code&gt;&lt;Code value=&quot;11&quot;&gt;&lt;Description xml:lang=&quot;en&quot;&gt;Spirits&lt;/Description&gt;&lt;Description xml:lang=&quot;fr&quot;&gt;Spirits&lt;/Description&gt;&lt;/Code&gt;&lt;Code value=&quot;12&quot;&gt;&lt;Description xml:lang=&quot;en&quot;&gt;RTDs&lt;/Description&gt;&lt;Description xml:lang=&quot;fr&quot;&gt;RTDs&lt;/Description&gt;&lt;/Code&gt;&lt;Code value=&quot;13&quot;&gt;&lt;Description xml:lang=&quot;en&quot;&gt;Total spirits and RTDs&lt;/Description&gt;&lt;Description xml:lang=&quot;fr&quot;&gt;Total spirits and RTDs&lt;/Description&gt;&lt;/Code&gt;&lt;Code value=&quot;15&quot;&gt;&lt;Description xml:lang=&quot;en&quot;&gt;Cider&lt;/Description&gt;&lt;Description xml:lang=&quot;fr&quot;&gt;Cider&lt;/Description&gt;&lt;/Code&gt;&lt;Code value=&quot;14&quot;&gt;&lt;Description xml:lang=&quot;en&quot;&gt;Total all beverages&lt;/Description&gt;&lt;Description xml:lang=&quot;fr&quot;&gt;Total all beverages&lt;/Description&gt;&lt;/Code&gt;&lt;/CodeList&gt;&lt;CodeList id=&quot;CL_ALC_FREQUENCY&quot; agencyID=&quot;ABS&quot;&gt;&lt;Name xml:lang=&quot;en&quot;&gt;Frequency&lt;/Name&gt;&lt;Name xml:lang=&quot;fr&quot;&gt;Frequency&lt;/Name&gt;&lt;Code value=&quot;A&quot;&gt;&lt;Description xml:lang=&quot;en&quot;&gt;Annual&lt;/Description&gt;&lt;Description xml:lang=&quot;fr&quot;&gt;Annuelle&lt;/Description&gt;&lt;/Code&gt;&lt;/CodeList&gt;&lt;CodeList id=&quot;CL_ALC_TIME&quot; agencyID=&quot;ABS&quot;&gt;&lt;Name xml:lang=&quot;en&quot;&gt;Time&lt;/Name&gt;&lt;Name xml:lang=&quot;fr&quot;&gt;Time&lt;/Name&gt;&lt;Code value=&quot;1945&quot;&gt;&lt;Description xml:lang=&quot;en&quot;&gt;1945&lt;/Description&gt;&lt;Description xml:lang=&quot;fr&quot;&gt;1945&lt;/Description&gt;&lt;/Code&gt;&lt;Code value=&quot;1946&quot;&gt;&lt;Description xml:lang=&quot;en&quot;&gt;1946&lt;/Description&gt;&lt;Description xml:lang=&quot;fr&quot;&gt;1946&lt;/Description&gt;&lt;/Code&gt;&lt;Code value=&quot;1947&quot;&gt;&lt;Description xml:lang=&quot;en&quot;&gt;1947&lt;/Description&gt;&lt;Description xml:lang=&quot;fr&quot;&gt;1947&lt;/Description&gt;&lt;/Code&gt;&lt;Code value=&quot;1948&quot;&gt;&lt;Description xml:lang=&quot;en&quot;&gt;1948&lt;/Description&gt;&lt;Description xml:lang=&quot;fr&quot;&gt;1948&lt;/Description&gt;&lt;/Code&gt;&lt;Code value=&quot;1949&quot;&gt;&lt;Description xml:lang=&quot;en&quot;&gt;1949&lt;/Description&gt;&lt;Description xml:lang=&quot;fr&quot;&gt;1949&lt;/Description&gt;&lt;/Code&gt;&lt;Code value=&quot;1950&quot;&gt;&lt;Description xml:lang=&quot;en&quot;&gt;1950&lt;/Description&gt;&lt;Description xml:lang=&quot;fr&quot;&gt;1950&lt;/Description&gt;&lt;/Code&gt;&lt;Code value=&quot;1951&quot;&gt;&lt;Description xml:lang=&quot;en&quot;&gt;1951&lt;/Description&gt;&lt;Description xml:lang=&quot;fr&quot;&gt;1951&lt;/Description&gt;&lt;/Code&gt;&lt;Code value=&quot;1952&quot;&gt;&lt;Description xml:lang=&quot;en&quot;&gt;1952&lt;/Description&gt;&lt;Description xml:lang=&quot;fr&quot;&gt;1952&lt;/Description&gt;&lt;/Code&gt;&lt;Code value=&quot;1953&quot;&gt;&lt;Description xml:lang=&quot;en&quot;&gt;1953&lt;/Description&gt;&lt;Description xml:lang=&quot;fr&quot;&gt;1953&lt;/Description&gt;&lt;/Code&gt;&lt;Code value=&quot;1954&quot;&gt;&lt;Description xml:lang=&quot;en&quot;&gt;1954&lt;/Description&gt;&lt;Description xml:lang=&quot;fr&quot;&gt;1954&lt;/Description&gt;&lt;/Code&gt;&lt;Code value=&quot;1955&quot;&gt;&lt;Description xml:lang=&quot;en&quot;&gt;1955&lt;/Description&gt;&lt;Description xml:lang=&quot;fr&quot;&gt;1955&lt;/Description&gt;&lt;/Code&gt;&lt;Code value=&quot;1956&quot;&gt;&lt;Description xml:lang=&quot;en&quot;&gt;1956&lt;/Description&gt;&lt;Description xml:lang=&quot;fr&quot;&gt;1956&lt;/Description&gt;&lt;/Code&gt;&lt;Code value=&quot;1957&quot;&gt;&lt;Description xml:lang=&quot;en&quot;&gt;1957&lt;/Description&gt;&lt;Description xml:lang=&quot;fr&quot;&gt;1957&lt;/Description&gt;&lt;/Code&gt;&lt;Code value=&quot;1958&quot;&gt;&lt;Description xml:lang=&quot;en&quot;&gt;1958&lt;/Description&gt;&lt;Description xml:lang=&quot;fr&quot;&gt;1958&lt;/Description&gt;&lt;/Code&gt;&lt;Code value=&quot;1959&quot;&gt;&lt;Description xml:lang=&quot;en&quot;&gt;1959&lt;/Description&gt;&lt;Description xml:lang=&quot;fr&quot;&gt;1959&lt;/Description&gt;&lt;/Code&gt;&lt;Code value=&quot;1960&quot;&gt;&lt;Description xml:lang=&quot;en&quot;&gt;1960&lt;/Description&gt;&lt;Description xml:lang=&quot;fr&quot;&gt;1960&lt;/Description&gt;&lt;/Code&gt;&lt;Code value=&quot;1961&quot;&gt;&lt;Description xml:lang=&quot;en&quot;&gt;1961&lt;/Description&gt;&lt;Description xml:lang=&quot;fr&quot;&gt;1961&lt;/Description&gt;&lt;/Code&gt;&lt;Code value=&quot;1962&quot;&gt;&lt;Description xml:lang=&quot;en&quot;&gt;1962&lt;/Description&gt;&lt;Description xml:lang=&quot;fr&quot;&gt;1962&lt;/Description&gt;&lt;/Code&gt;&lt;Code value=&quot;1963&quot;&gt;&lt;Description xml:lang=&quot;en&quot;&gt;1963&lt;/Description&gt;&lt;Description xml:lang=&quot;fr&quot;&gt;1963&lt;/Description&gt;&lt;/Code&gt;&lt;Code value=&quot;1964&quot;&gt;&lt;Description xml:lang=&quot;en&quot;&gt;1964&lt;/Description&gt;&lt;Description xml:lang=&quot;fr&quot;&gt;1964&lt;/Description&gt;&lt;/Code&gt;&lt;Code value=&quot;1965&quot;&gt;&lt;Description xml:lang=&quot;en&quot;&gt;1965&lt;/Description&gt;&lt;Description xml:lang=&quot;fr&quot;&gt;1965&lt;/Description&gt;&lt;/Code&gt;&lt;Code value=&quot;1966&quot;&gt;&lt;Description xml:lang=&quot;en&quot;&gt;1966&lt;/Description&gt;&lt;Description xml:lang=&quot;fr&quot;&gt;1966&lt;/Description&gt;&lt;/Code&gt;&lt;Code value=&quot;1967&quot;&gt;&lt;Description xml:lang=&quot;en&quot;&gt;1967&lt;/Description&gt;&lt;Description xml:lang=&quot;fr&quot;&gt;1967&lt;/Description&gt;&lt;/Code&gt;&lt;Code value=&quot;1968&quot;&gt;&lt;Description xml:lang=&quot;en&quot;&gt;1968&lt;/Description&gt;&lt;Description xml:lang=&quot;fr&quot;&gt;1968&lt;/Description&gt;&lt;/Code&gt;&lt;Code value=&quot;1969&quot;&gt;&lt;Description xml:lang=&quot;en&quot;&gt;1969&lt;/Description&gt;&lt;Description xml:lang=&quot;fr&quot;&gt;1969&lt;/Description&gt;&lt;/Code&gt;&lt;Code value=&quot;1970&quot;&gt;&lt;Description xml:lang=&quot;en&quot;&gt;1970&lt;/Description&gt;&lt;Description xml:lang=&quot;fr&quot;&gt;197
SELECT * FROM pg_catalog.pg_tables WHERE schemaname != &apos;pg_catalog&apos; AND schemaname != &apos;information_schema&apos; and schemaname like &apos;flow_ALC&apos;;
Create Dataflow ALC
create table if not exists &quot;flow_ALC&quot; (&quot;TYP&quot; varchar(300),&quot;MEA&quot; varchar(300),&quot;BEVT&quot; varchar(300),&quot;SUB&quot; varchar(300),&quot;FREQUENCY&quot; varchar(300),&quot;TIME&quot; varchar(300),&quot;OBS_STATUS&quot; varchar(300),&quot;TIME_FORMAT&quot; varchar(300),&quot;OBS_VALUE&quot; double precision);
&lt;soap12:Envelope xmlns:xsi=&quot;http://www.w3.org/2001/XMLSchema-instance&quot; xmlns:xsd=&quot;http://www.w3.org/2001/XMLSchema&quot; xmlns:soap12=&quot;http://www.w3.org/2003/05/soap-envelope&quot;&gt;
  &lt;soap12:Body&gt;
    &lt;GetCompactData xmlns=&quot;http://stats.oecd.org/OECDStatWS/SDMX/&quot;&gt;
      &lt;QueryMessage&gt;&lt;message:QueryMessage xmlns:message=&quot;http://www.SDMX.org/resources/SDMXML/schemas/v2_0/message&quot;&gt;&lt;Header xmlns=&quot;http://www.SDMX.org/resources/SDMXML/schemas/v2_0/message&quot;&gt;&lt;message:ID&gt;none&lt;/message:ID&gt;&lt;message:Test&gt;false&lt;/message:Test&gt;&lt;message:Prepared&gt;2016-08-19T00:11:33+08:00&lt;/message:Prepared&gt;&lt;message:Sender id=&quot;Sdmx-Sax&quot; /&gt;&lt;message:Receiver id=&quot;ABS&quot; /&gt;&lt;/Header&gt;&lt;message:Query&gt;&lt;DataWhere xmlns=&quot;http://www.SDMX.org/resources/SDMXML/schemas/v2_0/query&quot;&gt;&lt;And&gt;&lt;DataSet&gt;ALC&lt;/DataSet&gt;&lt;Time&gt;&lt;StartTime&gt;1000-02-01&lt;/StartTime&gt;&lt;EndTime&gt;2020-04-19&lt;/EndTime&gt;&lt;/Time&gt;&lt;Or&gt;&lt;Dimension id=&quot;TYP&quot;&gt;1&lt;/Dimension&gt;&lt;Dimension id=&quot;TYP&quot;&gt;1&lt;/Dimension&gt;&lt;Dimension id=&quot;TYP&quot;&gt;2&lt;/Dimension&gt;&lt;/Or&gt;&lt;Or&gt;&lt;Dimension id=&quot;MEA&quot;&gt;1&lt;/Dimension&gt;&lt;/Or&gt;&lt;Or&gt;&lt;Dimension id=&quot;BEVT&quot;&gt;1&lt;/Dimension&gt;&lt;Dimension id=&quot;BEVT&quot;&gt;2&lt;/Dimension&gt;&lt;Dimension id=&quot;BEVT&quot;&gt;3&lt;/Dimension&gt;&lt;Dimension id=&quot;BEVT&quot;&gt;4&lt;/Dimension&gt;&lt;Dimension id=&quot;BEVT&quot;&gt;5&lt;/Dimension&gt;&lt;/Or&gt;&lt;Or&gt;&lt;Dimension id=&quot;SUB&quot;&gt;1&lt;/Dimension&gt;&lt;Dimension id=&quot;SUB&quot;&gt;2&lt;/Dimension&gt;&lt;Dimension id=&quot;SUB&quot;&gt;3&lt;/Dimension&gt;&lt;Dimension id=&quot;SUB&quot;&gt;4&lt;/Dimension&gt;&lt;Dimension id=&quot;SUB&quot;&gt;5&lt;/Dimension&gt;&lt;Dimension id=&quot;SUB&quot;&gt;6&lt;/Dimension&gt;&lt;Dimension id=&quot;SUB&quot;&gt;7&lt;/Dimension&gt;&lt;Dimension id=&quot;SUB&quot;&gt;8&lt;/Dimension&gt;&lt;Dimension id=&quot;SUB&quot;&gt;9&lt;/Dimension&gt;&lt;Dimension id=&quot;SUB&quot;&gt;10&lt;/Dimension&gt;&lt;Dimension id=&quot;SUB&quot;&gt;11&lt;/Dimension&gt;&lt;Dimension id=&quot;SUB&quot;&gt;12&lt;/Dimension&gt;&lt;Dimension id=&quot;SUB&quot;&gt;13&lt;/Dimension&gt;&lt;Dimension id=&quot;SUB&quot;&gt;15&lt;/Dimension&gt;&lt;Dimension id=&quot;SUB&quot;&gt;14&lt;/Dimension&gt;&lt;/Or&gt;&lt;Or&gt;&lt;Dimension id=&quot;FREQUENCY&quot;&gt;A&lt;/Dimension&gt;&lt;/Or&gt;&lt;/And&gt;&lt;/DataWhere&gt;&lt;/message:Query&gt;&lt;/message:QueryMessage&gt;
&lt;/QueryMessage&gt;
&lt;/GetCompactData&gt;
&lt;/soap12:Body&gt;
&lt;/soap12:Envelope&gt;
Header=&lt;message:CompactData xmlns=&quot;http://www.SDMX.org/resources/SDMXML/schemas/v2_0/message&quot; xmlns:common=&quot;http://www.SDMX.org/resources/SDMXML/schemas/v2_0/common&quot; xmlns:compact=&quot;http://www.SDMX.org/resources/SDMXML/schemas/v2_0/compact&quot; xmlns:ABS=&quot;http://oecd.stat.org/Data&quot; xmlns:xsi=&quot;http://www.w3.org/2001/XMLSchema-instance&quot; xsi:schemaLocation=&quot;http://www.SDMX.org/resources/SDMXML/schemas/v2_0/message http://www.sdmx.org/docs/2_0/SDMXMessage.xsd http://oecd.stat.org/Data http://stat.data.abs.gov.au/restsdmx/sdmx.ashx/GetSchema/ALC&quot; xmlns:message=&quot;http://www.SDMX.org/resources/SDMXML/schemas/v2_0/message&quot;&gt;&lt;Header&gt;&lt;ID&gt;none&lt;/ID&gt;&lt;Test&gt;false&lt;/Test&gt;&lt;Truncated&gt;false&lt;/Truncated&gt;&lt;Prepared&gt;2020-03-19T13:26:07&lt;/Prepared&gt;&lt;Sender id=&quot;ABS&quot;&gt;&lt;Name xml:lang=&quot;en&quot;&gt;Australian Bureau of Statistics&lt;/Name&gt;&lt;Name xml:lang=&quot;fr&quot;&gt;Australian Bureau of Statistics&lt;/Name&gt;&lt;/Sender&gt;&lt;/Header&gt;&lt;ABS:DataSet keyFamilyURI=&quot;http://stat.data.abs.gov.au/restsdmx/sdmx.ashx/GetKeyFamily/ALC&quot; xmlns:ABS=&quot;http://oecd.stat.org/Data&quot;&gt;&lt;ABS:Series TYP=&quot;1&quot; MEA=&quot;1&quot; BEVT=&quot;1&quot; SUB=&quot;1&quot; FREQUENCY=&quot;A&quot; TIME_FORMAT=&quot;P1Y&quot;&gt;&lt;ABS:Obs TIME=&quot;1985&quot; OBS_VALUE=&quot;4832&quot; /&gt;&lt;ABS:Obs TIME=&quot;1986&quot; OBS_VALUE=&quot;4825&quot; /&gt;&lt;ABS:Obs TIME=&quot;1987&quot; OBS_VALUE=&quot;4440&quot; /&gt;&lt;ABS:Obs TIME=&quot;1988&quot; OBS_VALUE=&quot;4766&quot; /&gt;&lt;ABS:Obs TIME=&quot;1989&quot; OBS_VALUE=&quot;6566&quot; /&gt;&lt;ABS:Obs TIME=&quot;1990&quot; OBS_VALUE=&quot;9046&quot; /&gt;&lt;ABS:Obs TIME=&quot;1991&quot; OBS_VALUE=&quot;9665&quot; /&gt;&lt;ABS:Obs TIME=&quot;1992&quot; OBS_VALUE=&quot;11241&quot; /&gt;&lt;ABS:Obs TIME=&quot;1993&quot; OBS_VALUE=&quot;12523&quot; /&gt;&lt;ABS:Obs TIME=&quot;1994&quot; OBS_VALUE=&quot;11927&quot; /&gt;&lt;ABS:Obs TIME=&quot;1995&quot; OBS_VALUE=&quot;11859&quot; /&gt;&lt;ABS:Obs TIME=&quot;1996&quot; OBS_VALUE=&quot;12597&quot; /&gt;&lt;ABS:Obs TIME=&quot;1997&quot; OBS_VALUE=&quot;13687&quot; /&gt;&lt;ABS:Obs TIME=&quot;1998&quot; OBS_VALUE=&quot;14261&quot; /&gt;&lt;ABS:Obs TIME=&quot;1999&quot; OBS_VALUE=&quot;14373&quot; /&gt;&lt;/ABS:Series&gt;&lt;ABS:Series TYP=&quot;2&quot; MEA=&quot;1&quot; BEVT=&quot;1&quot; SUB=&quot;1&quot; FREQUENCY=&quot;A&quot; TIME_FORMAT=&quot;P1Y&quot;&gt;&lt;ABS:Obs TIME=&quot;1985&quot; OBS_VALUE=&quot;201339&quot; /&gt;&lt;ABS:Obs TIME=&quot;1986&quot; OBS_VALUE=&quot;201044&quot; /&gt;&lt;ABS:Obs TIME=&quot;1987&quot; OBS_VALUE=&quot;185009&quot; /&gt;&lt;ABS:Obs TIME=&quot;1988&quot; OBS_VALUE=&quot;198592&quot; /&gt;&lt;ABS:Obs TIME=&quot;1989&quot; OBS_VALUE=&quot;273596&quot; /&gt;&lt;ABS:Obs TIME=&quot;1990&quot; OBS_VALUE=&quot;318109&quot; /&gt;&lt;ABS:Obs TIME=&quot;1991&quot; OBS_VALUE=&quot;338167&quot; /&gt;&lt;ABS:Obs TIME=&quot;1992&quot; OBS_VALUE=&quot;387938&quot; /&gt;&lt;ABS:Obs TIME=&quot;1993&quot; OBS_VALUE=&quot;423102&quot; /&gt;&lt;ABS:Obs TIME=&quot;1994&quot; OBS_VALUE=&quot;393166&quot; /&gt;&lt;ABS:Obs TIME=&quot;1995&quot; OBS_VALUE=&quot;384062&quot; /&gt;&lt;ABS:Obs TIME=&quot;1996&quot; OBS_VALUE=&quot;407232&quot; /&gt;&lt;ABS:Obs TIME=&quot;1997&quot; OBS_VALUE=&quot;443175&quot; /&gt;&lt;ABS:Obs TIME=&quot;1998&quot; OBS_VALUE=&quot;462028&quot; /&gt;&lt;ABS:Obs TIME=&quot;1999&quot; OBS_VALUE=&quot;468179&quot; /&gt;&lt;ABS:Obs TIME=&quot;2000&quot; OBS_VALUE=&quot;483438&quot; /&gt;&lt;/ABS:Series&gt;&lt;ABS:Series TYP=&quot;1&quot; MEA=&quot;1&quot; BEVT=&quot;1&quot; SUB=&quot;2&quot; FREQUENCY=&quot;A&quot; TIME_FORMAT=&quot;P1Y&quot;&gt;&lt;ABS:Obs TIME=&quot;1985&quot; OBS_VALUE=&quot;76356&quot; /&gt;&lt;ABS:Obs TIME=&quot;1986&quot; OBS_VALUE=&quot;78287&quot; /&gt;&lt;ABS:Obs TIME=&quot;1987&quot; OBS_VALUE=&quot;77087&quot; /&gt;&lt;ABS:Obs TIME=&quot;1988&quot; OBS_VALUE=&quot;79367&quot; /&gt;&lt;ABS:Obs TIME=&quot;1989&quot; OBS_VALUE=&quot;79253&quot; /&gt;&lt;ABS:Obs TIME=&quot;1990&quot; OBS_VALUE=&quot;76973&quot; /&gt;&lt;ABS:Obs TIME=&quot;1991&quot; OBS_VALUE=&quot;74592&quot; /&gt;&lt;ABS:Obs TIME=&quot;1992&quot; OBS_VALUE=&quot;67767&quot; /&gt;&lt;ABS:Obs TIME=&quot;1993&quot; OBS_VALUE=&quot;63191&quot; /&gt;&lt;ABS:Obs TIME=&quot;1994&quot; OBS_VALUE=&quot;64476&quot; /&gt;&lt;ABS:Obs TIME=&quot;1995&quot; OBS_VALUE=&quot;64743&quot; /&gt;&lt;ABS:Obs TIME=&quot;1996&quot; OBS_VALUE=&quot;63118&quot; /&gt;&lt;ABS:Obs TIME=&quot;1997&quot; OBS_VALUE=&quot;62848&quot; /&gt;&lt;ABS:Obs TIME=&quot;1998&quot; OBS_VALUE=&quot;61976&quot; /&gt;&lt;ABS:Obs TIME=&quot;1999&quot; OBS_VALUE=&quot;61234&quot; /&gt;&lt;/ABS:Series&gt;&lt;ABS:Series TYP=&quot;2&quot; MEA=&quot;1&quot; BEVT=&quot;1&quot; SUB=&quot;2&quot; FREQUENCY=&quot;A&quot; TIME_FORMAT=&quot;P1Y&quot;&gt;&lt;ABS:Obs TIME=&quot;1985&quot; OBS_VALUE=&quot;1590745&quot; /&gt;&lt;ABS:Obs TIME=&quot;1986&quot; OBS_VALUE=&quot;1630970&quot; /&gt;&lt;ABS:Obs TIME=&quot;1987&quot; OBS_VALUE=&quot;1605987&quot; /&gt;&lt;ABS:Obs TIME=&quot;1988&quot; OBS_VALUE=&quot;1654265&quot; /&gt;&lt;ABS:Obs TIME=&quot;1989&quot; OBS_VALUE=&quot;1651950&quot; /&gt;&lt;ABS:Obs TIME=&quot;1990&quot; OBS_VALUE=&quot;1611507&quot; /&gt;&lt;ABS:Obs TIME=&quot;1991&quot; OBS_VALUE=&quot;1560772&quot; /&gt;&lt;ABS:Obs TIME=&quot;1992&quot; OBS_VALUE=&quot;1421692&quot; /&gt;&lt;ABS:Obs TIME=&quot;1993&quot; OBS_VALUE=&quot;1327269&quot; /&gt;&lt;ABS:Obs TIME=&quot;1994&quot; OBS_VALUE=&quot;1347296&quot; /&gt;&lt;ABS:Obs TIME=&quot;1995&quot; OBS_VALUE=&quot;1355321&quot; /&gt;&lt;ABS:Obs TIME=&quot;1996&quot; OBS_VALUE=&quot;1326718&quot; /&gt;&lt;ABS:Obs TIME=&quot;1997&quot; OBS_VALUE=&quot;1316704&quot; /&gt;&lt;ABS:Obs TIME=&quot;1998&quot; OBS_VALUE=&quot;1298185&quot; /&gt;&lt;ABS:Obs TIME=&quot;1999&quot; OBS_VALUE=&quot;1290812&quot; /&gt;&lt;ABS:Obs TIME=&quot;2000&quot; OBS_VALUE=&quot;1278305&quot; /&gt;&lt;/ABS:Series&gt;&lt;ABS:Series TYP=&quot;1&quot; MEA=&quot;1&quot; BEVT=&quot;1&quot; SUB=&quot;3&quot; FREQUENCY=&quot;A&quot; TIME_FORMAT=&quot;P1Y&quot;&gt;&lt;ABS:Obs TIME=&quot;2001&quot; OBS_VALUE=&quot;6393&quot; /&gt;&lt;ABS:Obs TIME=&quot;2002&quot; OBS_VALUE=&quot;6280&quot; /&gt;&lt;ABS:Obs TIME=&quot;2003&quot; OBS_VALUE=&quot;6280&quot; /&gt;&lt;ABS:Obs TIME=&quot;2004&quot; OBS_VALUE=&quot;6091&quot; /&gt;&lt;ABS:Obs TIME=&quot;2005&quot; OBS_VALUE=&quot;6171&quot; /&gt;&lt;ABS:Obs TIME=&quot;2006&quot; OBS_VALUE=&quot;5900&quot; /&gt;&lt;ABS:Obs TIME=&quot;2007&quot; OBS_VALUE=&quot;5381&quot; /&gt;&lt;ABS:Obs TIME=&quot;2008&quot; OBS_VALUE=&quot;4813&quot; /&gt;&lt;ABS:Obs TIME=&quot;2009&quot; OBS_VALUE=&quot;4247&quot; /&gt;&lt;ABS:Obs TIME=&quot;2010&quot; OBS_VALUE=&quot;3872&quot; /&gt;&lt;ABS:Obs TIME=&quot;2011&quot; OBS_VALUE=&quot;3367&quot; /&gt;&lt;ABS:Obs TIME=&quot;2012&quot; OBS_VALUE=&quot;2977&quot; /&gt;&lt;ABS:Obs TIME=&quot;2013&quot; OBS_VALUE=&quot;2710&quot; /&gt;&lt;ABS:Obs TIME=&quot;2014&quot; OBS_VALUE=&quot;2418&quot; /&gt;&lt;ABS:Obs TIME=&quot;2015&quot; OBS_VALUE=&quot;1996&quot; /&gt;&lt;ABS:Obs TIME=&quot;2016&quot; OBS_VALUE=&quot;1856&quot; /&gt;&lt;/ABS:Series&gt;&lt;ABS:Series TYP=&quot;2&quot; MEA=&quot;1&quot; BEVT=&quot;1&quot; SUB=&quot;3&quot; FREQUENCY=&quot;A&quot; TIME_FORMAT=&quot;P1Y&quot;&gt;&lt;ABS:Obs TIME=&quot;2001&quot; OBS_VALUE=&quot;234522&quot; /&gt;&lt;ABS:Obs TIME=&quot;2002&quot; OBS_VALUE=&quot;229965&quot; /&gt;&lt;ABS:Obs TIME=&quot;2003&quot; OBS_VALUE=&quot;235531&quot; /&gt;&lt;ABS:Obs TIME=&quot;2004&quot; OBS_VALUE=&quot;229417&quot; /&gt;&lt;ABS:Obs TIME=&quot;2005&quot; OBS_VALUE=&quot;229080&quot; /&gt;&lt;ABS:Obs TIME=&quot;2006&quot; OBS_VALUE=&quot;218045&quot; /&gt;&lt;ABS:Obs TIME=&quot;2007&quot; OBS_VALUE=&quot;199581&quot; /&gt;&lt;ABS:Obs TIME=&quot;2008&quot; OBS_VALUE=&quot;176984&quot; /&gt;&lt;ABS:Obs TIME=&quot;2009&quot; OBS_VALUE=&quot;156906&quot; /&gt;&lt;ABS:Obs TIME=&quot;2010&quot; OBS_VALUE=&quot;144599&quot; /&gt;&lt;ABS:Obs TIME=&quot;2011&quot; OBS_VALUE=&quot;128692&quot; /&gt;&lt;ABS:Obs TIME=&quot;2012&quot; OBS_VALUE=&quot;113298&quot; /&gt;&lt;ABS:Obs TIME=&quot;2013&quot; OBS_VALUE=&quot;102655&quot; /&gt;&lt;ABS:Obs TIME=&quot;2014&quot; OBS_VALUE=&quot;93366&quot; /&gt;&lt;ABS:Obs TIME=&quot;2015&quot; OBS_VALUE=&quot;75861&quot; /&gt;&lt;ABS:Obs TIME=&quot;2016&quot; OBS_VALUE=&quot;70628&quot; /&gt;&lt;/ABS:Series&gt;&lt;ABS:Series TYP=&quot;1&quot; MEA=&quot;1&quot; BEVT=&quot;1&quot; SUB=&quot;4&quot; FREQUENCY=&quot;A&quot; TIME_FORMAT=&quot;P1Y&quot;&gt;&lt;ABS:Obs TIME=&quot;2001&quot; OBS_VALUE=&quot;6938&quot; /&gt;&lt;ABS:Obs TIME=&quot;2002&quot; OBS_VALUE=&quot;7012&quot; /&gt;&lt;ABS:Obs TIME=&quot;2003&quot; OBS_VALUE=&quot;7594&quot; /&gt;&lt;ABS:Obs TIME=&quot;2004&quot; OBS_VALUE=&quot;8619&quot; /&gt;&lt;ABS:Obs TIME=&quot;2005&quot; OBS_VALUE=&quot;8407&quot; /&gt;&lt;ABS:Obs TIME=&quot;2006&quot; OBS_VALUE=&quot;8767&quot; /&gt;&lt;ABS:Obs TIME=&quot;2007&quot; OBS_VALUE=&quot;9336&quot; /&gt;&lt;ABS:Obs TIME=&quot;2008&quot; OBS_VALUE=&quot;9513&quot; /&gt;&lt;ABS:Obs TIME=&quot;2009&quot; OBS_VALUE=&quot;9862&quot; /&gt;&lt;ABS:Obs TIME=&quot;2010&quot; OBS_VALUE=&quot;10143&quot; /&gt;&lt;ABS:Obs TIME=&quot;2011&quot; OBS_VALUE=&quot;10207&quot; /&gt;&lt;ABS:Obs TIME=&quot;2012&quot; OBS_VALUE=&quot;10395&quot; /&gt;&lt;ABS:Obs TIME=&quot;2013&quot; OBS_VALUE=&quot;10769&quot; /&gt;&lt;ABS:Obs TIME=&quot;2014&quot; OBS_VALUE=&quot;11453&quot; /&gt;&lt;ABS:Obs TIME=&quot;2015&quot; OBS_VALUE=&quot;11165&quot; /&gt;&lt;ABS:Obs TIME=&quot;2016&quot; OBS_VALUE=&quot;12236&quot; /&gt;&lt;/ABS:Series&gt;&lt;ABS:Series TYP=&quot;2&quot; MEA=&quot;1&quot; BEVT=&quot;1&quot; SUB=&quot;4&quot; FREQUENCY=&quot;A&quot; TIME_FORMAT=&quot;P1Y&quot;&gt;&lt;ABS:Obs TIME=&quot;2001&quot; OBS_VALUE=&quot;197852&quot; /&gt;&lt;ABS:Obs TIME=&quot;2002&quot; OBS_VALUE=&quot;203817&quot; /&gt;&lt;ABS:Obs TIME=&quot;2003&quot; OBS_VALUE=&quot;217772&quot; /&gt;&lt;ABS:Obs TIME=&quot;2004&quot; OBS_VALUE=&quot;248835&quot; /&gt;&lt;ABS:Obs TIME=&quot;2005&quot; OBS_VALUE=&quot;240978&quot; /&gt;&lt;ABS:Obs TIME=&quot;2006&quot; OBS_VALUE=&quot;251676&quot; /&gt;&lt;ABS:Obs TIME=&quot;2007&quot; OBS_VALUE=&quot;268017&quot; /&gt;&lt;ABS:Obs TIME=&quot;2008&quot; OBS_VALUE=&quot;271807&quot; /&gt;&lt;ABS:Obs TIME=&quot;2009&quot; OBS_VALUE=&quot;281793&quot; /&gt;&lt;ABS:Obs TIME=&quot;2010&quot; OBS_VALUE=&quot;289815&quot; /&gt;&lt;ABS:Obs TIME=&quot;2011&quot; OBS_VALUE=&quot;291579&quot; /&gt;&lt;ABS:Obs TIME=&quot;2012&quot; OBS_VALUE=&quot;296856&quot; /&gt;&lt;ABS:Obs TIME=&quot;2013&quot; OBS_VALUE=&quot;307815&quot; /&gt;&lt;ABS:Obs TIME=&quot;2014&quot; OBS_VALUE=&quot;328885&quot; /&gt;&lt;ABS:Obs TIME=&quot;2015&quot; OBS_VALUE=&quot;319046&quot; /&gt;&lt;ABS:Obs TIME=&quot;2016&quot; OBS_VALUE=&quot;349746&quot; /&gt;&lt;/ABS:Series&gt;&lt;ABS:Series TYP=&quot;1&quot; MEA=&quot;1&quot; BEVT=&quot;1&quot; SUB=&quot;5&quot; FREQUENCY=&quot;A&quot; TIME_FORMAT=&quot;P1Y&quot;&gt;&lt;ABS:Obs TIME=&quot;2001&quot; OBS_VALUE=&quot;64530&quot; /&gt;&lt;ABS:Obs TIME=&quot;2002&quot; OBS_VALUE=&quot;61870&quot; /&gt;&lt;ABS:Obs TIME=&quot;2003&quot; OBS_VALUE=&quot;64893&quot; /&gt;&lt;ABS:Obs TIME=&quot;2004&quot; OBS_VALUE=&quot;60863&quot; /&gt;&lt;ABS:Obs TIME=&quot;2005&quot; OBS_VALUE=&quot;60497&quot; /&gt;&lt;ABS:Obs TIME=&quot;2006&quot; OBS_VALUE=&quot;61721&quot; /&gt;&lt;ABS:Obs TIME=&quot;2007&quot; OBS_VALUE=&quot;63131&quot; /&gt;&lt;ABS:Obs TIME=&quot;2008&quot; OBS_VALUE=&quot;65170&quot; /&gt;&lt;ABS:Obs TIME=&quot;2009&quot; OBS_VALUE=&quot;67040&quot; /&gt;&lt;ABS:Obs TIME=&quot;2010&quot; OBS_VALUE=&quot;65721&quot; /&gt;&lt;ABS:Obs TIME=&quot;2011&quot; OBS_VALUE=&quot;63639&quot; /&gt;&lt;ABS:Obs TIME=&quot;2012&quot; OBS_VALUE=&quot;62214&quot; /&gt;&lt;ABS:Obs TIME=&quot;2013&quot; OBS_VALUE=&quot;61638&quot; /&gt;&lt;ABS:Obs TIME=&quot;2014&quot; OBS_VALUE=&quot;61992&quot; /&gt;&lt;ABS:Obs TIME=&quot;2015&quot; OBS_VALUE=&quot;58941&quot; /&gt;&lt;ABS:Obs TIME=&quot;2016&quot; OBS_VALUE=&quot;61279&quot; /&gt;&lt;/ABS:Series&gt;&lt;ABS:Series TYP=&quot;2&quot; MEA=&quot;1&quot; BEVT=&quot;1&quot; SUB=&quot;5&quot; FREQUENCY=&quot;A&quot; TIME_FORMAT=&quot;P1Y&quot;&gt;&lt;ABS:Obs TIME=&quot;2001&quot; OBS_VALUE=&quot;1356366&quot; /&gt;&lt;ABS:Obs TIME=&quot;2002&quot; OBS_VALUE=&quot;1328807&quot; /&gt;&lt;ABS:Obs TIME=&quot;2003&quot; OBS_VALUE=&quot;1354094&quot; /&gt;&lt;ABS:Obs TIME=&quot;2004&quot; OBS_VALUE=&quot;1281984&quot; /&gt;&lt;ABS:Obs TIME=&quot;2005&quot; OBS_VALUE=&quot;1278128&quot; /&gt;&lt;ABS:Obs TIME=&quot;2006&quot; OBS_VALUE=&quot;1305476&quot; /&gt;&lt;ABS:Obs TIME=&quot;2007&quot; OBS_VALUE=&quot;1337286&quot; /&gt;&lt;ABS:Obs TIME=&quot;2008&quot; OBS_VALUE=&quot;1387008&quot; /&gt;&lt;ABS:Obs TIME=&quot;2009&quot; OBS_VALUE=&quot;1434112&quot; /&gt;&lt;ABS:Obs TIME=&quot;2010&quot; OBS_VALUE=&quot;1421708&quot; /&gt;&lt;ABS:Obs T
Inserting 678 obs
&lt;soap12:Envelope xmlns:xsi=&quot;http://www.w3.org/2001/XMLSchema-instance&quot; xmlns:xsd=&quot;http://www.w3.org/2001/XMLSchema&quot; xmlns:soap12=&quot;http://www.w3.org/2003/05/soap-envelope&quot;&gt;
  &lt;soap12:Body&gt;
    &lt;GetCompactData xmlns=&quot;http://stats.oecd.org/OECDStatWS/SDMX/&quot;&gt;
      &lt;QueryMessage&gt;&lt;message:QueryMessage xmlns:message=&quot;http://www.SDMX.org/resources/SDMXML/schemas/v2_0/message&quot;&gt;&lt;Header xmlns=&quot;http://www.SDMX.org/resources/SDMXML/schemas/v2_0/message&quot;&gt;&lt;message:ID&gt;none&lt;/message:ID&gt;&lt;message:Test&gt;false&lt;/message:Test&gt;&lt;message:Prepared&gt;2016-08-19T00:11:33+08:00&lt;/message:Prepared&gt;&lt;message:Sender id=&quot;Sdmx-Sax&quot; /&gt;&lt;message:Receiver id=&quot;ABS&quot; /&gt;&lt;/Header&gt;&lt;message:Query&gt;&lt;DataWhere xmlns=&quot;http://www.SDMX.org/resources/SDMXML/schemas/v2_0/query&quot;&gt;&lt;And&gt;&lt;DataSet&gt;ALC&lt;/DataSet&gt;&lt;Time&gt;&lt;StartTime&gt;1000-02-01&lt;/StartTime&gt;&lt;EndTime&gt;2020-04-19&lt;/EndTime&gt;&lt;/Time&gt;&lt;Or&gt;&lt;Dimension id=&quot;TYP&quot;&gt;1&lt;/Dimension&gt;&lt;Dimension id=&quot;TYP&quot;&gt;1&lt;/Dimension&gt;&lt;Dimension id=&quot;TYP&quot;&gt;2&lt;/Dimension&gt;&lt;/Or&gt;&lt;Or&gt;&lt;Dimension id=&quot;MEA&quot;&gt;2&lt;/Dimension&gt;&lt;/Or&gt;&lt;Or&gt;&lt;Dimension id=&quot;BEVT&quot;&gt;1&lt;/Dimension&gt;&lt;Dimension id=&quot;BEVT&quot;&gt;2&lt;/Dimension&gt;&lt;Dimension id=&quot;BEVT&quot;&gt;3&lt;/Dimension&gt;&lt;Dimension id=&quot;BEVT&quot;&gt;4&lt;/Dimension&gt;&lt;Dimension id=&quot;BEVT&quot;&gt;5&lt;/Dimension&gt;&lt;/Or&gt;&lt;Or&gt;&lt;Dimension id=&quot;SUB&quot;&gt;1&lt;/Dimension&gt;&lt;Dimension id=&quot;SUB&quot;&gt;2&lt;/Dimension&gt;&lt;Dimension id=&quot;SUB&quot;&gt;3&lt;/Dimension&gt;&lt;Dimension id=&quot;SUB&quot;&gt;4&lt;/Dimension&gt;&lt;Dimension id=&quot;SUB&quot;&gt;5&lt;/Dimension&gt;&lt;Dimension id=&quot;SUB&quot;&gt;6&lt;/Dimension&gt;&lt;Dimension id=&quot;SUB&quot;&gt;7&lt;/Dimension&gt;&lt;Dimension id=&quot;SUB&quot;&gt;8&lt;/Dimension&gt;&lt;Dimension id=&quot;SUB&quot;&gt;9&lt;/Dimension&gt;&lt;Dimension id=&quot;SUB&quot;&gt;10&lt;/Dimension&gt;&lt;Dimension id=&quot;SUB&quot;&gt;11&lt;/Dimension&gt;&lt;Dimension id=&quot;SUB&quot;&gt;12&lt;/Dimension&gt;&lt;Dimension id=&quot;SUB&quot;&gt;13&lt;/Dimension&gt;&lt;Dimension id=&quot;SUB&quot;&gt;15&lt;/Dimension&gt;&lt;Dimension id=&quot;SUB&quot;&gt;14&lt;/Dimension&gt;&lt;/Or&gt;&lt;Or&gt;&lt;Dimension id=&quot;FREQUENCY&quot;&gt;A&lt;/Dimension&gt;&lt;/Or&gt;&lt;/And&gt;&lt;/DataWhere&gt;&lt;/message:Query&gt;&lt;/message:QueryMessage&gt;
&lt;/QueryMessage&gt;
&lt;/GetCompactData&gt;
&lt;/soap12:Body&gt;
&lt;/soap12:Envelope&gt;
Header=&lt;message:CompactData xmlns=&quot;http://www.SDMX.org/resources/SDMXML/schemas/v2_0/message&quot; xmlns:common=&quot;http://www.SDMX.org/resources/SDMXML/schemas/v2_0/common&quot; xmlns:compact=&quot;http://www.SDMX.org/resources/SDMXML/schemas/v2_0/compact&quot; xmlns:ABS=&quot;http://oecd.stat.org/Data&quot; xmlns:xsi=&quot;http://www.w3.org/2001/XMLSchema-instance&quot; xsi:schemaLocation=&quot;http://www.SDMX.org/resources/SDMXML/schemas/v2_0/message http://www.sdmx.org/docs/2_0/SDMXMessage.xsd http://oecd.stat.org/Data http://stat.data.abs.gov.au/restsdmx/sdmx.ashx/GetSchema/ALC&quot; xmlns:message=&quot;http://www.SDMX.org/resources/SDMXML/schemas/v2_0/message&quot;&gt;&lt;Header&gt;&lt;ID&gt;none&lt;/ID&gt;&lt;Test&gt;false&lt;/Test&gt;&lt;Truncated&gt;false&lt;/Truncated&gt;&lt;Prepared&gt;2020-03-19T13:26:12&lt;/Prepared&gt;&lt;Sender id=&quot;ABS&quot;&gt;&lt;Name xml:lang=&quot;en&quot;&gt;Australian Bureau of Statistics&lt;/Name&gt;&lt;Name xml:lang=&quot;fr&quot;&gt;Australian Bureau of Statistics&lt;/Name&gt;&lt;/Sender&gt;&lt;/Header&gt;&lt;ABS:DataSet keyFamilyURI=&quot;http://stat.data.abs.gov.au/restsdmx/sdmx.ashx/GetKeyFamily/ALC&quot; xmlns:ABS=&quot;http://oecd.stat.org/Data&quot;&gt;&lt;ABS:Series TYP=&quot;1&quot; MEA=&quot;2&quot; BEVT=&quot;1&quot; SUB=&quot;1&quot; FREQUENCY=&quot;A&quot; TIME_FORMAT=&quot;P1Y&quot;&gt;&lt;ABS:Obs TIME=&quot;1985&quot; OBS_VALUE=&quot;0.4&quot; /&gt;&lt;ABS:Obs TIME=&quot;1986&quot; OBS_VALUE=&quot;0.4&quot; /&gt;&lt;ABS:Obs TIME=&quot;1987&quot; OBS_VALUE=&quot;0.36&quot; /&gt;&lt;ABS:Obs TIME=&quot;1988&quot; OBS_VALUE=&quot;0.38&quot; /&gt;&lt;ABS:Obs TIME=&quot;1989&quot; OBS_VALUE=&quot;0.51&quot; /&gt;&lt;ABS:Obs TIME=&quot;1990&quot; OBS_VALUE=&quot;0.69&quot; /&gt;&lt;ABS:Obs TIME=&quot;1991&quot; OBS_VALUE=&quot;0.72&quot; /&gt;&lt;ABS:Obs TIME=&quot;1992&quot; OBS_VALUE=&quot;0.83&quot; /&gt;&lt;ABS:Obs TIME=&quot;1993&quot; OBS_VALUE=&quot;0.91&quot; /&gt;&lt;ABS:Obs TIME=&quot;1994&quot; OBS_VALUE=&quot;0.86&quot; /&gt;&lt;ABS:Obs TIME=&quot;1995&quot; OBS_VALUE=&quot;0.85&quot; /&gt;&lt;ABS:Obs TIME=&quot;1996&quot; OBS_VALUE=&quot;0.89&quot; /&gt;&lt;ABS:Obs TIME=&quot;1997&quot; OBS_VALUE=&quot;0.95&quot; /&gt;&lt;ABS:Obs TIME=&quot;1998&quot; OBS_VALUE=&quot;0.98&quot; /&gt;&lt;ABS:Obs TIME=&quot;1999&quot; OBS_VALUE=&quot;0.97&quot; /&gt;&lt;/ABS:Series&gt;&lt;ABS:Series TYP=&quot;2&quot; MEA=&quot;2&quot; BEVT=&quot;1&quot; SUB=&quot;1&quot; FREQUENCY=&quot;A&quot; TIME_FORMAT=&quot;P1Y&quot;&gt;&lt;ABS:Obs TIME=&quot;1985&quot; OBS_VALUE=&quot;16.85&quot; /&gt;&lt;ABS:Obs TIME=&quot;1986&quot; OBS_VALUE=&quot;16.5&quot; /&gt;&lt;ABS:Obs TIME=&quot;1987&quot; OBS_VALUE=&quot;14.87&quot; /&gt;&lt;ABS:Obs TIME=&quot;1988&quot; OBS_VALUE=&quot;15.64&quot; /&gt;&lt;ABS:Obs TIME=&quot;1989&quot; OBS_VALUE=&quot;21.09&quot; /&gt;&lt;ABS:Obs TIME=&quot;1990&quot; OBS_VALUE=&quot;24.1&quot; /&gt;&lt;ABS:Obs TIME=&quot;1991&quot; OBS_VALUE=&quot;25.24&quot; /&gt;&lt;ABS:Obs TIME=&quot;1992&quot; OBS_VALUE=&quot;28.57&quot; /&gt;&lt;ABS:Obs TIME=&quot;1993&quot; OBS_VALUE=&quot;30.81&quot; /&gt;&lt;ABS:Obs TIME=&quot;1994&quot; OBS_VALUE=&quot;28.33&quot; /&gt;&lt;ABS:Obs TIME=&quot;1995&quot; OBS_VALUE=&quot;27.37&quot; /&gt;&lt;ABS:Obs TIME=&quot;1996&quot; OBS_VALUE=&quot;28.61&quot; /&gt;&lt;ABS:Obs TIME=&quot;1997&quot; OBS_VALUE=&quot;30.72&quot; /&gt;&lt;ABS:Obs TIME=&quot;1998&quot; OBS_VALUE=&quot;31.65&quot; /&gt;&lt;ABS:Obs TIME=&quot;1999&quot; OBS_VALUE=&quot;31.67&quot; /&gt;&lt;ABS:Obs TIME=&quot;2000&quot; OBS_VALUE=&quot;32.27&quot; /&gt;&lt;/ABS:Series&gt;&lt;ABS:Series TYP=&quot;1&quot; MEA=&quot;2&quot; BEVT=&quot;1&quot; SUB=&quot;2&quot; FREQUENCY=&quot;A&quot; TIME_FORMAT=&quot;P1Y&quot;&gt;&lt;ABS:Obs TIME=&quot;1985&quot; OBS_VALUE=&quot;6.39&quot; /&gt;&lt;ABS:Obs TIME=&quot;1986&quot; OBS_VALUE=&quot;6.42&quot; /&gt;&lt;ABS:Obs TIME=&quot;1987&quot; OBS_VALUE=&quot;6.19&quot; /&gt;&lt;ABS:Obs TIME=&quot;1988&quot; OBS_VALUE=&quot;6.25&quot; /&gt;&lt;ABS:Obs TIME=&quot;1989&quot; OBS_VALUE=&quot;6.11&quot; /&gt;&lt;ABS:Obs TIME=&quot;1990&quot; OBS_VALUE=&quot;5.83&quot; /&gt;&lt;ABS:Obs TIME=&quot;1991&quot; OBS_VALUE=&quot;5.57&quot; /&gt;&lt;ABS:Obs TIME=&quot;1992&quot; OBS_VALUE=&quot;4.99&quot; /&gt;&lt;ABS:Obs TIME=&quot;1993&quot; OBS_VALUE=&quot;4.6&quot; /&gt;&lt;ABS:Obs TIME=&quot;1994&quot; OBS_VALUE=&quot;4.65&quot; /&gt;&lt;ABS:Obs TIME=&quot;1995&quot; OBS_VALUE=&quot;4.61&quot; /&gt;&lt;ABS:Obs TIME=&quot;1996&quot; OBS_VALUE=&quot;4.44&quot; /&gt;&lt;ABS:Obs TIME=&quot;1997&quot; OBS_VALUE=&quot;4.36&quot; /&gt;&lt;ABS:Obs TIME=&quot;1998&quot; OBS_VALUE=&quot;4.25&quot; /&gt;&lt;ABS:Obs TIME=&quot;1999&quot; OBS_VALUE=&quot;4.14&quot; /&gt;&lt;/ABS:Series&gt;&lt;ABS:Series TYP=&quot;2&quot; MEA=&quot;2&quot; BEVT=&quot;1&quot; SUB=&quot;2&quot; FREQUENCY=&quot;A&quot; TIME_FORMAT=&quot;P1Y&quot;&gt;&lt;ABS:Obs TIME=&quot;1985&quot; OBS_VALUE=&quot;133.12&quot; /&gt;&lt;ABS:Obs TIME=&quot;1986&quot; OBS_VALUE=&quot;133.82&quot; /&gt;&lt;ABS:Obs TIME=&quot;1987&quot; OBS_VALUE=&quot;129.05&quot; /&gt;&lt;ABS:Obs TIME=&quot;1988&quot; OBS_VALUE=&quot;130.25&quot; /&gt;&lt;ABS:Obs TIME=&quot;1989&quot; OBS_VALUE=&quot;127.35&quot; /&gt;&lt;ABS:Obs TIME=&quot;1990&quot; OBS_VALUE=&quot;122.09&quot; /&gt;&lt;ABS:Obs TIME=&quot;1991&quot; OBS_VALUE=&quot;116.47&quot; /&gt;&lt;ABS:Obs TIME=&quot;1992&quot; OBS_VALUE=&quot;104.69&quot; /&gt;&lt;ABS:Obs TIME=&quot;1993&quot; OBS_VALUE=&quot;96.65&quot; /&gt;&lt;ABS:Obs TIME=&quot;1994&quot; OBS_VALUE=&quot;97.09&quot; /&gt;&lt;ABS:Obs TIME=&quot;1995&quot; OBS_VALUE=&quot;96.6&quot; /&gt;&lt;ABS:Obs TIME=&quot;1996&quot; OBS_VALUE=&quot;93.22&quot; /&gt;&lt;ABS:Obs TIME=&quot;1997&quot; OBS_VALUE=&quot;91.28&quot; /&gt;&lt;ABS:Obs TIME=&quot;1998&quot; OBS_VALUE=&quot;88.94&quot; /&gt;&lt;ABS:Obs TIME=&quot;1999&quot; OBS_VALUE=&quot;87.32&quot; /&gt;&lt;ABS:Obs TIME=&quot;2000&quot; OBS_VALUE=&quot;85.33&quot; /&gt;&lt;/ABS:Series&gt;&lt;ABS:Series TYP=&quot;1&quot; MEA=&quot;2&quot; BEVT=&quot;1&quot; SUB=&quot;3&quot; FREQUENCY=&quot;A&quot; TIME_FORMAT=&quot;P1Y&quot;&gt;&lt;ABS:Obs TIME=&quot;2001&quot; OBS_VALUE=&quot;0.42&quot; /&gt;&lt;ABS:Obs TIME=&quot;2002&quot; OBS_VALUE=&quot;0.41&quot; /&gt;&lt;ABS:Obs TIME=&quot;2003&quot; OBS_VALUE=&quot;0.4&quot; /&gt;&lt;ABS:Obs TIME=&quot;2004&quot; OBS_VALUE=&quot;0.38&quot; /&gt;&lt;ABS:Obs TIME=&quot;2005&quot; OBS_VALUE=&quot;0.38&quot; /&gt;&lt;ABS:Obs TIME=&quot;2006&quot; OBS_VALUE=&quot;0.36&quot; /&gt;&lt;ABS:Obs TIME=&quot;2007&quot; OBS_VALUE=&quot;0.32&quot; /&gt;&lt;ABS:Obs TIME=&quot;2008&quot; OBS_VALUE=&quot;0.28&quot; /&gt;&lt;ABS:Obs TIME=&quot;2009&quot; OBS_VALUE=&quot;0.24&quot; /&gt;&lt;ABS:Obs TIME=&quot;2010&quot; OBS_VALUE=&quot;0.22&quot; /&gt;&lt;ABS:Obs TIME=&quot;2011&quot; OBS_VALUE=&quot;0.19&quot; /&gt;&lt;ABS:Obs TIME=&quot;2012&quot; OBS_VALUE=&quot;0.16&quot; /&gt;&lt;ABS:Obs TIME=&quot;2013&quot; OBS_VALUE=&quot;0.15&quot; /&gt;&lt;ABS:Obs TIME=&quot;2014&quot; OBS_VALUE=&quot;0.13&quot; /&gt;&lt;ABS:Obs TIME=&quot;2015&quot; OBS_VALUE=&quot;0.1&quot; /&gt;&lt;ABS:Obs TIME=&quot;2016&quot; OBS_VALUE=&quot;0.1&quot; /&gt;&lt;/ABS:Series&gt;&lt;ABS:Series TYP=&quot;2&quot; MEA=&quot;2&quot; BEVT=&quot;1&quot; SUB=&quot;3&quot; FREQUENCY=&quot;A&quot; TIME_FORMAT=&quot;P1Y&quot;&gt;&lt;ABS:Obs TIME=&quot;2001&quot; OBS_VALUE=&quot;15.44&quot; /&gt;&lt;ABS:Obs TIME=&quot;2002&quot; OBS_VALUE=&quot;14.91&quot; /&gt;&lt;ABS:Obs TIME=&quot;2003&quot; OBS_VALUE=&quot;15.06&quot; /&gt;&lt;ABS:Obs TIME=&quot;2004&quot; OBS_VALUE=&quot;14.47&quot; /&gt;&lt;ABS:Obs TIME=&quot;2005&quot; OBS_VALUE=&quot;14.26&quot; /&gt;&lt;ABS:Obs TIME=&quot;2006&quot; OBS_VALUE=&quot;13.36&quot; /&gt;&lt;ABS:Obs TIME=&quot;2007&quot; OBS_VALUE=&quot;12.02&quot; /&gt;&lt;ABS:Obs TIME=&quot;2008&quot; OBS_VALUE=&quot;10.45&quot; /&gt;&lt;ABS:Obs TIME=&quot;2009&quot; OBS_VALUE=&quot;9.05&quot; /&gt;&lt;ABS:Obs TIME=&quot;2010&quot; OBS_VALUE=&quot;8.18&quot; /&gt;&lt;ABS:Obs TIME=&quot;2011&quot; OBS_VALUE=&quot;7.17&quot; /&gt;&lt;ABS:Obs TIME=&quot;2012&quot; OBS_VALUE=&quot;6.2&quot; /&gt;&lt;ABS:Obs TIME=&quot;2013&quot; OBS_VALUE=&quot;5.52&quot; /&gt;&lt;ABS:Obs TIME=&quot;2014&quot; OBS_VALUE=&quot;4.94&quot; /&gt;&lt;ABS:Obs TIME=&quot;2015&quot; OBS_VALUE=&quot;3.95&quot; /&gt;&lt;ABS:Obs TIME=&quot;2016&quot; OBS_VALUE=&quot;3.62&quot; /&gt;&lt;/ABS:Series&gt;&lt;ABS:Series TYP=&quot;1&quot; MEA=&quot;2&quot; BEVT=&quot;1&quot; SUB=&quot;4&quot; FREQUENCY=&quot;A&quot; TIME_FORMAT=&quot;P1Y&quot;&gt;&lt;ABS:Obs TIME=&quot;2001&quot; OBS_VALUE=&quot;0.46&quot; /&gt;&lt;ABS:Obs TIME=&quot;2002&quot; OBS_VALUE=&quot;0.45&quot; /&gt;&lt;ABS:Obs TIME=&quot;2003&quot; OBS_VALUE=&quot;0.49&quot; /&gt;&lt;ABS:Obs TIME=&quot;2004&quot; OBS_VALUE=&quot;0.54&quot; /&gt;&lt;ABS:Obs TIME=&quot;2005&quot; OBS_VALUE=&quot;0.52&quot; /&gt;&lt;ABS:Obs TIME=&quot;2006&quot; OBS_VALUE=&quot;0.54&quot; /&gt;&lt;ABS:Obs TIME=&quot;2007&quot; OBS_VALUE=&quot;0.56&quot; /&gt;&lt;ABS:Obs TIME=&quot;2008&quot; OBS_VALUE=&quot;0.56&quot; /&gt;&lt;ABS:Obs TIME=&quot;2009&quot; OBS_VALUE=&quot;0.57&quot; /&gt;&lt;ABS:Obs TIME=&quot;2010&quot; OBS_VALUE=&quot;0.57&quot; /&gt;&lt;ABS:Obs TIME=&quot;2011&quot; OBS_VALUE=&quot;0.57&quot; /&gt;&lt;ABS:Obs TIME=&quot;2012&quot; OBS_VALUE=&quot;0.57&quot; /&gt;&lt;ABS:Obs TIME=&quot;2013&quot; OBS_VALUE=&quot;0.58&quot; /&gt;&lt;ABS:Obs TIME=&quot;2014&quot; OBS_VALUE=&quot;0.61&quot; /&gt;&lt;ABS:Obs TIME=&quot;2015&quot; OBS_VALUE=&quot;0.58&quot; /&gt;&lt;ABS:Obs TIME=&quot;2016&quot; OBS_VALUE=&quot;0.63&quot; /&gt;&lt;/ABS:Series&gt;&lt;ABS:Series TYP=&quot;2&quot; MEA=&quot;2&quot; BEVT=&quot;1&quot; SUB=&quot;4&quot; FREQUENCY=&quot;A&quot; TIME_FORMAT=&quot;P1Y&quot;&gt;&lt;ABS:Obs TIME=&quot;2001&quot; OBS_VALUE=&quot;13.03&quot; /&gt;&lt;ABS:Obs TIME=&quot;2002&quot; OBS_VALUE=&quot;13.21&quot; /&gt;&lt;ABS:Obs TIME=&quot;2003&quot; OBS_VALUE=&quot;13.93&quot; /&gt;&lt;ABS:Obs TIME=&quot;2004&quot; OBS_VALUE=&quot;15.7&quot; /&gt;&lt;ABS:Obs TIME=&quot;2005&quot; OBS_VALUE=&quot;15&quot; /&gt;&lt;ABS:Obs TIME=&quot;2006&quot; OBS_VALUE=&quot;15.42&quot; /&gt;&lt;ABS:Obs TIME=&quot;2007&quot; OBS_VALUE=&quot;16.14&quot; /&gt;&lt;ABS:Obs TIME=&quot;2008&quot; OBS_VALUE=&quot;16.04&quot; /&gt;&lt;ABS:Obs TIME=&quot;2009&quot; OBS_VALUE=&quot;16.25&quot; /&gt;&lt;ABS:Obs TIME=&quot;2010&quot; OBS_VALUE=&quot;16.39&quot; /&gt;&lt;ABS:Obs TIME=&quot;2011&quot; OBS_VALUE=&quot;16.24&quot; /&gt;&lt;ABS:Obs TIME=&quot;2012&quot; OBS_VALUE=&quot;16.26&quot; /&gt;&lt;ABS:Obs TIME=&quot;2013&quot; OBS_VALUE=&quot;16.55&quot; /&gt;&lt;ABS:Obs TIME=&quot;2014&quot; OBS_VALUE=&quot;17.39&quot; /&gt;&lt;ABS:Obs TIME=&quot;2015&quot; OBS_VALUE=&quot;16.62&quot; /&gt;&lt;ABS:Obs TIME=&quot;2016&quot; OBS_VALUE=&quot;17.95&quot; /&gt;&lt;/ABS:Series&gt;&lt;ABS:Series TYP=&quot;1&quot; MEA=&quot;2&quot; BEVT=&quot;1&quot; SUB=&quot;5&quot; FREQUENCY=&quot;A&quot; TIME_FORMAT=&quot;P1Y&quot;&gt;&lt;ABS:Obs TIME=&quot;2001&quot; OBS_VALUE=&quot;4.25&quot; /&gt;&lt;ABS:Obs TIME=&quot;2002&quot; OBS_VALUE=&quot;4.01&quot; /&gt;&lt;ABS:Obs TIME=&quot;2003&quot; OBS_VALUE=&quot;4.15&quot; /&gt;&lt;ABS:Obs TIME=&quot;2004&quot; OBS_VALUE=&quot;3.84&quot; /&gt;&lt;ABS:Obs TIME=&quot;2005&quot; OBS_VALUE=&quot;3.76&quot; /&gt;&lt;ABS:Obs TIME=&quot;2006&quot; OBS_VALUE=&quot;3.78&quot; /&gt;&lt;ABS:Obs TIME=&quot;2007&quot; OBS_VALUE=&quot;3.8&quot; /&gt;&lt;ABS:Obs TIME=&quot;2008&quot; OBS_VALUE=&quot;3.85&quot; /&gt;&lt;ABS:Obs TIME=&quot;2009&quot; OBS_VALUE=&quot;3.87&quot; /&gt;&lt;ABS:Obs TIME=&quot;2010&quot; OBS_VALUE=&quot;3.72&quot; /&gt;&lt;ABS:Obs TIME=&quot;2011&quot; OBS_VALUE=&quot;3.54&quot; /&gt;&lt;ABS:Obs TIME=&quot;2012&quot; OBS_VALUE=&quot;3.41&quot; /&gt;&lt;ABS:Obs TIME=&quot;2013&quot; OBS_VALUE=&quot;3.31&quot; /&gt;&lt;ABS:Obs TIME=&quot;2014&quot; OBS_VALUE=&quot;3.28&quot; /&gt;&lt;ABS:Obs TIME=&quot;2015&quot; OBS_VALUE=&quot;3.07&quot; /&gt;&lt;ABS:Obs TIME=&quot;2016&quot; OBS_VALUE=&quot;3.15&quot; /&gt;&lt;/ABS:Series&gt;&lt;ABS:Series TYP=&quot;2&quot; MEA=&quot;2&quot; BEVT=&quot;1&quot; SUB=&quot;5&quot; FREQUENCY=&quot;A&quot; TIME_FORMAT=&quot;P1Y&quot;&gt;&lt;ABS:Obs TIME=&quot;2001&quot; OBS_VALUE=&quot;89.3&quot; /&gt;&lt;ABS:Obs TIME=&quot;2002&quot; OBS_VALUE=&quot;86.16&quot; /&gt;&lt;ABS:Obs TIME=&quot;2003&quot; OBS_VALUE=&quot;86.59&quot; /&gt;&lt;ABS:Obs TIME=&quot;2004&quot; OBS_VALUE=&quot;80.86&quot; /&gt;&lt;ABS:Obs TIME=&quot;2005&quot; OBS_VALUE=&quot;79.53&quot; /&gt;&lt;ABS:Obs TIME=&quot;2006&quot; OBS_VALUE=&quot;80&quot; /&gt;&lt;ABS:Obs TIME=&quot;2007&quot; OBS_VALUE=&quot;80.53&quot; /&gt;&lt;ABS:Obs TIME=&quot;2008&quot; OBS_VALUE=&quot;81.86&quot; /&gt;&lt;ABS:Obs TIME=&quot;2009&quot; OBS_VALUE=&quot;82.69&quot; /&gt;&lt;ABS:Obs TIME=&quot;2010&quot; OBS_VALUE=&quot;80.38&quot; /&gt;&lt;ABS:Obs TIME=&quot;2011&quot; OBS_VALUE=&quot;77.17&quot; /&gt;&lt;ABS:Obs TIME=&quot;2012&quot; OBS_VALUE=&quot;74.05&quot; /&gt;&lt;ABS:Obs TIME=&quot;2013&quot; OBS_VALUE=&quot;70.95&quot; /&gt;&lt;ABS:Obs TIME=&quot;2014&quot; OBS_VALUE=&quot;70.05&quot; /&gt;&lt;ABS:Obs
Inserting 678 obs
&lt;soap12:Envelope xmlns:xsi=&quot;http://www.w3.org/2001/XMLSchema-instance&quot; xmlns:xsd=&quot;http://www.w3.org/2001/XMLSchema&quot; xmlns:soap12=&quot;http://www.w3.org/2003/05/soap-envelope&quot;&gt;
  &lt;soap12:Body&gt;
    &lt;GetCompactData xmlns=&quot;http://stats.oecd.org/OECDStatWS/SDMX/&quot;&gt;
      &lt;QueryMessage&gt;&lt;message:QueryMessage xmlns:message=&quot;http://www.SDMX.org/resources/SDMXML/schemas/v2_0/message&quot;&gt;&lt;Header xmlns=&quot;http://www.SDMX.org/resources/SDMXML/schemas/v2_0/message&quot;&gt;&lt;message:ID&gt;none&lt;/message:ID&gt;&lt;message:Test&gt;false&lt;/message:Test&gt;&lt;message:Prepared&gt;2016-08-19T00:11:33+08:00&lt;/message:Prepared&gt;&lt;message:Sender id=&quot;Sdmx-Sax&quot; /&gt;&lt;message:Receiver id=&quot;ABS&quot; /&gt;&lt;/Header&gt;&lt;message:Query&gt;&lt;DataWhere xmlns=&quot;http://www.SDMX.org/resources/SDMXML/schemas/v2_0/query&quot;&gt;&lt;And&gt;&lt;DataSet&gt;ALC&lt;/DataSet&gt;&lt;Time&gt;&lt;StartTime&gt;1000-02-01&lt;/StartTime&gt;&lt;EndTime&gt;2020-04-19&lt;/EndTime&gt;&lt;/Time&gt;&lt;Or&gt;&lt;Dimension id=&quot;TYP&quot;&gt;2&lt;/Dimension&gt;&lt;Dimension id=&quot;TYP&quot;&gt;1&lt;/Dimension&gt;&lt;Dimension id=&quot;TYP&quot;&gt;2&lt;/Dimension&gt;&lt;/Or&gt;&lt;Or&gt;&lt;Dimension id=&quot;MEA&quot;&gt;1&lt;/Dimension&gt;&lt;/Or&gt;&lt;Or&gt;&lt;Dimension id=&quot;BEVT&quot;&gt;1&lt;/Dimension&gt;&lt;Dimension id=&quot;BEVT&quot;&gt;2&lt;/Dimension&gt;&lt;Dimension id=&quot;BEVT&quot;&gt;3&lt;/Dimension&gt;&lt;Dimension id=&quot;BEVT&quot;&gt;4&lt;/Dimension&gt;&lt;Dimension id=&quot;BEVT&quot;&gt;5&lt;/Dimension&gt;&lt;/Or&gt;&lt;Or&gt;&lt;Dimension id=&quot;SUB&quot;&gt;1&lt;/Dimension&gt;&lt;Dimension id=&quot;SUB&quot;&gt;2&lt;/Dimension&gt;&lt;Dimension id=&quot;SUB&quot;&gt;3&lt;/Dimension&gt;&lt;Dimension id=&quot;SUB&quot;&gt;4&lt;/Dimension&gt;&lt;Dimension id=&quot;SUB&quot;&gt;5&lt;/Dimension&gt;&lt;Dimension id=&quot;SUB&quot;&gt;6&lt;/Dimension&gt;&lt;Dimension id=&quot;SUB&quot;&gt;7&lt;/Dimension&gt;&lt;Dimension id=&quot;SUB&quot;&gt;8&lt;/Dimension&gt;&lt;Dimension id=&quot;SUB&quot;&gt;9&lt;/Dimension&gt;&lt;Dimension id=&quot;SUB&quot;&gt;10&lt;/Dimension&gt;&lt;Dimension id=&quot;SUB&quot;&gt;11&lt;/Dimension&gt;&lt;Dimension id=&quot;SUB&quot;&gt;12&lt;/Dimension&gt;&lt;Dimension id=&quot;SUB&quot;&gt;13&lt;/Dimension&gt;&lt;Dimension id=&quot;SUB&quot;&gt;15&lt;/Dimension&gt;&lt;Dimension id=&quot;SUB&quot;&gt;14&lt;/Dimension&gt;&lt;/Or&gt;&lt;Or&gt;&lt;Dimension id=&quot;FREQUENCY&quot;&gt;A&lt;/Dimension&gt;&lt;/Or&gt;&lt;/And&gt;&lt;/DataWhere&gt;&lt;/message:Query&gt;&lt;/message:QueryMessage&gt;
&lt;/QueryMessage&gt;
&lt;/GetCompactData&gt;
&lt;/soap12:Body&gt;
&lt;/soap12:Envelope&gt;
Header=&lt;message:CompactData xmlns=&quot;http://www.SDMX.org/resources/SDMXML/schemas/v2_0/message&quot; xmlns:common=&quot;http://www.SDMX.org/resources/SDMXML/schemas/v2_0/common&quot; xmlns:compact=&quot;http://www.SDMX.org/resources/SDMXML/schemas/v2_0/compact&quot; xmlns:ABS=&quot;http://oecd.stat.org/Data&quot; xmlns:xsi=&quot;http://www.w3.org/2001/XMLSchema-instance&quot; xsi:schemaLocation=&quot;http://www.SDMX.org/resources/SDMXML/schemas/v2_0/message http://www.sdmx.org/docs/2_0/SDMXMessage.xsd http://oecd.stat.org/Data http://stat.data.abs.gov.au/restsdmx/sdmx.ashx/GetSchema/ALC&quot; xmlns:message=&quot;http://www.SDMX.org/resources/SDMXML/schemas/v2_0/message&quot;&gt;&lt;Header&gt;&lt;ID&gt;none&lt;/ID&gt;&lt;Test&gt;false&lt;/Test&gt;&lt;Truncated&gt;false&lt;/Truncated&gt;&lt;Prepared&gt;2020-03-19T13:26:17&lt;/Prepared&gt;&lt;Sender id=&quot;ABS&quot;&gt;&lt;Name xml:lang=&quot;en&quot;&gt;Australian Bureau of Statistics&lt;/Name&gt;&lt;Name xml:lang=&quot;fr&quot;&gt;Australian Bureau of Statistics&lt;/Name&gt;&lt;/Sender&gt;&lt;/Header&gt;&lt;ABS:DataSet keyFamilyURI=&quot;http://stat.data.abs.gov.au/restsdmx/sdmx.ashx/GetKeyFamily/ALC&quot; xmlns:ABS=&quot;http://oecd.stat.org/Data&quot;&gt;&lt;ABS:Series TYP=&quot;1&quot; MEA=&quot;1&quot; BEVT=&quot;1&quot; SUB=&quot;1&quot; FREQUENCY=&quot;A&quot; TIME_FORMAT=&quot;P1Y&quot;&gt;&lt;ABS:Obs TIME=&quot;1985&quot; OBS_VALUE=&quot;4832&quot; /&gt;&lt;ABS:Obs TIME=&quot;1986&quot; OBS_VALUE=&quot;4825&quot; /&gt;&lt;ABS:Obs TIME=&quot;1987&quot; OBS_VALUE=&quot;4440&quot; /&gt;&lt;ABS:Obs TIME=&quot;1988&quot; OBS_VALUE=&quot;4766&quot; /&gt;&lt;ABS:Obs TIME=&quot;1989&quot; OBS_VALUE=&quot;6566&quot; /&gt;&lt;ABS:Obs TIME=&quot;1990&quot; OBS_VALUE=&quot;9046&quot; /&gt;&lt;ABS:Obs TIME=&quot;1991&quot; OBS_VALUE=&quot;9665&quot; /&gt;&lt;ABS:Obs TIME=&quot;1992&quot; OBS_VALUE=&quot;11241&quot; /&gt;&lt;ABS:Obs TIME=&quot;1993&quot; OBS_VALUE=&quot;12523&quot; /&gt;&lt;ABS:Obs TIME=&quot;1994&quot; OBS_VALUE=&quot;11927&quot; /&gt;&lt;ABS:Obs TIME=&quot;1995&quot; OBS_VALUE=&quot;11859&quot; /&gt;&lt;ABS:Obs TIME=&quot;1996&quot; OBS_VALUE=&quot;12597&quot; /&gt;&lt;ABS:Obs TIME=&quot;1997&quot; OBS_VALUE=&quot;13687&quot; /&gt;&lt;ABS:Obs TIME=&quot;1998&quot; OBS_VALUE=&quot;14261&quot; /&gt;&lt;ABS:Obs TIME=&quot;1999&quot; OBS_VALUE=&quot;14373&quot; /&gt;&lt;/ABS:Series&gt;&lt;ABS:Series TYP=&quot;2&quot; MEA=&quot;1&quot; BEVT=&quot;1&quot; SUB=&quot;1&quot; FREQUENCY=&quot;A&quot; TIME_FORMAT=&quot;P1Y&quot;&gt;&lt;ABS:Obs TIME=&quot;1985&quot; OBS_VALUE=&quot;201339&quot; /&gt;&lt;ABS:Obs TIME=&quot;1986&quot; OBS_VALUE=&quot;201044&quot; /&gt;&lt;ABS:Obs TIME=&quot;1987&quot; OBS_VALUE=&quot;185009&quot; /&gt;&lt;ABS:Obs TIME=&quot;1988&quot; OBS_VALUE=&quot;198592&quot; /&gt;&lt;ABS:Obs TIME=&quot;1989&quot; OBS_VALUE=&quot;273596&quot; /&gt;&lt;ABS:Obs TIME=&quot;1990&quot; OBS_VALUE=&quot;318109&quot; /&gt;&lt;ABS:Obs TIME=&quot;1991&quot; OBS_VALUE=&quot;338167&quot; /&gt;&lt;ABS:Obs TIME=&quot;1992&quot; OBS_VALUE=&quot;387938&quot; /&gt;&lt;ABS:Obs TIME=&quot;1993&quot; OBS_VALUE=&quot;423102&quot; /&gt;&lt;ABS:Obs TIME=&quot;1994&quot; OBS_VALUE=&quot;393166&quot; /&gt;&lt;ABS:Obs TIME=&quot;1995&quot; OBS_VALUE=&quot;384062&quot; /&gt;&lt;ABS:Obs TIME=&quot;1996&quot; OBS_VALUE=&quot;407232&quot; /&gt;&lt;ABS:Obs TIME=&quot;1997&quot; OBS_VALUE=&quot;443175&quot; /&gt;&lt;ABS:Obs TIME=&quot;1998&quot; OBS_VALUE=&quot;462028&quot; /&gt;&lt;ABS:Obs TIME=&quot;1999&quot; OBS_VALUE=&quot;468179&quot; /&gt;&lt;ABS:Obs TIME=&quot;2000&quot; OBS_VALUE=&quot;483438&quot; /&gt;&lt;/ABS:Series&gt;&lt;ABS:Series TYP=&quot;1&quot; MEA=&quot;1&quot; BEVT=&quot;1&quot; SUB=&quot;2&quot; FREQUENCY=&quot;A&quot; TIME_FORMAT=&quot;P1Y&quot;&gt;&lt;ABS:Obs TIME=&quot;1985&quot; OBS_VALUE=&quot;76356&quot; /&gt;&lt;ABS:Obs TIME=&quot;1986&quot; OBS_VALUE=&quot;78287&quot; /&gt;&lt;ABS:Obs TIME=&quot;1987&quot; OBS_VALUE=&quot;77087&quot; /&gt;&lt;ABS:Obs TIME=&quot;1988&quot; OBS_VALUE=&quot;79367&quot; /&gt;&lt;ABS:Obs TIME=&quot;1989&quot; OBS_VALUE=&quot;79253&quot; /&gt;&lt;ABS:Obs TIME=&quot;1990&quot; OBS_VALUE=&quot;76973&quot; /&gt;&lt;ABS:Obs TIME=&quot;1991&quot; OBS_VALUE=&quot;74592&quot; /&gt;&lt;ABS:Obs TIME=&quot;1992&quot; OBS_VALUE=&quot;67767&quot; /&gt;&lt;ABS:Obs TIME=&quot;1993&quot; OBS_VALUE=&quot;63191&quot; /&gt;&lt;ABS:Obs TIME=&quot;1994&quot; OBS_VALUE=&quot;64476&quot; /&gt;&lt;ABS:Obs TIME=&quot;1995&quot; OBS_VALUE=&quot;64743&quot; /&gt;&lt;ABS:Obs TIME=&quot;1996&quot; OBS_VALUE=&quot;63118&quot; /&gt;&lt;ABS:Obs TIME=&quot;1997&quot; OBS_VALUE=&quot;62848&quot; /&gt;&lt;ABS:Obs TIME=&quot;1998&quot; OBS_VALUE=&quot;61976&quot; /&gt;&lt;ABS:Obs TIME=&quot;1999&quot; OBS_VALUE=&quot;61234&quot; /&gt;&lt;/ABS:Series&gt;&lt;ABS:Series TYP=&quot;2&quot; MEA=&quot;1&quot; BEVT=&quot;1&quot; SUB=&quot;2&quot; FREQUENCY=&quot;A&quot; TIME_FORMAT=&quot;P1Y&quot;&gt;&lt;ABS:Obs TIME=&quot;1985&quot; OBS_VALUE=&quot;1590745&quot; /&gt;&lt;ABS:Obs TIME=&quot;1986&quot; OBS_VALUE=&quot;1630970&quot; /&gt;&lt;ABS:Obs TIME=&quot;1987&quot; OBS_VALUE=&quot;1605987&quot; /&gt;&lt;ABS:Obs TIME=&quot;1988&quot; OBS_VALUE=&quot;1654265&quot; /&gt;&lt;ABS:Obs TIME=&quot;1989&quot; OBS_VALUE=&quot;1651950&quot; /&gt;&lt;ABS:Obs TIME=&quot;1990&quot; OBS_VALUE=&quot;1611507&quot; /&gt;&lt;ABS:Obs TIME=&quot;1991&quot; OBS_VALUE=&quot;1560772&quot; /&gt;&lt;ABS:Obs TIME=&quot;1992&quot; OBS_VALUE=&quot;1421692&quot; /&gt;&lt;ABS:Obs TIME=&quot;1993&quot; OBS_VALUE=&quot;1327269&quot; /&gt;&lt;ABS:Obs TIME=&quot;1994&quot; OBS_VALUE=&quot;1347296&quot; /&gt;&lt;ABS:Obs TIME=&quot;1995&quot; OBS_VALUE=&quot;1355321&quot; /&gt;&lt;ABS:Obs TIME=&quot;1996&quot; OBS_VALUE=&quot;1326718&quot; /&gt;&lt;ABS:Obs TIME=&quot;1997&quot; OBS_VALUE=&quot;1316704&quot; /&gt;&lt;ABS:Obs TIME=&quot;1998&quot; OBS_VALUE=&quot;1298185&quot; /&gt;&lt;ABS:Obs TIME=&quot;1999&quot; OBS_VALUE=&quot;1290812&quot; /&gt;&lt;ABS:Obs TIME=&quot;2000&quot; OBS_VALUE=&quot;1278305&quot; /&gt;&lt;/ABS:Series&gt;&lt;ABS:Series TYP=&quot;1&quot; MEA=&quot;1&quot; BEVT=&quot;1&quot; SUB=&quot;3&quot; FREQUENCY=&quot;A&quot; TIME_FORMAT=&quot;P1Y&quot;&gt;&lt;ABS:Obs TIME=&quot;2001&quot; OBS_VALUE=&quot;6393&quot; /&gt;&lt;ABS:Obs TIME=&quot;2002&quot; OBS_VALUE=&quot;6280&quot; /&gt;&lt;ABS:Obs TIME=&quot;2003&quot; OBS_VALUE=&quot;6280&quot; /&gt;&lt;ABS:Obs TIME=&quot;2004&quot; OBS_VALUE=&quot;6091&quot; /&gt;&lt;ABS:Obs TIME=&quot;2005&quot; OBS_VALUE=&quot;6171&quot; /&gt;&lt;ABS:Obs TIME=&quot;2006&quot; OBS_VALUE=&quot;5900&quot; /&gt;&lt;ABS:Obs TIME=&quot;2007&quot; OBS_VALUE=&quot;5381&quot; /&gt;&lt;ABS:Obs TIME=&quot;2008&quot; OBS_VALUE=&quot;4813&quot; /&gt;&lt;ABS:Obs TIME=&quot;2009&quot; OBS_VALUE=&quot;4247&quot; /&gt;&lt;ABS:Obs TIME=&quot;2010&quot; OBS_VALUE=&quot;3872&quot; /&gt;&lt;ABS:Obs TIME=&quot;2011&quot; OBS_VALUE=&quot;3367&quot; /&gt;&lt;ABS:Obs TIME=&quot;2012&quot; OBS_VALUE=&quot;2977&quot; /&gt;&lt;ABS:Obs TIME=&quot;2013&quot; OBS_VALUE=&quot;2710&quot; /&gt;&lt;ABS:Obs TIME=&quot;2014&quot; OBS_VALUE=&quot;2418&quot; /&gt;&lt;ABS:Obs TIME=&quot;2015&quot; OBS_VALUE=&quot;1996&quot; /&gt;&lt;ABS:Obs TIME=&quot;2016&quot; OBS_VALUE=&quot;1856&quot; /&gt;&lt;/ABS:Series&gt;&lt;ABS:Series TYP=&quot;2&quot; MEA=&quot;1&quot; BEVT=&quot;1&quot; SUB=&quot;3&quot; FREQUENCY=&quot;A&quot; TIME_FORMAT=&quot;P1Y&quot;&gt;&lt;ABS:Obs TIME=&quot;2001&quot; OBS_VALUE=&quot;234522&quot; /&gt;&lt;ABS:Obs TIME=&quot;2002&quot; OBS_VALUE=&quot;229965&quot; /&gt;&lt;ABS:Obs TIME=&quot;2003&quot; OBS_VALUE=&quot;235531&quot; /&gt;&lt;ABS:Obs TIME=&quot;2004&quot; OBS_VALUE=&quot;229417&quot; /&gt;&lt;ABS:Obs TIME=&quot;2005&quot; OBS_VALUE=&quot;229080&quot; /&gt;&lt;ABS:Obs TIME=&quot;2006&quot; OBS_VALUE=&quot;218045&quot; /&gt;&lt;ABS:Obs TIME=&quot;2007&quot; OBS_VALUE=&quot;199581&quot; /&gt;&lt;ABS:Obs TIME=&quot;2008&quot; OBS_VALUE=&quot;176984&quot; /&gt;&lt;ABS:Obs TIME=&quot;2009&quot; OBS_VALUE=&quot;156906&quot; /&gt;&lt;ABS:Obs TIME=&quot;2010&quot; OBS_VALUE=&quot;144599&quot; /&gt;&lt;ABS:Obs TIME=&quot;2011&quot; OBS_VALUE=&quot;128692&quot; /&gt;&lt;ABS:Obs TIME=&quot;2012&quot; OBS_VALUE=&quot;113298&quot; /&gt;&lt;ABS:Obs TIME=&quot;2013&quot; OBS_VALUE=&quot;102655&quot; /&gt;&lt;ABS:Obs TIME=&quot;2014&quot; OBS_VALUE=&quot;93366&quot; /&gt;&lt;ABS:Obs TIME=&quot;2015&quot; OBS_VALUE=&quot;75861&quot; /&gt;&lt;ABS:Obs TIME=&quot;2016&quot; OBS_VALUE=&quot;70628&quot; /&gt;&lt;/ABS:Series&gt;&lt;ABS:Series TYP=&quot;1&quot; MEA=&quot;1&quot; BEVT=&quot;1&quot; SUB=&quot;4&quot; FREQUENCY=&quot;A&quot; TIME_FORMAT=&quot;P1Y&quot;&gt;&lt;ABS:Obs TIME=&quot;2001&quot; OBS_VALUE=&quot;6938&quot; /&gt;&lt;ABS:Obs TIME=&quot;2002&quot; OBS_VALUE=&quot;7012&quot; /&gt;&lt;ABS:Obs TIME=&quot;2003&quot; OBS_VALUE=&quot;7594&quot; /&gt;&lt;ABS:Obs TIME=&quot;2004&quot; OBS_VALUE=&quot;8619&quot; /&gt;&lt;ABS:Obs TIME=&quot;2005&quot; OBS_VALUE=&quot;8407&quot; /&gt;&lt;ABS:Obs TIME=&quot;2006&quot; OBS_VALUE=&quot;8767&quot; /&gt;&lt;ABS:Obs TIME=&quot;2007&quot; OBS_VALUE=&quot;9336&quot; /&gt;&lt;ABS:Obs TIME=&quot;2008&quot; OBS_VALUE=&quot;9513&quot; /&gt;&lt;ABS:Obs TIME=&quot;2009&quot; OBS_VALUE=&quot;9862&quot; /&gt;&lt;ABS:Obs TIME=&quot;2010&quot; OBS_VALUE=&quot;10143&quot; /&gt;&lt;ABS:Obs TIME=&quot;2011&quot; OBS_VALUE=&quot;10207&quot; /&gt;&lt;ABS:Obs TIME=&quot;2012&quot; OBS_VALUE=&quot;10395&quot; /&gt;&lt;ABS:Obs TIME=&quot;2013&quot; OBS_VALUE=&quot;10769&quot; /&gt;&lt;ABS:Obs TIME=&quot;2014&quot; OBS_VALUE=&quot;11453&quot; /&gt;&lt;ABS:Obs TIME=&quot;2015&quot; OBS_VALUE=&quot;11165&quot; /&gt;&lt;ABS:Obs TIME=&quot;2016&quot; OBS_VALUE=&quot;12236&quot; /&gt;&lt;/ABS:Series&gt;&lt;ABS:Series TYP=&quot;2&quot; MEA=&quot;1&quot; BEVT=&quot;1&quot; SUB=&quot;4&quot; FREQUENCY=&quot;A&quot; TIME_FORMAT=&quot;P1Y&quot;&gt;&lt;ABS:Obs TIME=&quot;2001&quot; OBS_VALUE=&quot;197852&quot; /&gt;&lt;ABS:Obs TIME=&quot;2002&quot; OBS_VALUE=&quot;203817&quot; /&gt;&lt;ABS:Obs TIME=&quot;2003&quot; OBS_VALUE=&quot;217772&quot; /&gt;&lt;ABS:Obs TIME=&quot;2004&quot; OBS_VALUE=&quot;248835&quot; /&gt;&lt;ABS:Obs TIME=&quot;2005&quot; OBS_VALUE=&quot;240978&quot; /&gt;&lt;ABS:Obs TIME=&quot;2006&quot; OBS_VALUE=&quot;251676&quot; /&gt;&lt;ABS:Obs TIME=&quot;2007&quot; OBS_VALUE=&quot;268017&quot; /&gt;&lt;ABS:Obs TIME=&quot;2008&quot; OBS_VALUE=&quot;271807&quot; /&gt;&lt;ABS:Obs TIME=&quot;2009&quot; OBS_VALUE=&quot;281793&quot; /&gt;&lt;ABS:Obs TIME=&quot;2010&quot; OBS_VALUE=&quot;289815&quot; /&gt;&lt;ABS:Obs TIME=&quot;2011&quot; OBS_VALUE=&quot;291579&quot; /&gt;&lt;ABS:Obs TIME=&quot;2012&quot; OBS_VALUE=&quot;296856&quot; /&gt;&lt;ABS:Obs TIME=&quot;2013&quot; OBS_VALUE=&quot;307815&quot; /&gt;&lt;ABS:Obs TIME=&quot;2014&quot; OBS_VALUE=&quot;328885&quot; /&gt;&lt;ABS:Obs TIME=&quot;2015&quot; OBS_VALUE=&quot;319046&quot; /&gt;&lt;ABS:Obs TIME=&quot;2016&quot; OBS_VALUE=&quot;349746&quot; /&gt;&lt;/ABS:Series&gt;&lt;ABS:Series TYP=&quot;1&quot; MEA=&quot;1&quot; BEVT=&quot;1&quot; SUB=&quot;5&quot; FREQUENCY=&quot;A&quot; TIME_FORMAT=&quot;P1Y&quot;&gt;&lt;ABS:Obs TIME=&quot;2001&quot; OBS_VALUE=&quot;64530&quot; /&gt;&lt;ABS:Obs TIME=&quot;2002&quot; OBS_VALUE=&quot;61870&quot; /&gt;&lt;ABS:Obs TIME=&quot;2003&quot; OBS_VALUE=&quot;64893&quot; /&gt;&lt;ABS:Obs TIME=&quot;2004&quot; OBS_VALUE=&quot;60863&quot; /&gt;&lt;ABS:Obs TIME=&quot;2005&quot; OBS_VALUE=&quot;60497&quot; /&gt;&lt;ABS:Obs TIME=&quot;2006&quot; OBS_VALUE=&quot;61721&quot; /&gt;&lt;ABS:Obs TIME=&quot;2007&quot; OBS_VALUE=&quot;63131&quot; /&gt;&lt;ABS:Obs TIME=&quot;2008&quot; OBS_VALUE=&quot;65170&quot; /&gt;&lt;ABS:Obs TIME=&quot;2009&quot; OBS_VALUE=&quot;67040&quot; /&gt;&lt;ABS:Obs TIME=&quot;2010&quot; OBS_VALUE=&quot;65721&quot; /&gt;&lt;ABS:Obs TIME=&quot;2011&quot; OBS_VALUE=&quot;63639&quot; /&gt;&lt;ABS:Obs TIME=&quot;2012&quot; OBS_VALUE=&quot;62214&quot; /&gt;&lt;ABS:Obs TIME=&quot;2013&quot; OBS_VALUE=&quot;61638&quot; /&gt;&lt;ABS:Obs TIME=&quot;2014&quot; OBS_VALUE=&quot;61992&quot; /&gt;&lt;ABS:Obs TIME=&quot;2015&quot; OBS_VALUE=&quot;58941&quot; /&gt;&lt;ABS:Obs TIME=&quot;2016&quot; OBS_VALUE=&quot;61279&quot; /&gt;&lt;/ABS:Series&gt;&lt;ABS:Series TYP=&quot;2&quot; MEA=&quot;1&quot; BEVT=&quot;1&quot; SUB=&quot;5&quot; FREQUENCY=&quot;A&quot; TIME_FORMAT=&quot;P1Y&quot;&gt;&lt;ABS:Obs TIME=&quot;2001&quot; OBS_VALUE=&quot;1356366&quot; /&gt;&lt;ABS:Obs TIME=&quot;2002&quot; OBS_VALUE=&quot;1328807&quot; /&gt;&lt;ABS:Obs TIME=&quot;2003&quot; OBS_VALUE=&quot;1354094&quot; /&gt;&lt;ABS:Obs TIME=&quot;2004&quot; OBS_VALUE=&quot;1281984&quot; /&gt;&lt;ABS:Obs TIME=&quot;2005&quot; OBS_VALUE=&quot;1278128&quot; /&gt;&lt;ABS:Obs TIME=&quot;2006&quot; OBS_VALUE=&quot;1305476&quot; /&gt;&lt;ABS:Obs TIME=&quot;2007&quot; OBS_VALUE=&quot;1337286&quot; /&gt;&lt;ABS:Obs TIME=&quot;2008&quot; OBS_VALUE=&quot;1387008&quot; /&gt;&lt;ABS:Obs TIME=&quot;2009&quot; OBS_VALUE=&quot;1434112&quot; /&gt;&lt;ABS:Obs TIME=&quot;2010&quot; OBS_VALUE=&quot;1421708&quot; /&gt;&lt;ABS:Obs T
Inserting 678 obs
&lt;soap12:Envelope xmlns:xsi=&quot;http://www.w3.org/2001/XMLSchema-instance&quot; xmlns:xsd=&quot;http://www.w3.org/2001/XMLSchema&quot; xmlns:soap12=&quot;http://www.w3.org/2003/05/soap-envelope&quot;&gt;
  &lt;soap12:Body&gt;
    &lt;GetCompactData xmlns=&quot;http://stats.oecd.org/OECDStatWS/SDMX/&quot;&gt;
      &lt;QueryMessage&gt;&lt;message:QueryMessage xmlns:message=&quot;http://www.SDMX.org/resources/SDMXML/schemas/v2_0/message&quot;&gt;&lt;Header xmlns=&quot;http://www.SDMX.org/resources/SDMXML/schemas/v2_0/message&quot;&gt;&lt;message:ID&gt;none&lt;/message:ID&gt;&lt;message:Test&gt;false&lt;/message:Test&gt;&lt;message:Prepared&gt;2016-08-19T00:11:33+08:00&lt;/message:Prepared&gt;&lt;message:Sender id=&quot;Sdmx-Sax&quot; /&gt;&lt;message:Receiver id=&quot;ABS&quot; /&gt;&lt;/Header&gt;&lt;message:Query&gt;&lt;DataWhere xmlns=&quot;http://www.SDMX.org/resources/SDMXML/schemas/v2_0/query&quot;&gt;&lt;And&gt;&lt;DataSet&gt;ALC&lt;/DataSet&gt;&lt;Time&gt;&lt;StartTime&gt;1000-02-01&lt;/StartTime&gt;&lt;EndTime&gt;2020-04-19&lt;/EndTime&gt;&lt;/Time&gt;&lt;Or&gt;&lt;Dimension id=&quot;TYP&quot;&gt;2&lt;/Dimension&gt;&lt;Dimension id=&quot;TYP&quot;&gt;1&lt;/Dimension&gt;&lt;Dimension id=&quot;TYP&quot;&gt;2&lt;/Dimension&gt;&lt;/Or&gt;&lt;Or&gt;&lt;Dimension id=&quot;MEA&quot;&gt;2&lt;/Dimension&gt;&lt;/Or&gt;&lt;Or&gt;&lt;Dimension id=&quot;BEVT&quot;&gt;1&lt;/Dimension&gt;&lt;Dimension id=&quot;BEVT&quot;&gt;2&lt;/Dimension&gt;&lt;Dimension id=&quot;BEVT&quot;&gt;3&lt;/Dimension&gt;&lt;Dimension id=&quot;BEVT&quot;&gt;4&lt;/Dimension&gt;&lt;Dimension id=&quot;BEVT&quot;&gt;5&lt;/Dimension&gt;&lt;/Or&gt;&lt;Or&gt;&lt;Dimension id=&quot;SUB&quot;&gt;1&lt;/Dimension&gt;&lt;Dimension id=&quot;SUB&quot;&gt;2&lt;/Dimension&gt;&lt;Dimension id=&quot;SUB&quot;&gt;3&lt;/Dimension&gt;&lt;Dimension id=&quot;SUB&quot;&gt;4&lt;/Dimension&gt;&lt;Dimension id=&quot;SUB&quot;&gt;5&lt;/Dimension&gt;&lt;Dimension id=&quot;SUB&quot;&gt;6&lt;/Dimension&gt;&lt;Dimension id=&quot;SUB&quot;&gt;7&lt;/Dimension&gt;&lt;Dimension id=&quot;SUB&quot;&gt;8&lt;/Dimension&gt;&lt;Dimension id=&quot;SUB&quot;&gt;9&lt;/Dimension&gt;&lt;Dimension id=&quot;SUB&quot;&gt;10&lt;/Dimension&gt;&lt;Dimension id=&quot;SUB&quot;&gt;11&lt;/Dimension&gt;&lt;Dimension id=&quot;SUB&quot;&gt;12&lt;/Dimension&gt;&lt;Dimension id=&quot;SUB&quot;&gt;13&lt;/Dimension&gt;&lt;Dimension id=&quot;SUB&quot;&gt;15&lt;/Dimension&gt;&lt;Dimension id=&quot;SUB&quot;&gt;14&lt;/Dimension&gt;&lt;/Or&gt;&lt;Or&gt;&lt;Dimension id=&quot;FREQUENCY&quot;&gt;A&lt;/Dimension&gt;&lt;/Or&gt;&lt;/And&gt;&lt;/DataWhere&gt;&lt;/message:Query&gt;&lt;/message:QueryMessage&gt;
&lt;/QueryMessage&gt;
&lt;/GetCompactData&gt;
&lt;/soap12:Body&gt;
&lt;/soap12:Envelope&gt;
Header=&lt;message:CompactData xmlns=&quot;http://www.SDMX.org/resources/SDMXML/schemas/v2_0/message&quot; xmlns:common=&quot;http://www.SDMX.org/resources/SDMXML/schemas/v2_0/common&quot; xmlns:compact=&quot;http://www.SDMX.org/resources/SDMXML/schemas/v2_0/compact&quot; xmlns:ABS=&quot;http://oecd.stat.org/Data&quot; xmlns:xsi=&quot;http://www.w3.org/2001/XMLSchema-instance&quot; xsi:schemaLocation=&quot;http://www.SDMX.org/resources/SDMXML/schemas/v2_0/message http://www.sdmx.org/docs/2_0/SDMXMessage.xsd http://oecd.stat.org/Data http://stat.data.abs.gov.au/restsdmx/sdmx.ashx/GetSchema/ALC&quot; xmlns:message=&quot;http://www.SDMX.org/resources/SDMXML/schemas/v2_0/message&quot;&gt;&lt;Header&gt;&lt;ID&gt;none&lt;/ID&gt;&lt;Test&gt;false&lt;/Test&gt;&lt;Truncated&gt;false&lt;/Truncated&gt;&lt;Prepared&gt;2020-03-19T13:26:23&lt;/Prepared&gt;&lt;Sender id=&quot;ABS&quot;&gt;&lt;Name xml:lang=&quot;en&quot;&gt;Australian Bureau of Statistics&lt;/Name&gt;&lt;Name xml:lang=&quot;fr&quot;&gt;Australian Bureau of Statistics&lt;/Name&gt;&lt;/Sender&gt;&lt;/Header&gt;&lt;ABS:DataSet keyFamilyURI=&quot;http://stat.data.abs.gov.au/restsdmx/sdmx.ashx/GetKeyFamily/ALC&quot; xmlns:ABS=&quot;http://oecd.stat.org/Data&quot;&gt;&lt;ABS:Series TYP=&quot;1&quot; MEA=&quot;2&quot; BEVT=&quot;1&quot; SUB=&quot;1&quot; FREQUENCY=&quot;A&quot; TIME_FORMAT=&quot;P1Y&quot;&gt;&lt;ABS:Obs TIME=&quot;1985&quot; OBS_VALUE=&quot;0.4&quot; /&gt;&lt;ABS:Obs TIME=&quot;1986&quot; OBS_VALUE=&quot;0.4&quot; /&gt;&lt;ABS:Obs TIME=&quot;1987&quot; OBS_VALUE=&quot;0.36&quot; /&gt;&lt;ABS:Obs TIME=&quot;1988&quot; OBS_VALUE=&quot;0.38&quot; /&gt;&lt;ABS:Obs TIME=&quot;1989&quot; OBS_VALUE=&quot;0.51&quot; /&gt;&lt;ABS:Obs TIME=&quot;1990&quot; OBS_VALUE=&quot;0.69&quot; /&gt;&lt;ABS:Obs TIME=&quot;1991&quot; OBS_VALUE=&quot;0.72&quot; /&gt;&lt;ABS:Obs TIME=&quot;1992&quot; OBS_VALUE=&quot;0.83&quot; /&gt;&lt;ABS:Obs TIME=&quot;1993&quot; OBS_VALUE=&quot;0.91&quot; /&gt;&lt;ABS:Obs TIME=&quot;1994&quot; OBS_VALUE=&quot;0.86&quot; /&gt;&lt;ABS:Obs TIME=&quot;1995&quot; OBS_VALUE=&quot;0.85&quot; /&gt;&lt;ABS:Obs TIME=&quot;1996&quot; OBS_VALUE=&quot;0.89&quot; /&gt;&lt;ABS:Obs TIME=&quot;1997&quot; OBS_VALUE=&quot;0.95&quot; /&gt;&lt;ABS:Obs TIME=&quot;1998&quot; OBS_VALUE=&quot;0.98&quot; /&gt;&lt;ABS:Obs TIME=&quot;1999&quot; OBS_VALUE=&quot;0.97&quot; /&gt;&lt;/ABS:Series&gt;&lt;ABS:Series TYP=&quot;2&quot; MEA=&quot;2&quot; BEVT=&quot;1&quot; SUB=&quot;1&quot; FREQUENCY=&quot;A&quot; TIME_FORMAT=&quot;P1Y&quot;&gt;&lt;ABS:Obs TIME=&quot;1985&quot; OBS_VALUE=&quot;16.85&quot; /&gt;&lt;ABS:Obs TIME=&quot;1986&quot; OBS_VALUE=&quot;16.5&quot; /&gt;&lt;ABS:Obs TIME=&quot;1987&quot; OBS_VALUE=&quot;14.87&quot; /&gt;&lt;ABS:Obs TIME=&quot;1988&quot; OBS_VALUE=&quot;15.64&quot; /&gt;&lt;ABS:Obs TIME=&quot;1989&quot; OBS_VALUE=&quot;21.09&quot; /&gt;&lt;ABS:Obs TIME=&quot;1990&quot; OBS_VALUE=&quot;24.1&quot; /&gt;&lt;ABS:Obs TIME=&quot;1991&quot; OBS_VALUE=&quot;25.24&quot; /&gt;&lt;ABS:Obs TIME=&quot;1992&quot; OBS_VALUE=&quot;28.57&quot; /&gt;&lt;ABS:Obs TIME=&quot;1993&quot; OBS_VALUE=&quot;30.81&quot; /&gt;&lt;ABS:Obs TIME=&quot;1994&quot; OBS_VALUE=&quot;28.33&quot; /&gt;&lt;ABS:Obs TIME=&quot;1995&quot; OBS_VALUE=&quot;27.37&quot; /&gt;&lt;ABS:Obs TIME=&quot;1996&quot; OBS_VALUE=&quot;28.61&quot; /&gt;&lt;ABS:Obs TIME=&quot;1997&quot; OBS_VALUE=&quot;30.72&quot; /&gt;&lt;ABS:Obs TIME=&quot;1998&quot; OBS_VALUE=&quot;31.65&quot; /&gt;&lt;ABS:Obs TIME=&quot;1999&quot; OBS_VALUE=&quot;31.67&quot; /&gt;&lt;ABS:Obs TIME=&quot;2000&quot; OBS_VALUE=&quot;32.27&quot; /&gt;&lt;/ABS:Series&gt;&lt;ABS:Series TYP=&quot;1&quot; MEA=&quot;2&quot; BEVT=&quot;1&quot; SUB=&quot;2&quot; FREQUENCY=&quot;A&quot; TIME_FORMAT=&quot;P1Y&quot;&gt;&lt;ABS:Obs TIME=&quot;1985&quot; OBS_VALUE=&quot;6.39&quot; /&gt;&lt;ABS:Obs TIME=&quot;1986&quot; OBS_VALUE=&quot;6.42&quot; /&gt;&lt;ABS:Obs TIME=&quot;1987&quot; OBS_VALUE=&quot;6.19&quot; /&gt;&lt;ABS:Obs TIME=&quot;1988&quot; OBS_VALUE=&quot;6.25&quot; /&gt;&lt;ABS:Obs TIME=&quot;1989&quot; OBS_VALUE=&quot;6.11&quot; /&gt;&lt;ABS:Obs TIME=&quot;1990&quot; OBS_VALUE=&quot;5.83&quot; /&gt;&lt;ABS:Obs TIME=&quot;1991&quot; OBS_VALUE=&quot;5.57&quot; /&gt;&lt;ABS:Obs TIME=&quot;1992&quot; OBS_VALUE=&quot;4.99&quot; /&gt;&lt;ABS:Obs TIME=&quot;1993&quot; OBS_VALUE=&quot;4.6&quot; /&gt;&lt;ABS:Obs TIME=&quot;1994&quot; OBS_VALUE=&quot;4.65&quot; /&gt;&lt;ABS:Obs TIME=&quot;1995&quot; OBS_VALUE=&quot;4.61&quot; /&gt;&lt;ABS:Obs TIME=&quot;1996&quot; OBS_VALUE=&quot;4.44&quot; /&gt;&lt;ABS:Obs TIME=&quot;1997&quot; OBS_VALUE=&quot;4.36&quot; /&gt;&lt;ABS:Obs TIME=&quot;1998&quot; OBS_VALUE=&quot;4.25&quot; /&gt;&lt;ABS:Obs TIME=&quot;1999&quot; OBS_VALUE=&quot;4.14&quot; /&gt;&lt;/ABS:Series&gt;&lt;ABS:Series TYP=&quot;2&quot; MEA=&quot;2&quot; BEVT=&quot;1&quot; SUB=&quot;2&quot; FREQUENCY=&quot;A&quot; TIME_FORMAT=&quot;P1Y&quot;&gt;&lt;ABS:Obs TIME=&quot;1985&quot; OBS_VALUE=&quot;133.12&quot; /&gt;&lt;ABS:Obs TIME=&quot;1986&quot; OBS_VALUE=&quot;133.82&quot; /&gt;&lt;ABS:Obs TIME=&quot;1987&quot; OBS_VALUE=&quot;129.05&quot; /&gt;&lt;ABS:Obs TIME=&quot;1988&quot; OBS_VALUE=&quot;130.25&quot; /&gt;&lt;ABS:Obs TIME=&quot;1989&quot; OBS_VALUE=&quot;127.35&quot; /&gt;&lt;ABS:Obs TIME=&quot;1990&quot; OBS_VALUE=&quot;122.09&quot; /&gt;&lt;ABS:Obs TIME=&quot;1991&quot; OBS_VALUE=&quot;116.47&quot; /&gt;&lt;ABS:Obs TIME=&quot;1992&quot; OBS_VALUE=&quot;104.69&quot; /&gt;&lt;ABS:Obs TIME=&quot;1993&quot; OBS_VALUE=&quot;96.65&quot; /&gt;&lt;ABS:Obs TIME=&quot;1994&quot; OBS_VALUE=&quot;97.09&quot; /&gt;&lt;ABS:Obs TIME=&quot;1995&quot; OBS_VALUE=&quot;96.6&quot; /&gt;&lt;ABS:Obs TIME=&quot;1996&quot; OBS_VALUE=&quot;93.22&quot; /&gt;&lt;ABS:Obs TIME=&quot;1997&quot; OBS_VALUE=&quot;91.28&quot; /&gt;&lt;ABS:Obs TIME=&quot;1998&quot; OBS_VALUE=&quot;88.94&quot; /&gt;&lt;ABS:Obs TIME=&quot;1999&quot; OBS_VALUE=&quot;87.32&quot; /&gt;&lt;ABS:Obs TIME=&quot;2000&quot; OBS_VALUE=&quot;85.33&quot; /&gt;&lt;/ABS:Series&gt;&lt;ABS:Series TYP=&quot;1&quot; MEA=&quot;2&quot; BEVT=&quot;1&quot; SUB=&quot;3&quot; FREQUENCY=&quot;A&quot; TIME_FORMAT=&quot;P1Y&quot;&gt;&lt;ABS:Obs TIME=&quot;2001&quot; OBS_VALUE=&quot;0.42&quot; /&gt;&lt;ABS:Obs TIME=&quot;2002&quot; OBS_VALUE=&quot;0.41&quot; /&gt;&lt;ABS:Obs TIME=&quot;2003&quot; OBS_VALUE=&quot;0.4&quot; /&gt;&lt;ABS:Obs TIME=&quot;2004&quot; OBS_VALUE=&quot;0.38&quot; /&gt;&lt;ABS:Obs TIME=&quot;2005&quot; OBS_VALUE=&quot;0.38&quot; /&gt;&lt;ABS:Obs TIME=&quot;2006&quot; OBS_VALUE=&quot;0.36&quot; /&gt;&lt;ABS:Obs TIME=&quot;2007&quot; OBS_VALUE=&quot;0.32&quot; /&gt;&lt;ABS:Obs TIME=&quot;2008&quot; OBS_VALUE=&quot;0.28&quot; /&gt;&lt;ABS:Obs TIME=&quot;2009&quot; OBS_VALUE=&quot;0.24&quot; /&gt;&lt;ABS:Obs TIME=&quot;2010&quot; OBS_VALUE=&quot;0.22&quot; /&gt;&lt;ABS:Obs TIME=&quot;2011&quot; OBS_VALUE=&quot;0.19&quot; /&gt;&lt;ABS:Obs TIME=&quot;2012&quot; OBS_VALUE=&quot;0.16&quot; /&gt;&lt;ABS:Obs TIME=&quot;2013&quot; OBS_VALUE=&quot;0.15&quot; /&gt;&lt;ABS:Obs TIME=&quot;2014&quot; OBS_VALUE=&quot;0.13&quot; /&gt;&lt;ABS:Obs TIME=&quot;2015&quot; OBS_VALUE=&quot;0.1&quot; /&gt;&lt;ABS:Obs TIME=&quot;2016&quot; OBS_VALUE=&quot;0.1&quot; /&gt;&lt;/ABS:Series&gt;&lt;ABS:Series TYP=&quot;2&quot; MEA=&quot;2&quot; BEVT=&quot;1&quot; SUB=&quot;3&quot; FREQUENCY=&quot;A&quot; TIME_FORMAT=&quot;P1Y&quot;&gt;&lt;ABS:Obs TIME=&quot;2001&quot; OBS_VALUE=&quot;15.44&quot; /&gt;&lt;ABS:Obs TIME=&quot;2002&quot; OBS_VALUE=&quot;14.91&quot; /&gt;&lt;ABS:Obs TIME=&quot;2003&quot; OBS_VALUE=&quot;15.06&quot; /&gt;&lt;ABS:Obs TIME=&quot;2004&quot; OBS_VALUE=&quot;14.47&quot; /&gt;&lt;ABS:Obs TIME=&quot;2005&quot; OBS_VALUE=&quot;14.26&quot; /&gt;&lt;ABS:Obs TIME=&quot;2006&quot; OBS_VALUE=&quot;13.36&quot; /&gt;&lt;ABS:Obs TIME=&quot;2007&quot; OBS_VALUE=&quot;12.02&quot; /&gt;&lt;ABS:Obs TIME=&quot;2008&quot; OBS_VALUE=&quot;10.45&quot; /&gt;&lt;ABS:Obs TIME=&quot;2009&quot; OBS_VALUE=&quot;9.05&quot; /&gt;&lt;ABS:Obs TIME=&quot;2010&quot; OBS_VALUE=&quot;8.18&quot; /&gt;&lt;ABS:Obs TIME=&quot;2011&quot; OBS_VALUE=&quot;7.17&quot; /&gt;&lt;ABS:Obs TIME=&quot;2012&quot; OBS_VALUE=&quot;6.2&quot; /&gt;&lt;ABS:Obs TIME=&quot;2013&quot; OBS_VALUE=&quot;5.52&quot; /&gt;&lt;ABS:Obs TIME=&quot;2014&quot; OBS_VALUE=&quot;4.94&quot; /&gt;&lt;ABS:Obs TIME=&quot;2015&quot; OBS_VALUE=&quot;3.95&quot; /&gt;&lt;ABS:Obs TIME=&quot;2016&quot; OBS_VALUE=&quot;3.62&quot; /&gt;&lt;/ABS:Series&gt;&lt;ABS:Series TYP=&quot;1&quot; MEA=&quot;2&quot; BEVT=&quot;1&quot; SUB=&quot;4&quot; FREQUENCY=&quot;A&quot; TIME_FORMAT=&quot;P1Y&quot;&gt;&lt;ABS:Obs TIME=&quot;2001&quot; OBS_VALUE=&quot;0.46&quot; /&gt;&lt;ABS:Obs TIME=&quot;2002&quot; OBS_VALUE=&quot;0.45&quot; /&gt;&lt;ABS:Obs TIME=&quot;2003&quot; OBS_VALUE=&quot;0.49&quot; /&gt;&lt;ABS:Obs TIME=&quot;2004&quot; OBS_VALUE=&quot;0.54&quot; /&gt;&lt;ABS:Obs TIME=&quot;2005&quot; OBS_VALUE=&quot;0.52&quot; /&gt;&lt;ABS:Obs TIME=&quot;2006&quot; OBS_VALUE=&quot;0.54&quot; /&gt;&lt;ABS:Obs TIME=&quot;2007&quot; OBS_VALUE=&quot;0.56&quot; /&gt;&lt;ABS:Obs TIME=&quot;2008&quot; OBS_VALUE=&quot;0.56&quot; /&gt;&lt;ABS:Obs TIME=&quot;2009&quot; OBS_VALUE=&quot;0.57&quot; /&gt;&lt;ABS:Obs TIME=&quot;2010&quot; OBS_VALUE=&quot;0.57&quot; /&gt;&lt;ABS:Obs TIME=&quot;2011&quot; OBS_VALUE=&quot;0.57&quot; /&gt;&lt;ABS:Obs TIME=&quot;2012&quot; OBS_VALUE=&quot;0.57&quot; /&gt;&lt;ABS:Obs TIME=&quot;2013&quot; OBS_VALUE=&quot;0.58&quot; /&gt;&lt;ABS:Obs TIME=&quot;2014&quot; OBS_VALUE=&quot;0.61&quot; /&gt;&lt;ABS:Obs TIME=&quot;2015&quot; OBS_VALUE=&quot;0.58&quot; /&gt;&lt;ABS:Obs TIME=&quot;2016&quot; OBS_VALUE=&quot;0.63&quot; /&gt;&lt;/ABS:Series&gt;&lt;ABS:Series TYP=&quot;2&quot; MEA=&quot;2&quot; BEVT=&quot;1&quot; SUB=&quot;4&quot; FREQUENCY=&quot;A&quot; TIME_FORMAT=&quot;P1Y&quot;&gt;&lt;ABS:Obs TIME=&quot;2001&quot; OBS_VALUE=&quot;13.03&quot; /&gt;&lt;ABS:Obs TIME=&quot;2002&quot; OBS_VALUE=&quot;13.21&quot; /&gt;&lt;ABS:Obs TIME=&quot;2003&quot; OBS_VALUE=&quot;13.93&quot; /&gt;&lt;ABS:Obs TIME=&quot;2004&quot; OBS_VALUE=&quot;15.7&quot; /&gt;&lt;ABS:Obs TIME=&quot;2005&quot; OBS_VALUE=&quot;15&quot; /&gt;&lt;ABS:Obs TIME=&quot;2006&quot; OBS_VALUE=&quot;15.42&quot; /&gt;&lt;ABS:Obs TIME=&quot;2007&quot; OBS_VALUE=&quot;16.14&quot; /&gt;&lt;ABS:Obs TIME=&quot;2008&quot; OBS_VALUE=&quot;16.04&quot; /&gt;&lt;ABS:Obs TIME=&quot;2009&quot; OBS_VALUE=&quot;16.25&quot; /&gt;&lt;ABS:Obs TIME=&quot;2010&quot; OBS_VALUE=&quot;16.39&quot; /&gt;&lt;ABS:Obs TIME=&quot;2011&quot; OBS_VALUE=&quot;16.24&quot; /&gt;&lt;ABS:Obs TIME=&quot;2012&quot; OBS_VALUE=&quot;16.26&quot; /&gt;&lt;ABS:Obs TIME=&quot;2013&quot; OBS_VALUE=&quot;16.55&quot; /&gt;&lt;ABS:Obs TIME=&quot;2014&quot; OBS_VALUE=&quot;17.39&quot; /&gt;&lt;ABS:Obs TIME=&quot;2015&quot; OBS_VALUE=&quot;16.62&quot; /&gt;&lt;ABS:Obs TIME=&quot;2016&quot; OBS_VALUE=&quot;17.95&quot; /&gt;&lt;/ABS:Series&gt;&lt;ABS:Series TYP=&quot;1&quot; MEA=&quot;2&quot; BEVT=&quot;1&quot; SUB=&quot;5&quot; FREQUENCY=&quot;A&quot; TIME_FORMAT=&quot;P1Y&quot;&gt;&lt;ABS:Obs TIME=&quot;2001&quot; OBS_VALUE=&quot;4.25&quot; /&gt;&lt;ABS:Obs TIME=&quot;2002&quot; OBS_VALUE=&quot;4.01&quot; /&gt;&lt;ABS:Obs TIME=&quot;2003&quot; OBS_VALUE=&quot;4.15&quot; /&gt;&lt;ABS:Obs TIME=&quot;2004&quot; OBS_VALUE=&quot;3.84&quot; /&gt;&lt;ABS:Obs TIME=&quot;2005&quot; OBS_VALUE=&quot;3.76&quot; /&gt;&lt;ABS:Obs TIME=&quot;2006&quot; OBS_VALUE=&quot;3.78&quot; /&gt;&lt;ABS:Obs TIME=&quot;2007&quot; OBS_VALUE=&quot;3.8&quot; /&gt;&lt;ABS:Obs TIME=&quot;2008&quot; OBS_VALUE=&quot;3.85&quot; /&gt;&lt;ABS:Obs TIME=&quot;2009&quot; OBS_VALUE=&quot;3.87&quot; /&gt;&lt;ABS:Obs TIME=&quot;2010&quot; OBS_VALUE=&quot;3.72&quot; /&gt;&lt;ABS:Obs TIME=&quot;2011&quot; OBS_VALUE=&quot;3.54&quot; /&gt;&lt;ABS:Obs TIME=&quot;2012&quot; OBS_VALUE=&quot;3.41&quot; /&gt;&lt;ABS:Obs TIME=&quot;2013&quot; OBS_VALUE=&quot;3.31&quot; /&gt;&lt;ABS:Obs TIME=&quot;2014&quot; OBS_VALUE=&quot;3.28&quot; /&gt;&lt;ABS:Obs TIME=&quot;2015&quot; OBS_VALUE=&quot;3.07&quot; /&gt;&lt;ABS:Obs TIME=&quot;2016&quot; OBS_VALUE=&quot;3.15&quot; /&gt;&lt;/ABS:Series&gt;&lt;ABS:Series TYP=&quot;2&quot; MEA=&quot;2&quot; BEVT=&quot;1&quot; SUB=&quot;5&quot; FREQUENCY=&quot;A&quot; TIME_FORMAT=&quot;P1Y&quot;&gt;&lt;ABS:Obs TIME=&quot;2001&quot; OBS_VALUE=&quot;89.3&quot; /&gt;&lt;ABS:Obs TIME=&quot;2002&quot; OBS_VALUE=&quot;86.16&quot; /&gt;&lt;ABS:Obs TIME=&quot;2003&quot; OBS_VALUE=&quot;86.59&quot; /&gt;&lt;ABS:Obs TIME=&quot;2004&quot; OBS_VALUE=&quot;80.86&quot; /&gt;&lt;ABS:Obs TIME=&quot;2005&quot; OBS_VALUE=&quot;79.53&quot; /&gt;&lt;ABS:Obs TIME=&quot;2006&quot; OBS_VALUE=&quot;80&quot; /&gt;&lt;ABS:Obs TIME=&quot;2007&quot; OBS_VALUE=&quot;80.53&quot; /&gt;&lt;ABS:Obs TIME=&quot;2008&quot; OBS_VALUE=&quot;81.86&quot; /&gt;&lt;ABS:Obs TIME=&quot;2009&quot; OBS_VALUE=&quot;82.69&quot; /&gt;&lt;ABS:Obs TIME=&quot;2010&quot; OBS_VALUE=&quot;80.38&quot; /&gt;&lt;ABS:Obs TIME=&quot;2011&quot; OBS_VALUE=&quot;77.17&quot; /&gt;&lt;ABS:Obs TIME=&quot;2012&quot; OBS_VALUE=&quot;74.05&quot; /&gt;&lt;ABS:Obs TIME=&quot;2013&quot; OBS_VALUE=&quot;70.95&quot; /&gt;&lt;ABS:Obs TIME=&quot;2014&quot; OBS_VALUE=&quot;70.05&quot; /&gt;&lt;ABS:Obs
Inserting 678 obs
&lt;soapenv:Envelope xmlns:soapenv=&quot;http://schemas.xmlsoap.org/soap/envelope/&quot; xmlns:sdmx=&quot;http://stats.oecd.org/OECDStatWS/SDMX/&quot;&gt;&lt;soapenv:Header/&gt;&lt;soapenv:Body&gt;&lt;sdmx:GetDataStructureDefinition&gt;&lt;!--Optional:--&gt;&lt;sdmx:QueryMessage&gt;&lt;message:QueryMessage xsi:schemaLocation=&quot;http://www.SDMX.org/resources/SDMXML/schemas/v2_0/queryhttp://www.sdmx.org/docs/2_0/SDMXQuery.xsd http://www.SDMX.org/resources/SDMXML/schemas/v2_0/message http://www.sdmx.org/docs/2_0/SDMXMessage.xsd&quot; xmlns=&quot;http://www.SDMX.org/resources/SDMXML/schemas/v2_0/query&quot; xmlns:message=&quot;http://www.SDMX.org/resources/SDMXML/schemas/v2_0/message&quot; xmlns:xsi=&quot;http://www.w3.org/2001/XMLSchema-instance&quot;&gt;&lt;Header xmlns=&quot;http://www.SDMX.org/resources/SDMXML/schemas/v2_0/message&quot;&gt;&lt;ID&gt;none&lt;/ID&gt;&lt;Test&gt;false&lt;/Test&gt;&lt;Prepared&gt;2012-06-01T09:33:53&lt;/Prepared&gt;&lt;Sender id=&quot;YourID&quot;&gt;&lt;Name xml:lang=&quot;en&quot;&gt;Your English Name&lt;/Name&gt;&lt;/Sender&gt;&lt;Receiver id=&quot;ABS&quot;&gt;&lt;Name xml:lang=&quot;en&quot;&gt;Australian Bureau of Statistics&lt;/Name&gt;&lt;Name xml:lang=&quot;fr&quot;&gt;Australian Bureau of Statistics&lt;/Name&gt;&lt;/Receiver&gt;&lt;/Header&gt;&lt;message:Query&gt;&lt;KeyFamilyWhere&gt;&lt;Or&gt;&lt;KeyFamily&gt;ABS_ACLD_LFSTATUS&lt;/KeyFamily&gt;&lt;/Or&gt;&lt;/KeyFamilyWhere&gt;&lt;/message:Query&gt;&lt;/message:QueryMessage&gt;&lt;/sdmx:QueryMessage&gt;&lt;/sdmx:GetDataStructureDefinition&gt;&lt;/soapenv:Body&gt;&lt;/soapenv:Envelope&gt;
Header=&lt;message:Structure xmlns=&quot;http://www.SDMX.org/resources/SDMXML/schemas/v2_0/structure&quot; xmlns:common=&quot;http://www.SDMX.org/resources/SDMXML/schemas/v2_0/common&quot; xsi:schemaLocation=&quot;http://www.SDMX.org/resources/SDMXML/schemas/v2_0/structure http://www.sdmx.org/docs/2_0/SDMXStructure.xsd http://www.SDMX.org/resources/SDMXML/schemas/v2_0/message http://www.sdmx.org/docs/2_0/SDMXMessage.xsd&quot; xmlns:xsi=&quot;http://www.w3.org/2001/XMLSchema-instance&quot; xmlns:message=&quot;http://www.SDMX.org/resources/SDMXML/schemas/v2_0/message&quot;&gt;&lt;Header xmlns=&quot;http://www.SDMX.org/resources/SDMXML/schemas/v2_0/message&quot;&gt;&lt;ID&gt;none&lt;!--Statistical usage warning
ABS.Stat beta is continuing to be developed.  Data will be updated as soon as possible following its 11:30 am release on the ABS website.
--&gt;&lt;/ID&gt;&lt;Test&gt;false&lt;/Test&gt;&lt;Truncated&gt;false&lt;/Truncated&gt;&lt;Prepared&gt;2020-03-19T13:26:25&lt;/Prepared&gt;&lt;Sender id=&quot;ABS&quot;&gt;&lt;Name xml:lang=&quot;en&quot;&gt;Australian Bureau of Statistics&lt;/Name&gt;&lt;Name xml:lang=&quot;fr&quot;&gt;Australian Bureau of Statistics&lt;/Name&gt;&lt;/Sender&gt;&lt;/Header&gt;&lt;message:CodeLists&gt;&lt;CodeList id=&quot;CL_ABS_ACLD_LFSTATUS_SEX_ABS&quot; agencyID=&quot;ABS&quot;&gt;&lt;Name xml:lang=&quot;en&quot;&gt;Sex&lt;/Name&gt;&lt;Name xml:lang=&quot;fr&quot;&gt;Sex&lt;/Name&gt;&lt;Code value=&quot;1&quot; parentCode=&quot;3&quot;&gt;&lt;Description xml:lang=&quot;en&quot;&gt;Males&lt;/Description&gt;&lt;Description xml:lang=&quot;fr&quot;&gt;Males&lt;/Description&gt;&lt;/Code&gt;&lt;Code value=&quot;3&quot;&gt;&lt;Description xml:lang=&quot;en&quot;&gt;Persons&lt;/Description&gt;&lt;Description xml:lang=&quot;fr&quot;&gt;Persons&lt;/Description&gt;&lt;/Code&gt;&lt;Code value=&quot;2&quot; parentCode=&quot;3&quot;&gt;&lt;Description xml:lang=&quot;en&quot;&gt;Females&lt;/Description&gt;&lt;Description xml:lang=&quot;fr&quot;&gt;Females&lt;/Description&gt;&lt;/Code&gt;&lt;/CodeList&gt;&lt;CodeList id=&quot;CL_ABS_ACLD_LFSTATUS_AGE&quot; agencyID=&quot;ABS&quot;&gt;&lt;Name xml:lang=&quot;en&quot;&gt;Age&lt;/Name&gt;&lt;Name xml:lang=&quot;fr&quot;&gt;Age&lt;/Name&gt;&lt;Code value=&quot;TT&quot;&gt;&lt;Description xml:lang=&quot;en&quot;&gt;All ages&lt;/Description&gt;&lt;Description xml:lang=&quot;fr&quot;&gt;All ages&lt;/Description&gt;&lt;/Code&gt;&lt;Code value=&quot;6599&quot;&gt;&lt;Description xml:lang=&quot;en&quot;&gt;65 and over&lt;/Description&gt;&lt;Description xml:lang=&quot;fr&quot;&gt;65 and over&lt;/Description&gt;&lt;/Code&gt;&lt;Code value=&quot;2534&quot;&gt;&lt;Description xml:lang=&quot;en&quot;&gt;25 - 34&lt;/Description&gt;&lt;Description xml:lang=&quot;fr&quot;&gt;25 - 34&lt;/Description&gt;&lt;/Code&gt;&lt;Code value=&quot;3544&quot;&gt;&lt;Description xml:lang=&quot;en&quot;&gt;35 - 44&lt;/Description&gt;&lt;Description xml:lang=&quot;fr&quot;&gt;35 - 44&lt;/Description&gt;&lt;/Code&gt;&lt;Code value=&quot;4554&quot;&gt;&lt;Description xml:lang=&quot;en&quot;&gt;45 - 54&lt;/Description&gt;&lt;Description xml:lang=&quot;fr&quot;&gt;45 - 54&lt;/Description&gt;&lt;/Code&gt;&lt;Code value=&quot;5564&quot;&gt;&lt;Description xml:lang=&quot;en&quot;&gt;55 - 64&lt;/Description&gt;&lt;Description xml:lang=&quot;fr&quot;&gt;55 - 64&lt;/Description&gt;&lt;/Code&gt;&lt;Code value=&quot;1524&quot;&gt;&lt;Description xml:lang=&quot;en&quot;&gt;15 - 24&lt;/Description&gt;&lt;Description xml:lang=&quot;fr&quot;&gt;15 - 24&lt;/Description&gt;&lt;/Code&gt;&lt;/CodeList&gt;&lt;CodeList id=&quot;CL_ABS_ACLD_LFSTATUS_ASGS_2011&quot; agencyID=&quot;ABS&quot;&gt;&lt;Name xml:lang=&quot;en&quot;&gt;Region&lt;/Name&gt;&lt;Name xml:lang=&quot;fr&quot;&gt;Region&lt;/Name&gt;&lt;Code value=&quot;0&quot;&gt;&lt;Description xml:lang=&quot;en&quot;&gt;Australia&lt;/Description&gt;&lt;Description xml:lang=&quot;fr&quot;&gt;Australia&lt;/Description&gt;&lt;/Code&gt;&lt;Code value=&quot;1&quot; parentCode=&quot;0&quot;&gt;&lt;Description xml:lang=&quot;en&quot;&gt;New South Wales&lt;/Description&gt;&lt;Description xml:lang=&quot;fr&quot;&gt;New South Wales&lt;/Description&gt;&lt;/Code&gt;&lt;Code value=&quot;2&quot; parentCode=&quot;0&quot;&gt;&lt;Description xml:lang=&quot;en&quot;&gt;Victoria&lt;/Description&gt;&lt;Description xml:lang=&quot;fr&quot;&gt;Victoria&lt;/Description&gt;&lt;/Code&gt;&lt;Code value=&quot;3&quot; parentCode=&quot;0&quot;&gt;&lt;Description xml:lang=&quot;en&quot;&gt;Queensland&lt;/Description&gt;&lt;Description xml:lang=&quot;fr&quot;&gt;Queensland&lt;/Description&gt;&lt;/Code&gt;&lt;Code value=&quot;4&quot; parentCode=&quot;0&quot;&gt;&lt;Description xml:lang=&quot;en&quot;&gt;South Australia&lt;/Description&gt;&lt;Description xml:lang=&quot;fr&quot;&gt;South Australia&lt;/Description&gt;&lt;/Code&gt;&lt;Code value=&quot;5&quot; parentCode=&quot;0&quot;&gt;&lt;Description xml:lang=&quot;en&quot;&gt;Western Australia&lt;/Description&gt;&lt;Description xml:lang=&quot;fr&quot;&gt;Western Australia&lt;/Description&gt;&lt;/Code&gt;&lt;Code value=&quot;6&quot; parentCode=&quot;0&quot;&gt;&lt;Description xml:lang=&quot;en&quot;&gt;Tasmania&lt;/Description&gt;&lt;Description xml:lang=&quot;fr&quot;&gt;Tasmania&lt;/Description&gt;&lt;/Code&gt;&lt;Code value=&quot;7&quot; parentCode=&quot;0&quot;&gt;&lt;Description xml:lang=&quot;en&quot;&gt;Northern Territory&lt;/Description&gt;&lt;Description xml:lang=&quot;fr&quot;&gt;Northern Territory&lt;/Description&gt;&lt;/Code&gt;&lt;Code value=&quot;8&quot; parentCode=&quot;0&quot;&gt;&lt;Description xml:lang=&quot;en&quot;&gt;Australian Capital Territory&lt;/Description&gt;&lt;Description xml:lang=&quot;fr&quot;&gt;Australian Capital Territory&lt;/Description&gt;&lt;/Code&gt;&lt;/CodeList&gt;&lt;CodeList id=&quot;CL_ABS_ACLD_LFSTATUS_LF_2006&quot; agencyID=&quot;ABS&quot;&gt;&lt;Name xml:lang=&quot;en&quot;&gt;Labour Force Status in 2006&lt;/Name&gt;&lt;Name xml:lang=&quot;fr&quot;&gt;Labour Force Status in 2006&lt;/Name&gt;&lt;Code value=&quot;T&quot;&gt;&lt;Description xml:lang=&quot;en&quot;&gt;Total&lt;/Description&gt;&lt;Description xml:lang=&quot;fr&quot;&gt;Total&lt;/Description&gt;&lt;/Code&gt;&lt;Code value=&quot;1&quot; parentCode=&quot;T&quot;&gt;&lt;Description xml:lang=&quot;en&quot;&gt;Employed&lt;/Description&gt;&lt;Description xml:lang=&quot;fr&quot;&gt;Employed&lt;/Description&gt;&lt;/Code&gt;&lt;Code value=&quot;2&quot; parentCode=&quot;T&quot;&gt;&lt;Description xml:lang=&quot;en&quot;&gt;Employed full-time&lt;/Description&gt;&lt;Description xml:lang=&quot;fr&quot;&gt;Employed full-time&lt;/Description&gt;&lt;/Code&gt;&lt;Code value=&quot;3&quot; parentCode=&quot;T&quot;&gt;&lt;Description xml:lang=&quot;en&quot;&gt;Employed part-time&lt;/Description&gt;&lt;Description xml:lang=&quot;fr&quot;&gt;Employed part-time&lt;/Description&gt;&lt;/Code&gt;&lt;Code value=&quot;4&quot; parentCode=&quot;T&quot;&gt;&lt;Description xml:lang=&quot;en&quot;&gt;Unemployed&lt;/Description&gt;&lt;Description xml:lang=&quot;fr&quot;&gt;Unemployed&lt;/Description&gt;&lt;/Code&gt;&lt;Code value=&quot;5&quot; parentCode=&quot;T&quot;&gt;&lt;Description xml:lang=&quot;en&quot;&gt;Not in the labour force&lt;/Description&gt;&lt;Description xml:lang=&quot;fr&quot;&gt;Not in the labour force&lt;/Description&gt;&lt;/Code&gt;&lt;/CodeList&gt;&lt;CodeList id=&quot;CL_ABS_ACLD_LFSTATUS_LF_2011&quot; agencyID=&quot;ABS&quot;&gt;&lt;Name xml:lang=&quot;en&quot;&gt;Labour Force Status in 2011&lt;/Name&gt;&lt;Name xml:lang=&quot;fr&quot;&gt;Labour Force Status in 2011&lt;/Name&gt;&lt;Code value=&quot;T&quot;&gt;&lt;Description xml:lang=&quot;en&quot;&gt;Total&lt;/Description&gt;&lt;Description xml:lang=&quot;fr&quot;&gt;Total&lt;/Description&gt;&lt;/Code&gt;&lt;Code value=&quot;1&quot; parentCode=&quot;T&quot;&gt;&lt;Description xml:lang=&quot;en&quot;&gt;Employed&lt;/Description&gt;&lt;Description xml:lang=&quot;fr&quot;&gt;Employed&lt;/Description&gt;&lt;/Code&gt;&lt;Code value=&quot;2&quot; parentCode=&quot;T&quot;&gt;&lt;Description xml:lang=&quot;en&quot;&gt;Employed full-time&lt;/Description&gt;&lt;Description xml:lang=&quot;fr&quot;&gt;Employed full-time&lt;/Description&gt;&lt;/Code&gt;&lt;Code value=&quot;3&quot; parentCode=&quot;T&quot;&gt;&lt;Description xml:lang=&quot;en&quot;&gt;Employed part-time&lt;/Description&gt;&lt;Description xml:lang=&quot;fr&quot;&gt;Employed part-time&lt;/Description&gt;&lt;/Code&gt;&lt;Code value=&quot;4&quot; parentCode=&quot;T&quot;&gt;&lt;Description xml:lang=&quot;en&quot;&gt;Unemployed&lt;/Description&gt;&lt;Description xml:lang=&quot;fr&quot;&gt;Unemployed&lt;/Description&gt;&lt;/Code&gt;&lt;Code value=&quot;5&quot; parentCode=&quot;T&quot;&gt;&lt;Description xml:lang=&quot;en&quot;&gt;Not in the labour force&lt;/Description&gt;&lt;Description xml:lang=&quot;fr&quot;&gt;Not in the labour force&lt;/Description&gt;&lt;/Code&gt;&lt;/CodeList&gt;&lt;CodeList id=&quot;CL_ABS_ACLD_LFSTATUS_OBS_STATUS&quot; agencyID=&quot;ABS&quot;&gt;&lt;Name xml:lang=&quot;en&quot;&gt;Observation Status&lt;/Name&gt;&lt;/CodeList&gt;&lt;CodeList id=&quot;CL_ABS_ACLD_LFSTATUS_TIME_FORMAT&quot; agencyID=&quot;ABS&quot;&gt;&lt;Name xml:lang=&quot;en&quot;&gt;ABS_ACLD_LFSTATUS_TIME_FORMAT codelist&lt;/Name&gt;&lt;Code value=&quot;P1Y&quot;&gt;&lt;Description xml:lang=&quot;en&quot;&gt;Annual&lt;/Description&gt;&lt;/Code&gt;&lt;Code value=&quot;P1M&quot;&gt;&lt;Description xml:lang=&quot;en&quot;&gt;Monthly&lt;/Description&gt;&lt;/Code&gt;&lt;Code value=&quot;P3M&quot;&gt;&lt;Description xml:lang=&quot;en&quot;&gt;Quarterly&lt;/Description&gt;&lt;/Code&gt;&lt;Code value=&quot;P6M&quot;&gt;&lt;Description xml:lang=&quot;en&quot;&gt;Half-yearly&lt;/Description&gt;&lt;/Code&gt;&lt;Code value=&quot;P1D&quot;&gt;&lt;Description xml:lang=&quot;en&quot;&gt;Daily&lt;/Description&gt;&lt;/Code&gt;&lt;/CodeList&gt;&lt;/message:CodeLists&gt;&lt;message:Concepts&gt;&lt;Concept id=&quot;SEX_ABS&quot; agencyID=&quot;ABS&quot;&gt;&lt;Name xml:lang=&quot;en&quot;&gt;Sex&lt;/Name&gt;&lt;Name xml:lang=&quot;fr&quot;&gt;Sex&lt;/Name&gt;&lt;/Concept&gt;&lt;Concept id=&quot;AGE&quot; agencyID=&quot;ABS&quot;&gt;&lt;Name xml:lang=&quot;en&quot;&gt;Age&lt;/Name&gt;&lt;Name xml:lang=&quot;fr&quot;&gt;Age&lt;/Name&gt;&lt;/Concept&gt;&lt;Concept id=&quot;ASGS_2011&quot; agencyID=&quot;ABS&quot;&gt;&lt;Name xml:lang=&quot;en&quot;&gt;Region&lt;/Name&gt;&lt;Name xml:lang=&quot;fr&quot;&gt;Region&lt;/Name&gt;&lt;/Concept&gt;&lt;Concept id=&quot;LF_2006&quot; agencyID=&quot;ABS&quot;&gt;&lt;Name xml:lang=&quot;en&quot;&gt;Labour Force Status in 2006&lt;/Name&gt;&lt;Name xml:lang=&quot;fr&quot;&gt;Labour Force Status in 2006&lt;/Name&gt;&lt;/Concept&gt;&lt;Concept id=&quot;LF_2011&quot; agencyID=&quot;ABS&quot;&gt;&lt;Name xml:lang=&quot;en&quot;&gt;Labour Force Status in 2011&lt;/Name&gt;&lt;Name xml:lang=&quot;fr&quot;&gt;Labour Force Status in 2011&lt;/Name&gt;&lt;/Concept&gt;&lt;Concept id=&quot;OBS_VALUE&quot; agencyID=&quot;ABS&quot;&gt;&lt;Name xml:lang=&quot;en&quot;&gt;Observation Value&lt;/Name&gt;&lt;/Concept&gt;&lt;Concept id=&quot;TIME_FORMAT&quot; agencyID=&quot;ABS&quot;&gt;&lt;Name xml:lang=&quot;en&quot;&gt;Time Format&lt;/Name&gt;&lt;/Concept&gt;&lt;Concept id=&quot;OBS_STATUS&quot; agencyID=&quot;ABS&quot;&gt;&lt;Name xml:lang=&quot;en&quot;&gt;Observation Status&lt;/Name&gt;&lt;/Concept&gt;&lt;/message:Concepts&gt;&lt;message:KeyFamilies&gt;&lt;KeyFamily id=&quot;ABS_ACLD_LFSTATUS&quot; agencyID=&quot;ABS&quot;&gt;&lt;Name xml:lang=&quot;en&quot;&gt;Australian Census Longitudinal Dataset (ACLD): Labour force status, 2006-2011&lt;/Name&gt;&lt;Name xml:lang=&quot;fr&quot;&gt;Australian Census Longitudinal Dataset (ACLD): Labour force status, 2006-2011&lt;/Name&gt;&lt;Components&gt;&lt;Dimension codelist=&quot;CL_ABS_ACLD_LFSTATUS_SEX_ABS&quot; conceptRef=&quot;SEX_ABS&quot; /&gt;&lt;Dimension codelist=&quot;CL_ABS_ACLD_LFSTATUS_AGE&quot; conceptRef=&quot;AGE&quot; /&gt;&lt;Dimension codelist=&quot;CL_ABS_ACLD_LFSTATUS_ASGS_2011&quot; conceptRef=&quot;ASGS_2011&quot; /&gt;&lt;Dim
SELECT * FROM pg_catalog.pg_tables WHERE schemaname != &apos;pg_catalog&apos; AND schemaname != &apos;information_schema&apos; and schemaname like &apos;flow_ABS_ACLD_LFSTATUS&apos;;
Create Dataflow ABS_ACLD_LFSTATUS
create table if not exists &quot;flow_ABS_ACLD_LFSTATUS&quot; (&quot;SEX_ABS&quot; varchar(300),&quot;AGE&quot; varchar(300),&quot;ASGS_2011&quot; varchar(300),&quot;LF_2006&quot; varchar(300),&quot;LF_2011&quot; varchar(300),&quot;OBS_STATUS&quot; varchar(300),&quot;TIME_FORMAT&quot; varchar(300),&quot;OBS_VALUE&quot; double precision);
</system-out>
    <system-err>Mar. 19, 2020 9:22:58 PM org.apache.commons.dbcp2.PoolingDataSource &lt;init&gt;
WARNING: PoolableConnectionFactory not linked to pool. Calling setPool() to fix the configuration.
</system-err>
  </testcase>
</testsuite>